[2023-03-28T02:25:33.422+0000] {processor.py:153} INFO - Started process (PID=60) to work on /home/airflow/.local/lib/python3.7/site-packages/airflow/example_dags/example_short_circuit_operator.py
[2023-03-28T02:25:33.425+0000] {processor.py:743} INFO - Processing file /home/airflow/.local/lib/python3.7/site-packages/airflow/example_dags/example_short_circuit_operator.py for tasks to queue
[2023-03-28T02:25:33.427+0000] {logging_mixin.py:137} INFO - [2023-03-28T02:25:33.427+0000] {dagbag.py:532} INFO - Filling up the DagBag from /home/airflow/.local/lib/python3.7/site-packages/airflow/example_dags/example_short_circuit_operator.py
[2023-03-28T02:25:33.489+0000] {processor.py:753} INFO - DAG(s) dict_keys(['example_short_circuit_operator']) retrieved from /home/airflow/.local/lib/python3.7/site-packages/airflow/example_dags/example_short_circuit_operator.py
[2023-03-28T02:25:33.504+0000] {logging_mixin.py:137} INFO - [2023-03-28T02:25:33.504+0000] {dag.py:2693} INFO - Sync 1 DAGs
[2023-03-28T02:25:33.575+0000] {logging_mixin.py:137} INFO - [2023-03-28T02:25:33.574+0000] {dag.py:3444} INFO - Setting next_dagrun for example_short_circuit_operator to 2023-03-27T02:25:33.574655+00:00, run_after=2023-03-28T02:25:33.574655+00:00
[2023-03-28T02:25:33.637+0000] {processor.py:175} INFO - Processing /home/airflow/.local/lib/python3.7/site-packages/airflow/example_dags/example_short_circuit_operator.py took 0.237 seconds
[2023-03-28T02:26:04.365+0000] {processor.py:153} INFO - Started process (PID=109) to work on /home/airflow/.local/lib/python3.7/site-packages/airflow/example_dags/example_short_circuit_operator.py
[2023-03-28T02:26:04.367+0000] {processor.py:743} INFO - Processing file /home/airflow/.local/lib/python3.7/site-packages/airflow/example_dags/example_short_circuit_operator.py for tasks to queue
[2023-03-28T02:26:04.368+0000] {logging_mixin.py:137} INFO - [2023-03-28T02:26:04.368+0000] {dagbag.py:532} INFO - Filling up the DagBag from /home/airflow/.local/lib/python3.7/site-packages/airflow/example_dags/example_short_circuit_operator.py
[2023-03-28T02:26:04.384+0000] {processor.py:753} INFO - DAG(s) dict_keys(['example_short_circuit_operator']) retrieved from /home/airflow/.local/lib/python3.7/site-packages/airflow/example_dags/example_short_circuit_operator.py
[2023-03-28T02:26:04.403+0000] {logging_mixin.py:137} INFO - [2023-03-28T02:26:04.403+0000] {dag.py:2693} INFO - Sync 1 DAGs
[2023-03-28T02:26:04.420+0000] {logging_mixin.py:137} INFO - [2023-03-28T02:26:04.420+0000] {dag.py:3444} INFO - Setting next_dagrun for example_short_circuit_operator to 2023-03-27T02:26:04.419949+00:00, run_after=2023-03-28T02:26:04.419949+00:00
[2023-03-28T02:26:04.432+0000] {processor.py:175} INFO - Processing /home/airflow/.local/lib/python3.7/site-packages/airflow/example_dags/example_short_circuit_operator.py took 0.069 seconds
[2023-03-28T02:26:34.949+0000] {processor.py:153} INFO - Started process (PID=158) to work on /home/airflow/.local/lib/python3.7/site-packages/airflow/example_dags/example_short_circuit_operator.py
[2023-03-28T02:26:34.951+0000] {processor.py:743} INFO - Processing file /home/airflow/.local/lib/python3.7/site-packages/airflow/example_dags/example_short_circuit_operator.py for tasks to queue
[2023-03-28T02:26:34.953+0000] {logging_mixin.py:137} INFO - [2023-03-28T02:26:34.953+0000] {dagbag.py:532} INFO - Filling up the DagBag from /home/airflow/.local/lib/python3.7/site-packages/airflow/example_dags/example_short_circuit_operator.py
[2023-03-28T02:26:34.964+0000] {processor.py:753} INFO - DAG(s) dict_keys(['example_short_circuit_operator']) retrieved from /home/airflow/.local/lib/python3.7/site-packages/airflow/example_dags/example_short_circuit_operator.py
[2023-03-28T02:26:34.987+0000] {logging_mixin.py:137} INFO - [2023-03-28T02:26:34.987+0000] {dag.py:2693} INFO - Sync 1 DAGs
[2023-03-28T02:26:35.010+0000] {logging_mixin.py:137} INFO - [2023-03-28T02:26:35.010+0000] {dag.py:3444} INFO - Setting next_dagrun for example_short_circuit_operator to 2023-03-27T02:26:35.009727+00:00, run_after=2023-03-28T02:26:35.009727+00:00
[2023-03-28T02:26:35.023+0000] {processor.py:175} INFO - Processing /home/airflow/.local/lib/python3.7/site-packages/airflow/example_dags/example_short_circuit_operator.py took 0.076 seconds
[2023-03-28T02:27:06.001+0000] {processor.py:153} INFO - Started process (PID=207) to work on /home/airflow/.local/lib/python3.7/site-packages/airflow/example_dags/example_short_circuit_operator.py
[2023-03-28T02:27:06.003+0000] {processor.py:743} INFO - Processing file /home/airflow/.local/lib/python3.7/site-packages/airflow/example_dags/example_short_circuit_operator.py for tasks to queue
[2023-03-28T02:27:06.004+0000] {logging_mixin.py:137} INFO - [2023-03-28T02:27:06.004+0000] {dagbag.py:532} INFO - Filling up the DagBag from /home/airflow/.local/lib/python3.7/site-packages/airflow/example_dags/example_short_circuit_operator.py
[2023-03-28T02:27:06.018+0000] {processor.py:753} INFO - DAG(s) dict_keys(['example_short_circuit_operator']) retrieved from /home/airflow/.local/lib/python3.7/site-packages/airflow/example_dags/example_short_circuit_operator.py
[2023-03-28T02:27:06.041+0000] {logging_mixin.py:137} INFO - [2023-03-28T02:27:06.041+0000] {dag.py:2693} INFO - Sync 1 DAGs
[2023-03-28T02:27:06.062+0000] {logging_mixin.py:137} INFO - [2023-03-28T02:27:06.062+0000] {dag.py:3444} INFO - Setting next_dagrun for example_short_circuit_operator to 2023-03-27T02:27:06.062457+00:00, run_after=2023-03-28T02:27:06.062457+00:00
[2023-03-28T02:27:06.076+0000] {processor.py:175} INFO - Processing /home/airflow/.local/lib/python3.7/site-packages/airflow/example_dags/example_short_circuit_operator.py took 0.078 seconds
[2023-03-28T02:27:36.604+0000] {processor.py:153} INFO - Started process (PID=256) to work on /home/airflow/.local/lib/python3.7/site-packages/airflow/example_dags/example_short_circuit_operator.py
[2023-03-28T02:27:36.606+0000] {processor.py:743} INFO - Processing file /home/airflow/.local/lib/python3.7/site-packages/airflow/example_dags/example_short_circuit_operator.py for tasks to queue
[2023-03-28T02:27:36.607+0000] {logging_mixin.py:137} INFO - [2023-03-28T02:27:36.607+0000] {dagbag.py:532} INFO - Filling up the DagBag from /home/airflow/.local/lib/python3.7/site-packages/airflow/example_dags/example_short_circuit_operator.py
[2023-03-28T02:27:36.623+0000] {processor.py:753} INFO - DAG(s) dict_keys(['example_short_circuit_operator']) retrieved from /home/airflow/.local/lib/python3.7/site-packages/airflow/example_dags/example_short_circuit_operator.py
[2023-03-28T02:27:36.643+0000] {logging_mixin.py:137} INFO - [2023-03-28T02:27:36.643+0000] {dag.py:2693} INFO - Sync 1 DAGs
[2023-03-28T02:27:36.665+0000] {logging_mixin.py:137} INFO - [2023-03-28T02:27:36.665+0000] {dag.py:3444} INFO - Setting next_dagrun for example_short_circuit_operator to 2023-03-27T02:27:36.665173+00:00, run_after=2023-03-28T02:27:36.665173+00:00
[2023-03-28T02:27:36.677+0000] {processor.py:175} INFO - Processing /home/airflow/.local/lib/python3.7/site-packages/airflow/example_dags/example_short_circuit_operator.py took 0.076 seconds
[2023-03-28T02:28:07.255+0000] {processor.py:153} INFO - Started process (PID=305) to work on /home/airflow/.local/lib/python3.7/site-packages/airflow/example_dags/example_short_circuit_operator.py
[2023-03-28T02:28:07.257+0000] {processor.py:743} INFO - Processing file /home/airflow/.local/lib/python3.7/site-packages/airflow/example_dags/example_short_circuit_operator.py for tasks to queue
[2023-03-28T02:28:07.258+0000] {logging_mixin.py:137} INFO - [2023-03-28T02:28:07.258+0000] {dagbag.py:532} INFO - Filling up the DagBag from /home/airflow/.local/lib/python3.7/site-packages/airflow/example_dags/example_short_circuit_operator.py
[2023-03-28T02:28:07.273+0000] {processor.py:753} INFO - DAG(s) dict_keys(['example_short_circuit_operator']) retrieved from /home/airflow/.local/lib/python3.7/site-packages/airflow/example_dags/example_short_circuit_operator.py
[2023-03-28T02:28:07.294+0000] {logging_mixin.py:137} INFO - [2023-03-28T02:28:07.293+0000] {dag.py:2693} INFO - Sync 1 DAGs
[2023-03-28T02:28:07.313+0000] {logging_mixin.py:137} INFO - [2023-03-28T02:28:07.313+0000] {dag.py:3444} INFO - Setting next_dagrun for example_short_circuit_operator to 2023-03-27T02:28:07.313074+00:00, run_after=2023-03-28T02:28:07.313074+00:00
[2023-03-28T02:28:07.331+0000] {processor.py:175} INFO - Processing /home/airflow/.local/lib/python3.7/site-packages/airflow/example_dags/example_short_circuit_operator.py took 0.081 seconds
[2023-03-28T02:28:37.919+0000] {processor.py:153} INFO - Started process (PID=354) to work on /home/airflow/.local/lib/python3.7/site-packages/airflow/example_dags/example_short_circuit_operator.py
[2023-03-28T02:28:37.920+0000] {processor.py:743} INFO - Processing file /home/airflow/.local/lib/python3.7/site-packages/airflow/example_dags/example_short_circuit_operator.py for tasks to queue
[2023-03-28T02:28:37.922+0000] {logging_mixin.py:137} INFO - [2023-03-28T02:28:37.921+0000] {dagbag.py:532} INFO - Filling up the DagBag from /home/airflow/.local/lib/python3.7/site-packages/airflow/example_dags/example_short_circuit_operator.py
[2023-03-28T02:28:37.934+0000] {processor.py:753} INFO - DAG(s) dict_keys(['example_short_circuit_operator']) retrieved from /home/airflow/.local/lib/python3.7/site-packages/airflow/example_dags/example_short_circuit_operator.py
[2023-03-28T02:28:37.962+0000] {logging_mixin.py:137} INFO - [2023-03-28T02:28:37.962+0000] {dag.py:2693} INFO - Sync 1 DAGs
[2023-03-28T02:28:37.982+0000] {logging_mixin.py:137} INFO - [2023-03-28T02:28:37.982+0000] {dag.py:3444} INFO - Setting next_dagrun for example_short_circuit_operator to 2023-03-27T02:28:37.981849+00:00, run_after=2023-03-28T02:28:37.981849+00:00
[2023-03-28T02:28:37.995+0000] {processor.py:175} INFO - Processing /home/airflow/.local/lib/python3.7/site-packages/airflow/example_dags/example_short_circuit_operator.py took 0.079 seconds
[2023-03-28T02:29:08.671+0000] {processor.py:153} INFO - Started process (PID=403) to work on /home/airflow/.local/lib/python3.7/site-packages/airflow/example_dags/example_short_circuit_operator.py
[2023-03-28T02:29:08.672+0000] {processor.py:743} INFO - Processing file /home/airflow/.local/lib/python3.7/site-packages/airflow/example_dags/example_short_circuit_operator.py for tasks to queue
[2023-03-28T02:29:08.674+0000] {logging_mixin.py:137} INFO - [2023-03-28T02:29:08.674+0000] {dagbag.py:532} INFO - Filling up the DagBag from /home/airflow/.local/lib/python3.7/site-packages/airflow/example_dags/example_short_circuit_operator.py
[2023-03-28T02:29:08.686+0000] {processor.py:753} INFO - DAG(s) dict_keys(['example_short_circuit_operator']) retrieved from /home/airflow/.local/lib/python3.7/site-packages/airflow/example_dags/example_short_circuit_operator.py
[2023-03-28T02:29:08.707+0000] {logging_mixin.py:137} INFO - [2023-03-28T02:29:08.707+0000] {dag.py:2693} INFO - Sync 1 DAGs
[2023-03-28T02:29:08.726+0000] {logging_mixin.py:137} INFO - [2023-03-28T02:29:08.726+0000] {dag.py:3444} INFO - Setting next_dagrun for example_short_circuit_operator to 2023-03-27T02:29:08.726076+00:00, run_after=2023-03-28T02:29:08.726076+00:00
[2023-03-28T02:29:08.741+0000] {processor.py:175} INFO - Processing /home/airflow/.local/lib/python3.7/site-packages/airflow/example_dags/example_short_circuit_operator.py took 0.073 seconds
[2023-03-28T02:29:39.265+0000] {processor.py:153} INFO - Started process (PID=452) to work on /home/airflow/.local/lib/python3.7/site-packages/airflow/example_dags/example_short_circuit_operator.py
[2023-03-28T02:29:39.267+0000] {processor.py:743} INFO - Processing file /home/airflow/.local/lib/python3.7/site-packages/airflow/example_dags/example_short_circuit_operator.py for tasks to queue
[2023-03-28T02:29:39.268+0000] {logging_mixin.py:137} INFO - [2023-03-28T02:29:39.268+0000] {dagbag.py:532} INFO - Filling up the DagBag from /home/airflow/.local/lib/python3.7/site-packages/airflow/example_dags/example_short_circuit_operator.py
[2023-03-28T02:29:39.283+0000] {processor.py:753} INFO - DAG(s) dict_keys(['example_short_circuit_operator']) retrieved from /home/airflow/.local/lib/python3.7/site-packages/airflow/example_dags/example_short_circuit_operator.py
[2023-03-28T02:29:39.305+0000] {logging_mixin.py:137} INFO - [2023-03-28T02:29:39.305+0000] {dag.py:2693} INFO - Sync 1 DAGs
[2023-03-28T02:29:39.327+0000] {logging_mixin.py:137} INFO - [2023-03-28T02:29:39.327+0000] {dag.py:3444} INFO - Setting next_dagrun for example_short_circuit_operator to 2023-03-27T02:29:39.327110+00:00, run_after=2023-03-28T02:29:39.327110+00:00
[2023-03-28T02:29:39.339+0000] {processor.py:175} INFO - Processing /home/airflow/.local/lib/python3.7/site-packages/airflow/example_dags/example_short_circuit_operator.py took 0.077 seconds
[2023-03-28T02:30:10.044+0000] {processor.py:153} INFO - Started process (PID=501) to work on /home/airflow/.local/lib/python3.7/site-packages/airflow/example_dags/example_short_circuit_operator.py
[2023-03-28T02:30:10.046+0000] {processor.py:743} INFO - Processing file /home/airflow/.local/lib/python3.7/site-packages/airflow/example_dags/example_short_circuit_operator.py for tasks to queue
[2023-03-28T02:30:10.047+0000] {logging_mixin.py:137} INFO - [2023-03-28T02:30:10.047+0000] {dagbag.py:532} INFO - Filling up the DagBag from /home/airflow/.local/lib/python3.7/site-packages/airflow/example_dags/example_short_circuit_operator.py
[2023-03-28T02:30:10.058+0000] {processor.py:753} INFO - DAG(s) dict_keys(['example_short_circuit_operator']) retrieved from /home/airflow/.local/lib/python3.7/site-packages/airflow/example_dags/example_short_circuit_operator.py
[2023-03-28T02:30:10.076+0000] {logging_mixin.py:137} INFO - [2023-03-28T02:30:10.076+0000] {dag.py:2693} INFO - Sync 1 DAGs
[2023-03-28T02:30:10.095+0000] {logging_mixin.py:137} INFO - [2023-03-28T02:30:10.095+0000] {dag.py:3444} INFO - Setting next_dagrun for example_short_circuit_operator to 2023-03-27T02:30:10.095497+00:00, run_after=2023-03-28T02:30:10.095497+00:00
[2023-03-28T02:30:10.109+0000] {processor.py:175} INFO - Processing /home/airflow/.local/lib/python3.7/site-packages/airflow/example_dags/example_short_circuit_operator.py took 0.067 seconds
[2023-03-28T02:30:40.654+0000] {processor.py:153} INFO - Started process (PID=550) to work on /home/airflow/.local/lib/python3.7/site-packages/airflow/example_dags/example_short_circuit_operator.py
[2023-03-28T02:30:40.655+0000] {processor.py:743} INFO - Processing file /home/airflow/.local/lib/python3.7/site-packages/airflow/example_dags/example_short_circuit_operator.py for tasks to queue
[2023-03-28T02:30:40.656+0000] {logging_mixin.py:137} INFO - [2023-03-28T02:30:40.656+0000] {dagbag.py:532} INFO - Filling up the DagBag from /home/airflow/.local/lib/python3.7/site-packages/airflow/example_dags/example_short_circuit_operator.py
[2023-03-28T02:30:40.667+0000] {processor.py:753} INFO - DAG(s) dict_keys(['example_short_circuit_operator']) retrieved from /home/airflow/.local/lib/python3.7/site-packages/airflow/example_dags/example_short_circuit_operator.py
[2023-03-28T02:30:40.688+0000] {logging_mixin.py:137} INFO - [2023-03-28T02:30:40.688+0000] {dag.py:2693} INFO - Sync 1 DAGs
[2023-03-28T02:30:40.708+0000] {logging_mixin.py:137} INFO - [2023-03-28T02:30:40.708+0000] {dag.py:3444} INFO - Setting next_dagrun for example_short_circuit_operator to 2023-03-27T02:30:40.708540+00:00, run_after=2023-03-28T02:30:40.708540+00:00
[2023-03-28T02:30:40.719+0000] {processor.py:175} INFO - Processing /home/airflow/.local/lib/python3.7/site-packages/airflow/example_dags/example_short_circuit_operator.py took 0.068 seconds
[2023-03-28T02:31:11.444+0000] {processor.py:153} INFO - Started process (PID=599) to work on /home/airflow/.local/lib/python3.7/site-packages/airflow/example_dags/example_short_circuit_operator.py
[2023-03-28T02:31:11.448+0000] {processor.py:743} INFO - Processing file /home/airflow/.local/lib/python3.7/site-packages/airflow/example_dags/example_short_circuit_operator.py for tasks to queue
[2023-03-28T02:31:11.449+0000] {logging_mixin.py:137} INFO - [2023-03-28T02:31:11.449+0000] {dagbag.py:532} INFO - Filling up the DagBag from /home/airflow/.local/lib/python3.7/site-packages/airflow/example_dags/example_short_circuit_operator.py
[2023-03-28T02:31:11.472+0000] {processor.py:753} INFO - DAG(s) dict_keys(['example_short_circuit_operator']) retrieved from /home/airflow/.local/lib/python3.7/site-packages/airflow/example_dags/example_short_circuit_operator.py
[2023-03-28T02:31:11.507+0000] {logging_mixin.py:137} INFO - [2023-03-28T02:31:11.507+0000] {dag.py:2693} INFO - Sync 1 DAGs
[2023-03-28T02:31:11.540+0000] {logging_mixin.py:137} INFO - [2023-03-28T02:31:11.539+0000] {dag.py:3444} INFO - Setting next_dagrun for example_short_circuit_operator to 2023-03-27T02:31:11.539741+00:00, run_after=2023-03-28T02:31:11.539741+00:00
[2023-03-28T02:31:11.553+0000] {processor.py:175} INFO - Processing /home/airflow/.local/lib/python3.7/site-packages/airflow/example_dags/example_short_circuit_operator.py took 0.113 seconds
[2023-03-28T02:31:42.212+0000] {processor.py:153} INFO - Started process (PID=649) to work on /home/airflow/.local/lib/python3.7/site-packages/airflow/example_dags/example_short_circuit_operator.py
[2023-03-28T02:31:42.215+0000] {processor.py:743} INFO - Processing file /home/airflow/.local/lib/python3.7/site-packages/airflow/example_dags/example_short_circuit_operator.py for tasks to queue
[2023-03-28T02:31:42.216+0000] {logging_mixin.py:137} INFO - [2023-03-28T02:31:42.216+0000] {dagbag.py:532} INFO - Filling up the DagBag from /home/airflow/.local/lib/python3.7/site-packages/airflow/example_dags/example_short_circuit_operator.py
[2023-03-28T02:31:42.231+0000] {processor.py:753} INFO - DAG(s) dict_keys(['example_short_circuit_operator']) retrieved from /home/airflow/.local/lib/python3.7/site-packages/airflow/example_dags/example_short_circuit_operator.py
[2023-03-28T02:31:42.263+0000] {logging_mixin.py:137} INFO - [2023-03-28T02:31:42.263+0000] {dag.py:2693} INFO - Sync 1 DAGs
[2023-03-28T02:31:42.298+0000] {logging_mixin.py:137} INFO - [2023-03-28T02:31:42.298+0000] {dag.py:3444} INFO - Setting next_dagrun for example_short_circuit_operator to 2023-03-27T02:31:42.297786+00:00, run_after=2023-03-28T02:31:42.297786+00:00
[2023-03-28T02:31:42.318+0000] {processor.py:175} INFO - Processing /home/airflow/.local/lib/python3.7/site-packages/airflow/example_dags/example_short_circuit_operator.py took 0.110 seconds
[2023-03-28T02:32:12.941+0000] {processor.py:153} INFO - Started process (PID=698) to work on /home/airflow/.local/lib/python3.7/site-packages/airflow/example_dags/example_short_circuit_operator.py
[2023-03-28T02:32:12.943+0000] {processor.py:743} INFO - Processing file /home/airflow/.local/lib/python3.7/site-packages/airflow/example_dags/example_short_circuit_operator.py for tasks to queue
[2023-03-28T02:32:12.945+0000] {logging_mixin.py:137} INFO - [2023-03-28T02:32:12.945+0000] {dagbag.py:532} INFO - Filling up the DagBag from /home/airflow/.local/lib/python3.7/site-packages/airflow/example_dags/example_short_circuit_operator.py
[2023-03-28T02:32:12.963+0000] {processor.py:753} INFO - DAG(s) dict_keys(['example_short_circuit_operator']) retrieved from /home/airflow/.local/lib/python3.7/site-packages/airflow/example_dags/example_short_circuit_operator.py
[2023-03-28T02:32:12.984+0000] {logging_mixin.py:137} INFO - [2023-03-28T02:32:12.984+0000] {dag.py:2693} INFO - Sync 1 DAGs
[2023-03-28T02:32:13.009+0000] {logging_mixin.py:137} INFO - [2023-03-28T02:32:13.009+0000] {dag.py:3444} INFO - Setting next_dagrun for example_short_circuit_operator to 2023-03-27T02:32:13.009353+00:00, run_after=2023-03-28T02:32:13.009353+00:00
[2023-03-28T02:32:13.037+0000] {processor.py:175} INFO - Processing /home/airflow/.local/lib/python3.7/site-packages/airflow/example_dags/example_short_circuit_operator.py took 0.100 seconds
[2023-03-28T02:32:43.645+0000] {processor.py:153} INFO - Started process (PID=747) to work on /home/airflow/.local/lib/python3.7/site-packages/airflow/example_dags/example_short_circuit_operator.py
[2023-03-28T02:32:43.647+0000] {processor.py:743} INFO - Processing file /home/airflow/.local/lib/python3.7/site-packages/airflow/example_dags/example_short_circuit_operator.py for tasks to queue
[2023-03-28T02:32:43.648+0000] {logging_mixin.py:137} INFO - [2023-03-28T02:32:43.648+0000] {dagbag.py:532} INFO - Filling up the DagBag from /home/airflow/.local/lib/python3.7/site-packages/airflow/example_dags/example_short_circuit_operator.py
[2023-03-28T02:32:43.660+0000] {processor.py:753} INFO - DAG(s) dict_keys(['example_short_circuit_operator']) retrieved from /home/airflow/.local/lib/python3.7/site-packages/airflow/example_dags/example_short_circuit_operator.py
[2023-03-28T02:32:43.681+0000] {logging_mixin.py:137} INFO - [2023-03-28T02:32:43.681+0000] {dag.py:2693} INFO - Sync 1 DAGs
[2023-03-28T02:32:43.701+0000] {logging_mixin.py:137} INFO - [2023-03-28T02:32:43.701+0000] {dag.py:3444} INFO - Setting next_dagrun for example_short_circuit_operator to 2023-03-27T02:32:43.700893+00:00, run_after=2023-03-28T02:32:43.700893+00:00
[2023-03-28T02:32:43.714+0000] {processor.py:175} INFO - Processing /home/airflow/.local/lib/python3.7/site-packages/airflow/example_dags/example_short_circuit_operator.py took 0.071 seconds
[2023-03-28T02:33:14.561+0000] {processor.py:153} INFO - Started process (PID=796) to work on /home/airflow/.local/lib/python3.7/site-packages/airflow/example_dags/example_short_circuit_operator.py
[2023-03-28T02:33:14.563+0000] {processor.py:743} INFO - Processing file /home/airflow/.local/lib/python3.7/site-packages/airflow/example_dags/example_short_circuit_operator.py for tasks to queue
[2023-03-28T02:33:14.564+0000] {logging_mixin.py:137} INFO - [2023-03-28T02:33:14.564+0000] {dagbag.py:532} INFO - Filling up the DagBag from /home/airflow/.local/lib/python3.7/site-packages/airflow/example_dags/example_short_circuit_operator.py
[2023-03-28T02:33:14.576+0000] {processor.py:753} INFO - DAG(s) dict_keys(['example_short_circuit_operator']) retrieved from /home/airflow/.local/lib/python3.7/site-packages/airflow/example_dags/example_short_circuit_operator.py
[2023-03-28T02:33:14.596+0000] {logging_mixin.py:137} INFO - [2023-03-28T02:33:14.596+0000] {dag.py:2693} INFO - Sync 1 DAGs
[2023-03-28T02:33:14.617+0000] {logging_mixin.py:137} INFO - [2023-03-28T02:33:14.617+0000] {dag.py:3444} INFO - Setting next_dagrun for example_short_circuit_operator to 2023-03-27T02:33:14.617065+00:00, run_after=2023-03-28T02:33:14.617065+00:00
[2023-03-28T02:33:14.630+0000] {processor.py:175} INFO - Processing /home/airflow/.local/lib/python3.7/site-packages/airflow/example_dags/example_short_circuit_operator.py took 0.071 seconds
[2023-03-28T02:33:45.235+0000] {processor.py:153} INFO - Started process (PID=845) to work on /home/airflow/.local/lib/python3.7/site-packages/airflow/example_dags/example_short_circuit_operator.py
[2023-03-28T02:33:45.238+0000] {processor.py:743} INFO - Processing file /home/airflow/.local/lib/python3.7/site-packages/airflow/example_dags/example_short_circuit_operator.py for tasks to queue
[2023-03-28T02:33:45.239+0000] {logging_mixin.py:137} INFO - [2023-03-28T02:33:45.239+0000] {dagbag.py:532} INFO - Filling up the DagBag from /home/airflow/.local/lib/python3.7/site-packages/airflow/example_dags/example_short_circuit_operator.py
[2023-03-28T02:33:45.256+0000] {processor.py:753} INFO - DAG(s) dict_keys(['example_short_circuit_operator']) retrieved from /home/airflow/.local/lib/python3.7/site-packages/airflow/example_dags/example_short_circuit_operator.py
[2023-03-28T02:33:45.277+0000] {logging_mixin.py:137} INFO - [2023-03-28T02:33:45.277+0000] {dag.py:2693} INFO - Sync 1 DAGs
[2023-03-28T02:33:45.297+0000] {logging_mixin.py:137} INFO - [2023-03-28T02:33:45.297+0000] {dag.py:3444} INFO - Setting next_dagrun for example_short_circuit_operator to 2023-03-27T02:33:45.297405+00:00, run_after=2023-03-28T02:33:45.297405+00:00
[2023-03-28T02:33:45.309+0000] {processor.py:175} INFO - Processing /home/airflow/.local/lib/python3.7/site-packages/airflow/example_dags/example_short_circuit_operator.py took 0.079 seconds
[2023-03-28T02:34:15.699+0000] {processor.py:153} INFO - Started process (PID=894) to work on /home/airflow/.local/lib/python3.7/site-packages/airflow/example_dags/example_short_circuit_operator.py
[2023-03-28T02:34:15.700+0000] {processor.py:743} INFO - Processing file /home/airflow/.local/lib/python3.7/site-packages/airflow/example_dags/example_short_circuit_operator.py for tasks to queue
[2023-03-28T02:34:15.702+0000] {logging_mixin.py:137} INFO - [2023-03-28T02:34:15.702+0000] {dagbag.py:532} INFO - Filling up the DagBag from /home/airflow/.local/lib/python3.7/site-packages/airflow/example_dags/example_short_circuit_operator.py
[2023-03-28T02:34:15.714+0000] {processor.py:753} INFO - DAG(s) dict_keys(['example_short_circuit_operator']) retrieved from /home/airflow/.local/lib/python3.7/site-packages/airflow/example_dags/example_short_circuit_operator.py
[2023-03-28T02:34:15.737+0000] {logging_mixin.py:137} INFO - [2023-03-28T02:34:15.736+0000] {dag.py:2693} INFO - Sync 1 DAGs
[2023-03-28T02:34:15.758+0000] {logging_mixin.py:137} INFO - [2023-03-28T02:34:15.758+0000] {dag.py:3444} INFO - Setting next_dagrun for example_short_circuit_operator to 2023-03-27T02:34:15.757901+00:00, run_after=2023-03-28T02:34:15.757901+00:00
[2023-03-28T02:34:15.769+0000] {processor.py:175} INFO - Processing /home/airflow/.local/lib/python3.7/site-packages/airflow/example_dags/example_short_circuit_operator.py took 0.073 seconds
[2023-03-28T02:34:46.070+0000] {processor.py:153} INFO - Started process (PID=943) to work on /home/airflow/.local/lib/python3.7/site-packages/airflow/example_dags/example_short_circuit_operator.py
[2023-03-28T02:34:46.071+0000] {processor.py:743} INFO - Processing file /home/airflow/.local/lib/python3.7/site-packages/airflow/example_dags/example_short_circuit_operator.py for tasks to queue
[2023-03-28T02:34:46.073+0000] {logging_mixin.py:137} INFO - [2023-03-28T02:34:46.072+0000] {dagbag.py:532} INFO - Filling up the DagBag from /home/airflow/.local/lib/python3.7/site-packages/airflow/example_dags/example_short_circuit_operator.py
[2023-03-28T02:34:46.082+0000] {processor.py:753} INFO - DAG(s) dict_keys(['example_short_circuit_operator']) retrieved from /home/airflow/.local/lib/python3.7/site-packages/airflow/example_dags/example_short_circuit_operator.py
[2023-03-28T02:34:46.101+0000] {logging_mixin.py:137} INFO - [2023-03-28T02:34:46.101+0000] {dag.py:2693} INFO - Sync 1 DAGs
[2023-03-28T02:34:46.119+0000] {logging_mixin.py:137} INFO - [2023-03-28T02:34:46.119+0000] {dag.py:3444} INFO - Setting next_dagrun for example_short_circuit_operator to 2023-03-27T02:34:46.119023+00:00, run_after=2023-03-28T02:34:46.119023+00:00
[2023-03-28T02:34:46.131+0000] {processor.py:175} INFO - Processing /home/airflow/.local/lib/python3.7/site-packages/airflow/example_dags/example_short_circuit_operator.py took 0.064 seconds
[2023-03-28T02:35:16.780+0000] {processor.py:153} INFO - Started process (PID=992) to work on /home/airflow/.local/lib/python3.7/site-packages/airflow/example_dags/example_short_circuit_operator.py
[2023-03-28T02:35:16.782+0000] {processor.py:743} INFO - Processing file /home/airflow/.local/lib/python3.7/site-packages/airflow/example_dags/example_short_circuit_operator.py for tasks to queue
[2023-03-28T02:35:16.783+0000] {logging_mixin.py:137} INFO - [2023-03-28T02:35:16.783+0000] {dagbag.py:532} INFO - Filling up the DagBag from /home/airflow/.local/lib/python3.7/site-packages/airflow/example_dags/example_short_circuit_operator.py
[2023-03-28T02:35:16.794+0000] {processor.py:753} INFO - DAG(s) dict_keys(['example_short_circuit_operator']) retrieved from /home/airflow/.local/lib/python3.7/site-packages/airflow/example_dags/example_short_circuit_operator.py
[2023-03-28T02:35:16.815+0000] {logging_mixin.py:137} INFO - [2023-03-28T02:35:16.815+0000] {dag.py:2693} INFO - Sync 1 DAGs
[2023-03-28T02:35:16.833+0000] {logging_mixin.py:137} INFO - [2023-03-28T02:35:16.833+0000] {dag.py:3444} INFO - Setting next_dagrun for example_short_circuit_operator to 2023-03-27T02:35:16.833470+00:00, run_after=2023-03-28T02:35:16.833470+00:00
[2023-03-28T02:35:16.846+0000] {processor.py:175} INFO - Processing /home/airflow/.local/lib/python3.7/site-packages/airflow/example_dags/example_short_circuit_operator.py took 0.068 seconds
[2023-03-28T02:35:47.211+0000] {processor.py:153} INFO - Started process (PID=1043) to work on /home/airflow/.local/lib/python3.7/site-packages/airflow/example_dags/example_short_circuit_operator.py
[2023-03-28T02:35:47.213+0000] {processor.py:743} INFO - Processing file /home/airflow/.local/lib/python3.7/site-packages/airflow/example_dags/example_short_circuit_operator.py for tasks to queue
[2023-03-28T02:35:47.214+0000] {logging_mixin.py:137} INFO - [2023-03-28T02:35:47.214+0000] {dagbag.py:532} INFO - Filling up the DagBag from /home/airflow/.local/lib/python3.7/site-packages/airflow/example_dags/example_short_circuit_operator.py
[2023-03-28T02:35:47.226+0000] {processor.py:753} INFO - DAG(s) dict_keys(['example_short_circuit_operator']) retrieved from /home/airflow/.local/lib/python3.7/site-packages/airflow/example_dags/example_short_circuit_operator.py
[2023-03-28T02:35:47.245+0000] {logging_mixin.py:137} INFO - [2023-03-28T02:35:47.245+0000] {dag.py:2693} INFO - Sync 1 DAGs
[2023-03-28T02:35:47.263+0000] {logging_mixin.py:137} INFO - [2023-03-28T02:35:47.263+0000] {dag.py:3444} INFO - Setting next_dagrun for example_short_circuit_operator to 2023-03-27T02:35:47.262797+00:00, run_after=2023-03-28T02:35:47.262797+00:00
[2023-03-28T02:35:47.284+0000] {processor.py:175} INFO - Processing /home/airflow/.local/lib/python3.7/site-packages/airflow/example_dags/example_short_circuit_operator.py took 0.075 seconds
[2023-03-28T02:36:17.533+0000] {processor.py:153} INFO - Started process (PID=1093) to work on /home/airflow/.local/lib/python3.7/site-packages/airflow/example_dags/example_short_circuit_operator.py
[2023-03-28T02:36:17.534+0000] {processor.py:743} INFO - Processing file /home/airflow/.local/lib/python3.7/site-packages/airflow/example_dags/example_short_circuit_operator.py for tasks to queue
[2023-03-28T02:36:17.536+0000] {logging_mixin.py:137} INFO - [2023-03-28T02:36:17.536+0000] {dagbag.py:532} INFO - Filling up the DagBag from /home/airflow/.local/lib/python3.7/site-packages/airflow/example_dags/example_short_circuit_operator.py
[2023-03-28T02:36:17.546+0000] {processor.py:753} INFO - DAG(s) dict_keys(['example_short_circuit_operator']) retrieved from /home/airflow/.local/lib/python3.7/site-packages/airflow/example_dags/example_short_circuit_operator.py
[2023-03-28T02:36:17.564+0000] {logging_mixin.py:137} INFO - [2023-03-28T02:36:17.564+0000] {dag.py:2693} INFO - Sync 1 DAGs
[2023-03-28T02:36:17.581+0000] {logging_mixin.py:137} INFO - [2023-03-28T02:36:17.581+0000] {dag.py:3444} INFO - Setting next_dagrun for example_short_circuit_operator to 2023-03-27T02:36:17.581677+00:00, run_after=2023-03-28T02:36:17.581677+00:00
[2023-03-28T02:36:17.605+0000] {processor.py:175} INFO - Processing /home/airflow/.local/lib/python3.7/site-packages/airflow/example_dags/example_short_circuit_operator.py took 0.075 seconds
[2023-03-28T02:36:48.028+0000] {processor.py:153} INFO - Started process (PID=1142) to work on /home/airflow/.local/lib/python3.7/site-packages/airflow/example_dags/example_short_circuit_operator.py
[2023-03-28T02:36:48.030+0000] {processor.py:743} INFO - Processing file /home/airflow/.local/lib/python3.7/site-packages/airflow/example_dags/example_short_circuit_operator.py for tasks to queue
[2023-03-28T02:36:48.031+0000] {logging_mixin.py:137} INFO - [2023-03-28T02:36:48.031+0000] {dagbag.py:532} INFO - Filling up the DagBag from /home/airflow/.local/lib/python3.7/site-packages/airflow/example_dags/example_short_circuit_operator.py
[2023-03-28T02:36:48.042+0000] {processor.py:753} INFO - DAG(s) dict_keys(['example_short_circuit_operator']) retrieved from /home/airflow/.local/lib/python3.7/site-packages/airflow/example_dags/example_short_circuit_operator.py
[2023-03-28T02:36:48.062+0000] {logging_mixin.py:137} INFO - [2023-03-28T02:36:48.062+0000] {dag.py:2693} INFO - Sync 1 DAGs
[2023-03-28T02:36:48.079+0000] {logging_mixin.py:137} INFO - [2023-03-28T02:36:48.079+0000] {dag.py:3444} INFO - Setting next_dagrun for example_short_circuit_operator to 2023-03-27T02:36:48.079499+00:00, run_after=2023-03-28T02:36:48.079499+00:00
[2023-03-28T02:36:48.093+0000] {processor.py:175} INFO - Processing /home/airflow/.local/lib/python3.7/site-packages/airflow/example_dags/example_short_circuit_operator.py took 0.067 seconds
[2023-03-28T02:37:18.472+0000] {processor.py:153} INFO - Started process (PID=1192) to work on /home/airflow/.local/lib/python3.7/site-packages/airflow/example_dags/example_short_circuit_operator.py
[2023-03-28T02:37:18.474+0000] {processor.py:743} INFO - Processing file /home/airflow/.local/lib/python3.7/site-packages/airflow/example_dags/example_short_circuit_operator.py for tasks to queue
[2023-03-28T02:37:18.475+0000] {logging_mixin.py:137} INFO - [2023-03-28T02:37:18.475+0000] {dagbag.py:532} INFO - Filling up the DagBag from /home/airflow/.local/lib/python3.7/site-packages/airflow/example_dags/example_short_circuit_operator.py
[2023-03-28T02:37:18.489+0000] {processor.py:753} INFO - DAG(s) dict_keys(['example_short_circuit_operator']) retrieved from /home/airflow/.local/lib/python3.7/site-packages/airflow/example_dags/example_short_circuit_operator.py
[2023-03-28T02:37:18.509+0000] {logging_mixin.py:137} INFO - [2023-03-28T02:37:18.509+0000] {dag.py:2693} INFO - Sync 1 DAGs
[2023-03-28T02:37:18.529+0000] {logging_mixin.py:137} INFO - [2023-03-28T02:37:18.528+0000] {dag.py:3444} INFO - Setting next_dagrun for example_short_circuit_operator to 2023-03-27T02:37:18.528692+00:00, run_after=2023-03-28T02:37:18.528692+00:00
[2023-03-28T02:37:18.546+0000] {processor.py:175} INFO - Processing /home/airflow/.local/lib/python3.7/site-packages/airflow/example_dags/example_short_circuit_operator.py took 0.077 seconds
[2023-03-28T02:37:49.069+0000] {processor.py:153} INFO - Started process (PID=1241) to work on /home/airflow/.local/lib/python3.7/site-packages/airflow/example_dags/example_short_circuit_operator.py
[2023-03-28T02:37:49.072+0000] {processor.py:743} INFO - Processing file /home/airflow/.local/lib/python3.7/site-packages/airflow/example_dags/example_short_circuit_operator.py for tasks to queue
[2023-03-28T02:37:49.073+0000] {logging_mixin.py:137} INFO - [2023-03-28T02:37:49.073+0000] {dagbag.py:532} INFO - Filling up the DagBag from /home/airflow/.local/lib/python3.7/site-packages/airflow/example_dags/example_short_circuit_operator.py
[2023-03-28T02:37:49.089+0000] {processor.py:753} INFO - DAG(s) dict_keys(['example_short_circuit_operator']) retrieved from /home/airflow/.local/lib/python3.7/site-packages/airflow/example_dags/example_short_circuit_operator.py
[2023-03-28T02:37:49.115+0000] {logging_mixin.py:137} INFO - [2023-03-28T02:37:49.115+0000] {dag.py:2693} INFO - Sync 1 DAGs
[2023-03-28T02:37:49.133+0000] {logging_mixin.py:137} INFO - [2023-03-28T02:37:49.133+0000] {dag.py:3444} INFO - Setting next_dagrun for example_short_circuit_operator to 2023-03-27T02:37:49.132925+00:00, run_after=2023-03-28T02:37:49.132925+00:00
[2023-03-28T02:37:49.145+0000] {processor.py:175} INFO - Processing /home/airflow/.local/lib/python3.7/site-packages/airflow/example_dags/example_short_circuit_operator.py took 0.080 seconds
[2023-03-28T02:38:19.656+0000] {processor.py:153} INFO - Started process (PID=1290) to work on /home/airflow/.local/lib/python3.7/site-packages/airflow/example_dags/example_short_circuit_operator.py
[2023-03-28T02:38:19.658+0000] {processor.py:743} INFO - Processing file /home/airflow/.local/lib/python3.7/site-packages/airflow/example_dags/example_short_circuit_operator.py for tasks to queue
[2023-03-28T02:38:19.659+0000] {logging_mixin.py:137} INFO - [2023-03-28T02:38:19.659+0000] {dagbag.py:532} INFO - Filling up the DagBag from /home/airflow/.local/lib/python3.7/site-packages/airflow/example_dags/example_short_circuit_operator.py
[2023-03-28T02:38:19.670+0000] {processor.py:753} INFO - DAG(s) dict_keys(['example_short_circuit_operator']) retrieved from /home/airflow/.local/lib/python3.7/site-packages/airflow/example_dags/example_short_circuit_operator.py
[2023-03-28T02:38:19.690+0000] {logging_mixin.py:137} INFO - [2023-03-28T02:38:19.690+0000] {dag.py:2693} INFO - Sync 1 DAGs
[2023-03-28T02:38:19.709+0000] {logging_mixin.py:137} INFO - [2023-03-28T02:38:19.709+0000] {dag.py:3444} INFO - Setting next_dagrun for example_short_circuit_operator to 2023-03-27T02:38:19.709298+00:00, run_after=2023-03-28T02:38:19.709298+00:00
[2023-03-28T02:38:19.725+0000] {processor.py:175} INFO - Processing /home/airflow/.local/lib/python3.7/site-packages/airflow/example_dags/example_short_circuit_operator.py took 0.071 seconds
[2023-03-28T02:38:50.015+0000] {processor.py:153} INFO - Started process (PID=1340) to work on /home/airflow/.local/lib/python3.7/site-packages/airflow/example_dags/example_short_circuit_operator.py
[2023-03-28T02:38:50.018+0000] {processor.py:743} INFO - Processing file /home/airflow/.local/lib/python3.7/site-packages/airflow/example_dags/example_short_circuit_operator.py for tasks to queue
[2023-03-28T02:38:50.019+0000] {logging_mixin.py:137} INFO - [2023-03-28T02:38:50.019+0000] {dagbag.py:532} INFO - Filling up the DagBag from /home/airflow/.local/lib/python3.7/site-packages/airflow/example_dags/example_short_circuit_operator.py
[2023-03-28T02:38:50.030+0000] {processor.py:753} INFO - DAG(s) dict_keys(['example_short_circuit_operator']) retrieved from /home/airflow/.local/lib/python3.7/site-packages/airflow/example_dags/example_short_circuit_operator.py
[2023-03-28T02:38:50.049+0000] {logging_mixin.py:137} INFO - [2023-03-28T02:38:50.048+0000] {dag.py:2693} INFO - Sync 1 DAGs
[2023-03-28T02:38:50.067+0000] {logging_mixin.py:137} INFO - [2023-03-28T02:38:50.067+0000] {dag.py:3444} INFO - Setting next_dagrun for example_short_circuit_operator to 2023-03-27T02:38:50.067563+00:00, run_after=2023-03-28T02:38:50.067563+00:00
[2023-03-28T02:38:50.079+0000] {processor.py:175} INFO - Processing /home/airflow/.local/lib/python3.7/site-packages/airflow/example_dags/example_short_circuit_operator.py took 0.067 seconds
[2023-03-28T02:39:20.408+0000] {processor.py:153} INFO - Started process (PID=1389) to work on /home/airflow/.local/lib/python3.7/site-packages/airflow/example_dags/example_short_circuit_operator.py
[2023-03-28T02:39:20.410+0000] {processor.py:743} INFO - Processing file /home/airflow/.local/lib/python3.7/site-packages/airflow/example_dags/example_short_circuit_operator.py for tasks to queue
[2023-03-28T02:39:20.411+0000] {logging_mixin.py:137} INFO - [2023-03-28T02:39:20.411+0000] {dagbag.py:532} INFO - Filling up the DagBag from /home/airflow/.local/lib/python3.7/site-packages/airflow/example_dags/example_short_circuit_operator.py
[2023-03-28T02:39:20.421+0000] {processor.py:753} INFO - DAG(s) dict_keys(['example_short_circuit_operator']) retrieved from /home/airflow/.local/lib/python3.7/site-packages/airflow/example_dags/example_short_circuit_operator.py
[2023-03-28T02:39:20.441+0000] {logging_mixin.py:137} INFO - [2023-03-28T02:39:20.440+0000] {dag.py:2693} INFO - Sync 1 DAGs
[2023-03-28T02:39:20.458+0000] {logging_mixin.py:137} INFO - [2023-03-28T02:39:20.458+0000] {dag.py:3444} INFO - Setting next_dagrun for example_short_circuit_operator to 2023-03-27T02:39:20.457931+00:00, run_after=2023-03-28T02:39:20.457931+00:00
[2023-03-28T02:39:20.469+0000] {processor.py:175} INFO - Processing /home/airflow/.local/lib/python3.7/site-packages/airflow/example_dags/example_short_circuit_operator.py took 0.063 seconds
[2023-03-28T02:39:50.943+0000] {processor.py:153} INFO - Started process (PID=1438) to work on /home/airflow/.local/lib/python3.7/site-packages/airflow/example_dags/example_short_circuit_operator.py
[2023-03-28T02:39:50.945+0000] {processor.py:743} INFO - Processing file /home/airflow/.local/lib/python3.7/site-packages/airflow/example_dags/example_short_circuit_operator.py for tasks to queue
[2023-03-28T02:39:50.946+0000] {logging_mixin.py:137} INFO - [2023-03-28T02:39:50.946+0000] {dagbag.py:532} INFO - Filling up the DagBag from /home/airflow/.local/lib/python3.7/site-packages/airflow/example_dags/example_short_circuit_operator.py
[2023-03-28T02:39:50.965+0000] {processor.py:753} INFO - DAG(s) dict_keys(['example_short_circuit_operator']) retrieved from /home/airflow/.local/lib/python3.7/site-packages/airflow/example_dags/example_short_circuit_operator.py
[2023-03-28T02:39:50.998+0000] {logging_mixin.py:137} INFO - [2023-03-28T02:39:50.998+0000] {dag.py:2693} INFO - Sync 1 DAGs
[2023-03-28T02:39:51.025+0000] {logging_mixin.py:137} INFO - [2023-03-28T02:39:51.024+0000] {dag.py:3444} INFO - Setting next_dagrun for example_short_circuit_operator to 2023-03-27T02:39:51.024634+00:00, run_after=2023-03-28T02:39:51.024634+00:00
[2023-03-28T02:39:51.043+0000] {processor.py:175} INFO - Processing /home/airflow/.local/lib/python3.7/site-packages/airflow/example_dags/example_short_circuit_operator.py took 0.103 seconds
[2023-03-28T02:40:21.611+0000] {processor.py:153} INFO - Started process (PID=1487) to work on /home/airflow/.local/lib/python3.7/site-packages/airflow/example_dags/example_short_circuit_operator.py
[2023-03-28T02:40:21.613+0000] {processor.py:743} INFO - Processing file /home/airflow/.local/lib/python3.7/site-packages/airflow/example_dags/example_short_circuit_operator.py for tasks to queue
[2023-03-28T02:40:21.614+0000] {logging_mixin.py:137} INFO - [2023-03-28T02:40:21.614+0000] {dagbag.py:532} INFO - Filling up the DagBag from /home/airflow/.local/lib/python3.7/site-packages/airflow/example_dags/example_short_circuit_operator.py
[2023-03-28T02:40:21.627+0000] {processor.py:753} INFO - DAG(s) dict_keys(['example_short_circuit_operator']) retrieved from /home/airflow/.local/lib/python3.7/site-packages/airflow/example_dags/example_short_circuit_operator.py
[2023-03-28T02:40:21.646+0000] {logging_mixin.py:137} INFO - [2023-03-28T02:40:21.645+0000] {dag.py:2693} INFO - Sync 1 DAGs
[2023-03-28T02:40:21.665+0000] {logging_mixin.py:137} INFO - [2023-03-28T02:40:21.665+0000] {dag.py:3444} INFO - Setting next_dagrun for example_short_circuit_operator to 2023-03-27T02:40:21.665409+00:00, run_after=2023-03-28T02:40:21.665409+00:00
[2023-03-28T02:40:21.679+0000] {processor.py:175} INFO - Processing /home/airflow/.local/lib/python3.7/site-packages/airflow/example_dags/example_short_circuit_operator.py took 0.071 seconds
[2023-03-28T02:40:52.518+0000] {processor.py:153} INFO - Started process (PID=1536) to work on /home/airflow/.local/lib/python3.7/site-packages/airflow/example_dags/example_short_circuit_operator.py
[2023-03-28T02:40:52.519+0000] {processor.py:743} INFO - Processing file /home/airflow/.local/lib/python3.7/site-packages/airflow/example_dags/example_short_circuit_operator.py for tasks to queue
[2023-03-28T02:40:52.521+0000] {logging_mixin.py:137} INFO - [2023-03-28T02:40:52.520+0000] {dagbag.py:532} INFO - Filling up the DagBag from /home/airflow/.local/lib/python3.7/site-packages/airflow/example_dags/example_short_circuit_operator.py
[2023-03-28T02:40:52.532+0000] {processor.py:753} INFO - DAG(s) dict_keys(['example_short_circuit_operator']) retrieved from /home/airflow/.local/lib/python3.7/site-packages/airflow/example_dags/example_short_circuit_operator.py
[2023-03-28T02:40:52.556+0000] {logging_mixin.py:137} INFO - [2023-03-28T02:40:52.555+0000] {dag.py:2693} INFO - Sync 1 DAGs
[2023-03-28T02:40:52.574+0000] {logging_mixin.py:137} INFO - [2023-03-28T02:40:52.574+0000] {dag.py:3444} INFO - Setting next_dagrun for example_short_circuit_operator to 2023-03-27T02:40:52.573920+00:00, run_after=2023-03-28T02:40:52.573920+00:00
[2023-03-28T02:40:52.589+0000] {processor.py:175} INFO - Processing /home/airflow/.local/lib/python3.7/site-packages/airflow/example_dags/example_short_circuit_operator.py took 0.073 seconds
