[2023-03-28T02:25:34.102+0000] {processor.py:153} INFO - Started process (PID=69) to work on /home/airflow/.local/lib/python3.7/site-packages/airflow/example_dags/example_dag_decorator.py
[2023-03-28T02:25:34.104+0000] {processor.py:743} INFO - Processing file /home/airflow/.local/lib/python3.7/site-packages/airflow/example_dags/example_dag_decorator.py for tasks to queue
[2023-03-28T02:25:34.106+0000] {logging_mixin.py:137} INFO - [2023-03-28T02:25:34.105+0000] {dagbag.py:532} INFO - Filling up the DagBag from /home/airflow/.local/lib/python3.7/site-packages/airflow/example_dags/example_dag_decorator.py
[2023-03-28T02:25:34.122+0000] {logging_mixin.py:137} INFO - [2023-03-28T02:25:34.121+0000] {taskmixin.py:211} WARNING - Dependency <Task(_PythonDecoratedOperator): prepare_email>, send_email already registered for DAG: example_dag_decorator
[2023-03-28T02:25:34.123+0000] {logging_mixin.py:137} INFO - [2023-03-28T02:25:34.122+0000] {taskmixin.py:211} WARNING - Dependency <Task(EmailOperator): send_email>, prepare_email already registered for DAG: example_dag_decorator
[2023-03-28T02:25:34.138+0000] {processor.py:753} INFO - DAG(s) dict_keys(['example_dag_decorator']) retrieved from /home/airflow/.local/lib/python3.7/site-packages/airflow/example_dags/example_dag_decorator.py
[2023-03-28T02:25:34.149+0000] {logging_mixin.py:137} INFO - [2023-03-28T02:25:34.149+0000] {dag.py:2693} INFO - Sync 1 DAGs
[2023-03-28T02:25:34.168+0000] {logging_mixin.py:137} INFO - [2023-03-28T02:25:34.168+0000] {dag.py:3444} INFO - Setting next_dagrun for example_dag_decorator to None, run_after=None
[2023-03-28T02:25:34.181+0000] {processor.py:175} INFO - Processing /home/airflow/.local/lib/python3.7/site-packages/airflow/example_dags/example_dag_decorator.py took 0.085 seconds
[2023-03-28T02:26:04.745+0000] {processor.py:153} INFO - Started process (PID=118) to work on /home/airflow/.local/lib/python3.7/site-packages/airflow/example_dags/example_dag_decorator.py
[2023-03-28T02:26:04.747+0000] {processor.py:743} INFO - Processing file /home/airflow/.local/lib/python3.7/site-packages/airflow/example_dags/example_dag_decorator.py for tasks to queue
[2023-03-28T02:26:04.748+0000] {logging_mixin.py:137} INFO - [2023-03-28T02:26:04.748+0000] {dagbag.py:532} INFO - Filling up the DagBag from /home/airflow/.local/lib/python3.7/site-packages/airflow/example_dags/example_dag_decorator.py
[2023-03-28T02:26:04.761+0000] {logging_mixin.py:137} INFO - [2023-03-28T02:26:04.761+0000] {taskmixin.py:211} WARNING - Dependency <Task(_PythonDecoratedOperator): prepare_email>, send_email already registered for DAG: example_dag_decorator
[2023-03-28T02:26:04.763+0000] {logging_mixin.py:137} INFO - [2023-03-28T02:26:04.762+0000] {taskmixin.py:211} WARNING - Dependency <Task(EmailOperator): send_email>, prepare_email already registered for DAG: example_dag_decorator
[2023-03-28T02:26:04.771+0000] {processor.py:753} INFO - DAG(s) dict_keys(['example_dag_decorator']) retrieved from /home/airflow/.local/lib/python3.7/site-packages/airflow/example_dags/example_dag_decorator.py
[2023-03-28T02:26:04.815+0000] {logging_mixin.py:137} INFO - [2023-03-28T02:26:04.815+0000] {dag.py:2693} INFO - Sync 1 DAGs
[2023-03-28T02:26:04.830+0000] {logging_mixin.py:137} INFO - [2023-03-28T02:26:04.829+0000] {dag.py:3444} INFO - Setting next_dagrun for example_dag_decorator to None, run_after=None
[2023-03-28T02:26:04.844+0000] {processor.py:175} INFO - Processing /home/airflow/.local/lib/python3.7/site-packages/airflow/example_dags/example_dag_decorator.py took 0.102 seconds
[2023-03-28T02:26:35.469+0000] {processor.py:153} INFO - Started process (PID=167) to work on /home/airflow/.local/lib/python3.7/site-packages/airflow/example_dags/example_dag_decorator.py
[2023-03-28T02:26:35.471+0000] {processor.py:743} INFO - Processing file /home/airflow/.local/lib/python3.7/site-packages/airflow/example_dags/example_dag_decorator.py for tasks to queue
[2023-03-28T02:26:35.472+0000] {logging_mixin.py:137} INFO - [2023-03-28T02:26:35.472+0000] {dagbag.py:532} INFO - Filling up the DagBag from /home/airflow/.local/lib/python3.7/site-packages/airflow/example_dags/example_dag_decorator.py
[2023-03-28T02:26:35.490+0000] {logging_mixin.py:137} INFO - [2023-03-28T02:26:35.490+0000] {taskmixin.py:211} WARNING - Dependency <Task(_PythonDecoratedOperator): prepare_email>, send_email already registered for DAG: example_dag_decorator
[2023-03-28T02:26:35.492+0000] {logging_mixin.py:137} INFO - [2023-03-28T02:26:35.491+0000] {taskmixin.py:211} WARNING - Dependency <Task(EmailOperator): send_email>, prepare_email already registered for DAG: example_dag_decorator
[2023-03-28T02:26:35.503+0000] {processor.py:753} INFO - DAG(s) dict_keys(['example_dag_decorator']) retrieved from /home/airflow/.local/lib/python3.7/site-packages/airflow/example_dags/example_dag_decorator.py
[2023-03-28T02:26:35.548+0000] {logging_mixin.py:137} INFO - [2023-03-28T02:26:35.548+0000] {dag.py:2693} INFO - Sync 1 DAGs
[2023-03-28T02:26:35.572+0000] {logging_mixin.py:137} INFO - [2023-03-28T02:26:35.572+0000] {dag.py:3444} INFO - Setting next_dagrun for example_dag_decorator to None, run_after=None
[2023-03-28T02:26:35.589+0000] {processor.py:175} INFO - Processing /home/airflow/.local/lib/python3.7/site-packages/airflow/example_dags/example_dag_decorator.py took 0.123 seconds
[2023-03-28T02:27:06.466+0000] {processor.py:153} INFO - Started process (PID=216) to work on /home/airflow/.local/lib/python3.7/site-packages/airflow/example_dags/example_dag_decorator.py
[2023-03-28T02:27:06.467+0000] {processor.py:743} INFO - Processing file /home/airflow/.local/lib/python3.7/site-packages/airflow/example_dags/example_dag_decorator.py for tasks to queue
[2023-03-28T02:27:06.468+0000] {logging_mixin.py:137} INFO - [2023-03-28T02:27:06.468+0000] {dagbag.py:532} INFO - Filling up the DagBag from /home/airflow/.local/lib/python3.7/site-packages/airflow/example_dags/example_dag_decorator.py
[2023-03-28T02:27:06.478+0000] {logging_mixin.py:137} INFO - [2023-03-28T02:27:06.478+0000] {taskmixin.py:211} WARNING - Dependency <Task(_PythonDecoratedOperator): prepare_email>, send_email already registered for DAG: example_dag_decorator
[2023-03-28T02:27:06.479+0000] {logging_mixin.py:137} INFO - [2023-03-28T02:27:06.479+0000] {taskmixin.py:211} WARNING - Dependency <Task(EmailOperator): send_email>, prepare_email already registered for DAG: example_dag_decorator
[2023-03-28T02:27:06.488+0000] {processor.py:753} INFO - DAG(s) dict_keys(['example_dag_decorator']) retrieved from /home/airflow/.local/lib/python3.7/site-packages/airflow/example_dags/example_dag_decorator.py
[2023-03-28T02:27:06.528+0000] {logging_mixin.py:137} INFO - [2023-03-28T02:27:06.528+0000] {dag.py:2693} INFO - Sync 1 DAGs
[2023-03-28T02:27:06.541+0000] {logging_mixin.py:137} INFO - [2023-03-28T02:27:06.541+0000] {dag.py:3444} INFO - Setting next_dagrun for example_dag_decorator to None, run_after=None
[2023-03-28T02:27:06.552+0000] {processor.py:175} INFO - Processing /home/airflow/.local/lib/python3.7/site-packages/airflow/example_dags/example_dag_decorator.py took 0.089 seconds
[2023-03-28T02:27:37.031+0000] {processor.py:153} INFO - Started process (PID=265) to work on /home/airflow/.local/lib/python3.7/site-packages/airflow/example_dags/example_dag_decorator.py
[2023-03-28T02:27:37.032+0000] {processor.py:743} INFO - Processing file /home/airflow/.local/lib/python3.7/site-packages/airflow/example_dags/example_dag_decorator.py for tasks to queue
[2023-03-28T02:27:37.033+0000] {logging_mixin.py:137} INFO - [2023-03-28T02:27:37.033+0000] {dagbag.py:532} INFO - Filling up the DagBag from /home/airflow/.local/lib/python3.7/site-packages/airflow/example_dags/example_dag_decorator.py
[2023-03-28T02:27:37.045+0000] {logging_mixin.py:137} INFO - [2023-03-28T02:27:37.045+0000] {taskmixin.py:211} WARNING - Dependency <Task(_PythonDecoratedOperator): prepare_email>, send_email already registered for DAG: example_dag_decorator
[2023-03-28T02:27:37.046+0000] {logging_mixin.py:137} INFO - [2023-03-28T02:27:37.046+0000] {taskmixin.py:211} WARNING - Dependency <Task(EmailOperator): send_email>, prepare_email already registered for DAG: example_dag_decorator
[2023-03-28T02:27:37.055+0000] {processor.py:753} INFO - DAG(s) dict_keys(['example_dag_decorator']) retrieved from /home/airflow/.local/lib/python3.7/site-packages/airflow/example_dags/example_dag_decorator.py
[2023-03-28T02:27:37.099+0000] {logging_mixin.py:137} INFO - [2023-03-28T02:27:37.099+0000] {dag.py:2693} INFO - Sync 1 DAGs
[2023-03-28T02:27:37.115+0000] {logging_mixin.py:137} INFO - [2023-03-28T02:27:37.115+0000] {dag.py:3444} INFO - Setting next_dagrun for example_dag_decorator to None, run_after=None
[2023-03-28T02:27:37.129+0000] {processor.py:175} INFO - Processing /home/airflow/.local/lib/python3.7/site-packages/airflow/example_dags/example_dag_decorator.py took 0.101 seconds
[2023-03-28T02:28:07.795+0000] {processor.py:153} INFO - Started process (PID=314) to work on /home/airflow/.local/lib/python3.7/site-packages/airflow/example_dags/example_dag_decorator.py
[2023-03-28T02:28:07.799+0000] {processor.py:743} INFO - Processing file /home/airflow/.local/lib/python3.7/site-packages/airflow/example_dags/example_dag_decorator.py for tasks to queue
[2023-03-28T02:28:07.800+0000] {logging_mixin.py:137} INFO - [2023-03-28T02:28:07.800+0000] {dagbag.py:532} INFO - Filling up the DagBag from /home/airflow/.local/lib/python3.7/site-packages/airflow/example_dags/example_dag_decorator.py
[2023-03-28T02:28:07.816+0000] {logging_mixin.py:137} INFO - [2023-03-28T02:28:07.816+0000] {taskmixin.py:211} WARNING - Dependency <Task(_PythonDecoratedOperator): prepare_email>, send_email already registered for DAG: example_dag_decorator
[2023-03-28T02:28:07.817+0000] {logging_mixin.py:137} INFO - [2023-03-28T02:28:07.817+0000] {taskmixin.py:211} WARNING - Dependency <Task(EmailOperator): send_email>, prepare_email already registered for DAG: example_dag_decorator
[2023-03-28T02:28:07.827+0000] {processor.py:753} INFO - DAG(s) dict_keys(['example_dag_decorator']) retrieved from /home/airflow/.local/lib/python3.7/site-packages/airflow/example_dags/example_dag_decorator.py
[2023-03-28T02:28:07.879+0000] {logging_mixin.py:137} INFO - [2023-03-28T02:28:07.879+0000] {dag.py:2693} INFO - Sync 1 DAGs
[2023-03-28T02:28:07.896+0000] {logging_mixin.py:137} INFO - [2023-03-28T02:28:07.896+0000] {dag.py:3444} INFO - Setting next_dagrun for example_dag_decorator to None, run_after=None
[2023-03-28T02:28:07.912+0000] {processor.py:175} INFO - Processing /home/airflow/.local/lib/python3.7/site-packages/airflow/example_dags/example_dag_decorator.py took 0.119 seconds
[2023-03-28T02:28:38.355+0000] {processor.py:153} INFO - Started process (PID=363) to work on /home/airflow/.local/lib/python3.7/site-packages/airflow/example_dags/example_dag_decorator.py
[2023-03-28T02:28:38.358+0000] {processor.py:743} INFO - Processing file /home/airflow/.local/lib/python3.7/site-packages/airflow/example_dags/example_dag_decorator.py for tasks to queue
[2023-03-28T02:28:38.359+0000] {logging_mixin.py:137} INFO - [2023-03-28T02:28:38.359+0000] {dagbag.py:532} INFO - Filling up the DagBag from /home/airflow/.local/lib/python3.7/site-packages/airflow/example_dags/example_dag_decorator.py
[2023-03-28T02:28:38.371+0000] {logging_mixin.py:137} INFO - [2023-03-28T02:28:38.371+0000] {taskmixin.py:211} WARNING - Dependency <Task(_PythonDecoratedOperator): prepare_email>, send_email already registered for DAG: example_dag_decorator
[2023-03-28T02:28:38.373+0000] {logging_mixin.py:137} INFO - [2023-03-28T02:28:38.373+0000] {taskmixin.py:211} WARNING - Dependency <Task(EmailOperator): send_email>, prepare_email already registered for DAG: example_dag_decorator
[2023-03-28T02:28:38.384+0000] {processor.py:753} INFO - DAG(s) dict_keys(['example_dag_decorator']) retrieved from /home/airflow/.local/lib/python3.7/site-packages/airflow/example_dags/example_dag_decorator.py
[2023-03-28T02:28:38.425+0000] {logging_mixin.py:137} INFO - [2023-03-28T02:28:38.425+0000] {dag.py:2693} INFO - Sync 1 DAGs
[2023-03-28T02:28:38.440+0000] {logging_mixin.py:137} INFO - [2023-03-28T02:28:38.440+0000] {dag.py:3444} INFO - Setting next_dagrun for example_dag_decorator to None, run_after=None
[2023-03-28T02:28:38.455+0000] {processor.py:175} INFO - Processing /home/airflow/.local/lib/python3.7/site-packages/airflow/example_dags/example_dag_decorator.py took 0.103 seconds
[2023-03-28T02:29:09.131+0000] {processor.py:153} INFO - Started process (PID=412) to work on /home/airflow/.local/lib/python3.7/site-packages/airflow/example_dags/example_dag_decorator.py
[2023-03-28T02:29:09.132+0000] {processor.py:743} INFO - Processing file /home/airflow/.local/lib/python3.7/site-packages/airflow/example_dags/example_dag_decorator.py for tasks to queue
[2023-03-28T02:29:09.134+0000] {logging_mixin.py:137} INFO - [2023-03-28T02:29:09.134+0000] {dagbag.py:532} INFO - Filling up the DagBag from /home/airflow/.local/lib/python3.7/site-packages/airflow/example_dags/example_dag_decorator.py
[2023-03-28T02:29:09.146+0000] {logging_mixin.py:137} INFO - [2023-03-28T02:29:09.146+0000] {taskmixin.py:211} WARNING - Dependency <Task(_PythonDecoratedOperator): prepare_email>, send_email already registered for DAG: example_dag_decorator
[2023-03-28T02:29:09.146+0000] {logging_mixin.py:137} INFO - [2023-03-28T02:29:09.146+0000] {taskmixin.py:211} WARNING - Dependency <Task(EmailOperator): send_email>, prepare_email already registered for DAG: example_dag_decorator
[2023-03-28T02:29:09.156+0000] {processor.py:753} INFO - DAG(s) dict_keys(['example_dag_decorator']) retrieved from /home/airflow/.local/lib/python3.7/site-packages/airflow/example_dags/example_dag_decorator.py
[2023-03-28T02:29:09.199+0000] {logging_mixin.py:137} INFO - [2023-03-28T02:29:09.199+0000] {dag.py:2693} INFO - Sync 1 DAGs
[2023-03-28T02:29:09.215+0000] {logging_mixin.py:137} INFO - [2023-03-28T02:29:09.215+0000] {dag.py:3444} INFO - Setting next_dagrun for example_dag_decorator to None, run_after=None
[2023-03-28T02:29:09.230+0000] {processor.py:175} INFO - Processing /home/airflow/.local/lib/python3.7/site-packages/airflow/example_dags/example_dag_decorator.py took 0.102 seconds
[2023-03-28T02:29:39.738+0000] {processor.py:153} INFO - Started process (PID=461) to work on /home/airflow/.local/lib/python3.7/site-packages/airflow/example_dags/example_dag_decorator.py
[2023-03-28T02:29:39.740+0000] {processor.py:743} INFO - Processing file /home/airflow/.local/lib/python3.7/site-packages/airflow/example_dags/example_dag_decorator.py for tasks to queue
[2023-03-28T02:29:39.741+0000] {logging_mixin.py:137} INFO - [2023-03-28T02:29:39.741+0000] {dagbag.py:532} INFO - Filling up the DagBag from /home/airflow/.local/lib/python3.7/site-packages/airflow/example_dags/example_dag_decorator.py
[2023-03-28T02:29:39.754+0000] {logging_mixin.py:137} INFO - [2023-03-28T02:29:39.754+0000] {taskmixin.py:211} WARNING - Dependency <Task(_PythonDecoratedOperator): prepare_email>, send_email already registered for DAG: example_dag_decorator
[2023-03-28T02:29:39.755+0000] {logging_mixin.py:137} INFO - [2023-03-28T02:29:39.755+0000] {taskmixin.py:211} WARNING - Dependency <Task(EmailOperator): send_email>, prepare_email already registered for DAG: example_dag_decorator
[2023-03-28T02:29:39.763+0000] {processor.py:753} INFO - DAG(s) dict_keys(['example_dag_decorator']) retrieved from /home/airflow/.local/lib/python3.7/site-packages/airflow/example_dags/example_dag_decorator.py
[2023-03-28T02:29:39.828+0000] {logging_mixin.py:137} INFO - [2023-03-28T02:29:39.828+0000] {dag.py:2693} INFO - Sync 1 DAGs
[2023-03-28T02:29:39.844+0000] {logging_mixin.py:137} INFO - [2023-03-28T02:29:39.844+0000] {dag.py:3444} INFO - Setting next_dagrun for example_dag_decorator to None, run_after=None
[2023-03-28T02:29:39.859+0000] {processor.py:175} INFO - Processing /home/airflow/.local/lib/python3.7/site-packages/airflow/example_dags/example_dag_decorator.py took 0.123 seconds
[2023-03-28T02:30:10.454+0000] {processor.py:153} INFO - Started process (PID=510) to work on /home/airflow/.local/lib/python3.7/site-packages/airflow/example_dags/example_dag_decorator.py
[2023-03-28T02:30:10.455+0000] {processor.py:743} INFO - Processing file /home/airflow/.local/lib/python3.7/site-packages/airflow/example_dags/example_dag_decorator.py for tasks to queue
[2023-03-28T02:30:10.457+0000] {logging_mixin.py:137} INFO - [2023-03-28T02:30:10.457+0000] {dagbag.py:532} INFO - Filling up the DagBag from /home/airflow/.local/lib/python3.7/site-packages/airflow/example_dags/example_dag_decorator.py
[2023-03-28T02:30:10.471+0000] {logging_mixin.py:137} INFO - [2023-03-28T02:30:10.470+0000] {taskmixin.py:211} WARNING - Dependency <Task(_PythonDecoratedOperator): prepare_email>, send_email already registered for DAG: example_dag_decorator
[2023-03-28T02:30:10.485+0000] {logging_mixin.py:137} INFO - [2023-03-28T02:30:10.485+0000] {taskmixin.py:211} WARNING - Dependency <Task(EmailOperator): send_email>, prepare_email already registered for DAG: example_dag_decorator
[2023-03-28T02:30:10.494+0000] {processor.py:753} INFO - DAG(s) dict_keys(['example_dag_decorator']) retrieved from /home/airflow/.local/lib/python3.7/site-packages/airflow/example_dags/example_dag_decorator.py
[2023-03-28T02:30:10.537+0000] {logging_mixin.py:137} INFO - [2023-03-28T02:30:10.536+0000] {dag.py:2693} INFO - Sync 1 DAGs
[2023-03-28T02:30:10.554+0000] {logging_mixin.py:137} INFO - [2023-03-28T02:30:10.554+0000] {dag.py:3444} INFO - Setting next_dagrun for example_dag_decorator to None, run_after=None
[2023-03-28T02:30:10.568+0000] {processor.py:175} INFO - Processing /home/airflow/.local/lib/python3.7/site-packages/airflow/example_dags/example_dag_decorator.py took 0.117 seconds
[2023-03-28T02:30:41.061+0000] {processor.py:153} INFO - Started process (PID=559) to work on /home/airflow/.local/lib/python3.7/site-packages/airflow/example_dags/example_dag_decorator.py
[2023-03-28T02:30:41.062+0000] {processor.py:743} INFO - Processing file /home/airflow/.local/lib/python3.7/site-packages/airflow/example_dags/example_dag_decorator.py for tasks to queue
[2023-03-28T02:30:41.063+0000] {logging_mixin.py:137} INFO - [2023-03-28T02:30:41.063+0000] {dagbag.py:532} INFO - Filling up the DagBag from /home/airflow/.local/lib/python3.7/site-packages/airflow/example_dags/example_dag_decorator.py
[2023-03-28T02:30:41.075+0000] {logging_mixin.py:137} INFO - [2023-03-28T02:30:41.075+0000] {taskmixin.py:211} WARNING - Dependency <Task(_PythonDecoratedOperator): prepare_email>, send_email already registered for DAG: example_dag_decorator
[2023-03-28T02:30:41.076+0000] {logging_mixin.py:137} INFO - [2023-03-28T02:30:41.076+0000] {taskmixin.py:211} WARNING - Dependency <Task(EmailOperator): send_email>, prepare_email already registered for DAG: example_dag_decorator
[2023-03-28T02:30:41.083+0000] {processor.py:753} INFO - DAG(s) dict_keys(['example_dag_decorator']) retrieved from /home/airflow/.local/lib/python3.7/site-packages/airflow/example_dags/example_dag_decorator.py
[2023-03-28T02:30:41.126+0000] {logging_mixin.py:137} INFO - [2023-03-28T02:30:41.126+0000] {dag.py:2693} INFO - Sync 1 DAGs
[2023-03-28T02:30:41.143+0000] {logging_mixin.py:137} INFO - [2023-03-28T02:30:41.142+0000] {dag.py:3444} INFO - Setting next_dagrun for example_dag_decorator to None, run_after=None
[2023-03-28T02:30:41.158+0000] {processor.py:175} INFO - Processing /home/airflow/.local/lib/python3.7/site-packages/airflow/example_dags/example_dag_decorator.py took 0.100 seconds
[2023-03-28T02:31:11.917+0000] {processor.py:153} INFO - Started process (PID=608) to work on /home/airflow/.local/lib/python3.7/site-packages/airflow/example_dags/example_dag_decorator.py
[2023-03-28T02:31:11.919+0000] {processor.py:743} INFO - Processing file /home/airflow/.local/lib/python3.7/site-packages/airflow/example_dags/example_dag_decorator.py for tasks to queue
[2023-03-28T02:31:11.920+0000] {logging_mixin.py:137} INFO - [2023-03-28T02:31:11.920+0000] {dagbag.py:532} INFO - Filling up the DagBag from /home/airflow/.local/lib/python3.7/site-packages/airflow/example_dags/example_dag_decorator.py
[2023-03-28T02:31:11.937+0000] {logging_mixin.py:137} INFO - [2023-03-28T02:31:11.937+0000] {taskmixin.py:211} WARNING - Dependency <Task(_PythonDecoratedOperator): prepare_email>, send_email already registered for DAG: example_dag_decorator
[2023-03-28T02:31:11.939+0000] {logging_mixin.py:137} INFO - [2023-03-28T02:31:11.939+0000] {taskmixin.py:211} WARNING - Dependency <Task(EmailOperator): send_email>, prepare_email already registered for DAG: example_dag_decorator
[2023-03-28T02:31:11.950+0000] {processor.py:753} INFO - DAG(s) dict_keys(['example_dag_decorator']) retrieved from /home/airflow/.local/lib/python3.7/site-packages/airflow/example_dags/example_dag_decorator.py
[2023-03-28T02:31:11.998+0000] {logging_mixin.py:137} INFO - [2023-03-28T02:31:11.998+0000] {dag.py:2693} INFO - Sync 1 DAGs
[2023-03-28T02:31:12.013+0000] {logging_mixin.py:137} INFO - [2023-03-28T02:31:12.013+0000] {dag.py:3444} INFO - Setting next_dagrun for example_dag_decorator to None, run_after=None
[2023-03-28T02:31:12.028+0000] {processor.py:175} INFO - Processing /home/airflow/.local/lib/python3.7/site-packages/airflow/example_dags/example_dag_decorator.py took 0.114 seconds
[2023-03-28T02:31:42.939+0000] {processor.py:153} INFO - Started process (PID=659) to work on /home/airflow/.local/lib/python3.7/site-packages/airflow/example_dags/example_dag_decorator.py
[2023-03-28T02:31:42.940+0000] {processor.py:743} INFO - Processing file /home/airflow/.local/lib/python3.7/site-packages/airflow/example_dags/example_dag_decorator.py for tasks to queue
[2023-03-28T02:31:42.941+0000] {logging_mixin.py:137} INFO - [2023-03-28T02:31:42.941+0000] {dagbag.py:532} INFO - Filling up the DagBag from /home/airflow/.local/lib/python3.7/site-packages/airflow/example_dags/example_dag_decorator.py
[2023-03-28T02:31:42.953+0000] {logging_mixin.py:137} INFO - [2023-03-28T02:31:42.952+0000] {taskmixin.py:211} WARNING - Dependency <Task(_PythonDecoratedOperator): prepare_email>, send_email already registered for DAG: example_dag_decorator
[2023-03-28T02:31:42.954+0000] {logging_mixin.py:137} INFO - [2023-03-28T02:31:42.954+0000] {taskmixin.py:211} WARNING - Dependency <Task(EmailOperator): send_email>, prepare_email already registered for DAG: example_dag_decorator
[2023-03-28T02:31:42.965+0000] {processor.py:753} INFO - DAG(s) dict_keys(['example_dag_decorator']) retrieved from /home/airflow/.local/lib/python3.7/site-packages/airflow/example_dags/example_dag_decorator.py
[2023-03-28T02:31:43.011+0000] {logging_mixin.py:137} INFO - [2023-03-28T02:31:43.011+0000] {dag.py:2693} INFO - Sync 1 DAGs
[2023-03-28T02:31:43.027+0000] {logging_mixin.py:137} INFO - [2023-03-28T02:31:43.027+0000] {dag.py:3444} INFO - Setting next_dagrun for example_dag_decorator to None, run_after=None
[2023-03-28T02:31:43.047+0000] {processor.py:175} INFO - Processing /home/airflow/.local/lib/python3.7/site-packages/airflow/example_dags/example_dag_decorator.py took 0.111 seconds
[2023-03-28T02:32:13.554+0000] {processor.py:153} INFO - Started process (PID=707) to work on /home/airflow/.local/lib/python3.7/site-packages/airflow/example_dags/example_dag_decorator.py
[2023-03-28T02:32:13.555+0000] {processor.py:743} INFO - Processing file /home/airflow/.local/lib/python3.7/site-packages/airflow/example_dags/example_dag_decorator.py for tasks to queue
[2023-03-28T02:32:13.556+0000] {logging_mixin.py:137} INFO - [2023-03-28T02:32:13.556+0000] {dagbag.py:532} INFO - Filling up the DagBag from /home/airflow/.local/lib/python3.7/site-packages/airflow/example_dags/example_dag_decorator.py
[2023-03-28T02:32:13.571+0000] {logging_mixin.py:137} INFO - [2023-03-28T02:32:13.570+0000] {taskmixin.py:211} WARNING - Dependency <Task(_PythonDecoratedOperator): prepare_email>, send_email already registered for DAG: example_dag_decorator
[2023-03-28T02:32:13.572+0000] {logging_mixin.py:137} INFO - [2023-03-28T02:32:13.571+0000] {taskmixin.py:211} WARNING - Dependency <Task(EmailOperator): send_email>, prepare_email already registered for DAG: example_dag_decorator
[2023-03-28T02:32:13.582+0000] {processor.py:753} INFO - DAG(s) dict_keys(['example_dag_decorator']) retrieved from /home/airflow/.local/lib/python3.7/site-packages/airflow/example_dags/example_dag_decorator.py
[2023-03-28T02:32:13.632+0000] {logging_mixin.py:137} INFO - [2023-03-28T02:32:13.632+0000] {dag.py:2693} INFO - Sync 1 DAGs
[2023-03-28T02:32:13.650+0000] {logging_mixin.py:137} INFO - [2023-03-28T02:32:13.650+0000] {dag.py:3444} INFO - Setting next_dagrun for example_dag_decorator to None, run_after=None
[2023-03-28T02:32:13.667+0000] {processor.py:175} INFO - Processing /home/airflow/.local/lib/python3.7/site-packages/airflow/example_dags/example_dag_decorator.py took 0.116 seconds
[2023-03-28T02:32:44.122+0000] {processor.py:153} INFO - Started process (PID=756) to work on /home/airflow/.local/lib/python3.7/site-packages/airflow/example_dags/example_dag_decorator.py
[2023-03-28T02:32:44.124+0000] {processor.py:743} INFO - Processing file /home/airflow/.local/lib/python3.7/site-packages/airflow/example_dags/example_dag_decorator.py for tasks to queue
[2023-03-28T02:32:44.125+0000] {logging_mixin.py:137} INFO - [2023-03-28T02:32:44.125+0000] {dagbag.py:532} INFO - Filling up the DagBag from /home/airflow/.local/lib/python3.7/site-packages/airflow/example_dags/example_dag_decorator.py
[2023-03-28T02:32:44.142+0000] {logging_mixin.py:137} INFO - [2023-03-28T02:32:44.142+0000] {taskmixin.py:211} WARNING - Dependency <Task(_PythonDecoratedOperator): prepare_email>, send_email already registered for DAG: example_dag_decorator
[2023-03-28T02:32:44.146+0000] {logging_mixin.py:137} INFO - [2023-03-28T02:32:44.146+0000] {taskmixin.py:211} WARNING - Dependency <Task(EmailOperator): send_email>, prepare_email already registered for DAG: example_dag_decorator
[2023-03-28T02:32:44.158+0000] {processor.py:753} INFO - DAG(s) dict_keys(['example_dag_decorator']) retrieved from /home/airflow/.local/lib/python3.7/site-packages/airflow/example_dags/example_dag_decorator.py
[2023-03-28T02:32:44.213+0000] {logging_mixin.py:137} INFO - [2023-03-28T02:32:44.213+0000] {dag.py:2693} INFO - Sync 1 DAGs
[2023-03-28T02:32:44.234+0000] {logging_mixin.py:137} INFO - [2023-03-28T02:32:44.233+0000] {dag.py:3444} INFO - Setting next_dagrun for example_dag_decorator to None, run_after=None
[2023-03-28T02:32:44.251+0000] {processor.py:175} INFO - Processing /home/airflow/.local/lib/python3.7/site-packages/airflow/example_dags/example_dag_decorator.py took 0.133 seconds
[2023-03-28T02:33:15.050+0000] {processor.py:153} INFO - Started process (PID=805) to work on /home/airflow/.local/lib/python3.7/site-packages/airflow/example_dags/example_dag_decorator.py
[2023-03-28T02:33:15.052+0000] {processor.py:743} INFO - Processing file /home/airflow/.local/lib/python3.7/site-packages/airflow/example_dags/example_dag_decorator.py for tasks to queue
[2023-03-28T02:33:15.054+0000] {logging_mixin.py:137} INFO - [2023-03-28T02:33:15.054+0000] {dagbag.py:532} INFO - Filling up the DagBag from /home/airflow/.local/lib/python3.7/site-packages/airflow/example_dags/example_dag_decorator.py
[2023-03-28T02:33:15.067+0000] {logging_mixin.py:137} INFO - [2023-03-28T02:33:15.067+0000] {taskmixin.py:211} WARNING - Dependency <Task(_PythonDecoratedOperator): prepare_email>, send_email already registered for DAG: example_dag_decorator
[2023-03-28T02:33:15.069+0000] {logging_mixin.py:137} INFO - [2023-03-28T02:33:15.068+0000] {taskmixin.py:211} WARNING - Dependency <Task(EmailOperator): send_email>, prepare_email already registered for DAG: example_dag_decorator
[2023-03-28T02:33:15.078+0000] {processor.py:753} INFO - DAG(s) dict_keys(['example_dag_decorator']) retrieved from /home/airflow/.local/lib/python3.7/site-packages/airflow/example_dags/example_dag_decorator.py
[2023-03-28T02:33:15.127+0000] {logging_mixin.py:137} INFO - [2023-03-28T02:33:15.127+0000] {dag.py:2693} INFO - Sync 1 DAGs
[2023-03-28T02:33:15.142+0000] {logging_mixin.py:137} INFO - [2023-03-28T02:33:15.142+0000] {dag.py:3444} INFO - Setting next_dagrun for example_dag_decorator to None, run_after=None
[2023-03-28T02:33:15.158+0000] {processor.py:175} INFO - Processing /home/airflow/.local/lib/python3.7/site-packages/airflow/example_dags/example_dag_decorator.py took 0.110 seconds
[2023-03-28T02:33:45.676+0000] {processor.py:153} INFO - Started process (PID=854) to work on /home/airflow/.local/lib/python3.7/site-packages/airflow/example_dags/example_dag_decorator.py
[2023-03-28T02:33:45.680+0000] {processor.py:743} INFO - Processing file /home/airflow/.local/lib/python3.7/site-packages/airflow/example_dags/example_dag_decorator.py for tasks to queue
[2023-03-28T02:33:45.681+0000] {logging_mixin.py:137} INFO - [2023-03-28T02:33:45.681+0000] {dagbag.py:532} INFO - Filling up the DagBag from /home/airflow/.local/lib/python3.7/site-packages/airflow/example_dags/example_dag_decorator.py
[2023-03-28T02:33:45.693+0000] {logging_mixin.py:137} INFO - [2023-03-28T02:33:45.693+0000] {taskmixin.py:211} WARNING - Dependency <Task(_PythonDecoratedOperator): prepare_email>, send_email already registered for DAG: example_dag_decorator
[2023-03-28T02:33:45.694+0000] {logging_mixin.py:137} INFO - [2023-03-28T02:33:45.694+0000] {taskmixin.py:211} WARNING - Dependency <Task(EmailOperator): send_email>, prepare_email already registered for DAG: example_dag_decorator
[2023-03-28T02:33:45.702+0000] {processor.py:753} INFO - DAG(s) dict_keys(['example_dag_decorator']) retrieved from /home/airflow/.local/lib/python3.7/site-packages/airflow/example_dags/example_dag_decorator.py
[2023-03-28T02:33:45.743+0000] {logging_mixin.py:137} INFO - [2023-03-28T02:33:45.743+0000] {dag.py:2693} INFO - Sync 1 DAGs
[2023-03-28T02:33:45.760+0000] {logging_mixin.py:137} INFO - [2023-03-28T02:33:45.760+0000] {dag.py:3444} INFO - Setting next_dagrun for example_dag_decorator to None, run_after=None
[2023-03-28T02:33:45.777+0000] {processor.py:175} INFO - Processing /home/airflow/.local/lib/python3.7/site-packages/airflow/example_dags/example_dag_decorator.py took 0.103 seconds
[2023-03-28T02:34:16.111+0000] {processor.py:153} INFO - Started process (PID=903) to work on /home/airflow/.local/lib/python3.7/site-packages/airflow/example_dags/example_dag_decorator.py
[2023-03-28T02:34:16.112+0000] {processor.py:743} INFO - Processing file /home/airflow/.local/lib/python3.7/site-packages/airflow/example_dags/example_dag_decorator.py for tasks to queue
[2023-03-28T02:34:16.113+0000] {logging_mixin.py:137} INFO - [2023-03-28T02:34:16.113+0000] {dagbag.py:532} INFO - Filling up the DagBag from /home/airflow/.local/lib/python3.7/site-packages/airflow/example_dags/example_dag_decorator.py
[2023-03-28T02:34:16.125+0000] {logging_mixin.py:137} INFO - [2023-03-28T02:34:16.125+0000] {taskmixin.py:211} WARNING - Dependency <Task(_PythonDecoratedOperator): prepare_email>, send_email already registered for DAG: example_dag_decorator
[2023-03-28T02:34:16.126+0000] {logging_mixin.py:137} INFO - [2023-03-28T02:34:16.126+0000] {taskmixin.py:211} WARNING - Dependency <Task(EmailOperator): send_email>, prepare_email already registered for DAG: example_dag_decorator
[2023-03-28T02:34:16.134+0000] {processor.py:753} INFO - DAG(s) dict_keys(['example_dag_decorator']) retrieved from /home/airflow/.local/lib/python3.7/site-packages/airflow/example_dags/example_dag_decorator.py
[2023-03-28T02:34:16.175+0000] {logging_mixin.py:137} INFO - [2023-03-28T02:34:16.175+0000] {dag.py:2693} INFO - Sync 1 DAGs
[2023-03-28T02:34:16.190+0000] {logging_mixin.py:137} INFO - [2023-03-28T02:34:16.190+0000] {dag.py:3444} INFO - Setting next_dagrun for example_dag_decorator to None, run_after=None
[2023-03-28T02:34:16.204+0000] {processor.py:175} INFO - Processing /home/airflow/.local/lib/python3.7/site-packages/airflow/example_dags/example_dag_decorator.py took 0.096 seconds
[2023-03-28T02:34:46.766+0000] {processor.py:153} INFO - Started process (PID=952) to work on /home/airflow/.local/lib/python3.7/site-packages/airflow/example_dags/example_dag_decorator.py
[2023-03-28T02:34:46.767+0000] {processor.py:743} INFO - Processing file /home/airflow/.local/lib/python3.7/site-packages/airflow/example_dags/example_dag_decorator.py for tasks to queue
[2023-03-28T02:34:46.769+0000] {logging_mixin.py:137} INFO - [2023-03-28T02:34:46.769+0000] {dagbag.py:532} INFO - Filling up the DagBag from /home/airflow/.local/lib/python3.7/site-packages/airflow/example_dags/example_dag_decorator.py
[2023-03-28T02:34:46.786+0000] {logging_mixin.py:137} INFO - [2023-03-28T02:34:46.786+0000] {taskmixin.py:211} WARNING - Dependency <Task(_PythonDecoratedOperator): prepare_email>, send_email already registered for DAG: example_dag_decorator
[2023-03-28T02:34:46.788+0000] {logging_mixin.py:137} INFO - [2023-03-28T02:34:46.787+0000] {taskmixin.py:211} WARNING - Dependency <Task(EmailOperator): send_email>, prepare_email already registered for DAG: example_dag_decorator
[2023-03-28T02:34:46.797+0000] {processor.py:753} INFO - DAG(s) dict_keys(['example_dag_decorator']) retrieved from /home/airflow/.local/lib/python3.7/site-packages/airflow/example_dags/example_dag_decorator.py
[2023-03-28T02:34:46.851+0000] {logging_mixin.py:137} INFO - [2023-03-28T02:34:46.851+0000] {dag.py:2693} INFO - Sync 1 DAGs
[2023-03-28T02:34:46.868+0000] {logging_mixin.py:137} INFO - [2023-03-28T02:34:46.867+0000] {dag.py:3444} INFO - Setting next_dagrun for example_dag_decorator to None, run_after=None
[2023-03-28T02:34:46.886+0000] {processor.py:175} INFO - Processing /home/airflow/.local/lib/python3.7/site-packages/airflow/example_dags/example_dag_decorator.py took 0.122 seconds
[2023-03-28T02:35:17.193+0000] {processor.py:153} INFO - Started process (PID=1001) to work on /home/airflow/.local/lib/python3.7/site-packages/airflow/example_dags/example_dag_decorator.py
[2023-03-28T02:35:17.195+0000] {processor.py:743} INFO - Processing file /home/airflow/.local/lib/python3.7/site-packages/airflow/example_dags/example_dag_decorator.py for tasks to queue
[2023-03-28T02:35:17.195+0000] {logging_mixin.py:137} INFO - [2023-03-28T02:35:17.195+0000] {dagbag.py:532} INFO - Filling up the DagBag from /home/airflow/.local/lib/python3.7/site-packages/airflow/example_dags/example_dag_decorator.py
[2023-03-28T02:35:17.207+0000] {logging_mixin.py:137} INFO - [2023-03-28T02:35:17.207+0000] {taskmixin.py:211} WARNING - Dependency <Task(_PythonDecoratedOperator): prepare_email>, send_email already registered for DAG: example_dag_decorator
[2023-03-28T02:35:17.208+0000] {logging_mixin.py:137} INFO - [2023-03-28T02:35:17.208+0000] {taskmixin.py:211} WARNING - Dependency <Task(EmailOperator): send_email>, prepare_email already registered for DAG: example_dag_decorator
[2023-03-28T02:35:17.217+0000] {processor.py:753} INFO - DAG(s) dict_keys(['example_dag_decorator']) retrieved from /home/airflow/.local/lib/python3.7/site-packages/airflow/example_dags/example_dag_decorator.py
[2023-03-28T02:35:17.258+0000] {logging_mixin.py:137} INFO - [2023-03-28T02:35:17.258+0000] {dag.py:2693} INFO - Sync 1 DAGs
[2023-03-28T02:35:17.272+0000] {logging_mixin.py:137} INFO - [2023-03-28T02:35:17.272+0000] {dag.py:3444} INFO - Setting next_dagrun for example_dag_decorator to None, run_after=None
[2023-03-28T02:35:17.286+0000] {processor.py:175} INFO - Processing /home/airflow/.local/lib/python3.7/site-packages/airflow/example_dags/example_dag_decorator.py took 0.096 seconds
[2023-03-28T02:35:47.653+0000] {processor.py:153} INFO - Started process (PID=1052) to work on /home/airflow/.local/lib/python3.7/site-packages/airflow/example_dags/example_dag_decorator.py
[2023-03-28T02:35:47.654+0000] {processor.py:743} INFO - Processing file /home/airflow/.local/lib/python3.7/site-packages/airflow/example_dags/example_dag_decorator.py for tasks to queue
[2023-03-28T02:35:47.655+0000] {logging_mixin.py:137} INFO - [2023-03-28T02:35:47.655+0000] {dagbag.py:532} INFO - Filling up the DagBag from /home/airflow/.local/lib/python3.7/site-packages/airflow/example_dags/example_dag_decorator.py
[2023-03-28T02:35:47.670+0000] {logging_mixin.py:137} INFO - [2023-03-28T02:35:47.670+0000] {taskmixin.py:211} WARNING - Dependency <Task(_PythonDecoratedOperator): prepare_email>, send_email already registered for DAG: example_dag_decorator
[2023-03-28T02:35:47.671+0000] {logging_mixin.py:137} INFO - [2023-03-28T02:35:47.671+0000] {taskmixin.py:211} WARNING - Dependency <Task(EmailOperator): send_email>, prepare_email already registered for DAG: example_dag_decorator
[2023-03-28T02:35:47.680+0000] {processor.py:753} INFO - DAG(s) dict_keys(['example_dag_decorator']) retrieved from /home/airflow/.local/lib/python3.7/site-packages/airflow/example_dags/example_dag_decorator.py
[2023-03-28T02:35:47.726+0000] {logging_mixin.py:137} INFO - [2023-03-28T02:35:47.726+0000] {dag.py:2693} INFO - Sync 1 DAGs
[2023-03-28T02:35:47.743+0000] {logging_mixin.py:137} INFO - [2023-03-28T02:35:47.743+0000] {dag.py:3444} INFO - Setting next_dagrun for example_dag_decorator to None, run_after=None
[2023-03-28T02:35:47.759+0000] {processor.py:175} INFO - Processing /home/airflow/.local/lib/python3.7/site-packages/airflow/example_dags/example_dag_decorator.py took 0.109 seconds
[2023-03-28T02:36:17.965+0000] {processor.py:153} INFO - Started process (PID=1102) to work on /home/airflow/.local/lib/python3.7/site-packages/airflow/example_dags/example_dag_decorator.py
[2023-03-28T02:36:17.967+0000] {processor.py:743} INFO - Processing file /home/airflow/.local/lib/python3.7/site-packages/airflow/example_dags/example_dag_decorator.py for tasks to queue
[2023-03-28T02:36:17.971+0000] {logging_mixin.py:137} INFO - [2023-03-28T02:36:17.971+0000] {dagbag.py:532} INFO - Filling up the DagBag from /home/airflow/.local/lib/python3.7/site-packages/airflow/example_dags/example_dag_decorator.py
[2023-03-28T02:36:17.984+0000] {logging_mixin.py:137} INFO - [2023-03-28T02:36:17.983+0000] {taskmixin.py:211} WARNING - Dependency <Task(_PythonDecoratedOperator): prepare_email>, send_email already registered for DAG: example_dag_decorator
[2023-03-28T02:36:17.985+0000] {logging_mixin.py:137} INFO - [2023-03-28T02:36:17.985+0000] {taskmixin.py:211} WARNING - Dependency <Task(EmailOperator): send_email>, prepare_email already registered for DAG: example_dag_decorator
[2023-03-28T02:36:17.994+0000] {processor.py:753} INFO - DAG(s) dict_keys(['example_dag_decorator']) retrieved from /home/airflow/.local/lib/python3.7/site-packages/airflow/example_dags/example_dag_decorator.py
[2023-03-28T02:36:18.045+0000] {logging_mixin.py:137} INFO - [2023-03-28T02:36:18.045+0000] {dag.py:2693} INFO - Sync 1 DAGs
[2023-03-28T02:36:18.060+0000] {logging_mixin.py:137} INFO - [2023-03-28T02:36:18.060+0000] {dag.py:3444} INFO - Setting next_dagrun for example_dag_decorator to None, run_after=None
[2023-03-28T02:36:18.073+0000] {processor.py:175} INFO - Processing /home/airflow/.local/lib/python3.7/site-packages/airflow/example_dags/example_dag_decorator.py took 0.110 seconds
[2023-03-28T02:36:48.484+0000] {processor.py:153} INFO - Started process (PID=1151) to work on /home/airflow/.local/lib/python3.7/site-packages/airflow/example_dags/example_dag_decorator.py
[2023-03-28T02:36:48.488+0000] {processor.py:743} INFO - Processing file /home/airflow/.local/lib/python3.7/site-packages/airflow/example_dags/example_dag_decorator.py for tasks to queue
[2023-03-28T02:36:48.490+0000] {logging_mixin.py:137} INFO - [2023-03-28T02:36:48.490+0000] {dagbag.py:532} INFO - Filling up the DagBag from /home/airflow/.local/lib/python3.7/site-packages/airflow/example_dags/example_dag_decorator.py
[2023-03-28T02:36:48.507+0000] {logging_mixin.py:137} INFO - [2023-03-28T02:36:48.507+0000] {taskmixin.py:211} WARNING - Dependency <Task(_PythonDecoratedOperator): prepare_email>, send_email already registered for DAG: example_dag_decorator
[2023-03-28T02:36:48.508+0000] {logging_mixin.py:137} INFO - [2023-03-28T02:36:48.508+0000] {taskmixin.py:211} WARNING - Dependency <Task(EmailOperator): send_email>, prepare_email already registered for DAG: example_dag_decorator
[2023-03-28T02:36:48.516+0000] {processor.py:753} INFO - DAG(s) dict_keys(['example_dag_decorator']) retrieved from /home/airflow/.local/lib/python3.7/site-packages/airflow/example_dags/example_dag_decorator.py
[2023-03-28T02:36:48.572+0000] {logging_mixin.py:137} INFO - [2023-03-28T02:36:48.572+0000] {dag.py:2693} INFO - Sync 1 DAGs
[2023-03-28T02:36:48.588+0000] {logging_mixin.py:137} INFO - [2023-03-28T02:36:48.587+0000] {dag.py:3444} INFO - Setting next_dagrun for example_dag_decorator to None, run_after=None
[2023-03-28T02:36:48.604+0000] {processor.py:175} INFO - Processing /home/airflow/.local/lib/python3.7/site-packages/airflow/example_dags/example_dag_decorator.py took 0.123 seconds
[2023-03-28T02:37:19.006+0000] {processor.py:153} INFO - Started process (PID=1201) to work on /home/airflow/.local/lib/python3.7/site-packages/airflow/example_dags/example_dag_decorator.py
[2023-03-28T02:37:19.008+0000] {processor.py:743} INFO - Processing file /home/airflow/.local/lib/python3.7/site-packages/airflow/example_dags/example_dag_decorator.py for tasks to queue
[2023-03-28T02:37:19.011+0000] {logging_mixin.py:137} INFO - [2023-03-28T02:37:19.011+0000] {dagbag.py:532} INFO - Filling up the DagBag from /home/airflow/.local/lib/python3.7/site-packages/airflow/example_dags/example_dag_decorator.py
[2023-03-28T02:37:19.025+0000] {logging_mixin.py:137} INFO - [2023-03-28T02:37:19.025+0000] {taskmixin.py:211} WARNING - Dependency <Task(_PythonDecoratedOperator): prepare_email>, send_email already registered for DAG: example_dag_decorator
[2023-03-28T02:37:19.026+0000] {logging_mixin.py:137} INFO - [2023-03-28T02:37:19.026+0000] {taskmixin.py:211} WARNING - Dependency <Task(EmailOperator): send_email>, prepare_email already registered for DAG: example_dag_decorator
[2023-03-28T02:37:19.036+0000] {processor.py:753} INFO - DAG(s) dict_keys(['example_dag_decorator']) retrieved from /home/airflow/.local/lib/python3.7/site-packages/airflow/example_dags/example_dag_decorator.py
[2023-03-28T02:37:19.081+0000] {logging_mixin.py:137} INFO - [2023-03-28T02:37:19.081+0000] {dag.py:2693} INFO - Sync 1 DAGs
[2023-03-28T02:37:19.097+0000] {logging_mixin.py:137} INFO - [2023-03-28T02:37:19.096+0000] {dag.py:3444} INFO - Setting next_dagrun for example_dag_decorator to None, run_after=None
[2023-03-28T02:37:19.111+0000] {processor.py:175} INFO - Processing /home/airflow/.local/lib/python3.7/site-packages/airflow/example_dags/example_dag_decorator.py took 0.108 seconds
[2023-03-28T02:37:49.491+0000] {processor.py:153} INFO - Started process (PID=1250) to work on /home/airflow/.local/lib/python3.7/site-packages/airflow/example_dags/example_dag_decorator.py
[2023-03-28T02:37:49.493+0000] {processor.py:743} INFO - Processing file /home/airflow/.local/lib/python3.7/site-packages/airflow/example_dags/example_dag_decorator.py for tasks to queue
[2023-03-28T02:37:49.494+0000] {logging_mixin.py:137} INFO - [2023-03-28T02:37:49.494+0000] {dagbag.py:532} INFO - Filling up the DagBag from /home/airflow/.local/lib/python3.7/site-packages/airflow/example_dags/example_dag_decorator.py
[2023-03-28T02:37:49.506+0000] {logging_mixin.py:137} INFO - [2023-03-28T02:37:49.506+0000] {taskmixin.py:211} WARNING - Dependency <Task(_PythonDecoratedOperator): prepare_email>, send_email already registered for DAG: example_dag_decorator
[2023-03-28T02:37:49.506+0000] {logging_mixin.py:137} INFO - [2023-03-28T02:37:49.506+0000] {taskmixin.py:211} WARNING - Dependency <Task(EmailOperator): send_email>, prepare_email already registered for DAG: example_dag_decorator
[2023-03-28T02:37:49.516+0000] {processor.py:753} INFO - DAG(s) dict_keys(['example_dag_decorator']) retrieved from /home/airflow/.local/lib/python3.7/site-packages/airflow/example_dags/example_dag_decorator.py
[2023-03-28T02:37:49.559+0000] {logging_mixin.py:137} INFO - [2023-03-28T02:37:49.559+0000] {dag.py:2693} INFO - Sync 1 DAGs
[2023-03-28T02:37:49.576+0000] {logging_mixin.py:137} INFO - [2023-03-28T02:37:49.575+0000] {dag.py:3444} INFO - Setting next_dagrun for example_dag_decorator to None, run_after=None
[2023-03-28T02:37:49.590+0000] {processor.py:175} INFO - Processing /home/airflow/.local/lib/python3.7/site-packages/airflow/example_dags/example_dag_decorator.py took 0.101 seconds
[2023-03-28T02:38:20.100+0000] {processor.py:153} INFO - Started process (PID=1299) to work on /home/airflow/.local/lib/python3.7/site-packages/airflow/example_dags/example_dag_decorator.py
[2023-03-28T02:38:20.101+0000] {processor.py:743} INFO - Processing file /home/airflow/.local/lib/python3.7/site-packages/airflow/example_dags/example_dag_decorator.py for tasks to queue
[2023-03-28T02:38:20.103+0000] {logging_mixin.py:137} INFO - [2023-03-28T02:38:20.103+0000] {dagbag.py:532} INFO - Filling up the DagBag from /home/airflow/.local/lib/python3.7/site-packages/airflow/example_dags/example_dag_decorator.py
[2023-03-28T02:38:20.117+0000] {logging_mixin.py:137} INFO - [2023-03-28T02:38:20.117+0000] {taskmixin.py:211} WARNING - Dependency <Task(_PythonDecoratedOperator): prepare_email>, send_email already registered for DAG: example_dag_decorator
[2023-03-28T02:38:20.118+0000] {logging_mixin.py:137} INFO - [2023-03-28T02:38:20.118+0000] {taskmixin.py:211} WARNING - Dependency <Task(EmailOperator): send_email>, prepare_email already registered for DAG: example_dag_decorator
[2023-03-28T02:38:20.132+0000] {processor.py:753} INFO - DAG(s) dict_keys(['example_dag_decorator']) retrieved from /home/airflow/.local/lib/python3.7/site-packages/airflow/example_dags/example_dag_decorator.py
[2023-03-28T02:38:20.177+0000] {logging_mixin.py:137} INFO - [2023-03-28T02:38:20.177+0000] {dag.py:2693} INFO - Sync 1 DAGs
[2023-03-28T02:38:20.193+0000] {logging_mixin.py:137} INFO - [2023-03-28T02:38:20.193+0000] {dag.py:3444} INFO - Setting next_dagrun for example_dag_decorator to None, run_after=None
[2023-03-28T02:38:20.209+0000] {processor.py:175} INFO - Processing /home/airflow/.local/lib/python3.7/site-packages/airflow/example_dags/example_dag_decorator.py took 0.112 seconds
[2023-03-28T02:38:50.429+0000] {processor.py:153} INFO - Started process (PID=1349) to work on /home/airflow/.local/lib/python3.7/site-packages/airflow/example_dags/example_dag_decorator.py
[2023-03-28T02:38:50.431+0000] {processor.py:743} INFO - Processing file /home/airflow/.local/lib/python3.7/site-packages/airflow/example_dags/example_dag_decorator.py for tasks to queue
[2023-03-28T02:38:50.432+0000] {logging_mixin.py:137} INFO - [2023-03-28T02:38:50.432+0000] {dagbag.py:532} INFO - Filling up the DagBag from /home/airflow/.local/lib/python3.7/site-packages/airflow/example_dags/example_dag_decorator.py
[2023-03-28T02:38:50.447+0000] {logging_mixin.py:137} INFO - [2023-03-28T02:38:50.447+0000] {taskmixin.py:211} WARNING - Dependency <Task(_PythonDecoratedOperator): prepare_email>, send_email already registered for DAG: example_dag_decorator
[2023-03-28T02:38:50.448+0000] {logging_mixin.py:137} INFO - [2023-03-28T02:38:50.448+0000] {taskmixin.py:211} WARNING - Dependency <Task(EmailOperator): send_email>, prepare_email already registered for DAG: example_dag_decorator
[2023-03-28T02:38:50.456+0000] {processor.py:753} INFO - DAG(s) dict_keys(['example_dag_decorator']) retrieved from /home/airflow/.local/lib/python3.7/site-packages/airflow/example_dags/example_dag_decorator.py
[2023-03-28T02:38:50.501+0000] {logging_mixin.py:137} INFO - [2023-03-28T02:38:50.500+0000] {dag.py:2693} INFO - Sync 1 DAGs
[2023-03-28T02:38:50.520+0000] {logging_mixin.py:137} INFO - [2023-03-28T02:38:50.520+0000] {dag.py:3444} INFO - Setting next_dagrun for example_dag_decorator to None, run_after=None
[2023-03-28T02:38:50.548+0000] {processor.py:175} INFO - Processing /home/airflow/.local/lib/python3.7/site-packages/airflow/example_dags/example_dag_decorator.py took 0.121 seconds
[2023-03-28T02:39:20.818+0000] {processor.py:153} INFO - Started process (PID=1398) to work on /home/airflow/.local/lib/python3.7/site-packages/airflow/example_dags/example_dag_decorator.py
[2023-03-28T02:39:20.820+0000] {processor.py:743} INFO - Processing file /home/airflow/.local/lib/python3.7/site-packages/airflow/example_dags/example_dag_decorator.py for tasks to queue
[2023-03-28T02:39:20.821+0000] {logging_mixin.py:137} INFO - [2023-03-28T02:39:20.821+0000] {dagbag.py:532} INFO - Filling up the DagBag from /home/airflow/.local/lib/python3.7/site-packages/airflow/example_dags/example_dag_decorator.py
[2023-03-28T02:39:20.833+0000] {logging_mixin.py:137} INFO - [2023-03-28T02:39:20.833+0000] {taskmixin.py:211} WARNING - Dependency <Task(_PythonDecoratedOperator): prepare_email>, send_email already registered for DAG: example_dag_decorator
[2023-03-28T02:39:20.834+0000] {logging_mixin.py:137} INFO - [2023-03-28T02:39:20.834+0000] {taskmixin.py:211} WARNING - Dependency <Task(EmailOperator): send_email>, prepare_email already registered for DAG: example_dag_decorator
[2023-03-28T02:39:20.844+0000] {processor.py:753} INFO - DAG(s) dict_keys(['example_dag_decorator']) retrieved from /home/airflow/.local/lib/python3.7/site-packages/airflow/example_dags/example_dag_decorator.py
[2023-03-28T02:39:20.884+0000] {logging_mixin.py:137} INFO - [2023-03-28T02:39:20.884+0000] {dag.py:2693} INFO - Sync 1 DAGs
[2023-03-28T02:39:20.901+0000] {logging_mixin.py:137} INFO - [2023-03-28T02:39:20.901+0000] {dag.py:3444} INFO - Setting next_dagrun for example_dag_decorator to None, run_after=None
[2023-03-28T02:39:20.914+0000] {processor.py:175} INFO - Processing /home/airflow/.local/lib/python3.7/site-packages/airflow/example_dags/example_dag_decorator.py took 0.098 seconds
[2023-03-28T02:39:51.436+0000] {processor.py:153} INFO - Started process (PID=1447) to work on /home/airflow/.local/lib/python3.7/site-packages/airflow/example_dags/example_dag_decorator.py
[2023-03-28T02:39:51.437+0000] {processor.py:743} INFO - Processing file /home/airflow/.local/lib/python3.7/site-packages/airflow/example_dags/example_dag_decorator.py for tasks to queue
[2023-03-28T02:39:51.438+0000] {logging_mixin.py:137} INFO - [2023-03-28T02:39:51.438+0000] {dagbag.py:532} INFO - Filling up the DagBag from /home/airflow/.local/lib/python3.7/site-packages/airflow/example_dags/example_dag_decorator.py
[2023-03-28T02:39:51.451+0000] {logging_mixin.py:137} INFO - [2023-03-28T02:39:51.451+0000] {taskmixin.py:211} WARNING - Dependency <Task(_PythonDecoratedOperator): prepare_email>, send_email already registered for DAG: example_dag_decorator
[2023-03-28T02:39:51.452+0000] {logging_mixin.py:137} INFO - [2023-03-28T02:39:51.452+0000] {taskmixin.py:211} WARNING - Dependency <Task(EmailOperator): send_email>, prepare_email already registered for DAG: example_dag_decorator
[2023-03-28T02:39:51.461+0000] {processor.py:753} INFO - DAG(s) dict_keys(['example_dag_decorator']) retrieved from /home/airflow/.local/lib/python3.7/site-packages/airflow/example_dags/example_dag_decorator.py
[2023-03-28T02:39:51.506+0000] {logging_mixin.py:137} INFO - [2023-03-28T02:39:51.506+0000] {dag.py:2693} INFO - Sync 1 DAGs
[2023-03-28T02:39:51.522+0000] {logging_mixin.py:137} INFO - [2023-03-28T02:39:51.522+0000] {dag.py:3444} INFO - Setting next_dagrun for example_dag_decorator to None, run_after=None
[2023-03-28T02:39:51.537+0000] {processor.py:175} INFO - Processing /home/airflow/.local/lib/python3.7/site-packages/airflow/example_dags/example_dag_decorator.py took 0.106 seconds
[2023-03-28T02:40:22.053+0000] {processor.py:153} INFO - Started process (PID=1496) to work on /home/airflow/.local/lib/python3.7/site-packages/airflow/example_dags/example_dag_decorator.py
[2023-03-28T02:40:22.055+0000] {processor.py:743} INFO - Processing file /home/airflow/.local/lib/python3.7/site-packages/airflow/example_dags/example_dag_decorator.py for tasks to queue
[2023-03-28T02:40:22.056+0000] {logging_mixin.py:137} INFO - [2023-03-28T02:40:22.056+0000] {dagbag.py:532} INFO - Filling up the DagBag from /home/airflow/.local/lib/python3.7/site-packages/airflow/example_dags/example_dag_decorator.py
[2023-03-28T02:40:22.066+0000] {logging_mixin.py:137} INFO - [2023-03-28T02:40:22.066+0000] {taskmixin.py:211} WARNING - Dependency <Task(_PythonDecoratedOperator): prepare_email>, send_email already registered for DAG: example_dag_decorator
[2023-03-28T02:40:22.067+0000] {logging_mixin.py:137} INFO - [2023-03-28T02:40:22.067+0000] {taskmixin.py:211} WARNING - Dependency <Task(EmailOperator): send_email>, prepare_email already registered for DAG: example_dag_decorator
[2023-03-28T02:40:22.075+0000] {processor.py:753} INFO - DAG(s) dict_keys(['example_dag_decorator']) retrieved from /home/airflow/.local/lib/python3.7/site-packages/airflow/example_dags/example_dag_decorator.py
[2023-03-28T02:40:22.113+0000] {logging_mixin.py:137} INFO - [2023-03-28T02:40:22.113+0000] {dag.py:2693} INFO - Sync 1 DAGs
[2023-03-28T02:40:22.127+0000] {logging_mixin.py:137} INFO - [2023-03-28T02:40:22.126+0000] {dag.py:3444} INFO - Setting next_dagrun for example_dag_decorator to None, run_after=None
[2023-03-28T02:40:22.140+0000] {processor.py:175} INFO - Processing /home/airflow/.local/lib/python3.7/site-packages/airflow/example_dags/example_dag_decorator.py took 0.089 seconds
[2023-03-28T02:40:53.038+0000] {processor.py:153} INFO - Started process (PID=1545) to work on /home/airflow/.local/lib/python3.7/site-packages/airflow/example_dags/example_dag_decorator.py
[2023-03-28T02:40:53.040+0000] {processor.py:743} INFO - Processing file /home/airflow/.local/lib/python3.7/site-packages/airflow/example_dags/example_dag_decorator.py for tasks to queue
[2023-03-28T02:40:53.041+0000] {logging_mixin.py:137} INFO - [2023-03-28T02:40:53.041+0000] {dagbag.py:532} INFO - Filling up the DagBag from /home/airflow/.local/lib/python3.7/site-packages/airflow/example_dags/example_dag_decorator.py
[2023-03-28T02:40:53.057+0000] {logging_mixin.py:137} INFO - [2023-03-28T02:40:53.057+0000] {taskmixin.py:211} WARNING - Dependency <Task(_PythonDecoratedOperator): prepare_email>, send_email already registered for DAG: example_dag_decorator
[2023-03-28T02:40:53.058+0000] {logging_mixin.py:137} INFO - [2023-03-28T02:40:53.058+0000] {taskmixin.py:211} WARNING - Dependency <Task(EmailOperator): send_email>, prepare_email already registered for DAG: example_dag_decorator
[2023-03-28T02:40:53.070+0000] {processor.py:753} INFO - DAG(s) dict_keys(['example_dag_decorator']) retrieved from /home/airflow/.local/lib/python3.7/site-packages/airflow/example_dags/example_dag_decorator.py
[2023-03-28T02:40:53.117+0000] {logging_mixin.py:137} INFO - [2023-03-28T02:40:53.117+0000] {dag.py:2693} INFO - Sync 1 DAGs
[2023-03-28T02:40:53.139+0000] {logging_mixin.py:137} INFO - [2023-03-28T02:40:53.139+0000] {dag.py:3444} INFO - Setting next_dagrun for example_dag_decorator to None, run_after=None
[2023-03-28T02:40:53.176+0000] {processor.py:175} INFO - Processing /home/airflow/.local/lib/python3.7/site-packages/airflow/example_dags/example_dag_decorator.py took 0.140 seconds
