[2023-03-28T02:25:28.213+0000] {processor.py:153} INFO - Started process (PID=37) to work on /home/airflow/.local/lib/python3.7/site-packages/airflow/example_dags/example_sla_dag.py
[2023-03-28T02:25:28.215+0000] {processor.py:743} INFO - Processing file /home/airflow/.local/lib/python3.7/site-packages/airflow/example_dags/example_sla_dag.py for tasks to queue
[2023-03-28T02:25:28.217+0000] {logging_mixin.py:137} INFO - [2023-03-28T02:25:28.216+0000] {dagbag.py:532} INFO - Filling up the DagBag from /home/airflow/.local/lib/python3.7/site-packages/airflow/example_dags/example_sla_dag.py
[2023-03-28T02:25:28.244+0000] {processor.py:753} INFO - DAG(s) dict_keys(['example_sla_dag']) retrieved from /home/airflow/.local/lib/python3.7/site-packages/airflow/example_dags/example_sla_dag.py
[2023-03-28T02:25:28.264+0000] {logging_mixin.py:137} INFO - [2023-03-28T02:25:28.264+0000] {dag.py:2693} INFO - Sync 1 DAGs
[2023-03-28T02:25:28.306+0000] {logging_mixin.py:137} INFO - [2023-03-28T02:25:28.306+0000] {dag.py:3444} INFO - Setting next_dagrun for example_sla_dag to 2023-03-28T02:22:00+00:00, run_after=2023-03-28T02:24:00+00:00
[2023-03-28T02:25:28.344+0000] {processor.py:175} INFO - Processing /home/airflow/.local/lib/python3.7/site-packages/airflow/example_dags/example_sla_dag.py took 0.136 seconds
[2023-03-28T02:25:59.063+0000] {processor.py:153} INFO - Started process (PID=86) to work on /home/airflow/.local/lib/python3.7/site-packages/airflow/example_dags/example_sla_dag.py
[2023-03-28T02:25:59.065+0000] {processor.py:743} INFO - Processing file /home/airflow/.local/lib/python3.7/site-packages/airflow/example_dags/example_sla_dag.py for tasks to queue
[2023-03-28T02:25:59.066+0000] {logging_mixin.py:137} INFO - [2023-03-28T02:25:59.066+0000] {dagbag.py:532} INFO - Filling up the DagBag from /home/airflow/.local/lib/python3.7/site-packages/airflow/example_dags/example_sla_dag.py
[2023-03-28T02:25:59.084+0000] {processor.py:753} INFO - DAG(s) dict_keys(['example_sla_dag']) retrieved from /home/airflow/.local/lib/python3.7/site-packages/airflow/example_dags/example_sla_dag.py
[2023-03-28T02:25:59.103+0000] {logging_mixin.py:137} INFO - [2023-03-28T02:25:59.102+0000] {dag.py:2693} INFO - Sync 1 DAGs
[2023-03-28T02:25:59.123+0000] {logging_mixin.py:137} INFO - [2023-03-28T02:25:59.123+0000] {dag.py:3444} INFO - Setting next_dagrun for example_sla_dag to 2023-03-28T02:22:00+00:00, run_after=2023-03-28T02:24:00+00:00
[2023-03-28T02:25:59.141+0000] {processor.py:175} INFO - Processing /home/airflow/.local/lib/python3.7/site-packages/airflow/example_dags/example_sla_dag.py took 0.080 seconds
[2023-03-28T02:26:29.665+0000] {processor.py:153} INFO - Started process (PID=135) to work on /home/airflow/.local/lib/python3.7/site-packages/airflow/example_dags/example_sla_dag.py
[2023-03-28T02:26:29.666+0000] {processor.py:743} INFO - Processing file /home/airflow/.local/lib/python3.7/site-packages/airflow/example_dags/example_sla_dag.py for tasks to queue
[2023-03-28T02:26:29.667+0000] {logging_mixin.py:137} INFO - [2023-03-28T02:26:29.667+0000] {dagbag.py:532} INFO - Filling up the DagBag from /home/airflow/.local/lib/python3.7/site-packages/airflow/example_dags/example_sla_dag.py
[2023-03-28T02:26:29.684+0000] {processor.py:753} INFO - DAG(s) dict_keys(['example_sla_dag']) retrieved from /home/airflow/.local/lib/python3.7/site-packages/airflow/example_dags/example_sla_dag.py
[2023-03-28T02:26:29.703+0000] {logging_mixin.py:137} INFO - [2023-03-28T02:26:29.703+0000] {dag.py:2693} INFO - Sync 1 DAGs
[2023-03-28T02:26:29.721+0000] {logging_mixin.py:137} INFO - [2023-03-28T02:26:29.721+0000] {dag.py:3444} INFO - Setting next_dagrun for example_sla_dag to 2023-03-28T02:24:00+00:00, run_after=2023-03-28T02:26:00+00:00
[2023-03-28T02:26:29.736+0000] {processor.py:175} INFO - Processing /home/airflow/.local/lib/python3.7/site-packages/airflow/example_dags/example_sla_dag.py took 0.074 seconds
[2023-03-28T02:27:00.624+0000] {processor.py:153} INFO - Started process (PID=184) to work on /home/airflow/.local/lib/python3.7/site-packages/airflow/example_dags/example_sla_dag.py
[2023-03-28T02:27:00.627+0000] {processor.py:743} INFO - Processing file /home/airflow/.local/lib/python3.7/site-packages/airflow/example_dags/example_sla_dag.py for tasks to queue
[2023-03-28T02:27:00.628+0000] {logging_mixin.py:137} INFO - [2023-03-28T02:27:00.628+0000] {dagbag.py:532} INFO - Filling up the DagBag from /home/airflow/.local/lib/python3.7/site-packages/airflow/example_dags/example_sla_dag.py
[2023-03-28T02:27:00.645+0000] {processor.py:753} INFO - DAG(s) dict_keys(['example_sla_dag']) retrieved from /home/airflow/.local/lib/python3.7/site-packages/airflow/example_dags/example_sla_dag.py
[2023-03-28T02:27:00.663+0000] {logging_mixin.py:137} INFO - [2023-03-28T02:27:00.663+0000] {dag.py:2693} INFO - Sync 1 DAGs
[2023-03-28T02:27:00.684+0000] {logging_mixin.py:137} INFO - [2023-03-28T02:27:00.684+0000] {dag.py:3444} INFO - Setting next_dagrun for example_sla_dag to 2023-03-28T02:24:00+00:00, run_after=2023-03-28T02:26:00+00:00
[2023-03-28T02:27:00.704+0000] {processor.py:175} INFO - Processing /home/airflow/.local/lib/python3.7/site-packages/airflow/example_dags/example_sla_dag.py took 0.082 seconds
[2023-03-28T02:27:31.432+0000] {processor.py:153} INFO - Started process (PID=233) to work on /home/airflow/.local/lib/python3.7/site-packages/airflow/example_dags/example_sla_dag.py
[2023-03-28T02:27:31.433+0000] {processor.py:743} INFO - Processing file /home/airflow/.local/lib/python3.7/site-packages/airflow/example_dags/example_sla_dag.py for tasks to queue
[2023-03-28T02:27:31.434+0000] {logging_mixin.py:137} INFO - [2023-03-28T02:27:31.434+0000] {dagbag.py:532} INFO - Filling up the DagBag from /home/airflow/.local/lib/python3.7/site-packages/airflow/example_dags/example_sla_dag.py
[2023-03-28T02:27:31.451+0000] {processor.py:753} INFO - DAG(s) dict_keys(['example_sla_dag']) retrieved from /home/airflow/.local/lib/python3.7/site-packages/airflow/example_dags/example_sla_dag.py
[2023-03-28T02:27:31.470+0000] {logging_mixin.py:137} INFO - [2023-03-28T02:27:31.470+0000] {dag.py:2693} INFO - Sync 1 DAGs
[2023-03-28T02:27:31.489+0000] {logging_mixin.py:137} INFO - [2023-03-28T02:27:31.489+0000] {dag.py:3444} INFO - Setting next_dagrun for example_sla_dag to 2023-03-28T02:24:00+00:00, run_after=2023-03-28T02:26:00+00:00
[2023-03-28T02:27:31.502+0000] {processor.py:175} INFO - Processing /home/airflow/.local/lib/python3.7/site-packages/airflow/example_dags/example_sla_dag.py took 0.073 seconds
[2023-03-28T02:28:01.770+0000] {processor.py:153} INFO - Started process (PID=282) to work on /home/airflow/.local/lib/python3.7/site-packages/airflow/example_dags/example_sla_dag.py
[2023-03-28T02:28:01.771+0000] {processor.py:743} INFO - Processing file /home/airflow/.local/lib/python3.7/site-packages/airflow/example_dags/example_sla_dag.py for tasks to queue
[2023-03-28T02:28:01.772+0000] {logging_mixin.py:137} INFO - [2023-03-28T02:28:01.772+0000] {dagbag.py:532} INFO - Filling up the DagBag from /home/airflow/.local/lib/python3.7/site-packages/airflow/example_dags/example_sla_dag.py
[2023-03-28T02:28:01.790+0000] {processor.py:753} INFO - DAG(s) dict_keys(['example_sla_dag']) retrieved from /home/airflow/.local/lib/python3.7/site-packages/airflow/example_dags/example_sla_dag.py
[2023-03-28T02:28:01.809+0000] {logging_mixin.py:137} INFO - [2023-03-28T02:28:01.809+0000] {dag.py:2693} INFO - Sync 1 DAGs
[2023-03-28T02:28:01.826+0000] {logging_mixin.py:137} INFO - [2023-03-28T02:28:01.826+0000] {dag.py:3444} INFO - Setting next_dagrun for example_sla_dag to 2023-03-28T02:26:00+00:00, run_after=2023-03-28T02:28:00+00:00
[2023-03-28T02:28:01.839+0000] {processor.py:175} INFO - Processing /home/airflow/.local/lib/python3.7/site-packages/airflow/example_dags/example_sla_dag.py took 0.072 seconds
[2023-03-28T02:28:32.698+0000] {processor.py:153} INFO - Started process (PID=331) to work on /home/airflow/.local/lib/python3.7/site-packages/airflow/example_dags/example_sla_dag.py
[2023-03-28T02:28:32.699+0000] {processor.py:743} INFO - Processing file /home/airflow/.local/lib/python3.7/site-packages/airflow/example_dags/example_sla_dag.py for tasks to queue
[2023-03-28T02:28:32.701+0000] {logging_mixin.py:137} INFO - [2023-03-28T02:28:32.701+0000] {dagbag.py:532} INFO - Filling up the DagBag from /home/airflow/.local/lib/python3.7/site-packages/airflow/example_dags/example_sla_dag.py
[2023-03-28T02:28:32.717+0000] {processor.py:753} INFO - DAG(s) dict_keys(['example_sla_dag']) retrieved from /home/airflow/.local/lib/python3.7/site-packages/airflow/example_dags/example_sla_dag.py
[2023-03-28T02:28:32.735+0000] {logging_mixin.py:137} INFO - [2023-03-28T02:28:32.735+0000] {dag.py:2693} INFO - Sync 1 DAGs
[2023-03-28T02:28:32.754+0000] {logging_mixin.py:137} INFO - [2023-03-28T02:28:32.754+0000] {dag.py:3444} INFO - Setting next_dagrun for example_sla_dag to 2023-03-28T02:26:00+00:00, run_after=2023-03-28T02:28:00+00:00
[2023-03-28T02:28:32.766+0000] {processor.py:175} INFO - Processing /home/airflow/.local/lib/python3.7/site-packages/airflow/example_dags/example_sla_dag.py took 0.071 seconds
[2023-03-28T02:29:03.322+0000] {processor.py:153} INFO - Started process (PID=380) to work on /home/airflow/.local/lib/python3.7/site-packages/airflow/example_dags/example_sla_dag.py
[2023-03-28T02:29:03.324+0000] {processor.py:743} INFO - Processing file /home/airflow/.local/lib/python3.7/site-packages/airflow/example_dags/example_sla_dag.py for tasks to queue
[2023-03-28T02:29:03.325+0000] {logging_mixin.py:137} INFO - [2023-03-28T02:29:03.325+0000] {dagbag.py:532} INFO - Filling up the DagBag from /home/airflow/.local/lib/python3.7/site-packages/airflow/example_dags/example_sla_dag.py
[2023-03-28T02:29:03.345+0000] {processor.py:753} INFO - DAG(s) dict_keys(['example_sla_dag']) retrieved from /home/airflow/.local/lib/python3.7/site-packages/airflow/example_dags/example_sla_dag.py
[2023-03-28T02:29:03.364+0000] {logging_mixin.py:137} INFO - [2023-03-28T02:29:03.364+0000] {dag.py:2693} INFO - Sync 1 DAGs
[2023-03-28T02:29:03.395+0000] {logging_mixin.py:137} INFO - [2023-03-28T02:29:03.395+0000] {dag.py:3444} INFO - Setting next_dagrun for example_sla_dag to 2023-03-28T02:26:00+00:00, run_after=2023-03-28T02:28:00+00:00
[2023-03-28T02:29:03.414+0000] {processor.py:175} INFO - Processing /home/airflow/.local/lib/python3.7/site-packages/airflow/example_dags/example_sla_dag.py took 0.095 seconds
[2023-03-28T02:29:33.951+0000] {processor.py:153} INFO - Started process (PID=429) to work on /home/airflow/.local/lib/python3.7/site-packages/airflow/example_dags/example_sla_dag.py
[2023-03-28T02:29:33.953+0000] {processor.py:743} INFO - Processing file /home/airflow/.local/lib/python3.7/site-packages/airflow/example_dags/example_sla_dag.py for tasks to queue
[2023-03-28T02:29:33.954+0000] {logging_mixin.py:137} INFO - [2023-03-28T02:29:33.954+0000] {dagbag.py:532} INFO - Filling up the DagBag from /home/airflow/.local/lib/python3.7/site-packages/airflow/example_dags/example_sla_dag.py
[2023-03-28T02:29:33.973+0000] {processor.py:753} INFO - DAG(s) dict_keys(['example_sla_dag']) retrieved from /home/airflow/.local/lib/python3.7/site-packages/airflow/example_dags/example_sla_dag.py
[2023-03-28T02:29:33.992+0000] {logging_mixin.py:137} INFO - [2023-03-28T02:29:33.991+0000] {dag.py:2693} INFO - Sync 1 DAGs
[2023-03-28T02:29:34.020+0000] {logging_mixin.py:137} INFO - [2023-03-28T02:29:34.020+0000] {dag.py:3444} INFO - Setting next_dagrun for example_sla_dag to 2023-03-28T02:26:00+00:00, run_after=2023-03-28T02:28:00+00:00
[2023-03-28T02:29:34.040+0000] {processor.py:175} INFO - Processing /home/airflow/.local/lib/python3.7/site-packages/airflow/example_dags/example_sla_dag.py took 0.093 seconds
[2023-03-28T02:30:04.677+0000] {processor.py:153} INFO - Started process (PID=478) to work on /home/airflow/.local/lib/python3.7/site-packages/airflow/example_dags/example_sla_dag.py
[2023-03-28T02:30:04.679+0000] {processor.py:743} INFO - Processing file /home/airflow/.local/lib/python3.7/site-packages/airflow/example_dags/example_sla_dag.py for tasks to queue
[2023-03-28T02:30:04.680+0000] {logging_mixin.py:137} INFO - [2023-03-28T02:30:04.679+0000] {dagbag.py:532} INFO - Filling up the DagBag from /home/airflow/.local/lib/python3.7/site-packages/airflow/example_dags/example_sla_dag.py
[2023-03-28T02:30:04.696+0000] {processor.py:753} INFO - DAG(s) dict_keys(['example_sla_dag']) retrieved from /home/airflow/.local/lib/python3.7/site-packages/airflow/example_dags/example_sla_dag.py
[2023-03-28T02:30:04.712+0000] {logging_mixin.py:137} INFO - [2023-03-28T02:30:04.712+0000] {dag.py:2693} INFO - Sync 1 DAGs
[2023-03-28T02:30:04.730+0000] {logging_mixin.py:137} INFO - [2023-03-28T02:30:04.730+0000] {dag.py:3444} INFO - Setting next_dagrun for example_sla_dag to 2023-03-28T02:28:00+00:00, run_after=2023-03-28T02:30:00+00:00
[2023-03-28T02:30:04.741+0000] {processor.py:175} INFO - Processing /home/airflow/.local/lib/python3.7/site-packages/airflow/example_dags/example_sla_dag.py took 0.067 seconds
[2023-03-28T02:30:35.403+0000] {processor.py:153} INFO - Started process (PID=527) to work on /home/airflow/.local/lib/python3.7/site-packages/airflow/example_dags/example_sla_dag.py
[2023-03-28T02:30:35.405+0000] {processor.py:743} INFO - Processing file /home/airflow/.local/lib/python3.7/site-packages/airflow/example_dags/example_sla_dag.py for tasks to queue
[2023-03-28T02:30:35.406+0000] {logging_mixin.py:137} INFO - [2023-03-28T02:30:35.406+0000] {dagbag.py:532} INFO - Filling up the DagBag from /home/airflow/.local/lib/python3.7/site-packages/airflow/example_dags/example_sla_dag.py
[2023-03-28T02:30:35.426+0000] {processor.py:753} INFO - DAG(s) dict_keys(['example_sla_dag']) retrieved from /home/airflow/.local/lib/python3.7/site-packages/airflow/example_dags/example_sla_dag.py
[2023-03-28T02:30:35.446+0000] {logging_mixin.py:137} INFO - [2023-03-28T02:30:35.445+0000] {dag.py:2693} INFO - Sync 1 DAGs
[2023-03-28T02:30:35.463+0000] {logging_mixin.py:137} INFO - [2023-03-28T02:30:35.463+0000] {dag.py:3444} INFO - Setting next_dagrun for example_sla_dag to 2023-03-28T02:28:00+00:00, run_after=2023-03-28T02:30:00+00:00
[2023-03-28T02:30:35.476+0000] {processor.py:175} INFO - Processing /home/airflow/.local/lib/python3.7/site-packages/airflow/example_dags/example_sla_dag.py took 0.075 seconds
[2023-03-28T02:31:06.034+0000] {processor.py:153} INFO - Started process (PID=576) to work on /home/airflow/.local/lib/python3.7/site-packages/airflow/example_dags/example_sla_dag.py
[2023-03-28T02:31:06.039+0000] {processor.py:743} INFO - Processing file /home/airflow/.local/lib/python3.7/site-packages/airflow/example_dags/example_sla_dag.py for tasks to queue
[2023-03-28T02:31:06.041+0000] {logging_mixin.py:137} INFO - [2023-03-28T02:31:06.041+0000] {dagbag.py:532} INFO - Filling up the DagBag from /home/airflow/.local/lib/python3.7/site-packages/airflow/example_dags/example_sla_dag.py
[2023-03-28T02:31:06.062+0000] {processor.py:753} INFO - DAG(s) dict_keys(['example_sla_dag']) retrieved from /home/airflow/.local/lib/python3.7/site-packages/airflow/example_dags/example_sla_dag.py
[2023-03-28T02:31:06.088+0000] {logging_mixin.py:137} INFO - [2023-03-28T02:31:06.087+0000] {dag.py:2693} INFO - Sync 1 DAGs
[2023-03-28T02:31:06.111+0000] {logging_mixin.py:137} INFO - [2023-03-28T02:31:06.111+0000] {dag.py:3444} INFO - Setting next_dagrun for example_sla_dag to 2023-03-28T02:28:00+00:00, run_after=2023-03-28T02:30:00+00:00
[2023-03-28T02:31:06.123+0000] {processor.py:175} INFO - Processing /home/airflow/.local/lib/python3.7/site-packages/airflow/example_dags/example_sla_dag.py took 0.096 seconds
[2023-03-28T02:31:36.820+0000] {processor.py:153} INFO - Started process (PID=626) to work on /home/airflow/.local/lib/python3.7/site-packages/airflow/example_dags/example_sla_dag.py
[2023-03-28T02:31:36.822+0000] {processor.py:743} INFO - Processing file /home/airflow/.local/lib/python3.7/site-packages/airflow/example_dags/example_sla_dag.py for tasks to queue
[2023-03-28T02:31:36.824+0000] {logging_mixin.py:137} INFO - [2023-03-28T02:31:36.824+0000] {dagbag.py:532} INFO - Filling up the DagBag from /home/airflow/.local/lib/python3.7/site-packages/airflow/example_dags/example_sla_dag.py
[2023-03-28T02:31:36.841+0000] {processor.py:753} INFO - DAG(s) dict_keys(['example_sla_dag']) retrieved from /home/airflow/.local/lib/python3.7/site-packages/airflow/example_dags/example_sla_dag.py
[2023-03-28T02:31:36.861+0000] {logging_mixin.py:137} INFO - [2023-03-28T02:31:36.861+0000] {dag.py:2693} INFO - Sync 1 DAGs
[2023-03-28T02:31:36.879+0000] {logging_mixin.py:137} INFO - [2023-03-28T02:31:36.879+0000] {dag.py:3444} INFO - Setting next_dagrun for example_sla_dag to 2023-03-28T02:28:00+00:00, run_after=2023-03-28T02:30:00+00:00
[2023-03-28T02:31:36.892+0000] {processor.py:175} INFO - Processing /home/airflow/.local/lib/python3.7/site-packages/airflow/example_dags/example_sla_dag.py took 0.074 seconds
[2023-03-28T02:32:07.743+0000] {processor.py:153} INFO - Started process (PID=675) to work on /home/airflow/.local/lib/python3.7/site-packages/airflow/example_dags/example_sla_dag.py
[2023-03-28T02:32:07.745+0000] {processor.py:743} INFO - Processing file /home/airflow/.local/lib/python3.7/site-packages/airflow/example_dags/example_sla_dag.py for tasks to queue
[2023-03-28T02:32:07.745+0000] {logging_mixin.py:137} INFO - [2023-03-28T02:32:07.745+0000] {dagbag.py:532} INFO - Filling up the DagBag from /home/airflow/.local/lib/python3.7/site-packages/airflow/example_dags/example_sla_dag.py
[2023-03-28T02:32:07.763+0000] {processor.py:753} INFO - DAG(s) dict_keys(['example_sla_dag']) retrieved from /home/airflow/.local/lib/python3.7/site-packages/airflow/example_dags/example_sla_dag.py
[2023-03-28T02:32:07.780+0000] {logging_mixin.py:137} INFO - [2023-03-28T02:32:07.780+0000] {dag.py:2693} INFO - Sync 1 DAGs
[2023-03-28T02:32:07.799+0000] {logging_mixin.py:137} INFO - [2023-03-28T02:32:07.799+0000] {dag.py:3444} INFO - Setting next_dagrun for example_sla_dag to 2023-03-28T02:30:00+00:00, run_after=2023-03-28T02:32:00+00:00
[2023-03-28T02:32:07.811+0000] {processor.py:175} INFO - Processing /home/airflow/.local/lib/python3.7/site-packages/airflow/example_dags/example_sla_dag.py took 0.071 seconds
[2023-03-28T02:32:38.372+0000] {processor.py:153} INFO - Started process (PID=724) to work on /home/airflow/.local/lib/python3.7/site-packages/airflow/example_dags/example_sla_dag.py
[2023-03-28T02:32:38.373+0000] {processor.py:743} INFO - Processing file /home/airflow/.local/lib/python3.7/site-packages/airflow/example_dags/example_sla_dag.py for tasks to queue
[2023-03-28T02:32:38.374+0000] {logging_mixin.py:137} INFO - [2023-03-28T02:32:38.374+0000] {dagbag.py:532} INFO - Filling up the DagBag from /home/airflow/.local/lib/python3.7/site-packages/airflow/example_dags/example_sla_dag.py
[2023-03-28T02:32:38.387+0000] {processor.py:753} INFO - DAG(s) dict_keys(['example_sla_dag']) retrieved from /home/airflow/.local/lib/python3.7/site-packages/airflow/example_dags/example_sla_dag.py
[2023-03-28T02:32:38.403+0000] {logging_mixin.py:137} INFO - [2023-03-28T02:32:38.403+0000] {dag.py:2693} INFO - Sync 1 DAGs
[2023-03-28T02:32:38.419+0000] {logging_mixin.py:137} INFO - [2023-03-28T02:32:38.419+0000] {dag.py:3444} INFO - Setting next_dagrun for example_sla_dag to 2023-03-28T02:30:00+00:00, run_after=2023-03-28T02:32:00+00:00
[2023-03-28T02:32:38.430+0000] {processor.py:175} INFO - Processing /home/airflow/.local/lib/python3.7/site-packages/airflow/example_dags/example_sla_dag.py took 0.061 seconds
[2023-03-28T02:33:09.081+0000] {processor.py:153} INFO - Started process (PID=773) to work on /home/airflow/.local/lib/python3.7/site-packages/airflow/example_dags/example_sla_dag.py
[2023-03-28T02:33:09.082+0000] {processor.py:743} INFO - Processing file /home/airflow/.local/lib/python3.7/site-packages/airflow/example_dags/example_sla_dag.py for tasks to queue
[2023-03-28T02:33:09.083+0000] {logging_mixin.py:137} INFO - [2023-03-28T02:33:09.083+0000] {dagbag.py:532} INFO - Filling up the DagBag from /home/airflow/.local/lib/python3.7/site-packages/airflow/example_dags/example_sla_dag.py
[2023-03-28T02:33:09.103+0000] {processor.py:753} INFO - DAG(s) dict_keys(['example_sla_dag']) retrieved from /home/airflow/.local/lib/python3.7/site-packages/airflow/example_dags/example_sla_dag.py
[2023-03-28T02:33:09.123+0000] {logging_mixin.py:137} INFO - [2023-03-28T02:33:09.122+0000] {dag.py:2693} INFO - Sync 1 DAGs
[2023-03-28T02:33:09.141+0000] {logging_mixin.py:137} INFO - [2023-03-28T02:33:09.140+0000] {dag.py:3444} INFO - Setting next_dagrun for example_sla_dag to 2023-03-28T02:30:00+00:00, run_after=2023-03-28T02:32:00+00:00
[2023-03-28T02:33:09.155+0000] {processor.py:175} INFO - Processing /home/airflow/.local/lib/python3.7/site-packages/airflow/example_dags/example_sla_dag.py took 0.076 seconds
[2023-03-28T02:33:40.087+0000] {processor.py:153} INFO - Started process (PID=822) to work on /home/airflow/.local/lib/python3.7/site-packages/airflow/example_dags/example_sla_dag.py
[2023-03-28T02:33:40.088+0000] {processor.py:743} INFO - Processing file /home/airflow/.local/lib/python3.7/site-packages/airflow/example_dags/example_sla_dag.py for tasks to queue
[2023-03-28T02:33:40.090+0000] {logging_mixin.py:137} INFO - [2023-03-28T02:33:40.090+0000] {dagbag.py:532} INFO - Filling up the DagBag from /home/airflow/.local/lib/python3.7/site-packages/airflow/example_dags/example_sla_dag.py
[2023-03-28T02:33:40.108+0000] {processor.py:753} INFO - DAG(s) dict_keys(['example_sla_dag']) retrieved from /home/airflow/.local/lib/python3.7/site-packages/airflow/example_dags/example_sla_dag.py
[2023-03-28T02:33:40.127+0000] {logging_mixin.py:137} INFO - [2023-03-28T02:33:40.127+0000] {dag.py:2693} INFO - Sync 1 DAGs
[2023-03-28T02:33:40.147+0000] {logging_mixin.py:137} INFO - [2023-03-28T02:33:40.147+0000] {dag.py:3444} INFO - Setting next_dagrun for example_sla_dag to 2023-03-28T02:30:00+00:00, run_after=2023-03-28T02:32:00+00:00
[2023-03-28T02:33:40.159+0000] {processor.py:175} INFO - Processing /home/airflow/.local/lib/python3.7/site-packages/airflow/example_dags/example_sla_dag.py took 0.075 seconds
[2023-03-28T02:34:10.501+0000] {processor.py:153} INFO - Started process (PID=871) to work on /home/airflow/.local/lib/python3.7/site-packages/airflow/example_dags/example_sla_dag.py
[2023-03-28T02:34:10.502+0000] {processor.py:743} INFO - Processing file /home/airflow/.local/lib/python3.7/site-packages/airflow/example_dags/example_sla_dag.py for tasks to queue
[2023-03-28T02:34:10.503+0000] {logging_mixin.py:137} INFO - [2023-03-28T02:34:10.503+0000] {dagbag.py:532} INFO - Filling up the DagBag from /home/airflow/.local/lib/python3.7/site-packages/airflow/example_dags/example_sla_dag.py
[2023-03-28T02:34:10.520+0000] {processor.py:753} INFO - DAG(s) dict_keys(['example_sla_dag']) retrieved from /home/airflow/.local/lib/python3.7/site-packages/airflow/example_dags/example_sla_dag.py
[2023-03-28T02:34:10.538+0000] {logging_mixin.py:137} INFO - [2023-03-28T02:34:10.538+0000] {dag.py:2693} INFO - Sync 1 DAGs
[2023-03-28T02:34:10.557+0000] {logging_mixin.py:137} INFO - [2023-03-28T02:34:10.557+0000] {dag.py:3444} INFO - Setting next_dagrun for example_sla_dag to 2023-03-28T02:32:00+00:00, run_after=2023-03-28T02:34:00+00:00
[2023-03-28T02:34:10.570+0000] {processor.py:175} INFO - Processing /home/airflow/.local/lib/python3.7/site-packages/airflow/example_dags/example_sla_dag.py took 0.071 seconds
[2023-03-28T02:34:40.896+0000] {processor.py:153} INFO - Started process (PID=920) to work on /home/airflow/.local/lib/python3.7/site-packages/airflow/example_dags/example_sla_dag.py
[2023-03-28T02:34:40.898+0000] {processor.py:743} INFO - Processing file /home/airflow/.local/lib/python3.7/site-packages/airflow/example_dags/example_sla_dag.py for tasks to queue
[2023-03-28T02:34:40.899+0000] {logging_mixin.py:137} INFO - [2023-03-28T02:34:40.898+0000] {dagbag.py:532} INFO - Filling up the DagBag from /home/airflow/.local/lib/python3.7/site-packages/airflow/example_dags/example_sla_dag.py
[2023-03-28T02:34:40.919+0000] {processor.py:753} INFO - DAG(s) dict_keys(['example_sla_dag']) retrieved from /home/airflow/.local/lib/python3.7/site-packages/airflow/example_dags/example_sla_dag.py
[2023-03-28T02:34:40.937+0000] {logging_mixin.py:137} INFO - [2023-03-28T02:34:40.937+0000] {dag.py:2693} INFO - Sync 1 DAGs
[2023-03-28T02:34:40.956+0000] {logging_mixin.py:137} INFO - [2023-03-28T02:34:40.956+0000] {dag.py:3444} INFO - Setting next_dagrun for example_sla_dag to 2023-03-28T02:32:00+00:00, run_after=2023-03-28T02:34:00+00:00
[2023-03-28T02:34:40.969+0000] {processor.py:175} INFO - Processing /home/airflow/.local/lib/python3.7/site-packages/airflow/example_dags/example_sla_dag.py took 0.075 seconds
[2023-03-28T02:35:11.585+0000] {processor.py:153} INFO - Started process (PID=969) to work on /home/airflow/.local/lib/python3.7/site-packages/airflow/example_dags/example_sla_dag.py
[2023-03-28T02:35:11.587+0000] {processor.py:743} INFO - Processing file /home/airflow/.local/lib/python3.7/site-packages/airflow/example_dags/example_sla_dag.py for tasks to queue
[2023-03-28T02:35:11.589+0000] {logging_mixin.py:137} INFO - [2023-03-28T02:35:11.589+0000] {dagbag.py:532} INFO - Filling up the DagBag from /home/airflow/.local/lib/python3.7/site-packages/airflow/example_dags/example_sla_dag.py
[2023-03-28T02:35:11.606+0000] {processor.py:753} INFO - DAG(s) dict_keys(['example_sla_dag']) retrieved from /home/airflow/.local/lib/python3.7/site-packages/airflow/example_dags/example_sla_dag.py
[2023-03-28T02:35:11.624+0000] {logging_mixin.py:137} INFO - [2023-03-28T02:35:11.624+0000] {dag.py:2693} INFO - Sync 1 DAGs
[2023-03-28T02:35:11.642+0000] {logging_mixin.py:137} INFO - [2023-03-28T02:35:11.642+0000] {dag.py:3444} INFO - Setting next_dagrun for example_sla_dag to 2023-03-28T02:32:00+00:00, run_after=2023-03-28T02:34:00+00:00
[2023-03-28T02:35:11.655+0000] {processor.py:175} INFO - Processing /home/airflow/.local/lib/python3.7/site-packages/airflow/example_dags/example_sla_dag.py took 0.073 seconds
[2023-03-28T02:35:42.062+0000] {processor.py:153} INFO - Started process (PID=1020) to work on /home/airflow/.local/lib/python3.7/site-packages/airflow/example_dags/example_sla_dag.py
[2023-03-28T02:35:42.064+0000] {processor.py:743} INFO - Processing file /home/airflow/.local/lib/python3.7/site-packages/airflow/example_dags/example_sla_dag.py for tasks to queue
[2023-03-28T02:35:42.065+0000] {logging_mixin.py:137} INFO - [2023-03-28T02:35:42.065+0000] {dagbag.py:532} INFO - Filling up the DagBag from /home/airflow/.local/lib/python3.7/site-packages/airflow/example_dags/example_sla_dag.py
[2023-03-28T02:35:42.082+0000] {processor.py:753} INFO - DAG(s) dict_keys(['example_sla_dag']) retrieved from /home/airflow/.local/lib/python3.7/site-packages/airflow/example_dags/example_sla_dag.py
[2023-03-28T02:35:42.102+0000] {logging_mixin.py:137} INFO - [2023-03-28T02:35:42.102+0000] {dag.py:2693} INFO - Sync 1 DAGs
[2023-03-28T02:35:42.120+0000] {logging_mixin.py:137} INFO - [2023-03-28T02:35:42.120+0000] {dag.py:3444} INFO - Setting next_dagrun for example_sla_dag to 2023-03-28T02:32:00+00:00, run_after=2023-03-28T02:34:00+00:00
[2023-03-28T02:35:42.132+0000] {processor.py:175} INFO - Processing /home/airflow/.local/lib/python3.7/site-packages/airflow/example_dags/example_sla_dag.py took 0.072 seconds
[2023-03-28T02:36:12.396+0000] {processor.py:153} INFO - Started process (PID=1070) to work on /home/airflow/.local/lib/python3.7/site-packages/airflow/example_dags/example_sla_dag.py
[2023-03-28T02:36:12.397+0000] {processor.py:743} INFO - Processing file /home/airflow/.local/lib/python3.7/site-packages/airflow/example_dags/example_sla_dag.py for tasks to queue
[2023-03-28T02:36:12.398+0000] {logging_mixin.py:137} INFO - [2023-03-28T02:36:12.398+0000] {dagbag.py:532} INFO - Filling up the DagBag from /home/airflow/.local/lib/python3.7/site-packages/airflow/example_dags/example_sla_dag.py
[2023-03-28T02:36:12.417+0000] {processor.py:753} INFO - DAG(s) dict_keys(['example_sla_dag']) retrieved from /home/airflow/.local/lib/python3.7/site-packages/airflow/example_dags/example_sla_dag.py
[2023-03-28T02:36:12.434+0000] {logging_mixin.py:137} INFO - [2023-03-28T02:36:12.434+0000] {dag.py:2693} INFO - Sync 1 DAGs
[2023-03-28T02:36:12.452+0000] {logging_mixin.py:137} INFO - [2023-03-28T02:36:12.452+0000] {dag.py:3444} INFO - Setting next_dagrun for example_sla_dag to 2023-03-28T02:34:00+00:00, run_after=2023-03-28T02:36:00+00:00
[2023-03-28T02:36:12.466+0000] {processor.py:175} INFO - Processing /home/airflow/.local/lib/python3.7/site-packages/airflow/example_dags/example_sla_dag.py took 0.073 seconds
[2023-03-28T02:36:42.817+0000] {processor.py:153} INFO - Started process (PID=1119) to work on /home/airflow/.local/lib/python3.7/site-packages/airflow/example_dags/example_sla_dag.py
[2023-03-28T02:36:42.819+0000] {processor.py:743} INFO - Processing file /home/airflow/.local/lib/python3.7/site-packages/airflow/example_dags/example_sla_dag.py for tasks to queue
[2023-03-28T02:36:42.820+0000] {logging_mixin.py:137} INFO - [2023-03-28T02:36:42.820+0000] {dagbag.py:532} INFO - Filling up the DagBag from /home/airflow/.local/lib/python3.7/site-packages/airflow/example_dags/example_sla_dag.py
[2023-03-28T02:36:42.835+0000] {processor.py:753} INFO - DAG(s) dict_keys(['example_sla_dag']) retrieved from /home/airflow/.local/lib/python3.7/site-packages/airflow/example_dags/example_sla_dag.py
[2023-03-28T02:36:42.853+0000] {logging_mixin.py:137} INFO - [2023-03-28T02:36:42.853+0000] {dag.py:2693} INFO - Sync 1 DAGs
[2023-03-28T02:36:42.874+0000] {logging_mixin.py:137} INFO - [2023-03-28T02:36:42.874+0000] {dag.py:3444} INFO - Setting next_dagrun for example_sla_dag to 2023-03-28T02:34:00+00:00, run_after=2023-03-28T02:36:00+00:00
[2023-03-28T02:36:42.886+0000] {processor.py:175} INFO - Processing /home/airflow/.local/lib/python3.7/site-packages/airflow/example_dags/example_sla_dag.py took 0.072 seconds
[2023-03-28T02:37:13.296+0000] {processor.py:153} INFO - Started process (PID=1169) to work on /home/airflow/.local/lib/python3.7/site-packages/airflow/example_dags/example_sla_dag.py
[2023-03-28T02:37:13.298+0000] {processor.py:743} INFO - Processing file /home/airflow/.local/lib/python3.7/site-packages/airflow/example_dags/example_sla_dag.py for tasks to queue
[2023-03-28T02:37:13.299+0000] {logging_mixin.py:137} INFO - [2023-03-28T02:37:13.299+0000] {dagbag.py:532} INFO - Filling up the DagBag from /home/airflow/.local/lib/python3.7/site-packages/airflow/example_dags/example_sla_dag.py
[2023-03-28T02:37:13.315+0000] {processor.py:753} INFO - DAG(s) dict_keys(['example_sla_dag']) retrieved from /home/airflow/.local/lib/python3.7/site-packages/airflow/example_dags/example_sla_dag.py
[2023-03-28T02:37:13.333+0000] {logging_mixin.py:137} INFO - [2023-03-28T02:37:13.333+0000] {dag.py:2693} INFO - Sync 1 DAGs
[2023-03-28T02:37:13.351+0000] {logging_mixin.py:137} INFO - [2023-03-28T02:37:13.351+0000] {dag.py:3444} INFO - Setting next_dagrun for example_sla_dag to 2023-03-28T02:34:00+00:00, run_after=2023-03-28T02:36:00+00:00
[2023-03-28T02:37:13.365+0000] {processor.py:175} INFO - Processing /home/airflow/.local/lib/python3.7/site-packages/airflow/example_dags/example_sla_dag.py took 0.071 seconds
[2023-03-28T02:37:43.765+0000] {processor.py:153} INFO - Started process (PID=1218) to work on /home/airflow/.local/lib/python3.7/site-packages/airflow/example_dags/example_sla_dag.py
[2023-03-28T02:37:43.767+0000] {processor.py:743} INFO - Processing file /home/airflow/.local/lib/python3.7/site-packages/airflow/example_dags/example_sla_dag.py for tasks to queue
[2023-03-28T02:37:43.769+0000] {logging_mixin.py:137} INFO - [2023-03-28T02:37:43.769+0000] {dagbag.py:532} INFO - Filling up the DagBag from /home/airflow/.local/lib/python3.7/site-packages/airflow/example_dags/example_sla_dag.py
[2023-03-28T02:37:43.788+0000] {processor.py:753} INFO - DAG(s) dict_keys(['example_sla_dag']) retrieved from /home/airflow/.local/lib/python3.7/site-packages/airflow/example_dags/example_sla_dag.py
[2023-03-28T02:37:43.807+0000] {logging_mixin.py:137} INFO - [2023-03-28T02:37:43.807+0000] {dag.py:2693} INFO - Sync 1 DAGs
[2023-03-28T02:37:43.825+0000] {logging_mixin.py:137} INFO - [2023-03-28T02:37:43.824+0000] {dag.py:3444} INFO - Setting next_dagrun for example_sla_dag to 2023-03-28T02:34:00+00:00, run_after=2023-03-28T02:36:00+00:00
[2023-03-28T02:37:43.836+0000] {processor.py:175} INFO - Processing /home/airflow/.local/lib/python3.7/site-packages/airflow/example_dags/example_sla_dag.py took 0.074 seconds
[2023-03-28T02:38:14.359+0000] {processor.py:153} INFO - Started process (PID=1267) to work on /home/airflow/.local/lib/python3.7/site-packages/airflow/example_dags/example_sla_dag.py
[2023-03-28T02:38:14.360+0000] {processor.py:743} INFO - Processing file /home/airflow/.local/lib/python3.7/site-packages/airflow/example_dags/example_sla_dag.py for tasks to queue
[2023-03-28T02:38:14.361+0000] {logging_mixin.py:137} INFO - [2023-03-28T02:38:14.361+0000] {dagbag.py:532} INFO - Filling up the DagBag from /home/airflow/.local/lib/python3.7/site-packages/airflow/example_dags/example_sla_dag.py
[2023-03-28T02:38:14.378+0000] {processor.py:753} INFO - DAG(s) dict_keys(['example_sla_dag']) retrieved from /home/airflow/.local/lib/python3.7/site-packages/airflow/example_dags/example_sla_dag.py
[2023-03-28T02:38:14.398+0000] {logging_mixin.py:137} INFO - [2023-03-28T02:38:14.398+0000] {dag.py:2693} INFO - Sync 1 DAGs
[2023-03-28T02:38:14.419+0000] {logging_mixin.py:137} INFO - [2023-03-28T02:38:14.419+0000] {dag.py:3444} INFO - Setting next_dagrun for example_sla_dag to 2023-03-28T02:36:00+00:00, run_after=2023-03-28T02:38:00+00:00
[2023-03-28T02:38:14.433+0000] {processor.py:175} INFO - Processing /home/airflow/.local/lib/python3.7/site-packages/airflow/example_dags/example_sla_dag.py took 0.076 seconds
[2023-03-28T02:38:44.860+0000] {processor.py:153} INFO - Started process (PID=1317) to work on /home/airflow/.local/lib/python3.7/site-packages/airflow/example_dags/example_sla_dag.py
[2023-03-28T02:38:44.862+0000] {processor.py:743} INFO - Processing file /home/airflow/.local/lib/python3.7/site-packages/airflow/example_dags/example_sla_dag.py for tasks to queue
[2023-03-28T02:38:44.863+0000] {logging_mixin.py:137} INFO - [2023-03-28T02:38:44.863+0000] {dagbag.py:532} INFO - Filling up the DagBag from /home/airflow/.local/lib/python3.7/site-packages/airflow/example_dags/example_sla_dag.py
[2023-03-28T02:38:44.881+0000] {processor.py:753} INFO - DAG(s) dict_keys(['example_sla_dag']) retrieved from /home/airflow/.local/lib/python3.7/site-packages/airflow/example_dags/example_sla_dag.py
[2023-03-28T02:38:44.903+0000] {logging_mixin.py:137} INFO - [2023-03-28T02:38:44.902+0000] {dag.py:2693} INFO - Sync 1 DAGs
[2023-03-28T02:38:44.920+0000] {logging_mixin.py:137} INFO - [2023-03-28T02:38:44.920+0000] {dag.py:3444} INFO - Setting next_dagrun for example_sla_dag to 2023-03-28T02:36:00+00:00, run_after=2023-03-28T02:38:00+00:00
[2023-03-28T02:38:44.931+0000] {processor.py:175} INFO - Processing /home/airflow/.local/lib/python3.7/site-packages/airflow/example_dags/example_sla_dag.py took 0.073 seconds
[2023-03-28T02:39:15.323+0000] {processor.py:153} INFO - Started process (PID=1366) to work on /home/airflow/.local/lib/python3.7/site-packages/airflow/example_dags/example_sla_dag.py
[2023-03-28T02:39:15.325+0000] {processor.py:743} INFO - Processing file /home/airflow/.local/lib/python3.7/site-packages/airflow/example_dags/example_sla_dag.py for tasks to queue
[2023-03-28T02:39:15.326+0000] {logging_mixin.py:137} INFO - [2023-03-28T02:39:15.326+0000] {dagbag.py:532} INFO - Filling up the DagBag from /home/airflow/.local/lib/python3.7/site-packages/airflow/example_dags/example_sla_dag.py
[2023-03-28T02:39:15.342+0000] {processor.py:753} INFO - DAG(s) dict_keys(['example_sla_dag']) retrieved from /home/airflow/.local/lib/python3.7/site-packages/airflow/example_dags/example_sla_dag.py
[2023-03-28T02:39:15.359+0000] {logging_mixin.py:137} INFO - [2023-03-28T02:39:15.359+0000] {dag.py:2693} INFO - Sync 1 DAGs
[2023-03-28T02:39:15.377+0000] {logging_mixin.py:137} INFO - [2023-03-28T02:39:15.377+0000] {dag.py:3444} INFO - Setting next_dagrun for example_sla_dag to 2023-03-28T02:36:00+00:00, run_after=2023-03-28T02:38:00+00:00
[2023-03-28T02:39:15.388+0000] {processor.py:175} INFO - Processing /home/airflow/.local/lib/python3.7/site-packages/airflow/example_dags/example_sla_dag.py took 0.068 seconds
[2023-03-28T02:39:45.595+0000] {processor.py:153} INFO - Started process (PID=1415) to work on /home/airflow/.local/lib/python3.7/site-packages/airflow/example_dags/example_sla_dag.py
[2023-03-28T02:39:45.597+0000] {processor.py:743} INFO - Processing file /home/airflow/.local/lib/python3.7/site-packages/airflow/example_dags/example_sla_dag.py for tasks to queue
[2023-03-28T02:39:45.598+0000] {logging_mixin.py:137} INFO - [2023-03-28T02:39:45.598+0000] {dagbag.py:532} INFO - Filling up the DagBag from /home/airflow/.local/lib/python3.7/site-packages/airflow/example_dags/example_sla_dag.py
[2023-03-28T02:39:45.617+0000] {processor.py:753} INFO - DAG(s) dict_keys(['example_sla_dag']) retrieved from /home/airflow/.local/lib/python3.7/site-packages/airflow/example_dags/example_sla_dag.py
[2023-03-28T02:39:45.637+0000] {logging_mixin.py:137} INFO - [2023-03-28T02:39:45.637+0000] {dag.py:2693} INFO - Sync 1 DAGs
[2023-03-28T02:39:45.656+0000] {logging_mixin.py:137} INFO - [2023-03-28T02:39:45.656+0000] {dag.py:3444} INFO - Setting next_dagrun for example_sla_dag to 2023-03-28T02:36:00+00:00, run_after=2023-03-28T02:38:00+00:00
[2023-03-28T02:39:45.671+0000] {processor.py:175} INFO - Processing /home/airflow/.local/lib/python3.7/site-packages/airflow/example_dags/example_sla_dag.py took 0.079 seconds
[2023-03-28T02:40:16.396+0000] {processor.py:153} INFO - Started process (PID=1464) to work on /home/airflow/.local/lib/python3.7/site-packages/airflow/example_dags/example_sla_dag.py
[2023-03-28T02:40:16.398+0000] {processor.py:743} INFO - Processing file /home/airflow/.local/lib/python3.7/site-packages/airflow/example_dags/example_sla_dag.py for tasks to queue
[2023-03-28T02:40:16.399+0000] {logging_mixin.py:137} INFO - [2023-03-28T02:40:16.399+0000] {dagbag.py:532} INFO - Filling up the DagBag from /home/airflow/.local/lib/python3.7/site-packages/airflow/example_dags/example_sla_dag.py
[2023-03-28T02:40:16.418+0000] {processor.py:753} INFO - DAG(s) dict_keys(['example_sla_dag']) retrieved from /home/airflow/.local/lib/python3.7/site-packages/airflow/example_dags/example_sla_dag.py
[2023-03-28T02:40:16.436+0000] {logging_mixin.py:137} INFO - [2023-03-28T02:40:16.436+0000] {dag.py:2693} INFO - Sync 1 DAGs
[2023-03-28T02:40:16.455+0000] {logging_mixin.py:137} INFO - [2023-03-28T02:40:16.454+0000] {dag.py:3444} INFO - Setting next_dagrun for example_sla_dag to 2023-03-28T02:38:00+00:00, run_after=2023-03-28T02:40:00+00:00
[2023-03-28T02:40:16.467+0000] {processor.py:175} INFO - Processing /home/airflow/.local/lib/python3.7/site-packages/airflow/example_dags/example_sla_dag.py took 0.073 seconds
[2023-03-28T02:40:47.048+0000] {processor.py:153} INFO - Started process (PID=1513) to work on /home/airflow/.local/lib/python3.7/site-packages/airflow/example_dags/example_sla_dag.py
[2023-03-28T02:40:47.049+0000] {processor.py:743} INFO - Processing file /home/airflow/.local/lib/python3.7/site-packages/airflow/example_dags/example_sla_dag.py for tasks to queue
[2023-03-28T02:40:47.050+0000] {logging_mixin.py:137} INFO - [2023-03-28T02:40:47.050+0000] {dagbag.py:532} INFO - Filling up the DagBag from /home/airflow/.local/lib/python3.7/site-packages/airflow/example_dags/example_sla_dag.py
[2023-03-28T02:40:47.077+0000] {processor.py:753} INFO - DAG(s) dict_keys(['example_sla_dag']) retrieved from /home/airflow/.local/lib/python3.7/site-packages/airflow/example_dags/example_sla_dag.py
[2023-03-28T02:40:47.107+0000] {logging_mixin.py:137} INFO - [2023-03-28T02:40:47.107+0000] {dag.py:2693} INFO - Sync 1 DAGs
[2023-03-28T02:40:47.133+0000] {logging_mixin.py:137} INFO - [2023-03-28T02:40:47.133+0000] {dag.py:3444} INFO - Setting next_dagrun for example_sla_dag to 2023-03-28T02:38:00+00:00, run_after=2023-03-28T02:40:00+00:00
[2023-03-28T02:40:47.151+0000] {processor.py:175} INFO - Processing /home/airflow/.local/lib/python3.7/site-packages/airflow/example_dags/example_sla_dag.py took 0.106 seconds
