[2023-03-28T02:25:33.242+0000] {processor.py:153} INFO - Started process (PID=59) to work on /home/airflow/.local/lib/python3.7/site-packages/airflow/example_dags/example_trigger_controller_dag.py
[2023-03-28T02:25:33.246+0000] {processor.py:743} INFO - Processing file /home/airflow/.local/lib/python3.7/site-packages/airflow/example_dags/example_trigger_controller_dag.py for tasks to queue
[2023-03-28T02:25:33.258+0000] {logging_mixin.py:137} INFO - [2023-03-28T02:25:33.257+0000] {dagbag.py:532} INFO - Filling up the DagBag from /home/airflow/.local/lib/python3.7/site-packages/airflow/example_dags/example_trigger_controller_dag.py
[2023-03-28T02:25:33.390+0000] {processor.py:753} INFO - DAG(s) dict_keys(['example_trigger_controller_dag']) retrieved from /home/airflow/.local/lib/python3.7/site-packages/airflow/example_dags/example_trigger_controller_dag.py
[2023-03-28T02:25:33.414+0000] {logging_mixin.py:137} INFO - [2023-03-28T02:25:33.414+0000] {dag.py:2693} INFO - Sync 1 DAGs
[2023-03-28T02:25:33.462+0000] {logging_mixin.py:137} INFO - [2023-03-28T02:25:33.462+0000] {dag.py:3444} INFO - Setting next_dagrun for example_trigger_controller_dag to 2021-01-01T00:00:00+00:00, run_after=2021-01-01T00:00:00+00:00
[2023-03-28T02:25:33.514+0000] {processor.py:175} INFO - Processing /home/airflow/.local/lib/python3.7/site-packages/airflow/example_dags/example_trigger_controller_dag.py took 0.280 seconds
[2023-03-28T02:26:04.290+0000] {processor.py:153} INFO - Started process (PID=108) to work on /home/airflow/.local/lib/python3.7/site-packages/airflow/example_dags/example_trigger_controller_dag.py
[2023-03-28T02:26:04.291+0000] {processor.py:743} INFO - Processing file /home/airflow/.local/lib/python3.7/site-packages/airflow/example_dags/example_trigger_controller_dag.py for tasks to queue
[2023-03-28T02:26:04.292+0000] {logging_mixin.py:137} INFO - [2023-03-28T02:26:04.292+0000] {dagbag.py:532} INFO - Filling up the DagBag from /home/airflow/.local/lib/python3.7/site-packages/airflow/example_dags/example_trigger_controller_dag.py
[2023-03-28T02:26:04.301+0000] {processor.py:753} INFO - DAG(s) dict_keys(['example_trigger_controller_dag']) retrieved from /home/airflow/.local/lib/python3.7/site-packages/airflow/example_dags/example_trigger_controller_dag.py
[2023-03-28T02:26:04.320+0000] {logging_mixin.py:137} INFO - [2023-03-28T02:26:04.320+0000] {dag.py:2693} INFO - Sync 1 DAGs
[2023-03-28T02:26:04.339+0000] {logging_mixin.py:137} INFO - [2023-03-28T02:26:04.338+0000] {dag.py:3444} INFO - Setting next_dagrun for example_trigger_controller_dag to 2021-01-01T00:00:00+00:00, run_after=2021-01-01T00:00:00+00:00
[2023-03-28T02:26:04.352+0000] {processor.py:175} INFO - Processing /home/airflow/.local/lib/python3.7/site-packages/airflow/example_dags/example_trigger_controller_dag.py took 0.065 seconds
[2023-03-28T02:26:34.906+0000] {processor.py:153} INFO - Started process (PID=157) to work on /home/airflow/.local/lib/python3.7/site-packages/airflow/example_dags/example_trigger_controller_dag.py
[2023-03-28T02:26:34.908+0000] {processor.py:743} INFO - Processing file /home/airflow/.local/lib/python3.7/site-packages/airflow/example_dags/example_trigger_controller_dag.py for tasks to queue
[2023-03-28T02:26:34.910+0000] {logging_mixin.py:137} INFO - [2023-03-28T02:26:34.909+0000] {dagbag.py:532} INFO - Filling up the DagBag from /home/airflow/.local/lib/python3.7/site-packages/airflow/example_dags/example_trigger_controller_dag.py
[2023-03-28T02:26:34.925+0000] {processor.py:753} INFO - DAG(s) dict_keys(['example_trigger_controller_dag']) retrieved from /home/airflow/.local/lib/python3.7/site-packages/airflow/example_dags/example_trigger_controller_dag.py
[2023-03-28T02:26:34.951+0000] {logging_mixin.py:137} INFO - [2023-03-28T02:26:34.951+0000] {dag.py:2693} INFO - Sync 1 DAGs
[2023-03-28T02:26:34.969+0000] {logging_mixin.py:137} INFO - [2023-03-28T02:26:34.969+0000] {dag.py:3444} INFO - Setting next_dagrun for example_trigger_controller_dag to 2021-01-01T00:00:00+00:00, run_after=2021-01-01T00:00:00+00:00
[2023-03-28T02:26:34.982+0000] {processor.py:175} INFO - Processing /home/airflow/.local/lib/python3.7/site-packages/airflow/example_dags/example_trigger_controller_dag.py took 0.078 seconds
[2023-03-28T02:27:05.968+0000] {processor.py:153} INFO - Started process (PID=206) to work on /home/airflow/.local/lib/python3.7/site-packages/airflow/example_dags/example_trigger_controller_dag.py
[2023-03-28T02:27:05.970+0000] {processor.py:743} INFO - Processing file /home/airflow/.local/lib/python3.7/site-packages/airflow/example_dags/example_trigger_controller_dag.py for tasks to queue
[2023-03-28T02:27:05.971+0000] {logging_mixin.py:137} INFO - [2023-03-28T02:27:05.971+0000] {dagbag.py:532} INFO - Filling up the DagBag from /home/airflow/.local/lib/python3.7/site-packages/airflow/example_dags/example_trigger_controller_dag.py
[2023-03-28T02:27:05.989+0000] {processor.py:753} INFO - DAG(s) dict_keys(['example_trigger_controller_dag']) retrieved from /home/airflow/.local/lib/python3.7/site-packages/airflow/example_dags/example_trigger_controller_dag.py
[2023-03-28T02:27:06.015+0000] {logging_mixin.py:137} INFO - [2023-03-28T02:27:06.015+0000] {dag.py:2693} INFO - Sync 1 DAGs
[2023-03-28T02:27:06.033+0000] {logging_mixin.py:137} INFO - [2023-03-28T02:27:06.033+0000] {dag.py:3444} INFO - Setting next_dagrun for example_trigger_controller_dag to 2021-01-01T00:00:00+00:00, run_after=2021-01-01T00:00:00+00:00
[2023-03-28T02:27:06.051+0000] {processor.py:175} INFO - Processing /home/airflow/.local/lib/python3.7/site-packages/airflow/example_dags/example_trigger_controller_dag.py took 0.088 seconds
[2023-03-28T02:27:36.568+0000] {processor.py:153} INFO - Started process (PID=255) to work on /home/airflow/.local/lib/python3.7/site-packages/airflow/example_dags/example_trigger_controller_dag.py
[2023-03-28T02:27:36.569+0000] {processor.py:743} INFO - Processing file /home/airflow/.local/lib/python3.7/site-packages/airflow/example_dags/example_trigger_controller_dag.py for tasks to queue
[2023-03-28T02:27:36.570+0000] {logging_mixin.py:137} INFO - [2023-03-28T02:27:36.570+0000] {dagbag.py:532} INFO - Filling up the DagBag from /home/airflow/.local/lib/python3.7/site-packages/airflow/example_dags/example_trigger_controller_dag.py
[2023-03-28T02:27:36.580+0000] {processor.py:753} INFO - DAG(s) dict_keys(['example_trigger_controller_dag']) retrieved from /home/airflow/.local/lib/python3.7/site-packages/airflow/example_dags/example_trigger_controller_dag.py
[2023-03-28T02:27:36.608+0000] {logging_mixin.py:137} INFO - [2023-03-28T02:27:36.608+0000] {dag.py:2693} INFO - Sync 1 DAGs
[2023-03-28T02:27:36.628+0000] {logging_mixin.py:137} INFO - [2023-03-28T02:27:36.628+0000] {dag.py:3444} INFO - Setting next_dagrun for example_trigger_controller_dag to 2021-01-01T00:00:00+00:00, run_after=2021-01-01T00:00:00+00:00
[2023-03-28T02:27:36.641+0000] {processor.py:175} INFO - Processing /home/airflow/.local/lib/python3.7/site-packages/airflow/example_dags/example_trigger_controller_dag.py took 0.075 seconds
[2023-03-28T02:28:07.222+0000] {processor.py:153} INFO - Started process (PID=304) to work on /home/airflow/.local/lib/python3.7/site-packages/airflow/example_dags/example_trigger_controller_dag.py
[2023-03-28T02:28:07.226+0000] {processor.py:743} INFO - Processing file /home/airflow/.local/lib/python3.7/site-packages/airflow/example_dags/example_trigger_controller_dag.py for tasks to queue
[2023-03-28T02:28:07.229+0000] {logging_mixin.py:137} INFO - [2023-03-28T02:28:07.229+0000] {dagbag.py:532} INFO - Filling up the DagBag from /home/airflow/.local/lib/python3.7/site-packages/airflow/example_dags/example_trigger_controller_dag.py
[2023-03-28T02:28:07.251+0000] {processor.py:753} INFO - DAG(s) dict_keys(['example_trigger_controller_dag']) retrieved from /home/airflow/.local/lib/python3.7/site-packages/airflow/example_dags/example_trigger_controller_dag.py
[2023-03-28T02:28:07.277+0000] {logging_mixin.py:137} INFO - [2023-03-28T02:28:07.277+0000] {dag.py:2693} INFO - Sync 1 DAGs
[2023-03-28T02:28:07.295+0000] {logging_mixin.py:137} INFO - [2023-03-28T02:28:07.295+0000] {dag.py:3444} INFO - Setting next_dagrun for example_trigger_controller_dag to 2021-01-01T00:00:00+00:00, run_after=2021-01-01T00:00:00+00:00
[2023-03-28T02:28:07.311+0000] {processor.py:175} INFO - Processing /home/airflow/.local/lib/python3.7/site-packages/airflow/example_dags/example_trigger_controller_dag.py took 0.101 seconds
[2023-03-28T02:28:37.882+0000] {processor.py:153} INFO - Started process (PID=353) to work on /home/airflow/.local/lib/python3.7/site-packages/airflow/example_dags/example_trigger_controller_dag.py
[2023-03-28T02:28:37.884+0000] {processor.py:743} INFO - Processing file /home/airflow/.local/lib/python3.7/site-packages/airflow/example_dags/example_trigger_controller_dag.py for tasks to queue
[2023-03-28T02:28:37.886+0000] {logging_mixin.py:137} INFO - [2023-03-28T02:28:37.885+0000] {dagbag.py:532} INFO - Filling up the DagBag from /home/airflow/.local/lib/python3.7/site-packages/airflow/example_dags/example_trigger_controller_dag.py
[2023-03-28T02:28:37.895+0000] {processor.py:753} INFO - DAG(s) dict_keys(['example_trigger_controller_dag']) retrieved from /home/airflow/.local/lib/python3.7/site-packages/airflow/example_dags/example_trigger_controller_dag.py
[2023-03-28T02:28:37.918+0000] {logging_mixin.py:137} INFO - [2023-03-28T02:28:37.918+0000] {dag.py:2693} INFO - Sync 1 DAGs
[2023-03-28T02:28:37.937+0000] {logging_mixin.py:137} INFO - [2023-03-28T02:28:37.937+0000] {dag.py:3444} INFO - Setting next_dagrun for example_trigger_controller_dag to 2021-01-01T00:00:00+00:00, run_after=2021-01-01T00:00:00+00:00
[2023-03-28T02:28:37.955+0000] {processor.py:175} INFO - Processing /home/airflow/.local/lib/python3.7/site-packages/airflow/example_dags/example_trigger_controller_dag.py took 0.076 seconds
[2023-03-28T02:29:08.639+0000] {processor.py:153} INFO - Started process (PID=402) to work on /home/airflow/.local/lib/python3.7/site-packages/airflow/example_dags/example_trigger_controller_dag.py
[2023-03-28T02:29:08.640+0000] {processor.py:743} INFO - Processing file /home/airflow/.local/lib/python3.7/site-packages/airflow/example_dags/example_trigger_controller_dag.py for tasks to queue
[2023-03-28T02:29:08.642+0000] {logging_mixin.py:137} INFO - [2023-03-28T02:29:08.642+0000] {dagbag.py:532} INFO - Filling up the DagBag from /home/airflow/.local/lib/python3.7/site-packages/airflow/example_dags/example_trigger_controller_dag.py
[2023-03-28T02:29:08.652+0000] {processor.py:753} INFO - DAG(s) dict_keys(['example_trigger_controller_dag']) retrieved from /home/airflow/.local/lib/python3.7/site-packages/airflow/example_dags/example_trigger_controller_dag.py
[2023-03-28T02:29:08.673+0000] {logging_mixin.py:137} INFO - [2023-03-28T02:29:08.673+0000] {dag.py:2693} INFO - Sync 1 DAGs
[2023-03-28T02:29:08.691+0000] {logging_mixin.py:137} INFO - [2023-03-28T02:29:08.691+0000] {dag.py:3444} INFO - Setting next_dagrun for example_trigger_controller_dag to 2021-01-01T00:00:00+00:00, run_after=2021-01-01T00:00:00+00:00
[2023-03-28T02:29:08.704+0000] {processor.py:175} INFO - Processing /home/airflow/.local/lib/python3.7/site-packages/airflow/example_dags/example_trigger_controller_dag.py took 0.069 seconds
[2023-03-28T02:29:39.231+0000] {processor.py:153} INFO - Started process (PID=451) to work on /home/airflow/.local/lib/python3.7/site-packages/airflow/example_dags/example_trigger_controller_dag.py
[2023-03-28T02:29:39.233+0000] {processor.py:743} INFO - Processing file /home/airflow/.local/lib/python3.7/site-packages/airflow/example_dags/example_trigger_controller_dag.py for tasks to queue
[2023-03-28T02:29:39.235+0000] {logging_mixin.py:137} INFO - [2023-03-28T02:29:39.235+0000] {dagbag.py:532} INFO - Filling up the DagBag from /home/airflow/.local/lib/python3.7/site-packages/airflow/example_dags/example_trigger_controller_dag.py
[2023-03-28T02:29:39.244+0000] {processor.py:753} INFO - DAG(s) dict_keys(['example_trigger_controller_dag']) retrieved from /home/airflow/.local/lib/python3.7/site-packages/airflow/example_dags/example_trigger_controller_dag.py
[2023-03-28T02:29:39.269+0000] {logging_mixin.py:137} INFO - [2023-03-28T02:29:39.269+0000] {dag.py:2693} INFO - Sync 1 DAGs
[2023-03-28T02:29:39.289+0000] {logging_mixin.py:137} INFO - [2023-03-28T02:29:39.289+0000] {dag.py:3444} INFO - Setting next_dagrun for example_trigger_controller_dag to 2021-01-01T00:00:00+00:00, run_after=2021-01-01T00:00:00+00:00
[2023-03-28T02:29:39.302+0000] {processor.py:175} INFO - Processing /home/airflow/.local/lib/python3.7/site-packages/airflow/example_dags/example_trigger_controller_dag.py took 0.073 seconds
[2023-03-28T02:30:10.010+0000] {processor.py:153} INFO - Started process (PID=500) to work on /home/airflow/.local/lib/python3.7/site-packages/airflow/example_dags/example_trigger_controller_dag.py
[2023-03-28T02:30:10.012+0000] {processor.py:743} INFO - Processing file /home/airflow/.local/lib/python3.7/site-packages/airflow/example_dags/example_trigger_controller_dag.py for tasks to queue
[2023-03-28T02:30:10.012+0000] {logging_mixin.py:137} INFO - [2023-03-28T02:30:10.012+0000] {dagbag.py:532} INFO - Filling up the DagBag from /home/airflow/.local/lib/python3.7/site-packages/airflow/example_dags/example_trigger_controller_dag.py
[2023-03-28T02:30:10.022+0000] {processor.py:753} INFO - DAG(s) dict_keys(['example_trigger_controller_dag']) retrieved from /home/airflow/.local/lib/python3.7/site-packages/airflow/example_dags/example_trigger_controller_dag.py
[2023-03-28T02:30:10.050+0000] {logging_mixin.py:137} INFO - [2023-03-28T02:30:10.050+0000] {dag.py:2693} INFO - Sync 1 DAGs
[2023-03-28T02:30:10.067+0000] {logging_mixin.py:137} INFO - [2023-03-28T02:30:10.067+0000] {dag.py:3444} INFO - Setting next_dagrun for example_trigger_controller_dag to 2021-01-01T00:00:00+00:00, run_after=2021-01-01T00:00:00+00:00
[2023-03-28T02:30:10.079+0000] {processor.py:175} INFO - Processing /home/airflow/.local/lib/python3.7/site-packages/airflow/example_dags/example_trigger_controller_dag.py took 0.071 seconds
[2023-03-28T02:30:40.616+0000] {processor.py:153} INFO - Started process (PID=549) to work on /home/airflow/.local/lib/python3.7/site-packages/airflow/example_dags/example_trigger_controller_dag.py
[2023-03-28T02:30:40.619+0000] {processor.py:743} INFO - Processing file /home/airflow/.local/lib/python3.7/site-packages/airflow/example_dags/example_trigger_controller_dag.py for tasks to queue
[2023-03-28T02:30:40.620+0000] {logging_mixin.py:137} INFO - [2023-03-28T02:30:40.620+0000] {dagbag.py:532} INFO - Filling up the DagBag from /home/airflow/.local/lib/python3.7/site-packages/airflow/example_dags/example_trigger_controller_dag.py
[2023-03-28T02:30:40.632+0000] {processor.py:753} INFO - DAG(s) dict_keys(['example_trigger_controller_dag']) retrieved from /home/airflow/.local/lib/python3.7/site-packages/airflow/example_dags/example_trigger_controller_dag.py
[2023-03-28T02:30:40.654+0000] {logging_mixin.py:137} INFO - [2023-03-28T02:30:40.654+0000] {dag.py:2693} INFO - Sync 1 DAGs
[2023-03-28T02:30:40.670+0000] {logging_mixin.py:137} INFO - [2023-03-28T02:30:40.670+0000] {dag.py:3444} INFO - Setting next_dagrun for example_trigger_controller_dag to 2021-01-01T00:00:00+00:00, run_after=2021-01-01T00:00:00+00:00
[2023-03-28T02:30:40.682+0000] {processor.py:175} INFO - Processing /home/airflow/.local/lib/python3.7/site-packages/airflow/example_dags/example_trigger_controller_dag.py took 0.068 seconds
[2023-03-28T02:31:11.396+0000] {processor.py:153} INFO - Started process (PID=598) to work on /home/airflow/.local/lib/python3.7/site-packages/airflow/example_dags/example_trigger_controller_dag.py
[2023-03-28T02:31:11.398+0000] {processor.py:743} INFO - Processing file /home/airflow/.local/lib/python3.7/site-packages/airflow/example_dags/example_trigger_controller_dag.py for tasks to queue
[2023-03-28T02:31:11.399+0000] {logging_mixin.py:137} INFO - [2023-03-28T02:31:11.399+0000] {dagbag.py:532} INFO - Filling up the DagBag from /home/airflow/.local/lib/python3.7/site-packages/airflow/example_dags/example_trigger_controller_dag.py
[2023-03-28T02:31:11.409+0000] {processor.py:753} INFO - DAG(s) dict_keys(['example_trigger_controller_dag']) retrieved from /home/airflow/.local/lib/python3.7/site-packages/airflow/example_dags/example_trigger_controller_dag.py
[2023-03-28T02:31:11.450+0000] {logging_mixin.py:137} INFO - [2023-03-28T02:31:11.450+0000] {dag.py:2693} INFO - Sync 1 DAGs
[2023-03-28T02:31:11.481+0000] {logging_mixin.py:137} INFO - [2023-03-28T02:31:11.481+0000] {dag.py:3444} INFO - Setting next_dagrun for example_trigger_controller_dag to 2021-01-01T00:00:00+00:00, run_after=2021-01-01T00:00:00+00:00
[2023-03-28T02:31:11.506+0000] {processor.py:175} INFO - Processing /home/airflow/.local/lib/python3.7/site-packages/airflow/example_dags/example_trigger_controller_dag.py took 0.113 seconds
[2023-03-28T02:31:42.167+0000] {processor.py:153} INFO - Started process (PID=648) to work on /home/airflow/.local/lib/python3.7/site-packages/airflow/example_dags/example_trigger_controller_dag.py
[2023-03-28T02:31:42.169+0000] {processor.py:743} INFO - Processing file /home/airflow/.local/lib/python3.7/site-packages/airflow/example_dags/example_trigger_controller_dag.py for tasks to queue
[2023-03-28T02:31:42.170+0000] {logging_mixin.py:137} INFO - [2023-03-28T02:31:42.170+0000] {dagbag.py:532} INFO - Filling up the DagBag from /home/airflow/.local/lib/python3.7/site-packages/airflow/example_dags/example_trigger_controller_dag.py
[2023-03-28T02:31:42.185+0000] {processor.py:753} INFO - DAG(s) dict_keys(['example_trigger_controller_dag']) retrieved from /home/airflow/.local/lib/python3.7/site-packages/airflow/example_dags/example_trigger_controller_dag.py
[2023-03-28T02:31:42.214+0000] {logging_mixin.py:137} INFO - [2023-03-28T02:31:42.214+0000] {dag.py:2693} INFO - Sync 1 DAGs
[2023-03-28T02:31:42.240+0000] {logging_mixin.py:137} INFO - [2023-03-28T02:31:42.239+0000] {dag.py:3444} INFO - Setting next_dagrun for example_trigger_controller_dag to 2021-01-01T00:00:00+00:00, run_after=2021-01-01T00:00:00+00:00
[2023-03-28T02:31:42.271+0000] {processor.py:175} INFO - Processing /home/airflow/.local/lib/python3.7/site-packages/airflow/example_dags/example_trigger_controller_dag.py took 0.106 seconds
[2023-03-28T02:32:12.894+0000] {processor.py:153} INFO - Started process (PID=697) to work on /home/airflow/.local/lib/python3.7/site-packages/airflow/example_dags/example_trigger_controller_dag.py
[2023-03-28T02:32:12.895+0000] {processor.py:743} INFO - Processing file /home/airflow/.local/lib/python3.7/site-packages/airflow/example_dags/example_trigger_controller_dag.py for tasks to queue
[2023-03-28T02:32:12.897+0000] {logging_mixin.py:137} INFO - [2023-03-28T02:32:12.897+0000] {dagbag.py:532} INFO - Filling up the DagBag from /home/airflow/.local/lib/python3.7/site-packages/airflow/example_dags/example_trigger_controller_dag.py
[2023-03-28T02:32:12.906+0000] {processor.py:753} INFO - DAG(s) dict_keys(['example_trigger_controller_dag']) retrieved from /home/airflow/.local/lib/python3.7/site-packages/airflow/example_dags/example_trigger_controller_dag.py
[2023-03-28T02:32:12.940+0000] {logging_mixin.py:137} INFO - [2023-03-28T02:32:12.940+0000] {dag.py:2693} INFO - Sync 1 DAGs
[2023-03-28T02:32:12.965+0000] {logging_mixin.py:137} INFO - [2023-03-28T02:32:12.965+0000] {dag.py:3444} INFO - Setting next_dagrun for example_trigger_controller_dag to 2021-01-01T00:00:00+00:00, run_after=2021-01-01T00:00:00+00:00
[2023-03-28T02:32:12.982+0000] {processor.py:175} INFO - Processing /home/airflow/.local/lib/python3.7/site-packages/airflow/example_dags/example_trigger_controller_dag.py took 0.094 seconds
[2023-03-28T02:32:43.608+0000] {processor.py:153} INFO - Started process (PID=746) to work on /home/airflow/.local/lib/python3.7/site-packages/airflow/example_dags/example_trigger_controller_dag.py
[2023-03-28T02:32:43.610+0000] {processor.py:743} INFO - Processing file /home/airflow/.local/lib/python3.7/site-packages/airflow/example_dags/example_trigger_controller_dag.py for tasks to queue
[2023-03-28T02:32:43.611+0000] {logging_mixin.py:137} INFO - [2023-03-28T02:32:43.611+0000] {dagbag.py:532} INFO - Filling up the DagBag from /home/airflow/.local/lib/python3.7/site-packages/airflow/example_dags/example_trigger_controller_dag.py
[2023-03-28T02:32:43.620+0000] {processor.py:753} INFO - DAG(s) dict_keys(['example_trigger_controller_dag']) retrieved from /home/airflow/.local/lib/python3.7/site-packages/airflow/example_dags/example_trigger_controller_dag.py
[2023-03-28T02:32:43.641+0000] {logging_mixin.py:137} INFO - [2023-03-28T02:32:43.641+0000] {dag.py:2693} INFO - Sync 1 DAGs
[2023-03-28T02:32:43.659+0000] {logging_mixin.py:137} INFO - [2023-03-28T02:32:43.659+0000] {dag.py:3444} INFO - Setting next_dagrun for example_trigger_controller_dag to 2021-01-01T00:00:00+00:00, run_after=2021-01-01T00:00:00+00:00
[2023-03-28T02:32:43.672+0000] {processor.py:175} INFO - Processing /home/airflow/.local/lib/python3.7/site-packages/airflow/example_dags/example_trigger_controller_dag.py took 0.067 seconds
[2023-03-28T02:33:14.518+0000] {processor.py:153} INFO - Started process (PID=795) to work on /home/airflow/.local/lib/python3.7/site-packages/airflow/example_dags/example_trigger_controller_dag.py
[2023-03-28T02:33:14.520+0000] {processor.py:743} INFO - Processing file /home/airflow/.local/lib/python3.7/site-packages/airflow/example_dags/example_trigger_controller_dag.py for tasks to queue
[2023-03-28T02:33:14.523+0000] {logging_mixin.py:137} INFO - [2023-03-28T02:33:14.523+0000] {dagbag.py:532} INFO - Filling up the DagBag from /home/airflow/.local/lib/python3.7/site-packages/airflow/example_dags/example_trigger_controller_dag.py
[2023-03-28T02:33:14.533+0000] {processor.py:753} INFO - DAG(s) dict_keys(['example_trigger_controller_dag']) retrieved from /home/airflow/.local/lib/python3.7/site-packages/airflow/example_dags/example_trigger_controller_dag.py
[2023-03-28T02:33:14.558+0000] {logging_mixin.py:137} INFO - [2023-03-28T02:33:14.558+0000] {dag.py:2693} INFO - Sync 1 DAGs
[2023-03-28T02:33:14.575+0000] {logging_mixin.py:137} INFO - [2023-03-28T02:33:14.575+0000] {dag.py:3444} INFO - Setting next_dagrun for example_trigger_controller_dag to 2021-01-01T00:00:00+00:00, run_after=2021-01-01T00:00:00+00:00
[2023-03-28T02:33:14.589+0000] {processor.py:175} INFO - Processing /home/airflow/.local/lib/python3.7/site-packages/airflow/example_dags/example_trigger_controller_dag.py took 0.074 seconds
[2023-03-28T02:33:45.201+0000] {processor.py:153} INFO - Started process (PID=844) to work on /home/airflow/.local/lib/python3.7/site-packages/airflow/example_dags/example_trigger_controller_dag.py
[2023-03-28T02:33:45.203+0000] {processor.py:743} INFO - Processing file /home/airflow/.local/lib/python3.7/site-packages/airflow/example_dags/example_trigger_controller_dag.py for tasks to queue
[2023-03-28T02:33:45.204+0000] {logging_mixin.py:137} INFO - [2023-03-28T02:33:45.203+0000] {dagbag.py:532} INFO - Filling up the DagBag from /home/airflow/.local/lib/python3.7/site-packages/airflow/example_dags/example_trigger_controller_dag.py
[2023-03-28T02:33:45.214+0000] {processor.py:753} INFO - DAG(s) dict_keys(['example_trigger_controller_dag']) retrieved from /home/airflow/.local/lib/python3.7/site-packages/airflow/example_dags/example_trigger_controller_dag.py
[2023-03-28T02:33:45.245+0000] {logging_mixin.py:137} INFO - [2023-03-28T02:33:45.245+0000] {dag.py:2693} INFO - Sync 1 DAGs
[2023-03-28T02:33:45.267+0000] {logging_mixin.py:137} INFO - [2023-03-28T02:33:45.267+0000] {dag.py:3444} INFO - Setting next_dagrun for example_trigger_controller_dag to 2021-01-01T00:00:00+00:00, run_after=2021-01-01T00:00:00+00:00
[2023-03-28T02:33:45.279+0000] {processor.py:175} INFO - Processing /home/airflow/.local/lib/python3.7/site-packages/airflow/example_dags/example_trigger_controller_dag.py took 0.081 seconds
[2023-03-28T02:34:15.668+0000] {processor.py:153} INFO - Started process (PID=893) to work on /home/airflow/.local/lib/python3.7/site-packages/airflow/example_dags/example_trigger_controller_dag.py
[2023-03-28T02:34:15.670+0000] {processor.py:743} INFO - Processing file /home/airflow/.local/lib/python3.7/site-packages/airflow/example_dags/example_trigger_controller_dag.py for tasks to queue
[2023-03-28T02:34:15.671+0000] {logging_mixin.py:137} INFO - [2023-03-28T02:34:15.671+0000] {dagbag.py:532} INFO - Filling up the DagBag from /home/airflow/.local/lib/python3.7/site-packages/airflow/example_dags/example_trigger_controller_dag.py
[2023-03-28T02:34:15.681+0000] {processor.py:753} INFO - DAG(s) dict_keys(['example_trigger_controller_dag']) retrieved from /home/airflow/.local/lib/python3.7/site-packages/airflow/example_dags/example_trigger_controller_dag.py
[2023-03-28T02:34:15.702+0000] {logging_mixin.py:137} INFO - [2023-03-28T02:34:15.702+0000] {dag.py:2693} INFO - Sync 1 DAGs
[2023-03-28T02:34:15.719+0000] {logging_mixin.py:137} INFO - [2023-03-28T02:34:15.718+0000] {dag.py:3444} INFO - Setting next_dagrun for example_trigger_controller_dag to 2021-01-01T00:00:00+00:00, run_after=2021-01-01T00:00:00+00:00
[2023-03-28T02:34:15.733+0000] {processor.py:175} INFO - Processing /home/airflow/.local/lib/python3.7/site-packages/airflow/example_dags/example_trigger_controller_dag.py took 0.067 seconds
[2023-03-28T02:34:46.038+0000] {processor.py:153} INFO - Started process (PID=942) to work on /home/airflow/.local/lib/python3.7/site-packages/airflow/example_dags/example_trigger_controller_dag.py
[2023-03-28T02:34:46.041+0000] {processor.py:743} INFO - Processing file /home/airflow/.local/lib/python3.7/site-packages/airflow/example_dags/example_trigger_controller_dag.py for tasks to queue
[2023-03-28T02:34:46.042+0000] {logging_mixin.py:137} INFO - [2023-03-28T02:34:46.042+0000] {dagbag.py:532} INFO - Filling up the DagBag from /home/airflow/.local/lib/python3.7/site-packages/airflow/example_dags/example_trigger_controller_dag.py
[2023-03-28T02:34:46.050+0000] {processor.py:753} INFO - DAG(s) dict_keys(['example_trigger_controller_dag']) retrieved from /home/airflow/.local/lib/python3.7/site-packages/airflow/example_dags/example_trigger_controller_dag.py
[2023-03-28T02:34:46.069+0000] {logging_mixin.py:137} INFO - [2023-03-28T02:34:46.069+0000] {dag.py:2693} INFO - Sync 1 DAGs
[2023-03-28T02:34:46.085+0000] {logging_mixin.py:137} INFO - [2023-03-28T02:34:46.085+0000] {dag.py:3444} INFO - Setting next_dagrun for example_trigger_controller_dag to 2021-01-01T00:00:00+00:00, run_after=2021-01-01T00:00:00+00:00
[2023-03-28T02:34:46.098+0000] {processor.py:175} INFO - Processing /home/airflow/.local/lib/python3.7/site-packages/airflow/example_dags/example_trigger_controller_dag.py took 0.063 seconds
[2023-03-28T02:35:16.755+0000] {processor.py:153} INFO - Started process (PID=991) to work on /home/airflow/.local/lib/python3.7/site-packages/airflow/example_dags/example_trigger_controller_dag.py
[2023-03-28T02:35:16.757+0000] {processor.py:743} INFO - Processing file /home/airflow/.local/lib/python3.7/site-packages/airflow/example_dags/example_trigger_controller_dag.py for tasks to queue
[2023-03-28T02:35:16.758+0000] {logging_mixin.py:137} INFO - [2023-03-28T02:35:16.758+0000] {dagbag.py:532} INFO - Filling up the DagBag from /home/airflow/.local/lib/python3.7/site-packages/airflow/example_dags/example_trigger_controller_dag.py
[2023-03-28T02:35:16.766+0000] {processor.py:753} INFO - DAG(s) dict_keys(['example_trigger_controller_dag']) retrieved from /home/airflow/.local/lib/python3.7/site-packages/airflow/example_dags/example_trigger_controller_dag.py
[2023-03-28T02:35:16.786+0000] {logging_mixin.py:137} INFO - [2023-03-28T02:35:16.786+0000] {dag.py:2693} INFO - Sync 1 DAGs
[2023-03-28T02:35:16.804+0000] {logging_mixin.py:137} INFO - [2023-03-28T02:35:16.804+0000] {dag.py:3444} INFO - Setting next_dagrun for example_trigger_controller_dag to 2021-01-01T00:00:00+00:00, run_after=2021-01-01T00:00:00+00:00
[2023-03-28T02:35:16.817+0000] {processor.py:175} INFO - Processing /home/airflow/.local/lib/python3.7/site-packages/airflow/example_dags/example_trigger_controller_dag.py took 0.064 seconds
[2023-03-28T02:35:47.184+0000] {processor.py:153} INFO - Started process (PID=1042) to work on /home/airflow/.local/lib/python3.7/site-packages/airflow/example_dags/example_trigger_controller_dag.py
[2023-03-28T02:35:47.185+0000] {processor.py:743} INFO - Processing file /home/airflow/.local/lib/python3.7/site-packages/airflow/example_dags/example_trigger_controller_dag.py for tasks to queue
[2023-03-28T02:35:47.189+0000] {logging_mixin.py:137} INFO - [2023-03-28T02:35:47.188+0000] {dagbag.py:532} INFO - Filling up the DagBag from /home/airflow/.local/lib/python3.7/site-packages/airflow/example_dags/example_trigger_controller_dag.py
[2023-03-28T02:35:47.197+0000] {processor.py:753} INFO - DAG(s) dict_keys(['example_trigger_controller_dag']) retrieved from /home/airflow/.local/lib/python3.7/site-packages/airflow/example_dags/example_trigger_controller_dag.py
[2023-03-28T02:35:47.219+0000] {logging_mixin.py:137} INFO - [2023-03-28T02:35:47.219+0000] {dag.py:2693} INFO - Sync 1 DAGs
[2023-03-28T02:35:47.237+0000] {logging_mixin.py:137} INFO - [2023-03-28T02:35:47.237+0000] {dag.py:3444} INFO - Setting next_dagrun for example_trigger_controller_dag to 2021-01-01T00:00:00+00:00, run_after=2021-01-01T00:00:00+00:00
[2023-03-28T02:35:47.250+0000] {processor.py:175} INFO - Processing /home/airflow/.local/lib/python3.7/site-packages/airflow/example_dags/example_trigger_controller_dag.py took 0.069 seconds
[2023-03-28T02:36:17.504+0000] {processor.py:153} INFO - Started process (PID=1092) to work on /home/airflow/.local/lib/python3.7/site-packages/airflow/example_dags/example_trigger_controller_dag.py
[2023-03-28T02:36:17.506+0000] {processor.py:743} INFO - Processing file /home/airflow/.local/lib/python3.7/site-packages/airflow/example_dags/example_trigger_controller_dag.py for tasks to queue
[2023-03-28T02:36:17.507+0000] {logging_mixin.py:137} INFO - [2023-03-28T02:36:17.507+0000] {dagbag.py:532} INFO - Filling up the DagBag from /home/airflow/.local/lib/python3.7/site-packages/airflow/example_dags/example_trigger_controller_dag.py
[2023-03-28T02:36:17.516+0000] {processor.py:753} INFO - DAG(s) dict_keys(['example_trigger_controller_dag']) retrieved from /home/airflow/.local/lib/python3.7/site-packages/airflow/example_dags/example_trigger_controller_dag.py
[2023-03-28T02:36:17.535+0000] {logging_mixin.py:137} INFO - [2023-03-28T02:36:17.534+0000] {dag.py:2693} INFO - Sync 1 DAGs
[2023-03-28T02:36:17.551+0000] {logging_mixin.py:137} INFO - [2023-03-28T02:36:17.551+0000] {dag.py:3444} INFO - Setting next_dagrun for example_trigger_controller_dag to 2021-01-01T00:00:00+00:00, run_after=2021-01-01T00:00:00+00:00
[2023-03-28T02:36:17.564+0000] {processor.py:175} INFO - Processing /home/airflow/.local/lib/python3.7/site-packages/airflow/example_dags/example_trigger_controller_dag.py took 0.062 seconds
[2023-03-28T02:36:47.984+0000] {processor.py:153} INFO - Started process (PID=1141) to work on /home/airflow/.local/lib/python3.7/site-packages/airflow/example_dags/example_trigger_controller_dag.py
[2023-03-28T02:36:47.985+0000] {processor.py:743} INFO - Processing file /home/airflow/.local/lib/python3.7/site-packages/airflow/example_dags/example_trigger_controller_dag.py for tasks to queue
[2023-03-28T02:36:47.986+0000] {logging_mixin.py:137} INFO - [2023-03-28T02:36:47.986+0000] {dagbag.py:532} INFO - Filling up the DagBag from /home/airflow/.local/lib/python3.7/site-packages/airflow/example_dags/example_trigger_controller_dag.py
[2023-03-28T02:36:47.995+0000] {processor.py:753} INFO - DAG(s) dict_keys(['example_trigger_controller_dag']) retrieved from /home/airflow/.local/lib/python3.7/site-packages/airflow/example_dags/example_trigger_controller_dag.py
[2023-03-28T02:36:48.018+0000] {logging_mixin.py:137} INFO - [2023-03-28T02:36:48.018+0000] {dag.py:2693} INFO - Sync 1 DAGs
[2023-03-28T02:36:48.037+0000] {logging_mixin.py:137} INFO - [2023-03-28T02:36:48.037+0000] {dag.py:3444} INFO - Setting next_dagrun for example_trigger_controller_dag to 2021-01-01T00:00:00+00:00, run_after=2021-01-01T00:00:00+00:00
[2023-03-28T02:36:48.050+0000] {processor.py:175} INFO - Processing /home/airflow/.local/lib/python3.7/site-packages/airflow/example_dags/example_trigger_controller_dag.py took 0.070 seconds
[2023-03-28T02:37:18.444+0000] {processor.py:153} INFO - Started process (PID=1191) to work on /home/airflow/.local/lib/python3.7/site-packages/airflow/example_dags/example_trigger_controller_dag.py
[2023-03-28T02:37:18.446+0000] {processor.py:743} INFO - Processing file /home/airflow/.local/lib/python3.7/site-packages/airflow/example_dags/example_trigger_controller_dag.py for tasks to queue
[2023-03-28T02:37:18.448+0000] {logging_mixin.py:137} INFO - [2023-03-28T02:37:18.448+0000] {dagbag.py:532} INFO - Filling up the DagBag from /home/airflow/.local/lib/python3.7/site-packages/airflow/example_dags/example_trigger_controller_dag.py
[2023-03-28T02:37:18.458+0000] {processor.py:753} INFO - DAG(s) dict_keys(['example_trigger_controller_dag']) retrieved from /home/airflow/.local/lib/python3.7/site-packages/airflow/example_dags/example_trigger_controller_dag.py
[2023-03-28T02:37:18.482+0000] {logging_mixin.py:137} INFO - [2023-03-28T02:37:18.482+0000] {dag.py:2693} INFO - Sync 1 DAGs
[2023-03-28T02:37:18.500+0000] {logging_mixin.py:137} INFO - [2023-03-28T02:37:18.500+0000] {dag.py:3444} INFO - Setting next_dagrun for example_trigger_controller_dag to 2021-01-01T00:00:00+00:00, run_after=2021-01-01T00:00:00+00:00
[2023-03-28T02:37:18.515+0000] {processor.py:175} INFO - Processing /home/airflow/.local/lib/python3.7/site-packages/airflow/example_dags/example_trigger_controller_dag.py took 0.073 seconds
[2023-03-28T02:37:48.997+0000] {processor.py:153} INFO - Started process (PID=1240) to work on /home/airflow/.local/lib/python3.7/site-packages/airflow/example_dags/example_trigger_controller_dag.py
[2023-03-28T02:37:48.999+0000] {processor.py:743} INFO - Processing file /home/airflow/.local/lib/python3.7/site-packages/airflow/example_dags/example_trigger_controller_dag.py for tasks to queue
[2023-03-28T02:37:49.000+0000] {logging_mixin.py:137} INFO - [2023-03-28T02:37:49.000+0000] {dagbag.py:532} INFO - Filling up the DagBag from /home/airflow/.local/lib/python3.7/site-packages/airflow/example_dags/example_trigger_controller_dag.py
[2023-03-28T02:37:49.014+0000] {processor.py:753} INFO - DAG(s) dict_keys(['example_trigger_controller_dag']) retrieved from /home/airflow/.local/lib/python3.7/site-packages/airflow/example_dags/example_trigger_controller_dag.py
[2023-03-28T02:37:49.058+0000] {logging_mixin.py:137} INFO - [2023-03-28T02:37:49.058+0000] {dag.py:2693} INFO - Sync 1 DAGs
[2023-03-28T02:37:49.085+0000] {logging_mixin.py:137} INFO - [2023-03-28T02:37:49.085+0000] {dag.py:3444} INFO - Setting next_dagrun for example_trigger_controller_dag to 2021-01-01T00:00:00+00:00, run_after=2021-01-01T00:00:00+00:00
[2023-03-28T02:37:49.109+0000] {processor.py:175} INFO - Processing /home/airflow/.local/lib/python3.7/site-packages/airflow/example_dags/example_trigger_controller_dag.py took 0.116 seconds
[2023-03-28T02:38:19.616+0000] {processor.py:153} INFO - Started process (PID=1289) to work on /home/airflow/.local/lib/python3.7/site-packages/airflow/example_dags/example_trigger_controller_dag.py
[2023-03-28T02:38:19.618+0000] {processor.py:743} INFO - Processing file /home/airflow/.local/lib/python3.7/site-packages/airflow/example_dags/example_trigger_controller_dag.py for tasks to queue
[2023-03-28T02:38:19.620+0000] {logging_mixin.py:137} INFO - [2023-03-28T02:38:19.620+0000] {dagbag.py:532} INFO - Filling up the DagBag from /home/airflow/.local/lib/python3.7/site-packages/airflow/example_dags/example_trigger_controller_dag.py
[2023-03-28T02:38:19.628+0000] {processor.py:753} INFO - DAG(s) dict_keys(['example_trigger_controller_dag']) retrieved from /home/airflow/.local/lib/python3.7/site-packages/airflow/example_dags/example_trigger_controller_dag.py
[2023-03-28T02:38:19.656+0000] {logging_mixin.py:137} INFO - [2023-03-28T02:38:19.656+0000] {dag.py:2693} INFO - Sync 1 DAGs
[2023-03-28T02:38:19.675+0000] {logging_mixin.py:137} INFO - [2023-03-28T02:38:19.675+0000] {dag.py:3444} INFO - Setting next_dagrun for example_trigger_controller_dag to 2021-01-01T00:00:00+00:00, run_after=2021-01-01T00:00:00+00:00
[2023-03-28T02:38:19.689+0000] {processor.py:175} INFO - Processing /home/airflow/.local/lib/python3.7/site-packages/airflow/example_dags/example_trigger_controller_dag.py took 0.076 seconds
[2023-03-28T02:38:49.971+0000] {processor.py:153} INFO - Started process (PID=1339) to work on /home/airflow/.local/lib/python3.7/site-packages/airflow/example_dags/example_trigger_controller_dag.py
[2023-03-28T02:38:49.974+0000] {processor.py:743} INFO - Processing file /home/airflow/.local/lib/python3.7/site-packages/airflow/example_dags/example_trigger_controller_dag.py for tasks to queue
[2023-03-28T02:38:49.976+0000] {logging_mixin.py:137} INFO - [2023-03-28T02:38:49.975+0000] {dagbag.py:532} INFO - Filling up the DagBag from /home/airflow/.local/lib/python3.7/site-packages/airflow/example_dags/example_trigger_controller_dag.py
[2023-03-28T02:38:49.990+0000] {processor.py:753} INFO - DAG(s) dict_keys(['example_trigger_controller_dag']) retrieved from /home/airflow/.local/lib/python3.7/site-packages/airflow/example_dags/example_trigger_controller_dag.py
[2023-03-28T02:38:50.012+0000] {logging_mixin.py:137} INFO - [2023-03-28T02:38:50.012+0000] {dag.py:2693} INFO - Sync 1 DAGs
[2023-03-28T02:38:50.029+0000] {logging_mixin.py:137} INFO - [2023-03-28T02:38:50.029+0000] {dag.py:3444} INFO - Setting next_dagrun for example_trigger_controller_dag to 2021-01-01T00:00:00+00:00, run_after=2021-01-01T00:00:00+00:00
[2023-03-28T02:38:50.042+0000] {processor.py:175} INFO - Processing /home/airflow/.local/lib/python3.7/site-packages/airflow/example_dags/example_trigger_controller_dag.py took 0.073 seconds
[2023-03-28T02:39:20.379+0000] {processor.py:153} INFO - Started process (PID=1388) to work on /home/airflow/.local/lib/python3.7/site-packages/airflow/example_dags/example_trigger_controller_dag.py
[2023-03-28T02:39:20.380+0000] {processor.py:743} INFO - Processing file /home/airflow/.local/lib/python3.7/site-packages/airflow/example_dags/example_trigger_controller_dag.py for tasks to queue
[2023-03-28T02:39:20.381+0000] {logging_mixin.py:137} INFO - [2023-03-28T02:39:20.381+0000] {dagbag.py:532} INFO - Filling up the DagBag from /home/airflow/.local/lib/python3.7/site-packages/airflow/example_dags/example_trigger_controller_dag.py
[2023-03-28T02:39:20.389+0000] {processor.py:753} INFO - DAG(s) dict_keys(['example_trigger_controller_dag']) retrieved from /home/airflow/.local/lib/python3.7/site-packages/airflow/example_dags/example_trigger_controller_dag.py
[2023-03-28T02:39:20.409+0000] {logging_mixin.py:137} INFO - [2023-03-28T02:39:20.409+0000] {dag.py:2693} INFO - Sync 1 DAGs
[2023-03-28T02:39:20.424+0000] {logging_mixin.py:137} INFO - [2023-03-28T02:39:20.424+0000] {dag.py:3444} INFO - Setting next_dagrun for example_trigger_controller_dag to 2021-01-01T00:00:00+00:00, run_after=2021-01-01T00:00:00+00:00
[2023-03-28T02:39:20.437+0000] {processor.py:175} INFO - Processing /home/airflow/.local/lib/python3.7/site-packages/airflow/example_dags/example_trigger_controller_dag.py took 0.060 seconds
[2023-03-28T02:39:50.915+0000] {processor.py:153} INFO - Started process (PID=1437) to work on /home/airflow/.local/lib/python3.7/site-packages/airflow/example_dags/example_trigger_controller_dag.py
[2023-03-28T02:39:50.917+0000] {processor.py:743} INFO - Processing file /home/airflow/.local/lib/python3.7/site-packages/airflow/example_dags/example_trigger_controller_dag.py for tasks to queue
[2023-03-28T02:39:50.919+0000] {logging_mixin.py:137} INFO - [2023-03-28T02:39:50.919+0000] {dagbag.py:532} INFO - Filling up the DagBag from /home/airflow/.local/lib/python3.7/site-packages/airflow/example_dags/example_trigger_controller_dag.py
[2023-03-28T02:39:50.929+0000] {processor.py:753} INFO - DAG(s) dict_keys(['example_trigger_controller_dag']) retrieved from /home/airflow/.local/lib/python3.7/site-packages/airflow/example_dags/example_trigger_controller_dag.py
[2023-03-28T02:39:50.954+0000] {logging_mixin.py:137} INFO - [2023-03-28T02:39:50.953+0000] {dag.py:2693} INFO - Sync 1 DAGs
[2023-03-28T02:39:50.986+0000] {logging_mixin.py:137} INFO - [2023-03-28T02:39:50.985+0000] {dag.py:3444} INFO - Setting next_dagrun for example_trigger_controller_dag to 2021-01-01T00:00:00+00:00, run_after=2021-01-01T00:00:00+00:00
[2023-03-28T02:39:51.005+0000] {processor.py:175} INFO - Processing /home/airflow/.local/lib/python3.7/site-packages/airflow/example_dags/example_trigger_controller_dag.py took 0.093 seconds
[2023-03-28T02:40:21.570+0000] {processor.py:153} INFO - Started process (PID=1486) to work on /home/airflow/.local/lib/python3.7/site-packages/airflow/example_dags/example_trigger_controller_dag.py
[2023-03-28T02:40:21.572+0000] {processor.py:743} INFO - Processing file /home/airflow/.local/lib/python3.7/site-packages/airflow/example_dags/example_trigger_controller_dag.py for tasks to queue
[2023-03-28T02:40:21.573+0000] {logging_mixin.py:137} INFO - [2023-03-28T02:40:21.573+0000] {dagbag.py:532} INFO - Filling up the DagBag from /home/airflow/.local/lib/python3.7/site-packages/airflow/example_dags/example_trigger_controller_dag.py
[2023-03-28T02:40:21.586+0000] {processor.py:753} INFO - DAG(s) dict_keys(['example_trigger_controller_dag']) retrieved from /home/airflow/.local/lib/python3.7/site-packages/airflow/example_dags/example_trigger_controller_dag.py
[2023-03-28T02:40:21.616+0000] {logging_mixin.py:137} INFO - [2023-03-28T02:40:21.616+0000] {dag.py:2693} INFO - Sync 1 DAGs
[2023-03-28T02:40:21.635+0000] {logging_mixin.py:137} INFO - [2023-03-28T02:40:21.635+0000] {dag.py:3444} INFO - Setting next_dagrun for example_trigger_controller_dag to 2021-01-01T00:00:00+00:00, run_after=2021-01-01T00:00:00+00:00
[2023-03-28T02:40:21.647+0000] {processor.py:175} INFO - Processing /home/airflow/.local/lib/python3.7/site-packages/airflow/example_dags/example_trigger_controller_dag.py took 0.080 seconds
[2023-03-28T02:40:52.485+0000] {processor.py:153} INFO - Started process (PID=1535) to work on /home/airflow/.local/lib/python3.7/site-packages/airflow/example_dags/example_trigger_controller_dag.py
[2023-03-28T02:40:52.490+0000] {processor.py:743} INFO - Processing file /home/airflow/.local/lib/python3.7/site-packages/airflow/example_dags/example_trigger_controller_dag.py for tasks to queue
[2023-03-28T02:40:52.491+0000] {logging_mixin.py:137} INFO - [2023-03-28T02:40:52.491+0000] {dagbag.py:532} INFO - Filling up the DagBag from /home/airflow/.local/lib/python3.7/site-packages/airflow/example_dags/example_trigger_controller_dag.py
[2023-03-28T02:40:52.501+0000] {processor.py:753} INFO - DAG(s) dict_keys(['example_trigger_controller_dag']) retrieved from /home/airflow/.local/lib/python3.7/site-packages/airflow/example_dags/example_trigger_controller_dag.py
[2023-03-28T02:40:52.526+0000] {logging_mixin.py:137} INFO - [2023-03-28T02:40:52.526+0000] {dag.py:2693} INFO - Sync 1 DAGs
[2023-03-28T02:40:52.547+0000] {logging_mixin.py:137} INFO - [2023-03-28T02:40:52.547+0000] {dag.py:3444} INFO - Setting next_dagrun for example_trigger_controller_dag to 2021-01-01T00:00:00+00:00, run_after=2021-01-01T00:00:00+00:00
[2023-03-28T02:40:52.562+0000] {processor.py:175} INFO - Processing /home/airflow/.local/lib/python3.7/site-packages/airflow/example_dags/example_trigger_controller_dag.py took 0.080 seconds
