[2023-03-28T02:25:27.873+0000] {processor.py:153} INFO - Started process (PID=35) to work on /home/airflow/.local/lib/python3.7/site-packages/airflow/example_dags/example_nested_branch_dag.py
[2023-03-28T02:25:27.877+0000] {processor.py:743} INFO - Processing file /home/airflow/.local/lib/python3.7/site-packages/airflow/example_dags/example_nested_branch_dag.py for tasks to queue
[2023-03-28T02:25:27.878+0000] {logging_mixin.py:137} INFO - [2023-03-28T02:25:27.878+0000] {dagbag.py:532} INFO - Filling up the DagBag from /home/airflow/.local/lib/python3.7/site-packages/airflow/example_dags/example_nested_branch_dag.py
[2023-03-28T02:25:27.977+0000] {processor.py:753} INFO - DAG(s) dict_keys(['example_nested_branch_dag']) retrieved from /home/airflow/.local/lib/python3.7/site-packages/airflow/example_dags/example_nested_branch_dag.py
[2023-03-28T02:25:28.043+0000] {logging_mixin.py:137} INFO - [2023-03-28T02:25:28.043+0000] {dag.py:2693} INFO - Sync 1 DAGs
[2023-03-28T02:25:28.100+0000] {logging_mixin.py:137} INFO - [2023-03-28T02:25:28.100+0000] {dag.py:3444} INFO - Setting next_dagrun for example_nested_branch_dag to 2023-03-27T00:00:00+00:00, run_after=2023-03-28T00:00:00+00:00
[2023-03-28T02:25:28.137+0000] {processor.py:175} INFO - Processing /home/airflow/.local/lib/python3.7/site-packages/airflow/example_dags/example_nested_branch_dag.py took 0.295 seconds
[2023-03-28T02:25:58.891+0000] {processor.py:153} INFO - Started process (PID=84) to work on /home/airflow/.local/lib/python3.7/site-packages/airflow/example_dags/example_nested_branch_dag.py
[2023-03-28T02:25:58.894+0000] {processor.py:743} INFO - Processing file /home/airflow/.local/lib/python3.7/site-packages/airflow/example_dags/example_nested_branch_dag.py for tasks to queue
[2023-03-28T02:25:58.896+0000] {logging_mixin.py:137} INFO - [2023-03-28T02:25:58.896+0000] {dagbag.py:532} INFO - Filling up the DagBag from /home/airflow/.local/lib/python3.7/site-packages/airflow/example_dags/example_nested_branch_dag.py
[2023-03-28T02:25:58.943+0000] {processor.py:753} INFO - DAG(s) dict_keys(['example_nested_branch_dag']) retrieved from /home/airflow/.local/lib/python3.7/site-packages/airflow/example_dags/example_nested_branch_dag.py
[2023-03-28T02:25:58.984+0000] {logging_mixin.py:137} INFO - [2023-03-28T02:25:58.984+0000] {dag.py:2693} INFO - Sync 1 DAGs
[2023-03-28T02:25:59.019+0000] {logging_mixin.py:137} INFO - [2023-03-28T02:25:59.019+0000] {dag.py:3444} INFO - Setting next_dagrun for example_nested_branch_dag to 2023-03-27T00:00:00+00:00, run_after=2023-03-28T00:00:00+00:00
[2023-03-28T02:25:59.038+0000] {processor.py:175} INFO - Processing /home/airflow/.local/lib/python3.7/site-packages/airflow/example_dags/example_nested_branch_dag.py took 0.162 seconds
[2023-03-28T02:26:29.488+0000] {processor.py:153} INFO - Started process (PID=133) to work on /home/airflow/.local/lib/python3.7/site-packages/airflow/example_dags/example_nested_branch_dag.py
[2023-03-28T02:26:29.491+0000] {processor.py:743} INFO - Processing file /home/airflow/.local/lib/python3.7/site-packages/airflow/example_dags/example_nested_branch_dag.py for tasks to queue
[2023-03-28T02:26:29.495+0000] {logging_mixin.py:137} INFO - [2023-03-28T02:26:29.494+0000] {dagbag.py:532} INFO - Filling up the DagBag from /home/airflow/.local/lib/python3.7/site-packages/airflow/example_dags/example_nested_branch_dag.py
[2023-03-28T02:26:29.544+0000] {processor.py:753} INFO - DAG(s) dict_keys(['example_nested_branch_dag']) retrieved from /home/airflow/.local/lib/python3.7/site-packages/airflow/example_dags/example_nested_branch_dag.py
[2023-03-28T02:26:29.584+0000] {logging_mixin.py:137} INFO - [2023-03-28T02:26:29.584+0000] {dag.py:2693} INFO - Sync 1 DAGs
[2023-03-28T02:26:29.620+0000] {logging_mixin.py:137} INFO - [2023-03-28T02:26:29.619+0000] {dag.py:3444} INFO - Setting next_dagrun for example_nested_branch_dag to 2023-03-27T00:00:00+00:00, run_after=2023-03-28T00:00:00+00:00
[2023-03-28T02:26:29.637+0000] {processor.py:175} INFO - Processing /home/airflow/.local/lib/python3.7/site-packages/airflow/example_dags/example_nested_branch_dag.py took 0.161 seconds
[2023-03-28T02:27:00.455+0000] {processor.py:153} INFO - Started process (PID=182) to work on /home/airflow/.local/lib/python3.7/site-packages/airflow/example_dags/example_nested_branch_dag.py
[2023-03-28T02:27:00.458+0000] {processor.py:743} INFO - Processing file /home/airflow/.local/lib/python3.7/site-packages/airflow/example_dags/example_nested_branch_dag.py for tasks to queue
[2023-03-28T02:27:00.462+0000] {logging_mixin.py:137} INFO - [2023-03-28T02:27:00.462+0000] {dagbag.py:532} INFO - Filling up the DagBag from /home/airflow/.local/lib/python3.7/site-packages/airflow/example_dags/example_nested_branch_dag.py
[2023-03-28T02:27:00.503+0000] {processor.py:753} INFO - DAG(s) dict_keys(['example_nested_branch_dag']) retrieved from /home/airflow/.local/lib/python3.7/site-packages/airflow/example_dags/example_nested_branch_dag.py
[2023-03-28T02:27:00.541+0000] {logging_mixin.py:137} INFO - [2023-03-28T02:27:00.541+0000] {dag.py:2693} INFO - Sync 1 DAGs
[2023-03-28T02:27:00.576+0000] {logging_mixin.py:137} INFO - [2023-03-28T02:27:00.576+0000] {dag.py:3444} INFO - Setting next_dagrun for example_nested_branch_dag to 2023-03-27T00:00:00+00:00, run_after=2023-03-28T00:00:00+00:00
[2023-03-28T02:27:00.597+0000] {processor.py:175} INFO - Processing /home/airflow/.local/lib/python3.7/site-packages/airflow/example_dags/example_nested_branch_dag.py took 0.151 seconds
[2023-03-28T02:27:31.251+0000] {processor.py:153} INFO - Started process (PID=231) to work on /home/airflow/.local/lib/python3.7/site-packages/airflow/example_dags/example_nested_branch_dag.py
[2023-03-28T02:27:31.255+0000] {processor.py:743} INFO - Processing file /home/airflow/.local/lib/python3.7/site-packages/airflow/example_dags/example_nested_branch_dag.py for tasks to queue
[2023-03-28T02:27:31.258+0000] {logging_mixin.py:137} INFO - [2023-03-28T02:27:31.258+0000] {dagbag.py:532} INFO - Filling up the DagBag from /home/airflow/.local/lib/python3.7/site-packages/airflow/example_dags/example_nested_branch_dag.py
[2023-03-28T02:27:31.303+0000] {processor.py:753} INFO - DAG(s) dict_keys(['example_nested_branch_dag']) retrieved from /home/airflow/.local/lib/python3.7/site-packages/airflow/example_dags/example_nested_branch_dag.py
[2023-03-28T02:27:31.358+0000] {logging_mixin.py:137} INFO - [2023-03-28T02:27:31.358+0000] {dag.py:2693} INFO - Sync 1 DAGs
[2023-03-28T02:27:31.386+0000] {logging_mixin.py:137} INFO - [2023-03-28T02:27:31.386+0000] {dag.py:3444} INFO - Setting next_dagrun for example_nested_branch_dag to 2023-03-27T00:00:00+00:00, run_after=2023-03-28T00:00:00+00:00
[2023-03-28T02:27:31.403+0000] {processor.py:175} INFO - Processing /home/airflow/.local/lib/python3.7/site-packages/airflow/example_dags/example_nested_branch_dag.py took 0.161 seconds
[2023-03-28T02:28:01.647+0000] {processor.py:153} INFO - Started process (PID=280) to work on /home/airflow/.local/lib/python3.7/site-packages/airflow/example_dags/example_nested_branch_dag.py
[2023-03-28T02:28:01.650+0000] {processor.py:743} INFO - Processing file /home/airflow/.local/lib/python3.7/site-packages/airflow/example_dags/example_nested_branch_dag.py for tasks to queue
[2023-03-28T02:28:01.651+0000] {logging_mixin.py:137} INFO - [2023-03-28T02:28:01.651+0000] {dagbag.py:532} INFO - Filling up the DagBag from /home/airflow/.local/lib/python3.7/site-packages/airflow/example_dags/example_nested_branch_dag.py
[2023-03-28T02:28:01.681+0000] {processor.py:753} INFO - DAG(s) dict_keys(['example_nested_branch_dag']) retrieved from /home/airflow/.local/lib/python3.7/site-packages/airflow/example_dags/example_nested_branch_dag.py
[2023-03-28T02:28:01.705+0000] {logging_mixin.py:137} INFO - [2023-03-28T02:28:01.705+0000] {dag.py:2693} INFO - Sync 1 DAGs
[2023-03-28T02:28:01.730+0000] {logging_mixin.py:137} INFO - [2023-03-28T02:28:01.730+0000] {dag.py:3444} INFO - Setting next_dagrun for example_nested_branch_dag to 2023-03-27T00:00:00+00:00, run_after=2023-03-28T00:00:00+00:00
[2023-03-28T02:28:01.745+0000] {processor.py:175} INFO - Processing /home/airflow/.local/lib/python3.7/site-packages/airflow/example_dags/example_nested_branch_dag.py took 0.108 seconds
[2023-03-28T02:28:32.563+0000] {processor.py:153} INFO - Started process (PID=329) to work on /home/airflow/.local/lib/python3.7/site-packages/airflow/example_dags/example_nested_branch_dag.py
[2023-03-28T02:28:32.568+0000] {processor.py:743} INFO - Processing file /home/airflow/.local/lib/python3.7/site-packages/airflow/example_dags/example_nested_branch_dag.py for tasks to queue
[2023-03-28T02:28:32.571+0000] {logging_mixin.py:137} INFO - [2023-03-28T02:28:32.570+0000] {dagbag.py:532} INFO - Filling up the DagBag from /home/airflow/.local/lib/python3.7/site-packages/airflow/example_dags/example_nested_branch_dag.py
[2023-03-28T02:28:32.605+0000] {processor.py:753} INFO - DAG(s) dict_keys(['example_nested_branch_dag']) retrieved from /home/airflow/.local/lib/python3.7/site-packages/airflow/example_dags/example_nested_branch_dag.py
[2023-03-28T02:28:32.637+0000] {logging_mixin.py:137} INFO - [2023-03-28T02:28:32.637+0000] {dag.py:2693} INFO - Sync 1 DAGs
[2023-03-28T02:28:32.660+0000] {logging_mixin.py:137} INFO - [2023-03-28T02:28:32.659+0000] {dag.py:3444} INFO - Setting next_dagrun for example_nested_branch_dag to 2023-03-27T00:00:00+00:00, run_after=2023-03-28T00:00:00+00:00
[2023-03-28T02:28:32.675+0000] {processor.py:175} INFO - Processing /home/airflow/.local/lib/python3.7/site-packages/airflow/example_dags/example_nested_branch_dag.py took 0.124 seconds
[2023-03-28T02:29:03.084+0000] {processor.py:153} INFO - Started process (PID=378) to work on /home/airflow/.local/lib/python3.7/site-packages/airflow/example_dags/example_nested_branch_dag.py
[2023-03-28T02:29:03.086+0000] {processor.py:743} INFO - Processing file /home/airflow/.local/lib/python3.7/site-packages/airflow/example_dags/example_nested_branch_dag.py for tasks to queue
[2023-03-28T02:29:03.088+0000] {logging_mixin.py:137} INFO - [2023-03-28T02:29:03.088+0000] {dagbag.py:532} INFO - Filling up the DagBag from /home/airflow/.local/lib/python3.7/site-packages/airflow/example_dags/example_nested_branch_dag.py
[2023-03-28T02:29:03.125+0000] {processor.py:753} INFO - DAG(s) dict_keys(['example_nested_branch_dag']) retrieved from /home/airflow/.local/lib/python3.7/site-packages/airflow/example_dags/example_nested_branch_dag.py
[2023-03-28T02:29:03.190+0000] {logging_mixin.py:137} INFO - [2023-03-28T02:29:03.189+0000] {dag.py:2693} INFO - Sync 1 DAGs
[2023-03-28T02:29:03.266+0000] {logging_mixin.py:137} INFO - [2023-03-28T02:29:03.266+0000] {dag.py:3444} INFO - Setting next_dagrun for example_nested_branch_dag to 2023-03-27T00:00:00+00:00, run_after=2023-03-28T00:00:00+00:00
[2023-03-28T02:29:03.293+0000] {processor.py:175} INFO - Processing /home/airflow/.local/lib/python3.7/site-packages/airflow/example_dags/example_nested_branch_dag.py took 0.212 seconds
[2023-03-28T02:29:33.762+0000] {processor.py:153} INFO - Started process (PID=427) to work on /home/airflow/.local/lib/python3.7/site-packages/airflow/example_dags/example_nested_branch_dag.py
[2023-03-28T02:29:33.768+0000] {processor.py:743} INFO - Processing file /home/airflow/.local/lib/python3.7/site-packages/airflow/example_dags/example_nested_branch_dag.py for tasks to queue
[2023-03-28T02:29:33.772+0000] {logging_mixin.py:137} INFO - [2023-03-28T02:29:33.772+0000] {dagbag.py:532} INFO - Filling up the DagBag from /home/airflow/.local/lib/python3.7/site-packages/airflow/example_dags/example_nested_branch_dag.py
[2023-03-28T02:29:33.817+0000] {processor.py:753} INFO - DAG(s) dict_keys(['example_nested_branch_dag']) retrieved from /home/airflow/.local/lib/python3.7/site-packages/airflow/example_dags/example_nested_branch_dag.py
[2023-03-28T02:29:33.856+0000] {logging_mixin.py:137} INFO - [2023-03-28T02:29:33.856+0000] {dag.py:2693} INFO - Sync 1 DAGs
[2023-03-28T02:29:33.889+0000] {logging_mixin.py:137} INFO - [2023-03-28T02:29:33.888+0000] {dag.py:3444} INFO - Setting next_dagrun for example_nested_branch_dag to 2023-03-27T00:00:00+00:00, run_after=2023-03-28T00:00:00+00:00
[2023-03-28T02:29:33.919+0000] {processor.py:175} INFO - Processing /home/airflow/.local/lib/python3.7/site-packages/airflow/example_dags/example_nested_branch_dag.py took 0.182 seconds
[2023-03-28T02:30:04.526+0000] {processor.py:153} INFO - Started process (PID=476) to work on /home/airflow/.local/lib/python3.7/site-packages/airflow/example_dags/example_nested_branch_dag.py
[2023-03-28T02:30:04.529+0000] {processor.py:743} INFO - Processing file /home/airflow/.local/lib/python3.7/site-packages/airflow/example_dags/example_nested_branch_dag.py for tasks to queue
[2023-03-28T02:30:04.531+0000] {logging_mixin.py:137} INFO - [2023-03-28T02:30:04.531+0000] {dagbag.py:532} INFO - Filling up the DagBag from /home/airflow/.local/lib/python3.7/site-packages/airflow/example_dags/example_nested_branch_dag.py
[2023-03-28T02:30:04.572+0000] {processor.py:753} INFO - DAG(s) dict_keys(['example_nested_branch_dag']) retrieved from /home/airflow/.local/lib/python3.7/site-packages/airflow/example_dags/example_nested_branch_dag.py
[2023-03-28T02:30:04.611+0000] {logging_mixin.py:137} INFO - [2023-03-28T02:30:04.611+0000] {dag.py:2693} INFO - Sync 1 DAGs
[2023-03-28T02:30:04.638+0000] {logging_mixin.py:137} INFO - [2023-03-28T02:30:04.638+0000] {dag.py:3444} INFO - Setting next_dagrun for example_nested_branch_dag to 2023-03-27T00:00:00+00:00, run_after=2023-03-28T00:00:00+00:00
[2023-03-28T02:30:04.656+0000] {processor.py:175} INFO - Processing /home/airflow/.local/lib/python3.7/site-packages/airflow/example_dags/example_nested_branch_dag.py took 0.139 seconds
[2023-03-28T02:30:35.229+0000] {processor.py:153} INFO - Started process (PID=525) to work on /home/airflow/.local/lib/python3.7/site-packages/airflow/example_dags/example_nested_branch_dag.py
[2023-03-28T02:30:35.234+0000] {processor.py:743} INFO - Processing file /home/airflow/.local/lib/python3.7/site-packages/airflow/example_dags/example_nested_branch_dag.py for tasks to queue
[2023-03-28T02:30:35.236+0000] {logging_mixin.py:137} INFO - [2023-03-28T02:30:35.236+0000] {dagbag.py:532} INFO - Filling up the DagBag from /home/airflow/.local/lib/python3.7/site-packages/airflow/example_dags/example_nested_branch_dag.py
[2023-03-28T02:30:35.292+0000] {processor.py:753} INFO - DAG(s) dict_keys(['example_nested_branch_dag']) retrieved from /home/airflow/.local/lib/python3.7/site-packages/airflow/example_dags/example_nested_branch_dag.py
[2023-03-28T02:30:35.332+0000] {logging_mixin.py:137} INFO - [2023-03-28T02:30:35.332+0000] {dag.py:2693} INFO - Sync 1 DAGs
[2023-03-28T02:30:35.360+0000] {logging_mixin.py:137} INFO - [2023-03-28T02:30:35.360+0000] {dag.py:3444} INFO - Setting next_dagrun for example_nested_branch_dag to 2023-03-27T00:00:00+00:00, run_after=2023-03-28T00:00:00+00:00
[2023-03-28T02:30:35.381+0000] {processor.py:175} INFO - Processing /home/airflow/.local/lib/python3.7/site-packages/airflow/example_dags/example_nested_branch_dag.py took 0.157 seconds
[2023-03-28T02:31:05.792+0000] {processor.py:153} INFO - Started process (PID=574) to work on /home/airflow/.local/lib/python3.7/site-packages/airflow/example_dags/example_nested_branch_dag.py
[2023-03-28T02:31:05.794+0000] {processor.py:743} INFO - Processing file /home/airflow/.local/lib/python3.7/site-packages/airflow/example_dags/example_nested_branch_dag.py for tasks to queue
[2023-03-28T02:31:05.796+0000] {logging_mixin.py:137} INFO - [2023-03-28T02:31:05.795+0000] {dagbag.py:532} INFO - Filling up the DagBag from /home/airflow/.local/lib/python3.7/site-packages/airflow/example_dags/example_nested_branch_dag.py
[2023-03-28T02:31:05.837+0000] {processor.py:753} INFO - DAG(s) dict_keys(['example_nested_branch_dag']) retrieved from /home/airflow/.local/lib/python3.7/site-packages/airflow/example_dags/example_nested_branch_dag.py
[2023-03-28T02:31:05.900+0000] {logging_mixin.py:137} INFO - [2023-03-28T02:31:05.900+0000] {dag.py:2693} INFO - Sync 1 DAGs
[2023-03-28T02:31:05.940+0000] {logging_mixin.py:137} INFO - [2023-03-28T02:31:05.940+0000] {dag.py:3444} INFO - Setting next_dagrun for example_nested_branch_dag to 2023-03-27T00:00:00+00:00, run_after=2023-03-28T00:00:00+00:00
[2023-03-28T02:31:05.962+0000] {processor.py:175} INFO - Processing /home/airflow/.local/lib/python3.7/site-packages/airflow/example_dags/example_nested_branch_dag.py took 0.175 seconds
[2023-03-28T02:31:36.636+0000] {processor.py:153} INFO - Started process (PID=624) to work on /home/airflow/.local/lib/python3.7/site-packages/airflow/example_dags/example_nested_branch_dag.py
[2023-03-28T02:31:36.639+0000] {processor.py:743} INFO - Processing file /home/airflow/.local/lib/python3.7/site-packages/airflow/example_dags/example_nested_branch_dag.py for tasks to queue
[2023-03-28T02:31:36.644+0000] {logging_mixin.py:137} INFO - [2023-03-28T02:31:36.642+0000] {dagbag.py:532} INFO - Filling up the DagBag from /home/airflow/.local/lib/python3.7/site-packages/airflow/example_dags/example_nested_branch_dag.py
[2023-03-28T02:31:36.701+0000] {processor.py:753} INFO - DAG(s) dict_keys(['example_nested_branch_dag']) retrieved from /home/airflow/.local/lib/python3.7/site-packages/airflow/example_dags/example_nested_branch_dag.py
[2023-03-28T02:31:36.747+0000] {logging_mixin.py:137} INFO - [2023-03-28T02:31:36.747+0000] {dag.py:2693} INFO - Sync 1 DAGs
[2023-03-28T02:31:36.776+0000] {logging_mixin.py:137} INFO - [2023-03-28T02:31:36.776+0000] {dag.py:3444} INFO - Setting next_dagrun for example_nested_branch_dag to 2023-03-27T00:00:00+00:00, run_after=2023-03-28T00:00:00+00:00
[2023-03-28T02:31:36.794+0000] {processor.py:175} INFO - Processing /home/airflow/.local/lib/python3.7/site-packages/airflow/example_dags/example_nested_branch_dag.py took 0.165 seconds
[2023-03-28T02:32:07.605+0000] {processor.py:153} INFO - Started process (PID=673) to work on /home/airflow/.local/lib/python3.7/site-packages/airflow/example_dags/example_nested_branch_dag.py
[2023-03-28T02:32:07.608+0000] {processor.py:743} INFO - Processing file /home/airflow/.local/lib/python3.7/site-packages/airflow/example_dags/example_nested_branch_dag.py for tasks to queue
[2023-03-28T02:32:07.609+0000] {logging_mixin.py:137} INFO - [2023-03-28T02:32:07.609+0000] {dagbag.py:532} INFO - Filling up the DagBag from /home/airflow/.local/lib/python3.7/site-packages/airflow/example_dags/example_nested_branch_dag.py
[2023-03-28T02:32:07.646+0000] {processor.py:753} INFO - DAG(s) dict_keys(['example_nested_branch_dag']) retrieved from /home/airflow/.local/lib/python3.7/site-packages/airflow/example_dags/example_nested_branch_dag.py
[2023-03-28T02:32:07.681+0000] {logging_mixin.py:137} INFO - [2023-03-28T02:32:07.681+0000] {dag.py:2693} INFO - Sync 1 DAGs
[2023-03-28T02:32:07.703+0000] {logging_mixin.py:137} INFO - [2023-03-28T02:32:07.702+0000] {dag.py:3444} INFO - Setting next_dagrun for example_nested_branch_dag to 2023-03-27T00:00:00+00:00, run_after=2023-03-28T00:00:00+00:00
[2023-03-28T02:32:07.718+0000] {processor.py:175} INFO - Processing /home/airflow/.local/lib/python3.7/site-packages/airflow/example_dags/example_nested_branch_dag.py took 0.121 seconds
[2023-03-28T02:32:38.218+0000] {processor.py:153} INFO - Started process (PID=722) to work on /home/airflow/.local/lib/python3.7/site-packages/airflow/example_dags/example_nested_branch_dag.py
[2023-03-28T02:32:38.220+0000] {processor.py:743} INFO - Processing file /home/airflow/.local/lib/python3.7/site-packages/airflow/example_dags/example_nested_branch_dag.py for tasks to queue
[2023-03-28T02:32:38.222+0000] {logging_mixin.py:137} INFO - [2023-03-28T02:32:38.222+0000] {dagbag.py:532} INFO - Filling up the DagBag from /home/airflow/.local/lib/python3.7/site-packages/airflow/example_dags/example_nested_branch_dag.py
[2023-03-28T02:32:38.263+0000] {processor.py:753} INFO - DAG(s) dict_keys(['example_nested_branch_dag']) retrieved from /home/airflow/.local/lib/python3.7/site-packages/airflow/example_dags/example_nested_branch_dag.py
[2023-03-28T02:32:38.302+0000] {logging_mixin.py:137} INFO - [2023-03-28T02:32:38.302+0000] {dag.py:2693} INFO - Sync 1 DAGs
[2023-03-28T02:32:38.331+0000] {logging_mixin.py:137} INFO - [2023-03-28T02:32:38.331+0000] {dag.py:3444} INFO - Setting next_dagrun for example_nested_branch_dag to 2023-03-27T00:00:00+00:00, run_after=2023-03-28T00:00:00+00:00
[2023-03-28T02:32:38.348+0000] {processor.py:175} INFO - Processing /home/airflow/.local/lib/python3.7/site-packages/airflow/example_dags/example_nested_branch_dag.py took 0.133 seconds
[2023-03-28T02:33:08.921+0000] {processor.py:153} INFO - Started process (PID=771) to work on /home/airflow/.local/lib/python3.7/site-packages/airflow/example_dags/example_nested_branch_dag.py
[2023-03-28T02:33:08.923+0000] {processor.py:743} INFO - Processing file /home/airflow/.local/lib/python3.7/site-packages/airflow/example_dags/example_nested_branch_dag.py for tasks to queue
[2023-03-28T02:33:08.928+0000] {logging_mixin.py:137} INFO - [2023-03-28T02:33:08.928+0000] {dagbag.py:532} INFO - Filling up the DagBag from /home/airflow/.local/lib/python3.7/site-packages/airflow/example_dags/example_nested_branch_dag.py
[2023-03-28T02:33:08.975+0000] {processor.py:753} INFO - DAG(s) dict_keys(['example_nested_branch_dag']) retrieved from /home/airflow/.local/lib/python3.7/site-packages/airflow/example_dags/example_nested_branch_dag.py
[2023-03-28T02:33:09.015+0000] {logging_mixin.py:137} INFO - [2023-03-28T02:33:09.015+0000] {dag.py:2693} INFO - Sync 1 DAGs
[2023-03-28T02:33:09.039+0000] {logging_mixin.py:137} INFO - [2023-03-28T02:33:09.039+0000] {dag.py:3444} INFO - Setting next_dagrun for example_nested_branch_dag to 2023-03-27T00:00:00+00:00, run_after=2023-03-28T00:00:00+00:00
[2023-03-28T02:33:09.060+0000] {processor.py:175} INFO - Processing /home/airflow/.local/lib/python3.7/site-packages/airflow/example_dags/example_nested_branch_dag.py took 0.145 seconds
[2023-03-28T02:33:39.909+0000] {processor.py:153} INFO - Started process (PID=820) to work on /home/airflow/.local/lib/python3.7/site-packages/airflow/example_dags/example_nested_branch_dag.py
[2023-03-28T02:33:39.912+0000] {processor.py:743} INFO - Processing file /home/airflow/.local/lib/python3.7/site-packages/airflow/example_dags/example_nested_branch_dag.py for tasks to queue
[2023-03-28T02:33:39.914+0000] {logging_mixin.py:137} INFO - [2023-03-28T02:33:39.914+0000] {dagbag.py:532} INFO - Filling up the DagBag from /home/airflow/.local/lib/python3.7/site-packages/airflow/example_dags/example_nested_branch_dag.py
[2023-03-28T02:33:39.968+0000] {processor.py:753} INFO - DAG(s) dict_keys(['example_nested_branch_dag']) retrieved from /home/airflow/.local/lib/python3.7/site-packages/airflow/example_dags/example_nested_branch_dag.py
[2023-03-28T02:33:40.006+0000] {logging_mixin.py:137} INFO - [2023-03-28T02:33:40.006+0000] {dag.py:2693} INFO - Sync 1 DAGs
[2023-03-28T02:33:40.037+0000] {logging_mixin.py:137} INFO - [2023-03-28T02:33:40.037+0000] {dag.py:3444} INFO - Setting next_dagrun for example_nested_branch_dag to 2023-03-27T00:00:00+00:00, run_after=2023-03-28T00:00:00+00:00
[2023-03-28T02:33:40.053+0000] {processor.py:175} INFO - Processing /home/airflow/.local/lib/python3.7/site-packages/airflow/example_dags/example_nested_branch_dag.py took 0.150 seconds
[2023-03-28T02:34:10.351+0000] {processor.py:153} INFO - Started process (PID=869) to work on /home/airflow/.local/lib/python3.7/site-packages/airflow/example_dags/example_nested_branch_dag.py
[2023-03-28T02:34:10.353+0000] {processor.py:743} INFO - Processing file /home/airflow/.local/lib/python3.7/site-packages/airflow/example_dags/example_nested_branch_dag.py for tasks to queue
[2023-03-28T02:34:10.355+0000] {logging_mixin.py:137} INFO - [2023-03-28T02:34:10.355+0000] {dagbag.py:532} INFO - Filling up the DagBag from /home/airflow/.local/lib/python3.7/site-packages/airflow/example_dags/example_nested_branch_dag.py
[2023-03-28T02:34:10.397+0000] {processor.py:753} INFO - DAG(s) dict_keys(['example_nested_branch_dag']) retrieved from /home/airflow/.local/lib/python3.7/site-packages/airflow/example_dags/example_nested_branch_dag.py
[2023-03-28T02:34:10.437+0000] {logging_mixin.py:137} INFO - [2023-03-28T02:34:10.437+0000] {dag.py:2693} INFO - Sync 1 DAGs
[2023-03-28T02:34:10.464+0000] {logging_mixin.py:137} INFO - [2023-03-28T02:34:10.464+0000] {dag.py:3444} INFO - Setting next_dagrun for example_nested_branch_dag to 2023-03-27T00:00:00+00:00, run_after=2023-03-28T00:00:00+00:00
[2023-03-28T02:34:10.480+0000] {processor.py:175} INFO - Processing /home/airflow/.local/lib/python3.7/site-packages/airflow/example_dags/example_nested_branch_dag.py took 0.135 seconds
[2023-03-28T02:34:40.768+0000] {processor.py:153} INFO - Started process (PID=918) to work on /home/airflow/.local/lib/python3.7/site-packages/airflow/example_dags/example_nested_branch_dag.py
[2023-03-28T02:34:40.771+0000] {processor.py:743} INFO - Processing file /home/airflow/.local/lib/python3.7/site-packages/airflow/example_dags/example_nested_branch_dag.py for tasks to queue
[2023-03-28T02:34:40.773+0000] {logging_mixin.py:137} INFO - [2023-03-28T02:34:40.773+0000] {dagbag.py:532} INFO - Filling up the DagBag from /home/airflow/.local/lib/python3.7/site-packages/airflow/example_dags/example_nested_branch_dag.py
[2023-03-28T02:34:40.807+0000] {processor.py:753} INFO - DAG(s) dict_keys(['example_nested_branch_dag']) retrieved from /home/airflow/.local/lib/python3.7/site-packages/airflow/example_dags/example_nested_branch_dag.py
[2023-03-28T02:34:40.839+0000] {logging_mixin.py:137} INFO - [2023-03-28T02:34:40.839+0000] {dag.py:2693} INFO - Sync 1 DAGs
[2023-03-28T02:34:40.860+0000] {logging_mixin.py:137} INFO - [2023-03-28T02:34:40.860+0000] {dag.py:3444} INFO - Setting next_dagrun for example_nested_branch_dag to 2023-03-27T00:00:00+00:00, run_after=2023-03-28T00:00:00+00:00
[2023-03-28T02:34:40.876+0000] {processor.py:175} INFO - Processing /home/airflow/.local/lib/python3.7/site-packages/airflow/example_dags/example_nested_branch_dag.py took 0.113 seconds
[2023-03-28T02:35:11.450+0000] {processor.py:153} INFO - Started process (PID=967) to work on /home/airflow/.local/lib/python3.7/site-packages/airflow/example_dags/example_nested_branch_dag.py
[2023-03-28T02:35:11.453+0000] {processor.py:743} INFO - Processing file /home/airflow/.local/lib/python3.7/site-packages/airflow/example_dags/example_nested_branch_dag.py for tasks to queue
[2023-03-28T02:35:11.455+0000] {logging_mixin.py:137} INFO - [2023-03-28T02:35:11.455+0000] {dagbag.py:532} INFO - Filling up the DagBag from /home/airflow/.local/lib/python3.7/site-packages/airflow/example_dags/example_nested_branch_dag.py
[2023-03-28T02:35:11.496+0000] {processor.py:753} INFO - DAG(s) dict_keys(['example_nested_branch_dag']) retrieved from /home/airflow/.local/lib/python3.7/site-packages/airflow/example_dags/example_nested_branch_dag.py
[2023-03-28T02:35:11.528+0000] {logging_mixin.py:137} INFO - [2023-03-28T02:35:11.528+0000] {dag.py:2693} INFO - Sync 1 DAGs
[2023-03-28T02:35:11.548+0000] {logging_mixin.py:137} INFO - [2023-03-28T02:35:11.548+0000] {dag.py:3444} INFO - Setting next_dagrun for example_nested_branch_dag to 2023-03-27T00:00:00+00:00, run_after=2023-03-28T00:00:00+00:00
[2023-03-28T02:35:11.564+0000] {processor.py:175} INFO - Processing /home/airflow/.local/lib/python3.7/site-packages/airflow/example_dags/example_nested_branch_dag.py took 0.124 seconds
[2023-03-28T02:35:41.913+0000] {processor.py:153} INFO - Started process (PID=1018) to work on /home/airflow/.local/lib/python3.7/site-packages/airflow/example_dags/example_nested_branch_dag.py
[2023-03-28T02:35:41.915+0000] {processor.py:743} INFO - Processing file /home/airflow/.local/lib/python3.7/site-packages/airflow/example_dags/example_nested_branch_dag.py for tasks to queue
[2023-03-28T02:35:41.916+0000] {logging_mixin.py:137} INFO - [2023-03-28T02:35:41.916+0000] {dagbag.py:532} INFO - Filling up the DagBag from /home/airflow/.local/lib/python3.7/site-packages/airflow/example_dags/example_nested_branch_dag.py
[2023-03-28T02:35:41.958+0000] {processor.py:753} INFO - DAG(s) dict_keys(['example_nested_branch_dag']) retrieved from /home/airflow/.local/lib/python3.7/site-packages/airflow/example_dags/example_nested_branch_dag.py
[2023-03-28T02:35:41.994+0000] {logging_mixin.py:137} INFO - [2023-03-28T02:35:41.994+0000] {dag.py:2693} INFO - Sync 1 DAGs
[2023-03-28T02:35:42.023+0000] {logging_mixin.py:137} INFO - [2023-03-28T02:35:42.023+0000] {dag.py:3444} INFO - Setting next_dagrun for example_nested_branch_dag to 2023-03-27T00:00:00+00:00, run_after=2023-03-28T00:00:00+00:00
[2023-03-28T02:35:42.039+0000] {processor.py:175} INFO - Processing /home/airflow/.local/lib/python3.7/site-packages/airflow/example_dags/example_nested_branch_dag.py took 0.135 seconds
[2023-03-28T02:36:12.258+0000] {processor.py:153} INFO - Started process (PID=1068) to work on /home/airflow/.local/lib/python3.7/site-packages/airflow/example_dags/example_nested_branch_dag.py
[2023-03-28T02:36:12.261+0000] {processor.py:743} INFO - Processing file /home/airflow/.local/lib/python3.7/site-packages/airflow/example_dags/example_nested_branch_dag.py for tasks to queue
[2023-03-28T02:36:12.263+0000] {logging_mixin.py:137} INFO - [2023-03-28T02:36:12.263+0000] {dagbag.py:532} INFO - Filling up the DagBag from /home/airflow/.local/lib/python3.7/site-packages/airflow/example_dags/example_nested_branch_dag.py
[2023-03-28T02:36:12.304+0000] {processor.py:753} INFO - DAG(s) dict_keys(['example_nested_branch_dag']) retrieved from /home/airflow/.local/lib/python3.7/site-packages/airflow/example_dags/example_nested_branch_dag.py
[2023-03-28T02:36:12.337+0000] {logging_mixin.py:137} INFO - [2023-03-28T02:36:12.337+0000] {dag.py:2693} INFO - Sync 1 DAGs
[2023-03-28T02:36:12.360+0000] {logging_mixin.py:137} INFO - [2023-03-28T02:36:12.360+0000] {dag.py:3444} INFO - Setting next_dagrun for example_nested_branch_dag to 2023-03-27T00:00:00+00:00, run_after=2023-03-28T00:00:00+00:00
[2023-03-28T02:36:12.375+0000] {processor.py:175} INFO - Processing /home/airflow/.local/lib/python3.7/site-packages/airflow/example_dags/example_nested_branch_dag.py took 0.129 seconds
[2023-03-28T02:36:42.675+0000] {processor.py:153} INFO - Started process (PID=1117) to work on /home/airflow/.local/lib/python3.7/site-packages/airflow/example_dags/example_nested_branch_dag.py
[2023-03-28T02:36:42.677+0000] {processor.py:743} INFO - Processing file /home/airflow/.local/lib/python3.7/site-packages/airflow/example_dags/example_nested_branch_dag.py for tasks to queue
[2023-03-28T02:36:42.679+0000] {logging_mixin.py:137} INFO - [2023-03-28T02:36:42.679+0000] {dagbag.py:532} INFO - Filling up the DagBag from /home/airflow/.local/lib/python3.7/site-packages/airflow/example_dags/example_nested_branch_dag.py
[2023-03-28T02:36:42.720+0000] {processor.py:753} INFO - DAG(s) dict_keys(['example_nested_branch_dag']) retrieved from /home/airflow/.local/lib/python3.7/site-packages/airflow/example_dags/example_nested_branch_dag.py
[2023-03-28T02:36:42.753+0000] {logging_mixin.py:137} INFO - [2023-03-28T02:36:42.753+0000] {dag.py:2693} INFO - Sync 1 DAGs
[2023-03-28T02:36:42.780+0000] {logging_mixin.py:137} INFO - [2023-03-28T02:36:42.780+0000] {dag.py:3444} INFO - Setting next_dagrun for example_nested_branch_dag to 2023-03-27T00:00:00+00:00, run_after=2023-03-28T00:00:00+00:00
[2023-03-28T02:36:42.794+0000] {processor.py:175} INFO - Processing /home/airflow/.local/lib/python3.7/site-packages/airflow/example_dags/example_nested_branch_dag.py took 0.128 seconds
[2023-03-28T02:37:13.151+0000] {processor.py:153} INFO - Started process (PID=1167) to work on /home/airflow/.local/lib/python3.7/site-packages/airflow/example_dags/example_nested_branch_dag.py
[2023-03-28T02:37:13.155+0000] {processor.py:743} INFO - Processing file /home/airflow/.local/lib/python3.7/site-packages/airflow/example_dags/example_nested_branch_dag.py for tasks to queue
[2023-03-28T02:37:13.157+0000] {logging_mixin.py:137} INFO - [2023-03-28T02:37:13.157+0000] {dagbag.py:532} INFO - Filling up the DagBag from /home/airflow/.local/lib/python3.7/site-packages/airflow/example_dags/example_nested_branch_dag.py
[2023-03-28T02:37:13.195+0000] {processor.py:753} INFO - DAG(s) dict_keys(['example_nested_branch_dag']) retrieved from /home/airflow/.local/lib/python3.7/site-packages/airflow/example_dags/example_nested_branch_dag.py
[2023-03-28T02:37:13.230+0000] {logging_mixin.py:137} INFO - [2023-03-28T02:37:13.230+0000] {dag.py:2693} INFO - Sync 1 DAGs
[2023-03-28T02:37:13.256+0000] {logging_mixin.py:137} INFO - [2023-03-28T02:37:13.256+0000] {dag.py:3444} INFO - Setting next_dagrun for example_nested_branch_dag to 2023-03-27T00:00:00+00:00, run_after=2023-03-28T00:00:00+00:00
[2023-03-28T02:37:13.275+0000] {processor.py:175} INFO - Processing /home/airflow/.local/lib/python3.7/site-packages/airflow/example_dags/example_nested_branch_dag.py took 0.135 seconds
[2023-03-28T02:37:43.623+0000] {processor.py:153} INFO - Started process (PID=1216) to work on /home/airflow/.local/lib/python3.7/site-packages/airflow/example_dags/example_nested_branch_dag.py
[2023-03-28T02:37:43.626+0000] {processor.py:743} INFO - Processing file /home/airflow/.local/lib/python3.7/site-packages/airflow/example_dags/example_nested_branch_dag.py for tasks to queue
[2023-03-28T02:37:43.628+0000] {logging_mixin.py:137} INFO - [2023-03-28T02:37:43.628+0000] {dagbag.py:532} INFO - Filling up the DagBag from /home/airflow/.local/lib/python3.7/site-packages/airflow/example_dags/example_nested_branch_dag.py
[2023-03-28T02:37:43.668+0000] {processor.py:753} INFO - DAG(s) dict_keys(['example_nested_branch_dag']) retrieved from /home/airflow/.local/lib/python3.7/site-packages/airflow/example_dags/example_nested_branch_dag.py
[2023-03-28T02:37:43.698+0000] {logging_mixin.py:137} INFO - [2023-03-28T02:37:43.698+0000] {dag.py:2693} INFO - Sync 1 DAGs
[2023-03-28T02:37:43.728+0000] {logging_mixin.py:137} INFO - [2023-03-28T02:37:43.728+0000] {dag.py:3444} INFO - Setting next_dagrun for example_nested_branch_dag to 2023-03-27T00:00:00+00:00, run_after=2023-03-28T00:00:00+00:00
[2023-03-28T02:37:43.743+0000] {processor.py:175} INFO - Processing /home/airflow/.local/lib/python3.7/site-packages/airflow/example_dags/example_nested_branch_dag.py took 0.128 seconds
[2023-03-28T02:38:14.176+0000] {processor.py:153} INFO - Started process (PID=1265) to work on /home/airflow/.local/lib/python3.7/site-packages/airflow/example_dags/example_nested_branch_dag.py
[2023-03-28T02:38:14.179+0000] {processor.py:743} INFO - Processing file /home/airflow/.local/lib/python3.7/site-packages/airflow/example_dags/example_nested_branch_dag.py for tasks to queue
[2023-03-28T02:38:14.182+0000] {logging_mixin.py:137} INFO - [2023-03-28T02:38:14.182+0000] {dagbag.py:532} INFO - Filling up the DagBag from /home/airflow/.local/lib/python3.7/site-packages/airflow/example_dags/example_nested_branch_dag.py
[2023-03-28T02:38:14.233+0000] {processor.py:753} INFO - DAG(s) dict_keys(['example_nested_branch_dag']) retrieved from /home/airflow/.local/lib/python3.7/site-packages/airflow/example_dags/example_nested_branch_dag.py
[2023-03-28T02:38:14.280+0000] {logging_mixin.py:137} INFO - [2023-03-28T02:38:14.280+0000] {dag.py:2693} INFO - Sync 1 DAGs
[2023-03-28T02:38:14.307+0000] {logging_mixin.py:137} INFO - [2023-03-28T02:38:14.306+0000] {dag.py:3444} INFO - Setting next_dagrun for example_nested_branch_dag to 2023-03-27T00:00:00+00:00, run_after=2023-03-28T00:00:00+00:00
[2023-03-28T02:38:14.328+0000] {processor.py:175} INFO - Processing /home/airflow/.local/lib/python3.7/site-packages/airflow/example_dags/example_nested_branch_dag.py took 0.158 seconds
[2023-03-28T02:38:44.723+0000] {processor.py:153} INFO - Started process (PID=1315) to work on /home/airflow/.local/lib/python3.7/site-packages/airflow/example_dags/example_nested_branch_dag.py
[2023-03-28T02:38:44.726+0000] {processor.py:743} INFO - Processing file /home/airflow/.local/lib/python3.7/site-packages/airflow/example_dags/example_nested_branch_dag.py for tasks to queue
[2023-03-28T02:38:44.728+0000] {logging_mixin.py:137} INFO - [2023-03-28T02:38:44.727+0000] {dagbag.py:532} INFO - Filling up the DagBag from /home/airflow/.local/lib/python3.7/site-packages/airflow/example_dags/example_nested_branch_dag.py
[2023-03-28T02:38:44.767+0000] {processor.py:753} INFO - DAG(s) dict_keys(['example_nested_branch_dag']) retrieved from /home/airflow/.local/lib/python3.7/site-packages/airflow/example_dags/example_nested_branch_dag.py
[2023-03-28T02:38:44.803+0000] {logging_mixin.py:137} INFO - [2023-03-28T02:38:44.803+0000] {dag.py:2693} INFO - Sync 1 DAGs
[2023-03-28T02:38:44.823+0000] {logging_mixin.py:137} INFO - [2023-03-28T02:38:44.823+0000] {dag.py:3444} INFO - Setting next_dagrun for example_nested_branch_dag to 2023-03-27T00:00:00+00:00, run_after=2023-03-28T00:00:00+00:00
[2023-03-28T02:38:44.839+0000] {processor.py:175} INFO - Processing /home/airflow/.local/lib/python3.7/site-packages/airflow/example_dags/example_nested_branch_dag.py took 0.125 seconds
[2023-03-28T02:39:15.182+0000] {processor.py:153} INFO - Started process (PID=1364) to work on /home/airflow/.local/lib/python3.7/site-packages/airflow/example_dags/example_nested_branch_dag.py
[2023-03-28T02:39:15.184+0000] {processor.py:743} INFO - Processing file /home/airflow/.local/lib/python3.7/site-packages/airflow/example_dags/example_nested_branch_dag.py for tasks to queue
[2023-03-28T02:39:15.186+0000] {logging_mixin.py:137} INFO - [2023-03-28T02:39:15.186+0000] {dagbag.py:532} INFO - Filling up the DagBag from /home/airflow/.local/lib/python3.7/site-packages/airflow/example_dags/example_nested_branch_dag.py
[2023-03-28T02:39:15.232+0000] {processor.py:753} INFO - DAG(s) dict_keys(['example_nested_branch_dag']) retrieved from /home/airflow/.local/lib/python3.7/site-packages/airflow/example_dags/example_nested_branch_dag.py
[2023-03-28T02:39:15.262+0000] {logging_mixin.py:137} INFO - [2023-03-28T02:39:15.262+0000] {dag.py:2693} INFO - Sync 1 DAGs
[2023-03-28T02:39:15.284+0000] {logging_mixin.py:137} INFO - [2023-03-28T02:39:15.284+0000] {dag.py:3444} INFO - Setting next_dagrun for example_nested_branch_dag to 2023-03-27T00:00:00+00:00, run_after=2023-03-28T00:00:00+00:00
[2023-03-28T02:39:15.300+0000] {processor.py:175} INFO - Processing /home/airflow/.local/lib/python3.7/site-packages/airflow/example_dags/example_nested_branch_dag.py took 0.125 seconds
[2023-03-28T02:39:45.416+0000] {processor.py:153} INFO - Started process (PID=1413) to work on /home/airflow/.local/lib/python3.7/site-packages/airflow/example_dags/example_nested_branch_dag.py
[2023-03-28T02:39:45.420+0000] {processor.py:743} INFO - Processing file /home/airflow/.local/lib/python3.7/site-packages/airflow/example_dags/example_nested_branch_dag.py for tasks to queue
[2023-03-28T02:39:45.422+0000] {logging_mixin.py:137} INFO - [2023-03-28T02:39:45.422+0000] {dagbag.py:532} INFO - Filling up the DagBag from /home/airflow/.local/lib/python3.7/site-packages/airflow/example_dags/example_nested_branch_dag.py
[2023-03-28T02:39:45.462+0000] {processor.py:753} INFO - DAG(s) dict_keys(['example_nested_branch_dag']) retrieved from /home/airflow/.local/lib/python3.7/site-packages/airflow/example_dags/example_nested_branch_dag.py
[2023-03-28T02:39:45.496+0000] {logging_mixin.py:137} INFO - [2023-03-28T02:39:45.496+0000] {dag.py:2693} INFO - Sync 1 DAGs
[2023-03-28T02:39:45.548+0000] {logging_mixin.py:137} INFO - [2023-03-28T02:39:45.547+0000] {dag.py:3444} INFO - Setting next_dagrun for example_nested_branch_dag to 2023-03-27T00:00:00+00:00, run_after=2023-03-28T00:00:00+00:00
[2023-03-28T02:39:45.567+0000] {processor.py:175} INFO - Processing /home/airflow/.local/lib/python3.7/site-packages/airflow/example_dags/example_nested_branch_dag.py took 0.157 seconds
[2023-03-28T02:40:16.236+0000] {processor.py:153} INFO - Started process (PID=1462) to work on /home/airflow/.local/lib/python3.7/site-packages/airflow/example_dags/example_nested_branch_dag.py
[2023-03-28T02:40:16.239+0000] {processor.py:743} INFO - Processing file /home/airflow/.local/lib/python3.7/site-packages/airflow/example_dags/example_nested_branch_dag.py for tasks to queue
[2023-03-28T02:40:16.241+0000] {logging_mixin.py:137} INFO - [2023-03-28T02:40:16.241+0000] {dagbag.py:532} INFO - Filling up the DagBag from /home/airflow/.local/lib/python3.7/site-packages/airflow/example_dags/example_nested_branch_dag.py
[2023-03-28T02:40:16.285+0000] {processor.py:753} INFO - DAG(s) dict_keys(['example_nested_branch_dag']) retrieved from /home/airflow/.local/lib/python3.7/site-packages/airflow/example_dags/example_nested_branch_dag.py
[2023-03-28T02:40:16.318+0000] {logging_mixin.py:137} INFO - [2023-03-28T02:40:16.318+0000] {dag.py:2693} INFO - Sync 1 DAGs
[2023-03-28T02:40:16.347+0000] {logging_mixin.py:137} INFO - [2023-03-28T02:40:16.347+0000] {dag.py:3444} INFO - Setting next_dagrun for example_nested_branch_dag to 2023-03-27T00:00:00+00:00, run_after=2023-03-28T00:00:00+00:00
[2023-03-28T02:40:16.370+0000] {processor.py:175} INFO - Processing /home/airflow/.local/lib/python3.7/site-packages/airflow/example_dags/example_nested_branch_dag.py took 0.148 seconds
[2023-03-28T02:40:46.876+0000] {processor.py:153} INFO - Started process (PID=1511) to work on /home/airflow/.local/lib/python3.7/site-packages/airflow/example_dags/example_nested_branch_dag.py
[2023-03-28T02:40:46.879+0000] {processor.py:743} INFO - Processing file /home/airflow/.local/lib/python3.7/site-packages/airflow/example_dags/example_nested_branch_dag.py for tasks to queue
[2023-03-28T02:40:46.880+0000] {logging_mixin.py:137} INFO - [2023-03-28T02:40:46.880+0000] {dagbag.py:532} INFO - Filling up the DagBag from /home/airflow/.local/lib/python3.7/site-packages/airflow/example_dags/example_nested_branch_dag.py
[2023-03-28T02:40:46.911+0000] {processor.py:753} INFO - DAG(s) dict_keys(['example_nested_branch_dag']) retrieved from /home/airflow/.local/lib/python3.7/site-packages/airflow/example_dags/example_nested_branch_dag.py
[2023-03-28T02:40:46.943+0000] {logging_mixin.py:137} INFO - [2023-03-28T02:40:46.943+0000] {dag.py:2693} INFO - Sync 1 DAGs
[2023-03-28T02:40:46.975+0000] {logging_mixin.py:137} INFO - [2023-03-28T02:40:46.975+0000] {dag.py:3444} INFO - Setting next_dagrun for example_nested_branch_dag to 2023-03-27T00:00:00+00:00, run_after=2023-03-28T00:00:00+00:00
[2023-03-28T02:40:47.015+0000] {processor.py:175} INFO - Processing /home/airflow/.local/lib/python3.7/site-packages/airflow/example_dags/example_nested_branch_dag.py took 0.157 seconds
