[2023-03-28T02:25:28.927+0000] {processor.py:153} INFO - Started process (PID=42) to work on /home/airflow/.local/lib/python3.7/site-packages/airflow/example_dags/example_xcomargs.py
[2023-03-28T02:25:28.937+0000] {processor.py:743} INFO - Processing file /home/airflow/.local/lib/python3.7/site-packages/airflow/example_dags/example_xcomargs.py for tasks to queue
[2023-03-28T02:25:28.950+0000] {logging_mixin.py:137} INFO - [2023-03-28T02:25:28.949+0000] {dagbag.py:532} INFO - Filling up the DagBag from /home/airflow/.local/lib/python3.7/site-packages/airflow/example_dags/example_xcomargs.py
[2023-03-28T02:25:29.089+0000] {processor.py:753} INFO - DAG(s) dict_keys(['example_xcom_args_with_operators', 'example_xcom_args']) retrieved from /home/airflow/.local/lib/python3.7/site-packages/airflow/example_dags/example_xcomargs.py
[2023-03-28T02:25:29.149+0000] {logging_mixin.py:137} INFO - [2023-03-28T02:25:29.149+0000] {dag.py:2693} INFO - Sync 2 DAGs
[2023-03-28T02:25:29.217+0000] {logging_mixin.py:137} INFO - [2023-03-28T02:25:29.216+0000] {dag.py:3444} INFO - Setting next_dagrun for example_xcom_args to None, run_after=None
[2023-03-28T02:25:29.229+0000] {logging_mixin.py:137} INFO - [2023-03-28T02:25:29.229+0000] {dag.py:3444} INFO - Setting next_dagrun for example_xcom_args_with_operators to None, run_after=None
[2023-03-28T02:25:29.312+0000] {processor.py:175} INFO - Processing /home/airflow/.local/lib/python3.7/site-packages/airflow/example_dags/example_xcomargs.py took 0.389 seconds
[2023-03-28T02:25:59.414+0000] {processor.py:153} INFO - Started process (PID=92) to work on /home/airflow/.local/lib/python3.7/site-packages/airflow/example_dags/example_xcomargs.py
[2023-03-28T02:25:59.416+0000] {processor.py:743} INFO - Processing file /home/airflow/.local/lib/python3.7/site-packages/airflow/example_dags/example_xcomargs.py for tasks to queue
[2023-03-28T02:25:59.417+0000] {logging_mixin.py:137} INFO - [2023-03-28T02:25:59.417+0000] {dagbag.py:532} INFO - Filling up the DagBag from /home/airflow/.local/lib/python3.7/site-packages/airflow/example_dags/example_xcomargs.py
[2023-03-28T02:25:59.431+0000] {processor.py:753} INFO - DAG(s) dict_keys(['example_xcom_args_with_operators', 'example_xcom_args']) retrieved from /home/airflow/.local/lib/python3.7/site-packages/airflow/example_dags/example_xcomargs.py
[2023-03-28T02:25:59.450+0000] {logging_mixin.py:137} INFO - [2023-03-28T02:25:59.450+0000] {dag.py:2693} INFO - Sync 2 DAGs
[2023-03-28T02:25:59.465+0000] {logging_mixin.py:137} INFO - [2023-03-28T02:25:59.465+0000] {dag.py:3444} INFO - Setting next_dagrun for example_xcom_args to None, run_after=None
[2023-03-28T02:25:59.468+0000] {logging_mixin.py:137} INFO - [2023-03-28T02:25:59.468+0000] {dag.py:3444} INFO - Setting next_dagrun for example_xcom_args_with_operators to None, run_after=None
[2023-03-28T02:25:59.478+0000] {processor.py:175} INFO - Processing /home/airflow/.local/lib/python3.7/site-packages/airflow/example_dags/example_xcomargs.py took 0.066 seconds
[2023-03-28T02:26:29.926+0000] {processor.py:153} INFO - Started process (PID=141) to work on /home/airflow/.local/lib/python3.7/site-packages/airflow/example_dags/example_xcomargs.py
[2023-03-28T02:26:29.928+0000] {processor.py:743} INFO - Processing file /home/airflow/.local/lib/python3.7/site-packages/airflow/example_dags/example_xcomargs.py for tasks to queue
[2023-03-28T02:26:29.929+0000] {logging_mixin.py:137} INFO - [2023-03-28T02:26:29.929+0000] {dagbag.py:532} INFO - Filling up the DagBag from /home/airflow/.local/lib/python3.7/site-packages/airflow/example_dags/example_xcomargs.py
[2023-03-28T02:26:29.943+0000] {processor.py:753} INFO - DAG(s) dict_keys(['example_xcom_args', 'example_xcom_args_with_operators']) retrieved from /home/airflow/.local/lib/python3.7/site-packages/airflow/example_dags/example_xcomargs.py
[2023-03-28T02:26:29.962+0000] {logging_mixin.py:137} INFO - [2023-03-28T02:26:29.962+0000] {dag.py:2693} INFO - Sync 2 DAGs
[2023-03-28T02:26:29.977+0000] {logging_mixin.py:137} INFO - [2023-03-28T02:26:29.977+0000] {dag.py:3444} INFO - Setting next_dagrun for example_xcom_args to None, run_after=None
[2023-03-28T02:26:29.981+0000] {logging_mixin.py:137} INFO - [2023-03-28T02:26:29.981+0000] {dag.py:3444} INFO - Setting next_dagrun for example_xcom_args_with_operators to None, run_after=None
[2023-03-28T02:26:29.991+0000] {processor.py:175} INFO - Processing /home/airflow/.local/lib/python3.7/site-packages/airflow/example_dags/example_xcomargs.py took 0.067 seconds
[2023-03-28T02:27:00.845+0000] {processor.py:153} INFO - Started process (PID=189) to work on /home/airflow/.local/lib/python3.7/site-packages/airflow/example_dags/example_xcomargs.py
[2023-03-28T02:27:00.847+0000] {processor.py:743} INFO - Processing file /home/airflow/.local/lib/python3.7/site-packages/airflow/example_dags/example_xcomargs.py for tasks to queue
[2023-03-28T02:27:00.848+0000] {logging_mixin.py:137} INFO - [2023-03-28T02:27:00.848+0000] {dagbag.py:532} INFO - Filling up the DagBag from /home/airflow/.local/lib/python3.7/site-packages/airflow/example_dags/example_xcomargs.py
[2023-03-28T02:27:00.866+0000] {processor.py:753} INFO - DAG(s) dict_keys(['example_xcom_args', 'example_xcom_args_with_operators']) retrieved from /home/airflow/.local/lib/python3.7/site-packages/airflow/example_dags/example_xcomargs.py
[2023-03-28T02:27:00.888+0000] {logging_mixin.py:137} INFO - [2023-03-28T02:27:00.887+0000] {dag.py:2693} INFO - Sync 2 DAGs
[2023-03-28T02:27:00.905+0000] {logging_mixin.py:137} INFO - [2023-03-28T02:27:00.905+0000] {dag.py:3444} INFO - Setting next_dagrun for example_xcom_args to None, run_after=None
[2023-03-28T02:27:00.911+0000] {logging_mixin.py:137} INFO - [2023-03-28T02:27:00.911+0000] {dag.py:3444} INFO - Setting next_dagrun for example_xcom_args_with_operators to None, run_after=None
[2023-03-28T02:27:00.924+0000] {processor.py:175} INFO - Processing /home/airflow/.local/lib/python3.7/site-packages/airflow/example_dags/example_xcomargs.py took 0.082 seconds
[2023-03-28T02:27:31.630+0000] {processor.py:153} INFO - Started process (PID=238) to work on /home/airflow/.local/lib/python3.7/site-packages/airflow/example_dags/example_xcomargs.py
[2023-03-28T02:27:31.632+0000] {processor.py:743} INFO - Processing file /home/airflow/.local/lib/python3.7/site-packages/airflow/example_dags/example_xcomargs.py for tasks to queue
[2023-03-28T02:27:31.633+0000] {logging_mixin.py:137} INFO - [2023-03-28T02:27:31.633+0000] {dagbag.py:532} INFO - Filling up the DagBag from /home/airflow/.local/lib/python3.7/site-packages/airflow/example_dags/example_xcomargs.py
[2023-03-28T02:27:31.650+0000] {processor.py:753} INFO - DAG(s) dict_keys(['example_xcom_args', 'example_xcom_args_with_operators']) retrieved from /home/airflow/.local/lib/python3.7/site-packages/airflow/example_dags/example_xcomargs.py
[2023-03-28T02:27:31.669+0000] {logging_mixin.py:137} INFO - [2023-03-28T02:27:31.669+0000] {dag.py:2693} INFO - Sync 2 DAGs
[2023-03-28T02:27:31.687+0000] {logging_mixin.py:137} INFO - [2023-03-28T02:27:31.686+0000] {dag.py:3444} INFO - Setting next_dagrun for example_xcom_args to None, run_after=None
[2023-03-28T02:27:31.690+0000] {logging_mixin.py:137} INFO - [2023-03-28T02:27:31.690+0000] {dag.py:3444} INFO - Setting next_dagrun for example_xcom_args_with_operators to None, run_after=None
[2023-03-28T02:27:31.703+0000] {processor.py:175} INFO - Processing /home/airflow/.local/lib/python3.7/site-packages/airflow/example_dags/example_xcomargs.py took 0.075 seconds
[2023-03-28T02:28:02.031+0000] {processor.py:153} INFO - Started process (PID=287) to work on /home/airflow/.local/lib/python3.7/site-packages/airflow/example_dags/example_xcomargs.py
[2023-03-28T02:28:02.033+0000] {processor.py:743} INFO - Processing file /home/airflow/.local/lib/python3.7/site-packages/airflow/example_dags/example_xcomargs.py for tasks to queue
[2023-03-28T02:28:02.034+0000] {logging_mixin.py:137} INFO - [2023-03-28T02:28:02.034+0000] {dagbag.py:532} INFO - Filling up the DagBag from /home/airflow/.local/lib/python3.7/site-packages/airflow/example_dags/example_xcomargs.py
[2023-03-28T02:28:02.047+0000] {processor.py:753} INFO - DAG(s) dict_keys(['example_xcom_args_with_operators', 'example_xcom_args']) retrieved from /home/airflow/.local/lib/python3.7/site-packages/airflow/example_dags/example_xcomargs.py
[2023-03-28T02:28:02.067+0000] {logging_mixin.py:137} INFO - [2023-03-28T02:28:02.067+0000] {dag.py:2693} INFO - Sync 2 DAGs
[2023-03-28T02:28:02.082+0000] {logging_mixin.py:137} INFO - [2023-03-28T02:28:02.081+0000] {dag.py:3444} INFO - Setting next_dagrun for example_xcom_args to None, run_after=None
[2023-03-28T02:28:02.084+0000] {logging_mixin.py:137} INFO - [2023-03-28T02:28:02.084+0000] {dag.py:3444} INFO - Setting next_dagrun for example_xcom_args_with_operators to None, run_after=None
[2023-03-28T02:28:02.094+0000] {processor.py:175} INFO - Processing /home/airflow/.local/lib/python3.7/site-packages/airflow/example_dags/example_xcomargs.py took 0.064 seconds
[2023-03-28T02:28:32.938+0000] {processor.py:153} INFO - Started process (PID=336) to work on /home/airflow/.local/lib/python3.7/site-packages/airflow/example_dags/example_xcomargs.py
[2023-03-28T02:28:32.942+0000] {processor.py:743} INFO - Processing file /home/airflow/.local/lib/python3.7/site-packages/airflow/example_dags/example_xcomargs.py for tasks to queue
[2023-03-28T02:28:32.943+0000] {logging_mixin.py:137} INFO - [2023-03-28T02:28:32.943+0000] {dagbag.py:532} INFO - Filling up the DagBag from /home/airflow/.local/lib/python3.7/site-packages/airflow/example_dags/example_xcomargs.py
[2023-03-28T02:28:32.960+0000] {processor.py:753} INFO - DAG(s) dict_keys(['example_xcom_args_with_operators', 'example_xcom_args']) retrieved from /home/airflow/.local/lib/python3.7/site-packages/airflow/example_dags/example_xcomargs.py
[2023-03-28T02:28:32.981+0000] {logging_mixin.py:137} INFO - [2023-03-28T02:28:32.981+0000] {dag.py:2693} INFO - Sync 2 DAGs
[2023-03-28T02:28:33.000+0000] {logging_mixin.py:137} INFO - [2023-03-28T02:28:33.000+0000] {dag.py:3444} INFO - Setting next_dagrun for example_xcom_args to None, run_after=None
[2023-03-28T02:28:33.004+0000] {logging_mixin.py:137} INFO - [2023-03-28T02:28:33.004+0000] {dag.py:3444} INFO - Setting next_dagrun for example_xcom_args_with_operators to None, run_after=None
[2023-03-28T02:28:33.015+0000] {processor.py:175} INFO - Processing /home/airflow/.local/lib/python3.7/site-packages/airflow/example_dags/example_xcomargs.py took 0.079 seconds
[2023-03-28T02:29:03.579+0000] {processor.py:153} INFO - Started process (PID=385) to work on /home/airflow/.local/lib/python3.7/site-packages/airflow/example_dags/example_xcomargs.py
[2023-03-28T02:29:03.581+0000] {processor.py:743} INFO - Processing file /home/airflow/.local/lib/python3.7/site-packages/airflow/example_dags/example_xcomargs.py for tasks to queue
[2023-03-28T02:29:03.583+0000] {logging_mixin.py:137} INFO - [2023-03-28T02:29:03.583+0000] {dagbag.py:532} INFO - Filling up the DagBag from /home/airflow/.local/lib/python3.7/site-packages/airflow/example_dags/example_xcomargs.py
[2023-03-28T02:29:03.605+0000] {processor.py:753} INFO - DAG(s) dict_keys(['example_xcom_args', 'example_xcom_args_with_operators']) retrieved from /home/airflow/.local/lib/python3.7/site-packages/airflow/example_dags/example_xcomargs.py
[2023-03-28T02:29:03.633+0000] {logging_mixin.py:137} INFO - [2023-03-28T02:29:03.632+0000] {dag.py:2693} INFO - Sync 2 DAGs
[2023-03-28T02:29:03.662+0000] {logging_mixin.py:137} INFO - [2023-03-28T02:29:03.662+0000] {dag.py:3444} INFO - Setting next_dagrun for example_xcom_args to None, run_after=None
[2023-03-28T02:29:03.668+0000] {logging_mixin.py:137} INFO - [2023-03-28T02:29:03.668+0000] {dag.py:3444} INFO - Setting next_dagrun for example_xcom_args_with_operators to None, run_after=None
[2023-03-28T02:29:03.680+0000] {processor.py:175} INFO - Processing /home/airflow/.local/lib/python3.7/site-packages/airflow/example_dags/example_xcomargs.py took 0.106 seconds
[2023-03-28T02:29:34.202+0000] {processor.py:153} INFO - Started process (PID=434) to work on /home/airflow/.local/lib/python3.7/site-packages/airflow/example_dags/example_xcomargs.py
[2023-03-28T02:29:34.204+0000] {processor.py:743} INFO - Processing file /home/airflow/.local/lib/python3.7/site-packages/airflow/example_dags/example_xcomargs.py for tasks to queue
[2023-03-28T02:29:34.207+0000] {logging_mixin.py:137} INFO - [2023-03-28T02:29:34.207+0000] {dagbag.py:532} INFO - Filling up the DagBag from /home/airflow/.local/lib/python3.7/site-packages/airflow/example_dags/example_xcomargs.py
[2023-03-28T02:29:34.226+0000] {processor.py:753} INFO - DAG(s) dict_keys(['example_xcom_args', 'example_xcom_args_with_operators']) retrieved from /home/airflow/.local/lib/python3.7/site-packages/airflow/example_dags/example_xcomargs.py
[2023-03-28T02:29:34.259+0000] {logging_mixin.py:137} INFO - [2023-03-28T02:29:34.259+0000] {dag.py:2693} INFO - Sync 2 DAGs
[2023-03-28T02:29:34.288+0000] {logging_mixin.py:137} INFO - [2023-03-28T02:29:34.288+0000] {dag.py:3444} INFO - Setting next_dagrun for example_xcom_args to None, run_after=None
[2023-03-28T02:29:34.293+0000] {logging_mixin.py:137} INFO - [2023-03-28T02:29:34.293+0000] {dag.py:3444} INFO - Setting next_dagrun for example_xcom_args_with_operators to None, run_after=None
[2023-03-28T02:29:34.313+0000] {processor.py:175} INFO - Processing /home/airflow/.local/lib/python3.7/site-packages/airflow/example_dags/example_xcomargs.py took 0.115 seconds
[2023-03-28T02:30:04.864+0000] {processor.py:153} INFO - Started process (PID=483) to work on /home/airflow/.local/lib/python3.7/site-packages/airflow/example_dags/example_xcomargs.py
[2023-03-28T02:30:04.866+0000] {processor.py:743} INFO - Processing file /home/airflow/.local/lib/python3.7/site-packages/airflow/example_dags/example_xcomargs.py for tasks to queue
[2023-03-28T02:30:04.867+0000] {logging_mixin.py:137} INFO - [2023-03-28T02:30:04.867+0000] {dagbag.py:532} INFO - Filling up the DagBag from /home/airflow/.local/lib/python3.7/site-packages/airflow/example_dags/example_xcomargs.py
[2023-03-28T02:30:04.884+0000] {processor.py:753} INFO - DAG(s) dict_keys(['example_xcom_args', 'example_xcom_args_with_operators']) retrieved from /home/airflow/.local/lib/python3.7/site-packages/airflow/example_dags/example_xcomargs.py
[2023-03-28T02:30:04.903+0000] {logging_mixin.py:137} INFO - [2023-03-28T02:30:04.903+0000] {dag.py:2693} INFO - Sync 2 DAGs
[2023-03-28T02:30:04.919+0000] {logging_mixin.py:137} INFO - [2023-03-28T02:30:04.919+0000] {dag.py:3444} INFO - Setting next_dagrun for example_xcom_args to None, run_after=None
[2023-03-28T02:30:04.923+0000] {logging_mixin.py:137} INFO - [2023-03-28T02:30:04.923+0000] {dag.py:3444} INFO - Setting next_dagrun for example_xcom_args_with_operators to None, run_after=None
[2023-03-28T02:30:04.945+0000] {processor.py:175} INFO - Processing /home/airflow/.local/lib/python3.7/site-packages/airflow/example_dags/example_xcomargs.py took 0.083 seconds
[2023-03-28T02:30:35.698+0000] {processor.py:153} INFO - Started process (PID=532) to work on /home/airflow/.local/lib/python3.7/site-packages/airflow/example_dags/example_xcomargs.py
[2023-03-28T02:30:35.701+0000] {processor.py:743} INFO - Processing file /home/airflow/.local/lib/python3.7/site-packages/airflow/example_dags/example_xcomargs.py for tasks to queue
[2023-03-28T02:30:35.704+0000] {logging_mixin.py:137} INFO - [2023-03-28T02:30:35.703+0000] {dagbag.py:532} INFO - Filling up the DagBag from /home/airflow/.local/lib/python3.7/site-packages/airflow/example_dags/example_xcomargs.py
[2023-03-28T02:30:35.723+0000] {processor.py:753} INFO - DAG(s) dict_keys(['example_xcom_args_with_operators', 'example_xcom_args']) retrieved from /home/airflow/.local/lib/python3.7/site-packages/airflow/example_dags/example_xcomargs.py
[2023-03-28T02:30:35.744+0000] {logging_mixin.py:137} INFO - [2023-03-28T02:30:35.744+0000] {dag.py:2693} INFO - Sync 2 DAGs
[2023-03-28T02:30:35.760+0000] {logging_mixin.py:137} INFO - [2023-03-28T02:30:35.760+0000] {dag.py:3444} INFO - Setting next_dagrun for example_xcom_args to None, run_after=None
[2023-03-28T02:30:35.765+0000] {logging_mixin.py:137} INFO - [2023-03-28T02:30:35.765+0000] {dag.py:3444} INFO - Setting next_dagrun for example_xcom_args_with_operators to None, run_after=None
[2023-03-28T02:30:35.779+0000] {processor.py:175} INFO - Processing /home/airflow/.local/lib/python3.7/site-packages/airflow/example_dags/example_xcomargs.py took 0.084 seconds
[2023-03-28T02:31:06.435+0000] {processor.py:153} INFO - Started process (PID=581) to work on /home/airflow/.local/lib/python3.7/site-packages/airflow/example_dags/example_xcomargs.py
[2023-03-28T02:31:06.436+0000] {processor.py:743} INFO - Processing file /home/airflow/.local/lib/python3.7/site-packages/airflow/example_dags/example_xcomargs.py for tasks to queue
[2023-03-28T02:31:06.438+0000] {logging_mixin.py:137} INFO - [2023-03-28T02:31:06.438+0000] {dagbag.py:532} INFO - Filling up the DagBag from /home/airflow/.local/lib/python3.7/site-packages/airflow/example_dags/example_xcomargs.py
[2023-03-28T02:31:06.459+0000] {processor.py:753} INFO - DAG(s) dict_keys(['example_xcom_args', 'example_xcom_args_with_operators']) retrieved from /home/airflow/.local/lib/python3.7/site-packages/airflow/example_dags/example_xcomargs.py
[2023-03-28T02:31:06.483+0000] {logging_mixin.py:137} INFO - [2023-03-28T02:31:06.483+0000] {dag.py:2693} INFO - Sync 2 DAGs
[2023-03-28T02:31:06.500+0000] {logging_mixin.py:137} INFO - [2023-03-28T02:31:06.500+0000] {dag.py:3444} INFO - Setting next_dagrun for example_xcom_args to None, run_after=None
[2023-03-28T02:31:06.503+0000] {logging_mixin.py:137} INFO - [2023-03-28T02:31:06.503+0000] {dag.py:3444} INFO - Setting next_dagrun for example_xcom_args_with_operators to None, run_after=None
[2023-03-28T02:31:06.513+0000] {processor.py:175} INFO - Processing /home/airflow/.local/lib/python3.7/site-packages/airflow/example_dags/example_xcomargs.py took 0.081 seconds
[2023-03-28T02:31:37.017+0000] {processor.py:153} INFO - Started process (PID=631) to work on /home/airflow/.local/lib/python3.7/site-packages/airflow/example_dags/example_xcomargs.py
[2023-03-28T02:31:37.018+0000] {processor.py:743} INFO - Processing file /home/airflow/.local/lib/python3.7/site-packages/airflow/example_dags/example_xcomargs.py for tasks to queue
[2023-03-28T02:31:37.019+0000] {logging_mixin.py:137} INFO - [2023-03-28T02:31:37.019+0000] {dagbag.py:532} INFO - Filling up the DagBag from /home/airflow/.local/lib/python3.7/site-packages/airflow/example_dags/example_xcomargs.py
[2023-03-28T02:31:37.041+0000] {processor.py:753} INFO - DAG(s) dict_keys(['example_xcom_args_with_operators', 'example_xcom_args']) retrieved from /home/airflow/.local/lib/python3.7/site-packages/airflow/example_dags/example_xcomargs.py
[2023-03-28T02:31:37.066+0000] {logging_mixin.py:137} INFO - [2023-03-28T02:31:37.065+0000] {dag.py:2693} INFO - Sync 2 DAGs
[2023-03-28T02:31:37.084+0000] {logging_mixin.py:137} INFO - [2023-03-28T02:31:37.084+0000] {dag.py:3444} INFO - Setting next_dagrun for example_xcom_args to None, run_after=None
[2023-03-28T02:31:37.087+0000] {logging_mixin.py:137} INFO - [2023-03-28T02:31:37.087+0000] {dag.py:3444} INFO - Setting next_dagrun for example_xcom_args_with_operators to None, run_after=None
[2023-03-28T02:31:37.100+0000] {processor.py:175} INFO - Processing /home/airflow/.local/lib/python3.7/site-packages/airflow/example_dags/example_xcomargs.py took 0.086 seconds
[2023-03-28T02:32:07.956+0000] {processor.py:153} INFO - Started process (PID=680) to work on /home/airflow/.local/lib/python3.7/site-packages/airflow/example_dags/example_xcomargs.py
[2023-03-28T02:32:07.957+0000] {processor.py:743} INFO - Processing file /home/airflow/.local/lib/python3.7/site-packages/airflow/example_dags/example_xcomargs.py for tasks to queue
[2023-03-28T02:32:07.959+0000] {logging_mixin.py:137} INFO - [2023-03-28T02:32:07.959+0000] {dagbag.py:532} INFO - Filling up the DagBag from /home/airflow/.local/lib/python3.7/site-packages/airflow/example_dags/example_xcomargs.py
[2023-03-28T02:32:07.977+0000] {processor.py:753} INFO - DAG(s) dict_keys(['example_xcom_args', 'example_xcom_args_with_operators']) retrieved from /home/airflow/.local/lib/python3.7/site-packages/airflow/example_dags/example_xcomargs.py
[2023-03-28T02:32:07.999+0000] {logging_mixin.py:137} INFO - [2023-03-28T02:32:07.999+0000] {dag.py:2693} INFO - Sync 2 DAGs
[2023-03-28T02:32:08.021+0000] {logging_mixin.py:137} INFO - [2023-03-28T02:32:08.021+0000] {dag.py:3444} INFO - Setting next_dagrun for example_xcom_args to None, run_after=None
[2023-03-28T02:32:08.025+0000] {logging_mixin.py:137} INFO - [2023-03-28T02:32:08.025+0000] {dag.py:3444} INFO - Setting next_dagrun for example_xcom_args_with_operators to None, run_after=None
[2023-03-28T02:32:08.039+0000] {processor.py:175} INFO - Processing /home/airflow/.local/lib/python3.7/site-packages/airflow/example_dags/example_xcomargs.py took 0.085 seconds
[2023-03-28T02:32:38.620+0000] {processor.py:153} INFO - Started process (PID=729) to work on /home/airflow/.local/lib/python3.7/site-packages/airflow/example_dags/example_xcomargs.py
[2023-03-28T02:32:38.621+0000] {processor.py:743} INFO - Processing file /home/airflow/.local/lib/python3.7/site-packages/airflow/example_dags/example_xcomargs.py for tasks to queue
[2023-03-28T02:32:38.622+0000] {logging_mixin.py:137} INFO - [2023-03-28T02:32:38.622+0000] {dagbag.py:532} INFO - Filling up the DagBag from /home/airflow/.local/lib/python3.7/site-packages/airflow/example_dags/example_xcomargs.py
[2023-03-28T02:32:38.638+0000] {processor.py:753} INFO - DAG(s) dict_keys(['example_xcom_args', 'example_xcom_args_with_operators']) retrieved from /home/airflow/.local/lib/python3.7/site-packages/airflow/example_dags/example_xcomargs.py
[2023-03-28T02:32:38.657+0000] {logging_mixin.py:137} INFO - [2023-03-28T02:32:38.657+0000] {dag.py:2693} INFO - Sync 2 DAGs
[2023-03-28T02:32:38.675+0000] {logging_mixin.py:137} INFO - [2023-03-28T02:32:38.675+0000] {dag.py:3444} INFO - Setting next_dagrun for example_xcom_args to None, run_after=None
[2023-03-28T02:32:38.678+0000] {logging_mixin.py:137} INFO - [2023-03-28T02:32:38.678+0000] {dag.py:3444} INFO - Setting next_dagrun for example_xcom_args_with_operators to None, run_after=None
[2023-03-28T02:32:38.690+0000] {processor.py:175} INFO - Processing /home/airflow/.local/lib/python3.7/site-packages/airflow/example_dags/example_xcomargs.py took 0.073 seconds
[2023-03-28T02:33:09.339+0000] {processor.py:153} INFO - Started process (PID=778) to work on /home/airflow/.local/lib/python3.7/site-packages/airflow/example_dags/example_xcomargs.py
[2023-03-28T02:33:09.340+0000] {processor.py:743} INFO - Processing file /home/airflow/.local/lib/python3.7/site-packages/airflow/example_dags/example_xcomargs.py for tasks to queue
[2023-03-28T02:33:09.342+0000] {logging_mixin.py:137} INFO - [2023-03-28T02:33:09.342+0000] {dagbag.py:532} INFO - Filling up the DagBag from /home/airflow/.local/lib/python3.7/site-packages/airflow/example_dags/example_xcomargs.py
[2023-03-28T02:33:09.356+0000] {processor.py:753} INFO - DAG(s) dict_keys(['example_xcom_args', 'example_xcom_args_with_operators']) retrieved from /home/airflow/.local/lib/python3.7/site-packages/airflow/example_dags/example_xcomargs.py
[2023-03-28T02:33:09.375+0000] {logging_mixin.py:137} INFO - [2023-03-28T02:33:09.375+0000] {dag.py:2693} INFO - Sync 2 DAGs
[2023-03-28T02:33:09.390+0000] {logging_mixin.py:137} INFO - [2023-03-28T02:33:09.390+0000] {dag.py:3444} INFO - Setting next_dagrun for example_xcom_args to None, run_after=None
[2023-03-28T02:33:09.393+0000] {logging_mixin.py:137} INFO - [2023-03-28T02:33:09.392+0000] {dag.py:3444} INFO - Setting next_dagrun for example_xcom_args_with_operators to None, run_after=None
[2023-03-28T02:33:09.403+0000] {processor.py:175} INFO - Processing /home/airflow/.local/lib/python3.7/site-packages/airflow/example_dags/example_xcomargs.py took 0.066 seconds
[2023-03-28T02:33:40.282+0000] {processor.py:153} INFO - Started process (PID=827) to work on /home/airflow/.local/lib/python3.7/site-packages/airflow/example_dags/example_xcomargs.py
[2023-03-28T02:33:40.284+0000] {processor.py:743} INFO - Processing file /home/airflow/.local/lib/python3.7/site-packages/airflow/example_dags/example_xcomargs.py for tasks to queue
[2023-03-28T02:33:40.285+0000] {logging_mixin.py:137} INFO - [2023-03-28T02:33:40.285+0000] {dagbag.py:532} INFO - Filling up the DagBag from /home/airflow/.local/lib/python3.7/site-packages/airflow/example_dags/example_xcomargs.py
[2023-03-28T02:33:40.301+0000] {processor.py:753} INFO - DAG(s) dict_keys(['example_xcom_args_with_operators', 'example_xcom_args']) retrieved from /home/airflow/.local/lib/python3.7/site-packages/airflow/example_dags/example_xcomargs.py
[2023-03-28T02:33:40.327+0000] {logging_mixin.py:137} INFO - [2023-03-28T02:33:40.327+0000] {dag.py:2693} INFO - Sync 2 DAGs
[2023-03-28T02:33:40.345+0000] {logging_mixin.py:137} INFO - [2023-03-28T02:33:40.345+0000] {dag.py:3444} INFO - Setting next_dagrun for example_xcom_args to None, run_after=None
[2023-03-28T02:33:40.348+0000] {logging_mixin.py:137} INFO - [2023-03-28T02:33:40.348+0000] {dag.py:3444} INFO - Setting next_dagrun for example_xcom_args_with_operators to None, run_after=None
[2023-03-28T02:33:40.365+0000] {processor.py:175} INFO - Processing /home/airflow/.local/lib/python3.7/site-packages/airflow/example_dags/example_xcomargs.py took 0.085 seconds
[2023-03-28T02:34:10.700+0000] {processor.py:153} INFO - Started process (PID=876) to work on /home/airflow/.local/lib/python3.7/site-packages/airflow/example_dags/example_xcomargs.py
[2023-03-28T02:34:10.702+0000] {processor.py:743} INFO - Processing file /home/airflow/.local/lib/python3.7/site-packages/airflow/example_dags/example_xcomargs.py for tasks to queue
[2023-03-28T02:34:10.703+0000] {logging_mixin.py:137} INFO - [2023-03-28T02:34:10.703+0000] {dagbag.py:532} INFO - Filling up the DagBag from /home/airflow/.local/lib/python3.7/site-packages/airflow/example_dags/example_xcomargs.py
[2023-03-28T02:34:10.721+0000] {processor.py:753} INFO - DAG(s) dict_keys(['example_xcom_args', 'example_xcom_args_with_operators']) retrieved from /home/airflow/.local/lib/python3.7/site-packages/airflow/example_dags/example_xcomargs.py
[2023-03-28T02:34:10.742+0000] {logging_mixin.py:137} INFO - [2023-03-28T02:34:10.742+0000] {dag.py:2693} INFO - Sync 2 DAGs
[2023-03-28T02:34:10.760+0000] {logging_mixin.py:137} INFO - [2023-03-28T02:34:10.760+0000] {dag.py:3444} INFO - Setting next_dagrun for example_xcom_args to None, run_after=None
[2023-03-28T02:34:10.763+0000] {logging_mixin.py:137} INFO - [2023-03-28T02:34:10.763+0000] {dag.py:3444} INFO - Setting next_dagrun for example_xcom_args_with_operators to None, run_after=None
[2023-03-28T02:34:10.775+0000] {processor.py:175} INFO - Processing /home/airflow/.local/lib/python3.7/site-packages/airflow/example_dags/example_xcomargs.py took 0.077 seconds
[2023-03-28T02:34:41.144+0000] {processor.py:153} INFO - Started process (PID=925) to work on /home/airflow/.local/lib/python3.7/site-packages/airflow/example_dags/example_xcomargs.py
[2023-03-28T02:34:41.146+0000] {processor.py:743} INFO - Processing file /home/airflow/.local/lib/python3.7/site-packages/airflow/example_dags/example_xcomargs.py for tasks to queue
[2023-03-28T02:34:41.147+0000] {logging_mixin.py:137} INFO - [2023-03-28T02:34:41.147+0000] {dagbag.py:532} INFO - Filling up the DagBag from /home/airflow/.local/lib/python3.7/site-packages/airflow/example_dags/example_xcomargs.py
[2023-03-28T02:34:41.162+0000] {processor.py:753} INFO - DAG(s) dict_keys(['example_xcom_args_with_operators', 'example_xcom_args']) retrieved from /home/airflow/.local/lib/python3.7/site-packages/airflow/example_dags/example_xcomargs.py
[2023-03-28T02:34:41.187+0000] {logging_mixin.py:137} INFO - [2023-03-28T02:34:41.187+0000] {dag.py:2693} INFO - Sync 2 DAGs
[2023-03-28T02:34:41.204+0000] {logging_mixin.py:137} INFO - [2023-03-28T02:34:41.204+0000] {dag.py:3444} INFO - Setting next_dagrun for example_xcom_args to None, run_after=None
[2023-03-28T02:34:41.208+0000] {logging_mixin.py:137} INFO - [2023-03-28T02:34:41.207+0000] {dag.py:3444} INFO - Setting next_dagrun for example_xcom_args_with_operators to None, run_after=None
[2023-03-28T02:34:41.218+0000] {processor.py:175} INFO - Processing /home/airflow/.local/lib/python3.7/site-packages/airflow/example_dags/example_xcomargs.py took 0.077 seconds
[2023-03-28T02:35:11.857+0000] {processor.py:153} INFO - Started process (PID=974) to work on /home/airflow/.local/lib/python3.7/site-packages/airflow/example_dags/example_xcomargs.py
[2023-03-28T02:35:11.858+0000] {processor.py:743} INFO - Processing file /home/airflow/.local/lib/python3.7/site-packages/airflow/example_dags/example_xcomargs.py for tasks to queue
[2023-03-28T02:35:11.859+0000] {logging_mixin.py:137} INFO - [2023-03-28T02:35:11.859+0000] {dagbag.py:532} INFO - Filling up the DagBag from /home/airflow/.local/lib/python3.7/site-packages/airflow/example_dags/example_xcomargs.py
[2023-03-28T02:35:11.875+0000] {processor.py:753} INFO - DAG(s) dict_keys(['example_xcom_args', 'example_xcom_args_with_operators']) retrieved from /home/airflow/.local/lib/python3.7/site-packages/airflow/example_dags/example_xcomargs.py
[2023-03-28T02:35:11.895+0000] {logging_mixin.py:137} INFO - [2023-03-28T02:35:11.895+0000] {dag.py:2693} INFO - Sync 2 DAGs
[2023-03-28T02:35:11.911+0000] {logging_mixin.py:137} INFO - [2023-03-28T02:35:11.911+0000] {dag.py:3444} INFO - Setting next_dagrun for example_xcom_args to None, run_after=None
[2023-03-28T02:35:11.914+0000] {logging_mixin.py:137} INFO - [2023-03-28T02:35:11.914+0000] {dag.py:3444} INFO - Setting next_dagrun for example_xcom_args_with_operators to None, run_after=None
[2023-03-28T02:35:11.926+0000] {processor.py:175} INFO - Processing /home/airflow/.local/lib/python3.7/site-packages/airflow/example_dags/example_xcomargs.py took 0.071 seconds
[2023-03-28T02:35:42.256+0000] {processor.py:153} INFO - Started process (PID=1025) to work on /home/airflow/.local/lib/python3.7/site-packages/airflow/example_dags/example_xcomargs.py
[2023-03-28T02:35:42.258+0000] {processor.py:743} INFO - Processing file /home/airflow/.local/lib/python3.7/site-packages/airflow/example_dags/example_xcomargs.py for tasks to queue
[2023-03-28T02:35:42.259+0000] {logging_mixin.py:137} INFO - [2023-03-28T02:35:42.259+0000] {dagbag.py:532} INFO - Filling up the DagBag from /home/airflow/.local/lib/python3.7/site-packages/airflow/example_dags/example_xcomargs.py
[2023-03-28T02:35:42.275+0000] {processor.py:753} INFO - DAG(s) dict_keys(['example_xcom_args_with_operators', 'example_xcom_args']) retrieved from /home/airflow/.local/lib/python3.7/site-packages/airflow/example_dags/example_xcomargs.py
[2023-03-28T02:35:42.294+0000] {logging_mixin.py:137} INFO - [2023-03-28T02:35:42.294+0000] {dag.py:2693} INFO - Sync 2 DAGs
[2023-03-28T02:35:42.312+0000] {logging_mixin.py:137} INFO - [2023-03-28T02:35:42.312+0000] {dag.py:3444} INFO - Setting next_dagrun for example_xcom_args to None, run_after=None
[2023-03-28T02:35:42.315+0000] {logging_mixin.py:137} INFO - [2023-03-28T02:35:42.315+0000] {dag.py:3444} INFO - Setting next_dagrun for example_xcom_args_with_operators to None, run_after=None
[2023-03-28T02:35:42.329+0000] {processor.py:175} INFO - Processing /home/airflow/.local/lib/python3.7/site-packages/airflow/example_dags/example_xcomargs.py took 0.075 seconds
[2023-03-28T02:36:12.594+0000] {processor.py:153} INFO - Started process (PID=1075) to work on /home/airflow/.local/lib/python3.7/site-packages/airflow/example_dags/example_xcomargs.py
[2023-03-28T02:36:12.596+0000] {processor.py:743} INFO - Processing file /home/airflow/.local/lib/python3.7/site-packages/airflow/example_dags/example_xcomargs.py for tasks to queue
[2023-03-28T02:36:12.597+0000] {logging_mixin.py:137} INFO - [2023-03-28T02:36:12.597+0000] {dagbag.py:532} INFO - Filling up the DagBag from /home/airflow/.local/lib/python3.7/site-packages/airflow/example_dags/example_xcomargs.py
[2023-03-28T02:36:12.613+0000] {processor.py:753} INFO - DAG(s) dict_keys(['example_xcom_args', 'example_xcom_args_with_operators']) retrieved from /home/airflow/.local/lib/python3.7/site-packages/airflow/example_dags/example_xcomargs.py
[2023-03-28T02:36:12.633+0000] {logging_mixin.py:137} INFO - [2023-03-28T02:36:12.633+0000] {dag.py:2693} INFO - Sync 2 DAGs
[2023-03-28T02:36:12.651+0000] {logging_mixin.py:137} INFO - [2023-03-28T02:36:12.651+0000] {dag.py:3444} INFO - Setting next_dagrun for example_xcom_args to None, run_after=None
[2023-03-28T02:36:12.654+0000] {logging_mixin.py:137} INFO - [2023-03-28T02:36:12.654+0000] {dag.py:3444} INFO - Setting next_dagrun for example_xcom_args_with_operators to None, run_after=None
[2023-03-28T02:36:12.665+0000] {processor.py:175} INFO - Processing /home/airflow/.local/lib/python3.7/site-packages/airflow/example_dags/example_xcomargs.py took 0.074 seconds
[2023-03-28T02:36:43.029+0000] {processor.py:153} INFO - Started process (PID=1124) to work on /home/airflow/.local/lib/python3.7/site-packages/airflow/example_dags/example_xcomargs.py
[2023-03-28T02:36:43.031+0000] {processor.py:743} INFO - Processing file /home/airflow/.local/lib/python3.7/site-packages/airflow/example_dags/example_xcomargs.py for tasks to queue
[2023-03-28T02:36:43.032+0000] {logging_mixin.py:137} INFO - [2023-03-28T02:36:43.032+0000] {dagbag.py:532} INFO - Filling up the DagBag from /home/airflow/.local/lib/python3.7/site-packages/airflow/example_dags/example_xcomargs.py
[2023-03-28T02:36:43.048+0000] {processor.py:753} INFO - DAG(s) dict_keys(['example_xcom_args_with_operators', 'example_xcom_args']) retrieved from /home/airflow/.local/lib/python3.7/site-packages/airflow/example_dags/example_xcomargs.py
[2023-03-28T02:36:43.068+0000] {logging_mixin.py:137} INFO - [2023-03-28T02:36:43.068+0000] {dag.py:2693} INFO - Sync 2 DAGs
[2023-03-28T02:36:43.087+0000] {logging_mixin.py:137} INFO - [2023-03-28T02:36:43.087+0000] {dag.py:3444} INFO - Setting next_dagrun for example_xcom_args to None, run_after=None
[2023-03-28T02:36:43.090+0000] {logging_mixin.py:137} INFO - [2023-03-28T02:36:43.090+0000] {dag.py:3444} INFO - Setting next_dagrun for example_xcom_args_with_operators to None, run_after=None
[2023-03-28T02:36:43.101+0000] {processor.py:175} INFO - Processing /home/airflow/.local/lib/python3.7/site-packages/airflow/example_dags/example_xcomargs.py took 0.075 seconds
[2023-03-28T02:37:13.511+0000] {processor.py:153} INFO - Started process (PID=1174) to work on /home/airflow/.local/lib/python3.7/site-packages/airflow/example_dags/example_xcomargs.py
[2023-03-28T02:37:13.513+0000] {processor.py:743} INFO - Processing file /home/airflow/.local/lib/python3.7/site-packages/airflow/example_dags/example_xcomargs.py for tasks to queue
[2023-03-28T02:37:13.514+0000] {logging_mixin.py:137} INFO - [2023-03-28T02:37:13.514+0000] {dagbag.py:532} INFO - Filling up the DagBag from /home/airflow/.local/lib/python3.7/site-packages/airflow/example_dags/example_xcomargs.py
[2023-03-28T02:37:13.531+0000] {processor.py:753} INFO - DAG(s) dict_keys(['example_xcom_args', 'example_xcom_args_with_operators']) retrieved from /home/airflow/.local/lib/python3.7/site-packages/airflow/example_dags/example_xcomargs.py
[2023-03-28T02:37:13.554+0000] {logging_mixin.py:137} INFO - [2023-03-28T02:37:13.554+0000] {dag.py:2693} INFO - Sync 2 DAGs
[2023-03-28T02:37:13.572+0000] {logging_mixin.py:137} INFO - [2023-03-28T02:37:13.572+0000] {dag.py:3444} INFO - Setting next_dagrun for example_xcom_args to None, run_after=None
[2023-03-28T02:37:13.577+0000] {logging_mixin.py:137} INFO - [2023-03-28T02:37:13.577+0000] {dag.py:3444} INFO - Setting next_dagrun for example_xcom_args_with_operators to None, run_after=None
[2023-03-28T02:37:13.592+0000] {processor.py:175} INFO - Processing /home/airflow/.local/lib/python3.7/site-packages/airflow/example_dags/example_xcomargs.py took 0.083 seconds
[2023-03-28T02:37:44.013+0000] {processor.py:153} INFO - Started process (PID=1223) to work on /home/airflow/.local/lib/python3.7/site-packages/airflow/example_dags/example_xcomargs.py
[2023-03-28T02:37:44.015+0000] {processor.py:743} INFO - Processing file /home/airflow/.local/lib/python3.7/site-packages/airflow/example_dags/example_xcomargs.py for tasks to queue
[2023-03-28T02:37:44.017+0000] {logging_mixin.py:137} INFO - [2023-03-28T02:37:44.017+0000] {dagbag.py:532} INFO - Filling up the DagBag from /home/airflow/.local/lib/python3.7/site-packages/airflow/example_dags/example_xcomargs.py
[2023-03-28T02:37:44.034+0000] {processor.py:753} INFO - DAG(s) dict_keys(['example_xcom_args_with_operators', 'example_xcom_args']) retrieved from /home/airflow/.local/lib/python3.7/site-packages/airflow/example_dags/example_xcomargs.py
[2023-03-28T02:37:44.054+0000] {logging_mixin.py:137} INFO - [2023-03-28T02:37:44.054+0000] {dag.py:2693} INFO - Sync 2 DAGs
[2023-03-28T02:37:44.069+0000] {logging_mixin.py:137} INFO - [2023-03-28T02:37:44.069+0000] {dag.py:3444} INFO - Setting next_dagrun for example_xcom_args to None, run_after=None
[2023-03-28T02:37:44.071+0000] {logging_mixin.py:137} INFO - [2023-03-28T02:37:44.071+0000] {dag.py:3444} INFO - Setting next_dagrun for example_xcom_args_with_operators to None, run_after=None
[2023-03-28T02:37:44.084+0000] {processor.py:175} INFO - Processing /home/airflow/.local/lib/python3.7/site-packages/airflow/example_dags/example_xcomargs.py took 0.073 seconds
[2023-03-28T02:38:14.636+0000] {processor.py:153} INFO - Started process (PID=1272) to work on /home/airflow/.local/lib/python3.7/site-packages/airflow/example_dags/example_xcomargs.py
[2023-03-28T02:38:14.637+0000] {processor.py:743} INFO - Processing file /home/airflow/.local/lib/python3.7/site-packages/airflow/example_dags/example_xcomargs.py for tasks to queue
[2023-03-28T02:38:14.638+0000] {logging_mixin.py:137} INFO - [2023-03-28T02:38:14.638+0000] {dagbag.py:532} INFO - Filling up the DagBag from /home/airflow/.local/lib/python3.7/site-packages/airflow/example_dags/example_xcomargs.py
[2023-03-28T02:38:14.654+0000] {processor.py:753} INFO - DAG(s) dict_keys(['example_xcom_args', 'example_xcom_args_with_operators']) retrieved from /home/airflow/.local/lib/python3.7/site-packages/airflow/example_dags/example_xcomargs.py
[2023-03-28T02:38:14.675+0000] {logging_mixin.py:137} INFO - [2023-03-28T02:38:14.675+0000] {dag.py:2693} INFO - Sync 2 DAGs
[2023-03-28T02:38:14.691+0000] {logging_mixin.py:137} INFO - [2023-03-28T02:38:14.691+0000] {dag.py:3444} INFO - Setting next_dagrun for example_xcom_args to None, run_after=None
[2023-03-28T02:38:14.694+0000] {logging_mixin.py:137} INFO - [2023-03-28T02:38:14.694+0000] {dag.py:3444} INFO - Setting next_dagrun for example_xcom_args_with_operators to None, run_after=None
[2023-03-28T02:38:14.706+0000] {processor.py:175} INFO - Processing /home/airflow/.local/lib/python3.7/site-packages/airflow/example_dags/example_xcomargs.py took 0.073 seconds
[2023-03-28T02:38:45.059+0000] {processor.py:153} INFO - Started process (PID=1322) to work on /home/airflow/.local/lib/python3.7/site-packages/airflow/example_dags/example_xcomargs.py
[2023-03-28T02:38:45.060+0000] {processor.py:743} INFO - Processing file /home/airflow/.local/lib/python3.7/site-packages/airflow/example_dags/example_xcomargs.py for tasks to queue
[2023-03-28T02:38:45.061+0000] {logging_mixin.py:137} INFO - [2023-03-28T02:38:45.061+0000] {dagbag.py:532} INFO - Filling up the DagBag from /home/airflow/.local/lib/python3.7/site-packages/airflow/example_dags/example_xcomargs.py
[2023-03-28T02:38:45.080+0000] {processor.py:753} INFO - DAG(s) dict_keys(['example_xcom_args_with_operators', 'example_xcom_args']) retrieved from /home/airflow/.local/lib/python3.7/site-packages/airflow/example_dags/example_xcomargs.py
[2023-03-28T02:38:45.101+0000] {logging_mixin.py:137} INFO - [2023-03-28T02:38:45.101+0000] {dag.py:2693} INFO - Sync 2 DAGs
[2023-03-28T02:38:45.122+0000] {logging_mixin.py:137} INFO - [2023-03-28T02:38:45.122+0000] {dag.py:3444} INFO - Setting next_dagrun for example_xcom_args to None, run_after=None
[2023-03-28T02:38:45.126+0000] {logging_mixin.py:137} INFO - [2023-03-28T02:38:45.126+0000] {dag.py:3444} INFO - Setting next_dagrun for example_xcom_args_with_operators to None, run_after=None
[2023-03-28T02:38:45.136+0000] {processor.py:175} INFO - Processing /home/airflow/.local/lib/python3.7/site-packages/airflow/example_dags/example_xcomargs.py took 0.080 seconds
[2023-03-28T02:39:15.510+0000] {processor.py:153} INFO - Started process (PID=1371) to work on /home/airflow/.local/lib/python3.7/site-packages/airflow/example_dags/example_xcomargs.py
[2023-03-28T02:39:15.513+0000] {processor.py:743} INFO - Processing file /home/airflow/.local/lib/python3.7/site-packages/airflow/example_dags/example_xcomargs.py for tasks to queue
[2023-03-28T02:39:15.514+0000] {logging_mixin.py:137} INFO - [2023-03-28T02:39:15.514+0000] {dagbag.py:532} INFO - Filling up the DagBag from /home/airflow/.local/lib/python3.7/site-packages/airflow/example_dags/example_xcomargs.py
[2023-03-28T02:39:15.531+0000] {processor.py:753} INFO - DAG(s) dict_keys(['example_xcom_args', 'example_xcom_args_with_operators']) retrieved from /home/airflow/.local/lib/python3.7/site-packages/airflow/example_dags/example_xcomargs.py
[2023-03-28T02:39:15.551+0000] {logging_mixin.py:137} INFO - [2023-03-28T02:39:15.551+0000] {dag.py:2693} INFO - Sync 2 DAGs
[2023-03-28T02:39:15.569+0000] {logging_mixin.py:137} INFO - [2023-03-28T02:39:15.569+0000] {dag.py:3444} INFO - Setting next_dagrun for example_xcom_args to None, run_after=None
[2023-03-28T02:39:15.574+0000] {logging_mixin.py:137} INFO - [2023-03-28T02:39:15.573+0000] {dag.py:3444} INFO - Setting next_dagrun for example_xcom_args_with_operators to None, run_after=None
[2023-03-28T02:39:15.586+0000] {processor.py:175} INFO - Processing /home/airflow/.local/lib/python3.7/site-packages/airflow/example_dags/example_xcomargs.py took 0.078 seconds
[2023-03-28T02:39:45.830+0000] {processor.py:153} INFO - Started process (PID=1420) to work on /home/airflow/.local/lib/python3.7/site-packages/airflow/example_dags/example_xcomargs.py
[2023-03-28T02:39:45.831+0000] {processor.py:743} INFO - Processing file /home/airflow/.local/lib/python3.7/site-packages/airflow/example_dags/example_xcomargs.py for tasks to queue
[2023-03-28T02:39:45.833+0000] {logging_mixin.py:137} INFO - [2023-03-28T02:39:45.832+0000] {dagbag.py:532} INFO - Filling up the DagBag from /home/airflow/.local/lib/python3.7/site-packages/airflow/example_dags/example_xcomargs.py
[2023-03-28T02:39:45.848+0000] {processor.py:753} INFO - DAG(s) dict_keys(['example_xcom_args', 'example_xcom_args_with_operators']) retrieved from /home/airflow/.local/lib/python3.7/site-packages/airflow/example_dags/example_xcomargs.py
[2023-03-28T02:39:45.870+0000] {logging_mixin.py:137} INFO - [2023-03-28T02:39:45.870+0000] {dag.py:2693} INFO - Sync 2 DAGs
[2023-03-28T02:39:45.893+0000] {logging_mixin.py:137} INFO - [2023-03-28T02:39:45.893+0000] {dag.py:3444} INFO - Setting next_dagrun for example_xcom_args to None, run_after=None
[2023-03-28T02:39:45.896+0000] {logging_mixin.py:137} INFO - [2023-03-28T02:39:45.896+0000] {dag.py:3444} INFO - Setting next_dagrun for example_xcom_args_with_operators to None, run_after=None
[2023-03-28T02:39:45.907+0000] {processor.py:175} INFO - Processing /home/airflow/.local/lib/python3.7/site-packages/airflow/example_dags/example_xcomargs.py took 0.080 seconds
[2023-03-28T02:40:16.591+0000] {processor.py:153} INFO - Started process (PID=1469) to work on /home/airflow/.local/lib/python3.7/site-packages/airflow/example_dags/example_xcomargs.py
[2023-03-28T02:40:16.593+0000] {processor.py:743} INFO - Processing file /home/airflow/.local/lib/python3.7/site-packages/airflow/example_dags/example_xcomargs.py for tasks to queue
[2023-03-28T02:40:16.594+0000] {logging_mixin.py:137} INFO - [2023-03-28T02:40:16.594+0000] {dagbag.py:532} INFO - Filling up the DagBag from /home/airflow/.local/lib/python3.7/site-packages/airflow/example_dags/example_xcomargs.py
[2023-03-28T02:40:16.611+0000] {processor.py:753} INFO - DAG(s) dict_keys(['example_xcom_args', 'example_xcom_args_with_operators']) retrieved from /home/airflow/.local/lib/python3.7/site-packages/airflow/example_dags/example_xcomargs.py
[2023-03-28T02:40:16.634+0000] {logging_mixin.py:137} INFO - [2023-03-28T02:40:16.634+0000] {dag.py:2693} INFO - Sync 2 DAGs
[2023-03-28T02:40:16.653+0000] {logging_mixin.py:137} INFO - [2023-03-28T02:40:16.653+0000] {dag.py:3444} INFO - Setting next_dagrun for example_xcom_args to None, run_after=None
[2023-03-28T02:40:16.656+0000] {logging_mixin.py:137} INFO - [2023-03-28T02:40:16.656+0000] {dag.py:3444} INFO - Setting next_dagrun for example_xcom_args_with_operators to None, run_after=None
[2023-03-28T02:40:16.670+0000] {processor.py:175} INFO - Processing /home/airflow/.local/lib/python3.7/site-packages/airflow/example_dags/example_xcomargs.py took 0.081 seconds
[2023-03-28T02:40:47.309+0000] {processor.py:153} INFO - Started process (PID=1518) to work on /home/airflow/.local/lib/python3.7/site-packages/airflow/example_dags/example_xcomargs.py
[2023-03-28T02:40:47.311+0000] {processor.py:743} INFO - Processing file /home/airflow/.local/lib/python3.7/site-packages/airflow/example_dags/example_xcomargs.py for tasks to queue
[2023-03-28T02:40:47.312+0000] {logging_mixin.py:137} INFO - [2023-03-28T02:40:47.312+0000] {dagbag.py:532} INFO - Filling up the DagBag from /home/airflow/.local/lib/python3.7/site-packages/airflow/example_dags/example_xcomargs.py
[2023-03-28T02:40:47.330+0000] {processor.py:753} INFO - DAG(s) dict_keys(['example_xcom_args_with_operators', 'example_xcom_args']) retrieved from /home/airflow/.local/lib/python3.7/site-packages/airflow/example_dags/example_xcomargs.py
[2023-03-28T02:40:47.353+0000] {logging_mixin.py:137} INFO - [2023-03-28T02:40:47.352+0000] {dag.py:2693} INFO - Sync 2 DAGs
[2023-03-28T02:40:47.371+0000] {logging_mixin.py:137} INFO - [2023-03-28T02:40:47.371+0000] {dag.py:3444} INFO - Setting next_dagrun for example_xcom_args to None, run_after=None
[2023-03-28T02:40:47.374+0000] {logging_mixin.py:137} INFO - [2023-03-28T02:40:47.374+0000] {dag.py:3444} INFO - Setting next_dagrun for example_xcom_args_with_operators to None, run_after=None
[2023-03-28T02:40:47.385+0000] {processor.py:175} INFO - Processing /home/airflow/.local/lib/python3.7/site-packages/airflow/example_dags/example_xcomargs.py took 0.079 seconds
