[2023-03-28T02:25:33.808+0000] {processor.py:153} INFO - Started process (PID=64) to work on /home/airflow/.local/lib/python3.7/site-packages/airflow/example_dags/example_sensors.py
[2023-03-28T02:25:33.809+0000] {processor.py:743} INFO - Processing file /home/airflow/.local/lib/python3.7/site-packages/airflow/example_dags/example_sensors.py for tasks to queue
[2023-03-28T02:25:33.810+0000] {logging_mixin.py:137} INFO - [2023-03-28T02:25:33.810+0000] {dagbag.py:532} INFO - Filling up the DagBag from /home/airflow/.local/lib/python3.7/site-packages/airflow/example_dags/example_sensors.py
[2023-03-28T02:25:33.836+0000] {processor.py:753} INFO - DAG(s) dict_keys(['example_sensors']) retrieved from /home/airflow/.local/lib/python3.7/site-packages/airflow/example_dags/example_sensors.py
[2023-03-28T02:25:33.851+0000] {logging_mixin.py:137} INFO - [2023-03-28T02:25:33.851+0000] {dag.py:2693} INFO - Sync 1 DAGs
[2023-03-28T02:25:33.876+0000] {logging_mixin.py:137} INFO - [2023-03-28T02:25:33.876+0000] {dag.py:3444} INFO - Setting next_dagrun for example_sensors to None, run_after=None
[2023-03-28T02:25:33.897+0000] {processor.py:175} INFO - Processing /home/airflow/.local/lib/python3.7/site-packages/airflow/example_dags/example_sensors.py took 0.092 seconds
[2023-03-28T02:26:04.544+0000] {processor.py:153} INFO - Started process (PID=113) to work on /home/airflow/.local/lib/python3.7/site-packages/airflow/example_dags/example_sensors.py
[2023-03-28T02:26:04.546+0000] {processor.py:743} INFO - Processing file /home/airflow/.local/lib/python3.7/site-packages/airflow/example_dags/example_sensors.py for tasks to queue
[2023-03-28T02:26:04.547+0000] {logging_mixin.py:137} INFO - [2023-03-28T02:26:04.547+0000] {dagbag.py:532} INFO - Filling up the DagBag from /home/airflow/.local/lib/python3.7/site-packages/airflow/example_dags/example_sensors.py
[2023-03-28T02:26:04.563+0000] {processor.py:753} INFO - DAG(s) dict_keys(['example_sensors']) retrieved from /home/airflow/.local/lib/python3.7/site-packages/airflow/example_dags/example_sensors.py
[2023-03-28T02:26:04.583+0000] {logging_mixin.py:137} INFO - [2023-03-28T02:26:04.583+0000] {dag.py:2693} INFO - Sync 1 DAGs
[2023-03-28T02:26:04.599+0000] {logging_mixin.py:137} INFO - [2023-03-28T02:26:04.599+0000] {dag.py:3444} INFO - Setting next_dagrun for example_sensors to None, run_after=None
[2023-03-28T02:26:04.611+0000] {processor.py:175} INFO - Processing /home/airflow/.local/lib/python3.7/site-packages/airflow/example_dags/example_sensors.py took 0.069 seconds
[2023-03-28T02:26:35.204+0000] {processor.py:153} INFO - Started process (PID=162) to work on /home/airflow/.local/lib/python3.7/site-packages/airflow/example_dags/example_sensors.py
[2023-03-28T02:26:35.205+0000] {processor.py:743} INFO - Processing file /home/airflow/.local/lib/python3.7/site-packages/airflow/example_dags/example_sensors.py for tasks to queue
[2023-03-28T02:26:35.206+0000] {logging_mixin.py:137} INFO - [2023-03-28T02:26:35.206+0000] {dagbag.py:532} INFO - Filling up the DagBag from /home/airflow/.local/lib/python3.7/site-packages/airflow/example_dags/example_sensors.py
[2023-03-28T02:26:35.233+0000] {processor.py:753} INFO - DAG(s) dict_keys(['example_sensors']) retrieved from /home/airflow/.local/lib/python3.7/site-packages/airflow/example_dags/example_sensors.py
[2023-03-28T02:26:35.257+0000] {logging_mixin.py:137} INFO - [2023-03-28T02:26:35.256+0000] {dag.py:2693} INFO - Sync 1 DAGs
[2023-03-28T02:26:35.275+0000] {logging_mixin.py:137} INFO - [2023-03-28T02:26:35.275+0000] {dag.py:3444} INFO - Setting next_dagrun for example_sensors to None, run_after=None
[2023-03-28T02:26:35.287+0000] {processor.py:175} INFO - Processing /home/airflow/.local/lib/python3.7/site-packages/airflow/example_dags/example_sensors.py took 0.086 seconds
[2023-03-28T02:27:06.193+0000] {processor.py:153} INFO - Started process (PID=211) to work on /home/airflow/.local/lib/python3.7/site-packages/airflow/example_dags/example_sensors.py
[2023-03-28T02:27:06.195+0000] {processor.py:743} INFO - Processing file /home/airflow/.local/lib/python3.7/site-packages/airflow/example_dags/example_sensors.py for tasks to queue
[2023-03-28T02:27:06.197+0000] {logging_mixin.py:137} INFO - [2023-03-28T02:27:06.197+0000] {dagbag.py:532} INFO - Filling up the DagBag from /home/airflow/.local/lib/python3.7/site-packages/airflow/example_dags/example_sensors.py
[2023-03-28T02:27:06.221+0000] {processor.py:753} INFO - DAG(s) dict_keys(['example_sensors']) retrieved from /home/airflow/.local/lib/python3.7/site-packages/airflow/example_dags/example_sensors.py
[2023-03-28T02:27:06.242+0000] {logging_mixin.py:137} INFO - [2023-03-28T02:27:06.242+0000] {dag.py:2693} INFO - Sync 1 DAGs
[2023-03-28T02:27:06.259+0000] {logging_mixin.py:137} INFO - [2023-03-28T02:27:06.259+0000] {dag.py:3444} INFO - Setting next_dagrun for example_sensors to None, run_after=None
[2023-03-28T02:27:06.274+0000] {processor.py:175} INFO - Processing /home/airflow/.local/lib/python3.7/site-packages/airflow/example_dags/example_sensors.py took 0.083 seconds
[2023-03-28T02:27:36.792+0000] {processor.py:153} INFO - Started process (PID=260) to work on /home/airflow/.local/lib/python3.7/site-packages/airflow/example_dags/example_sensors.py
[2023-03-28T02:27:36.794+0000] {processor.py:743} INFO - Processing file /home/airflow/.local/lib/python3.7/site-packages/airflow/example_dags/example_sensors.py for tasks to queue
[2023-03-28T02:27:36.794+0000] {logging_mixin.py:137} INFO - [2023-03-28T02:27:36.794+0000] {dagbag.py:532} INFO - Filling up the DagBag from /home/airflow/.local/lib/python3.7/site-packages/airflow/example_dags/example_sensors.py
[2023-03-28T02:27:36.807+0000] {processor.py:753} INFO - DAG(s) dict_keys(['example_sensors']) retrieved from /home/airflow/.local/lib/python3.7/site-packages/airflow/example_dags/example_sensors.py
[2023-03-28T02:27:36.827+0000] {logging_mixin.py:137} INFO - [2023-03-28T02:27:36.827+0000] {dag.py:2693} INFO - Sync 1 DAGs
[2023-03-28T02:27:36.846+0000] {logging_mixin.py:137} INFO - [2023-03-28T02:27:36.845+0000] {dag.py:3444} INFO - Setting next_dagrun for example_sensors to None, run_after=None
[2023-03-28T02:27:36.861+0000] {processor.py:175} INFO - Processing /home/airflow/.local/lib/python3.7/site-packages/airflow/example_dags/example_sensors.py took 0.071 seconds
[2023-03-28T02:28:07.470+0000] {processor.py:153} INFO - Started process (PID=309) to work on /home/airflow/.local/lib/python3.7/site-packages/airflow/example_dags/example_sensors.py
[2023-03-28T02:28:07.474+0000] {processor.py:743} INFO - Processing file /home/airflow/.local/lib/python3.7/site-packages/airflow/example_dags/example_sensors.py for tasks to queue
[2023-03-28T02:28:07.475+0000] {logging_mixin.py:137} INFO - [2023-03-28T02:28:07.475+0000] {dagbag.py:532} INFO - Filling up the DagBag from /home/airflow/.local/lib/python3.7/site-packages/airflow/example_dags/example_sensors.py
[2023-03-28T02:28:07.492+0000] {processor.py:753} INFO - DAG(s) dict_keys(['example_sensors']) retrieved from /home/airflow/.local/lib/python3.7/site-packages/airflow/example_dags/example_sensors.py
[2023-03-28T02:28:07.524+0000] {logging_mixin.py:137} INFO - [2023-03-28T02:28:07.524+0000] {dag.py:2693} INFO - Sync 1 DAGs
[2023-03-28T02:28:07.544+0000] {logging_mixin.py:137} INFO - [2023-03-28T02:28:07.544+0000] {dag.py:3444} INFO - Setting next_dagrun for example_sensors to None, run_after=None
[2023-03-28T02:28:07.560+0000] {processor.py:175} INFO - Processing /home/airflow/.local/lib/python3.7/site-packages/airflow/example_dags/example_sensors.py took 0.094 seconds
[2023-03-28T02:28:38.118+0000] {processor.py:153} INFO - Started process (PID=358) to work on /home/airflow/.local/lib/python3.7/site-packages/airflow/example_dags/example_sensors.py
[2023-03-28T02:28:38.120+0000] {processor.py:743} INFO - Processing file /home/airflow/.local/lib/python3.7/site-packages/airflow/example_dags/example_sensors.py for tasks to queue
[2023-03-28T02:28:38.121+0000] {logging_mixin.py:137} INFO - [2023-03-28T02:28:38.121+0000] {dagbag.py:532} INFO - Filling up the DagBag from /home/airflow/.local/lib/python3.7/site-packages/airflow/example_dags/example_sensors.py
[2023-03-28T02:28:38.136+0000] {processor.py:753} INFO - DAG(s) dict_keys(['example_sensors']) retrieved from /home/airflow/.local/lib/python3.7/site-packages/airflow/example_dags/example_sensors.py
[2023-03-28T02:28:38.157+0000] {logging_mixin.py:137} INFO - [2023-03-28T02:28:38.157+0000] {dag.py:2693} INFO - Sync 1 DAGs
[2023-03-28T02:28:38.175+0000] {logging_mixin.py:137} INFO - [2023-03-28T02:28:38.175+0000] {dag.py:3444} INFO - Setting next_dagrun for example_sensors to None, run_after=None
[2023-03-28T02:28:38.187+0000] {processor.py:175} INFO - Processing /home/airflow/.local/lib/python3.7/site-packages/airflow/example_dags/example_sensors.py took 0.072 seconds
[2023-03-28T02:29:08.856+0000] {processor.py:153} INFO - Started process (PID=407) to work on /home/airflow/.local/lib/python3.7/site-packages/airflow/example_dags/example_sensors.py
[2023-03-28T02:29:08.858+0000] {processor.py:743} INFO - Processing file /home/airflow/.local/lib/python3.7/site-packages/airflow/example_dags/example_sensors.py for tasks to queue
[2023-03-28T02:29:08.859+0000] {logging_mixin.py:137} INFO - [2023-03-28T02:29:08.859+0000] {dagbag.py:532} INFO - Filling up the DagBag from /home/airflow/.local/lib/python3.7/site-packages/airflow/example_dags/example_sensors.py
[2023-03-28T02:29:08.873+0000] {processor.py:753} INFO - DAG(s) dict_keys(['example_sensors']) retrieved from /home/airflow/.local/lib/python3.7/site-packages/airflow/example_dags/example_sensors.py
[2023-03-28T02:29:08.894+0000] {logging_mixin.py:137} INFO - [2023-03-28T02:29:08.894+0000] {dag.py:2693} INFO - Sync 1 DAGs
[2023-03-28T02:29:08.915+0000] {logging_mixin.py:137} INFO - [2023-03-28T02:29:08.914+0000] {dag.py:3444} INFO - Setting next_dagrun for example_sensors to None, run_after=None
[2023-03-28T02:29:08.930+0000] {processor.py:175} INFO - Processing /home/airflow/.local/lib/python3.7/site-packages/airflow/example_dags/example_sensors.py took 0.076 seconds
[2023-03-28T02:29:39.488+0000] {processor.py:153} INFO - Started process (PID=456) to work on /home/airflow/.local/lib/python3.7/site-packages/airflow/example_dags/example_sensors.py
[2023-03-28T02:29:39.491+0000] {processor.py:743} INFO - Processing file /home/airflow/.local/lib/python3.7/site-packages/airflow/example_dags/example_sensors.py for tasks to queue
[2023-03-28T02:29:39.492+0000] {logging_mixin.py:137} INFO - [2023-03-28T02:29:39.492+0000] {dagbag.py:532} INFO - Filling up the DagBag from /home/airflow/.local/lib/python3.7/site-packages/airflow/example_dags/example_sensors.py
[2023-03-28T02:29:39.508+0000] {processor.py:753} INFO - DAG(s) dict_keys(['example_sensors']) retrieved from /home/airflow/.local/lib/python3.7/site-packages/airflow/example_dags/example_sensors.py
[2023-03-28T02:29:39.534+0000] {logging_mixin.py:137} INFO - [2023-03-28T02:29:39.534+0000] {dag.py:2693} INFO - Sync 1 DAGs
[2023-03-28T02:29:39.553+0000] {logging_mixin.py:137} INFO - [2023-03-28T02:29:39.553+0000] {dag.py:3444} INFO - Setting next_dagrun for example_sensors to None, run_after=None
[2023-03-28T02:29:39.566+0000] {processor.py:175} INFO - Processing /home/airflow/.local/lib/python3.7/site-packages/airflow/example_dags/example_sensors.py took 0.081 seconds
[2023-03-28T02:30:10.217+0000] {processor.py:153} INFO - Started process (PID=505) to work on /home/airflow/.local/lib/python3.7/site-packages/airflow/example_dags/example_sensors.py
[2023-03-28T02:30:10.219+0000] {processor.py:743} INFO - Processing file /home/airflow/.local/lib/python3.7/site-packages/airflow/example_dags/example_sensors.py for tasks to queue
[2023-03-28T02:30:10.220+0000] {logging_mixin.py:137} INFO - [2023-03-28T02:30:10.220+0000] {dagbag.py:532} INFO - Filling up the DagBag from /home/airflow/.local/lib/python3.7/site-packages/airflow/example_dags/example_sensors.py
[2023-03-28T02:30:10.233+0000] {processor.py:753} INFO - DAG(s) dict_keys(['example_sensors']) retrieved from /home/airflow/.local/lib/python3.7/site-packages/airflow/example_dags/example_sensors.py
[2023-03-28T02:30:10.253+0000] {logging_mixin.py:137} INFO - [2023-03-28T02:30:10.253+0000] {dag.py:2693} INFO - Sync 1 DAGs
[2023-03-28T02:30:10.270+0000] {logging_mixin.py:137} INFO - [2023-03-28T02:30:10.270+0000] {dag.py:3444} INFO - Setting next_dagrun for example_sensors to None, run_after=None
[2023-03-28T02:30:10.281+0000] {processor.py:175} INFO - Processing /home/airflow/.local/lib/python3.7/site-packages/airflow/example_dags/example_sensors.py took 0.068 seconds
[2023-03-28T02:30:40.825+0000] {processor.py:153} INFO - Started process (PID=554) to work on /home/airflow/.local/lib/python3.7/site-packages/airflow/example_dags/example_sensors.py
[2023-03-28T02:30:40.827+0000] {processor.py:743} INFO - Processing file /home/airflow/.local/lib/python3.7/site-packages/airflow/example_dags/example_sensors.py for tasks to queue
[2023-03-28T02:30:40.828+0000] {logging_mixin.py:137} INFO - [2023-03-28T02:30:40.828+0000] {dagbag.py:532} INFO - Filling up the DagBag from /home/airflow/.local/lib/python3.7/site-packages/airflow/example_dags/example_sensors.py
[2023-03-28T02:30:40.841+0000] {processor.py:753} INFO - DAG(s) dict_keys(['example_sensors']) retrieved from /home/airflow/.local/lib/python3.7/site-packages/airflow/example_dags/example_sensors.py
[2023-03-28T02:30:40.861+0000] {logging_mixin.py:137} INFO - [2023-03-28T02:30:40.861+0000] {dag.py:2693} INFO - Sync 1 DAGs
[2023-03-28T02:30:40.879+0000] {logging_mixin.py:137} INFO - [2023-03-28T02:30:40.878+0000] {dag.py:3444} INFO - Setting next_dagrun for example_sensors to None, run_after=None
[2023-03-28T02:30:40.891+0000] {processor.py:175} INFO - Processing /home/airflow/.local/lib/python3.7/site-packages/airflow/example_dags/example_sensors.py took 0.068 seconds
[2023-03-28T02:31:11.666+0000] {processor.py:153} INFO - Started process (PID=603) to work on /home/airflow/.local/lib/python3.7/site-packages/airflow/example_dags/example_sensors.py
[2023-03-28T02:31:11.668+0000] {processor.py:743} INFO - Processing file /home/airflow/.local/lib/python3.7/site-packages/airflow/example_dags/example_sensors.py for tasks to queue
[2023-03-28T02:31:11.669+0000] {logging_mixin.py:137} INFO - [2023-03-28T02:31:11.669+0000] {dagbag.py:532} INFO - Filling up the DagBag from /home/airflow/.local/lib/python3.7/site-packages/airflow/example_dags/example_sensors.py
[2023-03-28T02:31:11.682+0000] {processor.py:753} INFO - DAG(s) dict_keys(['example_sensors']) retrieved from /home/airflow/.local/lib/python3.7/site-packages/airflow/example_dags/example_sensors.py
[2023-03-28T02:31:11.702+0000] {logging_mixin.py:137} INFO - [2023-03-28T02:31:11.702+0000] {dag.py:2693} INFO - Sync 1 DAGs
[2023-03-28T02:31:11.724+0000] {logging_mixin.py:137} INFO - [2023-03-28T02:31:11.723+0000] {dag.py:3444} INFO - Setting next_dagrun for example_sensors to None, run_after=None
[2023-03-28T02:31:11.740+0000] {processor.py:175} INFO - Processing /home/airflow/.local/lib/python3.7/site-packages/airflow/example_dags/example_sensors.py took 0.076 seconds
[2023-03-28T02:31:42.512+0000] {processor.py:153} INFO - Started process (PID=653) to work on /home/airflow/.local/lib/python3.7/site-packages/airflow/example_dags/example_sensors.py
[2023-03-28T02:31:42.514+0000] {processor.py:743} INFO - Processing file /home/airflow/.local/lib/python3.7/site-packages/airflow/example_dags/example_sensors.py for tasks to queue
[2023-03-28T02:31:42.516+0000] {logging_mixin.py:137} INFO - [2023-03-28T02:31:42.516+0000] {dagbag.py:532} INFO - Filling up the DagBag from /home/airflow/.local/lib/python3.7/site-packages/airflow/example_dags/example_sensors.py
[2023-03-28T02:31:42.533+0000] {processor.py:753} INFO - DAG(s) dict_keys(['example_sensors']) retrieved from /home/airflow/.local/lib/python3.7/site-packages/airflow/example_dags/example_sensors.py
[2023-03-28T02:31:42.558+0000] {logging_mixin.py:137} INFO - [2023-03-28T02:31:42.557+0000] {dag.py:2693} INFO - Sync 1 DAGs
[2023-03-28T02:31:42.579+0000] {logging_mixin.py:137} INFO - [2023-03-28T02:31:42.579+0000] {dag.py:3444} INFO - Setting next_dagrun for example_sensors to None, run_after=None
[2023-03-28T02:31:42.596+0000] {processor.py:175} INFO - Processing /home/airflow/.local/lib/python3.7/site-packages/airflow/example_dags/example_sensors.py took 0.087 seconds
[2023-03-28T02:32:13.193+0000] {processor.py:153} INFO - Started process (PID=702) to work on /home/airflow/.local/lib/python3.7/site-packages/airflow/example_dags/example_sensors.py
[2023-03-28T02:32:13.195+0000] {processor.py:743} INFO - Processing file /home/airflow/.local/lib/python3.7/site-packages/airflow/example_dags/example_sensors.py for tasks to queue
[2023-03-28T02:32:13.196+0000] {logging_mixin.py:137} INFO - [2023-03-28T02:32:13.196+0000] {dagbag.py:532} INFO - Filling up the DagBag from /home/airflow/.local/lib/python3.7/site-packages/airflow/example_dags/example_sensors.py
[2023-03-28T02:32:13.213+0000] {processor.py:753} INFO - DAG(s) dict_keys(['example_sensors']) retrieved from /home/airflow/.local/lib/python3.7/site-packages/airflow/example_dags/example_sensors.py
[2023-03-28T02:32:13.243+0000] {logging_mixin.py:137} INFO - [2023-03-28T02:32:13.243+0000] {dag.py:2693} INFO - Sync 1 DAGs
[2023-03-28T02:32:13.267+0000] {logging_mixin.py:137} INFO - [2023-03-28T02:32:13.267+0000] {dag.py:3444} INFO - Setting next_dagrun for example_sensors to None, run_after=None
[2023-03-28T02:32:13.291+0000] {processor.py:175} INFO - Processing /home/airflow/.local/lib/python3.7/site-packages/airflow/example_dags/example_sensors.py took 0.101 seconds
[2023-03-28T02:32:43.830+0000] {processor.py:153} INFO - Started process (PID=751) to work on /home/airflow/.local/lib/python3.7/site-packages/airflow/example_dags/example_sensors.py
[2023-03-28T02:32:43.831+0000] {processor.py:743} INFO - Processing file /home/airflow/.local/lib/python3.7/site-packages/airflow/example_dags/example_sensors.py for tasks to queue
[2023-03-28T02:32:43.832+0000] {logging_mixin.py:137} INFO - [2023-03-28T02:32:43.832+0000] {dagbag.py:532} INFO - Filling up the DagBag from /home/airflow/.local/lib/python3.7/site-packages/airflow/example_dags/example_sensors.py
[2023-03-28T02:32:43.848+0000] {processor.py:753} INFO - DAG(s) dict_keys(['example_sensors']) retrieved from /home/airflow/.local/lib/python3.7/site-packages/airflow/example_dags/example_sensors.py
[2023-03-28T02:32:43.874+0000] {logging_mixin.py:137} INFO - [2023-03-28T02:32:43.874+0000] {dag.py:2693} INFO - Sync 1 DAGs
[2023-03-28T02:32:43.898+0000] {logging_mixin.py:137} INFO - [2023-03-28T02:32:43.898+0000] {dag.py:3444} INFO - Setting next_dagrun for example_sensors to None, run_after=None
[2023-03-28T02:32:43.913+0000] {processor.py:175} INFO - Processing /home/airflow/.local/lib/python3.7/site-packages/airflow/example_dags/example_sensors.py took 0.086 seconds
[2023-03-28T02:33:14.760+0000] {processor.py:153} INFO - Started process (PID=800) to work on /home/airflow/.local/lib/python3.7/site-packages/airflow/example_dags/example_sensors.py
[2023-03-28T02:33:14.762+0000] {processor.py:743} INFO - Processing file /home/airflow/.local/lib/python3.7/site-packages/airflow/example_dags/example_sensors.py for tasks to queue
[2023-03-28T02:33:14.763+0000] {logging_mixin.py:137} INFO - [2023-03-28T02:33:14.763+0000] {dagbag.py:532} INFO - Filling up the DagBag from /home/airflow/.local/lib/python3.7/site-packages/airflow/example_dags/example_sensors.py
[2023-03-28T02:33:14.777+0000] {processor.py:753} INFO - DAG(s) dict_keys(['example_sensors']) retrieved from /home/airflow/.local/lib/python3.7/site-packages/airflow/example_dags/example_sensors.py
[2023-03-28T02:33:14.801+0000] {logging_mixin.py:137} INFO - [2023-03-28T02:33:14.801+0000] {dag.py:2693} INFO - Sync 1 DAGs
[2023-03-28T02:33:14.818+0000] {logging_mixin.py:137} INFO - [2023-03-28T02:33:14.818+0000] {dag.py:3444} INFO - Setting next_dagrun for example_sensors to None, run_after=None
[2023-03-28T02:33:14.833+0000] {processor.py:175} INFO - Processing /home/airflow/.local/lib/python3.7/site-packages/airflow/example_dags/example_sensors.py took 0.076 seconds
[2023-03-28T02:33:45.440+0000] {processor.py:153} INFO - Started process (PID=849) to work on /home/airflow/.local/lib/python3.7/site-packages/airflow/example_dags/example_sensors.py
[2023-03-28T02:33:45.442+0000] {processor.py:743} INFO - Processing file /home/airflow/.local/lib/python3.7/site-packages/airflow/example_dags/example_sensors.py for tasks to queue
[2023-03-28T02:33:45.443+0000] {logging_mixin.py:137} INFO - [2023-03-28T02:33:45.443+0000] {dagbag.py:532} INFO - Filling up the DagBag from /home/airflow/.local/lib/python3.7/site-packages/airflow/example_dags/example_sensors.py
[2023-03-28T02:33:45.455+0000] {processor.py:753} INFO - DAG(s) dict_keys(['example_sensors']) retrieved from /home/airflow/.local/lib/python3.7/site-packages/airflow/example_dags/example_sensors.py
[2023-03-28T02:33:45.475+0000] {logging_mixin.py:137} INFO - [2023-03-28T02:33:45.475+0000] {dag.py:2693} INFO - Sync 1 DAGs
[2023-03-28T02:33:45.492+0000] {logging_mixin.py:137} INFO - [2023-03-28T02:33:45.492+0000] {dag.py:3444} INFO - Setting next_dagrun for example_sensors to None, run_after=None
[2023-03-28T02:33:45.506+0000] {processor.py:175} INFO - Processing /home/airflow/.local/lib/python3.7/site-packages/airflow/example_dags/example_sensors.py took 0.068 seconds
[2023-03-28T02:34:15.878+0000] {processor.py:153} INFO - Started process (PID=898) to work on /home/airflow/.local/lib/python3.7/site-packages/airflow/example_dags/example_sensors.py
[2023-03-28T02:34:15.879+0000] {processor.py:743} INFO - Processing file /home/airflow/.local/lib/python3.7/site-packages/airflow/example_dags/example_sensors.py for tasks to queue
[2023-03-28T02:34:15.880+0000] {logging_mixin.py:137} INFO - [2023-03-28T02:34:15.880+0000] {dagbag.py:532} INFO - Filling up the DagBag from /home/airflow/.local/lib/python3.7/site-packages/airflow/example_dags/example_sensors.py
[2023-03-28T02:34:15.893+0000] {processor.py:753} INFO - DAG(s) dict_keys(['example_sensors']) retrieved from /home/airflow/.local/lib/python3.7/site-packages/airflow/example_dags/example_sensors.py
[2023-03-28T02:34:15.915+0000] {logging_mixin.py:137} INFO - [2023-03-28T02:34:15.914+0000] {dag.py:2693} INFO - Sync 1 DAGs
[2023-03-28T02:34:15.932+0000] {logging_mixin.py:137} INFO - [2023-03-28T02:34:15.932+0000] {dag.py:3444} INFO - Setting next_dagrun for example_sensors to None, run_after=None
[2023-03-28T02:34:15.944+0000] {processor.py:175} INFO - Processing /home/airflow/.local/lib/python3.7/site-packages/airflow/example_dags/example_sensors.py took 0.068 seconds
[2023-03-28T02:34:46.405+0000] {processor.py:153} INFO - Started process (PID=947) to work on /home/airflow/.local/lib/python3.7/site-packages/airflow/example_dags/example_sensors.py
[2023-03-28T02:34:46.407+0000] {processor.py:743} INFO - Processing file /home/airflow/.local/lib/python3.7/site-packages/airflow/example_dags/example_sensors.py for tasks to queue
[2023-03-28T02:34:46.408+0000] {logging_mixin.py:137} INFO - [2023-03-28T02:34:46.408+0000] {dagbag.py:532} INFO - Filling up the DagBag from /home/airflow/.local/lib/python3.7/site-packages/airflow/example_dags/example_sensors.py
[2023-03-28T02:34:46.428+0000] {processor.py:753} INFO - DAG(s) dict_keys(['example_sensors']) retrieved from /home/airflow/.local/lib/python3.7/site-packages/airflow/example_dags/example_sensors.py
[2023-03-28T02:34:46.454+0000] {logging_mixin.py:137} INFO - [2023-03-28T02:34:46.454+0000] {dag.py:2693} INFO - Sync 1 DAGs
[2023-03-28T02:34:46.476+0000] {logging_mixin.py:137} INFO - [2023-03-28T02:34:46.476+0000] {dag.py:3444} INFO - Setting next_dagrun for example_sensors to None, run_after=None
[2023-03-28T02:34:46.496+0000] {processor.py:175} INFO - Processing /home/airflow/.local/lib/python3.7/site-packages/airflow/example_dags/example_sensors.py took 0.095 seconds
[2023-03-28T02:35:16.961+0000] {processor.py:153} INFO - Started process (PID=996) to work on /home/airflow/.local/lib/python3.7/site-packages/airflow/example_dags/example_sensors.py
[2023-03-28T02:35:16.962+0000] {processor.py:743} INFO - Processing file /home/airflow/.local/lib/python3.7/site-packages/airflow/example_dags/example_sensors.py for tasks to queue
[2023-03-28T02:35:16.963+0000] {logging_mixin.py:137} INFO - [2023-03-28T02:35:16.963+0000] {dagbag.py:532} INFO - Filling up the DagBag from /home/airflow/.local/lib/python3.7/site-packages/airflow/example_dags/example_sensors.py
[2023-03-28T02:35:16.977+0000] {processor.py:753} INFO - DAG(s) dict_keys(['example_sensors']) retrieved from /home/airflow/.local/lib/python3.7/site-packages/airflow/example_dags/example_sensors.py
[2023-03-28T02:35:16.997+0000] {logging_mixin.py:137} INFO - [2023-03-28T02:35:16.997+0000] {dag.py:2693} INFO - Sync 1 DAGs
[2023-03-28T02:35:17.018+0000] {logging_mixin.py:137} INFO - [2023-03-28T02:35:17.018+0000] {dag.py:3444} INFO - Setting next_dagrun for example_sensors to None, run_after=None
[2023-03-28T02:35:17.031+0000] {processor.py:175} INFO - Processing /home/airflow/.local/lib/python3.7/site-packages/airflow/example_dags/example_sensors.py took 0.072 seconds
[2023-03-28T02:35:47.400+0000] {processor.py:153} INFO - Started process (PID=1047) to work on /home/airflow/.local/lib/python3.7/site-packages/airflow/example_dags/example_sensors.py
[2023-03-28T02:35:47.402+0000] {processor.py:743} INFO - Processing file /home/airflow/.local/lib/python3.7/site-packages/airflow/example_dags/example_sensors.py for tasks to queue
[2023-03-28T02:35:47.403+0000] {logging_mixin.py:137} INFO - [2023-03-28T02:35:47.403+0000] {dagbag.py:532} INFO - Filling up the DagBag from /home/airflow/.local/lib/python3.7/site-packages/airflow/example_dags/example_sensors.py
[2023-03-28T02:35:47.417+0000] {processor.py:753} INFO - DAG(s) dict_keys(['example_sensors']) retrieved from /home/airflow/.local/lib/python3.7/site-packages/airflow/example_dags/example_sensors.py
[2023-03-28T02:35:47.437+0000] {logging_mixin.py:137} INFO - [2023-03-28T02:35:47.437+0000] {dag.py:2693} INFO - Sync 1 DAGs
[2023-03-28T02:35:47.454+0000] {logging_mixin.py:137} INFO - [2023-03-28T02:35:47.453+0000] {dag.py:3444} INFO - Setting next_dagrun for example_sensors to None, run_after=None
[2023-03-28T02:35:47.468+0000] {processor.py:175} INFO - Processing /home/airflow/.local/lib/python3.7/site-packages/airflow/example_dags/example_sensors.py took 0.071 seconds
[2023-03-28T02:36:17.727+0000] {processor.py:153} INFO - Started process (PID=1097) to work on /home/airflow/.local/lib/python3.7/site-packages/airflow/example_dags/example_sensors.py
[2023-03-28T02:36:17.729+0000] {processor.py:743} INFO - Processing file /home/airflow/.local/lib/python3.7/site-packages/airflow/example_dags/example_sensors.py for tasks to queue
[2023-03-28T02:36:17.730+0000] {logging_mixin.py:137} INFO - [2023-03-28T02:36:17.730+0000] {dagbag.py:532} INFO - Filling up the DagBag from /home/airflow/.local/lib/python3.7/site-packages/airflow/example_dags/example_sensors.py
[2023-03-28T02:36:17.744+0000] {processor.py:753} INFO - DAG(s) dict_keys(['example_sensors']) retrieved from /home/airflow/.local/lib/python3.7/site-packages/airflow/example_dags/example_sensors.py
[2023-03-28T02:36:17.766+0000] {logging_mixin.py:137} INFO - [2023-03-28T02:36:17.766+0000] {dag.py:2693} INFO - Sync 1 DAGs
[2023-03-28T02:36:17.785+0000] {logging_mixin.py:137} INFO - [2023-03-28T02:36:17.785+0000] {dag.py:3444} INFO - Setting next_dagrun for example_sensors to None, run_after=None
[2023-03-28T02:36:17.798+0000] {processor.py:175} INFO - Processing /home/airflow/.local/lib/python3.7/site-packages/airflow/example_dags/example_sensors.py took 0.073 seconds
[2023-03-28T02:36:48.207+0000] {processor.py:153} INFO - Started process (PID=1146) to work on /home/airflow/.local/lib/python3.7/site-packages/airflow/example_dags/example_sensors.py
[2023-03-28T02:36:48.209+0000] {processor.py:743} INFO - Processing file /home/airflow/.local/lib/python3.7/site-packages/airflow/example_dags/example_sensors.py for tasks to queue
[2023-03-28T02:36:48.210+0000] {logging_mixin.py:137} INFO - [2023-03-28T02:36:48.210+0000] {dagbag.py:532} INFO - Filling up the DagBag from /home/airflow/.local/lib/python3.7/site-packages/airflow/example_dags/example_sensors.py
[2023-03-28T02:36:48.225+0000] {processor.py:753} INFO - DAG(s) dict_keys(['example_sensors']) retrieved from /home/airflow/.local/lib/python3.7/site-packages/airflow/example_dags/example_sensors.py
[2023-03-28T02:36:48.249+0000] {logging_mixin.py:137} INFO - [2023-03-28T02:36:48.249+0000] {dag.py:2693} INFO - Sync 1 DAGs
[2023-03-28T02:36:48.268+0000] {logging_mixin.py:137} INFO - [2023-03-28T02:36:48.268+0000] {dag.py:3444} INFO - Setting next_dagrun for example_sensors to None, run_after=None
[2023-03-28T02:36:48.280+0000] {processor.py:175} INFO - Processing /home/airflow/.local/lib/python3.7/site-packages/airflow/example_dags/example_sensors.py took 0.076 seconds
[2023-03-28T02:37:18.715+0000] {processor.py:153} INFO - Started process (PID=1196) to work on /home/airflow/.local/lib/python3.7/site-packages/airflow/example_dags/example_sensors.py
[2023-03-28T02:37:18.717+0000] {processor.py:743} INFO - Processing file /home/airflow/.local/lib/python3.7/site-packages/airflow/example_dags/example_sensors.py for tasks to queue
[2023-03-28T02:37:18.718+0000] {logging_mixin.py:137} INFO - [2023-03-28T02:37:18.718+0000] {dagbag.py:532} INFO - Filling up the DagBag from /home/airflow/.local/lib/python3.7/site-packages/airflow/example_dags/example_sensors.py
[2023-03-28T02:37:18.737+0000] {processor.py:753} INFO - DAG(s) dict_keys(['example_sensors']) retrieved from /home/airflow/.local/lib/python3.7/site-packages/airflow/example_dags/example_sensors.py
[2023-03-28T02:37:18.791+0000] {logging_mixin.py:137} INFO - [2023-03-28T02:37:18.790+0000] {dag.py:2693} INFO - Sync 1 DAGs
[2023-03-28T02:37:18.810+0000] {logging_mixin.py:137} INFO - [2023-03-28T02:37:18.810+0000] {dag.py:3444} INFO - Setting next_dagrun for example_sensors to None, run_after=None
[2023-03-28T02:37:18.823+0000] {processor.py:175} INFO - Processing /home/airflow/.local/lib/python3.7/site-packages/airflow/example_dags/example_sensors.py took 0.112 seconds
[2023-03-28T02:37:49.256+0000] {processor.py:153} INFO - Started process (PID=1245) to work on /home/airflow/.local/lib/python3.7/site-packages/airflow/example_dags/example_sensors.py
[2023-03-28T02:37:49.258+0000] {processor.py:743} INFO - Processing file /home/airflow/.local/lib/python3.7/site-packages/airflow/example_dags/example_sensors.py for tasks to queue
[2023-03-28T02:37:49.259+0000] {logging_mixin.py:137} INFO - [2023-03-28T02:37:49.259+0000] {dagbag.py:532} INFO - Filling up the DagBag from /home/airflow/.local/lib/python3.7/site-packages/airflow/example_dags/example_sensors.py
[2023-03-28T02:37:49.271+0000] {processor.py:753} INFO - DAG(s) dict_keys(['example_sensors']) retrieved from /home/airflow/.local/lib/python3.7/site-packages/airflow/example_dags/example_sensors.py
[2023-03-28T02:37:49.292+0000] {logging_mixin.py:137} INFO - [2023-03-28T02:37:49.292+0000] {dag.py:2693} INFO - Sync 1 DAGs
[2023-03-28T02:37:49.309+0000] {logging_mixin.py:137} INFO - [2023-03-28T02:37:49.309+0000] {dag.py:3444} INFO - Setting next_dagrun for example_sensors to None, run_after=None
[2023-03-28T02:37:49.321+0000] {processor.py:175} INFO - Processing /home/airflow/.local/lib/python3.7/site-packages/airflow/example_dags/example_sensors.py took 0.068 seconds
[2023-03-28T02:38:19.845+0000] {processor.py:153} INFO - Started process (PID=1294) to work on /home/airflow/.local/lib/python3.7/site-packages/airflow/example_dags/example_sensors.py
[2023-03-28T02:38:19.847+0000] {processor.py:743} INFO - Processing file /home/airflow/.local/lib/python3.7/site-packages/airflow/example_dags/example_sensors.py for tasks to queue
[2023-03-28T02:38:19.848+0000] {logging_mixin.py:137} INFO - [2023-03-28T02:38:19.848+0000] {dagbag.py:532} INFO - Filling up the DagBag from /home/airflow/.local/lib/python3.7/site-packages/airflow/example_dags/example_sensors.py
[2023-03-28T02:38:19.864+0000] {processor.py:753} INFO - DAG(s) dict_keys(['example_sensors']) retrieved from /home/airflow/.local/lib/python3.7/site-packages/airflow/example_dags/example_sensors.py
[2023-03-28T02:38:19.886+0000] {logging_mixin.py:137} INFO - [2023-03-28T02:38:19.886+0000] {dag.py:2693} INFO - Sync 1 DAGs
[2023-03-28T02:38:19.909+0000] {logging_mixin.py:137} INFO - [2023-03-28T02:38:19.909+0000] {dag.py:3444} INFO - Setting next_dagrun for example_sensors to None, run_after=None
[2023-03-28T02:38:19.925+0000] {processor.py:175} INFO - Processing /home/airflow/.local/lib/python3.7/site-packages/airflow/example_dags/example_sensors.py took 0.082 seconds
[2023-03-28T02:38:50.190+0000] {processor.py:153} INFO - Started process (PID=1344) to work on /home/airflow/.local/lib/python3.7/site-packages/airflow/example_dags/example_sensors.py
[2023-03-28T02:38:50.191+0000] {processor.py:743} INFO - Processing file /home/airflow/.local/lib/python3.7/site-packages/airflow/example_dags/example_sensors.py for tasks to queue
[2023-03-28T02:38:50.192+0000] {logging_mixin.py:137} INFO - [2023-03-28T02:38:50.192+0000] {dagbag.py:532} INFO - Filling up the DagBag from /home/airflow/.local/lib/python3.7/site-packages/airflow/example_dags/example_sensors.py
[2023-03-28T02:38:50.204+0000] {processor.py:753} INFO - DAG(s) dict_keys(['example_sensors']) retrieved from /home/airflow/.local/lib/python3.7/site-packages/airflow/example_dags/example_sensors.py
[2023-03-28T02:38:50.226+0000] {logging_mixin.py:137} INFO - [2023-03-28T02:38:50.226+0000] {dag.py:2693} INFO - Sync 1 DAGs
[2023-03-28T02:38:50.243+0000] {logging_mixin.py:137} INFO - [2023-03-28T02:38:50.243+0000] {dag.py:3444} INFO - Setting next_dagrun for example_sensors to None, run_after=None
[2023-03-28T02:38:50.254+0000] {processor.py:175} INFO - Processing /home/airflow/.local/lib/python3.7/site-packages/airflow/example_dags/example_sensors.py took 0.067 seconds
[2023-03-28T02:39:20.585+0000] {processor.py:153} INFO - Started process (PID=1393) to work on /home/airflow/.local/lib/python3.7/site-packages/airflow/example_dags/example_sensors.py
[2023-03-28T02:39:20.587+0000] {processor.py:743} INFO - Processing file /home/airflow/.local/lib/python3.7/site-packages/airflow/example_dags/example_sensors.py for tasks to queue
[2023-03-28T02:39:20.588+0000] {logging_mixin.py:137} INFO - [2023-03-28T02:39:20.588+0000] {dagbag.py:532} INFO - Filling up the DagBag from /home/airflow/.local/lib/python3.7/site-packages/airflow/example_dags/example_sensors.py
[2023-03-28T02:39:20.601+0000] {processor.py:753} INFO - DAG(s) dict_keys(['example_sensors']) retrieved from /home/airflow/.local/lib/python3.7/site-packages/airflow/example_dags/example_sensors.py
[2023-03-28T02:39:20.622+0000] {logging_mixin.py:137} INFO - [2023-03-28T02:39:20.621+0000] {dag.py:2693} INFO - Sync 1 DAGs
[2023-03-28T02:39:20.641+0000] {logging_mixin.py:137} INFO - [2023-03-28T02:39:20.640+0000] {dag.py:3444} INFO - Setting next_dagrun for example_sensors to None, run_after=None
[2023-03-28T02:39:20.652+0000] {processor.py:175} INFO - Processing /home/airflow/.local/lib/python3.7/site-packages/airflow/example_dags/example_sensors.py took 0.069 seconds
[2023-03-28T02:39:51.168+0000] {processor.py:153} INFO - Started process (PID=1442) to work on /home/airflow/.local/lib/python3.7/site-packages/airflow/example_dags/example_sensors.py
[2023-03-28T02:39:51.170+0000] {processor.py:743} INFO - Processing file /home/airflow/.local/lib/python3.7/site-packages/airflow/example_dags/example_sensors.py for tasks to queue
[2023-03-28T02:39:51.171+0000] {logging_mixin.py:137} INFO - [2023-03-28T02:39:51.171+0000] {dagbag.py:532} INFO - Filling up the DagBag from /home/airflow/.local/lib/python3.7/site-packages/airflow/example_dags/example_sensors.py
[2023-03-28T02:39:51.185+0000] {processor.py:753} INFO - DAG(s) dict_keys(['example_sensors']) retrieved from /home/airflow/.local/lib/python3.7/site-packages/airflow/example_dags/example_sensors.py
[2023-03-28T02:39:51.211+0000] {logging_mixin.py:137} INFO - [2023-03-28T02:39:51.211+0000] {dag.py:2693} INFO - Sync 1 DAGs
[2023-03-28T02:39:51.231+0000] {logging_mixin.py:137} INFO - [2023-03-28T02:39:51.231+0000] {dag.py:3444} INFO - Setting next_dagrun for example_sensors to None, run_after=None
[2023-03-28T02:39:51.245+0000] {processor.py:175} INFO - Processing /home/airflow/.local/lib/python3.7/site-packages/airflow/example_dags/example_sensors.py took 0.080 seconds
[2023-03-28T02:40:21.801+0000] {processor.py:153} INFO - Started process (PID=1491) to work on /home/airflow/.local/lib/python3.7/site-packages/airflow/example_dags/example_sensors.py
[2023-03-28T02:40:21.803+0000] {processor.py:743} INFO - Processing file /home/airflow/.local/lib/python3.7/site-packages/airflow/example_dags/example_sensors.py for tasks to queue
[2023-03-28T02:40:21.804+0000] {logging_mixin.py:137} INFO - [2023-03-28T02:40:21.804+0000] {dagbag.py:532} INFO - Filling up the DagBag from /home/airflow/.local/lib/python3.7/site-packages/airflow/example_dags/example_sensors.py
[2023-03-28T02:40:21.817+0000] {processor.py:753} INFO - DAG(s) dict_keys(['example_sensors']) retrieved from /home/airflow/.local/lib/python3.7/site-packages/airflow/example_dags/example_sensors.py
[2023-03-28T02:40:21.837+0000] {logging_mixin.py:137} INFO - [2023-03-28T02:40:21.837+0000] {dag.py:2693} INFO - Sync 1 DAGs
[2023-03-28T02:40:21.855+0000] {logging_mixin.py:137} INFO - [2023-03-28T02:40:21.854+0000] {dag.py:3444} INFO - Setting next_dagrun for example_sensors to None, run_after=None
[2023-03-28T02:40:21.869+0000] {processor.py:175} INFO - Processing /home/airflow/.local/lib/python3.7/site-packages/airflow/example_dags/example_sensors.py took 0.070 seconds
[2023-03-28T02:40:52.740+0000] {processor.py:153} INFO - Started process (PID=1540) to work on /home/airflow/.local/lib/python3.7/site-packages/airflow/example_dags/example_sensors.py
[2023-03-28T02:40:52.742+0000] {processor.py:743} INFO - Processing file /home/airflow/.local/lib/python3.7/site-packages/airflow/example_dags/example_sensors.py for tasks to queue
[2023-03-28T02:40:52.743+0000] {logging_mixin.py:137} INFO - [2023-03-28T02:40:52.743+0000] {dagbag.py:532} INFO - Filling up the DagBag from /home/airflow/.local/lib/python3.7/site-packages/airflow/example_dags/example_sensors.py
[2023-03-28T02:40:52.758+0000] {processor.py:753} INFO - DAG(s) dict_keys(['example_sensors']) retrieved from /home/airflow/.local/lib/python3.7/site-packages/airflow/example_dags/example_sensors.py
[2023-03-28T02:40:52.783+0000] {logging_mixin.py:137} INFO - [2023-03-28T02:40:52.783+0000] {dag.py:2693} INFO - Sync 1 DAGs
[2023-03-28T02:40:52.803+0000] {logging_mixin.py:137} INFO - [2023-03-28T02:40:52.803+0000] {dag.py:3444} INFO - Setting next_dagrun for example_sensors to None, run_after=None
[2023-03-28T02:40:52.822+0000] {processor.py:175} INFO - Processing /home/airflow/.local/lib/python3.7/site-packages/airflow/example_dags/example_sensors.py took 0.085 seconds
