[2023-03-28T02:25:34.022+0000] {processor.py:153} INFO - Started process (PID=68) to work on /home/airflow/.local/lib/python3.7/site-packages/airflow/example_dags/example_branch_labels.py
[2023-03-28T02:25:34.023+0000] {processor.py:743} INFO - Processing file /home/airflow/.local/lib/python3.7/site-packages/airflow/example_dags/example_branch_labels.py for tasks to queue
[2023-03-28T02:25:34.027+0000] {logging_mixin.py:137} INFO - [2023-03-28T02:25:34.027+0000] {dagbag.py:532} INFO - Filling up the DagBag from /home/airflow/.local/lib/python3.7/site-packages/airflow/example_dags/example_branch_labels.py
[2023-03-28T02:25:34.040+0000] {processor.py:753} INFO - DAG(s) dict_keys(['example_branch_labels']) retrieved from /home/airflow/.local/lib/python3.7/site-packages/airflow/example_dags/example_branch_labels.py
[2023-03-28T02:25:34.050+0000] {logging_mixin.py:137} INFO - [2023-03-28T02:25:34.050+0000] {dag.py:2693} INFO - Sync 1 DAGs
[2023-03-28T02:25:34.070+0000] {logging_mixin.py:137} INFO - [2023-03-28T02:25:34.070+0000] {dag.py:3444} INFO - Setting next_dagrun for example_branch_labels to 2023-03-27T00:00:00+00:00, run_after=2023-03-28T00:00:00+00:00
[2023-03-28T02:25:34.096+0000] {processor.py:175} INFO - Processing /home/airflow/.local/lib/python3.7/site-packages/airflow/example_dags/example_branch_labels.py took 0.076 seconds
[2023-03-28T02:26:04.715+0000] {processor.py:153} INFO - Started process (PID=117) to work on /home/airflow/.local/lib/python3.7/site-packages/airflow/example_dags/example_branch_labels.py
[2023-03-28T02:26:04.717+0000] {processor.py:743} INFO - Processing file /home/airflow/.local/lib/python3.7/site-packages/airflow/example_dags/example_branch_labels.py for tasks to queue
[2023-03-28T02:26:04.718+0000] {logging_mixin.py:137} INFO - [2023-03-28T02:26:04.718+0000] {dagbag.py:532} INFO - Filling up the DagBag from /home/airflow/.local/lib/python3.7/site-packages/airflow/example_dags/example_branch_labels.py
[2023-03-28T02:26:04.730+0000] {processor.py:753} INFO - DAG(s) dict_keys(['example_branch_labels']) retrieved from /home/airflow/.local/lib/python3.7/site-packages/airflow/example_dags/example_branch_labels.py
[2023-03-28T02:26:04.751+0000] {logging_mixin.py:137} INFO - [2023-03-28T02:26:04.751+0000] {dag.py:2693} INFO - Sync 1 DAGs
[2023-03-28T02:26:04.770+0000] {logging_mixin.py:137} INFO - [2023-03-28T02:26:04.770+0000] {dag.py:3444} INFO - Setting next_dagrun for example_branch_labels to 2023-03-27T00:00:00+00:00, run_after=2023-03-28T00:00:00+00:00
[2023-03-28T02:26:04.782+0000] {processor.py:175} INFO - Processing /home/airflow/.local/lib/python3.7/site-packages/airflow/example_dags/example_branch_labels.py took 0.069 seconds
[2023-03-28T02:26:35.404+0000] {processor.py:153} INFO - Started process (PID=166) to work on /home/airflow/.local/lib/python3.7/site-packages/airflow/example_dags/example_branch_labels.py
[2023-03-28T02:26:35.406+0000] {processor.py:743} INFO - Processing file /home/airflow/.local/lib/python3.7/site-packages/airflow/example_dags/example_branch_labels.py for tasks to queue
[2023-03-28T02:26:35.407+0000] {logging_mixin.py:137} INFO - [2023-03-28T02:26:35.407+0000] {dagbag.py:532} INFO - Filling up the DagBag from /home/airflow/.local/lib/python3.7/site-packages/airflow/example_dags/example_branch_labels.py
[2023-03-28T02:26:35.417+0000] {processor.py:753} INFO - DAG(s) dict_keys(['example_branch_labels']) retrieved from /home/airflow/.local/lib/python3.7/site-packages/airflow/example_dags/example_branch_labels.py
[2023-03-28T02:26:35.436+0000] {logging_mixin.py:137} INFO - [2023-03-28T02:26:35.436+0000] {dag.py:2693} INFO - Sync 1 DAGs
[2023-03-28T02:26:35.453+0000] {logging_mixin.py:137} INFO - [2023-03-28T02:26:35.453+0000] {dag.py:3444} INFO - Setting next_dagrun for example_branch_labels to 2023-03-27T00:00:00+00:00, run_after=2023-03-28T00:00:00+00:00
[2023-03-28T02:26:35.467+0000] {processor.py:175} INFO - Processing /home/airflow/.local/lib/python3.7/site-packages/airflow/example_dags/example_branch_labels.py took 0.065 seconds
[2023-03-28T02:27:06.389+0000] {processor.py:153} INFO - Started process (PID=215) to work on /home/airflow/.local/lib/python3.7/site-packages/airflow/example_dags/example_branch_labels.py
[2023-03-28T02:27:06.391+0000] {processor.py:743} INFO - Processing file /home/airflow/.local/lib/python3.7/site-packages/airflow/example_dags/example_branch_labels.py for tasks to queue
[2023-03-28T02:27:06.392+0000] {logging_mixin.py:137} INFO - [2023-03-28T02:27:06.392+0000] {dagbag.py:532} INFO - Filling up the DagBag from /home/airflow/.local/lib/python3.7/site-packages/airflow/example_dags/example_branch_labels.py
[2023-03-28T02:27:06.401+0000] {processor.py:753} INFO - DAG(s) dict_keys(['example_branch_labels']) retrieved from /home/airflow/.local/lib/python3.7/site-packages/airflow/example_dags/example_branch_labels.py
[2023-03-28T02:27:06.420+0000] {logging_mixin.py:137} INFO - [2023-03-28T02:27:06.420+0000] {dag.py:2693} INFO - Sync 1 DAGs
[2023-03-28T02:27:06.436+0000] {logging_mixin.py:137} INFO - [2023-03-28T02:27:06.436+0000] {dag.py:3444} INFO - Setting next_dagrun for example_branch_labels to 2023-03-27T00:00:00+00:00, run_after=2023-03-28T00:00:00+00:00
[2023-03-28T02:27:06.447+0000] {processor.py:175} INFO - Processing /home/airflow/.local/lib/python3.7/site-packages/airflow/example_dags/example_branch_labels.py took 0.061 seconds
[2023-03-28T02:27:36.963+0000] {processor.py:153} INFO - Started process (PID=264) to work on /home/airflow/.local/lib/python3.7/site-packages/airflow/example_dags/example_branch_labels.py
[2023-03-28T02:27:36.964+0000] {processor.py:743} INFO - Processing file /home/airflow/.local/lib/python3.7/site-packages/airflow/example_dags/example_branch_labels.py for tasks to queue
[2023-03-28T02:27:36.965+0000] {logging_mixin.py:137} INFO - [2023-03-28T02:27:36.965+0000] {dagbag.py:532} INFO - Filling up the DagBag from /home/airflow/.local/lib/python3.7/site-packages/airflow/example_dags/example_branch_labels.py
[2023-03-28T02:27:36.975+0000] {processor.py:753} INFO - DAG(s) dict_keys(['example_branch_labels']) retrieved from /home/airflow/.local/lib/python3.7/site-packages/airflow/example_dags/example_branch_labels.py
[2023-03-28T02:27:36.994+0000] {logging_mixin.py:137} INFO - [2023-03-28T02:27:36.994+0000] {dag.py:2693} INFO - Sync 1 DAGs
[2023-03-28T02:27:37.010+0000] {logging_mixin.py:137} INFO - [2023-03-28T02:27:37.010+0000] {dag.py:3444} INFO - Setting next_dagrun for example_branch_labels to 2023-03-27T00:00:00+00:00, run_after=2023-03-28T00:00:00+00:00
[2023-03-28T02:27:37.023+0000] {processor.py:175} INFO - Processing /home/airflow/.local/lib/python3.7/site-packages/airflow/example_dags/example_branch_labels.py took 0.063 seconds
[2023-03-28T02:28:07.703+0000] {processor.py:153} INFO - Started process (PID=313) to work on /home/airflow/.local/lib/python3.7/site-packages/airflow/example_dags/example_branch_labels.py
[2023-03-28T02:28:07.707+0000] {processor.py:743} INFO - Processing file /home/airflow/.local/lib/python3.7/site-packages/airflow/example_dags/example_branch_labels.py for tasks to queue
[2023-03-28T02:28:07.710+0000] {logging_mixin.py:137} INFO - [2023-03-28T02:28:07.710+0000] {dagbag.py:532} INFO - Filling up the DagBag from /home/airflow/.local/lib/python3.7/site-packages/airflow/example_dags/example_branch_labels.py
[2023-03-28T02:28:07.724+0000] {processor.py:753} INFO - DAG(s) dict_keys(['example_branch_labels']) retrieved from /home/airflow/.local/lib/python3.7/site-packages/airflow/example_dags/example_branch_labels.py
[2023-03-28T02:28:07.746+0000] {logging_mixin.py:137} INFO - [2023-03-28T02:28:07.746+0000] {dag.py:2693} INFO - Sync 1 DAGs
[2023-03-28T02:28:07.764+0000] {logging_mixin.py:137} INFO - [2023-03-28T02:28:07.764+0000] {dag.py:3444} INFO - Setting next_dagrun for example_branch_labels to 2023-03-27T00:00:00+00:00, run_after=2023-03-28T00:00:00+00:00
[2023-03-28T02:28:07.778+0000] {processor.py:175} INFO - Processing /home/airflow/.local/lib/python3.7/site-packages/airflow/example_dags/example_branch_labels.py took 0.078 seconds
[2023-03-28T02:28:38.292+0000] {processor.py:153} INFO - Started process (PID=362) to work on /home/airflow/.local/lib/python3.7/site-packages/airflow/example_dags/example_branch_labels.py
[2023-03-28T02:28:38.294+0000] {processor.py:743} INFO - Processing file /home/airflow/.local/lib/python3.7/site-packages/airflow/example_dags/example_branch_labels.py for tasks to queue
[2023-03-28T02:28:38.296+0000] {logging_mixin.py:137} INFO - [2023-03-28T02:28:38.295+0000] {dagbag.py:532} INFO - Filling up the DagBag from /home/airflow/.local/lib/python3.7/site-packages/airflow/example_dags/example_branch_labels.py
[2023-03-28T02:28:38.305+0000] {processor.py:753} INFO - DAG(s) dict_keys(['example_branch_labels']) retrieved from /home/airflow/.local/lib/python3.7/site-packages/airflow/example_dags/example_branch_labels.py
[2023-03-28T02:28:38.324+0000] {logging_mixin.py:137} INFO - [2023-03-28T02:28:38.323+0000] {dag.py:2693} INFO - Sync 1 DAGs
[2023-03-28T02:28:38.340+0000] {logging_mixin.py:137} INFO - [2023-03-28T02:28:38.340+0000] {dag.py:3444} INFO - Setting next_dagrun for example_branch_labels to 2023-03-27T00:00:00+00:00, run_after=2023-03-28T00:00:00+00:00
[2023-03-28T02:28:38.355+0000] {processor.py:175} INFO - Processing /home/airflow/.local/lib/python3.7/site-packages/airflow/example_dags/example_branch_labels.py took 0.065 seconds
[2023-03-28T02:29:09.061+0000] {processor.py:153} INFO - Started process (PID=411) to work on /home/airflow/.local/lib/python3.7/site-packages/airflow/example_dags/example_branch_labels.py
[2023-03-28T02:29:09.062+0000] {processor.py:743} INFO - Processing file /home/airflow/.local/lib/python3.7/site-packages/airflow/example_dags/example_branch_labels.py for tasks to queue
[2023-03-28T02:29:09.063+0000] {logging_mixin.py:137} INFO - [2023-03-28T02:29:09.063+0000] {dagbag.py:532} INFO - Filling up the DagBag from /home/airflow/.local/lib/python3.7/site-packages/airflow/example_dags/example_branch_labels.py
[2023-03-28T02:29:09.075+0000] {processor.py:753} INFO - DAG(s) dict_keys(['example_branch_labels']) retrieved from /home/airflow/.local/lib/python3.7/site-packages/airflow/example_dags/example_branch_labels.py
[2023-03-28T02:29:09.094+0000] {logging_mixin.py:137} INFO - [2023-03-28T02:29:09.094+0000] {dag.py:2693} INFO - Sync 1 DAGs
[2023-03-28T02:29:09.111+0000] {logging_mixin.py:137} INFO - [2023-03-28T02:29:09.111+0000] {dag.py:3444} INFO - Setting next_dagrun for example_branch_labels to 2023-03-27T00:00:00+00:00, run_after=2023-03-28T00:00:00+00:00
[2023-03-28T02:29:09.125+0000] {processor.py:175} INFO - Processing /home/airflow/.local/lib/python3.7/site-packages/airflow/example_dags/example_branch_labels.py took 0.066 seconds
[2023-03-28T02:29:39.679+0000] {processor.py:153} INFO - Started process (PID=460) to work on /home/airflow/.local/lib/python3.7/site-packages/airflow/example_dags/example_branch_labels.py
[2023-03-28T02:29:39.681+0000] {processor.py:743} INFO - Processing file /home/airflow/.local/lib/python3.7/site-packages/airflow/example_dags/example_branch_labels.py for tasks to queue
[2023-03-28T02:29:39.682+0000] {logging_mixin.py:137} INFO - [2023-03-28T02:29:39.682+0000] {dagbag.py:532} INFO - Filling up the DagBag from /home/airflow/.local/lib/python3.7/site-packages/airflow/example_dags/example_branch_labels.py
[2023-03-28T02:29:39.692+0000] {processor.py:753} INFO - DAG(s) dict_keys(['example_branch_labels']) retrieved from /home/airflow/.local/lib/python3.7/site-packages/airflow/example_dags/example_branch_labels.py
[2023-03-28T02:29:39.711+0000] {logging_mixin.py:137} INFO - [2023-03-28T02:29:39.711+0000] {dag.py:2693} INFO - Sync 1 DAGs
[2023-03-28T02:29:39.729+0000] {logging_mixin.py:137} INFO - [2023-03-28T02:29:39.729+0000] {dag.py:3444} INFO - Setting next_dagrun for example_branch_labels to 2023-03-27T00:00:00+00:00, run_after=2023-03-28T00:00:00+00:00
[2023-03-28T02:29:39.743+0000] {processor.py:175} INFO - Processing /home/airflow/.local/lib/python3.7/site-packages/airflow/example_dags/example_branch_labels.py took 0.067 seconds
[2023-03-28T02:30:10.384+0000] {processor.py:153} INFO - Started process (PID=509) to work on /home/airflow/.local/lib/python3.7/site-packages/airflow/example_dags/example_branch_labels.py
[2023-03-28T02:30:10.386+0000] {processor.py:743} INFO - Processing file /home/airflow/.local/lib/python3.7/site-packages/airflow/example_dags/example_branch_labels.py for tasks to queue
[2023-03-28T02:30:10.387+0000] {logging_mixin.py:137} INFO - [2023-03-28T02:30:10.387+0000] {dagbag.py:532} INFO - Filling up the DagBag from /home/airflow/.local/lib/python3.7/site-packages/airflow/example_dags/example_branch_labels.py
[2023-03-28T02:30:10.398+0000] {processor.py:753} INFO - DAG(s) dict_keys(['example_branch_labels']) retrieved from /home/airflow/.local/lib/python3.7/site-packages/airflow/example_dags/example_branch_labels.py
[2023-03-28T02:30:10.417+0000] {logging_mixin.py:137} INFO - [2023-03-28T02:30:10.417+0000] {dag.py:2693} INFO - Sync 1 DAGs
[2023-03-28T02:30:10.434+0000] {logging_mixin.py:137} INFO - [2023-03-28T02:30:10.434+0000] {dag.py:3444} INFO - Setting next_dagrun for example_branch_labels to 2023-03-27T00:00:00+00:00, run_after=2023-03-28T00:00:00+00:00
[2023-03-28T02:30:10.446+0000] {processor.py:175} INFO - Processing /home/airflow/.local/lib/python3.7/site-packages/airflow/example_dags/example_branch_labels.py took 0.064 seconds
[2023-03-28T02:30:40.993+0000] {processor.py:153} INFO - Started process (PID=558) to work on /home/airflow/.local/lib/python3.7/site-packages/airflow/example_dags/example_branch_labels.py
[2023-03-28T02:30:40.995+0000] {processor.py:743} INFO - Processing file /home/airflow/.local/lib/python3.7/site-packages/airflow/example_dags/example_branch_labels.py for tasks to queue
[2023-03-28T02:30:40.996+0000] {logging_mixin.py:137} INFO - [2023-03-28T02:30:40.996+0000] {dagbag.py:532} INFO - Filling up the DagBag from /home/airflow/.local/lib/python3.7/site-packages/airflow/example_dags/example_branch_labels.py
[2023-03-28T02:30:41.006+0000] {processor.py:753} INFO - DAG(s) dict_keys(['example_branch_labels']) retrieved from /home/airflow/.local/lib/python3.7/site-packages/airflow/example_dags/example_branch_labels.py
[2023-03-28T02:30:41.023+0000] {logging_mixin.py:137} INFO - [2023-03-28T02:30:41.023+0000] {dag.py:2693} INFO - Sync 1 DAGs
[2023-03-28T02:30:41.041+0000] {logging_mixin.py:137} INFO - [2023-03-28T02:30:41.041+0000] {dag.py:3444} INFO - Setting next_dagrun for example_branch_labels to 2023-03-27T00:00:00+00:00, run_after=2023-03-28T00:00:00+00:00
[2023-03-28T02:30:41.054+0000] {processor.py:175} INFO - Processing /home/airflow/.local/lib/python3.7/site-packages/airflow/example_dags/example_branch_labels.py took 0.063 seconds
[2023-03-28T02:31:11.849+0000] {processor.py:153} INFO - Started process (PID=607) to work on /home/airflow/.local/lib/python3.7/site-packages/airflow/example_dags/example_branch_labels.py
[2023-03-28T02:31:11.851+0000] {processor.py:743} INFO - Processing file /home/airflow/.local/lib/python3.7/site-packages/airflow/example_dags/example_branch_labels.py for tasks to queue
[2023-03-28T02:31:11.853+0000] {logging_mixin.py:137} INFO - [2023-03-28T02:31:11.852+0000] {dagbag.py:532} INFO - Filling up the DagBag from /home/airflow/.local/lib/python3.7/site-packages/airflow/example_dags/example_branch_labels.py
[2023-03-28T02:31:11.863+0000] {processor.py:753} INFO - DAG(s) dict_keys(['example_branch_labels']) retrieved from /home/airflow/.local/lib/python3.7/site-packages/airflow/example_dags/example_branch_labels.py
[2023-03-28T02:31:11.882+0000] {logging_mixin.py:137} INFO - [2023-03-28T02:31:11.881+0000] {dag.py:2693} INFO - Sync 1 DAGs
[2023-03-28T02:31:11.903+0000] {logging_mixin.py:137} INFO - [2023-03-28T02:31:11.902+0000] {dag.py:3444} INFO - Setting next_dagrun for example_branch_labels to 2023-03-27T00:00:00+00:00, run_after=2023-03-28T00:00:00+00:00
[2023-03-28T02:31:11.917+0000] {processor.py:175} INFO - Processing /home/airflow/.local/lib/python3.7/site-packages/airflow/example_dags/example_branch_labels.py took 0.070 seconds
[2023-03-28T02:31:42.727+0000] {processor.py:153} INFO - Started process (PID=657) to work on /home/airflow/.local/lib/python3.7/site-packages/airflow/example_dags/example_branch_labels.py
[2023-03-28T02:31:42.730+0000] {processor.py:743} INFO - Processing file /home/airflow/.local/lib/python3.7/site-packages/airflow/example_dags/example_branch_labels.py for tasks to queue
[2023-03-28T02:31:42.731+0000] {logging_mixin.py:137} INFO - [2023-03-28T02:31:42.731+0000] {dagbag.py:532} INFO - Filling up the DagBag from /home/airflow/.local/lib/python3.7/site-packages/airflow/example_dags/example_branch_labels.py
[2023-03-28T02:31:42.749+0000] {processor.py:753} INFO - DAG(s) dict_keys(['example_branch_labels']) retrieved from /home/airflow/.local/lib/python3.7/site-packages/airflow/example_dags/example_branch_labels.py
[2023-03-28T02:31:42.773+0000] {logging_mixin.py:137} INFO - [2023-03-28T02:31:42.773+0000] {dag.py:2693} INFO - Sync 1 DAGs
[2023-03-28T02:31:42.797+0000] {logging_mixin.py:137} INFO - [2023-03-28T02:31:42.797+0000] {dag.py:3444} INFO - Setting next_dagrun for example_branch_labels to 2023-03-27T00:00:00+00:00, run_after=2023-03-28T00:00:00+00:00
[2023-03-28T02:31:42.814+0000] {processor.py:175} INFO - Processing /home/airflow/.local/lib/python3.7/site-packages/airflow/example_dags/example_branch_labels.py took 0.090 seconds
[2023-03-28T02:32:13.463+0000] {processor.py:153} INFO - Started process (PID=706) to work on /home/airflow/.local/lib/python3.7/site-packages/airflow/example_dags/example_branch_labels.py
[2023-03-28T02:32:13.466+0000] {processor.py:743} INFO - Processing file /home/airflow/.local/lib/python3.7/site-packages/airflow/example_dags/example_branch_labels.py for tasks to queue
[2023-03-28T02:32:13.468+0000] {logging_mixin.py:137} INFO - [2023-03-28T02:32:13.468+0000] {dagbag.py:532} INFO - Filling up the DagBag from /home/airflow/.local/lib/python3.7/site-packages/airflow/example_dags/example_branch_labels.py
[2023-03-28T02:32:13.484+0000] {processor.py:753} INFO - DAG(s) dict_keys(['example_branch_labels']) retrieved from /home/airflow/.local/lib/python3.7/site-packages/airflow/example_dags/example_branch_labels.py
[2023-03-28T02:32:13.517+0000] {logging_mixin.py:137} INFO - [2023-03-28T02:32:13.517+0000] {dag.py:2693} INFO - Sync 1 DAGs
[2023-03-28T02:32:13.536+0000] {logging_mixin.py:137} INFO - [2023-03-28T02:32:13.536+0000] {dag.py:3444} INFO - Setting next_dagrun for example_branch_labels to 2023-03-27T00:00:00+00:00, run_after=2023-03-28T00:00:00+00:00
[2023-03-28T02:32:13.552+0000] {processor.py:175} INFO - Processing /home/airflow/.local/lib/python3.7/site-packages/airflow/example_dags/example_branch_labels.py took 0.092 seconds
[2023-03-28T02:32:44.046+0000] {processor.py:153} INFO - Started process (PID=755) to work on /home/airflow/.local/lib/python3.7/site-packages/airflow/example_dags/example_branch_labels.py
[2023-03-28T02:32:44.047+0000] {processor.py:743} INFO - Processing file /home/airflow/.local/lib/python3.7/site-packages/airflow/example_dags/example_branch_labels.py for tasks to queue
[2023-03-28T02:32:44.049+0000] {logging_mixin.py:137} INFO - [2023-03-28T02:32:44.049+0000] {dagbag.py:532} INFO - Filling up the DagBag from /home/airflow/.local/lib/python3.7/site-packages/airflow/example_dags/example_branch_labels.py
[2023-03-28T02:32:44.059+0000] {processor.py:753} INFO - DAG(s) dict_keys(['example_branch_labels']) retrieved from /home/airflow/.local/lib/python3.7/site-packages/airflow/example_dags/example_branch_labels.py
[2023-03-28T02:32:44.082+0000] {logging_mixin.py:137} INFO - [2023-03-28T02:32:44.082+0000] {dag.py:2693} INFO - Sync 1 DAGs
[2023-03-28T02:32:44.110+0000] {logging_mixin.py:137} INFO - [2023-03-28T02:32:44.110+0000] {dag.py:3444} INFO - Setting next_dagrun for example_branch_labels to 2023-03-27T00:00:00+00:00, run_after=2023-03-28T00:00:00+00:00
[2023-03-28T02:32:44.129+0000] {processor.py:175} INFO - Processing /home/airflow/.local/lib/python3.7/site-packages/airflow/example_dags/example_branch_labels.py took 0.086 seconds
[2023-03-28T02:33:14.979+0000] {processor.py:153} INFO - Started process (PID=804) to work on /home/airflow/.local/lib/python3.7/site-packages/airflow/example_dags/example_branch_labels.py
[2023-03-28T02:33:14.982+0000] {processor.py:743} INFO - Processing file /home/airflow/.local/lib/python3.7/site-packages/airflow/example_dags/example_branch_labels.py for tasks to queue
[2023-03-28T02:33:14.983+0000] {logging_mixin.py:137} INFO - [2023-03-28T02:33:14.983+0000] {dagbag.py:532} INFO - Filling up the DagBag from /home/airflow/.local/lib/python3.7/site-packages/airflow/example_dags/example_branch_labels.py
[2023-03-28T02:33:14.993+0000] {processor.py:753} INFO - DAG(s) dict_keys(['example_branch_labels']) retrieved from /home/airflow/.local/lib/python3.7/site-packages/airflow/example_dags/example_branch_labels.py
[2023-03-28T02:33:15.016+0000] {logging_mixin.py:137} INFO - [2023-03-28T02:33:15.016+0000] {dag.py:2693} INFO - Sync 1 DAGs
[2023-03-28T02:33:15.040+0000] {logging_mixin.py:137} INFO - [2023-03-28T02:33:15.040+0000] {dag.py:3444} INFO - Setting next_dagrun for example_branch_labels to 2023-03-27T00:00:00+00:00, run_after=2023-03-28T00:00:00+00:00
[2023-03-28T02:33:15.056+0000] {processor.py:175} INFO - Processing /home/airflow/.local/lib/python3.7/site-packages/airflow/example_dags/example_branch_labels.py took 0.080 seconds
[2023-03-28T02:33:45.614+0000] {processor.py:153} INFO - Started process (PID=853) to work on /home/airflow/.local/lib/python3.7/site-packages/airflow/example_dags/example_branch_labels.py
[2023-03-28T02:33:45.617+0000] {processor.py:743} INFO - Processing file /home/airflow/.local/lib/python3.7/site-packages/airflow/example_dags/example_branch_labels.py for tasks to queue
[2023-03-28T02:33:45.617+0000] {logging_mixin.py:137} INFO - [2023-03-28T02:33:45.617+0000] {dagbag.py:532} INFO - Filling up the DagBag from /home/airflow/.local/lib/python3.7/site-packages/airflow/example_dags/example_branch_labels.py
[2023-03-28T02:33:45.627+0000] {processor.py:753} INFO - DAG(s) dict_keys(['example_branch_labels']) retrieved from /home/airflow/.local/lib/python3.7/site-packages/airflow/example_dags/example_branch_labels.py
[2023-03-28T02:33:45.645+0000] {logging_mixin.py:137} INFO - [2023-03-28T02:33:45.645+0000] {dag.py:2693} INFO - Sync 1 DAGs
[2023-03-28T02:33:45.663+0000] {logging_mixin.py:137} INFO - [2023-03-28T02:33:45.662+0000] {dag.py:3444} INFO - Setting next_dagrun for example_branch_labels to 2023-03-27T00:00:00+00:00, run_after=2023-03-28T00:00:00+00:00
[2023-03-28T02:33:45.675+0000] {processor.py:175} INFO - Processing /home/airflow/.local/lib/python3.7/site-packages/airflow/example_dags/example_branch_labels.py took 0.064 seconds
[2023-03-28T02:34:16.046+0000] {processor.py:153} INFO - Started process (PID=902) to work on /home/airflow/.local/lib/python3.7/site-packages/airflow/example_dags/example_branch_labels.py
[2023-03-28T02:34:16.048+0000] {processor.py:743} INFO - Processing file /home/airflow/.local/lib/python3.7/site-packages/airflow/example_dags/example_branch_labels.py for tasks to queue
[2023-03-28T02:34:16.050+0000] {logging_mixin.py:137} INFO - [2023-03-28T02:34:16.050+0000] {dagbag.py:532} INFO - Filling up the DagBag from /home/airflow/.local/lib/python3.7/site-packages/airflow/example_dags/example_branch_labels.py
[2023-03-28T02:34:16.061+0000] {processor.py:753} INFO - DAG(s) dict_keys(['example_branch_labels']) retrieved from /home/airflow/.local/lib/python3.7/site-packages/airflow/example_dags/example_branch_labels.py
[2023-03-28T02:34:16.079+0000] {logging_mixin.py:137} INFO - [2023-03-28T02:34:16.079+0000] {dag.py:2693} INFO - Sync 1 DAGs
[2023-03-28T02:34:16.095+0000] {logging_mixin.py:137} INFO - [2023-03-28T02:34:16.095+0000] {dag.py:3444} INFO - Setting next_dagrun for example_branch_labels to 2023-03-27T00:00:00+00:00, run_after=2023-03-28T00:00:00+00:00
[2023-03-28T02:34:16.109+0000] {processor.py:175} INFO - Processing /home/airflow/.local/lib/python3.7/site-packages/airflow/example_dags/example_branch_labels.py took 0.067 seconds
[2023-03-28T02:34:46.667+0000] {processor.py:153} INFO - Started process (PID=951) to work on /home/airflow/.local/lib/python3.7/site-packages/airflow/example_dags/example_branch_labels.py
[2023-03-28T02:34:46.669+0000] {processor.py:743} INFO - Processing file /home/airflow/.local/lib/python3.7/site-packages/airflow/example_dags/example_branch_labels.py for tasks to queue
[2023-03-28T02:34:46.670+0000] {logging_mixin.py:137} INFO - [2023-03-28T02:34:46.670+0000] {dagbag.py:532} INFO - Filling up the DagBag from /home/airflow/.local/lib/python3.7/site-packages/airflow/example_dags/example_branch_labels.py
[2023-03-28T02:34:46.689+0000] {processor.py:753} INFO - DAG(s) dict_keys(['example_branch_labels']) retrieved from /home/airflow/.local/lib/python3.7/site-packages/airflow/example_dags/example_branch_labels.py
[2023-03-28T02:34:46.716+0000] {logging_mixin.py:137} INFO - [2023-03-28T02:34:46.716+0000] {dag.py:2693} INFO - Sync 1 DAGs
[2023-03-28T02:34:46.739+0000] {logging_mixin.py:137} INFO - [2023-03-28T02:34:46.739+0000] {dag.py:3444} INFO - Setting next_dagrun for example_branch_labels to 2023-03-27T00:00:00+00:00, run_after=2023-03-28T00:00:00+00:00
[2023-03-28T02:34:46.754+0000] {processor.py:175} INFO - Processing /home/airflow/.local/lib/python3.7/site-packages/airflow/example_dags/example_branch_labels.py took 0.090 seconds
[2023-03-28T02:35:17.134+0000] {processor.py:153} INFO - Started process (PID=1000) to work on /home/airflow/.local/lib/python3.7/site-packages/airflow/example_dags/example_branch_labels.py
[2023-03-28T02:35:17.136+0000] {processor.py:743} INFO - Processing file /home/airflow/.local/lib/python3.7/site-packages/airflow/example_dags/example_branch_labels.py for tasks to queue
[2023-03-28T02:35:17.137+0000] {logging_mixin.py:137} INFO - [2023-03-28T02:35:17.136+0000] {dagbag.py:532} INFO - Filling up the DagBag from /home/airflow/.local/lib/python3.7/site-packages/airflow/example_dags/example_branch_labels.py
[2023-03-28T02:35:17.146+0000] {processor.py:753} INFO - DAG(s) dict_keys(['example_branch_labels']) retrieved from /home/airflow/.local/lib/python3.7/site-packages/airflow/example_dags/example_branch_labels.py
[2023-03-28T02:35:17.164+0000] {logging_mixin.py:137} INFO - [2023-03-28T02:35:17.164+0000] {dag.py:2693} INFO - Sync 1 DAGs
[2023-03-28T02:35:17.182+0000] {logging_mixin.py:137} INFO - [2023-03-28T02:35:17.182+0000] {dag.py:3444} INFO - Setting next_dagrun for example_branch_labels to 2023-03-27T00:00:00+00:00, run_after=2023-03-28T00:00:00+00:00
[2023-03-28T02:35:17.198+0000] {processor.py:175} INFO - Processing /home/airflow/.local/lib/python3.7/site-packages/airflow/example_dags/example_branch_labels.py took 0.066 seconds
[2023-03-28T02:35:47.576+0000] {processor.py:153} INFO - Started process (PID=1051) to work on /home/airflow/.local/lib/python3.7/site-packages/airflow/example_dags/example_branch_labels.py
[2023-03-28T02:35:47.577+0000] {processor.py:743} INFO - Processing file /home/airflow/.local/lib/python3.7/site-packages/airflow/example_dags/example_branch_labels.py for tasks to queue
[2023-03-28T02:35:47.578+0000] {logging_mixin.py:137} INFO - [2023-03-28T02:35:47.578+0000] {dagbag.py:532} INFO - Filling up the DagBag from /home/airflow/.local/lib/python3.7/site-packages/airflow/example_dags/example_branch_labels.py
[2023-03-28T02:35:47.588+0000] {processor.py:753} INFO - DAG(s) dict_keys(['example_branch_labels']) retrieved from /home/airflow/.local/lib/python3.7/site-packages/airflow/example_dags/example_branch_labels.py
[2023-03-28T02:35:47.608+0000] {logging_mixin.py:137} INFO - [2023-03-28T02:35:47.608+0000] {dag.py:2693} INFO - Sync 1 DAGs
[2023-03-28T02:35:47.628+0000] {logging_mixin.py:137} INFO - [2023-03-28T02:35:47.627+0000] {dag.py:3444} INFO - Setting next_dagrun for example_branch_labels to 2023-03-27T00:00:00+00:00, run_after=2023-03-28T00:00:00+00:00
[2023-03-28T02:35:47.644+0000] {processor.py:175} INFO - Processing /home/airflow/.local/lib/python3.7/site-packages/airflow/example_dags/example_branch_labels.py took 0.070 seconds
[2023-03-28T02:36:17.912+0000] {processor.py:153} INFO - Started process (PID=1101) to work on /home/airflow/.local/lib/python3.7/site-packages/airflow/example_dags/example_branch_labels.py
[2023-03-28T02:36:17.919+0000] {processor.py:743} INFO - Processing file /home/airflow/.local/lib/python3.7/site-packages/airflow/example_dags/example_branch_labels.py for tasks to queue
[2023-03-28T02:36:17.920+0000] {logging_mixin.py:137} INFO - [2023-03-28T02:36:17.920+0000] {dagbag.py:532} INFO - Filling up the DagBag from /home/airflow/.local/lib/python3.7/site-packages/airflow/example_dags/example_branch_labels.py
[2023-03-28T02:36:17.930+0000] {processor.py:753} INFO - DAG(s) dict_keys(['example_branch_labels']) retrieved from /home/airflow/.local/lib/python3.7/site-packages/airflow/example_dags/example_branch_labels.py
[2023-03-28T02:36:17.948+0000] {logging_mixin.py:137} INFO - [2023-03-28T02:36:17.948+0000] {dag.py:2693} INFO - Sync 1 DAGs
[2023-03-28T02:36:17.967+0000] {logging_mixin.py:137} INFO - [2023-03-28T02:36:17.967+0000] {dag.py:3444} INFO - Setting next_dagrun for example_branch_labels to 2023-03-27T00:00:00+00:00, run_after=2023-03-28T00:00:00+00:00
[2023-03-28T02:36:17.980+0000] {processor.py:175} INFO - Processing /home/airflow/.local/lib/python3.7/site-packages/airflow/example_dags/example_branch_labels.py took 0.070 seconds
[2023-03-28T02:36:48.399+0000] {processor.py:153} INFO - Started process (PID=1150) to work on /home/airflow/.local/lib/python3.7/site-packages/airflow/example_dags/example_branch_labels.py
[2023-03-28T02:36:48.401+0000] {processor.py:743} INFO - Processing file /home/airflow/.local/lib/python3.7/site-packages/airflow/example_dags/example_branch_labels.py for tasks to queue
[2023-03-28T02:36:48.403+0000] {logging_mixin.py:137} INFO - [2023-03-28T02:36:48.402+0000] {dagbag.py:532} INFO - Filling up the DagBag from /home/airflow/.local/lib/python3.7/site-packages/airflow/example_dags/example_branch_labels.py
[2023-03-28T02:36:48.413+0000] {processor.py:753} INFO - DAG(s) dict_keys(['example_branch_labels']) retrieved from /home/airflow/.local/lib/python3.7/site-packages/airflow/example_dags/example_branch_labels.py
[2023-03-28T02:36:48.433+0000] {logging_mixin.py:137} INFO - [2023-03-28T02:36:48.433+0000] {dag.py:2693} INFO - Sync 1 DAGs
[2023-03-28T02:36:48.457+0000] {logging_mixin.py:137} INFO - [2023-03-28T02:36:48.457+0000] {dag.py:3444} INFO - Setting next_dagrun for example_branch_labels to 2023-03-27T00:00:00+00:00, run_after=2023-03-28T00:00:00+00:00
[2023-03-28T02:36:48.472+0000] {processor.py:175} INFO - Processing /home/airflow/.local/lib/python3.7/site-packages/airflow/example_dags/example_branch_labels.py took 0.076 seconds
[2023-03-28T02:37:18.938+0000] {processor.py:153} INFO - Started process (PID=1200) to work on /home/airflow/.local/lib/python3.7/site-packages/airflow/example_dags/example_branch_labels.py
[2023-03-28T02:37:18.940+0000] {processor.py:743} INFO - Processing file /home/airflow/.local/lib/python3.7/site-packages/airflow/example_dags/example_branch_labels.py for tasks to queue
[2023-03-28T02:37:18.942+0000] {logging_mixin.py:137} INFO - [2023-03-28T02:37:18.942+0000] {dagbag.py:532} INFO - Filling up the DagBag from /home/airflow/.local/lib/python3.7/site-packages/airflow/example_dags/example_branch_labels.py
[2023-03-28T02:37:18.952+0000] {processor.py:753} INFO - DAG(s) dict_keys(['example_branch_labels']) retrieved from /home/airflow/.local/lib/python3.7/site-packages/airflow/example_dags/example_branch_labels.py
[2023-03-28T02:37:18.979+0000] {logging_mixin.py:137} INFO - [2023-03-28T02:37:18.978+0000] {dag.py:2693} INFO - Sync 1 DAGs
[2023-03-28T02:37:18.997+0000] {logging_mixin.py:137} INFO - [2023-03-28T02:37:18.997+0000] {dag.py:3444} INFO - Setting next_dagrun for example_branch_labels to 2023-03-27T00:00:00+00:00, run_after=2023-03-28T00:00:00+00:00
[2023-03-28T02:37:19.017+0000] {processor.py:175} INFO - Processing /home/airflow/.local/lib/python3.7/site-packages/airflow/example_dags/example_branch_labels.py took 0.081 seconds
[2023-03-28T02:37:49.425+0000] {processor.py:153} INFO - Started process (PID=1249) to work on /home/airflow/.local/lib/python3.7/site-packages/airflow/example_dags/example_branch_labels.py
[2023-03-28T02:37:49.426+0000] {processor.py:743} INFO - Processing file /home/airflow/.local/lib/python3.7/site-packages/airflow/example_dags/example_branch_labels.py for tasks to queue
[2023-03-28T02:37:49.427+0000] {logging_mixin.py:137} INFO - [2023-03-28T02:37:49.427+0000] {dagbag.py:532} INFO - Filling up the DagBag from /home/airflow/.local/lib/python3.7/site-packages/airflow/example_dags/example_branch_labels.py
[2023-03-28T02:37:49.437+0000] {processor.py:753} INFO - DAG(s) dict_keys(['example_branch_labels']) retrieved from /home/airflow/.local/lib/python3.7/site-packages/airflow/example_dags/example_branch_labels.py
[2023-03-28T02:37:49.454+0000] {logging_mixin.py:137} INFO - [2023-03-28T02:37:49.454+0000] {dag.py:2693} INFO - Sync 1 DAGs
[2023-03-28T02:37:49.470+0000] {logging_mixin.py:137} INFO - [2023-03-28T02:37:49.470+0000] {dag.py:3444} INFO - Setting next_dagrun for example_branch_labels to 2023-03-27T00:00:00+00:00, run_after=2023-03-28T00:00:00+00:00
[2023-03-28T02:37:49.484+0000] {processor.py:175} INFO - Processing /home/airflow/.local/lib/python3.7/site-packages/airflow/example_dags/example_branch_labels.py took 0.062 seconds
[2023-03-28T02:38:20.041+0000] {processor.py:153} INFO - Started process (PID=1298) to work on /home/airflow/.local/lib/python3.7/site-packages/airflow/example_dags/example_branch_labels.py
[2023-03-28T02:38:20.043+0000] {processor.py:743} INFO - Processing file /home/airflow/.local/lib/python3.7/site-packages/airflow/example_dags/example_branch_labels.py for tasks to queue
[2023-03-28T02:38:20.044+0000] {logging_mixin.py:137} INFO - [2023-03-28T02:38:20.044+0000] {dagbag.py:532} INFO - Filling up the DagBag from /home/airflow/.local/lib/python3.7/site-packages/airflow/example_dags/example_branch_labels.py
[2023-03-28T02:38:20.054+0000] {processor.py:753} INFO - DAG(s) dict_keys(['example_branch_labels']) retrieved from /home/airflow/.local/lib/python3.7/site-packages/airflow/example_dags/example_branch_labels.py
[2023-03-28T02:38:20.073+0000] {logging_mixin.py:137} INFO - [2023-03-28T02:38:20.073+0000] {dag.py:2693} INFO - Sync 1 DAGs
[2023-03-28T02:38:20.092+0000] {logging_mixin.py:137} INFO - [2023-03-28T02:38:20.091+0000] {dag.py:3444} INFO - Setting next_dagrun for example_branch_labels to 2023-03-27T00:00:00+00:00, run_after=2023-03-28T00:00:00+00:00
[2023-03-28T02:38:20.106+0000] {processor.py:175} INFO - Processing /home/airflow/.local/lib/python3.7/site-packages/airflow/example_dags/example_branch_labels.py took 0.067 seconds
[2023-03-28T02:38:50.359+0000] {processor.py:153} INFO - Started process (PID=1348) to work on /home/airflow/.local/lib/python3.7/site-packages/airflow/example_dags/example_branch_labels.py
[2023-03-28T02:38:50.361+0000] {processor.py:743} INFO - Processing file /home/airflow/.local/lib/python3.7/site-packages/airflow/example_dags/example_branch_labels.py for tasks to queue
[2023-03-28T02:38:50.362+0000] {logging_mixin.py:137} INFO - [2023-03-28T02:38:50.361+0000] {dagbag.py:532} INFO - Filling up the DagBag from /home/airflow/.local/lib/python3.7/site-packages/airflow/example_dags/example_branch_labels.py
[2023-03-28T02:38:50.372+0000] {processor.py:753} INFO - DAG(s) dict_keys(['example_branch_labels']) retrieved from /home/airflow/.local/lib/python3.7/site-packages/airflow/example_dags/example_branch_labels.py
[2023-03-28T02:38:50.389+0000] {logging_mixin.py:137} INFO - [2023-03-28T02:38:50.389+0000] {dag.py:2693} INFO - Sync 1 DAGs
[2023-03-28T02:38:50.406+0000] {logging_mixin.py:137} INFO - [2023-03-28T02:38:50.406+0000] {dag.py:3444} INFO - Setting next_dagrun for example_branch_labels to 2023-03-27T00:00:00+00:00, run_after=2023-03-28T00:00:00+00:00
[2023-03-28T02:38:50.419+0000] {processor.py:175} INFO - Processing /home/airflow/.local/lib/python3.7/site-packages/airflow/example_dags/example_branch_labels.py took 0.062 seconds
[2023-03-28T02:39:20.755+0000] {processor.py:153} INFO - Started process (PID=1397) to work on /home/airflow/.local/lib/python3.7/site-packages/airflow/example_dags/example_branch_labels.py
[2023-03-28T02:39:20.756+0000] {processor.py:743} INFO - Processing file /home/airflow/.local/lib/python3.7/site-packages/airflow/example_dags/example_branch_labels.py for tasks to queue
[2023-03-28T02:39:20.758+0000] {logging_mixin.py:137} INFO - [2023-03-28T02:39:20.758+0000] {dagbag.py:532} INFO - Filling up the DagBag from /home/airflow/.local/lib/python3.7/site-packages/airflow/example_dags/example_branch_labels.py
[2023-03-28T02:39:20.768+0000] {processor.py:753} INFO - DAG(s) dict_keys(['example_branch_labels']) retrieved from /home/airflow/.local/lib/python3.7/site-packages/airflow/example_dags/example_branch_labels.py
[2023-03-28T02:39:20.788+0000] {logging_mixin.py:137} INFO - [2023-03-28T02:39:20.787+0000] {dag.py:2693} INFO - Sync 1 DAGs
[2023-03-28T02:39:20.804+0000] {logging_mixin.py:137} INFO - [2023-03-28T02:39:20.804+0000] {dag.py:3444} INFO - Setting next_dagrun for example_branch_labels to 2023-03-27T00:00:00+00:00, run_after=2023-03-28T00:00:00+00:00
[2023-03-28T02:39:20.818+0000] {processor.py:175} INFO - Processing /home/airflow/.local/lib/python3.7/site-packages/airflow/example_dags/example_branch_labels.py took 0.066 seconds
[2023-03-28T02:39:51.354+0000] {processor.py:153} INFO - Started process (PID=1446) to work on /home/airflow/.local/lib/python3.7/site-packages/airflow/example_dags/example_branch_labels.py
[2023-03-28T02:39:51.356+0000] {processor.py:743} INFO - Processing file /home/airflow/.local/lib/python3.7/site-packages/airflow/example_dags/example_branch_labels.py for tasks to queue
[2023-03-28T02:39:51.357+0000] {logging_mixin.py:137} INFO - [2023-03-28T02:39:51.357+0000] {dagbag.py:532} INFO - Filling up the DagBag from /home/airflow/.local/lib/python3.7/site-packages/airflow/example_dags/example_branch_labels.py
[2023-03-28T02:39:51.367+0000] {processor.py:753} INFO - DAG(s) dict_keys(['example_branch_labels']) retrieved from /home/airflow/.local/lib/python3.7/site-packages/airflow/example_dags/example_branch_labels.py
[2023-03-28T02:39:51.387+0000] {logging_mixin.py:137} INFO - [2023-03-28T02:39:51.387+0000] {dag.py:2693} INFO - Sync 1 DAGs
[2023-03-28T02:39:51.405+0000] {logging_mixin.py:137} INFO - [2023-03-28T02:39:51.405+0000] {dag.py:3444} INFO - Setting next_dagrun for example_branch_labels to 2023-03-27T00:00:00+00:00, run_after=2023-03-28T00:00:00+00:00
[2023-03-28T02:39:51.424+0000] {processor.py:175} INFO - Processing /home/airflow/.local/lib/python3.7/site-packages/airflow/example_dags/example_branch_labels.py took 0.074 seconds
[2023-03-28T02:40:21.977+0000] {processor.py:153} INFO - Started process (PID=1495) to work on /home/airflow/.local/lib/python3.7/site-packages/airflow/example_dags/example_branch_labels.py
[2023-03-28T02:40:21.978+0000] {processor.py:743} INFO - Processing file /home/airflow/.local/lib/python3.7/site-packages/airflow/example_dags/example_branch_labels.py for tasks to queue
[2023-03-28T02:40:21.979+0000] {logging_mixin.py:137} INFO - [2023-03-28T02:40:21.979+0000] {dagbag.py:532} INFO - Filling up the DagBag from /home/airflow/.local/lib/python3.7/site-packages/airflow/example_dags/example_branch_labels.py
[2023-03-28T02:40:21.989+0000] {processor.py:753} INFO - DAG(s) dict_keys(['example_branch_labels']) retrieved from /home/airflow/.local/lib/python3.7/site-packages/airflow/example_dags/example_branch_labels.py
[2023-03-28T02:40:22.007+0000] {logging_mixin.py:137} INFO - [2023-03-28T02:40:22.007+0000] {dag.py:2693} INFO - Sync 1 DAGs
[2023-03-28T02:40:22.023+0000] {logging_mixin.py:137} INFO - [2023-03-28T02:40:22.023+0000] {dag.py:3444} INFO - Setting next_dagrun for example_branch_labels to 2023-03-27T00:00:00+00:00, run_after=2023-03-28T00:00:00+00:00
[2023-03-28T02:40:22.033+0000] {processor.py:175} INFO - Processing /home/airflow/.local/lib/python3.7/site-packages/airflow/example_dags/example_branch_labels.py took 0.059 seconds
[2023-03-28T02:40:52.948+0000] {processor.py:153} INFO - Started process (PID=1544) to work on /home/airflow/.local/lib/python3.7/site-packages/airflow/example_dags/example_branch_labels.py
[2023-03-28T02:40:52.950+0000] {processor.py:743} INFO - Processing file /home/airflow/.local/lib/python3.7/site-packages/airflow/example_dags/example_branch_labels.py for tasks to queue
[2023-03-28T02:40:52.952+0000] {logging_mixin.py:137} INFO - [2023-03-28T02:40:52.952+0000] {dagbag.py:532} INFO - Filling up the DagBag from /home/airflow/.local/lib/python3.7/site-packages/airflow/example_dags/example_branch_labels.py
[2023-03-28T02:40:52.969+0000] {processor.py:753} INFO - DAG(s) dict_keys(['example_branch_labels']) retrieved from /home/airflow/.local/lib/python3.7/site-packages/airflow/example_dags/example_branch_labels.py
[2023-03-28T02:40:52.992+0000] {logging_mixin.py:137} INFO - [2023-03-28T02:40:52.992+0000] {dag.py:2693} INFO - Sync 1 DAGs
[2023-03-28T02:40:53.010+0000] {logging_mixin.py:137} INFO - [2023-03-28T02:40:53.010+0000] {dag.py:3444} INFO - Setting next_dagrun for example_branch_labels to 2023-03-27T00:00:00+00:00, run_after=2023-03-28T00:00:00+00:00
[2023-03-28T02:40:53.025+0000] {processor.py:175} INFO - Processing /home/airflow/.local/lib/python3.7/site-packages/airflow/example_dags/example_branch_labels.py took 0.079 seconds
