[2023-03-28T02:25:34.230+0000] {processor.py:153} INFO - Started process (PID=72) to work on /home/airflow/.local/lib/python3.7/site-packages/airflow/example_dags/example_short_circuit_decorator.py
[2023-03-28T02:25:34.232+0000] {processor.py:743} INFO - Processing file /home/airflow/.local/lib/python3.7/site-packages/airflow/example_dags/example_short_circuit_decorator.py for tasks to queue
[2023-03-28T02:25:34.233+0000] {logging_mixin.py:137} INFO - [2023-03-28T02:25:34.233+0000] {dagbag.py:532} INFO - Filling up the DagBag from /home/airflow/.local/lib/python3.7/site-packages/airflow/example_dags/example_short_circuit_decorator.py
[2023-03-28T02:25:34.253+0000] {processor.py:753} INFO - DAG(s) dict_keys(['example_short_circuit_decorator']) retrieved from /home/airflow/.local/lib/python3.7/site-packages/airflow/example_dags/example_short_circuit_decorator.py
[2023-03-28T02:25:34.263+0000] {logging_mixin.py:137} INFO - [2023-03-28T02:25:34.263+0000] {dag.py:2693} INFO - Sync 1 DAGs
[2023-03-28T02:25:34.282+0000] {logging_mixin.py:137} INFO - [2023-03-28T02:25:34.282+0000] {dag.py:3444} INFO - Setting next_dagrun for example_short_circuit_decorator to 2023-03-27T02:25:34.282082+00:00, run_after=2023-03-28T02:25:34.282082+00:00
[2023-03-28T02:25:34.299+0000] {processor.py:175} INFO - Processing /home/airflow/.local/lib/python3.7/site-packages/airflow/example_dags/example_short_circuit_decorator.py took 0.071 seconds
[2023-03-28T02:26:04.897+0000] {processor.py:153} INFO - Started process (PID=121) to work on /home/airflow/.local/lib/python3.7/site-packages/airflow/example_dags/example_short_circuit_decorator.py
[2023-03-28T02:26:04.898+0000] {processor.py:743} INFO - Processing file /home/airflow/.local/lib/python3.7/site-packages/airflow/example_dags/example_short_circuit_decorator.py for tasks to queue
[2023-03-28T02:26:04.899+0000] {logging_mixin.py:137} INFO - [2023-03-28T02:26:04.899+0000] {dagbag.py:532} INFO - Filling up the DagBag from /home/airflow/.local/lib/python3.7/site-packages/airflow/example_dags/example_short_circuit_decorator.py
[2023-03-28T02:26:04.916+0000] {processor.py:753} INFO - DAG(s) dict_keys(['example_short_circuit_decorator']) retrieved from /home/airflow/.local/lib/python3.7/site-packages/airflow/example_dags/example_short_circuit_decorator.py
[2023-03-28T02:26:04.935+0000] {logging_mixin.py:137} INFO - [2023-03-28T02:26:04.935+0000] {dag.py:2693} INFO - Sync 1 DAGs
[2023-03-28T02:26:04.951+0000] {logging_mixin.py:137} INFO - [2023-03-28T02:26:04.951+0000] {dag.py:3444} INFO - Setting next_dagrun for example_short_circuit_decorator to 2023-03-27T02:26:04.951474+00:00, run_after=2023-03-28T02:26:04.951474+00:00
[2023-03-28T02:26:04.965+0000] {processor.py:175} INFO - Processing /home/airflow/.local/lib/python3.7/site-packages/airflow/example_dags/example_short_circuit_decorator.py took 0.071 seconds
[2023-03-28T02:26:35.610+0000] {processor.py:153} INFO - Started process (PID=170) to work on /home/airflow/.local/lib/python3.7/site-packages/airflow/example_dags/example_short_circuit_decorator.py
[2023-03-28T02:26:35.611+0000] {processor.py:743} INFO - Processing file /home/airflow/.local/lib/python3.7/site-packages/airflow/example_dags/example_short_circuit_decorator.py for tasks to queue
[2023-03-28T02:26:35.612+0000] {logging_mixin.py:137} INFO - [2023-03-28T02:26:35.612+0000] {dagbag.py:532} INFO - Filling up the DagBag from /home/airflow/.local/lib/python3.7/site-packages/airflow/example_dags/example_short_circuit_decorator.py
[2023-03-28T02:26:35.629+0000] {processor.py:753} INFO - DAG(s) dict_keys(['example_short_circuit_decorator']) retrieved from /home/airflow/.local/lib/python3.7/site-packages/airflow/example_dags/example_short_circuit_decorator.py
[2023-03-28T02:26:35.647+0000] {logging_mixin.py:137} INFO - [2023-03-28T02:26:35.647+0000] {dag.py:2693} INFO - Sync 1 DAGs
[2023-03-28T02:26:35.664+0000] {logging_mixin.py:137} INFO - [2023-03-28T02:26:35.664+0000] {dag.py:3444} INFO - Setting next_dagrun for example_short_circuit_decorator to 2023-03-27T02:26:35.664578+00:00, run_after=2023-03-28T02:26:35.664578+00:00
[2023-03-28T02:26:35.680+0000] {processor.py:175} INFO - Processing /home/airflow/.local/lib/python3.7/site-packages/airflow/example_dags/example_short_circuit_decorator.py took 0.072 seconds
[2023-03-28T02:27:06.663+0000] {processor.py:153} INFO - Started process (PID=219) to work on /home/airflow/.local/lib/python3.7/site-packages/airflow/example_dags/example_short_circuit_decorator.py
[2023-03-28T02:27:06.666+0000] {processor.py:743} INFO - Processing file /home/airflow/.local/lib/python3.7/site-packages/airflow/example_dags/example_short_circuit_decorator.py for tasks to queue
[2023-03-28T02:27:06.667+0000] {logging_mixin.py:137} INFO - [2023-03-28T02:27:06.667+0000] {dagbag.py:532} INFO - Filling up the DagBag from /home/airflow/.local/lib/python3.7/site-packages/airflow/example_dags/example_short_circuit_decorator.py
[2023-03-28T02:27:06.685+0000] {processor.py:753} INFO - DAG(s) dict_keys(['example_short_circuit_decorator']) retrieved from /home/airflow/.local/lib/python3.7/site-packages/airflow/example_dags/example_short_circuit_decorator.py
[2023-03-28T02:27:06.705+0000] {logging_mixin.py:137} INFO - [2023-03-28T02:27:06.705+0000] {dag.py:2693} INFO - Sync 1 DAGs
[2023-03-28T02:27:06.723+0000] {logging_mixin.py:137} INFO - [2023-03-28T02:27:06.722+0000] {dag.py:3444} INFO - Setting next_dagrun for example_short_circuit_decorator to 2023-03-27T02:27:06.722774+00:00, run_after=2023-03-28T02:27:06.722774+00:00
[2023-03-28T02:27:06.735+0000] {processor.py:175} INFO - Processing /home/airflow/.local/lib/python3.7/site-packages/airflow/example_dags/example_short_circuit_decorator.py took 0.075 seconds
[2023-03-28T02:27:37.153+0000] {processor.py:153} INFO - Started process (PID=268) to work on /home/airflow/.local/lib/python3.7/site-packages/airflow/example_dags/example_short_circuit_decorator.py
[2023-03-28T02:27:37.155+0000] {processor.py:743} INFO - Processing file /home/airflow/.local/lib/python3.7/site-packages/airflow/example_dags/example_short_circuit_decorator.py for tasks to queue
[2023-03-28T02:27:37.155+0000] {logging_mixin.py:137} INFO - [2023-03-28T02:27:37.155+0000] {dagbag.py:532} INFO - Filling up the DagBag from /home/airflow/.local/lib/python3.7/site-packages/airflow/example_dags/example_short_circuit_decorator.py
[2023-03-28T02:27:37.172+0000] {processor.py:753} INFO - DAG(s) dict_keys(['example_short_circuit_decorator']) retrieved from /home/airflow/.local/lib/python3.7/site-packages/airflow/example_dags/example_short_circuit_decorator.py
[2023-03-28T02:27:37.190+0000] {logging_mixin.py:137} INFO - [2023-03-28T02:27:37.190+0000] {dag.py:2693} INFO - Sync 1 DAGs
[2023-03-28T02:27:37.207+0000] {logging_mixin.py:137} INFO - [2023-03-28T02:27:37.207+0000] {dag.py:3444} INFO - Setting next_dagrun for example_short_circuit_decorator to 2023-03-27T02:27:37.207088+00:00, run_after=2023-03-28T02:27:37.207088+00:00
[2023-03-28T02:27:37.219+0000] {processor.py:175} INFO - Processing /home/airflow/.local/lib/python3.7/site-packages/airflow/example_dags/example_short_circuit_decorator.py took 0.069 seconds
[2023-03-28T02:28:07.944+0000] {processor.py:153} INFO - Started process (PID=317) to work on /home/airflow/.local/lib/python3.7/site-packages/airflow/example_dags/example_short_circuit_decorator.py
[2023-03-28T02:28:07.947+0000] {processor.py:743} INFO - Processing file /home/airflow/.local/lib/python3.7/site-packages/airflow/example_dags/example_short_circuit_decorator.py for tasks to queue
[2023-03-28T02:28:07.948+0000] {logging_mixin.py:137} INFO - [2023-03-28T02:28:07.947+0000] {dagbag.py:532} INFO - Filling up the DagBag from /home/airflow/.local/lib/python3.7/site-packages/airflow/example_dags/example_short_circuit_decorator.py
[2023-03-28T02:28:07.966+0000] {processor.py:753} INFO - DAG(s) dict_keys(['example_short_circuit_decorator']) retrieved from /home/airflow/.local/lib/python3.7/site-packages/airflow/example_dags/example_short_circuit_decorator.py
[2023-03-28T02:28:07.990+0000] {logging_mixin.py:137} INFO - [2023-03-28T02:28:07.990+0000] {dag.py:2693} INFO - Sync 1 DAGs
[2023-03-28T02:28:08.012+0000] {logging_mixin.py:137} INFO - [2023-03-28T02:28:08.012+0000] {dag.py:3444} INFO - Setting next_dagrun for example_short_circuit_decorator to 2023-03-27T02:28:08.011880+00:00, run_after=2023-03-28T02:28:08.011880+00:00
[2023-03-28T02:28:08.033+0000] {processor.py:175} INFO - Processing /home/airflow/.local/lib/python3.7/site-packages/airflow/example_dags/example_short_circuit_decorator.py took 0.092 seconds
[2023-03-28T02:28:38.480+0000] {processor.py:153} INFO - Started process (PID=366) to work on /home/airflow/.local/lib/python3.7/site-packages/airflow/example_dags/example_short_circuit_decorator.py
[2023-03-28T02:28:38.482+0000] {processor.py:743} INFO - Processing file /home/airflow/.local/lib/python3.7/site-packages/airflow/example_dags/example_short_circuit_decorator.py for tasks to queue
[2023-03-28T02:28:38.483+0000] {logging_mixin.py:137} INFO - [2023-03-28T02:28:38.483+0000] {dagbag.py:532} INFO - Filling up the DagBag from /home/airflow/.local/lib/python3.7/site-packages/airflow/example_dags/example_short_circuit_decorator.py
[2023-03-28T02:28:38.499+0000] {processor.py:753} INFO - DAG(s) dict_keys(['example_short_circuit_decorator']) retrieved from /home/airflow/.local/lib/python3.7/site-packages/airflow/example_dags/example_short_circuit_decorator.py
[2023-03-28T02:28:38.519+0000] {logging_mixin.py:137} INFO - [2023-03-28T02:28:38.519+0000] {dag.py:2693} INFO - Sync 1 DAGs
[2023-03-28T02:28:38.534+0000] {logging_mixin.py:137} INFO - [2023-03-28T02:28:38.534+0000] {dag.py:3444} INFO - Setting next_dagrun for example_short_circuit_decorator to 2023-03-27T02:28:38.534082+00:00, run_after=2023-03-28T02:28:38.534082+00:00
[2023-03-28T02:28:38.548+0000] {processor.py:175} INFO - Processing /home/airflow/.local/lib/python3.7/site-packages/airflow/example_dags/example_short_circuit_decorator.py took 0.070 seconds
[2023-03-28T02:29:09.255+0000] {processor.py:153} INFO - Started process (PID=415) to work on /home/airflow/.local/lib/python3.7/site-packages/airflow/example_dags/example_short_circuit_decorator.py
[2023-03-28T02:29:09.257+0000] {processor.py:743} INFO - Processing file /home/airflow/.local/lib/python3.7/site-packages/airflow/example_dags/example_short_circuit_decorator.py for tasks to queue
[2023-03-28T02:29:09.258+0000] {logging_mixin.py:137} INFO - [2023-03-28T02:29:09.258+0000] {dagbag.py:532} INFO - Filling up the DagBag from /home/airflow/.local/lib/python3.7/site-packages/airflow/example_dags/example_short_circuit_decorator.py
[2023-03-28T02:29:09.274+0000] {processor.py:753} INFO - DAG(s) dict_keys(['example_short_circuit_decorator']) retrieved from /home/airflow/.local/lib/python3.7/site-packages/airflow/example_dags/example_short_circuit_decorator.py
[2023-03-28T02:29:09.292+0000] {logging_mixin.py:137} INFO - [2023-03-28T02:29:09.292+0000] {dag.py:2693} INFO - Sync 1 DAGs
[2023-03-28T02:29:09.309+0000] {logging_mixin.py:137} INFO - [2023-03-28T02:29:09.308+0000] {dag.py:3444} INFO - Setting next_dagrun for example_short_circuit_decorator to 2023-03-27T02:29:09.308783+00:00, run_after=2023-03-28T02:29:09.308783+00:00
[2023-03-28T02:29:09.321+0000] {processor.py:175} INFO - Processing /home/airflow/.local/lib/python3.7/site-packages/airflow/example_dags/example_short_circuit_decorator.py took 0.069 seconds
[2023-03-28T02:29:39.885+0000] {processor.py:153} INFO - Started process (PID=464) to work on /home/airflow/.local/lib/python3.7/site-packages/airflow/example_dags/example_short_circuit_decorator.py
[2023-03-28T02:29:39.888+0000] {processor.py:743} INFO - Processing file /home/airflow/.local/lib/python3.7/site-packages/airflow/example_dags/example_short_circuit_decorator.py for tasks to queue
[2023-03-28T02:29:39.889+0000] {logging_mixin.py:137} INFO - [2023-03-28T02:29:39.889+0000] {dagbag.py:532} INFO - Filling up the DagBag from /home/airflow/.local/lib/python3.7/site-packages/airflow/example_dags/example_short_circuit_decorator.py
[2023-03-28T02:29:39.912+0000] {processor.py:753} INFO - DAG(s) dict_keys(['example_short_circuit_decorator']) retrieved from /home/airflow/.local/lib/python3.7/site-packages/airflow/example_dags/example_short_circuit_decorator.py
[2023-03-28T02:29:39.932+0000] {logging_mixin.py:137} INFO - [2023-03-28T02:29:39.932+0000] {dag.py:2693} INFO - Sync 1 DAGs
[2023-03-28T02:29:39.949+0000] {logging_mixin.py:137} INFO - [2023-03-28T02:29:39.949+0000] {dag.py:3444} INFO - Setting next_dagrun for example_short_circuit_decorator to 2023-03-27T02:29:39.949036+00:00, run_after=2023-03-28T02:29:39.949036+00:00
[2023-03-28T02:29:39.962+0000] {processor.py:175} INFO - Processing /home/airflow/.local/lib/python3.7/site-packages/airflow/example_dags/example_short_circuit_decorator.py took 0.081 seconds
[2023-03-28T02:30:10.592+0000] {processor.py:153} INFO - Started process (PID=513) to work on /home/airflow/.local/lib/python3.7/site-packages/airflow/example_dags/example_short_circuit_decorator.py
[2023-03-28T02:30:10.594+0000] {processor.py:743} INFO - Processing file /home/airflow/.local/lib/python3.7/site-packages/airflow/example_dags/example_short_circuit_decorator.py for tasks to queue
[2023-03-28T02:30:10.594+0000] {logging_mixin.py:137} INFO - [2023-03-28T02:30:10.594+0000] {dagbag.py:532} INFO - Filling up the DagBag from /home/airflow/.local/lib/python3.7/site-packages/airflow/example_dags/example_short_circuit_decorator.py
[2023-03-28T02:30:10.611+0000] {processor.py:753} INFO - DAG(s) dict_keys(['example_short_circuit_decorator']) retrieved from /home/airflow/.local/lib/python3.7/site-packages/airflow/example_dags/example_short_circuit_decorator.py
[2023-03-28T02:30:10.630+0000] {logging_mixin.py:137} INFO - [2023-03-28T02:30:10.630+0000] {dag.py:2693} INFO - Sync 1 DAGs
[2023-03-28T02:30:10.647+0000] {logging_mixin.py:137} INFO - [2023-03-28T02:30:10.647+0000] {dag.py:3444} INFO - Setting next_dagrun for example_short_circuit_decorator to 2023-03-27T02:30:10.647447+00:00, run_after=2023-03-28T02:30:10.647447+00:00
[2023-03-28T02:30:10.666+0000] {processor.py:175} INFO - Processing /home/airflow/.local/lib/python3.7/site-packages/airflow/example_dags/example_short_circuit_decorator.py took 0.076 seconds
[2023-03-28T02:30:41.182+0000] {processor.py:153} INFO - Started process (PID=562) to work on /home/airflow/.local/lib/python3.7/site-packages/airflow/example_dags/example_short_circuit_decorator.py
[2023-03-28T02:30:41.186+0000] {processor.py:743} INFO - Processing file /home/airflow/.local/lib/python3.7/site-packages/airflow/example_dags/example_short_circuit_decorator.py for tasks to queue
[2023-03-28T02:30:41.187+0000] {logging_mixin.py:137} INFO - [2023-03-28T02:30:41.187+0000] {dagbag.py:532} INFO - Filling up the DagBag from /home/airflow/.local/lib/python3.7/site-packages/airflow/example_dags/example_short_circuit_decorator.py
[2023-03-28T02:30:41.203+0000] {processor.py:753} INFO - DAG(s) dict_keys(['example_short_circuit_decorator']) retrieved from /home/airflow/.local/lib/python3.7/site-packages/airflow/example_dags/example_short_circuit_decorator.py
[2023-03-28T02:30:41.222+0000] {logging_mixin.py:137} INFO - [2023-03-28T02:30:41.221+0000] {dag.py:2693} INFO - Sync 1 DAGs
[2023-03-28T02:30:41.237+0000] {logging_mixin.py:137} INFO - [2023-03-28T02:30:41.237+0000] {dag.py:3444} INFO - Setting next_dagrun for example_short_circuit_decorator to 2023-03-27T02:30:41.237442+00:00, run_after=2023-03-28T02:30:41.237442+00:00
[2023-03-28T02:30:41.251+0000] {processor.py:175} INFO - Processing /home/airflow/.local/lib/python3.7/site-packages/airflow/example_dags/example_short_circuit_decorator.py took 0.072 seconds
[2023-03-28T02:31:12.050+0000] {processor.py:153} INFO - Started process (PID=611) to work on /home/airflow/.local/lib/python3.7/site-packages/airflow/example_dags/example_short_circuit_decorator.py
[2023-03-28T02:31:12.053+0000] {processor.py:743} INFO - Processing file /home/airflow/.local/lib/python3.7/site-packages/airflow/example_dags/example_short_circuit_decorator.py for tasks to queue
[2023-03-28T02:31:12.055+0000] {logging_mixin.py:137} INFO - [2023-03-28T02:31:12.055+0000] {dagbag.py:532} INFO - Filling up the DagBag from /home/airflow/.local/lib/python3.7/site-packages/airflow/example_dags/example_short_circuit_decorator.py
[2023-03-28T02:31:12.074+0000] {processor.py:753} INFO - DAG(s) dict_keys(['example_short_circuit_decorator']) retrieved from /home/airflow/.local/lib/python3.7/site-packages/airflow/example_dags/example_short_circuit_decorator.py
[2023-03-28T02:31:12.092+0000] {logging_mixin.py:137} INFO - [2023-03-28T02:31:12.092+0000] {dag.py:2693} INFO - Sync 1 DAGs
[2023-03-28T02:31:12.108+0000] {logging_mixin.py:137} INFO - [2023-03-28T02:31:12.108+0000] {dag.py:3444} INFO - Setting next_dagrun for example_short_circuit_decorator to 2023-03-27T02:31:12.108124+00:00, run_after=2023-03-28T02:31:12.108124+00:00
[2023-03-28T02:31:12.121+0000] {processor.py:175} INFO - Processing /home/airflow/.local/lib/python3.7/site-packages/airflow/example_dags/example_short_circuit_decorator.py took 0.074 seconds
[2023-03-28T02:31:43.048+0000] {processor.py:153} INFO - Started process (PID=661) to work on /home/airflow/.local/lib/python3.7/site-packages/airflow/example_dags/example_short_circuit_decorator.py
[2023-03-28T02:31:43.050+0000] {processor.py:743} INFO - Processing file /home/airflow/.local/lib/python3.7/site-packages/airflow/example_dags/example_short_circuit_decorator.py for tasks to queue
[2023-03-28T02:31:43.051+0000] {logging_mixin.py:137} INFO - [2023-03-28T02:31:43.051+0000] {dagbag.py:532} INFO - Filling up the DagBag from /home/airflow/.local/lib/python3.7/site-packages/airflow/example_dags/example_short_circuit_decorator.py
[2023-03-28T02:31:43.068+0000] {processor.py:753} INFO - DAG(s) dict_keys(['example_short_circuit_decorator']) retrieved from /home/airflow/.local/lib/python3.7/site-packages/airflow/example_dags/example_short_circuit_decorator.py
[2023-03-28T02:31:43.089+0000] {logging_mixin.py:137} INFO - [2023-03-28T02:31:43.088+0000] {dag.py:2693} INFO - Sync 1 DAGs
[2023-03-28T02:31:43.111+0000] {logging_mixin.py:137} INFO - [2023-03-28T02:31:43.111+0000] {dag.py:3444} INFO - Setting next_dagrun for example_short_circuit_decorator to 2023-03-27T02:31:43.111387+00:00, run_after=2023-03-28T02:31:43.111387+00:00
[2023-03-28T02:31:43.128+0000] {processor.py:175} INFO - Processing /home/airflow/.local/lib/python3.7/site-packages/airflow/example_dags/example_short_circuit_decorator.py took 0.083 seconds
[2023-03-28T02:32:13.695+0000] {processor.py:153} INFO - Started process (PID=710) to work on /home/airflow/.local/lib/python3.7/site-packages/airflow/example_dags/example_short_circuit_decorator.py
[2023-03-28T02:32:13.697+0000] {processor.py:743} INFO - Processing file /home/airflow/.local/lib/python3.7/site-packages/airflow/example_dags/example_short_circuit_decorator.py for tasks to queue
[2023-03-28T02:32:13.699+0000] {logging_mixin.py:137} INFO - [2023-03-28T02:32:13.698+0000] {dagbag.py:532} INFO - Filling up the DagBag from /home/airflow/.local/lib/python3.7/site-packages/airflow/example_dags/example_short_circuit_decorator.py
[2023-03-28T02:32:13.719+0000] {processor.py:753} INFO - DAG(s) dict_keys(['example_short_circuit_decorator']) retrieved from /home/airflow/.local/lib/python3.7/site-packages/airflow/example_dags/example_short_circuit_decorator.py
[2023-03-28T02:32:13.739+0000] {logging_mixin.py:137} INFO - [2023-03-28T02:32:13.739+0000] {dag.py:2693} INFO - Sync 1 DAGs
[2023-03-28T02:32:13.758+0000] {logging_mixin.py:137} INFO - [2023-03-28T02:32:13.758+0000] {dag.py:3444} INFO - Setting next_dagrun for example_short_circuit_decorator to 2023-03-27T02:32:13.758595+00:00, run_after=2023-03-28T02:32:13.758595+00:00
[2023-03-28T02:32:13.774+0000] {processor.py:175} INFO - Processing /home/airflow/.local/lib/python3.7/site-packages/airflow/example_dags/example_short_circuit_decorator.py took 0.083 seconds
[2023-03-28T02:32:44.277+0000] {processor.py:153} INFO - Started process (PID=759) to work on /home/airflow/.local/lib/python3.7/site-packages/airflow/example_dags/example_short_circuit_decorator.py
[2023-03-28T02:32:44.279+0000] {processor.py:743} INFO - Processing file /home/airflow/.local/lib/python3.7/site-packages/airflow/example_dags/example_short_circuit_decorator.py for tasks to queue
[2023-03-28T02:32:44.280+0000] {logging_mixin.py:137} INFO - [2023-03-28T02:32:44.280+0000] {dagbag.py:532} INFO - Filling up the DagBag from /home/airflow/.local/lib/python3.7/site-packages/airflow/example_dags/example_short_circuit_decorator.py
[2023-03-28T02:32:44.299+0000] {processor.py:753} INFO - DAG(s) dict_keys(['example_short_circuit_decorator']) retrieved from /home/airflow/.local/lib/python3.7/site-packages/airflow/example_dags/example_short_circuit_decorator.py
[2023-03-28T02:32:44.319+0000] {logging_mixin.py:137} INFO - [2023-03-28T02:32:44.319+0000] {dag.py:2693} INFO - Sync 1 DAGs
[2023-03-28T02:32:44.342+0000] {logging_mixin.py:137} INFO - [2023-03-28T02:32:44.342+0000] {dag.py:3444} INFO - Setting next_dagrun for example_short_circuit_decorator to 2023-03-27T02:32:44.342284+00:00, run_after=2023-03-28T02:32:44.342284+00:00
[2023-03-28T02:32:44.359+0000] {processor.py:175} INFO - Processing /home/airflow/.local/lib/python3.7/site-packages/airflow/example_dags/example_short_circuit_decorator.py took 0.084 seconds
[2023-03-28T02:33:15.355+0000] {processor.py:153} INFO - Started process (PID=808) to work on /home/airflow/.local/lib/python3.7/site-packages/airflow/example_dags/example_short_circuit_decorator.py
[2023-03-28T02:33:15.358+0000] {processor.py:743} INFO - Processing file /home/airflow/.local/lib/python3.7/site-packages/airflow/example_dags/example_short_circuit_decorator.py for tasks to queue
[2023-03-28T02:33:15.359+0000] {logging_mixin.py:137} INFO - [2023-03-28T02:33:15.359+0000] {dagbag.py:532} INFO - Filling up the DagBag from /home/airflow/.local/lib/python3.7/site-packages/airflow/example_dags/example_short_circuit_decorator.py
[2023-03-28T02:33:15.379+0000] {processor.py:753} INFO - DAG(s) dict_keys(['example_short_circuit_decorator']) retrieved from /home/airflow/.local/lib/python3.7/site-packages/airflow/example_dags/example_short_circuit_decorator.py
[2023-03-28T02:33:15.406+0000] {logging_mixin.py:137} INFO - [2023-03-28T02:33:15.406+0000] {dag.py:2693} INFO - Sync 1 DAGs
[2023-03-28T02:33:15.429+0000] {logging_mixin.py:137} INFO - [2023-03-28T02:33:15.429+0000] {dag.py:3444} INFO - Setting next_dagrun for example_short_circuit_decorator to 2023-03-27T02:33:15.428859+00:00, run_after=2023-03-28T02:33:15.428859+00:00
[2023-03-28T02:33:15.444+0000] {processor.py:175} INFO - Processing /home/airflow/.local/lib/python3.7/site-packages/airflow/example_dags/example_short_circuit_decorator.py took 0.092 seconds
[2023-03-28T02:33:45.800+0000] {processor.py:153} INFO - Started process (PID=857) to work on /home/airflow/.local/lib/python3.7/site-packages/airflow/example_dags/example_short_circuit_decorator.py
[2023-03-28T02:33:45.802+0000] {processor.py:743} INFO - Processing file /home/airflow/.local/lib/python3.7/site-packages/airflow/example_dags/example_short_circuit_decorator.py for tasks to queue
[2023-03-28T02:33:45.803+0000] {logging_mixin.py:137} INFO - [2023-03-28T02:33:45.803+0000] {dagbag.py:532} INFO - Filling up the DagBag from /home/airflow/.local/lib/python3.7/site-packages/airflow/example_dags/example_short_circuit_decorator.py
[2023-03-28T02:33:45.819+0000] {processor.py:753} INFO - DAG(s) dict_keys(['example_short_circuit_decorator']) retrieved from /home/airflow/.local/lib/python3.7/site-packages/airflow/example_dags/example_short_circuit_decorator.py
[2023-03-28T02:33:45.837+0000] {logging_mixin.py:137} INFO - [2023-03-28T02:33:45.837+0000] {dag.py:2693} INFO - Sync 1 DAGs
[2023-03-28T02:33:45.853+0000] {logging_mixin.py:137} INFO - [2023-03-28T02:33:45.853+0000] {dag.py:3444} INFO - Setting next_dagrun for example_short_circuit_decorator to 2023-03-27T02:33:45.852893+00:00, run_after=2023-03-28T02:33:45.852893+00:00
[2023-03-28T02:33:45.865+0000] {processor.py:175} INFO - Processing /home/airflow/.local/lib/python3.7/site-packages/airflow/example_dags/example_short_circuit_decorator.py took 0.068 seconds
[2023-03-28T02:34:16.227+0000] {processor.py:153} INFO - Started process (PID=906) to work on /home/airflow/.local/lib/python3.7/site-packages/airflow/example_dags/example_short_circuit_decorator.py
[2023-03-28T02:34:16.230+0000] {processor.py:743} INFO - Processing file /home/airflow/.local/lib/python3.7/site-packages/airflow/example_dags/example_short_circuit_decorator.py for tasks to queue
[2023-03-28T02:34:16.231+0000] {logging_mixin.py:137} INFO - [2023-03-28T02:34:16.231+0000] {dagbag.py:532} INFO - Filling up the DagBag from /home/airflow/.local/lib/python3.7/site-packages/airflow/example_dags/example_short_circuit_decorator.py
[2023-03-28T02:34:16.246+0000] {processor.py:753} INFO - DAG(s) dict_keys(['example_short_circuit_decorator']) retrieved from /home/airflow/.local/lib/python3.7/site-packages/airflow/example_dags/example_short_circuit_decorator.py
[2023-03-28T02:34:16.264+0000] {logging_mixin.py:137} INFO - [2023-03-28T02:34:16.264+0000] {dag.py:2693} INFO - Sync 1 DAGs
[2023-03-28T02:34:16.279+0000] {logging_mixin.py:137} INFO - [2023-03-28T02:34:16.279+0000] {dag.py:3444} INFO - Setting next_dagrun for example_short_circuit_decorator to 2023-03-27T02:34:16.278888+00:00, run_after=2023-03-28T02:34:16.278888+00:00
[2023-03-28T02:34:16.291+0000] {processor.py:175} INFO - Processing /home/airflow/.local/lib/python3.7/site-packages/airflow/example_dags/example_short_circuit_decorator.py took 0.066 seconds
[2023-03-28T02:34:46.913+0000] {processor.py:153} INFO - Started process (PID=955) to work on /home/airflow/.local/lib/python3.7/site-packages/airflow/example_dags/example_short_circuit_decorator.py
[2023-03-28T02:34:46.914+0000] {processor.py:743} INFO - Processing file /home/airflow/.local/lib/python3.7/site-packages/airflow/example_dags/example_short_circuit_decorator.py for tasks to queue
[2023-03-28T02:34:46.915+0000] {logging_mixin.py:137} INFO - [2023-03-28T02:34:46.915+0000] {dagbag.py:532} INFO - Filling up the DagBag from /home/airflow/.local/lib/python3.7/site-packages/airflow/example_dags/example_short_circuit_decorator.py
[2023-03-28T02:34:46.933+0000] {processor.py:753} INFO - DAG(s) dict_keys(['example_short_circuit_decorator']) retrieved from /home/airflow/.local/lib/python3.7/site-packages/airflow/example_dags/example_short_circuit_decorator.py
[2023-03-28T02:34:46.955+0000] {logging_mixin.py:137} INFO - [2023-03-28T02:34:46.955+0000] {dag.py:2693} INFO - Sync 1 DAGs
[2023-03-28T02:34:46.974+0000] {logging_mixin.py:137} INFO - [2023-03-28T02:34:46.973+0000] {dag.py:3444} INFO - Setting next_dagrun for example_short_circuit_decorator to 2023-03-27T02:34:46.973816+00:00, run_after=2023-03-28T02:34:46.973816+00:00
[2023-03-28T02:34:46.991+0000] {processor.py:175} INFO - Processing /home/airflow/.local/lib/python3.7/site-packages/airflow/example_dags/example_short_circuit_decorator.py took 0.081 seconds
[2023-03-28T02:35:17.392+0000] {processor.py:153} INFO - Started process (PID=1004) to work on /home/airflow/.local/lib/python3.7/site-packages/airflow/example_dags/example_short_circuit_decorator.py
[2023-03-28T02:35:17.393+0000] {processor.py:743} INFO - Processing file /home/airflow/.local/lib/python3.7/site-packages/airflow/example_dags/example_short_circuit_decorator.py for tasks to queue
[2023-03-28T02:35:17.395+0000] {logging_mixin.py:137} INFO - [2023-03-28T02:35:17.395+0000] {dagbag.py:532} INFO - Filling up the DagBag from /home/airflow/.local/lib/python3.7/site-packages/airflow/example_dags/example_short_circuit_decorator.py
[2023-03-28T02:35:17.408+0000] {processor.py:753} INFO - DAG(s) dict_keys(['example_short_circuit_decorator']) retrieved from /home/airflow/.local/lib/python3.7/site-packages/airflow/example_dags/example_short_circuit_decorator.py
[2023-03-28T02:35:17.427+0000] {logging_mixin.py:137} INFO - [2023-03-28T02:35:17.427+0000] {dag.py:2693} INFO - Sync 1 DAGs
[2023-03-28T02:35:17.442+0000] {logging_mixin.py:137} INFO - [2023-03-28T02:35:17.442+0000] {dag.py:3444} INFO - Setting next_dagrun for example_short_circuit_decorator to 2023-03-27T02:35:17.442659+00:00, run_after=2023-03-28T02:35:17.442659+00:00
[2023-03-28T02:35:17.453+0000] {processor.py:175} INFO - Processing /home/airflow/.local/lib/python3.7/site-packages/airflow/example_dags/example_short_circuit_decorator.py took 0.063 seconds
[2023-03-28T02:35:47.784+0000] {processor.py:153} INFO - Started process (PID=1055) to work on /home/airflow/.local/lib/python3.7/site-packages/airflow/example_dags/example_short_circuit_decorator.py
[2023-03-28T02:35:47.787+0000] {processor.py:743} INFO - Processing file /home/airflow/.local/lib/python3.7/site-packages/airflow/example_dags/example_short_circuit_decorator.py for tasks to queue
[2023-03-28T02:35:47.788+0000] {logging_mixin.py:137} INFO - [2023-03-28T02:35:47.788+0000] {dagbag.py:532} INFO - Filling up the DagBag from /home/airflow/.local/lib/python3.7/site-packages/airflow/example_dags/example_short_circuit_decorator.py
[2023-03-28T02:35:47.807+0000] {processor.py:753} INFO - DAG(s) dict_keys(['example_short_circuit_decorator']) retrieved from /home/airflow/.local/lib/python3.7/site-packages/airflow/example_dags/example_short_circuit_decorator.py
[2023-03-28T02:35:47.827+0000] {logging_mixin.py:137} INFO - [2023-03-28T02:35:47.827+0000] {dag.py:2693} INFO - Sync 1 DAGs
[2023-03-28T02:35:47.845+0000] {logging_mixin.py:137} INFO - [2023-03-28T02:35:47.845+0000] {dag.py:3444} INFO - Setting next_dagrun for example_short_circuit_decorator to 2023-03-27T02:35:47.844792+00:00, run_after=2023-03-28T02:35:47.844792+00:00
[2023-03-28T02:35:47.858+0000] {processor.py:175} INFO - Processing /home/airflow/.local/lib/python3.7/site-packages/airflow/example_dags/example_short_circuit_decorator.py took 0.077 seconds
[2023-03-28T02:36:18.189+0000] {processor.py:153} INFO - Started process (PID=1105) to work on /home/airflow/.local/lib/python3.7/site-packages/airflow/example_dags/example_short_circuit_decorator.py
[2023-03-28T02:36:18.190+0000] {processor.py:743} INFO - Processing file /home/airflow/.local/lib/python3.7/site-packages/airflow/example_dags/example_short_circuit_decorator.py for tasks to queue
[2023-03-28T02:36:18.191+0000] {logging_mixin.py:137} INFO - [2023-03-28T02:36:18.191+0000] {dagbag.py:532} INFO - Filling up the DagBag from /home/airflow/.local/lib/python3.7/site-packages/airflow/example_dags/example_short_circuit_decorator.py
[2023-03-28T02:36:18.213+0000] {processor.py:753} INFO - DAG(s) dict_keys(['example_short_circuit_decorator']) retrieved from /home/airflow/.local/lib/python3.7/site-packages/airflow/example_dags/example_short_circuit_decorator.py
[2023-03-28T02:36:18.243+0000] {logging_mixin.py:137} INFO - [2023-03-28T02:36:18.242+0000] {dag.py:2693} INFO - Sync 1 DAGs
[2023-03-28T02:36:18.266+0000] {logging_mixin.py:137} INFO - [2023-03-28T02:36:18.266+0000] {dag.py:3444} INFO - Setting next_dagrun for example_short_circuit_decorator to 2023-03-27T02:36:18.266659+00:00, run_after=2023-03-28T02:36:18.266659+00:00
[2023-03-28T02:36:18.291+0000] {processor.py:175} INFO - Processing /home/airflow/.local/lib/python3.7/site-packages/airflow/example_dags/example_short_circuit_decorator.py took 0.105 seconds
[2023-03-28T02:36:48.669+0000] {processor.py:153} INFO - Started process (PID=1155) to work on /home/airflow/.local/lib/python3.7/site-packages/airflow/example_dags/example_short_circuit_decorator.py
[2023-03-28T02:36:48.671+0000] {processor.py:743} INFO - Processing file /home/airflow/.local/lib/python3.7/site-packages/airflow/example_dags/example_short_circuit_decorator.py for tasks to queue
[2023-03-28T02:36:48.672+0000] {logging_mixin.py:137} INFO - [2023-03-28T02:36:48.672+0000] {dagbag.py:532} INFO - Filling up the DagBag from /home/airflow/.local/lib/python3.7/site-packages/airflow/example_dags/example_short_circuit_decorator.py
[2023-03-28T02:36:48.690+0000] {processor.py:753} INFO - DAG(s) dict_keys(['example_short_circuit_decorator']) retrieved from /home/airflow/.local/lib/python3.7/site-packages/airflow/example_dags/example_short_circuit_decorator.py
[2023-03-28T02:36:48.710+0000] {logging_mixin.py:137} INFO - [2023-03-28T02:36:48.710+0000] {dag.py:2693} INFO - Sync 1 DAGs
[2023-03-28T02:36:48.729+0000] {logging_mixin.py:137} INFO - [2023-03-28T02:36:48.728+0000] {dag.py:3444} INFO - Setting next_dagrun for example_short_circuit_decorator to 2023-03-27T02:36:48.728829+00:00, run_after=2023-03-28T02:36:48.728829+00:00
[2023-03-28T02:36:48.743+0000] {processor.py:175} INFO - Processing /home/airflow/.local/lib/python3.7/site-packages/airflow/example_dags/example_short_circuit_decorator.py took 0.076 seconds
[2023-03-28T02:37:19.163+0000] {processor.py:153} INFO - Started process (PID=1205) to work on /home/airflow/.local/lib/python3.7/site-packages/airflow/example_dags/example_short_circuit_decorator.py
[2023-03-28T02:37:19.165+0000] {processor.py:743} INFO - Processing file /home/airflow/.local/lib/python3.7/site-packages/airflow/example_dags/example_short_circuit_decorator.py for tasks to queue
[2023-03-28T02:37:19.166+0000] {logging_mixin.py:137} INFO - [2023-03-28T02:37:19.165+0000] {dagbag.py:532} INFO - Filling up the DagBag from /home/airflow/.local/lib/python3.7/site-packages/airflow/example_dags/example_short_circuit_decorator.py
[2023-03-28T02:37:19.182+0000] {processor.py:753} INFO - DAG(s) dict_keys(['example_short_circuit_decorator']) retrieved from /home/airflow/.local/lib/python3.7/site-packages/airflow/example_dags/example_short_circuit_decorator.py
[2023-03-28T02:37:19.203+0000] {logging_mixin.py:137} INFO - [2023-03-28T02:37:19.203+0000] {dag.py:2693} INFO - Sync 1 DAGs
[2023-03-28T02:37:19.221+0000] {logging_mixin.py:137} INFO - [2023-03-28T02:37:19.221+0000] {dag.py:3444} INFO - Setting next_dagrun for example_short_circuit_decorator to 2023-03-27T02:37:19.221446+00:00, run_after=2023-03-28T02:37:19.221446+00:00
[2023-03-28T02:37:19.238+0000] {processor.py:175} INFO - Processing /home/airflow/.local/lib/python3.7/site-packages/airflow/example_dags/example_short_circuit_decorator.py took 0.077 seconds
[2023-03-28T02:37:49.613+0000] {processor.py:153} INFO - Started process (PID=1253) to work on /home/airflow/.local/lib/python3.7/site-packages/airflow/example_dags/example_short_circuit_decorator.py
[2023-03-28T02:37:49.615+0000] {processor.py:743} INFO - Processing file /home/airflow/.local/lib/python3.7/site-packages/airflow/example_dags/example_short_circuit_decorator.py for tasks to queue
[2023-03-28T02:37:49.616+0000] {logging_mixin.py:137} INFO - [2023-03-28T02:37:49.616+0000] {dagbag.py:532} INFO - Filling up the DagBag from /home/airflow/.local/lib/python3.7/site-packages/airflow/example_dags/example_short_circuit_decorator.py
[2023-03-28T02:37:49.636+0000] {processor.py:753} INFO - DAG(s) dict_keys(['example_short_circuit_decorator']) retrieved from /home/airflow/.local/lib/python3.7/site-packages/airflow/example_dags/example_short_circuit_decorator.py
[2023-03-28T02:37:49.655+0000] {logging_mixin.py:137} INFO - [2023-03-28T02:37:49.655+0000] {dag.py:2693} INFO - Sync 1 DAGs
[2023-03-28T02:37:49.671+0000] {logging_mixin.py:137} INFO - [2023-03-28T02:37:49.671+0000] {dag.py:3444} INFO - Setting next_dagrun for example_short_circuit_decorator to 2023-03-27T02:37:49.671361+00:00, run_after=2023-03-28T02:37:49.671361+00:00
[2023-03-28T02:37:49.688+0000] {processor.py:175} INFO - Processing /home/airflow/.local/lib/python3.7/site-packages/airflow/example_dags/example_short_circuit_decorator.py took 0.078 seconds
[2023-03-28T02:38:20.232+0000] {processor.py:153} INFO - Started process (PID=1302) to work on /home/airflow/.local/lib/python3.7/site-packages/airflow/example_dags/example_short_circuit_decorator.py
[2023-03-28T02:38:20.233+0000] {processor.py:743} INFO - Processing file /home/airflow/.local/lib/python3.7/site-packages/airflow/example_dags/example_short_circuit_decorator.py for tasks to queue
[2023-03-28T02:38:20.234+0000] {logging_mixin.py:137} INFO - [2023-03-28T02:38:20.234+0000] {dagbag.py:532} INFO - Filling up the DagBag from /home/airflow/.local/lib/python3.7/site-packages/airflow/example_dags/example_short_circuit_decorator.py
[2023-03-28T02:38:20.251+0000] {processor.py:753} INFO - DAG(s) dict_keys(['example_short_circuit_decorator']) retrieved from /home/airflow/.local/lib/python3.7/site-packages/airflow/example_dags/example_short_circuit_decorator.py
[2023-03-28T02:38:20.271+0000] {logging_mixin.py:137} INFO - [2023-03-28T02:38:20.271+0000] {dag.py:2693} INFO - Sync 1 DAGs
[2023-03-28T02:38:20.288+0000] {logging_mixin.py:137} INFO - [2023-03-28T02:38:20.288+0000] {dag.py:3444} INFO - Setting next_dagrun for example_short_circuit_decorator to 2023-03-27T02:38:20.288766+00:00, run_after=2023-03-28T02:38:20.288766+00:00
[2023-03-28T02:38:20.301+0000] {processor.py:175} INFO - Processing /home/airflow/.local/lib/python3.7/site-packages/airflow/example_dags/example_short_circuit_decorator.py took 0.072 seconds
[2023-03-28T02:38:50.574+0000] {processor.py:153} INFO - Started process (PID=1352) to work on /home/airflow/.local/lib/python3.7/site-packages/airflow/example_dags/example_short_circuit_decorator.py
[2023-03-28T02:38:50.578+0000] {processor.py:743} INFO - Processing file /home/airflow/.local/lib/python3.7/site-packages/airflow/example_dags/example_short_circuit_decorator.py for tasks to queue
[2023-03-28T02:38:50.613+0000] {logging_mixin.py:137} INFO - [2023-03-28T02:38:50.613+0000] {dagbag.py:532} INFO - Filling up the DagBag from /home/airflow/.local/lib/python3.7/site-packages/airflow/example_dags/example_short_circuit_decorator.py
[2023-03-28T02:38:50.650+0000] {processor.py:753} INFO - DAG(s) dict_keys(['example_short_circuit_decorator']) retrieved from /home/airflow/.local/lib/python3.7/site-packages/airflow/example_dags/example_short_circuit_decorator.py
[2023-03-28T02:38:50.682+0000] {logging_mixin.py:137} INFO - [2023-03-28T02:38:50.682+0000] {dag.py:2693} INFO - Sync 1 DAGs
[2023-03-28T02:38:50.703+0000] {logging_mixin.py:137} INFO - [2023-03-28T02:38:50.703+0000] {dag.py:3444} INFO - Setting next_dagrun for example_short_circuit_decorator to 2023-03-27T02:38:50.703054+00:00, run_after=2023-03-28T02:38:50.703054+00:00
[2023-03-28T02:38:50.717+0000] {processor.py:175} INFO - Processing /home/airflow/.local/lib/python3.7/site-packages/airflow/example_dags/example_short_circuit_decorator.py took 0.146 seconds
[2023-03-28T02:39:20.939+0000] {processor.py:153} INFO - Started process (PID=1401) to work on /home/airflow/.local/lib/python3.7/site-packages/airflow/example_dags/example_short_circuit_decorator.py
[2023-03-28T02:39:20.941+0000] {processor.py:743} INFO - Processing file /home/airflow/.local/lib/python3.7/site-packages/airflow/example_dags/example_short_circuit_decorator.py for tasks to queue
[2023-03-28T02:39:20.942+0000] {logging_mixin.py:137} INFO - [2023-03-28T02:39:20.942+0000] {dagbag.py:532} INFO - Filling up the DagBag from /home/airflow/.local/lib/python3.7/site-packages/airflow/example_dags/example_short_circuit_decorator.py
[2023-03-28T02:39:20.959+0000] {processor.py:753} INFO - DAG(s) dict_keys(['example_short_circuit_decorator']) retrieved from /home/airflow/.local/lib/python3.7/site-packages/airflow/example_dags/example_short_circuit_decorator.py
[2023-03-28T02:39:20.978+0000] {logging_mixin.py:137} INFO - [2023-03-28T02:39:20.978+0000] {dag.py:2693} INFO - Sync 1 DAGs
[2023-03-28T02:39:20.993+0000] {logging_mixin.py:137} INFO - [2023-03-28T02:39:20.993+0000] {dag.py:3444} INFO - Setting next_dagrun for example_short_circuit_decorator to 2023-03-27T02:39:20.993470+00:00, run_after=2023-03-28T02:39:20.993470+00:00
[2023-03-28T02:39:21.005+0000] {processor.py:175} INFO - Processing /home/airflow/.local/lib/python3.7/site-packages/airflow/example_dags/example_short_circuit_decorator.py took 0.068 seconds
[2023-03-28T02:39:51.564+0000] {processor.py:153} INFO - Started process (PID=1450) to work on /home/airflow/.local/lib/python3.7/site-packages/airflow/example_dags/example_short_circuit_decorator.py
[2023-03-28T02:39:51.565+0000] {processor.py:743} INFO - Processing file /home/airflow/.local/lib/python3.7/site-packages/airflow/example_dags/example_short_circuit_decorator.py for tasks to queue
[2023-03-28T02:39:51.566+0000] {logging_mixin.py:137} INFO - [2023-03-28T02:39:51.566+0000] {dagbag.py:532} INFO - Filling up the DagBag from /home/airflow/.local/lib/python3.7/site-packages/airflow/example_dags/example_short_circuit_decorator.py
[2023-03-28T02:39:51.587+0000] {processor.py:753} INFO - DAG(s) dict_keys(['example_short_circuit_decorator']) retrieved from /home/airflow/.local/lib/python3.7/site-packages/airflow/example_dags/example_short_circuit_decorator.py
[2023-03-28T02:39:51.607+0000] {logging_mixin.py:137} INFO - [2023-03-28T02:39:51.607+0000] {dag.py:2693} INFO - Sync 1 DAGs
[2023-03-28T02:39:51.623+0000] {logging_mixin.py:137} INFO - [2023-03-28T02:39:51.623+0000] {dag.py:3444} INFO - Setting next_dagrun for example_short_circuit_decorator to 2023-03-27T02:39:51.623756+00:00, run_after=2023-03-28T02:39:51.623756+00:00
[2023-03-28T02:39:51.636+0000] {processor.py:175} INFO - Processing /home/airflow/.local/lib/python3.7/site-packages/airflow/example_dags/example_short_circuit_decorator.py took 0.075 seconds
[2023-03-28T02:40:22.249+0000] {processor.py:153} INFO - Started process (PID=1499) to work on /home/airflow/.local/lib/python3.7/site-packages/airflow/example_dags/example_short_circuit_decorator.py
[2023-03-28T02:40:22.251+0000] {processor.py:743} INFO - Processing file /home/airflow/.local/lib/python3.7/site-packages/airflow/example_dags/example_short_circuit_decorator.py for tasks to queue
[2023-03-28T02:40:22.252+0000] {logging_mixin.py:137} INFO - [2023-03-28T02:40:22.252+0000] {dagbag.py:532} INFO - Filling up the DagBag from /home/airflow/.local/lib/python3.7/site-packages/airflow/example_dags/example_short_circuit_decorator.py
[2023-03-28T02:40:22.269+0000] {processor.py:753} INFO - DAG(s) dict_keys(['example_short_circuit_decorator']) retrieved from /home/airflow/.local/lib/python3.7/site-packages/airflow/example_dags/example_short_circuit_decorator.py
[2023-03-28T02:40:22.290+0000] {logging_mixin.py:137} INFO - [2023-03-28T02:40:22.290+0000] {dag.py:2693} INFO - Sync 1 DAGs
[2023-03-28T02:40:22.312+0000] {logging_mixin.py:137} INFO - [2023-03-28T02:40:22.312+0000] {dag.py:3444} INFO - Setting next_dagrun for example_short_circuit_decorator to 2023-03-27T02:40:22.312109+00:00, run_after=2023-03-28T02:40:22.312109+00:00
[2023-03-28T02:40:22.335+0000] {processor.py:175} INFO - Processing /home/airflow/.local/lib/python3.7/site-packages/airflow/example_dags/example_short_circuit_decorator.py took 0.088 seconds
[2023-03-28T02:40:53.217+0000] {processor.py:153} INFO - Started process (PID=1548) to work on /home/airflow/.local/lib/python3.7/site-packages/airflow/example_dags/example_short_circuit_decorator.py
[2023-03-28T02:40:53.221+0000] {processor.py:743} INFO - Processing file /home/airflow/.local/lib/python3.7/site-packages/airflow/example_dags/example_short_circuit_decorator.py for tasks to queue
[2023-03-28T02:40:53.222+0000] {logging_mixin.py:137} INFO - [2023-03-28T02:40:53.222+0000] {dagbag.py:532} INFO - Filling up the DagBag from /home/airflow/.local/lib/python3.7/site-packages/airflow/example_dags/example_short_circuit_decorator.py
[2023-03-28T02:40:53.258+0000] {processor.py:753} INFO - DAG(s) dict_keys(['example_short_circuit_decorator']) retrieved from /home/airflow/.local/lib/python3.7/site-packages/airflow/example_dags/example_short_circuit_decorator.py
[2023-03-28T02:40:53.303+0000] {logging_mixin.py:137} INFO - [2023-03-28T02:40:53.302+0000] {dag.py:2693} INFO - Sync 1 DAGs
[2023-03-28T02:40:53.329+0000] {logging_mixin.py:137} INFO - [2023-03-28T02:40:53.329+0000] {dag.py:3444} INFO - Setting next_dagrun for example_short_circuit_decorator to 2023-03-27T02:40:53.329228+00:00, run_after=2023-03-28T02:40:53.329228+00:00
[2023-03-28T02:40:53.345+0000] {processor.py:175} INFO - Processing /home/airflow/.local/lib/python3.7/site-packages/airflow/example_dags/example_short_circuit_decorator.py took 0.131 seconds
