[2023-03-28T02:25:34.131+0000] {processor.py:153} INFO - Started process (PID=70) to work on /home/airflow/.local/lib/python3.7/site-packages/airflow/example_dags/example_branch_operator.py
[2023-03-28T02:25:34.133+0000] {processor.py:743} INFO - Processing file /home/airflow/.local/lib/python3.7/site-packages/airflow/example_dags/example_branch_operator.py for tasks to queue
[2023-03-28T02:25:34.134+0000] {logging_mixin.py:137} INFO - [2023-03-28T02:25:34.134+0000] {dagbag.py:532} INFO - Filling up the DagBag from /home/airflow/.local/lib/python3.7/site-packages/airflow/example_dags/example_branch_operator.py
[2023-03-28T02:25:34.150+0000] {processor.py:753} INFO - DAG(s) dict_keys(['example_branch_operator']) retrieved from /home/airflow/.local/lib/python3.7/site-packages/airflow/example_dags/example_branch_operator.py
[2023-03-28T02:25:34.161+0000] {logging_mixin.py:137} INFO - [2023-03-28T02:25:34.161+0000] {dag.py:2693} INFO - Sync 1 DAGs
[2023-03-28T02:25:34.180+0000] {logging_mixin.py:137} INFO - [2023-03-28T02:25:34.180+0000] {dag.py:3444} INFO - Setting next_dagrun for example_branch_operator to 2023-03-27T00:00:00+00:00, run_after=2023-03-28T00:00:00+00:00
[2023-03-28T02:25:34.200+0000] {processor.py:175} INFO - Processing /home/airflow/.local/lib/python3.7/site-packages/airflow/example_dags/example_branch_operator.py took 0.073 seconds
[2023-03-28T02:26:04.805+0000] {processor.py:153} INFO - Started process (PID=119) to work on /home/airflow/.local/lib/python3.7/site-packages/airflow/example_dags/example_branch_operator.py
[2023-03-28T02:26:04.806+0000] {processor.py:743} INFO - Processing file /home/airflow/.local/lib/python3.7/site-packages/airflow/example_dags/example_branch_operator.py for tasks to queue
[2023-03-28T02:26:04.807+0000] {logging_mixin.py:137} INFO - [2023-03-28T02:26:04.807+0000] {dagbag.py:532} INFO - Filling up the DagBag from /home/airflow/.local/lib/python3.7/site-packages/airflow/example_dags/example_branch_operator.py
[2023-03-28T02:26:04.819+0000] {processor.py:753} INFO - DAG(s) dict_keys(['example_branch_operator']) retrieved from /home/airflow/.local/lib/python3.7/site-packages/airflow/example_dags/example_branch_operator.py
[2023-03-28T02:26:04.838+0000] {logging_mixin.py:137} INFO - [2023-03-28T02:26:04.838+0000] {dag.py:2693} INFO - Sync 1 DAGs
[2023-03-28T02:26:04.857+0000] {logging_mixin.py:137} INFO - [2023-03-28T02:26:04.857+0000] {dag.py:3444} INFO - Setting next_dagrun for example_branch_operator to 2023-03-27T00:00:00+00:00, run_after=2023-03-28T00:00:00+00:00
[2023-03-28T02:26:04.871+0000] {processor.py:175} INFO - Processing /home/airflow/.local/lib/python3.7/site-packages/airflow/example_dags/example_branch_operator.py took 0.068 seconds
[2023-03-28T02:26:35.491+0000] {processor.py:153} INFO - Started process (PID=168) to work on /home/airflow/.local/lib/python3.7/site-packages/airflow/example_dags/example_branch_operator.py
[2023-03-28T02:26:35.493+0000] {processor.py:743} INFO - Processing file /home/airflow/.local/lib/python3.7/site-packages/airflow/example_dags/example_branch_operator.py for tasks to queue
[2023-03-28T02:26:35.494+0000] {logging_mixin.py:137} INFO - [2023-03-28T02:26:35.494+0000] {dagbag.py:532} INFO - Filling up the DagBag from /home/airflow/.local/lib/python3.7/site-packages/airflow/example_dags/example_branch_operator.py
[2023-03-28T02:26:35.506+0000] {processor.py:753} INFO - DAG(s) dict_keys(['example_branch_operator']) retrieved from /home/airflow/.local/lib/python3.7/site-packages/airflow/example_dags/example_branch_operator.py
[2023-03-28T02:26:35.525+0000] {logging_mixin.py:137} INFO - [2023-03-28T02:26:35.525+0000] {dag.py:2693} INFO - Sync 1 DAGs
[2023-03-28T02:26:35.542+0000] {logging_mixin.py:137} INFO - [2023-03-28T02:26:35.542+0000] {dag.py:3444} INFO - Setting next_dagrun for example_branch_operator to 2023-03-27T00:00:00+00:00, run_after=2023-03-28T00:00:00+00:00
[2023-03-28T02:26:35.560+0000] {processor.py:175} INFO - Processing /home/airflow/.local/lib/python3.7/site-packages/airflow/example_dags/example_branch_operator.py took 0.072 seconds
[2023-03-28T02:27:06.574+0000] {processor.py:153} INFO - Started process (PID=217) to work on /home/airflow/.local/lib/python3.7/site-packages/airflow/example_dags/example_branch_operator.py
[2023-03-28T02:27:06.577+0000] {processor.py:743} INFO - Processing file /home/airflow/.local/lib/python3.7/site-packages/airflow/example_dags/example_branch_operator.py for tasks to queue
[2023-03-28T02:27:06.578+0000] {logging_mixin.py:137} INFO - [2023-03-28T02:27:06.578+0000] {dagbag.py:532} INFO - Filling up the DagBag from /home/airflow/.local/lib/python3.7/site-packages/airflow/example_dags/example_branch_operator.py
[2023-03-28T02:27:06.590+0000] {processor.py:753} INFO - DAG(s) dict_keys(['example_branch_operator']) retrieved from /home/airflow/.local/lib/python3.7/site-packages/airflow/example_dags/example_branch_operator.py
[2023-03-28T02:27:06.610+0000] {logging_mixin.py:137} INFO - [2023-03-28T02:27:06.610+0000] {dag.py:2693} INFO - Sync 1 DAGs
[2023-03-28T02:27:06.628+0000] {logging_mixin.py:137} INFO - [2023-03-28T02:27:06.628+0000] {dag.py:3444} INFO - Setting next_dagrun for example_branch_operator to 2023-03-27T00:00:00+00:00, run_after=2023-03-28T00:00:00+00:00
[2023-03-28T02:27:06.640+0000] {processor.py:175} INFO - Processing /home/airflow/.local/lib/python3.7/site-packages/airflow/example_dags/example_branch_operator.py took 0.069 seconds
[2023-03-28T02:27:37.046+0000] {processor.py:153} INFO - Started process (PID=266) to work on /home/airflow/.local/lib/python3.7/site-packages/airflow/example_dags/example_branch_operator.py
[2023-03-28T02:27:37.047+0000] {processor.py:743} INFO - Processing file /home/airflow/.local/lib/python3.7/site-packages/airflow/example_dags/example_branch_operator.py for tasks to queue
[2023-03-28T02:27:37.049+0000] {logging_mixin.py:137} INFO - [2023-03-28T02:27:37.049+0000] {dagbag.py:532} INFO - Filling up the DagBag from /home/airflow/.local/lib/python3.7/site-packages/airflow/example_dags/example_branch_operator.py
[2023-03-28T02:27:37.061+0000] {processor.py:753} INFO - DAG(s) dict_keys(['example_branch_operator']) retrieved from /home/airflow/.local/lib/python3.7/site-packages/airflow/example_dags/example_branch_operator.py
[2023-03-28T02:27:37.079+0000] {logging_mixin.py:137} INFO - [2023-03-28T02:27:37.079+0000] {dag.py:2693} INFO - Sync 1 DAGs
[2023-03-28T02:27:37.095+0000] {logging_mixin.py:137} INFO - [2023-03-28T02:27:37.095+0000] {dag.py:3444} INFO - Setting next_dagrun for example_branch_operator to 2023-03-27T00:00:00+00:00, run_after=2023-03-28T00:00:00+00:00
[2023-03-28T02:27:37.108+0000] {processor.py:175} INFO - Processing /home/airflow/.local/lib/python3.7/site-packages/airflow/example_dags/example_branch_operator.py took 0.064 seconds
[2023-03-28T02:28:07.804+0000] {processor.py:153} INFO - Started process (PID=315) to work on /home/airflow/.local/lib/python3.7/site-packages/airflow/example_dags/example_branch_operator.py
[2023-03-28T02:28:07.811+0000] {processor.py:743} INFO - Processing file /home/airflow/.local/lib/python3.7/site-packages/airflow/example_dags/example_branch_operator.py for tasks to queue
[2023-03-28T02:28:07.812+0000] {logging_mixin.py:137} INFO - [2023-03-28T02:28:07.812+0000] {dagbag.py:532} INFO - Filling up the DagBag from /home/airflow/.local/lib/python3.7/site-packages/airflow/example_dags/example_branch_operator.py
[2023-03-28T02:28:07.825+0000] {processor.py:753} INFO - DAG(s) dict_keys(['example_branch_operator']) retrieved from /home/airflow/.local/lib/python3.7/site-packages/airflow/example_dags/example_branch_operator.py
[2023-03-28T02:28:07.845+0000] {logging_mixin.py:137} INFO - [2023-03-28T02:28:07.845+0000] {dag.py:2693} INFO - Sync 1 DAGs
[2023-03-28T02:28:07.864+0000] {logging_mixin.py:137} INFO - [2023-03-28T02:28:07.864+0000] {dag.py:3444} INFO - Setting next_dagrun for example_branch_operator to 2023-03-27T00:00:00+00:00, run_after=2023-03-28T00:00:00+00:00
[2023-03-28T02:28:07.881+0000] {processor.py:175} INFO - Processing /home/airflow/.local/lib/python3.7/site-packages/airflow/example_dags/example_branch_operator.py took 0.081 seconds
[2023-03-28T02:28:38.378+0000] {processor.py:153} INFO - Started process (PID=364) to work on /home/airflow/.local/lib/python3.7/site-packages/airflow/example_dags/example_branch_operator.py
[2023-03-28T02:28:38.380+0000] {processor.py:743} INFO - Processing file /home/airflow/.local/lib/python3.7/site-packages/airflow/example_dags/example_branch_operator.py for tasks to queue
[2023-03-28T02:28:38.381+0000] {logging_mixin.py:137} INFO - [2023-03-28T02:28:38.380+0000] {dagbag.py:532} INFO - Filling up the DagBag from /home/airflow/.local/lib/python3.7/site-packages/airflow/example_dags/example_branch_operator.py
[2023-03-28T02:28:38.392+0000] {processor.py:753} INFO - DAG(s) dict_keys(['example_branch_operator']) retrieved from /home/airflow/.local/lib/python3.7/site-packages/airflow/example_dags/example_branch_operator.py
[2023-03-28T02:28:38.411+0000] {logging_mixin.py:137} INFO - [2023-03-28T02:28:38.410+0000] {dag.py:2693} INFO - Sync 1 DAGs
[2023-03-28T02:28:38.427+0000] {logging_mixin.py:137} INFO - [2023-03-28T02:28:38.427+0000] {dag.py:3444} INFO - Setting next_dagrun for example_branch_operator to 2023-03-27T00:00:00+00:00, run_after=2023-03-28T00:00:00+00:00
[2023-03-28T02:28:38.439+0000] {processor.py:175} INFO - Processing /home/airflow/.local/lib/python3.7/site-packages/airflow/example_dags/example_branch_operator.py took 0.064 seconds
[2023-03-28T02:29:09.147+0000] {processor.py:153} INFO - Started process (PID=413) to work on /home/airflow/.local/lib/python3.7/site-packages/airflow/example_dags/example_branch_operator.py
[2023-03-28T02:29:09.148+0000] {processor.py:743} INFO - Processing file /home/airflow/.local/lib/python3.7/site-packages/airflow/example_dags/example_branch_operator.py for tasks to queue
[2023-03-28T02:29:09.149+0000] {logging_mixin.py:137} INFO - [2023-03-28T02:29:09.149+0000] {dagbag.py:532} INFO - Filling up the DagBag from /home/airflow/.local/lib/python3.7/site-packages/airflow/example_dags/example_branch_operator.py
[2023-03-28T02:29:09.160+0000] {processor.py:753} INFO - DAG(s) dict_keys(['example_branch_operator']) retrieved from /home/airflow/.local/lib/python3.7/site-packages/airflow/example_dags/example_branch_operator.py
[2023-03-28T02:29:09.179+0000] {logging_mixin.py:137} INFO - [2023-03-28T02:29:09.179+0000] {dag.py:2693} INFO - Sync 1 DAGs
[2023-03-28T02:29:09.196+0000] {logging_mixin.py:137} INFO - [2023-03-28T02:29:09.196+0000] {dag.py:3444} INFO - Setting next_dagrun for example_branch_operator to 2023-03-27T00:00:00+00:00, run_after=2023-03-28T00:00:00+00:00
[2023-03-28T02:29:09.211+0000] {processor.py:175} INFO - Processing /home/airflow/.local/lib/python3.7/site-packages/airflow/example_dags/example_branch_operator.py took 0.066 seconds
[2023-03-28T02:29:39.766+0000] {processor.py:153} INFO - Started process (PID=462) to work on /home/airflow/.local/lib/python3.7/site-packages/airflow/example_dags/example_branch_operator.py
[2023-03-28T02:29:39.781+0000] {processor.py:743} INFO - Processing file /home/airflow/.local/lib/python3.7/site-packages/airflow/example_dags/example_branch_operator.py for tasks to queue
[2023-03-28T02:29:39.782+0000] {logging_mixin.py:137} INFO - [2023-03-28T02:29:39.782+0000] {dagbag.py:532} INFO - Filling up the DagBag from /home/airflow/.local/lib/python3.7/site-packages/airflow/example_dags/example_branch_operator.py
[2023-03-28T02:29:39.797+0000] {processor.py:753} INFO - DAG(s) dict_keys(['example_branch_operator']) retrieved from /home/airflow/.local/lib/python3.7/site-packages/airflow/example_dags/example_branch_operator.py
[2023-03-28T02:29:39.818+0000] {logging_mixin.py:137} INFO - [2023-03-28T02:29:39.818+0000] {dag.py:2693} INFO - Sync 1 DAGs
[2023-03-28T02:29:39.837+0000] {logging_mixin.py:137} INFO - [2023-03-28T02:29:39.837+0000] {dag.py:3444} INFO - Setting next_dagrun for example_branch_operator to 2023-03-27T00:00:00+00:00, run_after=2023-03-28T00:00:00+00:00
[2023-03-28T02:29:39.851+0000] {processor.py:175} INFO - Processing /home/airflow/.local/lib/python3.7/site-packages/airflow/example_dags/example_branch_operator.py took 0.088 seconds
[2023-03-28T02:30:10.470+0000] {processor.py:153} INFO - Started process (PID=511) to work on /home/airflow/.local/lib/python3.7/site-packages/airflow/example_dags/example_branch_operator.py
[2023-03-28T02:30:10.485+0000] {processor.py:743} INFO - Processing file /home/airflow/.local/lib/python3.7/site-packages/airflow/example_dags/example_branch_operator.py for tasks to queue
[2023-03-28T02:30:10.486+0000] {logging_mixin.py:137} INFO - [2023-03-28T02:30:10.486+0000] {dagbag.py:532} INFO - Filling up the DagBag from /home/airflow/.local/lib/python3.7/site-packages/airflow/example_dags/example_branch_operator.py
[2023-03-28T02:30:10.497+0000] {processor.py:753} INFO - DAG(s) dict_keys(['example_branch_operator']) retrieved from /home/airflow/.local/lib/python3.7/site-packages/airflow/example_dags/example_branch_operator.py
[2023-03-28T02:30:10.515+0000] {logging_mixin.py:137} INFO - [2023-03-28T02:30:10.515+0000] {dag.py:2693} INFO - Sync 1 DAGs
[2023-03-28T02:30:10.532+0000] {logging_mixin.py:137} INFO - [2023-03-28T02:30:10.532+0000] {dag.py:3444} INFO - Setting next_dagrun for example_branch_operator to 2023-03-27T00:00:00+00:00, run_after=2023-03-28T00:00:00+00:00
[2023-03-28T02:30:10.544+0000] {processor.py:175} INFO - Processing /home/airflow/.local/lib/python3.7/site-packages/airflow/example_dags/example_branch_operator.py took 0.076 seconds
[2023-03-28T02:30:41.076+0000] {processor.py:153} INFO - Started process (PID=560) to work on /home/airflow/.local/lib/python3.7/site-packages/airflow/example_dags/example_branch_operator.py
[2023-03-28T02:30:41.077+0000] {processor.py:743} INFO - Processing file /home/airflow/.local/lib/python3.7/site-packages/airflow/example_dags/example_branch_operator.py for tasks to queue
[2023-03-28T02:30:41.078+0000] {logging_mixin.py:137} INFO - [2023-03-28T02:30:41.078+0000] {dagbag.py:532} INFO - Filling up the DagBag from /home/airflow/.local/lib/python3.7/site-packages/airflow/example_dags/example_branch_operator.py
[2023-03-28T02:30:41.089+0000] {processor.py:753} INFO - DAG(s) dict_keys(['example_branch_operator']) retrieved from /home/airflow/.local/lib/python3.7/site-packages/airflow/example_dags/example_branch_operator.py
[2023-03-28T02:30:41.106+0000] {logging_mixin.py:137} INFO - [2023-03-28T02:30:41.106+0000] {dag.py:2693} INFO - Sync 1 DAGs
[2023-03-28T02:30:41.122+0000] {logging_mixin.py:137} INFO - [2023-03-28T02:30:41.122+0000] {dag.py:3444} INFO - Setting next_dagrun for example_branch_operator to 2023-03-27T00:00:00+00:00, run_after=2023-03-28T00:00:00+00:00
[2023-03-28T02:30:41.139+0000] {processor.py:175} INFO - Processing /home/airflow/.local/lib/python3.7/site-packages/airflow/example_dags/example_branch_operator.py took 0.065 seconds
[2023-03-28T02:31:11.941+0000] {processor.py:153} INFO - Started process (PID=609) to work on /home/airflow/.local/lib/python3.7/site-packages/airflow/example_dags/example_branch_operator.py
[2023-03-28T02:31:11.942+0000] {processor.py:743} INFO - Processing file /home/airflow/.local/lib/python3.7/site-packages/airflow/example_dags/example_branch_operator.py for tasks to queue
[2023-03-28T02:31:11.943+0000] {logging_mixin.py:137} INFO - [2023-03-28T02:31:11.943+0000] {dagbag.py:532} INFO - Filling up the DagBag from /home/airflow/.local/lib/python3.7/site-packages/airflow/example_dags/example_branch_operator.py
[2023-03-28T02:31:11.956+0000] {processor.py:753} INFO - DAG(s) dict_keys(['example_branch_operator']) retrieved from /home/airflow/.local/lib/python3.7/site-packages/airflow/example_dags/example_branch_operator.py
[2023-03-28T02:31:11.974+0000] {logging_mixin.py:137} INFO - [2023-03-28T02:31:11.974+0000] {dag.py:2693} INFO - Sync 1 DAGs
[2023-03-28T02:31:11.993+0000] {logging_mixin.py:137} INFO - [2023-03-28T02:31:11.993+0000] {dag.py:3444} INFO - Setting next_dagrun for example_branch_operator to 2023-03-27T00:00:00+00:00, run_after=2023-03-28T00:00:00+00:00
[2023-03-28T02:31:12.007+0000] {processor.py:175} INFO - Processing /home/airflow/.local/lib/python3.7/site-packages/airflow/example_dags/example_branch_operator.py took 0.069 seconds
[2023-03-28T02:31:42.833+0000] {processor.py:153} INFO - Started process (PID=658) to work on /home/airflow/.local/lib/python3.7/site-packages/airflow/example_dags/example_branch_operator.py
[2023-03-28T02:31:42.834+0000] {processor.py:743} INFO - Processing file /home/airflow/.local/lib/python3.7/site-packages/airflow/example_dags/example_branch_operator.py for tasks to queue
[2023-03-28T02:31:42.836+0000] {logging_mixin.py:137} INFO - [2023-03-28T02:31:42.836+0000] {dagbag.py:532} INFO - Filling up the DagBag from /home/airflow/.local/lib/python3.7/site-packages/airflow/example_dags/example_branch_operator.py
[2023-03-28T02:31:42.849+0000] {processor.py:753} INFO - DAG(s) dict_keys(['example_branch_operator']) retrieved from /home/airflow/.local/lib/python3.7/site-packages/airflow/example_dags/example_branch_operator.py
[2023-03-28T02:31:42.872+0000] {logging_mixin.py:137} INFO - [2023-03-28T02:31:42.871+0000] {dag.py:2693} INFO - Sync 1 DAGs
[2023-03-28T02:31:42.897+0000] {logging_mixin.py:137} INFO - [2023-03-28T02:31:42.897+0000] {dag.py:3444} INFO - Setting next_dagrun for example_branch_operator to 2023-03-27T00:00:00+00:00, run_after=2023-03-28T00:00:00+00:00
[2023-03-28T02:31:42.909+0000] {processor.py:175} INFO - Processing /home/airflow/.local/lib/python3.7/site-packages/airflow/example_dags/example_branch_operator.py took 0.079 seconds
[2023-03-28T02:32:13.576+0000] {processor.py:153} INFO - Started process (PID=708) to work on /home/airflow/.local/lib/python3.7/site-packages/airflow/example_dags/example_branch_operator.py
[2023-03-28T02:32:13.578+0000] {processor.py:743} INFO - Processing file /home/airflow/.local/lib/python3.7/site-packages/airflow/example_dags/example_branch_operator.py for tasks to queue
[2023-03-28T02:32:13.578+0000] {logging_mixin.py:137} INFO - [2023-03-28T02:32:13.578+0000] {dagbag.py:532} INFO - Filling up the DagBag from /home/airflow/.local/lib/python3.7/site-packages/airflow/example_dags/example_branch_operator.py
[2023-03-28T02:32:13.591+0000] {processor.py:753} INFO - DAG(s) dict_keys(['example_branch_operator']) retrieved from /home/airflow/.local/lib/python3.7/site-packages/airflow/example_dags/example_branch_operator.py
[2023-03-28T02:32:13.617+0000] {logging_mixin.py:137} INFO - [2023-03-28T02:32:13.616+0000] {dag.py:2693} INFO - Sync 1 DAGs
[2023-03-28T02:32:13.636+0000] {logging_mixin.py:137} INFO - [2023-03-28T02:32:13.635+0000] {dag.py:3444} INFO - Setting next_dagrun for example_branch_operator to 2023-03-27T00:00:00+00:00, run_after=2023-03-28T00:00:00+00:00
[2023-03-28T02:32:13.649+0000] {processor.py:175} INFO - Processing /home/airflow/.local/lib/python3.7/site-packages/airflow/example_dags/example_branch_operator.py took 0.076 seconds
[2023-03-28T02:32:44.157+0000] {processor.py:153} INFO - Started process (PID=757) to work on /home/airflow/.local/lib/python3.7/site-packages/airflow/example_dags/example_branch_operator.py
[2023-03-28T02:32:44.160+0000] {processor.py:743} INFO - Processing file /home/airflow/.local/lib/python3.7/site-packages/airflow/example_dags/example_branch_operator.py for tasks to queue
[2023-03-28T02:32:44.161+0000] {logging_mixin.py:137} INFO - [2023-03-28T02:32:44.161+0000] {dagbag.py:532} INFO - Filling up the DagBag from /home/airflow/.local/lib/python3.7/site-packages/airflow/example_dags/example_branch_operator.py
[2023-03-28T02:32:44.174+0000] {processor.py:753} INFO - DAG(s) dict_keys(['example_branch_operator']) retrieved from /home/airflow/.local/lib/python3.7/site-packages/airflow/example_dags/example_branch_operator.py
[2023-03-28T02:32:44.195+0000] {logging_mixin.py:137} INFO - [2023-03-28T02:32:44.195+0000] {dag.py:2693} INFO - Sync 1 DAGs
[2023-03-28T02:32:44.218+0000] {logging_mixin.py:137} INFO - [2023-03-28T02:32:44.218+0000] {dag.py:3444} INFO - Setting next_dagrun for example_branch_operator to 2023-03-27T00:00:00+00:00, run_after=2023-03-28T00:00:00+00:00
[2023-03-28T02:32:44.237+0000] {processor.py:175} INFO - Processing /home/airflow/.local/lib/python3.7/site-packages/airflow/example_dags/example_branch_operator.py took 0.083 seconds
[2023-03-28T02:33:15.083+0000] {processor.py:153} INFO - Started process (PID=806) to work on /home/airflow/.local/lib/python3.7/site-packages/airflow/example_dags/example_branch_operator.py
[2023-03-28T02:33:15.084+0000] {processor.py:743} INFO - Processing file /home/airflow/.local/lib/python3.7/site-packages/airflow/example_dags/example_branch_operator.py for tasks to queue
[2023-03-28T02:33:15.086+0000] {logging_mixin.py:137} INFO - [2023-03-28T02:33:15.086+0000] {dagbag.py:532} INFO - Filling up the DagBag from /home/airflow/.local/lib/python3.7/site-packages/airflow/example_dags/example_branch_operator.py
[2023-03-28T02:33:15.098+0000] {processor.py:753} INFO - DAG(s) dict_keys(['example_branch_operator']) retrieved from /home/airflow/.local/lib/python3.7/site-packages/airflow/example_dags/example_branch_operator.py
[2023-03-28T02:33:15.119+0000] {logging_mixin.py:137} INFO - [2023-03-28T02:33:15.119+0000] {dag.py:2693} INFO - Sync 1 DAGs
[2023-03-28T02:33:15.139+0000] {logging_mixin.py:137} INFO - [2023-03-28T02:33:15.139+0000] {dag.py:3444} INFO - Setting next_dagrun for example_branch_operator to 2023-03-27T00:00:00+00:00, run_after=2023-03-28T00:00:00+00:00
[2023-03-28T02:33:15.152+0000] {processor.py:175} INFO - Processing /home/airflow/.local/lib/python3.7/site-packages/airflow/example_dags/example_branch_operator.py took 0.072 seconds
[2023-03-28T02:33:45.698+0000] {processor.py:153} INFO - Started process (PID=855) to work on /home/airflow/.local/lib/python3.7/site-packages/airflow/example_dags/example_branch_operator.py
[2023-03-28T02:33:45.700+0000] {processor.py:743} INFO - Processing file /home/airflow/.local/lib/python3.7/site-packages/airflow/example_dags/example_branch_operator.py for tasks to queue
[2023-03-28T02:33:45.701+0000] {logging_mixin.py:137} INFO - [2023-03-28T02:33:45.701+0000] {dagbag.py:532} INFO - Filling up the DagBag from /home/airflow/.local/lib/python3.7/site-packages/airflow/example_dags/example_branch_operator.py
[2023-03-28T02:33:45.713+0000] {processor.py:753} INFO - DAG(s) dict_keys(['example_branch_operator']) retrieved from /home/airflow/.local/lib/python3.7/site-packages/airflow/example_dags/example_branch_operator.py
[2023-03-28T02:33:45.732+0000] {logging_mixin.py:137} INFO - [2023-03-28T02:33:45.732+0000] {dag.py:2693} INFO - Sync 1 DAGs
[2023-03-28T02:33:45.749+0000] {logging_mixin.py:137} INFO - [2023-03-28T02:33:45.749+0000] {dag.py:3444} INFO - Setting next_dagrun for example_branch_operator to 2023-03-27T00:00:00+00:00, run_after=2023-03-28T00:00:00+00:00
[2023-03-28T02:33:45.763+0000] {processor.py:175} INFO - Processing /home/airflow/.local/lib/python3.7/site-packages/airflow/example_dags/example_branch_operator.py took 0.067 seconds
[2023-03-28T02:34:16.131+0000] {processor.py:153} INFO - Started process (PID=904) to work on /home/airflow/.local/lib/python3.7/site-packages/airflow/example_dags/example_branch_operator.py
[2023-03-28T02:34:16.133+0000] {processor.py:743} INFO - Processing file /home/airflow/.local/lib/python3.7/site-packages/airflow/example_dags/example_branch_operator.py for tasks to queue
[2023-03-28T02:34:16.134+0000] {logging_mixin.py:137} INFO - [2023-03-28T02:34:16.134+0000] {dagbag.py:532} INFO - Filling up the DagBag from /home/airflow/.local/lib/python3.7/site-packages/airflow/example_dags/example_branch_operator.py
[2023-03-28T02:34:16.145+0000] {processor.py:753} INFO - DAG(s) dict_keys(['example_branch_operator']) retrieved from /home/airflow/.local/lib/python3.7/site-packages/airflow/example_dags/example_branch_operator.py
[2023-03-28T02:34:16.163+0000] {logging_mixin.py:137} INFO - [2023-03-28T02:34:16.163+0000] {dag.py:2693} INFO - Sync 1 DAGs
[2023-03-28T02:34:16.180+0000] {logging_mixin.py:137} INFO - [2023-03-28T02:34:16.180+0000] {dag.py:3444} INFO - Setting next_dagrun for example_branch_operator to 2023-03-27T00:00:00+00:00, run_after=2023-03-28T00:00:00+00:00
[2023-03-28T02:34:16.193+0000] {processor.py:175} INFO - Processing /home/airflow/.local/lib/python3.7/site-packages/airflow/example_dags/example_branch_operator.py took 0.064 seconds
[2023-03-28T02:34:46.781+0000] {processor.py:153} INFO - Started process (PID=953) to work on /home/airflow/.local/lib/python3.7/site-packages/airflow/example_dags/example_branch_operator.py
[2023-03-28T02:34:46.783+0000] {processor.py:743} INFO - Processing file /home/airflow/.local/lib/python3.7/site-packages/airflow/example_dags/example_branch_operator.py for tasks to queue
[2023-03-28T02:34:46.784+0000] {logging_mixin.py:137} INFO - [2023-03-28T02:34:46.784+0000] {dagbag.py:532} INFO - Filling up the DagBag from /home/airflow/.local/lib/python3.7/site-packages/airflow/example_dags/example_branch_operator.py
[2023-03-28T02:34:46.797+0000] {processor.py:753} INFO - DAG(s) dict_keys(['example_branch_operator']) retrieved from /home/airflow/.local/lib/python3.7/site-packages/airflow/example_dags/example_branch_operator.py
[2023-03-28T02:34:46.821+0000] {logging_mixin.py:137} INFO - [2023-03-28T02:34:46.821+0000] {dag.py:2693} INFO - Sync 1 DAGs
[2023-03-28T02:34:46.843+0000] {logging_mixin.py:137} INFO - [2023-03-28T02:34:46.843+0000] {dag.py:3444} INFO - Setting next_dagrun for example_branch_operator to 2023-03-27T00:00:00+00:00, run_after=2023-03-28T00:00:00+00:00
[2023-03-28T02:34:46.859+0000] {processor.py:175} INFO - Processing /home/airflow/.local/lib/python3.7/site-packages/airflow/example_dags/example_branch_operator.py took 0.081 seconds
[2023-03-28T02:35:17.219+0000] {processor.py:153} INFO - Started process (PID=1002) to work on /home/airflow/.local/lib/python3.7/site-packages/airflow/example_dags/example_branch_operator.py
[2023-03-28T02:35:17.221+0000] {processor.py:743} INFO - Processing file /home/airflow/.local/lib/python3.7/site-packages/airflow/example_dags/example_branch_operator.py for tasks to queue
[2023-03-28T02:35:17.222+0000] {logging_mixin.py:137} INFO - [2023-03-28T02:35:17.222+0000] {dagbag.py:532} INFO - Filling up the DagBag from /home/airflow/.local/lib/python3.7/site-packages/airflow/example_dags/example_branch_operator.py
[2023-03-28T02:35:17.233+0000] {processor.py:753} INFO - DAG(s) dict_keys(['example_branch_operator']) retrieved from /home/airflow/.local/lib/python3.7/site-packages/airflow/example_dags/example_branch_operator.py
[2023-03-28T02:35:17.252+0000] {logging_mixin.py:137} INFO - [2023-03-28T02:35:17.252+0000] {dag.py:2693} INFO - Sync 1 DAGs
[2023-03-28T02:35:17.268+0000] {logging_mixin.py:137} INFO - [2023-03-28T02:35:17.268+0000] {dag.py:3444} INFO - Setting next_dagrun for example_branch_operator to 2023-03-27T00:00:00+00:00, run_after=2023-03-28T00:00:00+00:00
[2023-03-28T02:35:17.281+0000] {processor.py:175} INFO - Processing /home/airflow/.local/lib/python3.7/site-packages/airflow/example_dags/example_branch_operator.py took 0.065 seconds
[2023-03-28T02:35:47.669+0000] {processor.py:153} INFO - Started process (PID=1053) to work on /home/airflow/.local/lib/python3.7/site-packages/airflow/example_dags/example_branch_operator.py
[2023-03-28T02:35:47.671+0000] {processor.py:743} INFO - Processing file /home/airflow/.local/lib/python3.7/site-packages/airflow/example_dags/example_branch_operator.py for tasks to queue
[2023-03-28T02:35:47.672+0000] {logging_mixin.py:137} INFO - [2023-03-28T02:35:47.672+0000] {dagbag.py:532} INFO - Filling up the DagBag from /home/airflow/.local/lib/python3.7/site-packages/airflow/example_dags/example_branch_operator.py
[2023-03-28T02:35:47.683+0000] {processor.py:753} INFO - DAG(s) dict_keys(['example_branch_operator']) retrieved from /home/airflow/.local/lib/python3.7/site-packages/airflow/example_dags/example_branch_operator.py
[2023-03-28T02:35:47.702+0000] {logging_mixin.py:137} INFO - [2023-03-28T02:35:47.702+0000] {dag.py:2693} INFO - Sync 1 DAGs
[2023-03-28T02:35:47.722+0000] {logging_mixin.py:137} INFO - [2023-03-28T02:35:47.721+0000] {dag.py:3444} INFO - Setting next_dagrun for example_branch_operator to 2023-03-27T00:00:00+00:00, run_after=2023-03-28T00:00:00+00:00
[2023-03-28T02:35:47.735+0000] {processor.py:175} INFO - Processing /home/airflow/.local/lib/python3.7/site-packages/airflow/example_dags/example_branch_operator.py took 0.068 seconds
[2023-03-28T02:36:18.002+0000] {processor.py:153} INFO - Started process (PID=1103) to work on /home/airflow/.local/lib/python3.7/site-packages/airflow/example_dags/example_branch_operator.py
[2023-03-28T02:36:18.003+0000] {processor.py:743} INFO - Processing file /home/airflow/.local/lib/python3.7/site-packages/airflow/example_dags/example_branch_operator.py for tasks to queue
[2023-03-28T02:36:18.004+0000] {logging_mixin.py:137} INFO - [2023-03-28T02:36:18.004+0000] {dagbag.py:532} INFO - Filling up the DagBag from /home/airflow/.local/lib/python3.7/site-packages/airflow/example_dags/example_branch_operator.py
[2023-03-28T02:36:18.019+0000] {processor.py:753} INFO - DAG(s) dict_keys(['example_branch_operator']) retrieved from /home/airflow/.local/lib/python3.7/site-packages/airflow/example_dags/example_branch_operator.py
[2023-03-28T02:36:18.039+0000] {logging_mixin.py:137} INFO - [2023-03-28T02:36:18.039+0000] {dag.py:2693} INFO - Sync 1 DAGs
[2023-03-28T02:36:18.057+0000] {logging_mixin.py:137} INFO - [2023-03-28T02:36:18.057+0000] {dag.py:3444} INFO - Setting next_dagrun for example_branch_operator to 2023-03-27T00:00:00+00:00, run_after=2023-03-28T00:00:00+00:00
[2023-03-28T02:36:18.069+0000] {processor.py:175} INFO - Processing /home/airflow/.local/lib/python3.7/site-packages/airflow/example_dags/example_branch_operator.py took 0.070 seconds
[2023-03-28T02:36:48.502+0000] {processor.py:153} INFO - Started process (PID=1152) to work on /home/airflow/.local/lib/python3.7/site-packages/airflow/example_dags/example_branch_operator.py
[2023-03-28T02:36:48.505+0000] {processor.py:743} INFO - Processing file /home/airflow/.local/lib/python3.7/site-packages/airflow/example_dags/example_branch_operator.py for tasks to queue
[2023-03-28T02:36:48.507+0000] {logging_mixin.py:137} INFO - [2023-03-28T02:36:48.506+0000] {dagbag.py:532} INFO - Filling up the DagBag from /home/airflow/.local/lib/python3.7/site-packages/airflow/example_dags/example_branch_operator.py
[2023-03-28T02:36:48.524+0000] {processor.py:753} INFO - DAG(s) dict_keys(['example_branch_operator']) retrieved from /home/airflow/.local/lib/python3.7/site-packages/airflow/example_dags/example_branch_operator.py
[2023-03-28T02:36:48.559+0000] {logging_mixin.py:137} INFO - [2023-03-28T02:36:48.558+0000] {dag.py:2693} INFO - Sync 1 DAGs
[2023-03-28T02:36:48.580+0000] {logging_mixin.py:137} INFO - [2023-03-28T02:36:48.580+0000] {dag.py:3444} INFO - Setting next_dagrun for example_branch_operator to 2023-03-27T00:00:00+00:00, run_after=2023-03-28T00:00:00+00:00
[2023-03-28T02:36:48.593+0000] {processor.py:175} INFO - Processing /home/airflow/.local/lib/python3.7/site-packages/airflow/example_dags/example_branch_operator.py took 0.093 seconds
[2023-03-28T02:37:19.040+0000] {processor.py:153} INFO - Started process (PID=1202) to work on /home/airflow/.local/lib/python3.7/site-packages/airflow/example_dags/example_branch_operator.py
[2023-03-28T02:37:19.042+0000] {processor.py:743} INFO - Processing file /home/airflow/.local/lib/python3.7/site-packages/airflow/example_dags/example_branch_operator.py for tasks to queue
[2023-03-28T02:37:19.044+0000] {logging_mixin.py:137} INFO - [2023-03-28T02:37:19.044+0000] {dagbag.py:532} INFO - Filling up the DagBag from /home/airflow/.local/lib/python3.7/site-packages/airflow/example_dags/example_branch_operator.py
[2023-03-28T02:37:19.056+0000] {processor.py:753} INFO - DAG(s) dict_keys(['example_branch_operator']) retrieved from /home/airflow/.local/lib/python3.7/site-packages/airflow/example_dags/example_branch_operator.py
[2023-03-28T02:37:19.075+0000] {logging_mixin.py:137} INFO - [2023-03-28T02:37:19.074+0000] {dag.py:2693} INFO - Sync 1 DAGs
[2023-03-28T02:37:19.092+0000] {logging_mixin.py:137} INFO - [2023-03-28T02:37:19.092+0000] {dag.py:3444} INFO - Setting next_dagrun for example_branch_operator to 2023-03-27T00:00:00+00:00, run_after=2023-03-28T00:00:00+00:00
[2023-03-28T02:37:19.105+0000] {processor.py:175} INFO - Processing /home/airflow/.local/lib/python3.7/site-packages/airflow/example_dags/example_branch_operator.py took 0.068 seconds
[2023-03-28T02:37:49.507+0000] {processor.py:153} INFO - Started process (PID=1251) to work on /home/airflow/.local/lib/python3.7/site-packages/airflow/example_dags/example_branch_operator.py
[2023-03-28T02:37:49.509+0000] {processor.py:743} INFO - Processing file /home/airflow/.local/lib/python3.7/site-packages/airflow/example_dags/example_branch_operator.py for tasks to queue
[2023-03-28T02:37:49.510+0000] {logging_mixin.py:137} INFO - [2023-03-28T02:37:49.510+0000] {dagbag.py:532} INFO - Filling up the DagBag from /home/airflow/.local/lib/python3.7/site-packages/airflow/example_dags/example_branch_operator.py
[2023-03-28T02:37:49.521+0000] {processor.py:753} INFO - DAG(s) dict_keys(['example_branch_operator']) retrieved from /home/airflow/.local/lib/python3.7/site-packages/airflow/example_dags/example_branch_operator.py
[2023-03-28T02:37:49.539+0000] {logging_mixin.py:137} INFO - [2023-03-28T02:37:49.539+0000] {dag.py:2693} INFO - Sync 1 DAGs
[2023-03-28T02:37:49.555+0000] {logging_mixin.py:137} INFO - [2023-03-28T02:37:49.555+0000] {dag.py:3444} INFO - Setting next_dagrun for example_branch_operator to 2023-03-27T00:00:00+00:00, run_after=2023-03-28T00:00:00+00:00
[2023-03-28T02:37:49.568+0000] {processor.py:175} INFO - Processing /home/airflow/.local/lib/python3.7/site-packages/airflow/example_dags/example_branch_operator.py took 0.063 seconds
[2023-03-28T02:38:20.129+0000] {processor.py:153} INFO - Started process (PID=1300) to work on /home/airflow/.local/lib/python3.7/site-packages/airflow/example_dags/example_branch_operator.py
[2023-03-28T02:38:20.130+0000] {processor.py:743} INFO - Processing file /home/airflow/.local/lib/python3.7/site-packages/airflow/example_dags/example_branch_operator.py for tasks to queue
[2023-03-28T02:38:20.131+0000] {logging_mixin.py:137} INFO - [2023-03-28T02:38:20.131+0000] {dagbag.py:532} INFO - Filling up the DagBag from /home/airflow/.local/lib/python3.7/site-packages/airflow/example_dags/example_branch_operator.py
[2023-03-28T02:38:20.144+0000] {processor.py:753} INFO - DAG(s) dict_keys(['example_branch_operator']) retrieved from /home/airflow/.local/lib/python3.7/site-packages/airflow/example_dags/example_branch_operator.py
[2023-03-28T02:38:20.163+0000] {logging_mixin.py:137} INFO - [2023-03-28T02:38:20.163+0000] {dag.py:2693} INFO - Sync 1 DAGs
[2023-03-28T02:38:20.180+0000] {logging_mixin.py:137} INFO - [2023-03-28T02:38:20.180+0000] {dag.py:3444} INFO - Setting next_dagrun for example_branch_operator to 2023-03-27T00:00:00+00:00, run_after=2023-03-28T00:00:00+00:00
[2023-03-28T02:38:20.193+0000] {processor.py:175} INFO - Processing /home/airflow/.local/lib/python3.7/site-packages/airflow/example_dags/example_branch_operator.py took 0.067 seconds
[2023-03-28T02:38:50.442+0000] {processor.py:153} INFO - Started process (PID=1350) to work on /home/airflow/.local/lib/python3.7/site-packages/airflow/example_dags/example_branch_operator.py
[2023-03-28T02:38:50.444+0000] {processor.py:743} INFO - Processing file /home/airflow/.local/lib/python3.7/site-packages/airflow/example_dags/example_branch_operator.py for tasks to queue
[2023-03-28T02:38:50.445+0000] {logging_mixin.py:137} INFO - [2023-03-28T02:38:50.445+0000] {dagbag.py:532} INFO - Filling up the DagBag from /home/airflow/.local/lib/python3.7/site-packages/airflow/example_dags/example_branch_operator.py
[2023-03-28T02:38:50.456+0000] {processor.py:753} INFO - DAG(s) dict_keys(['example_branch_operator']) retrieved from /home/airflow/.local/lib/python3.7/site-packages/airflow/example_dags/example_branch_operator.py
[2023-03-28T02:38:50.474+0000] {logging_mixin.py:137} INFO - [2023-03-28T02:38:50.474+0000] {dag.py:2693} INFO - Sync 1 DAGs
[2023-03-28T02:38:50.491+0000] {logging_mixin.py:137} INFO - [2023-03-28T02:38:50.491+0000] {dag.py:3444} INFO - Setting next_dagrun for example_branch_operator to 2023-03-27T00:00:00+00:00, run_after=2023-03-28T00:00:00+00:00
[2023-03-28T02:38:50.505+0000] {processor.py:175} INFO - Processing /home/airflow/.local/lib/python3.7/site-packages/airflow/example_dags/example_branch_operator.py took 0.065 seconds
[2023-03-28T02:39:20.840+0000] {processor.py:153} INFO - Started process (PID=1399) to work on /home/airflow/.local/lib/python3.7/site-packages/airflow/example_dags/example_branch_operator.py
[2023-03-28T02:39:20.841+0000] {processor.py:743} INFO - Processing file /home/airflow/.local/lib/python3.7/site-packages/airflow/example_dags/example_branch_operator.py for tasks to queue
[2023-03-28T02:39:20.842+0000] {logging_mixin.py:137} INFO - [2023-03-28T02:39:20.842+0000] {dagbag.py:532} INFO - Filling up the DagBag from /home/airflow/.local/lib/python3.7/site-packages/airflow/example_dags/example_branch_operator.py
[2023-03-28T02:39:20.854+0000] {processor.py:753} INFO - DAG(s) dict_keys(['example_branch_operator']) retrieved from /home/airflow/.local/lib/python3.7/site-packages/airflow/example_dags/example_branch_operator.py
[2023-03-28T02:39:20.872+0000] {logging_mixin.py:137} INFO - [2023-03-28T02:39:20.872+0000] {dag.py:2693} INFO - Sync 1 DAGs
[2023-03-28T02:39:20.889+0000] {logging_mixin.py:137} INFO - [2023-03-28T02:39:20.889+0000] {dag.py:3444} INFO - Setting next_dagrun for example_branch_operator to 2023-03-27T00:00:00+00:00, run_after=2023-03-28T00:00:00+00:00
[2023-03-28T02:39:20.902+0000] {processor.py:175} INFO - Processing /home/airflow/.local/lib/python3.7/site-packages/airflow/example_dags/example_branch_operator.py took 0.065 seconds
[2023-03-28T02:39:51.451+0000] {processor.py:153} INFO - Started process (PID=1448) to work on /home/airflow/.local/lib/python3.7/site-packages/airflow/example_dags/example_branch_operator.py
[2023-03-28T02:39:51.453+0000] {processor.py:743} INFO - Processing file /home/airflow/.local/lib/python3.7/site-packages/airflow/example_dags/example_branch_operator.py for tasks to queue
[2023-03-28T02:39:51.455+0000] {logging_mixin.py:137} INFO - [2023-03-28T02:39:51.455+0000] {dagbag.py:532} INFO - Filling up the DagBag from /home/airflow/.local/lib/python3.7/site-packages/airflow/example_dags/example_branch_operator.py
[2023-03-28T02:39:51.466+0000] {processor.py:753} INFO - DAG(s) dict_keys(['example_branch_operator']) retrieved from /home/airflow/.local/lib/python3.7/site-packages/airflow/example_dags/example_branch_operator.py
[2023-03-28T02:39:51.487+0000] {logging_mixin.py:137} INFO - [2023-03-28T02:39:51.486+0000] {dag.py:2693} INFO - Sync 1 DAGs
[2023-03-28T02:39:51.505+0000] {logging_mixin.py:137} INFO - [2023-03-28T02:39:51.505+0000] {dag.py:3444} INFO - Setting next_dagrun for example_branch_operator to 2023-03-27T00:00:00+00:00, run_after=2023-03-28T00:00:00+00:00
[2023-03-28T02:39:51.519+0000] {processor.py:175} INFO - Processing /home/airflow/.local/lib/python3.7/site-packages/airflow/example_dags/example_branch_operator.py took 0.071 seconds
[2023-03-28T02:40:22.161+0000] {processor.py:153} INFO - Started process (PID=1497) to work on /home/airflow/.local/lib/python3.7/site-packages/airflow/example_dags/example_branch_operator.py
[2023-03-28T02:40:22.162+0000] {processor.py:743} INFO - Processing file /home/airflow/.local/lib/python3.7/site-packages/airflow/example_dags/example_branch_operator.py for tasks to queue
[2023-03-28T02:40:22.163+0000] {logging_mixin.py:137} INFO - [2023-03-28T02:40:22.163+0000] {dagbag.py:532} INFO - Filling up the DagBag from /home/airflow/.local/lib/python3.7/site-packages/airflow/example_dags/example_branch_operator.py
[2023-03-28T02:40:22.174+0000] {processor.py:753} INFO - DAG(s) dict_keys(['example_branch_operator']) retrieved from /home/airflow/.local/lib/python3.7/site-packages/airflow/example_dags/example_branch_operator.py
[2023-03-28T02:40:22.198+0000] {logging_mixin.py:137} INFO - [2023-03-28T02:40:22.197+0000] {dag.py:2693} INFO - Sync 1 DAGs
[2023-03-28T02:40:22.215+0000] {logging_mixin.py:137} INFO - [2023-03-28T02:40:22.215+0000] {dag.py:3444} INFO - Setting next_dagrun for example_branch_operator to 2023-03-27T00:00:00+00:00, run_after=2023-03-28T00:00:00+00:00
[2023-03-28T02:40:22.226+0000] {processor.py:175} INFO - Processing /home/airflow/.local/lib/python3.7/site-packages/airflow/example_dags/example_branch_operator.py took 0.068 seconds
[2023-03-28T02:40:53.049+0000] {processor.py:153} INFO - Started process (PID=1546) to work on /home/airflow/.local/lib/python3.7/site-packages/airflow/example_dags/example_branch_operator.py
[2023-03-28T02:40:53.051+0000] {processor.py:743} INFO - Processing file /home/airflow/.local/lib/python3.7/site-packages/airflow/example_dags/example_branch_operator.py for tasks to queue
[2023-03-28T02:40:53.052+0000] {logging_mixin.py:137} INFO - [2023-03-28T02:40:53.051+0000] {dagbag.py:532} INFO - Filling up the DagBag from /home/airflow/.local/lib/python3.7/site-packages/airflow/example_dags/example_branch_operator.py
[2023-03-28T02:40:53.064+0000] {processor.py:753} INFO - DAG(s) dict_keys(['example_branch_operator']) retrieved from /home/airflow/.local/lib/python3.7/site-packages/airflow/example_dags/example_branch_operator.py
[2023-03-28T02:40:53.085+0000] {logging_mixin.py:137} INFO - [2023-03-28T02:40:53.085+0000] {dag.py:2693} INFO - Sync 1 DAGs
[2023-03-28T02:40:53.101+0000] {logging_mixin.py:137} INFO - [2023-03-28T02:40:53.101+0000] {dag.py:3444} INFO - Setting next_dagrun for example_branch_operator to 2023-03-27T00:00:00+00:00, run_after=2023-03-28T00:00:00+00:00
[2023-03-28T02:40:53.113+0000] {processor.py:175} INFO - Processing /home/airflow/.local/lib/python3.7/site-packages/airflow/example_dags/example_branch_operator.py took 0.067 seconds
