[2023-03-28T02:25:32.132+0000] {processor.py:153} INFO - Started process (PID=54) to work on /home/airflow/.local/lib/python3.7/site-packages/airflow/example_dags/example_skip_dag.py
[2023-03-28T02:25:32.135+0000] {processor.py:743} INFO - Processing file /home/airflow/.local/lib/python3.7/site-packages/airflow/example_dags/example_skip_dag.py for tasks to queue
[2023-03-28T02:25:32.137+0000] {logging_mixin.py:137} INFO - [2023-03-28T02:25:32.137+0000] {dagbag.py:532} INFO - Filling up the DagBag from /home/airflow/.local/lib/python3.7/site-packages/airflow/example_dags/example_skip_dag.py
[2023-03-28T02:25:32.180+0000] {processor.py:753} INFO - DAG(s) dict_keys(['example_skip_dag']) retrieved from /home/airflow/.local/lib/python3.7/site-packages/airflow/example_dags/example_skip_dag.py
[2023-03-28T02:25:32.207+0000] {logging_mixin.py:137} INFO - [2023-03-28T02:25:32.207+0000] {dag.py:2693} INFO - Sync 1 DAGs
[2023-03-28T02:25:32.278+0000] {logging_mixin.py:137} INFO - [2023-03-28T02:25:32.278+0000] {dag.py:3444} INFO - Setting next_dagrun for example_skip_dag to 2023-03-27T02:25:32.278124+00:00, run_after=2023-03-28T02:25:32.278124+00:00
[2023-03-28T02:25:32.357+0000] {processor.py:175} INFO - Processing /home/airflow/.local/lib/python3.7/site-packages/airflow/example_dags/example_skip_dag.py took 0.228 seconds
[2023-03-28T02:26:02.982+0000] {processor.py:153} INFO - Started process (PID=103) to work on /home/airflow/.local/lib/python3.7/site-packages/airflow/example_dags/example_skip_dag.py
[2023-03-28T02:26:02.984+0000] {processor.py:743} INFO - Processing file /home/airflow/.local/lib/python3.7/site-packages/airflow/example_dags/example_skip_dag.py for tasks to queue
[2023-03-28T02:26:02.985+0000] {logging_mixin.py:137} INFO - [2023-03-28T02:26:02.985+0000] {dagbag.py:532} INFO - Filling up the DagBag from /home/airflow/.local/lib/python3.7/site-packages/airflow/example_dags/example_skip_dag.py
[2023-03-28T02:26:02.995+0000] {processor.py:753} INFO - DAG(s) dict_keys(['example_skip_dag']) retrieved from /home/airflow/.local/lib/python3.7/site-packages/airflow/example_dags/example_skip_dag.py
[2023-03-28T02:26:03.014+0000] {logging_mixin.py:137} INFO - [2023-03-28T02:26:03.014+0000] {dag.py:2693} INFO - Sync 1 DAGs
[2023-03-28T02:26:03.032+0000] {logging_mixin.py:137} INFO - [2023-03-28T02:26:03.032+0000] {dag.py:3444} INFO - Setting next_dagrun for example_skip_dag to 2023-03-27T02:26:03.032325+00:00, run_after=2023-03-28T02:26:03.032325+00:00
[2023-03-28T02:26:03.045+0000] {processor.py:175} INFO - Processing /home/airflow/.local/lib/python3.7/site-packages/airflow/example_dags/example_skip_dag.py took 0.065 seconds
[2023-03-28T02:26:33.537+0000] {processor.py:153} INFO - Started process (PID=152) to work on /home/airflow/.local/lib/python3.7/site-packages/airflow/example_dags/example_skip_dag.py
[2023-03-28T02:26:33.539+0000] {processor.py:743} INFO - Processing file /home/airflow/.local/lib/python3.7/site-packages/airflow/example_dags/example_skip_dag.py for tasks to queue
[2023-03-28T02:26:33.539+0000] {logging_mixin.py:137} INFO - [2023-03-28T02:26:33.539+0000] {dagbag.py:532} INFO - Filling up the DagBag from /home/airflow/.local/lib/python3.7/site-packages/airflow/example_dags/example_skip_dag.py
[2023-03-28T02:26:33.551+0000] {processor.py:753} INFO - DAG(s) dict_keys(['example_skip_dag']) retrieved from /home/airflow/.local/lib/python3.7/site-packages/airflow/example_dags/example_skip_dag.py
[2023-03-28T02:26:33.574+0000] {logging_mixin.py:137} INFO - [2023-03-28T02:26:33.574+0000] {dag.py:2693} INFO - Sync 1 DAGs
[2023-03-28T02:26:33.593+0000] {logging_mixin.py:137} INFO - [2023-03-28T02:26:33.593+0000] {dag.py:3444} INFO - Setting next_dagrun for example_skip_dag to 2023-03-27T02:26:33.592995+00:00, run_after=2023-03-28T02:26:33.592995+00:00
[2023-03-28T02:26:33.605+0000] {processor.py:175} INFO - Processing /home/airflow/.local/lib/python3.7/site-packages/airflow/example_dags/example_skip_dag.py took 0.071 seconds
[2023-03-28T02:27:04.574+0000] {processor.py:153} INFO - Started process (PID=201) to work on /home/airflow/.local/lib/python3.7/site-packages/airflow/example_dags/example_skip_dag.py
[2023-03-28T02:27:04.577+0000] {processor.py:743} INFO - Processing file /home/airflow/.local/lib/python3.7/site-packages/airflow/example_dags/example_skip_dag.py for tasks to queue
[2023-03-28T02:27:04.578+0000] {logging_mixin.py:137} INFO - [2023-03-28T02:27:04.578+0000] {dagbag.py:532} INFO - Filling up the DagBag from /home/airflow/.local/lib/python3.7/site-packages/airflow/example_dags/example_skip_dag.py
[2023-03-28T02:27:04.590+0000] {processor.py:753} INFO - DAG(s) dict_keys(['example_skip_dag']) retrieved from /home/airflow/.local/lib/python3.7/site-packages/airflow/example_dags/example_skip_dag.py
[2023-03-28T02:27:04.611+0000] {logging_mixin.py:137} INFO - [2023-03-28T02:27:04.611+0000] {dag.py:2693} INFO - Sync 1 DAGs
[2023-03-28T02:27:04.629+0000] {logging_mixin.py:137} INFO - [2023-03-28T02:27:04.629+0000] {dag.py:3444} INFO - Setting next_dagrun for example_skip_dag to 2023-03-27T02:27:04.629258+00:00, run_after=2023-03-28T02:27:04.629258+00:00
[2023-03-28T02:27:04.641+0000] {processor.py:175} INFO - Processing /home/airflow/.local/lib/python3.7/site-packages/airflow/example_dags/example_skip_dag.py took 0.071 seconds
[2023-03-28T02:27:35.245+0000] {processor.py:153} INFO - Started process (PID=250) to work on /home/airflow/.local/lib/python3.7/site-packages/airflow/example_dags/example_skip_dag.py
[2023-03-28T02:27:35.247+0000] {processor.py:743} INFO - Processing file /home/airflow/.local/lib/python3.7/site-packages/airflow/example_dags/example_skip_dag.py for tasks to queue
[2023-03-28T02:27:35.248+0000] {logging_mixin.py:137} INFO - [2023-03-28T02:27:35.248+0000] {dagbag.py:532} INFO - Filling up the DagBag from /home/airflow/.local/lib/python3.7/site-packages/airflow/example_dags/example_skip_dag.py
[2023-03-28T02:27:35.257+0000] {processor.py:753} INFO - DAG(s) dict_keys(['example_skip_dag']) retrieved from /home/airflow/.local/lib/python3.7/site-packages/airflow/example_dags/example_skip_dag.py
[2023-03-28T02:27:35.275+0000] {logging_mixin.py:137} INFO - [2023-03-28T02:27:35.275+0000] {dag.py:2693} INFO - Sync 1 DAGs
[2023-03-28T02:27:35.293+0000] {logging_mixin.py:137} INFO - [2023-03-28T02:27:35.293+0000] {dag.py:3444} INFO - Setting next_dagrun for example_skip_dag to 2023-03-27T02:27:35.293332+00:00, run_after=2023-03-28T02:27:35.293332+00:00
[2023-03-28T02:27:35.306+0000] {processor.py:175} INFO - Processing /home/airflow/.local/lib/python3.7/site-packages/airflow/example_dags/example_skip_dag.py took 0.063 seconds
[2023-03-28T02:28:05.689+0000] {processor.py:153} INFO - Started process (PID=299) to work on /home/airflow/.local/lib/python3.7/site-packages/airflow/example_dags/example_skip_dag.py
[2023-03-28T02:28:05.691+0000] {processor.py:743} INFO - Processing file /home/airflow/.local/lib/python3.7/site-packages/airflow/example_dags/example_skip_dag.py for tasks to queue
[2023-03-28T02:28:05.692+0000] {logging_mixin.py:137} INFO - [2023-03-28T02:28:05.692+0000] {dagbag.py:532} INFO - Filling up the DagBag from /home/airflow/.local/lib/python3.7/site-packages/airflow/example_dags/example_skip_dag.py
[2023-03-28T02:28:05.703+0000] {processor.py:753} INFO - DAG(s) dict_keys(['example_skip_dag']) retrieved from /home/airflow/.local/lib/python3.7/site-packages/airflow/example_dags/example_skip_dag.py
[2023-03-28T02:28:05.722+0000] {logging_mixin.py:137} INFO - [2023-03-28T02:28:05.722+0000] {dag.py:2693} INFO - Sync 1 DAGs
[2023-03-28T02:28:05.740+0000] {logging_mixin.py:137} INFO - [2023-03-28T02:28:05.740+0000] {dag.py:3444} INFO - Setting next_dagrun for example_skip_dag to 2023-03-27T02:28:05.739960+00:00, run_after=2023-03-28T02:28:05.739960+00:00
[2023-03-28T02:28:05.751+0000] {processor.py:175} INFO - Processing /home/airflow/.local/lib/python3.7/site-packages/airflow/example_dags/example_skip_dag.py took 0.064 seconds
[2023-03-28T02:28:36.594+0000] {processor.py:153} INFO - Started process (PID=348) to work on /home/airflow/.local/lib/python3.7/site-packages/airflow/example_dags/example_skip_dag.py
[2023-03-28T02:28:36.596+0000] {processor.py:743} INFO - Processing file /home/airflow/.local/lib/python3.7/site-packages/airflow/example_dags/example_skip_dag.py for tasks to queue
[2023-03-28T02:28:36.597+0000] {logging_mixin.py:137} INFO - [2023-03-28T02:28:36.597+0000] {dagbag.py:532} INFO - Filling up the DagBag from /home/airflow/.local/lib/python3.7/site-packages/airflow/example_dags/example_skip_dag.py
[2023-03-28T02:28:36.607+0000] {processor.py:753} INFO - DAG(s) dict_keys(['example_skip_dag']) retrieved from /home/airflow/.local/lib/python3.7/site-packages/airflow/example_dags/example_skip_dag.py
[2023-03-28T02:28:36.626+0000] {logging_mixin.py:137} INFO - [2023-03-28T02:28:36.625+0000] {dag.py:2693} INFO - Sync 1 DAGs
[2023-03-28T02:28:36.647+0000] {logging_mixin.py:137} INFO - [2023-03-28T02:28:36.647+0000] {dag.py:3444} INFO - Setting next_dagrun for example_skip_dag to 2023-03-27T02:28:36.647232+00:00, run_after=2023-03-28T02:28:36.647232+00:00
[2023-03-28T02:28:36.661+0000] {processor.py:175} INFO - Processing /home/airflow/.local/lib/python3.7/site-packages/airflow/example_dags/example_skip_dag.py took 0.069 seconds
[2023-03-28T02:29:07.314+0000] {processor.py:153} INFO - Started process (PID=397) to work on /home/airflow/.local/lib/python3.7/site-packages/airflow/example_dags/example_skip_dag.py
[2023-03-28T02:29:07.317+0000] {processor.py:743} INFO - Processing file /home/airflow/.local/lib/python3.7/site-packages/airflow/example_dags/example_skip_dag.py for tasks to queue
[2023-03-28T02:29:07.318+0000] {logging_mixin.py:137} INFO - [2023-03-28T02:29:07.318+0000] {dagbag.py:532} INFO - Filling up the DagBag from /home/airflow/.local/lib/python3.7/site-packages/airflow/example_dags/example_skip_dag.py
[2023-03-28T02:29:07.332+0000] {processor.py:753} INFO - DAG(s) dict_keys(['example_skip_dag']) retrieved from /home/airflow/.local/lib/python3.7/site-packages/airflow/example_dags/example_skip_dag.py
[2023-03-28T02:29:07.352+0000] {logging_mixin.py:137} INFO - [2023-03-28T02:29:07.352+0000] {dag.py:2693} INFO - Sync 1 DAGs
[2023-03-28T02:29:07.370+0000] {logging_mixin.py:137} INFO - [2023-03-28T02:29:07.370+0000] {dag.py:3444} INFO - Setting next_dagrun for example_skip_dag to 2023-03-27T02:29:07.370538+00:00, run_after=2023-03-28T02:29:07.370538+00:00
[2023-03-28T02:29:07.394+0000] {processor.py:175} INFO - Processing /home/airflow/.local/lib/python3.7/site-packages/airflow/example_dags/example_skip_dag.py took 0.083 seconds
[2023-03-28T02:29:37.953+0000] {processor.py:153} INFO - Started process (PID=446) to work on /home/airflow/.local/lib/python3.7/site-packages/airflow/example_dags/example_skip_dag.py
[2023-03-28T02:29:37.955+0000] {processor.py:743} INFO - Processing file /home/airflow/.local/lib/python3.7/site-packages/airflow/example_dags/example_skip_dag.py for tasks to queue
[2023-03-28T02:29:37.956+0000] {logging_mixin.py:137} INFO - [2023-03-28T02:29:37.956+0000] {dagbag.py:532} INFO - Filling up the DagBag from /home/airflow/.local/lib/python3.7/site-packages/airflow/example_dags/example_skip_dag.py
[2023-03-28T02:29:37.966+0000] {processor.py:753} INFO - DAG(s) dict_keys(['example_skip_dag']) retrieved from /home/airflow/.local/lib/python3.7/site-packages/airflow/example_dags/example_skip_dag.py
[2023-03-28T02:29:37.984+0000] {logging_mixin.py:137} INFO - [2023-03-28T02:29:37.984+0000] {dag.py:2693} INFO - Sync 1 DAGs
[2023-03-28T02:29:38.003+0000] {logging_mixin.py:137} INFO - [2023-03-28T02:29:38.003+0000] {dag.py:3444} INFO - Setting next_dagrun for example_skip_dag to 2023-03-27T02:29:38.002882+00:00, run_after=2023-03-28T02:29:38.002882+00:00
[2023-03-28T02:29:38.015+0000] {processor.py:175} INFO - Processing /home/airflow/.local/lib/python3.7/site-packages/airflow/example_dags/example_skip_dag.py took 0.064 seconds
[2023-03-28T02:30:08.721+0000] {processor.py:153} INFO - Started process (PID=495) to work on /home/airflow/.local/lib/python3.7/site-packages/airflow/example_dags/example_skip_dag.py
[2023-03-28T02:30:08.724+0000] {processor.py:743} INFO - Processing file /home/airflow/.local/lib/python3.7/site-packages/airflow/example_dags/example_skip_dag.py for tasks to queue
[2023-03-28T02:30:08.727+0000] {logging_mixin.py:137} INFO - [2023-03-28T02:30:08.727+0000] {dagbag.py:532} INFO - Filling up the DagBag from /home/airflow/.local/lib/python3.7/site-packages/airflow/example_dags/example_skip_dag.py
[2023-03-28T02:30:08.737+0000] {processor.py:753} INFO - DAG(s) dict_keys(['example_skip_dag']) retrieved from /home/airflow/.local/lib/python3.7/site-packages/airflow/example_dags/example_skip_dag.py
[2023-03-28T02:30:08.758+0000] {logging_mixin.py:137} INFO - [2023-03-28T02:30:08.758+0000] {dag.py:2693} INFO - Sync 1 DAGs
[2023-03-28T02:30:08.778+0000] {logging_mixin.py:137} INFO - [2023-03-28T02:30:08.778+0000] {dag.py:3444} INFO - Setting next_dagrun for example_skip_dag to 2023-03-27T02:30:08.778694+00:00, run_after=2023-03-28T02:30:08.778694+00:00
[2023-03-28T02:30:08.792+0000] {processor.py:175} INFO - Processing /home/airflow/.local/lib/python3.7/site-packages/airflow/example_dags/example_skip_dag.py took 0.074 seconds
[2023-03-28T02:30:39.338+0000] {processor.py:153} INFO - Started process (PID=544) to work on /home/airflow/.local/lib/python3.7/site-packages/airflow/example_dags/example_skip_dag.py
[2023-03-28T02:30:39.340+0000] {processor.py:743} INFO - Processing file /home/airflow/.local/lib/python3.7/site-packages/airflow/example_dags/example_skip_dag.py for tasks to queue
[2023-03-28T02:30:39.341+0000] {logging_mixin.py:137} INFO - [2023-03-28T02:30:39.341+0000] {dagbag.py:532} INFO - Filling up the DagBag from /home/airflow/.local/lib/python3.7/site-packages/airflow/example_dags/example_skip_dag.py
[2023-03-28T02:30:39.352+0000] {processor.py:753} INFO - DAG(s) dict_keys(['example_skip_dag']) retrieved from /home/airflow/.local/lib/python3.7/site-packages/airflow/example_dags/example_skip_dag.py
[2023-03-28T02:30:39.370+0000] {logging_mixin.py:137} INFO - [2023-03-28T02:30:39.370+0000] {dag.py:2693} INFO - Sync 1 DAGs
[2023-03-28T02:30:39.386+0000] {logging_mixin.py:137} INFO - [2023-03-28T02:30:39.386+0000] {dag.py:3444} INFO - Setting next_dagrun for example_skip_dag to 2023-03-27T02:30:39.386690+00:00, run_after=2023-03-28T02:30:39.386690+00:00
[2023-03-28T02:30:39.397+0000] {processor.py:175} INFO - Processing /home/airflow/.local/lib/python3.7/site-packages/airflow/example_dags/example_skip_dag.py took 0.061 seconds
[2023-03-28T02:31:10.040+0000] {processor.py:153} INFO - Started process (PID=593) to work on /home/airflow/.local/lib/python3.7/site-packages/airflow/example_dags/example_skip_dag.py
[2023-03-28T02:31:10.042+0000] {processor.py:743} INFO - Processing file /home/airflow/.local/lib/python3.7/site-packages/airflow/example_dags/example_skip_dag.py for tasks to queue
[2023-03-28T02:31:10.043+0000] {logging_mixin.py:137} INFO - [2023-03-28T02:31:10.043+0000] {dagbag.py:532} INFO - Filling up the DagBag from /home/airflow/.local/lib/python3.7/site-packages/airflow/example_dags/example_skip_dag.py
[2023-03-28T02:31:10.053+0000] {processor.py:753} INFO - DAG(s) dict_keys(['example_skip_dag']) retrieved from /home/airflow/.local/lib/python3.7/site-packages/airflow/example_dags/example_skip_dag.py
[2023-03-28T02:31:10.085+0000] {logging_mixin.py:137} INFO - [2023-03-28T02:31:10.085+0000] {dag.py:2693} INFO - Sync 1 DAGs
[2023-03-28T02:31:10.108+0000] {logging_mixin.py:137} INFO - [2023-03-28T02:31:10.108+0000] {dag.py:3444} INFO - Setting next_dagrun for example_skip_dag to 2023-03-27T02:31:10.107838+00:00, run_after=2023-03-28T02:31:10.107838+00:00
[2023-03-28T02:31:10.132+0000] {processor.py:175} INFO - Processing /home/airflow/.local/lib/python3.7/site-packages/airflow/example_dags/example_skip_dag.py took 0.098 seconds
[2023-03-28T02:31:40.779+0000] {processor.py:153} INFO - Started process (PID=643) to work on /home/airflow/.local/lib/python3.7/site-packages/airflow/example_dags/example_skip_dag.py
[2023-03-28T02:31:40.781+0000] {processor.py:743} INFO - Processing file /home/airflow/.local/lib/python3.7/site-packages/airflow/example_dags/example_skip_dag.py for tasks to queue
[2023-03-28T02:31:40.784+0000] {logging_mixin.py:137} INFO - [2023-03-28T02:31:40.784+0000] {dagbag.py:532} INFO - Filling up the DagBag from /home/airflow/.local/lib/python3.7/site-packages/airflow/example_dags/example_skip_dag.py
[2023-03-28T02:31:40.798+0000] {processor.py:753} INFO - DAG(s) dict_keys(['example_skip_dag']) retrieved from /home/airflow/.local/lib/python3.7/site-packages/airflow/example_dags/example_skip_dag.py
[2023-03-28T02:31:40.825+0000] {logging_mixin.py:137} INFO - [2023-03-28T02:31:40.825+0000] {dag.py:2693} INFO - Sync 1 DAGs
[2023-03-28T02:31:40.850+0000] {logging_mixin.py:137} INFO - [2023-03-28T02:31:40.850+0000] {dag.py:3444} INFO - Setting next_dagrun for example_skip_dag to 2023-03-27T02:31:40.850189+00:00, run_after=2023-03-28T02:31:40.850189+00:00
[2023-03-28T02:31:40.867+0000] {processor.py:175} INFO - Processing /home/airflow/.local/lib/python3.7/site-packages/airflow/example_dags/example_skip_dag.py took 0.094 seconds
[2023-03-28T02:32:11.603+0000] {processor.py:153} INFO - Started process (PID=692) to work on /home/airflow/.local/lib/python3.7/site-packages/airflow/example_dags/example_skip_dag.py
[2023-03-28T02:32:11.606+0000] {processor.py:743} INFO - Processing file /home/airflow/.local/lib/python3.7/site-packages/airflow/example_dags/example_skip_dag.py for tasks to queue
[2023-03-28T02:32:11.607+0000] {logging_mixin.py:137} INFO - [2023-03-28T02:32:11.607+0000] {dagbag.py:532} INFO - Filling up the DagBag from /home/airflow/.local/lib/python3.7/site-packages/airflow/example_dags/example_skip_dag.py
[2023-03-28T02:32:11.618+0000] {processor.py:753} INFO - DAG(s) dict_keys(['example_skip_dag']) retrieved from /home/airflow/.local/lib/python3.7/site-packages/airflow/example_dags/example_skip_dag.py
[2023-03-28T02:32:11.638+0000] {logging_mixin.py:137} INFO - [2023-03-28T02:32:11.638+0000] {dag.py:2693} INFO - Sync 1 DAGs
[2023-03-28T02:32:11.657+0000] {logging_mixin.py:137} INFO - [2023-03-28T02:32:11.657+0000] {dag.py:3444} INFO - Setting next_dagrun for example_skip_dag to 2023-03-27T02:32:11.656934+00:00, run_after=2023-03-28T02:32:11.656934+00:00
[2023-03-28T02:32:11.674+0000] {processor.py:175} INFO - Processing /home/airflow/.local/lib/python3.7/site-packages/airflow/example_dags/example_skip_dag.py took 0.072 seconds
[2023-03-28T02:32:42.298+0000] {processor.py:153} INFO - Started process (PID=741) to work on /home/airflow/.local/lib/python3.7/site-packages/airflow/example_dags/example_skip_dag.py
[2023-03-28T02:32:42.300+0000] {processor.py:743} INFO - Processing file /home/airflow/.local/lib/python3.7/site-packages/airflow/example_dags/example_skip_dag.py for tasks to queue
[2023-03-28T02:32:42.301+0000] {logging_mixin.py:137} INFO - [2023-03-28T02:32:42.301+0000] {dagbag.py:532} INFO - Filling up the DagBag from /home/airflow/.local/lib/python3.7/site-packages/airflow/example_dags/example_skip_dag.py
[2023-03-28T02:32:42.311+0000] {processor.py:753} INFO - DAG(s) dict_keys(['example_skip_dag']) retrieved from /home/airflow/.local/lib/python3.7/site-packages/airflow/example_dags/example_skip_dag.py
[2023-03-28T02:32:42.329+0000] {logging_mixin.py:137} INFO - [2023-03-28T02:32:42.329+0000] {dag.py:2693} INFO - Sync 1 DAGs
[2023-03-28T02:32:42.346+0000] {logging_mixin.py:137} INFO - [2023-03-28T02:32:42.346+0000] {dag.py:3444} INFO - Setting next_dagrun for example_skip_dag to 2023-03-27T02:32:42.346452+00:00, run_after=2023-03-28T02:32:42.346452+00:00
[2023-03-28T02:32:42.358+0000] {processor.py:175} INFO - Processing /home/airflow/.local/lib/python3.7/site-packages/airflow/example_dags/example_skip_dag.py took 0.062 seconds
[2023-03-28T02:33:13.217+0000] {processor.py:153} INFO - Started process (PID=790) to work on /home/airflow/.local/lib/python3.7/site-packages/airflow/example_dags/example_skip_dag.py
[2023-03-28T02:33:13.219+0000] {processor.py:743} INFO - Processing file /home/airflow/.local/lib/python3.7/site-packages/airflow/example_dags/example_skip_dag.py for tasks to queue
[2023-03-28T02:33:13.220+0000] {logging_mixin.py:137} INFO - [2023-03-28T02:33:13.220+0000] {dagbag.py:532} INFO - Filling up the DagBag from /home/airflow/.local/lib/python3.7/site-packages/airflow/example_dags/example_skip_dag.py
[2023-03-28T02:33:13.232+0000] {processor.py:753} INFO - DAG(s) dict_keys(['example_skip_dag']) retrieved from /home/airflow/.local/lib/python3.7/site-packages/airflow/example_dags/example_skip_dag.py
[2023-03-28T02:33:13.250+0000] {logging_mixin.py:137} INFO - [2023-03-28T02:33:13.250+0000] {dag.py:2693} INFO - Sync 1 DAGs
[2023-03-28T02:33:13.268+0000] {logging_mixin.py:137} INFO - [2023-03-28T02:33:13.268+0000] {dag.py:3444} INFO - Setting next_dagrun for example_skip_dag to 2023-03-27T02:33:13.268712+00:00, run_after=2023-03-28T02:33:13.268712+00:00
[2023-03-28T02:33:13.283+0000] {processor.py:175} INFO - Processing /home/airflow/.local/lib/python3.7/site-packages/airflow/example_dags/example_skip_dag.py took 0.068 seconds
[2023-03-28T02:33:43.911+0000] {processor.py:153} INFO - Started process (PID=839) to work on /home/airflow/.local/lib/python3.7/site-packages/airflow/example_dags/example_skip_dag.py
[2023-03-28T02:33:43.913+0000] {processor.py:743} INFO - Processing file /home/airflow/.local/lib/python3.7/site-packages/airflow/example_dags/example_skip_dag.py for tasks to queue
[2023-03-28T02:33:43.914+0000] {logging_mixin.py:137} INFO - [2023-03-28T02:33:43.914+0000] {dagbag.py:532} INFO - Filling up the DagBag from /home/airflow/.local/lib/python3.7/site-packages/airflow/example_dags/example_skip_dag.py
[2023-03-28T02:33:43.925+0000] {processor.py:753} INFO - DAG(s) dict_keys(['example_skip_dag']) retrieved from /home/airflow/.local/lib/python3.7/site-packages/airflow/example_dags/example_skip_dag.py
[2023-03-28T02:33:43.948+0000] {logging_mixin.py:137} INFO - [2023-03-28T02:33:43.948+0000] {dag.py:2693} INFO - Sync 1 DAGs
[2023-03-28T02:33:43.966+0000] {logging_mixin.py:137} INFO - [2023-03-28T02:33:43.966+0000] {dag.py:3444} INFO - Setting next_dagrun for example_skip_dag to 2023-03-27T02:33:43.965915+00:00, run_after=2023-03-28T02:33:43.965915+00:00
[2023-03-28T02:33:43.979+0000] {processor.py:175} INFO - Processing /home/airflow/.local/lib/python3.7/site-packages/airflow/example_dags/example_skip_dag.py took 0.070 seconds
[2023-03-28T02:34:14.359+0000] {processor.py:153} INFO - Started process (PID=888) to work on /home/airflow/.local/lib/python3.7/site-packages/airflow/example_dags/example_skip_dag.py
[2023-03-28T02:34:14.362+0000] {processor.py:743} INFO - Processing file /home/airflow/.local/lib/python3.7/site-packages/airflow/example_dags/example_skip_dag.py for tasks to queue
[2023-03-28T02:34:14.363+0000] {logging_mixin.py:137} INFO - [2023-03-28T02:34:14.363+0000] {dagbag.py:532} INFO - Filling up the DagBag from /home/airflow/.local/lib/python3.7/site-packages/airflow/example_dags/example_skip_dag.py
[2023-03-28T02:34:14.373+0000] {processor.py:753} INFO - DAG(s) dict_keys(['example_skip_dag']) retrieved from /home/airflow/.local/lib/python3.7/site-packages/airflow/example_dags/example_skip_dag.py
[2023-03-28T02:34:14.390+0000] {logging_mixin.py:137} INFO - [2023-03-28T02:34:14.390+0000] {dag.py:2693} INFO - Sync 1 DAGs
[2023-03-28T02:34:14.408+0000] {logging_mixin.py:137} INFO - [2023-03-28T02:34:14.408+0000] {dag.py:3444} INFO - Setting next_dagrun for example_skip_dag to 2023-03-27T02:34:14.407634+00:00, run_after=2023-03-28T02:34:14.407634+00:00
[2023-03-28T02:34:14.420+0000] {processor.py:175} INFO - Processing /home/airflow/.local/lib/python3.7/site-packages/airflow/example_dags/example_skip_dag.py took 0.063 seconds
[2023-03-28T02:34:44.760+0000] {processor.py:153} INFO - Started process (PID=937) to work on /home/airflow/.local/lib/python3.7/site-packages/airflow/example_dags/example_skip_dag.py
[2023-03-28T02:34:44.762+0000] {processor.py:743} INFO - Processing file /home/airflow/.local/lib/python3.7/site-packages/airflow/example_dags/example_skip_dag.py for tasks to queue
[2023-03-28T02:34:44.763+0000] {logging_mixin.py:137} INFO - [2023-03-28T02:34:44.762+0000] {dagbag.py:532} INFO - Filling up the DagBag from /home/airflow/.local/lib/python3.7/site-packages/airflow/example_dags/example_skip_dag.py
[2023-03-28T02:34:44.772+0000] {processor.py:753} INFO - DAG(s) dict_keys(['example_skip_dag']) retrieved from /home/airflow/.local/lib/python3.7/site-packages/airflow/example_dags/example_skip_dag.py
[2023-03-28T02:34:44.791+0000] {logging_mixin.py:137} INFO - [2023-03-28T02:34:44.790+0000] {dag.py:2693} INFO - Sync 1 DAGs
[2023-03-28T02:34:44.808+0000] {logging_mixin.py:137} INFO - [2023-03-28T02:34:44.808+0000] {dag.py:3444} INFO - Setting next_dagrun for example_skip_dag to 2023-03-27T02:34:44.808149+00:00, run_after=2023-03-28T02:34:44.808149+00:00
[2023-03-28T02:34:44.821+0000] {processor.py:175} INFO - Processing /home/airflow/.local/lib/python3.7/site-packages/airflow/example_dags/example_skip_dag.py took 0.063 seconds
[2023-03-28T02:35:15.465+0000] {processor.py:153} INFO - Started process (PID=986) to work on /home/airflow/.local/lib/python3.7/site-packages/airflow/example_dags/example_skip_dag.py
[2023-03-28T02:35:15.467+0000] {processor.py:743} INFO - Processing file /home/airflow/.local/lib/python3.7/site-packages/airflow/example_dags/example_skip_dag.py for tasks to queue
[2023-03-28T02:35:15.467+0000] {logging_mixin.py:137} INFO - [2023-03-28T02:35:15.467+0000] {dagbag.py:532} INFO - Filling up the DagBag from /home/airflow/.local/lib/python3.7/site-packages/airflow/example_dags/example_skip_dag.py
[2023-03-28T02:35:15.477+0000] {processor.py:753} INFO - DAG(s) dict_keys(['example_skip_dag']) retrieved from /home/airflow/.local/lib/python3.7/site-packages/airflow/example_dags/example_skip_dag.py
[2023-03-28T02:35:15.495+0000] {logging_mixin.py:137} INFO - [2023-03-28T02:35:15.495+0000] {dag.py:2693} INFO - Sync 1 DAGs
[2023-03-28T02:35:15.512+0000] {logging_mixin.py:137} INFO - [2023-03-28T02:35:15.512+0000] {dag.py:3444} INFO - Setting next_dagrun for example_skip_dag to 2023-03-27T02:35:15.512085+00:00, run_after=2023-03-28T02:35:15.512085+00:00
[2023-03-28T02:35:15.529+0000] {processor.py:175} INFO - Processing /home/airflow/.local/lib/python3.7/site-packages/airflow/example_dags/example_skip_dag.py took 0.066 seconds
[2023-03-28T02:35:45.895+0000] {processor.py:153} INFO - Started process (PID=1037) to work on /home/airflow/.local/lib/python3.7/site-packages/airflow/example_dags/example_skip_dag.py
[2023-03-28T02:35:45.897+0000] {processor.py:743} INFO - Processing file /home/airflow/.local/lib/python3.7/site-packages/airflow/example_dags/example_skip_dag.py for tasks to queue
[2023-03-28T02:35:45.898+0000] {logging_mixin.py:137} INFO - [2023-03-28T02:35:45.898+0000] {dagbag.py:532} INFO - Filling up the DagBag from /home/airflow/.local/lib/python3.7/site-packages/airflow/example_dags/example_skip_dag.py
[2023-03-28T02:35:45.907+0000] {processor.py:753} INFO - DAG(s) dict_keys(['example_skip_dag']) retrieved from /home/airflow/.local/lib/python3.7/site-packages/airflow/example_dags/example_skip_dag.py
[2023-03-28T02:35:45.930+0000] {logging_mixin.py:137} INFO - [2023-03-28T02:35:45.930+0000] {dag.py:2693} INFO - Sync 1 DAGs
[2023-03-28T02:35:45.951+0000] {logging_mixin.py:137} INFO - [2023-03-28T02:35:45.951+0000] {dag.py:3444} INFO - Setting next_dagrun for example_skip_dag to 2023-03-27T02:35:45.950949+00:00, run_after=2023-03-28T02:35:45.950949+00:00
[2023-03-28T02:35:45.965+0000] {processor.py:175} INFO - Processing /home/airflow/.local/lib/python3.7/site-packages/airflow/example_dags/example_skip_dag.py took 0.073 seconds
[2023-03-28T02:36:16.213+0000] {processor.py:153} INFO - Started process (PID=1087) to work on /home/airflow/.local/lib/python3.7/site-packages/airflow/example_dags/example_skip_dag.py
[2023-03-28T02:36:16.215+0000] {processor.py:743} INFO - Processing file /home/airflow/.local/lib/python3.7/site-packages/airflow/example_dags/example_skip_dag.py for tasks to queue
[2023-03-28T02:36:16.215+0000] {logging_mixin.py:137} INFO - [2023-03-28T02:36:16.215+0000] {dagbag.py:532} INFO - Filling up the DagBag from /home/airflow/.local/lib/python3.7/site-packages/airflow/example_dags/example_skip_dag.py
[2023-03-28T02:36:16.224+0000] {processor.py:753} INFO - DAG(s) dict_keys(['example_skip_dag']) retrieved from /home/airflow/.local/lib/python3.7/site-packages/airflow/example_dags/example_skip_dag.py
[2023-03-28T02:36:16.243+0000] {logging_mixin.py:137} INFO - [2023-03-28T02:36:16.243+0000] {dag.py:2693} INFO - Sync 1 DAGs
[2023-03-28T02:36:16.261+0000] {logging_mixin.py:137} INFO - [2023-03-28T02:36:16.260+0000] {dag.py:3444} INFO - Setting next_dagrun for example_skip_dag to 2023-03-27T02:36:16.260811+00:00, run_after=2023-03-28T02:36:16.260811+00:00
[2023-03-28T02:36:16.273+0000] {processor.py:175} INFO - Processing /home/airflow/.local/lib/python3.7/site-packages/airflow/example_dags/example_skip_dag.py took 0.062 seconds
[2023-03-28T02:36:46.718+0000] {processor.py:153} INFO - Started process (PID=1136) to work on /home/airflow/.local/lib/python3.7/site-packages/airflow/example_dags/example_skip_dag.py
[2023-03-28T02:36:46.721+0000] {processor.py:743} INFO - Processing file /home/airflow/.local/lib/python3.7/site-packages/airflow/example_dags/example_skip_dag.py for tasks to queue
[2023-03-28T02:36:46.724+0000] {logging_mixin.py:137} INFO - [2023-03-28T02:36:46.723+0000] {dagbag.py:532} INFO - Filling up the DagBag from /home/airflow/.local/lib/python3.7/site-packages/airflow/example_dags/example_skip_dag.py
[2023-03-28T02:36:46.734+0000] {processor.py:753} INFO - DAG(s) dict_keys(['example_skip_dag']) retrieved from /home/airflow/.local/lib/python3.7/site-packages/airflow/example_dags/example_skip_dag.py
[2023-03-28T02:36:46.753+0000] {logging_mixin.py:137} INFO - [2023-03-28T02:36:46.753+0000] {dag.py:2693} INFO - Sync 1 DAGs
[2023-03-28T02:36:46.772+0000] {logging_mixin.py:137} INFO - [2023-03-28T02:36:46.772+0000] {dag.py:3444} INFO - Setting next_dagrun for example_skip_dag to 2023-03-27T02:36:46.771954+00:00, run_after=2023-03-28T02:36:46.771954+00:00
[2023-03-28T02:36:46.786+0000] {processor.py:175} INFO - Processing /home/airflow/.local/lib/python3.7/site-packages/airflow/example_dags/example_skip_dag.py took 0.070 seconds
[2023-03-28T02:37:17.147+0000] {processor.py:153} INFO - Started process (PID=1186) to work on /home/airflow/.local/lib/python3.7/site-packages/airflow/example_dags/example_skip_dag.py
[2023-03-28T02:37:17.148+0000] {processor.py:743} INFO - Processing file /home/airflow/.local/lib/python3.7/site-packages/airflow/example_dags/example_skip_dag.py for tasks to queue
[2023-03-28T02:37:17.150+0000] {logging_mixin.py:137} INFO - [2023-03-28T02:37:17.149+0000] {dagbag.py:532} INFO - Filling up the DagBag from /home/airflow/.local/lib/python3.7/site-packages/airflow/example_dags/example_skip_dag.py
[2023-03-28T02:37:17.159+0000] {processor.py:753} INFO - DAG(s) dict_keys(['example_skip_dag']) retrieved from /home/airflow/.local/lib/python3.7/site-packages/airflow/example_dags/example_skip_dag.py
[2023-03-28T02:37:17.177+0000] {logging_mixin.py:137} INFO - [2023-03-28T02:37:17.177+0000] {dag.py:2693} INFO - Sync 1 DAGs
[2023-03-28T02:37:17.194+0000] {logging_mixin.py:137} INFO - [2023-03-28T02:37:17.194+0000] {dag.py:3444} INFO - Setting next_dagrun for example_skip_dag to 2023-03-27T02:37:17.193835+00:00, run_after=2023-03-28T02:37:17.193835+00:00
[2023-03-28T02:37:17.205+0000] {processor.py:175} INFO - Processing /home/airflow/.local/lib/python3.7/site-packages/airflow/example_dags/example_skip_dag.py took 0.061 seconds
[2023-03-28T02:37:47.692+0000] {processor.py:153} INFO - Started process (PID=1235) to work on /home/airflow/.local/lib/python3.7/site-packages/airflow/example_dags/example_skip_dag.py
[2023-03-28T02:37:47.694+0000] {processor.py:743} INFO - Processing file /home/airflow/.local/lib/python3.7/site-packages/airflow/example_dags/example_skip_dag.py for tasks to queue
[2023-03-28T02:37:47.695+0000] {logging_mixin.py:137} INFO - [2023-03-28T02:37:47.694+0000] {dagbag.py:532} INFO - Filling up the DagBag from /home/airflow/.local/lib/python3.7/site-packages/airflow/example_dags/example_skip_dag.py
[2023-03-28T02:37:47.704+0000] {processor.py:753} INFO - DAG(s) dict_keys(['example_skip_dag']) retrieved from /home/airflow/.local/lib/python3.7/site-packages/airflow/example_dags/example_skip_dag.py
[2023-03-28T02:37:47.722+0000] {logging_mixin.py:137} INFO - [2023-03-28T02:37:47.722+0000] {dag.py:2693} INFO - Sync 1 DAGs
[2023-03-28T02:37:47.739+0000] {logging_mixin.py:137} INFO - [2023-03-28T02:37:47.739+0000] {dag.py:3444} INFO - Setting next_dagrun for example_skip_dag to 2023-03-27T02:37:47.739756+00:00, run_after=2023-03-28T02:37:47.739756+00:00
[2023-03-28T02:37:47.752+0000] {processor.py:175} INFO - Processing /home/airflow/.local/lib/python3.7/site-packages/airflow/example_dags/example_skip_dag.py took 0.062 seconds
[2023-03-28T02:38:18.318+0000] {processor.py:153} INFO - Started process (PID=1284) to work on /home/airflow/.local/lib/python3.7/site-packages/airflow/example_dags/example_skip_dag.py
[2023-03-28T02:38:18.320+0000] {processor.py:743} INFO - Processing file /home/airflow/.local/lib/python3.7/site-packages/airflow/example_dags/example_skip_dag.py for tasks to queue
[2023-03-28T02:38:18.320+0000] {logging_mixin.py:137} INFO - [2023-03-28T02:38:18.320+0000] {dagbag.py:532} INFO - Filling up the DagBag from /home/airflow/.local/lib/python3.7/site-packages/airflow/example_dags/example_skip_dag.py
[2023-03-28T02:38:18.333+0000] {processor.py:753} INFO - DAG(s) dict_keys(['example_skip_dag']) retrieved from /home/airflow/.local/lib/python3.7/site-packages/airflow/example_dags/example_skip_dag.py
[2023-03-28T02:38:18.359+0000] {logging_mixin.py:137} INFO - [2023-03-28T02:38:18.359+0000] {dag.py:2693} INFO - Sync 1 DAGs
[2023-03-28T02:38:18.385+0000] {logging_mixin.py:137} INFO - [2023-03-28T02:38:18.385+0000] {dag.py:3444} INFO - Setting next_dagrun for example_skip_dag to 2023-03-27T02:38:18.385552+00:00, run_after=2023-03-28T02:38:18.385552+00:00
[2023-03-28T02:38:18.404+0000] {processor.py:175} INFO - Processing /home/airflow/.local/lib/python3.7/site-packages/airflow/example_dags/example_skip_dag.py took 0.088 seconds
[2023-03-28T02:38:48.709+0000] {processor.py:153} INFO - Started process (PID=1334) to work on /home/airflow/.local/lib/python3.7/site-packages/airflow/example_dags/example_skip_dag.py
[2023-03-28T02:38:48.711+0000] {processor.py:743} INFO - Processing file /home/airflow/.local/lib/python3.7/site-packages/airflow/example_dags/example_skip_dag.py for tasks to queue
[2023-03-28T02:38:48.712+0000] {logging_mixin.py:137} INFO - [2023-03-28T02:38:48.712+0000] {dagbag.py:532} INFO - Filling up the DagBag from /home/airflow/.local/lib/python3.7/site-packages/airflow/example_dags/example_skip_dag.py
[2023-03-28T02:38:48.723+0000] {processor.py:753} INFO - DAG(s) dict_keys(['example_skip_dag']) retrieved from /home/airflow/.local/lib/python3.7/site-packages/airflow/example_dags/example_skip_dag.py
[2023-03-28T02:38:48.745+0000] {logging_mixin.py:137} INFO - [2023-03-28T02:38:48.745+0000] {dag.py:2693} INFO - Sync 1 DAGs
[2023-03-28T02:38:48.766+0000] {logging_mixin.py:137} INFO - [2023-03-28T02:38:48.766+0000] {dag.py:3444} INFO - Setting next_dagrun for example_skip_dag to 2023-03-27T02:38:48.766411+00:00, run_after=2023-03-28T02:38:48.766411+00:00
[2023-03-28T02:38:48.778+0000] {processor.py:175} INFO - Processing /home/airflow/.local/lib/python3.7/site-packages/airflow/example_dags/example_skip_dag.py took 0.072 seconds
[2023-03-28T02:39:19.140+0000] {processor.py:153} INFO - Started process (PID=1383) to work on /home/airflow/.local/lib/python3.7/site-packages/airflow/example_dags/example_skip_dag.py
[2023-03-28T02:39:19.142+0000] {processor.py:743} INFO - Processing file /home/airflow/.local/lib/python3.7/site-packages/airflow/example_dags/example_skip_dag.py for tasks to queue
[2023-03-28T02:39:19.143+0000] {logging_mixin.py:137} INFO - [2023-03-28T02:39:19.142+0000] {dagbag.py:532} INFO - Filling up the DagBag from /home/airflow/.local/lib/python3.7/site-packages/airflow/example_dags/example_skip_dag.py
[2023-03-28T02:39:19.152+0000] {processor.py:753} INFO - DAG(s) dict_keys(['example_skip_dag']) retrieved from /home/airflow/.local/lib/python3.7/site-packages/airflow/example_dags/example_skip_dag.py
[2023-03-28T02:39:19.171+0000] {logging_mixin.py:137} INFO - [2023-03-28T02:39:19.171+0000] {dag.py:2693} INFO - Sync 1 DAGs
[2023-03-28T02:39:19.196+0000] {logging_mixin.py:137} INFO - [2023-03-28T02:39:19.196+0000] {dag.py:3444} INFO - Setting next_dagrun for example_skip_dag to 2023-03-27T02:39:19.195933+00:00, run_after=2023-03-28T02:39:19.195933+00:00
[2023-03-28T02:39:19.207+0000] {processor.py:175} INFO - Processing /home/airflow/.local/lib/python3.7/site-packages/airflow/example_dags/example_skip_dag.py took 0.070 seconds
[2023-03-28T02:39:49.591+0000] {processor.py:153} INFO - Started process (PID=1432) to work on /home/airflow/.local/lib/python3.7/site-packages/airflow/example_dags/example_skip_dag.py
[2023-03-28T02:39:49.593+0000] {processor.py:743} INFO - Processing file /home/airflow/.local/lib/python3.7/site-packages/airflow/example_dags/example_skip_dag.py for tasks to queue
[2023-03-28T02:39:49.594+0000] {logging_mixin.py:137} INFO - [2023-03-28T02:39:49.594+0000] {dagbag.py:532} INFO - Filling up the DagBag from /home/airflow/.local/lib/python3.7/site-packages/airflow/example_dags/example_skip_dag.py
[2023-03-28T02:39:49.603+0000] {processor.py:753} INFO - DAG(s) dict_keys(['example_skip_dag']) retrieved from /home/airflow/.local/lib/python3.7/site-packages/airflow/example_dags/example_skip_dag.py
[2023-03-28T02:39:49.622+0000] {logging_mixin.py:137} INFO - [2023-03-28T02:39:49.622+0000] {dag.py:2693} INFO - Sync 1 DAGs
[2023-03-28T02:39:49.644+0000] {logging_mixin.py:137} INFO - [2023-03-28T02:39:49.644+0000] {dag.py:3444} INFO - Setting next_dagrun for example_skip_dag to 2023-03-27T02:39:49.644486+00:00, run_after=2023-03-28T02:39:49.644486+00:00
[2023-03-28T02:39:49.666+0000] {processor.py:175} INFO - Processing /home/airflow/.local/lib/python3.7/site-packages/airflow/example_dags/example_skip_dag.py took 0.078 seconds
[2023-03-28T02:40:20.237+0000] {processor.py:153} INFO - Started process (PID=1481) to work on /home/airflow/.local/lib/python3.7/site-packages/airflow/example_dags/example_skip_dag.py
[2023-03-28T02:40:20.239+0000] {processor.py:743} INFO - Processing file /home/airflow/.local/lib/python3.7/site-packages/airflow/example_dags/example_skip_dag.py for tasks to queue
[2023-03-28T02:40:20.241+0000] {logging_mixin.py:137} INFO - [2023-03-28T02:40:20.241+0000] {dagbag.py:532} INFO - Filling up the DagBag from /home/airflow/.local/lib/python3.7/site-packages/airflow/example_dags/example_skip_dag.py
[2023-03-28T02:40:20.251+0000] {processor.py:753} INFO - DAG(s) dict_keys(['example_skip_dag']) retrieved from /home/airflow/.local/lib/python3.7/site-packages/airflow/example_dags/example_skip_dag.py
[2023-03-28T02:40:20.269+0000] {logging_mixin.py:137} INFO - [2023-03-28T02:40:20.268+0000] {dag.py:2693} INFO - Sync 1 DAGs
[2023-03-28T02:40:20.286+0000] {logging_mixin.py:137} INFO - [2023-03-28T02:40:20.286+0000] {dag.py:3444} INFO - Setting next_dagrun for example_skip_dag to 2023-03-27T02:40:20.286676+00:00, run_after=2023-03-28T02:40:20.286676+00:00
[2023-03-28T02:40:20.299+0000] {processor.py:175} INFO - Processing /home/airflow/.local/lib/python3.7/site-packages/airflow/example_dags/example_skip_dag.py took 0.064 seconds
[2023-03-28T02:40:50.975+0000] {processor.py:153} INFO - Started process (PID=1530) to work on /home/airflow/.local/lib/python3.7/site-packages/airflow/example_dags/example_skip_dag.py
[2023-03-28T02:40:50.977+0000] {processor.py:743} INFO - Processing file /home/airflow/.local/lib/python3.7/site-packages/airflow/example_dags/example_skip_dag.py for tasks to queue
[2023-03-28T02:40:50.978+0000] {logging_mixin.py:137} INFO - [2023-03-28T02:40:50.978+0000] {dagbag.py:532} INFO - Filling up the DagBag from /home/airflow/.local/lib/python3.7/site-packages/airflow/example_dags/example_skip_dag.py
[2023-03-28T02:40:50.987+0000] {processor.py:753} INFO - DAG(s) dict_keys(['example_skip_dag']) retrieved from /home/airflow/.local/lib/python3.7/site-packages/airflow/example_dags/example_skip_dag.py
[2023-03-28T02:40:51.005+0000] {logging_mixin.py:137} INFO - [2023-03-28T02:40:51.005+0000] {dag.py:2693} INFO - Sync 1 DAGs
[2023-03-28T02:40:51.027+0000] {logging_mixin.py:137} INFO - [2023-03-28T02:40:51.027+0000] {dag.py:3444} INFO - Setting next_dagrun for example_skip_dag to 2023-03-27T02:40:51.027020+00:00, run_after=2023-03-28T02:40:51.027020+00:00
[2023-03-28T02:40:51.039+0000] {processor.py:175} INFO - Processing /home/airflow/.local/lib/python3.7/site-packages/airflow/example_dags/example_skip_dag.py took 0.067 seconds
