[2023-03-28T02:25:32.101+0000] {processor.py:153} INFO - Started process (PID=53) to work on /home/airflow/.local/lib/python3.7/site-packages/airflow/example_dags/example_latest_only_with_trigger.py
[2023-03-28T02:25:32.112+0000] {processor.py:743} INFO - Processing file /home/airflow/.local/lib/python3.7/site-packages/airflow/example_dags/example_latest_only_with_trigger.py for tasks to queue
[2023-03-28T02:25:32.118+0000] {logging_mixin.py:137} INFO - [2023-03-28T02:25:32.118+0000] {dagbag.py:532} INFO - Filling up the DagBag from /home/airflow/.local/lib/python3.7/site-packages/airflow/example_dags/example_latest_only_with_trigger.py
[2023-03-28T02:25:32.156+0000] {processor.py:753} INFO - DAG(s) dict_keys(['latest_only_with_trigger']) retrieved from /home/airflow/.local/lib/python3.7/site-packages/airflow/example_dags/example_latest_only_with_trigger.py
[2023-03-28T02:25:32.177+0000] {logging_mixin.py:137} INFO - [2023-03-28T02:25:32.177+0000] {dag.py:2693} INFO - Sync 1 DAGs
[2023-03-28T02:25:32.219+0000] {logging_mixin.py:137} INFO - [2023-03-28T02:25:32.219+0000] {dag.py:3444} INFO - Setting next_dagrun for latest_only_with_trigger to 2023-03-27T22:25:32.218459+00:00, run_after=2023-03-28T02:25:32.218459+00:00
[2023-03-28T02:25:32.307+0000] {processor.py:175} INFO - Processing /home/airflow/.local/lib/python3.7/site-packages/airflow/example_dags/example_latest_only_with_trigger.py took 0.218 seconds
[2023-03-28T02:26:02.948+0000] {processor.py:153} INFO - Started process (PID=102) to work on /home/airflow/.local/lib/python3.7/site-packages/airflow/example_dags/example_latest_only_with_trigger.py
[2023-03-28T02:26:02.950+0000] {processor.py:743} INFO - Processing file /home/airflow/.local/lib/python3.7/site-packages/airflow/example_dags/example_latest_only_with_trigger.py for tasks to queue
[2023-03-28T02:26:02.951+0000] {logging_mixin.py:137} INFO - [2023-03-28T02:26:02.951+0000] {dagbag.py:532} INFO - Filling up the DagBag from /home/airflow/.local/lib/python3.7/site-packages/airflow/example_dags/example_latest_only_with_trigger.py
[2023-03-28T02:26:02.963+0000] {processor.py:753} INFO - DAG(s) dict_keys(['latest_only_with_trigger']) retrieved from /home/airflow/.local/lib/python3.7/site-packages/airflow/example_dags/example_latest_only_with_trigger.py
[2023-03-28T02:26:02.981+0000] {logging_mixin.py:137} INFO - [2023-03-28T02:26:02.981+0000] {dag.py:2693} INFO - Sync 1 DAGs
[2023-03-28T02:26:03.000+0000] {logging_mixin.py:137} INFO - [2023-03-28T02:26:02.999+0000] {dag.py:3444} INFO - Setting next_dagrun for latest_only_with_trigger to 2023-03-27T22:26:02.999752+00:00, run_after=2023-03-28T02:26:02.999752+00:00
[2023-03-28T02:26:03.012+0000] {processor.py:175} INFO - Processing /home/airflow/.local/lib/python3.7/site-packages/airflow/example_dags/example_latest_only_with_trigger.py took 0.066 seconds
[2023-03-28T02:26:33.475+0000] {processor.py:153} INFO - Started process (PID=151) to work on /home/airflow/.local/lib/python3.7/site-packages/airflow/example_dags/example_latest_only_with_trigger.py
[2023-03-28T02:26:33.477+0000] {processor.py:743} INFO - Processing file /home/airflow/.local/lib/python3.7/site-packages/airflow/example_dags/example_latest_only_with_trigger.py for tasks to queue
[2023-03-28T02:26:33.478+0000] {logging_mixin.py:137} INFO - [2023-03-28T02:26:33.478+0000] {dagbag.py:532} INFO - Filling up the DagBag from /home/airflow/.local/lib/python3.7/site-packages/airflow/example_dags/example_latest_only_with_trigger.py
[2023-03-28T02:26:33.488+0000] {processor.py:753} INFO - DAG(s) dict_keys(['latest_only_with_trigger']) retrieved from /home/airflow/.local/lib/python3.7/site-packages/airflow/example_dags/example_latest_only_with_trigger.py
[2023-03-28T02:26:33.522+0000] {logging_mixin.py:137} INFO - [2023-03-28T02:26:33.522+0000] {dag.py:2693} INFO - Sync 1 DAGs
[2023-03-28T02:26:33.545+0000] {logging_mixin.py:137} INFO - [2023-03-28T02:26:33.545+0000] {dag.py:3444} INFO - Setting next_dagrun for latest_only_with_trigger to 2023-03-27T22:26:33.545358+00:00, run_after=2023-03-28T02:26:33.545358+00:00
[2023-03-28T02:26:33.563+0000] {processor.py:175} INFO - Processing /home/airflow/.local/lib/python3.7/site-packages/airflow/example_dags/example_latest_only_with_trigger.py took 0.091 seconds
[2023-03-28T02:27:04.519+0000] {processor.py:153} INFO - Started process (PID=200) to work on /home/airflow/.local/lib/python3.7/site-packages/airflow/example_dags/example_latest_only_with_trigger.py
[2023-03-28T02:27:04.520+0000] {processor.py:743} INFO - Processing file /home/airflow/.local/lib/python3.7/site-packages/airflow/example_dags/example_latest_only_with_trigger.py for tasks to queue
[2023-03-28T02:27:04.522+0000] {logging_mixin.py:137} INFO - [2023-03-28T02:27:04.521+0000] {dagbag.py:532} INFO - Filling up the DagBag from /home/airflow/.local/lib/python3.7/site-packages/airflow/example_dags/example_latest_only_with_trigger.py
[2023-03-28T02:27:04.532+0000] {processor.py:753} INFO - DAG(s) dict_keys(['latest_only_with_trigger']) retrieved from /home/airflow/.local/lib/python3.7/site-packages/airflow/example_dags/example_latest_only_with_trigger.py
[2023-03-28T02:27:04.562+0000] {logging_mixin.py:137} INFO - [2023-03-28T02:27:04.562+0000] {dag.py:2693} INFO - Sync 1 DAGs
[2023-03-28T02:27:04.584+0000] {logging_mixin.py:137} INFO - [2023-03-28T02:27:04.584+0000] {dag.py:3444} INFO - Setting next_dagrun for latest_only_with_trigger to 2023-03-27T22:27:04.584244+00:00, run_after=2023-03-28T02:27:04.584244+00:00
[2023-03-28T02:27:04.599+0000] {processor.py:175} INFO - Processing /home/airflow/.local/lib/python3.7/site-packages/airflow/example_dags/example_latest_only_with_trigger.py took 0.083 seconds
[2023-03-28T02:27:35.212+0000] {processor.py:153} INFO - Started process (PID=249) to work on /home/airflow/.local/lib/python3.7/site-packages/airflow/example_dags/example_latest_only_with_trigger.py
[2023-03-28T02:27:35.214+0000] {processor.py:743} INFO - Processing file /home/airflow/.local/lib/python3.7/site-packages/airflow/example_dags/example_latest_only_with_trigger.py for tasks to queue
[2023-03-28T02:27:35.215+0000] {logging_mixin.py:137} INFO - [2023-03-28T02:27:35.215+0000] {dagbag.py:532} INFO - Filling up the DagBag from /home/airflow/.local/lib/python3.7/site-packages/airflow/example_dags/example_latest_only_with_trigger.py
[2023-03-28T02:27:35.227+0000] {processor.py:753} INFO - DAG(s) dict_keys(['latest_only_with_trigger']) retrieved from /home/airflow/.local/lib/python3.7/site-packages/airflow/example_dags/example_latest_only_with_trigger.py
[2023-03-28T02:27:35.247+0000] {logging_mixin.py:137} INFO - [2023-03-28T02:27:35.247+0000] {dag.py:2693} INFO - Sync 1 DAGs
[2023-03-28T02:27:35.263+0000] {logging_mixin.py:137} INFO - [2023-03-28T02:27:35.263+0000] {dag.py:3444} INFO - Setting next_dagrun for latest_only_with_trigger to 2023-03-27T22:27:35.263479+00:00, run_after=2023-03-28T02:27:35.263479+00:00
[2023-03-28T02:27:35.276+0000] {processor.py:175} INFO - Processing /home/airflow/.local/lib/python3.7/site-packages/airflow/example_dags/example_latest_only_with_trigger.py took 0.067 seconds
[2023-03-28T02:28:05.654+0000] {processor.py:153} INFO - Started process (PID=298) to work on /home/airflow/.local/lib/python3.7/site-packages/airflow/example_dags/example_latest_only_with_trigger.py
[2023-03-28T02:28:05.656+0000] {processor.py:743} INFO - Processing file /home/airflow/.local/lib/python3.7/site-packages/airflow/example_dags/example_latest_only_with_trigger.py for tasks to queue
[2023-03-28T02:28:05.657+0000] {logging_mixin.py:137} INFO - [2023-03-28T02:28:05.657+0000] {dagbag.py:532} INFO - Filling up the DagBag from /home/airflow/.local/lib/python3.7/site-packages/airflow/example_dags/example_latest_only_with_trigger.py
[2023-03-28T02:28:05.667+0000] {processor.py:753} INFO - DAG(s) dict_keys(['latest_only_with_trigger']) retrieved from /home/airflow/.local/lib/python3.7/site-packages/airflow/example_dags/example_latest_only_with_trigger.py
[2023-03-28T02:28:05.685+0000] {logging_mixin.py:137} INFO - [2023-03-28T02:28:05.685+0000] {dag.py:2693} INFO - Sync 1 DAGs
[2023-03-28T02:28:05.702+0000] {logging_mixin.py:137} INFO - [2023-03-28T02:28:05.702+0000] {dag.py:3444} INFO - Setting next_dagrun for latest_only_with_trigger to 2023-03-27T22:28:05.702066+00:00, run_after=2023-03-28T02:28:05.702066+00:00
[2023-03-28T02:28:05.715+0000] {processor.py:175} INFO - Processing /home/airflow/.local/lib/python3.7/site-packages/airflow/example_dags/example_latest_only_with_trigger.py took 0.063 seconds
[2023-03-28T02:28:36.561+0000] {processor.py:153} INFO - Started process (PID=347) to work on /home/airflow/.local/lib/python3.7/site-packages/airflow/example_dags/example_latest_only_with_trigger.py
[2023-03-28T02:28:36.563+0000] {processor.py:743} INFO - Processing file /home/airflow/.local/lib/python3.7/site-packages/airflow/example_dags/example_latest_only_with_trigger.py for tasks to queue
[2023-03-28T02:28:36.564+0000] {logging_mixin.py:137} INFO - [2023-03-28T02:28:36.564+0000] {dagbag.py:532} INFO - Filling up the DagBag from /home/airflow/.local/lib/python3.7/site-packages/airflow/example_dags/example_latest_only_with_trigger.py
[2023-03-28T02:28:36.575+0000] {processor.py:753} INFO - DAG(s) dict_keys(['latest_only_with_trigger']) retrieved from /home/airflow/.local/lib/python3.7/site-packages/airflow/example_dags/example_latest_only_with_trigger.py
[2023-03-28T02:28:36.595+0000] {logging_mixin.py:137} INFO - [2023-03-28T02:28:36.595+0000] {dag.py:2693} INFO - Sync 1 DAGs
[2023-03-28T02:28:36.613+0000] {logging_mixin.py:137} INFO - [2023-03-28T02:28:36.613+0000] {dag.py:3444} INFO - Setting next_dagrun for latest_only_with_trigger to 2023-03-27T22:28:36.612852+00:00, run_after=2023-03-28T02:28:36.612852+00:00
[2023-03-28T02:28:36.626+0000] {processor.py:175} INFO - Processing /home/airflow/.local/lib/python3.7/site-packages/airflow/example_dags/example_latest_only_with_trigger.py took 0.067 seconds
[2023-03-28T02:29:07.271+0000] {processor.py:153} INFO - Started process (PID=396) to work on /home/airflow/.local/lib/python3.7/site-packages/airflow/example_dags/example_latest_only_with_trigger.py
[2023-03-28T02:29:07.275+0000] {processor.py:743} INFO - Processing file /home/airflow/.local/lib/python3.7/site-packages/airflow/example_dags/example_latest_only_with_trigger.py for tasks to queue
[2023-03-28T02:29:07.278+0000] {logging_mixin.py:137} INFO - [2023-03-28T02:29:07.278+0000] {dagbag.py:532} INFO - Filling up the DagBag from /home/airflow/.local/lib/python3.7/site-packages/airflow/example_dags/example_latest_only_with_trigger.py
[2023-03-28T02:29:07.290+0000] {processor.py:753} INFO - DAG(s) dict_keys(['latest_only_with_trigger']) retrieved from /home/airflow/.local/lib/python3.7/site-packages/airflow/example_dags/example_latest_only_with_trigger.py
[2023-03-28T02:29:07.323+0000] {logging_mixin.py:137} INFO - [2023-03-28T02:29:07.323+0000] {dag.py:2693} INFO - Sync 1 DAGs
[2023-03-28T02:29:07.344+0000] {logging_mixin.py:137} INFO - [2023-03-28T02:29:07.344+0000] {dag.py:3444} INFO - Setting next_dagrun for latest_only_with_trigger to 2023-03-27T22:29:07.344066+00:00, run_after=2023-03-28T02:29:07.344066+00:00
[2023-03-28T02:29:07.357+0000] {processor.py:175} INFO - Processing /home/airflow/.local/lib/python3.7/site-packages/airflow/example_dags/example_latest_only_with_trigger.py took 0.089 seconds
[2023-03-28T02:29:37.913+0000] {processor.py:153} INFO - Started process (PID=445) to work on /home/airflow/.local/lib/python3.7/site-packages/airflow/example_dags/example_latest_only_with_trigger.py
[2023-03-28T02:29:37.915+0000] {processor.py:743} INFO - Processing file /home/airflow/.local/lib/python3.7/site-packages/airflow/example_dags/example_latest_only_with_trigger.py for tasks to queue
[2023-03-28T02:29:37.916+0000] {logging_mixin.py:137} INFO - [2023-03-28T02:29:37.916+0000] {dagbag.py:532} INFO - Filling up the DagBag from /home/airflow/.local/lib/python3.7/site-packages/airflow/example_dags/example_latest_only_with_trigger.py
[2023-03-28T02:29:37.925+0000] {processor.py:753} INFO - DAG(s) dict_keys(['latest_only_with_trigger']) retrieved from /home/airflow/.local/lib/python3.7/site-packages/airflow/example_dags/example_latest_only_with_trigger.py
[2023-03-28T02:29:37.944+0000] {logging_mixin.py:137} INFO - [2023-03-28T02:29:37.944+0000] {dag.py:2693} INFO - Sync 1 DAGs
[2023-03-28T02:29:37.961+0000] {logging_mixin.py:137} INFO - [2023-03-28T02:29:37.961+0000] {dag.py:3444} INFO - Setting next_dagrun for latest_only_with_trigger to 2023-03-27T22:29:37.961643+00:00, run_after=2023-03-28T02:29:37.961643+00:00
[2023-03-28T02:29:37.975+0000] {processor.py:175} INFO - Processing /home/airflow/.local/lib/python3.7/site-packages/airflow/example_dags/example_latest_only_with_trigger.py took 0.064 seconds
[2023-03-28T02:30:08.676+0000] {processor.py:153} INFO - Started process (PID=494) to work on /home/airflow/.local/lib/python3.7/site-packages/airflow/example_dags/example_latest_only_with_trigger.py
[2023-03-28T02:30:08.678+0000] {processor.py:743} INFO - Processing file /home/airflow/.local/lib/python3.7/site-packages/airflow/example_dags/example_latest_only_with_trigger.py for tasks to queue
[2023-03-28T02:30:08.679+0000] {logging_mixin.py:137} INFO - [2023-03-28T02:30:08.679+0000] {dagbag.py:532} INFO - Filling up the DagBag from /home/airflow/.local/lib/python3.7/site-packages/airflow/example_dags/example_latest_only_with_trigger.py
[2023-03-28T02:30:08.691+0000] {processor.py:753} INFO - DAG(s) dict_keys(['latest_only_with_trigger']) retrieved from /home/airflow/.local/lib/python3.7/site-packages/airflow/example_dags/example_latest_only_with_trigger.py
[2023-03-28T02:30:08.711+0000] {logging_mixin.py:137} INFO - [2023-03-28T02:30:08.711+0000] {dag.py:2693} INFO - Sync 1 DAGs
[2023-03-28T02:30:08.730+0000] {logging_mixin.py:137} INFO - [2023-03-28T02:30:08.730+0000] {dag.py:3444} INFO - Setting next_dagrun for latest_only_with_trigger to 2023-03-27T22:30:08.730295+00:00, run_after=2023-03-28T02:30:08.730295+00:00
[2023-03-28T02:30:08.744+0000] {processor.py:175} INFO - Processing /home/airflow/.local/lib/python3.7/site-packages/airflow/example_dags/example_latest_only_with_trigger.py took 0.070 seconds
[2023-03-28T02:30:39.290+0000] {processor.py:153} INFO - Started process (PID=543) to work on /home/airflow/.local/lib/python3.7/site-packages/airflow/example_dags/example_latest_only_with_trigger.py
[2023-03-28T02:30:39.291+0000] {processor.py:743} INFO - Processing file /home/airflow/.local/lib/python3.7/site-packages/airflow/example_dags/example_latest_only_with_trigger.py for tasks to queue
[2023-03-28T02:30:39.293+0000] {logging_mixin.py:137} INFO - [2023-03-28T02:30:39.293+0000] {dagbag.py:532} INFO - Filling up the DagBag from /home/airflow/.local/lib/python3.7/site-packages/airflow/example_dags/example_latest_only_with_trigger.py
[2023-03-28T02:30:39.310+0000] {processor.py:753} INFO - DAG(s) dict_keys(['latest_only_with_trigger']) retrieved from /home/airflow/.local/lib/python3.7/site-packages/airflow/example_dags/example_latest_only_with_trigger.py
[2023-03-28T02:30:39.329+0000] {logging_mixin.py:137} INFO - [2023-03-28T02:30:39.329+0000] {dag.py:2693} INFO - Sync 1 DAGs
[2023-03-28T02:30:39.348+0000] {logging_mixin.py:137} INFO - [2023-03-28T02:30:39.347+0000] {dag.py:3444} INFO - Setting next_dagrun for latest_only_with_trigger to 2023-03-27T22:30:39.347733+00:00, run_after=2023-03-28T02:30:39.347733+00:00
[2023-03-28T02:30:39.360+0000] {processor.py:175} INFO - Processing /home/airflow/.local/lib/python3.7/site-packages/airflow/example_dags/example_latest_only_with_trigger.py took 0.072 seconds
[2023-03-28T02:31:09.980+0000] {processor.py:153} INFO - Started process (PID=592) to work on /home/airflow/.local/lib/python3.7/site-packages/airflow/example_dags/example_latest_only_with_trigger.py
[2023-03-28T02:31:09.982+0000] {processor.py:743} INFO - Processing file /home/airflow/.local/lib/python3.7/site-packages/airflow/example_dags/example_latest_only_with_trigger.py for tasks to queue
[2023-03-28T02:31:09.983+0000] {logging_mixin.py:137} INFO - [2023-03-28T02:31:09.983+0000] {dagbag.py:532} INFO - Filling up the DagBag from /home/airflow/.local/lib/python3.7/site-packages/airflow/example_dags/example_latest_only_with_trigger.py
[2023-03-28T02:31:09.995+0000] {processor.py:753} INFO - DAG(s) dict_keys(['latest_only_with_trigger']) retrieved from /home/airflow/.local/lib/python3.7/site-packages/airflow/example_dags/example_latest_only_with_trigger.py
[2023-03-28T02:31:10.014+0000] {logging_mixin.py:137} INFO - [2023-03-28T02:31:10.014+0000] {dag.py:2693} INFO - Sync 1 DAGs
[2023-03-28T02:31:10.039+0000] {logging_mixin.py:137} INFO - [2023-03-28T02:31:10.039+0000] {dag.py:3444} INFO - Setting next_dagrun for latest_only_with_trigger to 2023-03-27T22:31:10.039215+00:00, run_after=2023-03-28T02:31:10.039215+00:00
[2023-03-28T02:31:10.053+0000] {processor.py:175} INFO - Processing /home/airflow/.local/lib/python3.7/site-packages/airflow/example_dags/example_latest_only_with_trigger.py took 0.075 seconds
[2023-03-28T02:31:40.725+0000] {processor.py:153} INFO - Started process (PID=642) to work on /home/airflow/.local/lib/python3.7/site-packages/airflow/example_dags/example_latest_only_with_trigger.py
[2023-03-28T02:31:40.727+0000] {processor.py:743} INFO - Processing file /home/airflow/.local/lib/python3.7/site-packages/airflow/example_dags/example_latest_only_with_trigger.py for tasks to queue
[2023-03-28T02:31:40.728+0000] {logging_mixin.py:137} INFO - [2023-03-28T02:31:40.728+0000] {dagbag.py:532} INFO - Filling up the DagBag from /home/airflow/.local/lib/python3.7/site-packages/airflow/example_dags/example_latest_only_with_trigger.py
[2023-03-28T02:31:40.740+0000] {processor.py:753} INFO - DAG(s) dict_keys(['latest_only_with_trigger']) retrieved from /home/airflow/.local/lib/python3.7/site-packages/airflow/example_dags/example_latest_only_with_trigger.py
[2023-03-28T02:31:40.762+0000] {logging_mixin.py:137} INFO - [2023-03-28T02:31:40.762+0000] {dag.py:2693} INFO - Sync 1 DAGs
[2023-03-28T02:31:40.792+0000] {logging_mixin.py:137} INFO - [2023-03-28T02:31:40.792+0000] {dag.py:3444} INFO - Setting next_dagrun for latest_only_with_trigger to 2023-03-27T22:31:40.792230+00:00, run_after=2023-03-28T02:31:40.792230+00:00
[2023-03-28T02:31:40.811+0000] {processor.py:175} INFO - Processing /home/airflow/.local/lib/python3.7/site-packages/airflow/example_dags/example_latest_only_with_trigger.py took 0.088 seconds
[2023-03-28T02:32:11.563+0000] {processor.py:153} INFO - Started process (PID=691) to work on /home/airflow/.local/lib/python3.7/site-packages/airflow/example_dags/example_latest_only_with_trigger.py
[2023-03-28T02:32:11.564+0000] {processor.py:743} INFO - Processing file /home/airflow/.local/lib/python3.7/site-packages/airflow/example_dags/example_latest_only_with_trigger.py for tasks to queue
[2023-03-28T02:32:11.565+0000] {logging_mixin.py:137} INFO - [2023-03-28T02:32:11.565+0000] {dagbag.py:532} INFO - Filling up the DagBag from /home/airflow/.local/lib/python3.7/site-packages/airflow/example_dags/example_latest_only_with_trigger.py
[2023-03-28T02:32:11.575+0000] {processor.py:753} INFO - DAG(s) dict_keys(['latest_only_with_trigger']) retrieved from /home/airflow/.local/lib/python3.7/site-packages/airflow/example_dags/example_latest_only_with_trigger.py
[2023-03-28T02:32:11.601+0000] {logging_mixin.py:137} INFO - [2023-03-28T02:32:11.601+0000] {dag.py:2693} INFO - Sync 1 DAGs
[2023-03-28T02:32:11.618+0000] {logging_mixin.py:137} INFO - [2023-03-28T02:32:11.618+0000] {dag.py:3444} INFO - Setting next_dagrun for latest_only_with_trigger to 2023-03-27T22:32:11.618626+00:00, run_after=2023-03-28T02:32:11.618626+00:00
[2023-03-28T02:32:11.631+0000] {processor.py:175} INFO - Processing /home/airflow/.local/lib/python3.7/site-packages/airflow/example_dags/example_latest_only_with_trigger.py took 0.071 seconds
[2023-03-28T02:32:42.261+0000] {processor.py:153} INFO - Started process (PID=740) to work on /home/airflow/.local/lib/python3.7/site-packages/airflow/example_dags/example_latest_only_with_trigger.py
[2023-03-28T02:32:42.263+0000] {processor.py:743} INFO - Processing file /home/airflow/.local/lib/python3.7/site-packages/airflow/example_dags/example_latest_only_with_trigger.py for tasks to queue
[2023-03-28T02:32:42.265+0000] {logging_mixin.py:137} INFO - [2023-03-28T02:32:42.265+0000] {dagbag.py:532} INFO - Filling up the DagBag from /home/airflow/.local/lib/python3.7/site-packages/airflow/example_dags/example_latest_only_with_trigger.py
[2023-03-28T02:32:42.276+0000] {processor.py:753} INFO - DAG(s) dict_keys(['latest_only_with_trigger']) retrieved from /home/airflow/.local/lib/python3.7/site-packages/airflow/example_dags/example_latest_only_with_trigger.py
[2023-03-28T02:32:42.296+0000] {logging_mixin.py:137} INFO - [2023-03-28T02:32:42.296+0000] {dag.py:2693} INFO - Sync 1 DAGs
[2023-03-28T02:32:42.314+0000] {logging_mixin.py:137} INFO - [2023-03-28T02:32:42.314+0000] {dag.py:3444} INFO - Setting next_dagrun for latest_only_with_trigger to 2023-03-27T22:32:42.313946+00:00, run_after=2023-03-28T02:32:42.313946+00:00
[2023-03-28T02:32:42.326+0000] {processor.py:175} INFO - Processing /home/airflow/.local/lib/python3.7/site-packages/airflow/example_dags/example_latest_only_with_trigger.py took 0.068 seconds
[2023-03-28T02:33:13.199+0000] {processor.py:153} INFO - Started process (PID=789) to work on /home/airflow/.local/lib/python3.7/site-packages/airflow/example_dags/example_latest_only_with_trigger.py
[2023-03-28T02:33:13.200+0000] {processor.py:743} INFO - Processing file /home/airflow/.local/lib/python3.7/site-packages/airflow/example_dags/example_latest_only_with_trigger.py for tasks to queue
[2023-03-28T02:33:13.202+0000] {logging_mixin.py:137} INFO - [2023-03-28T02:33:13.201+0000] {dagbag.py:532} INFO - Filling up the DagBag from /home/airflow/.local/lib/python3.7/site-packages/airflow/example_dags/example_latest_only_with_trigger.py
[2023-03-28T02:33:13.212+0000] {processor.py:753} INFO - DAG(s) dict_keys(['latest_only_with_trigger']) retrieved from /home/airflow/.local/lib/python3.7/site-packages/airflow/example_dags/example_latest_only_with_trigger.py
[2023-03-28T02:33:13.231+0000] {logging_mixin.py:137} INFO - [2023-03-28T02:33:13.231+0000] {dag.py:2693} INFO - Sync 1 DAGs
[2023-03-28T02:33:13.249+0000] {logging_mixin.py:137} INFO - [2023-03-28T02:33:13.249+0000] {dag.py:3444} INFO - Setting next_dagrun for latest_only_with_trigger to 2023-03-27T22:33:13.249208+00:00, run_after=2023-03-28T02:33:13.249208+00:00
[2023-03-28T02:33:13.261+0000] {processor.py:175} INFO - Processing /home/airflow/.local/lib/python3.7/site-packages/airflow/example_dags/example_latest_only_with_trigger.py took 0.065 seconds
[2023-03-28T02:33:43.862+0000] {processor.py:153} INFO - Started process (PID=838) to work on /home/airflow/.local/lib/python3.7/site-packages/airflow/example_dags/example_latest_only_with_trigger.py
[2023-03-28T02:33:43.864+0000] {processor.py:743} INFO - Processing file /home/airflow/.local/lib/python3.7/site-packages/airflow/example_dags/example_latest_only_with_trigger.py for tasks to queue
[2023-03-28T02:33:43.865+0000] {logging_mixin.py:137} INFO - [2023-03-28T02:33:43.865+0000] {dagbag.py:532} INFO - Filling up the DagBag from /home/airflow/.local/lib/python3.7/site-packages/airflow/example_dags/example_latest_only_with_trigger.py
[2023-03-28T02:33:43.875+0000] {processor.py:753} INFO - DAG(s) dict_keys(['latest_only_with_trigger']) retrieved from /home/airflow/.local/lib/python3.7/site-packages/airflow/example_dags/example_latest_only_with_trigger.py
[2023-03-28T02:33:43.896+0000] {logging_mixin.py:137} INFO - [2023-03-28T02:33:43.896+0000] {dag.py:2693} INFO - Sync 1 DAGs
[2023-03-28T02:33:43.915+0000] {logging_mixin.py:137} INFO - [2023-03-28T02:33:43.915+0000] {dag.py:3444} INFO - Setting next_dagrun for latest_only_with_trigger to 2023-03-27T22:33:43.915555+00:00, run_after=2023-03-28T02:33:43.915555+00:00
[2023-03-28T02:33:43.929+0000] {processor.py:175} INFO - Processing /home/airflow/.local/lib/python3.7/site-packages/airflow/example_dags/example_latest_only_with_trigger.py took 0.069 seconds
[2023-03-28T02:34:14.325+0000] {processor.py:153} INFO - Started process (PID=887) to work on /home/airflow/.local/lib/python3.7/site-packages/airflow/example_dags/example_latest_only_with_trigger.py
[2023-03-28T02:34:14.327+0000] {processor.py:743} INFO - Processing file /home/airflow/.local/lib/python3.7/site-packages/airflow/example_dags/example_latest_only_with_trigger.py for tasks to queue
[2023-03-28T02:34:14.329+0000] {logging_mixin.py:137} INFO - [2023-03-28T02:34:14.329+0000] {dagbag.py:532} INFO - Filling up the DagBag from /home/airflow/.local/lib/python3.7/site-packages/airflow/example_dags/example_latest_only_with_trigger.py
[2023-03-28T02:34:14.339+0000] {processor.py:753} INFO - DAG(s) dict_keys(['latest_only_with_trigger']) retrieved from /home/airflow/.local/lib/python3.7/site-packages/airflow/example_dags/example_latest_only_with_trigger.py
[2023-03-28T02:34:14.361+0000] {logging_mixin.py:137} INFO - [2023-03-28T02:34:14.361+0000] {dag.py:2693} INFO - Sync 1 DAGs
[2023-03-28T02:34:14.379+0000] {logging_mixin.py:137} INFO - [2023-03-28T02:34:14.379+0000] {dag.py:3444} INFO - Setting next_dagrun for latest_only_with_trigger to 2023-03-27T22:34:14.378930+00:00, run_after=2023-03-28T02:34:14.378930+00:00
[2023-03-28T02:34:14.392+0000] {processor.py:175} INFO - Processing /home/airflow/.local/lib/python3.7/site-packages/airflow/example_dags/example_latest_only_with_trigger.py took 0.069 seconds
[2023-03-28T02:34:44.728+0000] {processor.py:153} INFO - Started process (PID=936) to work on /home/airflow/.local/lib/python3.7/site-packages/airflow/example_dags/example_latest_only_with_trigger.py
[2023-03-28T02:34:44.730+0000] {processor.py:743} INFO - Processing file /home/airflow/.local/lib/python3.7/site-packages/airflow/example_dags/example_latest_only_with_trigger.py for tasks to queue
[2023-03-28T02:34:44.731+0000] {logging_mixin.py:137} INFO - [2023-03-28T02:34:44.730+0000] {dagbag.py:532} INFO - Filling up the DagBag from /home/airflow/.local/lib/python3.7/site-packages/airflow/example_dags/example_latest_only_with_trigger.py
[2023-03-28T02:34:44.740+0000] {processor.py:753} INFO - DAG(s) dict_keys(['latest_only_with_trigger']) retrieved from /home/airflow/.local/lib/python3.7/site-packages/airflow/example_dags/example_latest_only_with_trigger.py
[2023-03-28T02:34:44.758+0000] {logging_mixin.py:137} INFO - [2023-03-28T02:34:44.758+0000] {dag.py:2693} INFO - Sync 1 DAGs
[2023-03-28T02:34:44.775+0000] {logging_mixin.py:137} INFO - [2023-03-28T02:34:44.775+0000] {dag.py:3444} INFO - Setting next_dagrun for latest_only_with_trigger to 2023-03-27T22:34:44.775103+00:00, run_after=2023-03-28T02:34:44.775103+00:00
[2023-03-28T02:34:44.787+0000] {processor.py:175} INFO - Processing /home/airflow/.local/lib/python3.7/site-packages/airflow/example_dags/example_latest_only_with_trigger.py took 0.062 seconds
[2023-03-28T02:35:15.436+0000] {processor.py:153} INFO - Started process (PID=985) to work on /home/airflow/.local/lib/python3.7/site-packages/airflow/example_dags/example_latest_only_with_trigger.py
[2023-03-28T02:35:15.438+0000] {processor.py:743} INFO - Processing file /home/airflow/.local/lib/python3.7/site-packages/airflow/example_dags/example_latest_only_with_trigger.py for tasks to queue
[2023-03-28T02:35:15.439+0000] {logging_mixin.py:137} INFO - [2023-03-28T02:35:15.439+0000] {dagbag.py:532} INFO - Filling up the DagBag from /home/airflow/.local/lib/python3.7/site-packages/airflow/example_dags/example_latest_only_with_trigger.py
[2023-03-28T02:35:15.449+0000] {processor.py:753} INFO - DAG(s) dict_keys(['latest_only_with_trigger']) retrieved from /home/airflow/.local/lib/python3.7/site-packages/airflow/example_dags/example_latest_only_with_trigger.py
[2023-03-28T02:35:15.467+0000] {logging_mixin.py:137} INFO - [2023-03-28T02:35:15.467+0000] {dag.py:2693} INFO - Sync 1 DAGs
[2023-03-28T02:35:15.483+0000] {logging_mixin.py:137} INFO - [2023-03-28T02:35:15.483+0000] {dag.py:3444} INFO - Setting next_dagrun for latest_only_with_trigger to 2023-03-27T22:35:15.483459+00:00, run_after=2023-03-28T02:35:15.483459+00:00
[2023-03-28T02:35:15.496+0000] {processor.py:175} INFO - Processing /home/airflow/.local/lib/python3.7/site-packages/airflow/example_dags/example_latest_only_with_trigger.py took 0.062 seconds
[2023-03-28T02:35:45.853+0000] {processor.py:153} INFO - Started process (PID=1036) to work on /home/airflow/.local/lib/python3.7/site-packages/airflow/example_dags/example_latest_only_with_trigger.py
[2023-03-28T02:35:45.855+0000] {processor.py:743} INFO - Processing file /home/airflow/.local/lib/python3.7/site-packages/airflow/example_dags/example_latest_only_with_trigger.py for tasks to queue
[2023-03-28T02:35:45.856+0000] {logging_mixin.py:137} INFO - [2023-03-28T02:35:45.856+0000] {dagbag.py:532} INFO - Filling up the DagBag from /home/airflow/.local/lib/python3.7/site-packages/airflow/example_dags/example_latest_only_with_trigger.py
[2023-03-28T02:35:45.866+0000] {processor.py:753} INFO - DAG(s) dict_keys(['latest_only_with_trigger']) retrieved from /home/airflow/.local/lib/python3.7/site-packages/airflow/example_dags/example_latest_only_with_trigger.py
[2023-03-28T02:35:45.885+0000] {logging_mixin.py:137} INFO - [2023-03-28T02:35:45.885+0000] {dag.py:2693} INFO - Sync 1 DAGs
[2023-03-28T02:35:45.901+0000] {logging_mixin.py:137} INFO - [2023-03-28T02:35:45.901+0000] {dag.py:3444} INFO - Setting next_dagrun for latest_only_with_trigger to 2023-03-27T22:35:45.901553+00:00, run_after=2023-03-28T02:35:45.901553+00:00
[2023-03-28T02:35:45.915+0000] {processor.py:175} INFO - Processing /home/airflow/.local/lib/python3.7/site-packages/airflow/example_dags/example_latest_only_with_trigger.py took 0.064 seconds
[2023-03-28T02:36:16.181+0000] {processor.py:153} INFO - Started process (PID=1086) to work on /home/airflow/.local/lib/python3.7/site-packages/airflow/example_dags/example_latest_only_with_trigger.py
[2023-03-28T02:36:16.182+0000] {processor.py:743} INFO - Processing file /home/airflow/.local/lib/python3.7/site-packages/airflow/example_dags/example_latest_only_with_trigger.py for tasks to queue
[2023-03-28T02:36:16.183+0000] {logging_mixin.py:137} INFO - [2023-03-28T02:36:16.183+0000] {dagbag.py:532} INFO - Filling up the DagBag from /home/airflow/.local/lib/python3.7/site-packages/airflow/example_dags/example_latest_only_with_trigger.py
[2023-03-28T02:36:16.194+0000] {processor.py:753} INFO - DAG(s) dict_keys(['latest_only_with_trigger']) retrieved from /home/airflow/.local/lib/python3.7/site-packages/airflow/example_dags/example_latest_only_with_trigger.py
[2023-03-28T02:36:16.212+0000] {logging_mixin.py:137} INFO - [2023-03-28T02:36:16.212+0000] {dag.py:2693} INFO - Sync 1 DAGs
[2023-03-28T02:36:16.230+0000] {logging_mixin.py:137} INFO - [2023-03-28T02:36:16.230+0000] {dag.py:3444} INFO - Setting next_dagrun for latest_only_with_trigger to 2023-03-27T22:36:16.230417+00:00, run_after=2023-03-28T02:36:16.230417+00:00
[2023-03-28T02:36:16.245+0000] {processor.py:175} INFO - Processing /home/airflow/.local/lib/python3.7/site-packages/airflow/example_dags/example_latest_only_with_trigger.py took 0.066 seconds
[2023-03-28T02:36:46.670+0000] {processor.py:153} INFO - Started process (PID=1135) to work on /home/airflow/.local/lib/python3.7/site-packages/airflow/example_dags/example_latest_only_with_trigger.py
[2023-03-28T02:36:46.672+0000] {processor.py:743} INFO - Processing file /home/airflow/.local/lib/python3.7/site-packages/airflow/example_dags/example_latest_only_with_trigger.py for tasks to queue
[2023-03-28T02:36:46.673+0000] {logging_mixin.py:137} INFO - [2023-03-28T02:36:46.673+0000] {dagbag.py:532} INFO - Filling up the DagBag from /home/airflow/.local/lib/python3.7/site-packages/airflow/example_dags/example_latest_only_with_trigger.py
[2023-03-28T02:36:46.683+0000] {processor.py:753} INFO - DAG(s) dict_keys(['latest_only_with_trigger']) retrieved from /home/airflow/.local/lib/python3.7/site-packages/airflow/example_dags/example_latest_only_with_trigger.py
[2023-03-28T02:36:46.702+0000] {logging_mixin.py:137} INFO - [2023-03-28T02:36:46.702+0000] {dag.py:2693} INFO - Sync 1 DAGs
[2023-03-28T02:36:46.726+0000] {logging_mixin.py:137} INFO - [2023-03-28T02:36:46.726+0000] {dag.py:3444} INFO - Setting next_dagrun for latest_only_with_trigger to 2023-03-27T22:36:46.726069+00:00, run_after=2023-03-28T02:36:46.726069+00:00
[2023-03-28T02:36:46.740+0000] {processor.py:175} INFO - Processing /home/airflow/.local/lib/python3.7/site-packages/airflow/example_dags/example_latest_only_with_trigger.py took 0.072 seconds
[2023-03-28T02:37:17.103+0000] {processor.py:153} INFO - Started process (PID=1185) to work on /home/airflow/.local/lib/python3.7/site-packages/airflow/example_dags/example_latest_only_with_trigger.py
[2023-03-28T02:37:17.105+0000] {processor.py:743} INFO - Processing file /home/airflow/.local/lib/python3.7/site-packages/airflow/example_dags/example_latest_only_with_trigger.py for tasks to queue
[2023-03-28T02:37:17.106+0000] {logging_mixin.py:137} INFO - [2023-03-28T02:37:17.106+0000] {dagbag.py:532} INFO - Filling up the DagBag from /home/airflow/.local/lib/python3.7/site-packages/airflow/example_dags/example_latest_only_with_trigger.py
[2023-03-28T02:37:17.115+0000] {processor.py:753} INFO - DAG(s) dict_keys(['latest_only_with_trigger']) retrieved from /home/airflow/.local/lib/python3.7/site-packages/airflow/example_dags/example_latest_only_with_trigger.py
[2023-03-28T02:37:17.134+0000] {logging_mixin.py:137} INFO - [2023-03-28T02:37:17.134+0000] {dag.py:2693} INFO - Sync 1 DAGs
[2023-03-28T02:37:17.151+0000] {logging_mixin.py:137} INFO - [2023-03-28T02:37:17.151+0000] {dag.py:3444} INFO - Setting next_dagrun for latest_only_with_trigger to 2023-03-27T22:37:17.151379+00:00, run_after=2023-03-28T02:37:17.151379+00:00
[2023-03-28T02:37:17.163+0000] {processor.py:175} INFO - Processing /home/airflow/.local/lib/python3.7/site-packages/airflow/example_dags/example_latest_only_with_trigger.py took 0.062 seconds
[2023-03-28T02:37:47.653+0000] {processor.py:153} INFO - Started process (PID=1234) to work on /home/airflow/.local/lib/python3.7/site-packages/airflow/example_dags/example_latest_only_with_trigger.py
[2023-03-28T02:37:47.654+0000] {processor.py:743} INFO - Processing file /home/airflow/.local/lib/python3.7/site-packages/airflow/example_dags/example_latest_only_with_trigger.py for tasks to queue
[2023-03-28T02:37:47.656+0000] {logging_mixin.py:137} INFO - [2023-03-28T02:37:47.655+0000] {dagbag.py:532} INFO - Filling up the DagBag from /home/airflow/.local/lib/python3.7/site-packages/airflow/example_dags/example_latest_only_with_trigger.py
[2023-03-28T02:37:47.665+0000] {processor.py:753} INFO - DAG(s) dict_keys(['latest_only_with_trigger']) retrieved from /home/airflow/.local/lib/python3.7/site-packages/airflow/example_dags/example_latest_only_with_trigger.py
[2023-03-28T02:37:47.687+0000] {logging_mixin.py:137} INFO - [2023-03-28T02:37:47.686+0000] {dag.py:2693} INFO - Sync 1 DAGs
[2023-03-28T02:37:47.706+0000] {logging_mixin.py:137} INFO - [2023-03-28T02:37:47.706+0000] {dag.py:3444} INFO - Setting next_dagrun for latest_only_with_trigger to 2023-03-27T22:37:47.705962+00:00, run_after=2023-03-28T02:37:47.705962+00:00
[2023-03-28T02:37:47.719+0000] {processor.py:175} INFO - Processing /home/airflow/.local/lib/python3.7/site-packages/airflow/example_dags/example_latest_only_with_trigger.py took 0.068 seconds
[2023-03-28T02:38:18.280+0000] {processor.py:153} INFO - Started process (PID=1283) to work on /home/airflow/.local/lib/python3.7/site-packages/airflow/example_dags/example_latest_only_with_trigger.py
[2023-03-28T02:38:18.282+0000] {processor.py:743} INFO - Processing file /home/airflow/.local/lib/python3.7/site-packages/airflow/example_dags/example_latest_only_with_trigger.py for tasks to queue
[2023-03-28T02:38:18.283+0000] {logging_mixin.py:137} INFO - [2023-03-28T02:38:18.283+0000] {dagbag.py:532} INFO - Filling up the DagBag from /home/airflow/.local/lib/python3.7/site-packages/airflow/example_dags/example_latest_only_with_trigger.py
[2023-03-28T02:38:18.293+0000] {processor.py:753} INFO - DAG(s) dict_keys(['latest_only_with_trigger']) retrieved from /home/airflow/.local/lib/python3.7/site-packages/airflow/example_dags/example_latest_only_with_trigger.py
[2023-03-28T02:38:18.314+0000] {logging_mixin.py:137} INFO - [2023-03-28T02:38:18.314+0000] {dag.py:2693} INFO - Sync 1 DAGs
[2023-03-28T02:38:18.333+0000] {logging_mixin.py:137} INFO - [2023-03-28T02:38:18.333+0000] {dag.py:3444} INFO - Setting next_dagrun for latest_only_with_trigger to 2023-03-27T22:38:18.333105+00:00, run_after=2023-03-28T02:38:18.333105+00:00
[2023-03-28T02:38:18.357+0000] {processor.py:175} INFO - Processing /home/airflow/.local/lib/python3.7/site-packages/airflow/example_dags/example_latest_only_with_trigger.py took 0.079 seconds
[2023-03-28T02:38:48.664+0000] {processor.py:153} INFO - Started process (PID=1333) to work on /home/airflow/.local/lib/python3.7/site-packages/airflow/example_dags/example_latest_only_with_trigger.py
[2023-03-28T02:38:48.666+0000] {processor.py:743} INFO - Processing file /home/airflow/.local/lib/python3.7/site-packages/airflow/example_dags/example_latest_only_with_trigger.py for tasks to queue
[2023-03-28T02:38:48.667+0000] {logging_mixin.py:137} INFO - [2023-03-28T02:38:48.667+0000] {dagbag.py:532} INFO - Filling up the DagBag from /home/airflow/.local/lib/python3.7/site-packages/airflow/example_dags/example_latest_only_with_trigger.py
[2023-03-28T02:38:48.678+0000] {processor.py:753} INFO - DAG(s) dict_keys(['latest_only_with_trigger']) retrieved from /home/airflow/.local/lib/python3.7/site-packages/airflow/example_dags/example_latest_only_with_trigger.py
[2023-03-28T02:38:48.701+0000] {logging_mixin.py:137} INFO - [2023-03-28T02:38:48.701+0000] {dag.py:2693} INFO - Sync 1 DAGs
[2023-03-28T02:38:48.721+0000] {logging_mixin.py:137} INFO - [2023-03-28T02:38:48.721+0000] {dag.py:3444} INFO - Setting next_dagrun for latest_only_with_trigger to 2023-03-27T22:38:48.721466+00:00, run_after=2023-03-28T02:38:48.721466+00:00
[2023-03-28T02:38:48.737+0000] {processor.py:175} INFO - Processing /home/airflow/.local/lib/python3.7/site-packages/airflow/example_dags/example_latest_only_with_trigger.py took 0.075 seconds
[2023-03-28T02:39:19.099+0000] {processor.py:153} INFO - Started process (PID=1382) to work on /home/airflow/.local/lib/python3.7/site-packages/airflow/example_dags/example_latest_only_with_trigger.py
[2023-03-28T02:39:19.101+0000] {processor.py:743} INFO - Processing file /home/airflow/.local/lib/python3.7/site-packages/airflow/example_dags/example_latest_only_with_trigger.py for tasks to queue
[2023-03-28T02:39:19.102+0000] {logging_mixin.py:137} INFO - [2023-03-28T02:39:19.102+0000] {dagbag.py:532} INFO - Filling up the DagBag from /home/airflow/.local/lib/python3.7/site-packages/airflow/example_dags/example_latest_only_with_trigger.py
[2023-03-28T02:39:19.111+0000] {processor.py:753} INFO - DAG(s) dict_keys(['latest_only_with_trigger']) retrieved from /home/airflow/.local/lib/python3.7/site-packages/airflow/example_dags/example_latest_only_with_trigger.py
[2023-03-28T02:39:19.131+0000] {logging_mixin.py:137} INFO - [2023-03-28T02:39:19.131+0000] {dag.py:2693} INFO - Sync 1 DAGs
[2023-03-28T02:39:19.150+0000] {logging_mixin.py:137} INFO - [2023-03-28T02:39:19.150+0000] {dag.py:3444} INFO - Setting next_dagrun for latest_only_with_trigger to 2023-03-27T22:39:19.150509+00:00, run_after=2023-03-28T02:39:19.150509+00:00
[2023-03-28T02:39:19.163+0000] {processor.py:175} INFO - Processing /home/airflow/.local/lib/python3.7/site-packages/airflow/example_dags/example_latest_only_with_trigger.py took 0.066 seconds
[2023-03-28T02:39:49.550+0000] {processor.py:153} INFO - Started process (PID=1431) to work on /home/airflow/.local/lib/python3.7/site-packages/airflow/example_dags/example_latest_only_with_trigger.py
[2023-03-28T02:39:49.552+0000] {processor.py:743} INFO - Processing file /home/airflow/.local/lib/python3.7/site-packages/airflow/example_dags/example_latest_only_with_trigger.py for tasks to queue
[2023-03-28T02:39:49.554+0000] {logging_mixin.py:137} INFO - [2023-03-28T02:39:49.554+0000] {dagbag.py:532} INFO - Filling up the DagBag from /home/airflow/.local/lib/python3.7/site-packages/airflow/example_dags/example_latest_only_with_trigger.py
[2023-03-28T02:39:49.566+0000] {processor.py:753} INFO - DAG(s) dict_keys(['latest_only_with_trigger']) retrieved from /home/airflow/.local/lib/python3.7/site-packages/airflow/example_dags/example_latest_only_with_trigger.py
[2023-03-28T02:39:49.591+0000] {logging_mixin.py:137} INFO - [2023-03-28T02:39:49.591+0000] {dag.py:2693} INFO - Sync 1 DAGs
[2023-03-28T02:39:49.609+0000] {logging_mixin.py:137} INFO - [2023-03-28T02:39:49.608+0000] {dag.py:3444} INFO - Setting next_dagrun for latest_only_with_trigger to 2023-03-27T22:39:49.608771+00:00, run_after=2023-03-28T02:39:49.608771+00:00
[2023-03-28T02:39:49.623+0000] {processor.py:175} INFO - Processing /home/airflow/.local/lib/python3.7/site-packages/airflow/example_dags/example_latest_only_with_trigger.py took 0.076 seconds
[2023-03-28T02:40:20.203+0000] {processor.py:153} INFO - Started process (PID=1480) to work on /home/airflow/.local/lib/python3.7/site-packages/airflow/example_dags/example_latest_only_with_trigger.py
[2023-03-28T02:40:20.206+0000] {processor.py:743} INFO - Processing file /home/airflow/.local/lib/python3.7/site-packages/airflow/example_dags/example_latest_only_with_trigger.py for tasks to queue
[2023-03-28T02:40:20.208+0000] {logging_mixin.py:137} INFO - [2023-03-28T02:40:20.207+0000] {dagbag.py:532} INFO - Filling up the DagBag from /home/airflow/.local/lib/python3.7/site-packages/airflow/example_dags/example_latest_only_with_trigger.py
[2023-03-28T02:40:20.218+0000] {processor.py:753} INFO - DAG(s) dict_keys(['latest_only_with_trigger']) retrieved from /home/airflow/.local/lib/python3.7/site-packages/airflow/example_dags/example_latest_only_with_trigger.py
[2023-03-28T02:40:20.236+0000] {logging_mixin.py:137} INFO - [2023-03-28T02:40:20.236+0000] {dag.py:2693} INFO - Sync 1 DAGs
[2023-03-28T02:40:20.253+0000] {logging_mixin.py:137} INFO - [2023-03-28T02:40:20.253+0000] {dag.py:3444} INFO - Setting next_dagrun for latest_only_with_trigger to 2023-03-27T22:40:20.253023+00:00, run_after=2023-03-28T02:40:20.253023+00:00
[2023-03-28T02:40:20.265+0000] {processor.py:175} INFO - Processing /home/airflow/.local/lib/python3.7/site-packages/airflow/example_dags/example_latest_only_with_trigger.py took 0.064 seconds
[2023-03-28T02:40:50.939+0000] {processor.py:153} INFO - Started process (PID=1529) to work on /home/airflow/.local/lib/python3.7/site-packages/airflow/example_dags/example_latest_only_with_trigger.py
[2023-03-28T02:40:50.941+0000] {processor.py:743} INFO - Processing file /home/airflow/.local/lib/python3.7/site-packages/airflow/example_dags/example_latest_only_with_trigger.py for tasks to queue
[2023-03-28T02:40:50.942+0000] {logging_mixin.py:137} INFO - [2023-03-28T02:40:50.942+0000] {dagbag.py:532} INFO - Filling up the DagBag from /home/airflow/.local/lib/python3.7/site-packages/airflow/example_dags/example_latest_only_with_trigger.py
[2023-03-28T02:40:50.953+0000] {processor.py:753} INFO - DAG(s) dict_keys(['latest_only_with_trigger']) retrieved from /home/airflow/.local/lib/python3.7/site-packages/airflow/example_dags/example_latest_only_with_trigger.py
[2023-03-28T02:40:50.972+0000] {logging_mixin.py:137} INFO - [2023-03-28T02:40:50.972+0000] {dag.py:2693} INFO - Sync 1 DAGs
[2023-03-28T02:40:50.989+0000] {logging_mixin.py:137} INFO - [2023-03-28T02:40:50.989+0000] {dag.py:3444} INFO - Setting next_dagrun for latest_only_with_trigger to 2023-03-27T22:40:50.989005+00:00, run_after=2023-03-28T02:40:50.989005+00:00
[2023-03-28T02:40:51.001+0000] {processor.py:175} INFO - Processing /home/airflow/.local/lib/python3.7/site-packages/airflow/example_dags/example_latest_only_with_trigger.py took 0.064 seconds
