[2023-03-28T02:25:30.238+0000] {processor.py:153} INFO - Started process (PID=48) to work on /home/airflow/.local/lib/python3.7/site-packages/airflow/example_dags/example_complex.py
[2023-03-28T02:25:30.243+0000] {processor.py:743} INFO - Processing file /home/airflow/.local/lib/python3.7/site-packages/airflow/example_dags/example_complex.py for tasks to queue
[2023-03-28T02:25:30.247+0000] {logging_mixin.py:137} INFO - [2023-03-28T02:25:30.246+0000] {dagbag.py:532} INFO - Filling up the DagBag from /home/airflow/.local/lib/python3.7/site-packages/airflow/example_dags/example_complex.py
[2023-03-28T02:25:30.277+0000] {logging_mixin.py:137} INFO - [2023-03-28T02:25:30.276+0000] {taskmixin.py:211} WARNING - Dependency <Task(BashOperator): create_entry_group>, delete_entry_group already registered for DAG: example_complex
[2023-03-28T02:25:30.282+0000] {logging_mixin.py:137} INFO - [2023-03-28T02:25:30.282+0000] {taskmixin.py:211} WARNING - Dependency <Task(BashOperator): delete_entry_group>, create_entry_group already registered for DAG: example_complex
[2023-03-28T02:25:30.284+0000] {logging_mixin.py:137} INFO - [2023-03-28T02:25:30.284+0000] {taskmixin.py:211} WARNING - Dependency <Task(BashOperator): create_entry_gcs>, delete_entry already registered for DAG: example_complex
[2023-03-28T02:25:30.287+0000] {logging_mixin.py:137} INFO - [2023-03-28T02:25:30.286+0000] {taskmixin.py:211} WARNING - Dependency <Task(BashOperator): delete_entry>, create_entry_gcs already registered for DAG: example_complex
[2023-03-28T02:25:30.290+0000] {logging_mixin.py:137} INFO - [2023-03-28T02:25:30.289+0000] {taskmixin.py:211} WARNING - Dependency <Task(BashOperator): create_tag>, delete_tag already registered for DAG: example_complex
[2023-03-28T02:25:30.292+0000] {logging_mixin.py:137} INFO - [2023-03-28T02:25:30.292+0000] {taskmixin.py:211} WARNING - Dependency <Task(BashOperator): delete_tag>, create_tag already registered for DAG: example_complex
[2023-03-28T02:25:30.309+0000] {processor.py:753} INFO - DAG(s) dict_keys(['example_complex']) retrieved from /home/airflow/.local/lib/python3.7/site-packages/airflow/example_dags/example_complex.py
[2023-03-28T02:25:30.358+0000] {logging_mixin.py:137} INFO - [2023-03-28T02:25:30.358+0000] {dag.py:2693} INFO - Sync 1 DAGs
[2023-03-28T02:25:30.446+0000] {logging_mixin.py:137} INFO - [2023-03-28T02:25:30.446+0000] {dag.py:3444} INFO - Setting next_dagrun for example_complex to None, run_after=None
[2023-03-28T02:25:30.523+0000] {processor.py:175} INFO - Processing /home/airflow/.local/lib/python3.7/site-packages/airflow/example_dags/example_complex.py took 0.292 seconds
[2023-03-28T02:26:00.642+0000] {processor.py:153} INFO - Started process (PID=97) to work on /home/airflow/.local/lib/python3.7/site-packages/airflow/example_dags/example_complex.py
[2023-03-28T02:26:00.644+0000] {processor.py:743} INFO - Processing file /home/airflow/.local/lib/python3.7/site-packages/airflow/example_dags/example_complex.py for tasks to queue
[2023-03-28T02:26:00.645+0000] {logging_mixin.py:137} INFO - [2023-03-28T02:26:00.645+0000] {dagbag.py:532} INFO - Filling up the DagBag from /home/airflow/.local/lib/python3.7/site-packages/airflow/example_dags/example_complex.py
[2023-03-28T02:26:00.653+0000] {logging_mixin.py:137} INFO - [2023-03-28T02:26:00.653+0000] {taskmixin.py:211} WARNING - Dependency <Task(BashOperator): create_entry_group>, delete_entry_group already registered for DAG: example_complex
[2023-03-28T02:26:00.655+0000] {logging_mixin.py:137} INFO - [2023-03-28T02:26:00.655+0000] {taskmixin.py:211} WARNING - Dependency <Task(BashOperator): delete_entry_group>, create_entry_group already registered for DAG: example_complex
[2023-03-28T02:26:00.656+0000] {logging_mixin.py:137} INFO - [2023-03-28T02:26:00.656+0000] {taskmixin.py:211} WARNING - Dependency <Task(BashOperator): create_entry_gcs>, delete_entry already registered for DAG: example_complex
[2023-03-28T02:26:00.657+0000] {logging_mixin.py:137} INFO - [2023-03-28T02:26:00.657+0000] {taskmixin.py:211} WARNING - Dependency <Task(BashOperator): delete_entry>, create_entry_gcs already registered for DAG: example_complex
[2023-03-28T02:26:00.658+0000] {logging_mixin.py:137} INFO - [2023-03-28T02:26:00.658+0000] {taskmixin.py:211} WARNING - Dependency <Task(BashOperator): create_tag>, delete_tag already registered for DAG: example_complex
[2023-03-28T02:26:00.659+0000] {logging_mixin.py:137} INFO - [2023-03-28T02:26:00.659+0000] {taskmixin.py:211} WARNING - Dependency <Task(BashOperator): delete_tag>, create_tag already registered for DAG: example_complex
[2023-03-28T02:26:00.664+0000] {processor.py:753} INFO - DAG(s) dict_keys(['example_complex']) retrieved from /home/airflow/.local/lib/python3.7/site-packages/airflow/example_dags/example_complex.py
[2023-03-28T02:26:00.689+0000] {logging_mixin.py:137} INFO - [2023-03-28T02:26:00.689+0000] {dag.py:2693} INFO - Sync 1 DAGs
[2023-03-28T02:26:00.707+0000] {logging_mixin.py:137} INFO - [2023-03-28T02:26:00.707+0000] {dag.py:3444} INFO - Setting next_dagrun for example_complex to None, run_after=None
[2023-03-28T02:26:00.720+0000] {processor.py:175} INFO - Processing /home/airflow/.local/lib/python3.7/site-packages/airflow/example_dags/example_complex.py took 0.080 seconds
[2023-03-28T02:26:31.165+0000] {processor.py:153} INFO - Started process (PID=146) to work on /home/airflow/.local/lib/python3.7/site-packages/airflow/example_dags/example_complex.py
[2023-03-28T02:26:31.167+0000] {processor.py:743} INFO - Processing file /home/airflow/.local/lib/python3.7/site-packages/airflow/example_dags/example_complex.py for tasks to queue
[2023-03-28T02:26:31.168+0000] {logging_mixin.py:137} INFO - [2023-03-28T02:26:31.168+0000] {dagbag.py:532} INFO - Filling up the DagBag from /home/airflow/.local/lib/python3.7/site-packages/airflow/example_dags/example_complex.py
[2023-03-28T02:26:31.177+0000] {logging_mixin.py:137} INFO - [2023-03-28T02:26:31.177+0000] {taskmixin.py:211} WARNING - Dependency <Task(BashOperator): create_entry_group>, delete_entry_group already registered for DAG: example_complex
[2023-03-28T02:26:31.178+0000] {logging_mixin.py:137} INFO - [2023-03-28T02:26:31.178+0000] {taskmixin.py:211} WARNING - Dependency <Task(BashOperator): delete_entry_group>, create_entry_group already registered for DAG: example_complex
[2023-03-28T02:26:31.180+0000] {logging_mixin.py:137} INFO - [2023-03-28T02:26:31.180+0000] {taskmixin.py:211} WARNING - Dependency <Task(BashOperator): create_entry_gcs>, delete_entry already registered for DAG: example_complex
[2023-03-28T02:26:31.181+0000] {logging_mixin.py:137} INFO - [2023-03-28T02:26:31.180+0000] {taskmixin.py:211} WARNING - Dependency <Task(BashOperator): delete_entry>, create_entry_gcs already registered for DAG: example_complex
[2023-03-28T02:26:31.181+0000] {logging_mixin.py:137} INFO - [2023-03-28T02:26:31.181+0000] {taskmixin.py:211} WARNING - Dependency <Task(BashOperator): create_tag>, delete_tag already registered for DAG: example_complex
[2023-03-28T02:26:31.183+0000] {logging_mixin.py:137} INFO - [2023-03-28T02:26:31.182+0000] {taskmixin.py:211} WARNING - Dependency <Task(BashOperator): delete_tag>, create_tag already registered for DAG: example_complex
[2023-03-28T02:26:31.189+0000] {processor.py:753} INFO - DAG(s) dict_keys(['example_complex']) retrieved from /home/airflow/.local/lib/python3.7/site-packages/airflow/example_dags/example_complex.py
[2023-03-28T02:26:31.213+0000] {logging_mixin.py:137} INFO - [2023-03-28T02:26:31.213+0000] {dag.py:2693} INFO - Sync 1 DAGs
[2023-03-28T02:26:31.230+0000] {logging_mixin.py:137} INFO - [2023-03-28T02:26:31.230+0000] {dag.py:3444} INFO - Setting next_dagrun for example_complex to None, run_after=None
[2023-03-28T02:26:31.246+0000] {processor.py:175} INFO - Processing /home/airflow/.local/lib/python3.7/site-packages/airflow/example_dags/example_complex.py took 0.083 seconds
[2023-03-28T02:27:02.209+0000] {processor.py:153} INFO - Started process (PID=195) to work on /home/airflow/.local/lib/python3.7/site-packages/airflow/example_dags/example_complex.py
[2023-03-28T02:27:02.211+0000] {processor.py:743} INFO - Processing file /home/airflow/.local/lib/python3.7/site-packages/airflow/example_dags/example_complex.py for tasks to queue
[2023-03-28T02:27:02.214+0000] {logging_mixin.py:137} INFO - [2023-03-28T02:27:02.214+0000] {dagbag.py:532} INFO - Filling up the DagBag from /home/airflow/.local/lib/python3.7/site-packages/airflow/example_dags/example_complex.py
[2023-03-28T02:27:02.224+0000] {logging_mixin.py:137} INFO - [2023-03-28T02:27:02.224+0000] {taskmixin.py:211} WARNING - Dependency <Task(BashOperator): create_entry_group>, delete_entry_group already registered for DAG: example_complex
[2023-03-28T02:27:02.226+0000] {logging_mixin.py:137} INFO - [2023-03-28T02:27:02.225+0000] {taskmixin.py:211} WARNING - Dependency <Task(BashOperator): delete_entry_group>, create_entry_group already registered for DAG: example_complex
[2023-03-28T02:27:02.226+0000] {logging_mixin.py:137} INFO - [2023-03-28T02:27:02.226+0000] {taskmixin.py:211} WARNING - Dependency <Task(BashOperator): create_entry_gcs>, delete_entry already registered for DAG: example_complex
[2023-03-28T02:27:02.227+0000] {logging_mixin.py:137} INFO - [2023-03-28T02:27:02.227+0000] {taskmixin.py:211} WARNING - Dependency <Task(BashOperator): delete_entry>, create_entry_gcs already registered for DAG: example_complex
[2023-03-28T02:27:02.228+0000] {logging_mixin.py:137} INFO - [2023-03-28T02:27:02.228+0000] {taskmixin.py:211} WARNING - Dependency <Task(BashOperator): create_tag>, delete_tag already registered for DAG: example_complex
[2023-03-28T02:27:02.229+0000] {logging_mixin.py:137} INFO - [2023-03-28T02:27:02.229+0000] {taskmixin.py:211} WARNING - Dependency <Task(BashOperator): delete_tag>, create_tag already registered for DAG: example_complex
[2023-03-28T02:27:02.234+0000] {processor.py:753} INFO - DAG(s) dict_keys(['example_complex']) retrieved from /home/airflow/.local/lib/python3.7/site-packages/airflow/example_dags/example_complex.py
[2023-03-28T02:27:02.259+0000] {logging_mixin.py:137} INFO - [2023-03-28T02:27:02.259+0000] {dag.py:2693} INFO - Sync 1 DAGs
[2023-03-28T02:27:02.283+0000] {logging_mixin.py:137} INFO - [2023-03-28T02:27:02.283+0000] {dag.py:3444} INFO - Setting next_dagrun for example_complex to None, run_after=None
[2023-03-28T02:27:02.297+0000] {processor.py:175} INFO - Processing /home/airflow/.local/lib/python3.7/site-packages/airflow/example_dags/example_complex.py took 0.091 seconds
[2023-03-28T02:27:32.920+0000] {processor.py:153} INFO - Started process (PID=244) to work on /home/airflow/.local/lib/python3.7/site-packages/airflow/example_dags/example_complex.py
[2023-03-28T02:27:32.922+0000] {processor.py:743} INFO - Processing file /home/airflow/.local/lib/python3.7/site-packages/airflow/example_dags/example_complex.py for tasks to queue
[2023-03-28T02:27:32.923+0000] {logging_mixin.py:137} INFO - [2023-03-28T02:27:32.923+0000] {dagbag.py:532} INFO - Filling up the DagBag from /home/airflow/.local/lib/python3.7/site-packages/airflow/example_dags/example_complex.py
[2023-03-28T02:27:32.931+0000] {logging_mixin.py:137} INFO - [2023-03-28T02:27:32.930+0000] {taskmixin.py:211} WARNING - Dependency <Task(BashOperator): create_entry_group>, delete_entry_group already registered for DAG: example_complex
[2023-03-28T02:27:32.932+0000] {logging_mixin.py:137} INFO - [2023-03-28T02:27:32.932+0000] {taskmixin.py:211} WARNING - Dependency <Task(BashOperator): delete_entry_group>, create_entry_group already registered for DAG: example_complex
[2023-03-28T02:27:32.933+0000] {logging_mixin.py:137} INFO - [2023-03-28T02:27:32.933+0000] {taskmixin.py:211} WARNING - Dependency <Task(BashOperator): create_entry_gcs>, delete_entry already registered for DAG: example_complex
[2023-03-28T02:27:32.935+0000] {logging_mixin.py:137} INFO - [2023-03-28T02:27:32.935+0000] {taskmixin.py:211} WARNING - Dependency <Task(BashOperator): delete_entry>, create_entry_gcs already registered for DAG: example_complex
[2023-03-28T02:27:32.936+0000] {logging_mixin.py:137} INFO - [2023-03-28T02:27:32.936+0000] {taskmixin.py:211} WARNING - Dependency <Task(BashOperator): create_tag>, delete_tag already registered for DAG: example_complex
[2023-03-28T02:27:32.938+0000] {logging_mixin.py:137} INFO - [2023-03-28T02:27:32.938+0000] {taskmixin.py:211} WARNING - Dependency <Task(BashOperator): delete_tag>, create_tag already registered for DAG: example_complex
[2023-03-28T02:27:32.945+0000] {processor.py:753} INFO - DAG(s) dict_keys(['example_complex']) retrieved from /home/airflow/.local/lib/python3.7/site-packages/airflow/example_dags/example_complex.py
[2023-03-28T02:27:32.970+0000] {logging_mixin.py:137} INFO - [2023-03-28T02:27:32.970+0000] {dag.py:2693} INFO - Sync 1 DAGs
[2023-03-28T02:27:32.986+0000] {logging_mixin.py:137} INFO - [2023-03-28T02:27:32.986+0000] {dag.py:3444} INFO - Setting next_dagrun for example_complex to None, run_after=None
[2023-03-28T02:27:33.000+0000] {processor.py:175} INFO - Processing /home/airflow/.local/lib/python3.7/site-packages/airflow/example_dags/example_complex.py took 0.083 seconds
[2023-03-28T02:28:03.362+0000] {processor.py:153} INFO - Started process (PID=293) to work on /home/airflow/.local/lib/python3.7/site-packages/airflow/example_dags/example_complex.py
[2023-03-28T02:28:03.364+0000] {processor.py:743} INFO - Processing file /home/airflow/.local/lib/python3.7/site-packages/airflow/example_dags/example_complex.py for tasks to queue
[2023-03-28T02:28:03.365+0000] {logging_mixin.py:137} INFO - [2023-03-28T02:28:03.365+0000] {dagbag.py:532} INFO - Filling up the DagBag from /home/airflow/.local/lib/python3.7/site-packages/airflow/example_dags/example_complex.py
[2023-03-28T02:28:03.373+0000] {logging_mixin.py:137} INFO - [2023-03-28T02:28:03.373+0000] {taskmixin.py:211} WARNING - Dependency <Task(BashOperator): create_entry_group>, delete_entry_group already registered for DAG: example_complex
[2023-03-28T02:28:03.374+0000] {logging_mixin.py:137} INFO - [2023-03-28T02:28:03.374+0000] {taskmixin.py:211} WARNING - Dependency <Task(BashOperator): delete_entry_group>, create_entry_group already registered for DAG: example_complex
[2023-03-28T02:28:03.375+0000] {logging_mixin.py:137} INFO - [2023-03-28T02:28:03.375+0000] {taskmixin.py:211} WARNING - Dependency <Task(BashOperator): create_entry_gcs>, delete_entry already registered for DAG: example_complex
[2023-03-28T02:28:03.375+0000] {logging_mixin.py:137} INFO - [2023-03-28T02:28:03.375+0000] {taskmixin.py:211} WARNING - Dependency <Task(BashOperator): delete_entry>, create_entry_gcs already registered for DAG: example_complex
[2023-03-28T02:28:03.376+0000] {logging_mixin.py:137} INFO - [2023-03-28T02:28:03.376+0000] {taskmixin.py:211} WARNING - Dependency <Task(BashOperator): create_tag>, delete_tag already registered for DAG: example_complex
[2023-03-28T02:28:03.377+0000] {logging_mixin.py:137} INFO - [2023-03-28T02:28:03.377+0000] {taskmixin.py:211} WARNING - Dependency <Task(BashOperator): delete_tag>, create_tag already registered for DAG: example_complex
[2023-03-28T02:28:03.383+0000] {processor.py:753} INFO - DAG(s) dict_keys(['example_complex']) retrieved from /home/airflow/.local/lib/python3.7/site-packages/airflow/example_dags/example_complex.py
[2023-03-28T02:28:03.406+0000] {logging_mixin.py:137} INFO - [2023-03-28T02:28:03.406+0000] {dag.py:2693} INFO - Sync 1 DAGs
[2023-03-28T02:28:03.425+0000] {logging_mixin.py:137} INFO - [2023-03-28T02:28:03.425+0000] {dag.py:3444} INFO - Setting next_dagrun for example_complex to None, run_after=None
[2023-03-28T02:28:03.439+0000] {processor.py:175} INFO - Processing /home/airflow/.local/lib/python3.7/site-packages/airflow/example_dags/example_complex.py took 0.079 seconds
[2023-03-28T02:28:34.271+0000] {processor.py:153} INFO - Started process (PID=342) to work on /home/airflow/.local/lib/python3.7/site-packages/airflow/example_dags/example_complex.py
[2023-03-28T02:28:34.272+0000] {processor.py:743} INFO - Processing file /home/airflow/.local/lib/python3.7/site-packages/airflow/example_dags/example_complex.py for tasks to queue
[2023-03-28T02:28:34.276+0000] {logging_mixin.py:137} INFO - [2023-03-28T02:28:34.276+0000] {dagbag.py:532} INFO - Filling up the DagBag from /home/airflow/.local/lib/python3.7/site-packages/airflow/example_dags/example_complex.py
[2023-03-28T02:28:34.286+0000] {logging_mixin.py:137} INFO - [2023-03-28T02:28:34.285+0000] {taskmixin.py:211} WARNING - Dependency <Task(BashOperator): create_entry_group>, delete_entry_group already registered for DAG: example_complex
[2023-03-28T02:28:34.287+0000] {logging_mixin.py:137} INFO - [2023-03-28T02:28:34.287+0000] {taskmixin.py:211} WARNING - Dependency <Task(BashOperator): delete_entry_group>, create_entry_group already registered for DAG: example_complex
[2023-03-28T02:28:34.288+0000] {logging_mixin.py:137} INFO - [2023-03-28T02:28:34.288+0000] {taskmixin.py:211} WARNING - Dependency <Task(BashOperator): create_entry_gcs>, delete_entry already registered for DAG: example_complex
[2023-03-28T02:28:34.289+0000] {logging_mixin.py:137} INFO - [2023-03-28T02:28:34.289+0000] {taskmixin.py:211} WARNING - Dependency <Task(BashOperator): delete_entry>, create_entry_gcs already registered for DAG: example_complex
[2023-03-28T02:28:34.290+0000] {logging_mixin.py:137} INFO - [2023-03-28T02:28:34.290+0000] {taskmixin.py:211} WARNING - Dependency <Task(BashOperator): create_tag>, delete_tag already registered for DAG: example_complex
[2023-03-28T02:28:34.291+0000] {logging_mixin.py:137} INFO - [2023-03-28T02:28:34.291+0000] {taskmixin.py:211} WARNING - Dependency <Task(BashOperator): delete_tag>, create_tag already registered for DAG: example_complex
[2023-03-28T02:28:34.297+0000] {processor.py:753} INFO - DAG(s) dict_keys(['example_complex']) retrieved from /home/airflow/.local/lib/python3.7/site-packages/airflow/example_dags/example_complex.py
[2023-03-28T02:28:34.328+0000] {logging_mixin.py:137} INFO - [2023-03-28T02:28:34.327+0000] {dag.py:2693} INFO - Sync 1 DAGs
[2023-03-28T02:28:34.350+0000] {logging_mixin.py:137} INFO - [2023-03-28T02:28:34.350+0000] {dag.py:3444} INFO - Setting next_dagrun for example_complex to None, run_after=None
[2023-03-28T02:28:34.365+0000] {processor.py:175} INFO - Processing /home/airflow/.local/lib/python3.7/site-packages/airflow/example_dags/example_complex.py took 0.096 seconds
[2023-03-28T02:29:04.940+0000] {processor.py:153} INFO - Started process (PID=391) to work on /home/airflow/.local/lib/python3.7/site-packages/airflow/example_dags/example_complex.py
[2023-03-28T02:29:04.941+0000] {processor.py:743} INFO - Processing file /home/airflow/.local/lib/python3.7/site-packages/airflow/example_dags/example_complex.py for tasks to queue
[2023-03-28T02:29:04.942+0000] {logging_mixin.py:137} INFO - [2023-03-28T02:29:04.942+0000] {dagbag.py:532} INFO - Filling up the DagBag from /home/airflow/.local/lib/python3.7/site-packages/airflow/example_dags/example_complex.py
[2023-03-28T02:29:04.950+0000] {logging_mixin.py:137} INFO - [2023-03-28T02:29:04.950+0000] {taskmixin.py:211} WARNING - Dependency <Task(BashOperator): create_entry_group>, delete_entry_group already registered for DAG: example_complex
[2023-03-28T02:29:04.951+0000] {logging_mixin.py:137} INFO - [2023-03-28T02:29:04.951+0000] {taskmixin.py:211} WARNING - Dependency <Task(BashOperator): delete_entry_group>, create_entry_group already registered for DAG: example_complex
[2023-03-28T02:29:04.952+0000] {logging_mixin.py:137} INFO - [2023-03-28T02:29:04.952+0000] {taskmixin.py:211} WARNING - Dependency <Task(BashOperator): create_entry_gcs>, delete_entry already registered for DAG: example_complex
[2023-03-28T02:29:04.952+0000] {logging_mixin.py:137} INFO - [2023-03-28T02:29:04.952+0000] {taskmixin.py:211} WARNING - Dependency <Task(BashOperator): delete_entry>, create_entry_gcs already registered for DAG: example_complex
[2023-03-28T02:29:04.954+0000] {logging_mixin.py:137} INFO - [2023-03-28T02:29:04.954+0000] {taskmixin.py:211} WARNING - Dependency <Task(BashOperator): create_tag>, delete_tag already registered for DAG: example_complex
[2023-03-28T02:29:04.956+0000] {logging_mixin.py:137} INFO - [2023-03-28T02:29:04.956+0000] {taskmixin.py:211} WARNING - Dependency <Task(BashOperator): delete_tag>, create_tag already registered for DAG: example_complex
[2023-03-28T02:29:04.962+0000] {processor.py:753} INFO - DAG(s) dict_keys(['example_complex']) retrieved from /home/airflow/.local/lib/python3.7/site-packages/airflow/example_dags/example_complex.py
[2023-03-28T02:29:04.989+0000] {logging_mixin.py:137} INFO - [2023-03-28T02:29:04.989+0000] {dag.py:2693} INFO - Sync 1 DAGs
[2023-03-28T02:29:05.005+0000] {logging_mixin.py:137} INFO - [2023-03-28T02:29:05.005+0000] {dag.py:3444} INFO - Setting next_dagrun for example_complex to None, run_after=None
[2023-03-28T02:29:05.019+0000] {processor.py:175} INFO - Processing /home/airflow/.local/lib/python3.7/site-packages/airflow/example_dags/example_complex.py took 0.081 seconds
[2023-03-28T02:29:35.661+0000] {processor.py:153} INFO - Started process (PID=440) to work on /home/airflow/.local/lib/python3.7/site-packages/airflow/example_dags/example_complex.py
[2023-03-28T02:29:35.665+0000] {processor.py:743} INFO - Processing file /home/airflow/.local/lib/python3.7/site-packages/airflow/example_dags/example_complex.py for tasks to queue
[2023-03-28T02:29:35.666+0000] {logging_mixin.py:137} INFO - [2023-03-28T02:29:35.666+0000] {dagbag.py:532} INFO - Filling up the DagBag from /home/airflow/.local/lib/python3.7/site-packages/airflow/example_dags/example_complex.py
[2023-03-28T02:29:35.676+0000] {logging_mixin.py:137} INFO - [2023-03-28T02:29:35.676+0000] {taskmixin.py:211} WARNING - Dependency <Task(BashOperator): create_entry_group>, delete_entry_group already registered for DAG: example_complex
[2023-03-28T02:29:35.677+0000] {logging_mixin.py:137} INFO - [2023-03-28T02:29:35.677+0000] {taskmixin.py:211} WARNING - Dependency <Task(BashOperator): delete_entry_group>, create_entry_group already registered for DAG: example_complex
[2023-03-28T02:29:35.678+0000] {logging_mixin.py:137} INFO - [2023-03-28T02:29:35.678+0000] {taskmixin.py:211} WARNING - Dependency <Task(BashOperator): create_entry_gcs>, delete_entry already registered for DAG: example_complex
[2023-03-28T02:29:35.679+0000] {logging_mixin.py:137} INFO - [2023-03-28T02:29:35.679+0000] {taskmixin.py:211} WARNING - Dependency <Task(BashOperator): delete_entry>, create_entry_gcs already registered for DAG: example_complex
[2023-03-28T02:29:35.680+0000] {logging_mixin.py:137} INFO - [2023-03-28T02:29:35.679+0000] {taskmixin.py:211} WARNING - Dependency <Task(BashOperator): create_tag>, delete_tag already registered for DAG: example_complex
[2023-03-28T02:29:35.680+0000] {logging_mixin.py:137} INFO - [2023-03-28T02:29:35.680+0000] {taskmixin.py:211} WARNING - Dependency <Task(BashOperator): delete_tag>, create_tag already registered for DAG: example_complex
[2023-03-28T02:29:35.686+0000] {processor.py:753} INFO - DAG(s) dict_keys(['example_complex']) retrieved from /home/airflow/.local/lib/python3.7/site-packages/airflow/example_dags/example_complex.py
[2023-03-28T02:29:35.712+0000] {logging_mixin.py:137} INFO - [2023-03-28T02:29:35.712+0000] {dag.py:2693} INFO - Sync 1 DAGs
[2023-03-28T02:29:35.729+0000] {logging_mixin.py:137} INFO - [2023-03-28T02:29:35.729+0000] {dag.py:3444} INFO - Setting next_dagrun for example_complex to None, run_after=None
[2023-03-28T02:29:35.742+0000] {processor.py:175} INFO - Processing /home/airflow/.local/lib/python3.7/site-packages/airflow/example_dags/example_complex.py took 0.084 seconds
[2023-03-28T02:30:06.311+0000] {processor.py:153} INFO - Started process (PID=489) to work on /home/airflow/.local/lib/python3.7/site-packages/airflow/example_dags/example_complex.py
[2023-03-28T02:30:06.313+0000] {processor.py:743} INFO - Processing file /home/airflow/.local/lib/python3.7/site-packages/airflow/example_dags/example_complex.py for tasks to queue
[2023-03-28T02:30:06.314+0000] {logging_mixin.py:137} INFO - [2023-03-28T02:30:06.314+0000] {dagbag.py:532} INFO - Filling up the DagBag from /home/airflow/.local/lib/python3.7/site-packages/airflow/example_dags/example_complex.py
[2023-03-28T02:30:06.324+0000] {logging_mixin.py:137} INFO - [2023-03-28T02:30:06.324+0000] {taskmixin.py:211} WARNING - Dependency <Task(BashOperator): create_entry_group>, delete_entry_group already registered for DAG: example_complex
[2023-03-28T02:30:06.326+0000] {logging_mixin.py:137} INFO - [2023-03-28T02:30:06.326+0000] {taskmixin.py:211} WARNING - Dependency <Task(BashOperator): delete_entry_group>, create_entry_group already registered for DAG: example_complex
[2023-03-28T02:30:06.327+0000] {logging_mixin.py:137} INFO - [2023-03-28T02:30:06.327+0000] {taskmixin.py:211} WARNING - Dependency <Task(BashOperator): create_entry_gcs>, delete_entry already registered for DAG: example_complex
[2023-03-28T02:30:06.328+0000] {logging_mixin.py:137} INFO - [2023-03-28T02:30:06.328+0000] {taskmixin.py:211} WARNING - Dependency <Task(BashOperator): delete_entry>, create_entry_gcs already registered for DAG: example_complex
[2023-03-28T02:30:06.330+0000] {logging_mixin.py:137} INFO - [2023-03-28T02:30:06.329+0000] {taskmixin.py:211} WARNING - Dependency <Task(BashOperator): create_tag>, delete_tag already registered for DAG: example_complex
[2023-03-28T02:30:06.330+0000] {logging_mixin.py:137} INFO - [2023-03-28T02:30:06.330+0000] {taskmixin.py:211} WARNING - Dependency <Task(BashOperator): delete_tag>, create_tag already registered for DAG: example_complex
[2023-03-28T02:30:06.338+0000] {processor.py:753} INFO - DAG(s) dict_keys(['example_complex']) retrieved from /home/airflow/.local/lib/python3.7/site-packages/airflow/example_dags/example_complex.py
[2023-03-28T02:30:06.371+0000] {logging_mixin.py:137} INFO - [2023-03-28T02:30:06.370+0000] {dag.py:2693} INFO - Sync 1 DAGs
[2023-03-28T02:30:06.401+0000] {logging_mixin.py:137} INFO - [2023-03-28T02:30:06.399+0000] {dag.py:3444} INFO - Setting next_dagrun for example_complex to None, run_after=None
[2023-03-28T02:30:06.421+0000] {processor.py:175} INFO - Processing /home/airflow/.local/lib/python3.7/site-packages/airflow/example_dags/example_complex.py took 0.113 seconds
[2023-03-28T02:30:37.046+0000] {processor.py:153} INFO - Started process (PID=538) to work on /home/airflow/.local/lib/python3.7/site-packages/airflow/example_dags/example_complex.py
[2023-03-28T02:30:37.047+0000] {processor.py:743} INFO - Processing file /home/airflow/.local/lib/python3.7/site-packages/airflow/example_dags/example_complex.py for tasks to queue
[2023-03-28T02:30:37.048+0000] {logging_mixin.py:137} INFO - [2023-03-28T02:30:37.048+0000] {dagbag.py:532} INFO - Filling up the DagBag from /home/airflow/.local/lib/python3.7/site-packages/airflow/example_dags/example_complex.py
[2023-03-28T02:30:37.057+0000] {logging_mixin.py:137} INFO - [2023-03-28T02:30:37.057+0000] {taskmixin.py:211} WARNING - Dependency <Task(BashOperator): create_entry_group>, delete_entry_group already registered for DAG: example_complex
[2023-03-28T02:30:37.057+0000] {logging_mixin.py:137} INFO - [2023-03-28T02:30:37.057+0000] {taskmixin.py:211} WARNING - Dependency <Task(BashOperator): delete_entry_group>, create_entry_group already registered for DAG: example_complex
[2023-03-28T02:30:37.058+0000] {logging_mixin.py:137} INFO - [2023-03-28T02:30:37.058+0000] {taskmixin.py:211} WARNING - Dependency <Task(BashOperator): create_entry_gcs>, delete_entry already registered for DAG: example_complex
[2023-03-28T02:30:37.059+0000] {logging_mixin.py:137} INFO - [2023-03-28T02:30:37.059+0000] {taskmixin.py:211} WARNING - Dependency <Task(BashOperator): delete_entry>, create_entry_gcs already registered for DAG: example_complex
[2023-03-28T02:30:37.060+0000] {logging_mixin.py:137} INFO - [2023-03-28T02:30:37.060+0000] {taskmixin.py:211} WARNING - Dependency <Task(BashOperator): create_tag>, delete_tag already registered for DAG: example_complex
[2023-03-28T02:30:37.061+0000] {logging_mixin.py:137} INFO - [2023-03-28T02:30:37.061+0000] {taskmixin.py:211} WARNING - Dependency <Task(BashOperator): delete_tag>, create_tag already registered for DAG: example_complex
[2023-03-28T02:30:37.068+0000] {processor.py:753} INFO - DAG(s) dict_keys(['example_complex']) retrieved from /home/airflow/.local/lib/python3.7/site-packages/airflow/example_dags/example_complex.py
[2023-03-28T02:30:37.096+0000] {logging_mixin.py:137} INFO - [2023-03-28T02:30:37.096+0000] {dag.py:2693} INFO - Sync 1 DAGs
[2023-03-28T02:30:37.113+0000] {logging_mixin.py:137} INFO - [2023-03-28T02:30:37.113+0000] {dag.py:3444} INFO - Setting next_dagrun for example_complex to None, run_after=None
[2023-03-28T02:30:37.129+0000] {processor.py:175} INFO - Processing /home/airflow/.local/lib/python3.7/site-packages/airflow/example_dags/example_complex.py took 0.086 seconds
[2023-03-28T02:31:07.665+0000] {processor.py:153} INFO - Started process (PID=587) to work on /home/airflow/.local/lib/python3.7/site-packages/airflow/example_dags/example_complex.py
[2023-03-28T02:31:07.666+0000] {processor.py:743} INFO - Processing file /home/airflow/.local/lib/python3.7/site-packages/airflow/example_dags/example_complex.py for tasks to queue
[2023-03-28T02:31:07.667+0000] {logging_mixin.py:137} INFO - [2023-03-28T02:31:07.667+0000] {dagbag.py:532} INFO - Filling up the DagBag from /home/airflow/.local/lib/python3.7/site-packages/airflow/example_dags/example_complex.py
[2023-03-28T02:31:07.675+0000] {logging_mixin.py:137} INFO - [2023-03-28T02:31:07.675+0000] {taskmixin.py:211} WARNING - Dependency <Task(BashOperator): create_entry_group>, delete_entry_group already registered for DAG: example_complex
[2023-03-28T02:31:07.676+0000] {logging_mixin.py:137} INFO - [2023-03-28T02:31:07.676+0000] {taskmixin.py:211} WARNING - Dependency <Task(BashOperator): delete_entry_group>, create_entry_group already registered for DAG: example_complex
[2023-03-28T02:31:07.677+0000] {logging_mixin.py:137} INFO - [2023-03-28T02:31:07.677+0000] {taskmixin.py:211} WARNING - Dependency <Task(BashOperator): create_entry_gcs>, delete_entry already registered for DAG: example_complex
[2023-03-28T02:31:07.677+0000] {logging_mixin.py:137} INFO - [2023-03-28T02:31:07.677+0000] {taskmixin.py:211} WARNING - Dependency <Task(BashOperator): delete_entry>, create_entry_gcs already registered for DAG: example_complex
[2023-03-28T02:31:07.678+0000] {logging_mixin.py:137} INFO - [2023-03-28T02:31:07.678+0000] {taskmixin.py:211} WARNING - Dependency <Task(BashOperator): create_tag>, delete_tag already registered for DAG: example_complex
[2023-03-28T02:31:07.679+0000] {logging_mixin.py:137} INFO - [2023-03-28T02:31:07.679+0000] {taskmixin.py:211} WARNING - Dependency <Task(BashOperator): delete_tag>, create_tag already registered for DAG: example_complex
[2023-03-28T02:31:07.684+0000] {processor.py:753} INFO - DAG(s) dict_keys(['example_complex']) retrieved from /home/airflow/.local/lib/python3.7/site-packages/airflow/example_dags/example_complex.py
[2023-03-28T02:31:07.712+0000] {logging_mixin.py:137} INFO - [2023-03-28T02:31:07.712+0000] {dag.py:2693} INFO - Sync 1 DAGs
[2023-03-28T02:31:07.736+0000] {logging_mixin.py:137} INFO - [2023-03-28T02:31:07.736+0000] {dag.py:3444} INFO - Setting next_dagrun for example_complex to None, run_after=None
[2023-03-28T02:31:07.749+0000] {processor.py:175} INFO - Processing /home/airflow/.local/lib/python3.7/site-packages/airflow/example_dags/example_complex.py took 0.086 seconds
[2023-03-28T02:31:38.357+0000] {processor.py:153} INFO - Started process (PID=637) to work on /home/airflow/.local/lib/python3.7/site-packages/airflow/example_dags/example_complex.py
[2023-03-28T02:31:38.359+0000] {processor.py:743} INFO - Processing file /home/airflow/.local/lib/python3.7/site-packages/airflow/example_dags/example_complex.py for tasks to queue
[2023-03-28T02:31:38.360+0000] {logging_mixin.py:137} INFO - [2023-03-28T02:31:38.360+0000] {dagbag.py:532} INFO - Filling up the DagBag from /home/airflow/.local/lib/python3.7/site-packages/airflow/example_dags/example_complex.py
[2023-03-28T02:31:38.368+0000] {logging_mixin.py:137} INFO - [2023-03-28T02:31:38.368+0000] {taskmixin.py:211} WARNING - Dependency <Task(BashOperator): create_entry_group>, delete_entry_group already registered for DAG: example_complex
[2023-03-28T02:31:38.369+0000] {logging_mixin.py:137} INFO - [2023-03-28T02:31:38.369+0000] {taskmixin.py:211} WARNING - Dependency <Task(BashOperator): delete_entry_group>, create_entry_group already registered for DAG: example_complex
[2023-03-28T02:31:38.371+0000] {logging_mixin.py:137} INFO - [2023-03-28T02:31:38.371+0000] {taskmixin.py:211} WARNING - Dependency <Task(BashOperator): create_entry_gcs>, delete_entry already registered for DAG: example_complex
[2023-03-28T02:31:38.372+0000] {logging_mixin.py:137} INFO - [2023-03-28T02:31:38.372+0000] {taskmixin.py:211} WARNING - Dependency <Task(BashOperator): delete_entry>, create_entry_gcs already registered for DAG: example_complex
[2023-03-28T02:31:38.372+0000] {logging_mixin.py:137} INFO - [2023-03-28T02:31:38.372+0000] {taskmixin.py:211} WARNING - Dependency <Task(BashOperator): create_tag>, delete_tag already registered for DAG: example_complex
[2023-03-28T02:31:38.373+0000] {logging_mixin.py:137} INFO - [2023-03-28T02:31:38.373+0000] {taskmixin.py:211} WARNING - Dependency <Task(BashOperator): delete_tag>, create_tag already registered for DAG: example_complex
[2023-03-28T02:31:38.381+0000] {processor.py:753} INFO - DAG(s) dict_keys(['example_complex']) retrieved from /home/airflow/.local/lib/python3.7/site-packages/airflow/example_dags/example_complex.py
[2023-03-28T02:31:38.417+0000] {logging_mixin.py:137} INFO - [2023-03-28T02:31:38.417+0000] {dag.py:2693} INFO - Sync 1 DAGs
[2023-03-28T02:31:38.446+0000] {logging_mixin.py:137} INFO - [2023-03-28T02:31:38.446+0000] {dag.py:3444} INFO - Setting next_dagrun for example_complex to None, run_after=None
[2023-03-28T02:31:38.463+0000] {processor.py:175} INFO - Processing /home/airflow/.local/lib/python3.7/site-packages/airflow/example_dags/example_complex.py took 0.109 seconds
[2023-03-28T02:32:09.280+0000] {processor.py:153} INFO - Started process (PID=686) to work on /home/airflow/.local/lib/python3.7/site-packages/airflow/example_dags/example_complex.py
[2023-03-28T02:32:09.282+0000] {processor.py:743} INFO - Processing file /home/airflow/.local/lib/python3.7/site-packages/airflow/example_dags/example_complex.py for tasks to queue
[2023-03-28T02:32:09.283+0000] {logging_mixin.py:137} INFO - [2023-03-28T02:32:09.283+0000] {dagbag.py:532} INFO - Filling up the DagBag from /home/airflow/.local/lib/python3.7/site-packages/airflow/example_dags/example_complex.py
[2023-03-28T02:32:09.292+0000] {logging_mixin.py:137} INFO - [2023-03-28T02:32:09.292+0000] {taskmixin.py:211} WARNING - Dependency <Task(BashOperator): create_entry_group>, delete_entry_group already registered for DAG: example_complex
[2023-03-28T02:32:09.293+0000] {logging_mixin.py:137} INFO - [2023-03-28T02:32:09.293+0000] {taskmixin.py:211} WARNING - Dependency <Task(BashOperator): delete_entry_group>, create_entry_group already registered for DAG: example_complex
[2023-03-28T02:32:09.294+0000] {logging_mixin.py:137} INFO - [2023-03-28T02:32:09.294+0000] {taskmixin.py:211} WARNING - Dependency <Task(BashOperator): create_entry_gcs>, delete_entry already registered for DAG: example_complex
[2023-03-28T02:32:09.294+0000] {logging_mixin.py:137} INFO - [2023-03-28T02:32:09.294+0000] {taskmixin.py:211} WARNING - Dependency <Task(BashOperator): delete_entry>, create_entry_gcs already registered for DAG: example_complex
[2023-03-28T02:32:09.295+0000] {logging_mixin.py:137} INFO - [2023-03-28T02:32:09.295+0000] {taskmixin.py:211} WARNING - Dependency <Task(BashOperator): create_tag>, delete_tag already registered for DAG: example_complex
[2023-03-28T02:32:09.297+0000] {logging_mixin.py:137} INFO - [2023-03-28T02:32:09.296+0000] {taskmixin.py:211} WARNING - Dependency <Task(BashOperator): delete_tag>, create_tag already registered for DAG: example_complex
[2023-03-28T02:32:09.302+0000] {processor.py:753} INFO - DAG(s) dict_keys(['example_complex']) retrieved from /home/airflow/.local/lib/python3.7/site-packages/airflow/example_dags/example_complex.py
[2023-03-28T02:32:09.326+0000] {logging_mixin.py:137} INFO - [2023-03-28T02:32:09.326+0000] {dag.py:2693} INFO - Sync 1 DAGs
[2023-03-28T02:32:09.342+0000] {logging_mixin.py:137} INFO - [2023-03-28T02:32:09.342+0000] {dag.py:3444} INFO - Setting next_dagrun for example_complex to None, run_after=None
[2023-03-28T02:32:09.355+0000] {processor.py:175} INFO - Processing /home/airflow/.local/lib/python3.7/site-packages/airflow/example_dags/example_complex.py took 0.077 seconds
[2023-03-28T02:32:39.988+0000] {processor.py:153} INFO - Started process (PID=735) to work on /home/airflow/.local/lib/python3.7/site-packages/airflow/example_dags/example_complex.py
[2023-03-28T02:32:39.989+0000] {processor.py:743} INFO - Processing file /home/airflow/.local/lib/python3.7/site-packages/airflow/example_dags/example_complex.py for tasks to queue
[2023-03-28T02:32:39.990+0000] {logging_mixin.py:137} INFO - [2023-03-28T02:32:39.990+0000] {dagbag.py:532} INFO - Filling up the DagBag from /home/airflow/.local/lib/python3.7/site-packages/airflow/example_dags/example_complex.py
[2023-03-28T02:32:39.999+0000] {logging_mixin.py:137} INFO - [2023-03-28T02:32:39.999+0000] {taskmixin.py:211} WARNING - Dependency <Task(BashOperator): create_entry_group>, delete_entry_group already registered for DAG: example_complex
[2023-03-28T02:32:40.000+0000] {logging_mixin.py:137} INFO - [2023-03-28T02:32:40.000+0000] {taskmixin.py:211} WARNING - Dependency <Task(BashOperator): delete_entry_group>, create_entry_group already registered for DAG: example_complex
[2023-03-28T02:32:40.001+0000] {logging_mixin.py:137} INFO - [2023-03-28T02:32:40.001+0000] {taskmixin.py:211} WARNING - Dependency <Task(BashOperator): create_entry_gcs>, delete_entry already registered for DAG: example_complex
[2023-03-28T02:32:40.002+0000] {logging_mixin.py:137} INFO - [2023-03-28T02:32:40.002+0000] {taskmixin.py:211} WARNING - Dependency <Task(BashOperator): delete_entry>, create_entry_gcs already registered for DAG: example_complex
[2023-03-28T02:32:40.003+0000] {logging_mixin.py:137} INFO - [2023-03-28T02:32:40.003+0000] {taskmixin.py:211} WARNING - Dependency <Task(BashOperator): create_tag>, delete_tag already registered for DAG: example_complex
[2023-03-28T02:32:40.003+0000] {logging_mixin.py:137} INFO - [2023-03-28T02:32:40.003+0000] {taskmixin.py:211} WARNING - Dependency <Task(BashOperator): delete_tag>, create_tag already registered for DAG: example_complex
[2023-03-28T02:32:40.009+0000] {processor.py:753} INFO - DAG(s) dict_keys(['example_complex']) retrieved from /home/airflow/.local/lib/python3.7/site-packages/airflow/example_dags/example_complex.py
[2023-03-28T02:32:40.032+0000] {logging_mixin.py:137} INFO - [2023-03-28T02:32:40.032+0000] {dag.py:2693} INFO - Sync 1 DAGs
[2023-03-28T02:32:40.048+0000] {logging_mixin.py:137} INFO - [2023-03-28T02:32:40.048+0000] {dag.py:3444} INFO - Setting next_dagrun for example_complex to None, run_after=None
[2023-03-28T02:32:40.061+0000] {processor.py:175} INFO - Processing /home/airflow/.local/lib/python3.7/site-packages/airflow/example_dags/example_complex.py took 0.075 seconds
[2023-03-28T02:33:10.804+0000] {processor.py:153} INFO - Started process (PID=784) to work on /home/airflow/.local/lib/python3.7/site-packages/airflow/example_dags/example_complex.py
[2023-03-28T02:33:10.807+0000] {processor.py:743} INFO - Processing file /home/airflow/.local/lib/python3.7/site-packages/airflow/example_dags/example_complex.py for tasks to queue
[2023-03-28T02:33:10.811+0000] {logging_mixin.py:137} INFO - [2023-03-28T02:33:10.810+0000] {dagbag.py:532} INFO - Filling up the DagBag from /home/airflow/.local/lib/python3.7/site-packages/airflow/example_dags/example_complex.py
[2023-03-28T02:33:10.820+0000] {logging_mixin.py:137} INFO - [2023-03-28T02:33:10.820+0000] {taskmixin.py:211} WARNING - Dependency <Task(BashOperator): create_entry_group>, delete_entry_group already registered for DAG: example_complex
[2023-03-28T02:33:10.823+0000] {logging_mixin.py:137} INFO - [2023-03-28T02:33:10.822+0000] {taskmixin.py:211} WARNING - Dependency <Task(BashOperator): delete_entry_group>, create_entry_group already registered for DAG: example_complex
[2023-03-28T02:33:10.824+0000] {logging_mixin.py:137} INFO - [2023-03-28T02:33:10.824+0000] {taskmixin.py:211} WARNING - Dependency <Task(BashOperator): create_entry_gcs>, delete_entry already registered for DAG: example_complex
[2023-03-28T02:33:10.826+0000] {logging_mixin.py:137} INFO - [2023-03-28T02:33:10.826+0000] {taskmixin.py:211} WARNING - Dependency <Task(BashOperator): delete_entry>, create_entry_gcs already registered for DAG: example_complex
[2023-03-28T02:33:10.827+0000] {logging_mixin.py:137} INFO - [2023-03-28T02:33:10.827+0000] {taskmixin.py:211} WARNING - Dependency <Task(BashOperator): create_tag>, delete_tag already registered for DAG: example_complex
[2023-03-28T02:33:10.828+0000] {logging_mixin.py:137} INFO - [2023-03-28T02:33:10.828+0000] {taskmixin.py:211} WARNING - Dependency <Task(BashOperator): delete_tag>, create_tag already registered for DAG: example_complex
[2023-03-28T02:33:10.834+0000] {processor.py:753} INFO - DAG(s) dict_keys(['example_complex']) retrieved from /home/airflow/.local/lib/python3.7/site-packages/airflow/example_dags/example_complex.py
[2023-03-28T02:33:10.882+0000] {logging_mixin.py:137} INFO - [2023-03-28T02:33:10.882+0000] {dag.py:2693} INFO - Sync 1 DAGs
[2023-03-28T02:33:10.926+0000] {logging_mixin.py:137} INFO - [2023-03-28T02:33:10.925+0000] {dag.py:3444} INFO - Setting next_dagrun for example_complex to None, run_after=None
[2023-03-28T02:33:10.942+0000] {processor.py:175} INFO - Processing /home/airflow/.local/lib/python3.7/site-packages/airflow/example_dags/example_complex.py took 0.142 seconds
[2023-03-28T02:33:41.606+0000] {processor.py:153} INFO - Started process (PID=833) to work on /home/airflow/.local/lib/python3.7/site-packages/airflow/example_dags/example_complex.py
[2023-03-28T02:33:41.607+0000] {processor.py:743} INFO - Processing file /home/airflow/.local/lib/python3.7/site-packages/airflow/example_dags/example_complex.py for tasks to queue
[2023-03-28T02:33:41.608+0000] {logging_mixin.py:137} INFO - [2023-03-28T02:33:41.608+0000] {dagbag.py:532} INFO - Filling up the DagBag from /home/airflow/.local/lib/python3.7/site-packages/airflow/example_dags/example_complex.py
[2023-03-28T02:33:41.617+0000] {logging_mixin.py:137} INFO - [2023-03-28T02:33:41.617+0000] {taskmixin.py:211} WARNING - Dependency <Task(BashOperator): create_entry_group>, delete_entry_group already registered for DAG: example_complex
[2023-03-28T02:33:41.618+0000] {logging_mixin.py:137} INFO - [2023-03-28T02:33:41.618+0000] {taskmixin.py:211} WARNING - Dependency <Task(BashOperator): delete_entry_group>, create_entry_group already registered for DAG: example_complex
[2023-03-28T02:33:41.619+0000] {logging_mixin.py:137} INFO - [2023-03-28T02:33:41.619+0000] {taskmixin.py:211} WARNING - Dependency <Task(BashOperator): create_entry_gcs>, delete_entry already registered for DAG: example_complex
[2023-03-28T02:33:41.620+0000] {logging_mixin.py:137} INFO - [2023-03-28T02:33:41.620+0000] {taskmixin.py:211} WARNING - Dependency <Task(BashOperator): delete_entry>, create_entry_gcs already registered for DAG: example_complex
[2023-03-28T02:33:41.622+0000] {logging_mixin.py:137} INFO - [2023-03-28T02:33:41.622+0000] {taskmixin.py:211} WARNING - Dependency <Task(BashOperator): create_tag>, delete_tag already registered for DAG: example_complex
[2023-03-28T02:33:41.622+0000] {logging_mixin.py:137} INFO - [2023-03-28T02:33:41.622+0000] {taskmixin.py:211} WARNING - Dependency <Task(BashOperator): delete_tag>, create_tag already registered for DAG: example_complex
[2023-03-28T02:33:41.628+0000] {processor.py:753} INFO - DAG(s) dict_keys(['example_complex']) retrieved from /home/airflow/.local/lib/python3.7/site-packages/airflow/example_dags/example_complex.py
[2023-03-28T02:33:41.653+0000] {logging_mixin.py:137} INFO - [2023-03-28T02:33:41.653+0000] {dag.py:2693} INFO - Sync 1 DAGs
[2023-03-28T02:33:41.670+0000] {logging_mixin.py:137} INFO - [2023-03-28T02:33:41.669+0000] {dag.py:3444} INFO - Setting next_dagrun for example_complex to None, run_after=None
[2023-03-28T02:33:41.684+0000] {processor.py:175} INFO - Processing /home/airflow/.local/lib/python3.7/site-packages/airflow/example_dags/example_complex.py took 0.080 seconds
[2023-03-28T02:34:12.020+0000] {processor.py:153} INFO - Started process (PID=882) to work on /home/airflow/.local/lib/python3.7/site-packages/airflow/example_dags/example_complex.py
[2023-03-28T02:34:12.023+0000] {processor.py:743} INFO - Processing file /home/airflow/.local/lib/python3.7/site-packages/airflow/example_dags/example_complex.py for tasks to queue
[2023-03-28T02:34:12.024+0000] {logging_mixin.py:137} INFO - [2023-03-28T02:34:12.024+0000] {dagbag.py:532} INFO - Filling up the DagBag from /home/airflow/.local/lib/python3.7/site-packages/airflow/example_dags/example_complex.py
[2023-03-28T02:34:12.032+0000] {logging_mixin.py:137} INFO - [2023-03-28T02:34:12.032+0000] {taskmixin.py:211} WARNING - Dependency <Task(BashOperator): create_entry_group>, delete_entry_group already registered for DAG: example_complex
[2023-03-28T02:34:12.033+0000] {logging_mixin.py:137} INFO - [2023-03-28T02:34:12.033+0000] {taskmixin.py:211} WARNING - Dependency <Task(BashOperator): delete_entry_group>, create_entry_group already registered for DAG: example_complex
[2023-03-28T02:34:12.034+0000] {logging_mixin.py:137} INFO - [2023-03-28T02:34:12.034+0000] {taskmixin.py:211} WARNING - Dependency <Task(BashOperator): create_entry_gcs>, delete_entry already registered for DAG: example_complex
[2023-03-28T02:34:12.035+0000] {logging_mixin.py:137} INFO - [2023-03-28T02:34:12.035+0000] {taskmixin.py:211} WARNING - Dependency <Task(BashOperator): delete_entry>, create_entry_gcs already registered for DAG: example_complex
[2023-03-28T02:34:12.036+0000] {logging_mixin.py:137} INFO - [2023-03-28T02:34:12.036+0000] {taskmixin.py:211} WARNING - Dependency <Task(BashOperator): create_tag>, delete_tag already registered for DAG: example_complex
[2023-03-28T02:34:12.037+0000] {logging_mixin.py:137} INFO - [2023-03-28T02:34:12.036+0000] {taskmixin.py:211} WARNING - Dependency <Task(BashOperator): delete_tag>, create_tag already registered for DAG: example_complex
[2023-03-28T02:34:12.043+0000] {processor.py:753} INFO - DAG(s) dict_keys(['example_complex']) retrieved from /home/airflow/.local/lib/python3.7/site-packages/airflow/example_dags/example_complex.py
[2023-03-28T02:34:12.070+0000] {logging_mixin.py:137} INFO - [2023-03-28T02:34:12.069+0000] {dag.py:2693} INFO - Sync 1 DAGs
[2023-03-28T02:34:12.086+0000] {logging_mixin.py:137} INFO - [2023-03-28T02:34:12.086+0000] {dag.py:3444} INFO - Setting next_dagrun for example_complex to None, run_after=None
[2023-03-28T02:34:12.098+0000] {processor.py:175} INFO - Processing /home/airflow/.local/lib/python3.7/site-packages/airflow/example_dags/example_complex.py took 0.080 seconds
[2023-03-28T02:34:42.472+0000] {processor.py:153} INFO - Started process (PID=931) to work on /home/airflow/.local/lib/python3.7/site-packages/airflow/example_dags/example_complex.py
[2023-03-28T02:34:42.473+0000] {processor.py:743} INFO - Processing file /home/airflow/.local/lib/python3.7/site-packages/airflow/example_dags/example_complex.py for tasks to queue
[2023-03-28T02:34:42.474+0000] {logging_mixin.py:137} INFO - [2023-03-28T02:34:42.474+0000] {dagbag.py:532} INFO - Filling up the DagBag from /home/airflow/.local/lib/python3.7/site-packages/airflow/example_dags/example_complex.py
[2023-03-28T02:34:42.482+0000] {logging_mixin.py:137} INFO - [2023-03-28T02:34:42.482+0000] {taskmixin.py:211} WARNING - Dependency <Task(BashOperator): create_entry_group>, delete_entry_group already registered for DAG: example_complex
[2023-03-28T02:34:42.483+0000] {logging_mixin.py:137} INFO - [2023-03-28T02:34:42.483+0000] {taskmixin.py:211} WARNING - Dependency <Task(BashOperator): delete_entry_group>, create_entry_group already registered for DAG: example_complex
[2023-03-28T02:34:42.484+0000] {logging_mixin.py:137} INFO - [2023-03-28T02:34:42.484+0000] {taskmixin.py:211} WARNING - Dependency <Task(BashOperator): create_entry_gcs>, delete_entry already registered for DAG: example_complex
[2023-03-28T02:34:42.485+0000] {logging_mixin.py:137} INFO - [2023-03-28T02:34:42.485+0000] {taskmixin.py:211} WARNING - Dependency <Task(BashOperator): delete_entry>, create_entry_gcs already registered for DAG: example_complex
[2023-03-28T02:34:42.486+0000] {logging_mixin.py:137} INFO - [2023-03-28T02:34:42.486+0000] {taskmixin.py:211} WARNING - Dependency <Task(BashOperator): create_tag>, delete_tag already registered for DAG: example_complex
[2023-03-28T02:34:42.487+0000] {logging_mixin.py:137} INFO - [2023-03-28T02:34:42.487+0000] {taskmixin.py:211} WARNING - Dependency <Task(BashOperator): delete_tag>, create_tag already registered for DAG: example_complex
[2023-03-28T02:34:42.493+0000] {processor.py:753} INFO - DAG(s) dict_keys(['example_complex']) retrieved from /home/airflow/.local/lib/python3.7/site-packages/airflow/example_dags/example_complex.py
[2023-03-28T02:34:42.515+0000] {logging_mixin.py:137} INFO - [2023-03-28T02:34:42.515+0000] {dag.py:2693} INFO - Sync 1 DAGs
[2023-03-28T02:34:42.530+0000] {logging_mixin.py:137} INFO - [2023-03-28T02:34:42.530+0000] {dag.py:3444} INFO - Setting next_dagrun for example_complex to None, run_after=None
[2023-03-28T02:34:42.543+0000] {processor.py:175} INFO - Processing /home/airflow/.local/lib/python3.7/site-packages/airflow/example_dags/example_complex.py took 0.074 seconds
[2023-03-28T02:35:13.147+0000] {processor.py:153} INFO - Started process (PID=980) to work on /home/airflow/.local/lib/python3.7/site-packages/airflow/example_dags/example_complex.py
[2023-03-28T02:35:13.148+0000] {processor.py:743} INFO - Processing file /home/airflow/.local/lib/python3.7/site-packages/airflow/example_dags/example_complex.py for tasks to queue
[2023-03-28T02:35:13.149+0000] {logging_mixin.py:137} INFO - [2023-03-28T02:35:13.149+0000] {dagbag.py:532} INFO - Filling up the DagBag from /home/airflow/.local/lib/python3.7/site-packages/airflow/example_dags/example_complex.py
[2023-03-28T02:35:13.157+0000] {logging_mixin.py:137} INFO - [2023-03-28T02:35:13.157+0000] {taskmixin.py:211} WARNING - Dependency <Task(BashOperator): create_entry_group>, delete_entry_group already registered for DAG: example_complex
[2023-03-28T02:35:13.158+0000] {logging_mixin.py:137} INFO - [2023-03-28T02:35:13.158+0000] {taskmixin.py:211} WARNING - Dependency <Task(BashOperator): delete_entry_group>, create_entry_group already registered for DAG: example_complex
[2023-03-28T02:35:13.159+0000] {logging_mixin.py:137} INFO - [2023-03-28T02:35:13.159+0000] {taskmixin.py:211} WARNING - Dependency <Task(BashOperator): create_entry_gcs>, delete_entry already registered for DAG: example_complex
[2023-03-28T02:35:13.159+0000] {logging_mixin.py:137} INFO - [2023-03-28T02:35:13.159+0000] {taskmixin.py:211} WARNING - Dependency <Task(BashOperator): delete_entry>, create_entry_gcs already registered for DAG: example_complex
[2023-03-28T02:35:13.160+0000] {logging_mixin.py:137} INFO - [2023-03-28T02:35:13.160+0000] {taskmixin.py:211} WARNING - Dependency <Task(BashOperator): create_tag>, delete_tag already registered for DAG: example_complex
[2023-03-28T02:35:13.161+0000] {logging_mixin.py:137} INFO - [2023-03-28T02:35:13.161+0000] {taskmixin.py:211} WARNING - Dependency <Task(BashOperator): delete_tag>, create_tag already registered for DAG: example_complex
[2023-03-28T02:35:13.167+0000] {processor.py:753} INFO - DAG(s) dict_keys(['example_complex']) retrieved from /home/airflow/.local/lib/python3.7/site-packages/airflow/example_dags/example_complex.py
[2023-03-28T02:35:13.191+0000] {logging_mixin.py:137} INFO - [2023-03-28T02:35:13.191+0000] {dag.py:2693} INFO - Sync 1 DAGs
[2023-03-28T02:35:13.207+0000] {logging_mixin.py:137} INFO - [2023-03-28T02:35:13.207+0000] {dag.py:3444} INFO - Setting next_dagrun for example_complex to None, run_after=None
[2023-03-28T02:35:13.219+0000] {processor.py:175} INFO - Processing /home/airflow/.local/lib/python3.7/site-packages/airflow/example_dags/example_complex.py took 0.075 seconds
[2023-03-28T02:35:43.569+0000] {processor.py:153} INFO - Started process (PID=1031) to work on /home/airflow/.local/lib/python3.7/site-packages/airflow/example_dags/example_complex.py
[2023-03-28T02:35:43.571+0000] {processor.py:743} INFO - Processing file /home/airflow/.local/lib/python3.7/site-packages/airflow/example_dags/example_complex.py for tasks to queue
[2023-03-28T02:35:43.572+0000] {logging_mixin.py:137} INFO - [2023-03-28T02:35:43.572+0000] {dagbag.py:532} INFO - Filling up the DagBag from /home/airflow/.local/lib/python3.7/site-packages/airflow/example_dags/example_complex.py
[2023-03-28T02:35:43.580+0000] {logging_mixin.py:137} INFO - [2023-03-28T02:35:43.580+0000] {taskmixin.py:211} WARNING - Dependency <Task(BashOperator): create_entry_group>, delete_entry_group already registered for DAG: example_complex
[2023-03-28T02:35:43.581+0000] {logging_mixin.py:137} INFO - [2023-03-28T02:35:43.581+0000] {taskmixin.py:211} WARNING - Dependency <Task(BashOperator): delete_entry_group>, create_entry_group already registered for DAG: example_complex
[2023-03-28T02:35:43.582+0000] {logging_mixin.py:137} INFO - [2023-03-28T02:35:43.582+0000] {taskmixin.py:211} WARNING - Dependency <Task(BashOperator): create_entry_gcs>, delete_entry already registered for DAG: example_complex
[2023-03-28T02:35:43.583+0000] {logging_mixin.py:137} INFO - [2023-03-28T02:35:43.583+0000] {taskmixin.py:211} WARNING - Dependency <Task(BashOperator): delete_entry>, create_entry_gcs already registered for DAG: example_complex
[2023-03-28T02:35:43.584+0000] {logging_mixin.py:137} INFO - [2023-03-28T02:35:43.584+0000] {taskmixin.py:211} WARNING - Dependency <Task(BashOperator): create_tag>, delete_tag already registered for DAG: example_complex
[2023-03-28T02:35:43.584+0000] {logging_mixin.py:137} INFO - [2023-03-28T02:35:43.584+0000] {taskmixin.py:211} WARNING - Dependency <Task(BashOperator): delete_tag>, create_tag already registered for DAG: example_complex
[2023-03-28T02:35:43.590+0000] {processor.py:753} INFO - DAG(s) dict_keys(['example_complex']) retrieved from /home/airflow/.local/lib/python3.7/site-packages/airflow/example_dags/example_complex.py
[2023-03-28T02:35:43.619+0000] {logging_mixin.py:137} INFO - [2023-03-28T02:35:43.619+0000] {dag.py:2693} INFO - Sync 1 DAGs
[2023-03-28T02:35:43.637+0000] {logging_mixin.py:137} INFO - [2023-03-28T02:35:43.636+0000] {dag.py:3444} INFO - Setting next_dagrun for example_complex to None, run_after=None
[2023-03-28T02:35:43.650+0000] {processor.py:175} INFO - Processing /home/airflow/.local/lib/python3.7/site-packages/airflow/example_dags/example_complex.py took 0.084 seconds
[2023-03-28T02:36:13.920+0000] {processor.py:153} INFO - Started process (PID=1081) to work on /home/airflow/.local/lib/python3.7/site-packages/airflow/example_dags/example_complex.py
[2023-03-28T02:36:13.922+0000] {processor.py:743} INFO - Processing file /home/airflow/.local/lib/python3.7/site-packages/airflow/example_dags/example_complex.py for tasks to queue
[2023-03-28T02:36:13.923+0000] {logging_mixin.py:137} INFO - [2023-03-28T02:36:13.923+0000] {dagbag.py:532} INFO - Filling up the DagBag from /home/airflow/.local/lib/python3.7/site-packages/airflow/example_dags/example_complex.py
[2023-03-28T02:36:13.932+0000] {logging_mixin.py:137} INFO - [2023-03-28T02:36:13.932+0000] {taskmixin.py:211} WARNING - Dependency <Task(BashOperator): create_entry_group>, delete_entry_group already registered for DAG: example_complex
[2023-03-28T02:36:13.933+0000] {logging_mixin.py:137} INFO - [2023-03-28T02:36:13.933+0000] {taskmixin.py:211} WARNING - Dependency <Task(BashOperator): delete_entry_group>, create_entry_group already registered for DAG: example_complex
[2023-03-28T02:36:13.934+0000] {logging_mixin.py:137} INFO - [2023-03-28T02:36:13.934+0000] {taskmixin.py:211} WARNING - Dependency <Task(BashOperator): create_entry_gcs>, delete_entry already registered for DAG: example_complex
[2023-03-28T02:36:13.936+0000] {logging_mixin.py:137} INFO - [2023-03-28T02:36:13.936+0000] {taskmixin.py:211} WARNING - Dependency <Task(BashOperator): delete_entry>, create_entry_gcs already registered for DAG: example_complex
[2023-03-28T02:36:13.937+0000] {logging_mixin.py:137} INFO - [2023-03-28T02:36:13.936+0000] {taskmixin.py:211} WARNING - Dependency <Task(BashOperator): create_tag>, delete_tag already registered for DAG: example_complex
[2023-03-28T02:36:13.937+0000] {logging_mixin.py:137} INFO - [2023-03-28T02:36:13.937+0000] {taskmixin.py:211} WARNING - Dependency <Task(BashOperator): delete_tag>, create_tag already registered for DAG: example_complex
[2023-03-28T02:36:13.945+0000] {processor.py:753} INFO - DAG(s) dict_keys(['example_complex']) retrieved from /home/airflow/.local/lib/python3.7/site-packages/airflow/example_dags/example_complex.py
[2023-03-28T02:36:13.969+0000] {logging_mixin.py:137} INFO - [2023-03-28T02:36:13.969+0000] {dag.py:2693} INFO - Sync 1 DAGs
[2023-03-28T02:36:13.985+0000] {logging_mixin.py:137} INFO - [2023-03-28T02:36:13.985+0000] {dag.py:3444} INFO - Setting next_dagrun for example_complex to None, run_after=None
[2023-03-28T02:36:13.997+0000] {processor.py:175} INFO - Processing /home/airflow/.local/lib/python3.7/site-packages/airflow/example_dags/example_complex.py took 0.080 seconds
[2023-03-28T02:36:44.363+0000] {processor.py:153} INFO - Started process (PID=1130) to work on /home/airflow/.local/lib/python3.7/site-packages/airflow/example_dags/example_complex.py
[2023-03-28T02:36:44.364+0000] {processor.py:743} INFO - Processing file /home/airflow/.local/lib/python3.7/site-packages/airflow/example_dags/example_complex.py for tasks to queue
[2023-03-28T02:36:44.365+0000] {logging_mixin.py:137} INFO - [2023-03-28T02:36:44.365+0000] {dagbag.py:532} INFO - Filling up the DagBag from /home/airflow/.local/lib/python3.7/site-packages/airflow/example_dags/example_complex.py
[2023-03-28T02:36:44.375+0000] {logging_mixin.py:137} INFO - [2023-03-28T02:36:44.375+0000] {taskmixin.py:211} WARNING - Dependency <Task(BashOperator): create_entry_group>, delete_entry_group already registered for DAG: example_complex
[2023-03-28T02:36:44.376+0000] {logging_mixin.py:137} INFO - [2023-03-28T02:36:44.376+0000] {taskmixin.py:211} WARNING - Dependency <Task(BashOperator): delete_entry_group>, create_entry_group already registered for DAG: example_complex
[2023-03-28T02:36:44.377+0000] {logging_mixin.py:137} INFO - [2023-03-28T02:36:44.377+0000] {taskmixin.py:211} WARNING - Dependency <Task(BashOperator): create_entry_gcs>, delete_entry already registered for DAG: example_complex
[2023-03-28T02:36:44.378+0000] {logging_mixin.py:137} INFO - [2023-03-28T02:36:44.378+0000] {taskmixin.py:211} WARNING - Dependency <Task(BashOperator): delete_entry>, create_entry_gcs already registered for DAG: example_complex
[2023-03-28T02:36:44.379+0000] {logging_mixin.py:137} INFO - [2023-03-28T02:36:44.379+0000] {taskmixin.py:211} WARNING - Dependency <Task(BashOperator): create_tag>, delete_tag already registered for DAG: example_complex
[2023-03-28T02:36:44.386+0000] {logging_mixin.py:137} INFO - [2023-03-28T02:36:44.386+0000] {taskmixin.py:211} WARNING - Dependency <Task(BashOperator): delete_tag>, create_tag already registered for DAG: example_complex
[2023-03-28T02:36:44.392+0000] {processor.py:753} INFO - DAG(s) dict_keys(['example_complex']) retrieved from /home/airflow/.local/lib/python3.7/site-packages/airflow/example_dags/example_complex.py
[2023-03-28T02:36:44.418+0000] {logging_mixin.py:137} INFO - [2023-03-28T02:36:44.418+0000] {dag.py:2693} INFO - Sync 1 DAGs
[2023-03-28T02:36:44.437+0000] {logging_mixin.py:137} INFO - [2023-03-28T02:36:44.437+0000] {dag.py:3444} INFO - Setting next_dagrun for example_complex to None, run_after=None
[2023-03-28T02:36:44.451+0000] {processor.py:175} INFO - Processing /home/airflow/.local/lib/python3.7/site-packages/airflow/example_dags/example_complex.py took 0.091 seconds
[2023-03-28T02:37:14.843+0000] {processor.py:153} INFO - Started process (PID=1180) to work on /home/airflow/.local/lib/python3.7/site-packages/airflow/example_dags/example_complex.py
[2023-03-28T02:37:14.845+0000] {processor.py:743} INFO - Processing file /home/airflow/.local/lib/python3.7/site-packages/airflow/example_dags/example_complex.py for tasks to queue
[2023-03-28T02:37:14.846+0000] {logging_mixin.py:137} INFO - [2023-03-28T02:37:14.846+0000] {dagbag.py:532} INFO - Filling up the DagBag from /home/airflow/.local/lib/python3.7/site-packages/airflow/example_dags/example_complex.py
[2023-03-28T02:37:14.855+0000] {logging_mixin.py:137} INFO - [2023-03-28T02:37:14.855+0000] {taskmixin.py:211} WARNING - Dependency <Task(BashOperator): create_entry_group>, delete_entry_group already registered for DAG: example_complex
[2023-03-28T02:37:14.856+0000] {logging_mixin.py:137} INFO - [2023-03-28T02:37:14.856+0000] {taskmixin.py:211} WARNING - Dependency <Task(BashOperator): delete_entry_group>, create_entry_group already registered for DAG: example_complex
[2023-03-28T02:37:14.857+0000] {logging_mixin.py:137} INFO - [2023-03-28T02:37:14.857+0000] {taskmixin.py:211} WARNING - Dependency <Task(BashOperator): create_entry_gcs>, delete_entry already registered for DAG: example_complex
[2023-03-28T02:37:14.859+0000] {logging_mixin.py:137} INFO - [2023-03-28T02:37:14.859+0000] {taskmixin.py:211} WARNING - Dependency <Task(BashOperator): delete_entry>, create_entry_gcs already registered for DAG: example_complex
[2023-03-28T02:37:14.860+0000] {logging_mixin.py:137} INFO - [2023-03-28T02:37:14.860+0000] {taskmixin.py:211} WARNING - Dependency <Task(BashOperator): create_tag>, delete_tag already registered for DAG: example_complex
[2023-03-28T02:37:14.861+0000] {logging_mixin.py:137} INFO - [2023-03-28T02:37:14.861+0000] {taskmixin.py:211} WARNING - Dependency <Task(BashOperator): delete_tag>, create_tag already registered for DAG: example_complex
[2023-03-28T02:37:14.866+0000] {processor.py:753} INFO - DAG(s) dict_keys(['example_complex']) retrieved from /home/airflow/.local/lib/python3.7/site-packages/airflow/example_dags/example_complex.py
[2023-03-28T02:37:14.906+0000] {logging_mixin.py:137} INFO - [2023-03-28T02:37:14.906+0000] {dag.py:2693} INFO - Sync 1 DAGs
[2023-03-28T02:37:14.922+0000] {logging_mixin.py:137} INFO - [2023-03-28T02:37:14.922+0000] {dag.py:3444} INFO - Setting next_dagrun for example_complex to None, run_after=None
[2023-03-28T02:37:14.933+0000] {processor.py:175} INFO - Processing /home/airflow/.local/lib/python3.7/site-packages/airflow/example_dags/example_complex.py took 0.092 seconds
[2023-03-28T02:37:45.343+0000] {processor.py:153} INFO - Started process (PID=1229) to work on /home/airflow/.local/lib/python3.7/site-packages/airflow/example_dags/example_complex.py
[2023-03-28T02:37:45.344+0000] {processor.py:743} INFO - Processing file /home/airflow/.local/lib/python3.7/site-packages/airflow/example_dags/example_complex.py for tasks to queue
[2023-03-28T02:37:45.345+0000] {logging_mixin.py:137} INFO - [2023-03-28T02:37:45.345+0000] {dagbag.py:532} INFO - Filling up the DagBag from /home/airflow/.local/lib/python3.7/site-packages/airflow/example_dags/example_complex.py
[2023-03-28T02:37:45.353+0000] {logging_mixin.py:137} INFO - [2023-03-28T02:37:45.352+0000] {taskmixin.py:211} WARNING - Dependency <Task(BashOperator): create_entry_group>, delete_entry_group already registered for DAG: example_complex
[2023-03-28T02:37:45.354+0000] {logging_mixin.py:137} INFO - [2023-03-28T02:37:45.354+0000] {taskmixin.py:211} WARNING - Dependency <Task(BashOperator): delete_entry_group>, create_entry_group already registered for DAG: example_complex
[2023-03-28T02:37:45.355+0000] {logging_mixin.py:137} INFO - [2023-03-28T02:37:45.355+0000] {taskmixin.py:211} WARNING - Dependency <Task(BashOperator): create_entry_gcs>, delete_entry already registered for DAG: example_complex
[2023-03-28T02:37:45.356+0000] {logging_mixin.py:137} INFO - [2023-03-28T02:37:45.356+0000] {taskmixin.py:211} WARNING - Dependency <Task(BashOperator): delete_entry>, create_entry_gcs already registered for DAG: example_complex
[2023-03-28T02:37:45.357+0000] {logging_mixin.py:137} INFO - [2023-03-28T02:37:45.357+0000] {taskmixin.py:211} WARNING - Dependency <Task(BashOperator): create_tag>, delete_tag already registered for DAG: example_complex
[2023-03-28T02:37:45.358+0000] {logging_mixin.py:137} INFO - [2023-03-28T02:37:45.358+0000] {taskmixin.py:211} WARNING - Dependency <Task(BashOperator): delete_tag>, create_tag already registered for DAG: example_complex
[2023-03-28T02:37:45.364+0000] {processor.py:753} INFO - DAG(s) dict_keys(['example_complex']) retrieved from /home/airflow/.local/lib/python3.7/site-packages/airflow/example_dags/example_complex.py
[2023-03-28T02:37:45.388+0000] {logging_mixin.py:137} INFO - [2023-03-28T02:37:45.388+0000] {dag.py:2693} INFO - Sync 1 DAGs
[2023-03-28T02:37:45.403+0000] {logging_mixin.py:137} INFO - [2023-03-28T02:37:45.403+0000] {dag.py:3444} INFO - Setting next_dagrun for example_complex to None, run_after=None
[2023-03-28T02:37:45.415+0000] {processor.py:175} INFO - Processing /home/airflow/.local/lib/python3.7/site-packages/airflow/example_dags/example_complex.py took 0.075 seconds
[2023-03-28T02:38:15.958+0000] {processor.py:153} INFO - Started process (PID=1278) to work on /home/airflow/.local/lib/python3.7/site-packages/airflow/example_dags/example_complex.py
[2023-03-28T02:38:15.960+0000] {processor.py:743} INFO - Processing file /home/airflow/.local/lib/python3.7/site-packages/airflow/example_dags/example_complex.py for tasks to queue
[2023-03-28T02:38:15.961+0000] {logging_mixin.py:137} INFO - [2023-03-28T02:38:15.961+0000] {dagbag.py:532} INFO - Filling up the DagBag from /home/airflow/.local/lib/python3.7/site-packages/airflow/example_dags/example_complex.py
[2023-03-28T02:38:15.970+0000] {logging_mixin.py:137} INFO - [2023-03-28T02:38:15.969+0000] {taskmixin.py:211} WARNING - Dependency <Task(BashOperator): create_entry_group>, delete_entry_group already registered for DAG: example_complex
[2023-03-28T02:38:15.972+0000] {logging_mixin.py:137} INFO - [2023-03-28T02:38:15.972+0000] {taskmixin.py:211} WARNING - Dependency <Task(BashOperator): delete_entry_group>, create_entry_group already registered for DAG: example_complex
[2023-03-28T02:38:15.973+0000] {logging_mixin.py:137} INFO - [2023-03-28T02:38:15.973+0000] {taskmixin.py:211} WARNING - Dependency <Task(BashOperator): create_entry_gcs>, delete_entry already registered for DAG: example_complex
[2023-03-28T02:38:15.974+0000] {logging_mixin.py:137} INFO - [2023-03-28T02:38:15.974+0000] {taskmixin.py:211} WARNING - Dependency <Task(BashOperator): delete_entry>, create_entry_gcs already registered for DAG: example_complex
[2023-03-28T02:38:15.975+0000] {logging_mixin.py:137} INFO - [2023-03-28T02:38:15.975+0000] {taskmixin.py:211} WARNING - Dependency <Task(BashOperator): create_tag>, delete_tag already registered for DAG: example_complex
[2023-03-28T02:38:15.976+0000] {logging_mixin.py:137} INFO - [2023-03-28T02:38:15.976+0000] {taskmixin.py:211} WARNING - Dependency <Task(BashOperator): delete_tag>, create_tag already registered for DAG: example_complex
[2023-03-28T02:38:15.981+0000] {processor.py:753} INFO - DAG(s) dict_keys(['example_complex']) retrieved from /home/airflow/.local/lib/python3.7/site-packages/airflow/example_dags/example_complex.py
[2023-03-28T02:38:16.009+0000] {logging_mixin.py:137} INFO - [2023-03-28T02:38:16.009+0000] {dag.py:2693} INFO - Sync 1 DAGs
[2023-03-28T02:38:16.029+0000] {logging_mixin.py:137} INFO - [2023-03-28T02:38:16.029+0000] {dag.py:3444} INFO - Setting next_dagrun for example_complex to None, run_after=None
[2023-03-28T02:38:16.044+0000] {processor.py:175} INFO - Processing /home/airflow/.local/lib/python3.7/site-packages/airflow/example_dags/example_complex.py took 0.088 seconds
[2023-03-28T02:38:46.370+0000] {processor.py:153} INFO - Started process (PID=1328) to work on /home/airflow/.local/lib/python3.7/site-packages/airflow/example_dags/example_complex.py
[2023-03-28T02:38:46.371+0000] {processor.py:743} INFO - Processing file /home/airflow/.local/lib/python3.7/site-packages/airflow/example_dags/example_complex.py for tasks to queue
[2023-03-28T02:38:46.373+0000] {logging_mixin.py:137} INFO - [2023-03-28T02:38:46.373+0000] {dagbag.py:532} INFO - Filling up the DagBag from /home/airflow/.local/lib/python3.7/site-packages/airflow/example_dags/example_complex.py
[2023-03-28T02:38:46.381+0000] {logging_mixin.py:137} INFO - [2023-03-28T02:38:46.381+0000] {taskmixin.py:211} WARNING - Dependency <Task(BashOperator): create_entry_group>, delete_entry_group already registered for DAG: example_complex
[2023-03-28T02:38:46.383+0000] {logging_mixin.py:137} INFO - [2023-03-28T02:38:46.383+0000] {taskmixin.py:211} WARNING - Dependency <Task(BashOperator): delete_entry_group>, create_entry_group already registered for DAG: example_complex
[2023-03-28T02:38:46.384+0000] {logging_mixin.py:137} INFO - [2023-03-28T02:38:46.384+0000] {taskmixin.py:211} WARNING - Dependency <Task(BashOperator): create_entry_gcs>, delete_entry already registered for DAG: example_complex
[2023-03-28T02:38:46.384+0000] {logging_mixin.py:137} INFO - [2023-03-28T02:38:46.384+0000] {taskmixin.py:211} WARNING - Dependency <Task(BashOperator): delete_entry>, create_entry_gcs already registered for DAG: example_complex
[2023-03-28T02:38:46.385+0000] {logging_mixin.py:137} INFO - [2023-03-28T02:38:46.385+0000] {taskmixin.py:211} WARNING - Dependency <Task(BashOperator): create_tag>, delete_tag already registered for DAG: example_complex
[2023-03-28T02:38:46.386+0000] {logging_mixin.py:137} INFO - [2023-03-28T02:38:46.386+0000] {taskmixin.py:211} WARNING - Dependency <Task(BashOperator): delete_tag>, create_tag already registered for DAG: example_complex
[2023-03-28T02:38:46.392+0000] {processor.py:753} INFO - DAG(s) dict_keys(['example_complex']) retrieved from /home/airflow/.local/lib/python3.7/site-packages/airflow/example_dags/example_complex.py
[2023-03-28T02:38:46.416+0000] {logging_mixin.py:137} INFO - [2023-03-28T02:38:46.416+0000] {dag.py:2693} INFO - Sync 1 DAGs
[2023-03-28T02:38:46.433+0000] {logging_mixin.py:137} INFO - [2023-03-28T02:38:46.433+0000] {dag.py:3444} INFO - Setting next_dagrun for example_complex to None, run_after=None
[2023-03-28T02:38:46.448+0000] {processor.py:175} INFO - Processing /home/airflow/.local/lib/python3.7/site-packages/airflow/example_dags/example_complex.py took 0.080 seconds
[2023-03-28T02:39:16.803+0000] {processor.py:153} INFO - Started process (PID=1377) to work on /home/airflow/.local/lib/python3.7/site-packages/airflow/example_dags/example_complex.py
[2023-03-28T02:39:16.804+0000] {processor.py:743} INFO - Processing file /home/airflow/.local/lib/python3.7/site-packages/airflow/example_dags/example_complex.py for tasks to queue
[2023-03-28T02:39:16.805+0000] {logging_mixin.py:137} INFO - [2023-03-28T02:39:16.805+0000] {dagbag.py:532} INFO - Filling up the DagBag from /home/airflow/.local/lib/python3.7/site-packages/airflow/example_dags/example_complex.py
[2023-03-28T02:39:16.813+0000] {logging_mixin.py:137} INFO - [2023-03-28T02:39:16.813+0000] {taskmixin.py:211} WARNING - Dependency <Task(BashOperator): create_entry_group>, delete_entry_group already registered for DAG: example_complex
[2023-03-28T02:39:16.814+0000] {logging_mixin.py:137} INFO - [2023-03-28T02:39:16.814+0000] {taskmixin.py:211} WARNING - Dependency <Task(BashOperator): delete_entry_group>, create_entry_group already registered for DAG: example_complex
[2023-03-28T02:39:16.815+0000] {logging_mixin.py:137} INFO - [2023-03-28T02:39:16.815+0000] {taskmixin.py:211} WARNING - Dependency <Task(BashOperator): create_entry_gcs>, delete_entry already registered for DAG: example_complex
[2023-03-28T02:39:16.816+0000] {logging_mixin.py:137} INFO - [2023-03-28T02:39:16.816+0000] {taskmixin.py:211} WARNING - Dependency <Task(BashOperator): delete_entry>, create_entry_gcs already registered for DAG: example_complex
[2023-03-28T02:39:16.817+0000] {logging_mixin.py:137} INFO - [2023-03-28T02:39:16.817+0000] {taskmixin.py:211} WARNING - Dependency <Task(BashOperator): create_tag>, delete_tag already registered for DAG: example_complex
[2023-03-28T02:39:16.817+0000] {logging_mixin.py:137} INFO - [2023-03-28T02:39:16.817+0000] {taskmixin.py:211} WARNING - Dependency <Task(BashOperator): delete_tag>, create_tag already registered for DAG: example_complex
[2023-03-28T02:39:16.822+0000] {processor.py:753} INFO - DAG(s) dict_keys(['example_complex']) retrieved from /home/airflow/.local/lib/python3.7/site-packages/airflow/example_dags/example_complex.py
[2023-03-28T02:39:16.848+0000] {logging_mixin.py:137} INFO - [2023-03-28T02:39:16.848+0000] {dag.py:2693} INFO - Sync 1 DAGs
[2023-03-28T02:39:16.864+0000] {logging_mixin.py:137} INFO - [2023-03-28T02:39:16.863+0000] {dag.py:3444} INFO - Setting next_dagrun for example_complex to None, run_after=None
[2023-03-28T02:39:16.876+0000] {processor.py:175} INFO - Processing /home/airflow/.local/lib/python3.7/site-packages/airflow/example_dags/example_complex.py took 0.075 seconds
[2023-03-28T02:39:47.208+0000] {processor.py:153} INFO - Started process (PID=1426) to work on /home/airflow/.local/lib/python3.7/site-packages/airflow/example_dags/example_complex.py
[2023-03-28T02:39:47.211+0000] {processor.py:743} INFO - Processing file /home/airflow/.local/lib/python3.7/site-packages/airflow/example_dags/example_complex.py for tasks to queue
[2023-03-28T02:39:47.213+0000] {logging_mixin.py:137} INFO - [2023-03-28T02:39:47.212+0000] {dagbag.py:532} INFO - Filling up the DagBag from /home/airflow/.local/lib/python3.7/site-packages/airflow/example_dags/example_complex.py
[2023-03-28T02:39:47.223+0000] {logging_mixin.py:137} INFO - [2023-03-28T02:39:47.223+0000] {taskmixin.py:211} WARNING - Dependency <Task(BashOperator): create_entry_group>, delete_entry_group already registered for DAG: example_complex
[2023-03-28T02:39:47.225+0000] {logging_mixin.py:137} INFO - [2023-03-28T02:39:47.225+0000] {taskmixin.py:211} WARNING - Dependency <Task(BashOperator): delete_entry_group>, create_entry_group already registered for DAG: example_complex
[2023-03-28T02:39:47.226+0000] {logging_mixin.py:137} INFO - [2023-03-28T02:39:47.226+0000] {taskmixin.py:211} WARNING - Dependency <Task(BashOperator): create_entry_gcs>, delete_entry already registered for DAG: example_complex
[2023-03-28T02:39:47.227+0000] {logging_mixin.py:137} INFO - [2023-03-28T02:39:47.227+0000] {taskmixin.py:211} WARNING - Dependency <Task(BashOperator): delete_entry>, create_entry_gcs already registered for DAG: example_complex
[2023-03-28T02:39:47.229+0000] {logging_mixin.py:137} INFO - [2023-03-28T02:39:47.229+0000] {taskmixin.py:211} WARNING - Dependency <Task(BashOperator): create_tag>, delete_tag already registered for DAG: example_complex
[2023-03-28T02:39:47.230+0000] {logging_mixin.py:137} INFO - [2023-03-28T02:39:47.230+0000] {taskmixin.py:211} WARNING - Dependency <Task(BashOperator): delete_tag>, create_tag already registered for DAG: example_complex
[2023-03-28T02:39:47.239+0000] {processor.py:753} INFO - DAG(s) dict_keys(['example_complex']) retrieved from /home/airflow/.local/lib/python3.7/site-packages/airflow/example_dags/example_complex.py
[2023-03-28T02:39:47.269+0000] {logging_mixin.py:137} INFO - [2023-03-28T02:39:47.269+0000] {dag.py:2693} INFO - Sync 1 DAGs
[2023-03-28T02:39:47.290+0000] {logging_mixin.py:137} INFO - [2023-03-28T02:39:47.290+0000] {dag.py:3444} INFO - Setting next_dagrun for example_complex to None, run_after=None
[2023-03-28T02:39:47.309+0000] {processor.py:175} INFO - Processing /home/airflow/.local/lib/python3.7/site-packages/airflow/example_dags/example_complex.py took 0.104 seconds
[2023-03-28T02:40:17.912+0000] {processor.py:153} INFO - Started process (PID=1475) to work on /home/airflow/.local/lib/python3.7/site-packages/airflow/example_dags/example_complex.py
[2023-03-28T02:40:17.914+0000] {processor.py:743} INFO - Processing file /home/airflow/.local/lib/python3.7/site-packages/airflow/example_dags/example_complex.py for tasks to queue
[2023-03-28T02:40:17.915+0000] {logging_mixin.py:137} INFO - [2023-03-28T02:40:17.915+0000] {dagbag.py:532} INFO - Filling up the DagBag from /home/airflow/.local/lib/python3.7/site-packages/airflow/example_dags/example_complex.py
[2023-03-28T02:40:17.924+0000] {logging_mixin.py:137} INFO - [2023-03-28T02:40:17.923+0000] {taskmixin.py:211} WARNING - Dependency <Task(BashOperator): create_entry_group>, delete_entry_group already registered for DAG: example_complex
[2023-03-28T02:40:17.925+0000] {logging_mixin.py:137} INFO - [2023-03-28T02:40:17.925+0000] {taskmixin.py:211} WARNING - Dependency <Task(BashOperator): delete_entry_group>, create_entry_group already registered for DAG: example_complex
[2023-03-28T02:40:17.926+0000] {logging_mixin.py:137} INFO - [2023-03-28T02:40:17.926+0000] {taskmixin.py:211} WARNING - Dependency <Task(BashOperator): create_entry_gcs>, delete_entry already registered for DAG: example_complex
[2023-03-28T02:40:17.927+0000] {logging_mixin.py:137} INFO - [2023-03-28T02:40:17.927+0000] {taskmixin.py:211} WARNING - Dependency <Task(BashOperator): delete_entry>, create_entry_gcs already registered for DAG: example_complex
[2023-03-28T02:40:17.928+0000] {logging_mixin.py:137} INFO - [2023-03-28T02:40:17.928+0000] {taskmixin.py:211} WARNING - Dependency <Task(BashOperator): create_tag>, delete_tag already registered for DAG: example_complex
[2023-03-28T02:40:17.929+0000] {logging_mixin.py:137} INFO - [2023-03-28T02:40:17.929+0000] {taskmixin.py:211} WARNING - Dependency <Task(BashOperator): delete_tag>, create_tag already registered for DAG: example_complex
[2023-03-28T02:40:17.934+0000] {processor.py:753} INFO - DAG(s) dict_keys(['example_complex']) retrieved from /home/airflow/.local/lib/python3.7/site-packages/airflow/example_dags/example_complex.py
[2023-03-28T02:40:17.963+0000] {logging_mixin.py:137} INFO - [2023-03-28T02:40:17.963+0000] {dag.py:2693} INFO - Sync 1 DAGs
[2023-03-28T02:40:17.983+0000] {logging_mixin.py:137} INFO - [2023-03-28T02:40:17.983+0000] {dag.py:3444} INFO - Setting next_dagrun for example_complex to None, run_after=None
[2023-03-28T02:40:17.996+0000] {processor.py:175} INFO - Processing /home/airflow/.local/lib/python3.7/site-packages/airflow/example_dags/example_complex.py took 0.086 seconds
[2023-03-28T02:40:48.644+0000] {processor.py:153} INFO - Started process (PID=1524) to work on /home/airflow/.local/lib/python3.7/site-packages/airflow/example_dags/example_complex.py
[2023-03-28T02:40:48.645+0000] {processor.py:743} INFO - Processing file /home/airflow/.local/lib/python3.7/site-packages/airflow/example_dags/example_complex.py for tasks to queue
[2023-03-28T02:40:48.646+0000] {logging_mixin.py:137} INFO - [2023-03-28T02:40:48.646+0000] {dagbag.py:532} INFO - Filling up the DagBag from /home/airflow/.local/lib/python3.7/site-packages/airflow/example_dags/example_complex.py
[2023-03-28T02:40:48.654+0000] {logging_mixin.py:137} INFO - [2023-03-28T02:40:48.654+0000] {taskmixin.py:211} WARNING - Dependency <Task(BashOperator): create_entry_group>, delete_entry_group already registered for DAG: example_complex
[2023-03-28T02:40:48.656+0000] {logging_mixin.py:137} INFO - [2023-03-28T02:40:48.655+0000] {taskmixin.py:211} WARNING - Dependency <Task(BashOperator): delete_entry_group>, create_entry_group already registered for DAG: example_complex
[2023-03-28T02:40:48.657+0000] {logging_mixin.py:137} INFO - [2023-03-28T02:40:48.657+0000] {taskmixin.py:211} WARNING - Dependency <Task(BashOperator): create_entry_gcs>, delete_entry already registered for DAG: example_complex
[2023-03-28T02:40:48.658+0000] {logging_mixin.py:137} INFO - [2023-03-28T02:40:48.657+0000] {taskmixin.py:211} WARNING - Dependency <Task(BashOperator): delete_entry>, create_entry_gcs already registered for DAG: example_complex
[2023-03-28T02:40:48.659+0000] {logging_mixin.py:137} INFO - [2023-03-28T02:40:48.658+0000] {taskmixin.py:211} WARNING - Dependency <Task(BashOperator): create_tag>, delete_tag already registered for DAG: example_complex
[2023-03-28T02:40:48.659+0000] {logging_mixin.py:137} INFO - [2023-03-28T02:40:48.659+0000] {taskmixin.py:211} WARNING - Dependency <Task(BashOperator): delete_tag>, create_tag already registered for DAG: example_complex
[2023-03-28T02:40:48.666+0000] {processor.py:753} INFO - DAG(s) dict_keys(['example_complex']) retrieved from /home/airflow/.local/lib/python3.7/site-packages/airflow/example_dags/example_complex.py
[2023-03-28T02:40:48.690+0000] {logging_mixin.py:137} INFO - [2023-03-28T02:40:48.690+0000] {dag.py:2693} INFO - Sync 1 DAGs
[2023-03-28T02:40:48.708+0000] {logging_mixin.py:137} INFO - [2023-03-28T02:40:48.708+0000] {dag.py:3444} INFO - Setting next_dagrun for example_complex to None, run_after=None
[2023-03-28T02:40:48.720+0000] {processor.py:175} INFO - Processing /home/airflow/.local/lib/python3.7/site-packages/airflow/example_dags/example_complex.py took 0.079 seconds
