[2023-03-28T02:25:27.841+0000] {processor.py:153} INFO - Started process (PID=36) to work on /home/airflow/.local/lib/python3.7/site-packages/airflow/example_dags/example_subdag_operator.py
[2023-03-28T02:25:27.843+0000] {processor.py:743} INFO - Processing file /home/airflow/.local/lib/python3.7/site-packages/airflow/example_dags/example_subdag_operator.py for tasks to queue
[2023-03-28T02:25:27.856+0000] {logging_mixin.py:137} INFO - [2023-03-28T02:25:27.855+0000] {dagbag.py:532} INFO - Filling up the DagBag from /home/airflow/.local/lib/python3.7/site-packages/airflow/example_dags/example_subdag_operator.py
[2023-03-28T02:25:27.956+0000] {processor.py:753} INFO - DAG(s) dict_keys(['example_subdag_operator.section-1', 'example_subdag_operator.section-2', 'example_subdag_operator']) retrieved from /home/airflow/.local/lib/python3.7/site-packages/airflow/example_dags/example_subdag_operator.py
[2023-03-28T02:25:28.004+0000] {logging_mixin.py:137} INFO - [2023-03-28T02:25:28.003+0000] {dag.py:2693} INFO - Sync 3 DAGs
[2023-03-28T02:25:28.048+0000] {logging_mixin.py:137} INFO - [2023-03-28T02:25:28.048+0000] {dag.py:3444} INFO - Setting next_dagrun for example_subdag_operator to 2022-01-01T00:00:00+00:00, run_after=2022-01-01T00:00:00+00:00
[2023-03-28T02:25:28.055+0000] {logging_mixin.py:137} INFO - [2023-03-28T02:25:28.055+0000] {dag.py:3444} INFO - Setting next_dagrun for example_subdag_operator.section-1 to None, run_after=None
[2023-03-28T02:25:28.062+0000] {logging_mixin.py:137} INFO - [2023-03-28T02:25:28.062+0000] {dag.py:3444} INFO - Setting next_dagrun for example_subdag_operator.section-2 to None, run_after=None
[2023-03-28T02:25:28.083+0000] {logging_mixin.py:137} INFO - [2023-03-28T02:25:28.082+0000] {dag.py:2693} INFO - Sync 2 DAGs
[2023-03-28T02:25:28.097+0000] {logging_mixin.py:137} INFO - [2023-03-28T02:25:28.097+0000] {dag.py:3444} INFO - Setting next_dagrun for example_subdag_operator.section-1 to None, run_after=None
[2023-03-28T02:25:28.101+0000] {logging_mixin.py:137} INFO - [2023-03-28T02:25:28.101+0000] {dag.py:3444} INFO - Setting next_dagrun for example_subdag_operator.section-2 to None, run_after=None
[2023-03-28T02:25:28.153+0000] {processor.py:175} INFO - Processing /home/airflow/.local/lib/python3.7/site-packages/airflow/example_dags/example_subdag_operator.py took 0.316 seconds
[2023-03-28T02:25:58.892+0000] {processor.py:153} INFO - Started process (PID=85) to work on /home/airflow/.local/lib/python3.7/site-packages/airflow/example_dags/example_subdag_operator.py
[2023-03-28T02:25:58.894+0000] {processor.py:743} INFO - Processing file /home/airflow/.local/lib/python3.7/site-packages/airflow/example_dags/example_subdag_operator.py for tasks to queue
[2023-03-28T02:25:58.896+0000] {logging_mixin.py:137} INFO - [2023-03-28T02:25:58.896+0000] {dagbag.py:532} INFO - Filling up the DagBag from /home/airflow/.local/lib/python3.7/site-packages/airflow/example_dags/example_subdag_operator.py
[2023-03-28T02:25:58.967+0000] {processor.py:753} INFO - DAG(s) dict_keys(['example_subdag_operator.section-1', 'example_subdag_operator.section-2', 'example_subdag_operator']) retrieved from /home/airflow/.local/lib/python3.7/site-packages/airflow/example_dags/example_subdag_operator.py
[2023-03-28T02:25:58.988+0000] {logging_mixin.py:137} INFO - [2023-03-28T02:25:58.988+0000] {dag.py:2693} INFO - Sync 3 DAGs
[2023-03-28T02:25:59.018+0000] {logging_mixin.py:137} INFO - [2023-03-28T02:25:59.018+0000] {dag.py:3444} INFO - Setting next_dagrun for example_subdag_operator to 2022-01-01T00:00:00+00:00, run_after=2022-01-01T00:00:00+00:00
[2023-03-28T02:25:59.023+0000] {logging_mixin.py:137} INFO - [2023-03-28T02:25:59.023+0000] {dag.py:3444} INFO - Setting next_dagrun for example_subdag_operator.section-1 to None, run_after=None
[2023-03-28T02:25:59.025+0000] {logging_mixin.py:137} INFO - [2023-03-28T02:25:59.025+0000] {dag.py:3444} INFO - Setting next_dagrun for example_subdag_operator.section-2 to None, run_after=None
[2023-03-28T02:25:59.032+0000] {logging_mixin.py:137} INFO - [2023-03-28T02:25:59.032+0000] {dag.py:2693} INFO - Sync 2 DAGs
[2023-03-28T02:25:59.039+0000] {logging_mixin.py:137} INFO - [2023-03-28T02:25:59.038+0000] {dag.py:3444} INFO - Setting next_dagrun for example_subdag_operator.section-1 to None, run_after=None
[2023-03-28T02:25:59.039+0000] {logging_mixin.py:137} INFO - [2023-03-28T02:25:59.039+0000] {dag.py:3444} INFO - Setting next_dagrun for example_subdag_operator.section-2 to None, run_after=None
[2023-03-28T02:25:59.049+0000] {processor.py:175} INFO - Processing /home/airflow/.local/lib/python3.7/site-packages/airflow/example_dags/example_subdag_operator.py took 0.170 seconds
[2023-03-28T02:26:29.491+0000] {processor.py:153} INFO - Started process (PID=134) to work on /home/airflow/.local/lib/python3.7/site-packages/airflow/example_dags/example_subdag_operator.py
[2023-03-28T02:26:29.493+0000] {processor.py:743} INFO - Processing file /home/airflow/.local/lib/python3.7/site-packages/airflow/example_dags/example_subdag_operator.py for tasks to queue
[2023-03-28T02:26:29.496+0000] {logging_mixin.py:137} INFO - [2023-03-28T02:26:29.496+0000] {dagbag.py:532} INFO - Filling up the DagBag from /home/airflow/.local/lib/python3.7/site-packages/airflow/example_dags/example_subdag_operator.py
[2023-03-28T02:26:29.567+0000] {processor.py:753} INFO - DAG(s) dict_keys(['example_subdag_operator.section-1', 'example_subdag_operator.section-2', 'example_subdag_operator']) retrieved from /home/airflow/.local/lib/python3.7/site-packages/airflow/example_dags/example_subdag_operator.py
[2023-03-28T02:26:29.594+0000] {logging_mixin.py:137} INFO - [2023-03-28T02:26:29.594+0000] {dag.py:2693} INFO - Sync 3 DAGs
[2023-03-28T02:26:29.622+0000] {logging_mixin.py:137} INFO - [2023-03-28T02:26:29.622+0000] {dag.py:3444} INFO - Setting next_dagrun for example_subdag_operator to 2022-01-01T00:00:00+00:00, run_after=2022-01-01T00:00:00+00:00
[2023-03-28T02:26:29.625+0000] {logging_mixin.py:137} INFO - [2023-03-28T02:26:29.625+0000] {dag.py:3444} INFO - Setting next_dagrun for example_subdag_operator.section-1 to None, run_after=None
[2023-03-28T02:26:29.627+0000] {logging_mixin.py:137} INFO - [2023-03-28T02:26:29.627+0000] {dag.py:3444} INFO - Setting next_dagrun for example_subdag_operator.section-2 to None, run_after=None
[2023-03-28T02:26:29.634+0000] {logging_mixin.py:137} INFO - [2023-03-28T02:26:29.634+0000] {dag.py:2693} INFO - Sync 2 DAGs
[2023-03-28T02:26:29.638+0000] {logging_mixin.py:137} INFO - [2023-03-28T02:26:29.638+0000] {dag.py:3444} INFO - Setting next_dagrun for example_subdag_operator.section-1 to None, run_after=None
[2023-03-28T02:26:29.639+0000] {logging_mixin.py:137} INFO - [2023-03-28T02:26:29.639+0000] {dag.py:3444} INFO - Setting next_dagrun for example_subdag_operator.section-2 to None, run_after=None
[2023-03-28T02:26:29.649+0000] {processor.py:175} INFO - Processing /home/airflow/.local/lib/python3.7/site-packages/airflow/example_dags/example_subdag_operator.py took 0.165 seconds
[2023-03-28T02:27:00.455+0000] {processor.py:153} INFO - Started process (PID=183) to work on /home/airflow/.local/lib/python3.7/site-packages/airflow/example_dags/example_subdag_operator.py
[2023-03-28T02:27:00.458+0000] {processor.py:743} INFO - Processing file /home/airflow/.local/lib/python3.7/site-packages/airflow/example_dags/example_subdag_operator.py for tasks to queue
[2023-03-28T02:27:00.462+0000] {logging_mixin.py:137} INFO - [2023-03-28T02:27:00.462+0000] {dagbag.py:532} INFO - Filling up the DagBag from /home/airflow/.local/lib/python3.7/site-packages/airflow/example_dags/example_subdag_operator.py
[2023-03-28T02:27:00.524+0000] {processor.py:753} INFO - DAG(s) dict_keys(['example_subdag_operator.section-1', 'example_subdag_operator.section-2', 'example_subdag_operator']) retrieved from /home/airflow/.local/lib/python3.7/site-packages/airflow/example_dags/example_subdag_operator.py
[2023-03-28T02:27:00.550+0000] {logging_mixin.py:137} INFO - [2023-03-28T02:27:00.550+0000] {dag.py:2693} INFO - Sync 3 DAGs
[2023-03-28T02:27:00.582+0000] {logging_mixin.py:137} INFO - [2023-03-28T02:27:00.581+0000] {dag.py:3444} INFO - Setting next_dagrun for example_subdag_operator to 2022-01-01T00:00:00+00:00, run_after=2022-01-01T00:00:00+00:00
[2023-03-28T02:27:00.586+0000] {logging_mixin.py:137} INFO - [2023-03-28T02:27:00.586+0000] {dag.py:3444} INFO - Setting next_dagrun for example_subdag_operator.section-1 to None, run_after=None
[2023-03-28T02:27:00.588+0000] {logging_mixin.py:137} INFO - [2023-03-28T02:27:00.588+0000] {dag.py:3444} INFO - Setting next_dagrun for example_subdag_operator.section-2 to None, run_after=None
[2023-03-28T02:27:00.595+0000] {logging_mixin.py:137} INFO - [2023-03-28T02:27:00.594+0000] {dag.py:2693} INFO - Sync 2 DAGs
[2023-03-28T02:27:00.601+0000] {logging_mixin.py:137} INFO - [2023-03-28T02:27:00.600+0000] {dag.py:3444} INFO - Setting next_dagrun for example_subdag_operator.section-1 to None, run_after=None
[2023-03-28T02:27:00.602+0000] {logging_mixin.py:137} INFO - [2023-03-28T02:27:00.602+0000] {dag.py:3444} INFO - Setting next_dagrun for example_subdag_operator.section-2 to None, run_after=None
[2023-03-28T02:27:00.613+0000] {processor.py:175} INFO - Processing /home/airflow/.local/lib/python3.7/site-packages/airflow/example_dags/example_subdag_operator.py took 0.165 seconds
[2023-03-28T02:27:31.255+0000] {processor.py:153} INFO - Started process (PID=232) to work on /home/airflow/.local/lib/python3.7/site-packages/airflow/example_dags/example_subdag_operator.py
[2023-03-28T02:27:31.257+0000] {processor.py:743} INFO - Processing file /home/airflow/.local/lib/python3.7/site-packages/airflow/example_dags/example_subdag_operator.py for tasks to queue
[2023-03-28T02:27:31.259+0000] {logging_mixin.py:137} INFO - [2023-03-28T02:27:31.259+0000] {dagbag.py:532} INFO - Filling up the DagBag from /home/airflow/.local/lib/python3.7/site-packages/airflow/example_dags/example_subdag_operator.py
[2023-03-28T02:27:31.330+0000] {processor.py:753} INFO - DAG(s) dict_keys(['example_subdag_operator.section-1', 'example_subdag_operator.section-2', 'example_subdag_operator']) retrieved from /home/airflow/.local/lib/python3.7/site-packages/airflow/example_dags/example_subdag_operator.py
[2023-03-28T02:27:31.360+0000] {logging_mixin.py:137} INFO - [2023-03-28T02:27:31.360+0000] {dag.py:2693} INFO - Sync 3 DAGs
[2023-03-28T02:27:31.385+0000] {logging_mixin.py:137} INFO - [2023-03-28T02:27:31.385+0000] {dag.py:3444} INFO - Setting next_dagrun for example_subdag_operator to 2022-01-01T00:00:00+00:00, run_after=2022-01-01T00:00:00+00:00
[2023-03-28T02:27:31.389+0000] {logging_mixin.py:137} INFO - [2023-03-28T02:27:31.389+0000] {dag.py:3444} INFO - Setting next_dagrun for example_subdag_operator.section-1 to None, run_after=None
[2023-03-28T02:27:31.390+0000] {logging_mixin.py:137} INFO - [2023-03-28T02:27:31.390+0000] {dag.py:3444} INFO - Setting next_dagrun for example_subdag_operator.section-2 to None, run_after=None
[2023-03-28T02:27:31.397+0000] {logging_mixin.py:137} INFO - [2023-03-28T02:27:31.397+0000] {dag.py:2693} INFO - Sync 2 DAGs
[2023-03-28T02:27:31.402+0000] {logging_mixin.py:137} INFO - [2023-03-28T02:27:31.401+0000] {dag.py:3444} INFO - Setting next_dagrun for example_subdag_operator.section-1 to None, run_after=None
[2023-03-28T02:27:31.403+0000] {logging_mixin.py:137} INFO - [2023-03-28T02:27:31.403+0000] {dag.py:3444} INFO - Setting next_dagrun for example_subdag_operator.section-2 to None, run_after=None
[2023-03-28T02:27:31.412+0000] {processor.py:175} INFO - Processing /home/airflow/.local/lib/python3.7/site-packages/airflow/example_dags/example_subdag_operator.py took 0.165 seconds
[2023-03-28T02:28:01.647+0000] {processor.py:153} INFO - Started process (PID=281) to work on /home/airflow/.local/lib/python3.7/site-packages/airflow/example_dags/example_subdag_operator.py
[2023-03-28T02:28:01.650+0000] {processor.py:743} INFO - Processing file /home/airflow/.local/lib/python3.7/site-packages/airflow/example_dags/example_subdag_operator.py for tasks to queue
[2023-03-28T02:28:01.651+0000] {logging_mixin.py:137} INFO - [2023-03-28T02:28:01.651+0000] {dagbag.py:532} INFO - Filling up the DagBag from /home/airflow/.local/lib/python3.7/site-packages/airflow/example_dags/example_subdag_operator.py
[2023-03-28T02:28:01.691+0000] {processor.py:753} INFO - DAG(s) dict_keys(['example_subdag_operator.section-1', 'example_subdag_operator.section-2', 'example_subdag_operator']) retrieved from /home/airflow/.local/lib/python3.7/site-packages/airflow/example_dags/example_subdag_operator.py
[2023-03-28T02:28:01.705+0000] {logging_mixin.py:137} INFO - [2023-03-28T02:28:01.705+0000] {dag.py:2693} INFO - Sync 3 DAGs
[2023-03-28T02:28:01.729+0000] {logging_mixin.py:137} INFO - [2023-03-28T02:28:01.729+0000] {dag.py:3444} INFO - Setting next_dagrun for example_subdag_operator to 2022-01-01T00:00:00+00:00, run_after=2022-01-01T00:00:00+00:00
[2023-03-28T02:28:01.733+0000] {logging_mixin.py:137} INFO - [2023-03-28T02:28:01.733+0000] {dag.py:3444} INFO - Setting next_dagrun for example_subdag_operator.section-1 to None, run_after=None
[2023-03-28T02:28:01.735+0000] {logging_mixin.py:137} INFO - [2023-03-28T02:28:01.735+0000] {dag.py:3444} INFO - Setting next_dagrun for example_subdag_operator.section-2 to None, run_after=None
[2023-03-28T02:28:01.741+0000] {logging_mixin.py:137} INFO - [2023-03-28T02:28:01.741+0000] {dag.py:2693} INFO - Sync 2 DAGs
[2023-03-28T02:28:01.746+0000] {logging_mixin.py:137} INFO - [2023-03-28T02:28:01.746+0000] {dag.py:3444} INFO - Setting next_dagrun for example_subdag_operator.section-1 to None, run_after=None
[2023-03-28T02:28:01.747+0000] {logging_mixin.py:137} INFO - [2023-03-28T02:28:01.747+0000] {dag.py:3444} INFO - Setting next_dagrun for example_subdag_operator.section-2 to None, run_after=None
[2023-03-28T02:28:01.756+0000] {processor.py:175} INFO - Processing /home/airflow/.local/lib/python3.7/site-packages/airflow/example_dags/example_subdag_operator.py took 0.119 seconds
[2023-03-28T02:28:32.563+0000] {processor.py:153} INFO - Started process (PID=330) to work on /home/airflow/.local/lib/python3.7/site-packages/airflow/example_dags/example_subdag_operator.py
[2023-03-28T02:28:32.567+0000] {processor.py:743} INFO - Processing file /home/airflow/.local/lib/python3.7/site-packages/airflow/example_dags/example_subdag_operator.py for tasks to queue
[2023-03-28T02:28:32.574+0000] {logging_mixin.py:137} INFO - [2023-03-28T02:28:32.574+0000] {dagbag.py:532} INFO - Filling up the DagBag from /home/airflow/.local/lib/python3.7/site-packages/airflow/example_dags/example_subdag_operator.py
[2023-03-28T02:28:32.616+0000] {processor.py:753} INFO - DAG(s) dict_keys(['example_subdag_operator.section-1', 'example_subdag_operator.section-2', 'example_subdag_operator']) retrieved from /home/airflow/.local/lib/python3.7/site-packages/airflow/example_dags/example_subdag_operator.py
[2023-03-28T02:28:32.638+0000] {logging_mixin.py:137} INFO - [2023-03-28T02:28:32.638+0000] {dag.py:2693} INFO - Sync 3 DAGs
[2023-03-28T02:28:32.658+0000] {logging_mixin.py:137} INFO - [2023-03-28T02:28:32.658+0000] {dag.py:3444} INFO - Setting next_dagrun for example_subdag_operator to 2022-01-01T00:00:00+00:00, run_after=2022-01-01T00:00:00+00:00
[2023-03-28T02:28:32.662+0000] {logging_mixin.py:137} INFO - [2023-03-28T02:28:32.662+0000] {dag.py:3444} INFO - Setting next_dagrun for example_subdag_operator.section-1 to None, run_after=None
[2023-03-28T02:28:32.663+0000] {logging_mixin.py:137} INFO - [2023-03-28T02:28:32.663+0000] {dag.py:3444} INFO - Setting next_dagrun for example_subdag_operator.section-2 to None, run_after=None
[2023-03-28T02:28:32.668+0000] {logging_mixin.py:137} INFO - [2023-03-28T02:28:32.668+0000] {dag.py:2693} INFO - Sync 2 DAGs
[2023-03-28T02:28:32.673+0000] {logging_mixin.py:137} INFO - [2023-03-28T02:28:32.673+0000] {dag.py:3444} INFO - Setting next_dagrun for example_subdag_operator.section-1 to None, run_after=None
[2023-03-28T02:28:32.674+0000] {logging_mixin.py:137} INFO - [2023-03-28T02:28:32.674+0000] {dag.py:3444} INFO - Setting next_dagrun for example_subdag_operator.section-2 to None, run_after=None
[2023-03-28T02:28:32.683+0000] {processor.py:175} INFO - Processing /home/airflow/.local/lib/python3.7/site-packages/airflow/example_dags/example_subdag_operator.py took 0.129 seconds
[2023-03-28T02:29:03.084+0000] {processor.py:153} INFO - Started process (PID=379) to work on /home/airflow/.local/lib/python3.7/site-packages/airflow/example_dags/example_subdag_operator.py
[2023-03-28T02:29:03.087+0000] {processor.py:743} INFO - Processing file /home/airflow/.local/lib/python3.7/site-packages/airflow/example_dags/example_subdag_operator.py for tasks to queue
[2023-03-28T02:29:03.088+0000] {logging_mixin.py:137} INFO - [2023-03-28T02:29:03.088+0000] {dagbag.py:532} INFO - Filling up the DagBag from /home/airflow/.local/lib/python3.7/site-packages/airflow/example_dags/example_subdag_operator.py
[2023-03-28T02:29:03.145+0000] {processor.py:753} INFO - DAG(s) dict_keys(['example_subdag_operator.section-1', 'example_subdag_operator.section-2', 'example_subdag_operator']) retrieved from /home/airflow/.local/lib/python3.7/site-packages/airflow/example_dags/example_subdag_operator.py
[2023-03-28T02:29:03.190+0000] {logging_mixin.py:137} INFO - [2023-03-28T02:29:03.190+0000] {dag.py:2693} INFO - Sync 3 DAGs
[2023-03-28T02:29:03.259+0000] {logging_mixin.py:137} INFO - [2023-03-28T02:29:03.259+0000] {dag.py:3444} INFO - Setting next_dagrun for example_subdag_operator to 2022-01-01T00:00:00+00:00, run_after=2022-01-01T00:00:00+00:00
[2023-03-28T02:29:03.274+0000] {logging_mixin.py:137} INFO - [2023-03-28T02:29:03.274+0000] {dag.py:3444} INFO - Setting next_dagrun for example_subdag_operator.section-1 to None, run_after=None
[2023-03-28T02:29:03.280+0000] {logging_mixin.py:137} INFO - [2023-03-28T02:29:03.279+0000] {dag.py:3444} INFO - Setting next_dagrun for example_subdag_operator.section-2 to None, run_after=None
[2023-03-28T02:29:03.288+0000] {logging_mixin.py:137} INFO - [2023-03-28T02:29:03.288+0000] {dag.py:2693} INFO - Sync 2 DAGs
[2023-03-28T02:29:03.294+0000] {logging_mixin.py:137} INFO - [2023-03-28T02:29:03.293+0000] {dag.py:3444} INFO - Setting next_dagrun for example_subdag_operator.section-1 to None, run_after=None
[2023-03-28T02:29:03.295+0000] {logging_mixin.py:137} INFO - [2023-03-28T02:29:03.294+0000] {dag.py:3444} INFO - Setting next_dagrun for example_subdag_operator.section-2 to None, run_after=None
[2023-03-28T02:29:03.305+0000] {processor.py:175} INFO - Processing /home/airflow/.local/lib/python3.7/site-packages/airflow/example_dags/example_subdag_operator.py took 0.227 seconds
[2023-03-28T02:29:33.766+0000] {processor.py:153} INFO - Started process (PID=428) to work on /home/airflow/.local/lib/python3.7/site-packages/airflow/example_dags/example_subdag_operator.py
[2023-03-28T02:29:33.767+0000] {processor.py:743} INFO - Processing file /home/airflow/.local/lib/python3.7/site-packages/airflow/example_dags/example_subdag_operator.py for tasks to queue
[2023-03-28T02:29:33.769+0000] {logging_mixin.py:137} INFO - [2023-03-28T02:29:33.769+0000] {dagbag.py:532} INFO - Filling up the DagBag from /home/airflow/.local/lib/python3.7/site-packages/airflow/example_dags/example_subdag_operator.py
[2023-03-28T02:29:33.833+0000] {processor.py:753} INFO - DAG(s) dict_keys(['example_subdag_operator.section-1', 'example_subdag_operator.section-2', 'example_subdag_operator']) retrieved from /home/airflow/.local/lib/python3.7/site-packages/airflow/example_dags/example_subdag_operator.py
[2023-03-28T02:29:33.859+0000] {logging_mixin.py:137} INFO - [2023-03-28T02:29:33.859+0000] {dag.py:2693} INFO - Sync 3 DAGs
[2023-03-28T02:29:33.887+0000] {logging_mixin.py:137} INFO - [2023-03-28T02:29:33.887+0000] {dag.py:3444} INFO - Setting next_dagrun for example_subdag_operator to 2022-01-01T00:00:00+00:00, run_after=2022-01-01T00:00:00+00:00
[2023-03-28T02:29:33.892+0000] {logging_mixin.py:137} INFO - [2023-03-28T02:29:33.891+0000] {dag.py:3444} INFO - Setting next_dagrun for example_subdag_operator.section-1 to None, run_after=None
[2023-03-28T02:29:33.894+0000] {logging_mixin.py:137} INFO - [2023-03-28T02:29:33.894+0000] {dag.py:3444} INFO - Setting next_dagrun for example_subdag_operator.section-2 to None, run_after=None
[2023-03-28T02:29:33.905+0000] {logging_mixin.py:137} INFO - [2023-03-28T02:29:33.905+0000] {dag.py:2693} INFO - Sync 2 DAGs
[2023-03-28T02:29:33.912+0000] {logging_mixin.py:137} INFO - [2023-03-28T02:29:33.912+0000] {dag.py:3444} INFO - Setting next_dagrun for example_subdag_operator.section-1 to None, run_after=None
[2023-03-28T02:29:33.914+0000] {logging_mixin.py:137} INFO - [2023-03-28T02:29:33.914+0000] {dag.py:3444} INFO - Setting next_dagrun for example_subdag_operator.section-2 to None, run_after=None
[2023-03-28T02:29:33.927+0000] {processor.py:175} INFO - Processing /home/airflow/.local/lib/python3.7/site-packages/airflow/example_dags/example_subdag_operator.py took 0.172 seconds
[2023-03-28T02:30:04.526+0000] {processor.py:153} INFO - Started process (PID=477) to work on /home/airflow/.local/lib/python3.7/site-packages/airflow/example_dags/example_subdag_operator.py
[2023-03-28T02:30:04.529+0000] {processor.py:743} INFO - Processing file /home/airflow/.local/lib/python3.7/site-packages/airflow/example_dags/example_subdag_operator.py for tasks to queue
[2023-03-28T02:30:04.531+0000] {logging_mixin.py:137} INFO - [2023-03-28T02:30:04.531+0000] {dagbag.py:532} INFO - Filling up the DagBag from /home/airflow/.local/lib/python3.7/site-packages/airflow/example_dags/example_subdag_operator.py
[2023-03-28T02:30:04.589+0000] {processor.py:753} INFO - DAG(s) dict_keys(['example_subdag_operator.section-1', 'example_subdag_operator.section-2', 'example_subdag_operator']) retrieved from /home/airflow/.local/lib/python3.7/site-packages/airflow/example_dags/example_subdag_operator.py
[2023-03-28T02:30:04.613+0000] {logging_mixin.py:137} INFO - [2023-03-28T02:30:04.613+0000] {dag.py:2693} INFO - Sync 3 DAGs
[2023-03-28T02:30:04.637+0000] {logging_mixin.py:137} INFO - [2023-03-28T02:30:04.637+0000] {dag.py:3444} INFO - Setting next_dagrun for example_subdag_operator to 2022-01-01T00:00:00+00:00, run_after=2022-01-01T00:00:00+00:00
[2023-03-28T02:30:04.640+0000] {logging_mixin.py:137} INFO - [2023-03-28T02:30:04.640+0000] {dag.py:3444} INFO - Setting next_dagrun for example_subdag_operator.section-1 to None, run_after=None
[2023-03-28T02:30:04.642+0000] {logging_mixin.py:137} INFO - [2023-03-28T02:30:04.642+0000] {dag.py:3444} INFO - Setting next_dagrun for example_subdag_operator.section-2 to None, run_after=None
[2023-03-28T02:30:04.650+0000] {logging_mixin.py:137} INFO - [2023-03-28T02:30:04.650+0000] {dag.py:2693} INFO - Sync 2 DAGs
[2023-03-28T02:30:04.655+0000] {logging_mixin.py:137} INFO - [2023-03-28T02:30:04.655+0000] {dag.py:3444} INFO - Setting next_dagrun for example_subdag_operator.section-1 to None, run_after=None
[2023-03-28T02:30:04.656+0000] {logging_mixin.py:137} INFO - [2023-03-28T02:30:04.656+0000] {dag.py:3444} INFO - Setting next_dagrun for example_subdag_operator.section-2 to None, run_after=None
[2023-03-28T02:30:04.666+0000] {processor.py:175} INFO - Processing /home/airflow/.local/lib/python3.7/site-packages/airflow/example_dags/example_subdag_operator.py took 0.148 seconds
[2023-03-28T02:30:35.232+0000] {processor.py:153} INFO - Started process (PID=526) to work on /home/airflow/.local/lib/python3.7/site-packages/airflow/example_dags/example_subdag_operator.py
[2023-03-28T02:30:35.234+0000] {processor.py:743} INFO - Processing file /home/airflow/.local/lib/python3.7/site-packages/airflow/example_dags/example_subdag_operator.py for tasks to queue
[2023-03-28T02:30:35.236+0000] {logging_mixin.py:137} INFO - [2023-03-28T02:30:35.236+0000] {dagbag.py:532} INFO - Filling up the DagBag from /home/airflow/.local/lib/python3.7/site-packages/airflow/example_dags/example_subdag_operator.py
[2023-03-28T02:30:35.312+0000] {processor.py:753} INFO - DAG(s) dict_keys(['example_subdag_operator.section-1', 'example_subdag_operator.section-2', 'example_subdag_operator']) retrieved from /home/airflow/.local/lib/python3.7/site-packages/airflow/example_dags/example_subdag_operator.py
[2023-03-28T02:30:35.336+0000] {logging_mixin.py:137} INFO - [2023-03-28T02:30:35.336+0000] {dag.py:2693} INFO - Sync 3 DAGs
[2023-03-28T02:30:35.359+0000] {logging_mixin.py:137} INFO - [2023-03-28T02:30:35.358+0000] {dag.py:3444} INFO - Setting next_dagrun for example_subdag_operator to 2022-01-01T00:00:00+00:00, run_after=2022-01-01T00:00:00+00:00
[2023-03-28T02:30:35.365+0000] {logging_mixin.py:137} INFO - [2023-03-28T02:30:35.364+0000] {dag.py:3444} INFO - Setting next_dagrun for example_subdag_operator.section-1 to None, run_after=None
[2023-03-28T02:30:35.366+0000] {logging_mixin.py:137} INFO - [2023-03-28T02:30:35.366+0000] {dag.py:3444} INFO - Setting next_dagrun for example_subdag_operator.section-2 to None, run_after=None
[2023-03-28T02:30:35.375+0000] {logging_mixin.py:137} INFO - [2023-03-28T02:30:35.375+0000] {dag.py:2693} INFO - Sync 2 DAGs
[2023-03-28T02:30:35.380+0000] {logging_mixin.py:137} INFO - [2023-03-28T02:30:35.380+0000] {dag.py:3444} INFO - Setting next_dagrun for example_subdag_operator.section-1 to None, run_after=None
[2023-03-28T02:30:35.381+0000] {logging_mixin.py:137} INFO - [2023-03-28T02:30:35.381+0000] {dag.py:3444} INFO - Setting next_dagrun for example_subdag_operator.section-2 to None, run_after=None
[2023-03-28T02:30:35.391+0000] {processor.py:175} INFO - Processing /home/airflow/.local/lib/python3.7/site-packages/airflow/example_dags/example_subdag_operator.py took 0.165 seconds
[2023-03-28T02:31:05.792+0000] {processor.py:153} INFO - Started process (PID=575) to work on /home/airflow/.local/lib/python3.7/site-packages/airflow/example_dags/example_subdag_operator.py
[2023-03-28T02:31:05.794+0000] {processor.py:743} INFO - Processing file /home/airflow/.local/lib/python3.7/site-packages/airflow/example_dags/example_subdag_operator.py for tasks to queue
[2023-03-28T02:31:05.795+0000] {logging_mixin.py:137} INFO - [2023-03-28T02:31:05.795+0000] {dagbag.py:532} INFO - Filling up the DagBag from /home/airflow/.local/lib/python3.7/site-packages/airflow/example_dags/example_subdag_operator.py
[2023-03-28T02:31:05.865+0000] {processor.py:753} INFO - DAG(s) dict_keys(['example_subdag_operator.section-1', 'example_subdag_operator.section-2', 'example_subdag_operator']) retrieved from /home/airflow/.local/lib/python3.7/site-packages/airflow/example_dags/example_subdag_operator.py
[2023-03-28T02:31:05.902+0000] {logging_mixin.py:137} INFO - [2023-03-28T02:31:05.902+0000] {dag.py:2693} INFO - Sync 3 DAGs
[2023-03-28T02:31:05.939+0000] {logging_mixin.py:137} INFO - [2023-03-28T02:31:05.939+0000] {dag.py:3444} INFO - Setting next_dagrun for example_subdag_operator to 2022-01-01T00:00:00+00:00, run_after=2022-01-01T00:00:00+00:00
[2023-03-28T02:31:05.947+0000] {logging_mixin.py:137} INFO - [2023-03-28T02:31:05.947+0000] {dag.py:3444} INFO - Setting next_dagrun for example_subdag_operator.section-1 to None, run_after=None
[2023-03-28T02:31:05.949+0000] {logging_mixin.py:137} INFO - [2023-03-28T02:31:05.949+0000] {dag.py:3444} INFO - Setting next_dagrun for example_subdag_operator.section-2 to None, run_after=None
[2023-03-28T02:31:05.957+0000] {logging_mixin.py:137} INFO - [2023-03-28T02:31:05.956+0000] {dag.py:2693} INFO - Sync 2 DAGs
[2023-03-28T02:31:05.962+0000] {logging_mixin.py:137} INFO - [2023-03-28T02:31:05.962+0000] {dag.py:3444} INFO - Setting next_dagrun for example_subdag_operator.section-1 to None, run_after=None
[2023-03-28T02:31:05.964+0000] {logging_mixin.py:137} INFO - [2023-03-28T02:31:05.964+0000] {dag.py:3444} INFO - Setting next_dagrun for example_subdag_operator.section-2 to None, run_after=None
[2023-03-28T02:31:05.986+0000] {processor.py:175} INFO - Processing /home/airflow/.local/lib/python3.7/site-packages/airflow/example_dags/example_subdag_operator.py took 0.200 seconds
[2023-03-28T02:31:36.636+0000] {processor.py:153} INFO - Started process (PID=625) to work on /home/airflow/.local/lib/python3.7/site-packages/airflow/example_dags/example_subdag_operator.py
[2023-03-28T02:31:36.639+0000] {processor.py:743} INFO - Processing file /home/airflow/.local/lib/python3.7/site-packages/airflow/example_dags/example_subdag_operator.py for tasks to queue
[2023-03-28T02:31:36.644+0000] {logging_mixin.py:137} INFO - [2023-03-28T02:31:36.642+0000] {dagbag.py:532} INFO - Filling up the DagBag from /home/airflow/.local/lib/python3.7/site-packages/airflow/example_dags/example_subdag_operator.py
[2023-03-28T02:31:36.720+0000] {processor.py:753} INFO - DAG(s) dict_keys(['example_subdag_operator.section-1', 'example_subdag_operator.section-2', 'example_subdag_operator']) retrieved from /home/airflow/.local/lib/python3.7/site-packages/airflow/example_dags/example_subdag_operator.py
[2023-03-28T02:31:36.748+0000] {logging_mixin.py:137} INFO - [2023-03-28T02:31:36.748+0000] {dag.py:2693} INFO - Sync 3 DAGs
[2023-03-28T02:31:36.776+0000] {logging_mixin.py:137} INFO - [2023-03-28T02:31:36.776+0000] {dag.py:3444} INFO - Setting next_dagrun for example_subdag_operator to 2022-01-01T00:00:00+00:00, run_after=2022-01-01T00:00:00+00:00
[2023-03-28T02:31:36.780+0000] {logging_mixin.py:137} INFO - [2023-03-28T02:31:36.780+0000] {dag.py:3444} INFO - Setting next_dagrun for example_subdag_operator.section-1 to None, run_after=None
[2023-03-28T02:31:36.782+0000] {logging_mixin.py:137} INFO - [2023-03-28T02:31:36.782+0000] {dag.py:3444} INFO - Setting next_dagrun for example_subdag_operator.section-2 to None, run_after=None
[2023-03-28T02:31:36.788+0000] {logging_mixin.py:137} INFO - [2023-03-28T02:31:36.788+0000] {dag.py:2693} INFO - Sync 2 DAGs
[2023-03-28T02:31:36.794+0000] {logging_mixin.py:137} INFO - [2023-03-28T02:31:36.794+0000] {dag.py:3444} INFO - Setting next_dagrun for example_subdag_operator.section-1 to None, run_after=None
[2023-03-28T02:31:36.795+0000] {logging_mixin.py:137} INFO - [2023-03-28T02:31:36.795+0000] {dag.py:3444} INFO - Setting next_dagrun for example_subdag_operator.section-2 to None, run_after=None
[2023-03-28T02:31:36.805+0000] {processor.py:175} INFO - Processing /home/airflow/.local/lib/python3.7/site-packages/airflow/example_dags/example_subdag_operator.py took 0.176 seconds
[2023-03-28T02:32:07.605+0000] {processor.py:153} INFO - Started process (PID=674) to work on /home/airflow/.local/lib/python3.7/site-packages/airflow/example_dags/example_subdag_operator.py
[2023-03-28T02:32:07.608+0000] {processor.py:743} INFO - Processing file /home/airflow/.local/lib/python3.7/site-packages/airflow/example_dags/example_subdag_operator.py for tasks to queue
[2023-03-28T02:32:07.610+0000] {logging_mixin.py:137} INFO - [2023-03-28T02:32:07.609+0000] {dagbag.py:532} INFO - Filling up the DagBag from /home/airflow/.local/lib/python3.7/site-packages/airflow/example_dags/example_subdag_operator.py
[2023-03-28T02:32:07.664+0000] {processor.py:753} INFO - DAG(s) dict_keys(['example_subdag_operator.section-1', 'example_subdag_operator.section-2', 'example_subdag_operator']) retrieved from /home/airflow/.local/lib/python3.7/site-packages/airflow/example_dags/example_subdag_operator.py
[2023-03-28T02:32:07.685+0000] {logging_mixin.py:137} INFO - [2023-03-28T02:32:07.685+0000] {dag.py:2693} INFO - Sync 3 DAGs
[2023-03-28T02:32:07.703+0000] {logging_mixin.py:137} INFO - [2023-03-28T02:32:07.703+0000] {dag.py:3444} INFO - Setting next_dagrun for example_subdag_operator to 2022-01-01T00:00:00+00:00, run_after=2022-01-01T00:00:00+00:00
[2023-03-28T02:32:07.706+0000] {logging_mixin.py:137} INFO - [2023-03-28T02:32:07.706+0000] {dag.py:3444} INFO - Setting next_dagrun for example_subdag_operator.section-1 to None, run_after=None
[2023-03-28T02:32:07.708+0000] {logging_mixin.py:137} INFO - [2023-03-28T02:32:07.708+0000] {dag.py:3444} INFO - Setting next_dagrun for example_subdag_operator.section-2 to None, run_after=None
[2023-03-28T02:32:07.714+0000] {logging_mixin.py:137} INFO - [2023-03-28T02:32:07.714+0000] {dag.py:2693} INFO - Sync 2 DAGs
[2023-03-28T02:32:07.719+0000] {logging_mixin.py:137} INFO - [2023-03-28T02:32:07.719+0000] {dag.py:3444} INFO - Setting next_dagrun for example_subdag_operator.section-1 to None, run_after=None
[2023-03-28T02:32:07.720+0000] {logging_mixin.py:137} INFO - [2023-03-28T02:32:07.720+0000] {dag.py:3444} INFO - Setting next_dagrun for example_subdag_operator.section-2 to None, run_after=None
[2023-03-28T02:32:07.731+0000] {processor.py:175} INFO - Processing /home/airflow/.local/lib/python3.7/site-packages/airflow/example_dags/example_subdag_operator.py took 0.134 seconds
[2023-03-28T02:32:38.218+0000] {processor.py:153} INFO - Started process (PID=723) to work on /home/airflow/.local/lib/python3.7/site-packages/airflow/example_dags/example_subdag_operator.py
[2023-03-28T02:32:38.220+0000] {processor.py:743} INFO - Processing file /home/airflow/.local/lib/python3.7/site-packages/airflow/example_dags/example_subdag_operator.py for tasks to queue
[2023-03-28T02:32:38.222+0000] {logging_mixin.py:137} INFO - [2023-03-28T02:32:38.222+0000] {dagbag.py:532} INFO - Filling up the DagBag from /home/airflow/.local/lib/python3.7/site-packages/airflow/example_dags/example_subdag_operator.py
[2023-03-28T02:32:38.280+0000] {processor.py:753} INFO - DAG(s) dict_keys(['example_subdag_operator.section-1', 'example_subdag_operator.section-2', 'example_subdag_operator']) retrieved from /home/airflow/.local/lib/python3.7/site-packages/airflow/example_dags/example_subdag_operator.py
[2023-03-28T02:32:38.303+0000] {logging_mixin.py:137} INFO - [2023-03-28T02:32:38.303+0000] {dag.py:2693} INFO - Sync 3 DAGs
[2023-03-28T02:32:38.329+0000] {logging_mixin.py:137} INFO - [2023-03-28T02:32:38.329+0000] {dag.py:3444} INFO - Setting next_dagrun for example_subdag_operator to 2022-01-01T00:00:00+00:00, run_after=2022-01-01T00:00:00+00:00
[2023-03-28T02:32:38.332+0000] {logging_mixin.py:137} INFO - [2023-03-28T02:32:38.332+0000] {dag.py:3444} INFO - Setting next_dagrun for example_subdag_operator.section-1 to None, run_after=None
[2023-03-28T02:32:38.334+0000] {logging_mixin.py:137} INFO - [2023-03-28T02:32:38.334+0000] {dag.py:3444} INFO - Setting next_dagrun for example_subdag_operator.section-2 to None, run_after=None
[2023-03-28T02:32:38.340+0000] {logging_mixin.py:137} INFO - [2023-03-28T02:32:38.340+0000] {dag.py:2693} INFO - Sync 2 DAGs
[2023-03-28T02:32:38.344+0000] {logging_mixin.py:137} INFO - [2023-03-28T02:32:38.344+0000] {dag.py:3444} INFO - Setting next_dagrun for example_subdag_operator.section-1 to None, run_after=None
[2023-03-28T02:32:38.345+0000] {logging_mixin.py:137} INFO - [2023-03-28T02:32:38.345+0000] {dag.py:3444} INFO - Setting next_dagrun for example_subdag_operator.section-2 to None, run_after=None
[2023-03-28T02:32:38.353+0000] {processor.py:175} INFO - Processing /home/airflow/.local/lib/python3.7/site-packages/airflow/example_dags/example_subdag_operator.py took 0.139 seconds
[2023-03-28T02:33:08.921+0000] {processor.py:153} INFO - Started process (PID=772) to work on /home/airflow/.local/lib/python3.7/site-packages/airflow/example_dags/example_subdag_operator.py
[2023-03-28T02:33:08.923+0000] {processor.py:743} INFO - Processing file /home/airflow/.local/lib/python3.7/site-packages/airflow/example_dags/example_subdag_operator.py for tasks to queue
[2023-03-28T02:33:08.928+0000] {logging_mixin.py:137} INFO - [2023-03-28T02:33:08.928+0000] {dagbag.py:532} INFO - Filling up the DagBag from /home/airflow/.local/lib/python3.7/site-packages/airflow/example_dags/example_subdag_operator.py
[2023-03-28T02:33:08.996+0000] {processor.py:753} INFO - DAG(s) dict_keys(['example_subdag_operator.section-1', 'example_subdag_operator.section-2', 'example_subdag_operator']) retrieved from /home/airflow/.local/lib/python3.7/site-packages/airflow/example_dags/example_subdag_operator.py
[2023-03-28T02:33:09.016+0000] {logging_mixin.py:137} INFO - [2023-03-28T02:33:09.016+0000] {dag.py:2693} INFO - Sync 3 DAGs
[2023-03-28T02:33:09.037+0000] {logging_mixin.py:137} INFO - [2023-03-28T02:33:09.037+0000] {dag.py:3444} INFO - Setting next_dagrun for example_subdag_operator to 2022-01-01T00:00:00+00:00, run_after=2022-01-01T00:00:00+00:00
[2023-03-28T02:33:09.042+0000] {logging_mixin.py:137} INFO - [2023-03-28T02:33:09.042+0000] {dag.py:3444} INFO - Setting next_dagrun for example_subdag_operator.section-1 to None, run_after=None
[2023-03-28T02:33:09.043+0000] {logging_mixin.py:137} INFO - [2023-03-28T02:33:09.043+0000] {dag.py:3444} INFO - Setting next_dagrun for example_subdag_operator.section-2 to None, run_after=None
[2023-03-28T02:33:09.054+0000] {logging_mixin.py:137} INFO - [2023-03-28T02:33:09.054+0000] {dag.py:2693} INFO - Sync 2 DAGs
[2023-03-28T02:33:09.058+0000] {logging_mixin.py:137} INFO - [2023-03-28T02:33:09.058+0000] {dag.py:3444} INFO - Setting next_dagrun for example_subdag_operator.section-1 to None, run_after=None
[2023-03-28T02:33:09.060+0000] {logging_mixin.py:137} INFO - [2023-03-28T02:33:09.060+0000] {dag.py:3444} INFO - Setting next_dagrun for example_subdag_operator.section-2 to None, run_after=None
[2023-03-28T02:33:09.068+0000] {processor.py:175} INFO - Processing /home/airflow/.local/lib/python3.7/site-packages/airflow/example_dags/example_subdag_operator.py took 0.153 seconds
[2023-03-28T02:33:39.909+0000] {processor.py:153} INFO - Started process (PID=821) to work on /home/airflow/.local/lib/python3.7/site-packages/airflow/example_dags/example_subdag_operator.py
[2023-03-28T02:33:39.912+0000] {processor.py:743} INFO - Processing file /home/airflow/.local/lib/python3.7/site-packages/airflow/example_dags/example_subdag_operator.py for tasks to queue
[2023-03-28T02:33:39.914+0000] {logging_mixin.py:137} INFO - [2023-03-28T02:33:39.914+0000] {dagbag.py:532} INFO - Filling up the DagBag from /home/airflow/.local/lib/python3.7/site-packages/airflow/example_dags/example_subdag_operator.py
[2023-03-28T02:33:39.991+0000] {processor.py:753} INFO - DAG(s) dict_keys(['example_subdag_operator.section-1', 'example_subdag_operator.section-2', 'example_subdag_operator']) retrieved from /home/airflow/.local/lib/python3.7/site-packages/airflow/example_dags/example_subdag_operator.py
[2023-03-28T02:33:40.015+0000] {logging_mixin.py:137} INFO - [2023-03-28T02:33:40.015+0000] {dag.py:2693} INFO - Sync 3 DAGs
[2023-03-28T02:33:40.040+0000] {logging_mixin.py:137} INFO - [2023-03-28T02:33:40.040+0000] {dag.py:3444} INFO - Setting next_dagrun for example_subdag_operator to 2022-01-01T00:00:00+00:00, run_after=2022-01-01T00:00:00+00:00
[2023-03-28T02:33:40.043+0000] {logging_mixin.py:137} INFO - [2023-03-28T02:33:40.043+0000] {dag.py:3444} INFO - Setting next_dagrun for example_subdag_operator.section-1 to None, run_after=None
[2023-03-28T02:33:40.045+0000] {logging_mixin.py:137} INFO - [2023-03-28T02:33:40.045+0000] {dag.py:3444} INFO - Setting next_dagrun for example_subdag_operator.section-2 to None, run_after=None
[2023-03-28T02:33:40.051+0000] {logging_mixin.py:137} INFO - [2023-03-28T02:33:40.051+0000] {dag.py:2693} INFO - Sync 2 DAGs
[2023-03-28T02:33:40.056+0000] {logging_mixin.py:137} INFO - [2023-03-28T02:33:40.056+0000] {dag.py:3444} INFO - Setting next_dagrun for example_subdag_operator.section-1 to None, run_after=None
[2023-03-28T02:33:40.056+0000] {logging_mixin.py:137} INFO - [2023-03-28T02:33:40.056+0000] {dag.py:3444} INFO - Setting next_dagrun for example_subdag_operator.section-2 to None, run_after=None
[2023-03-28T02:33:40.066+0000] {processor.py:175} INFO - Processing /home/airflow/.local/lib/python3.7/site-packages/airflow/example_dags/example_subdag_operator.py took 0.163 seconds
[2023-03-28T02:34:10.351+0000] {processor.py:153} INFO - Started process (PID=870) to work on /home/airflow/.local/lib/python3.7/site-packages/airflow/example_dags/example_subdag_operator.py
[2023-03-28T02:34:10.353+0000] {processor.py:743} INFO - Processing file /home/airflow/.local/lib/python3.7/site-packages/airflow/example_dags/example_subdag_operator.py for tasks to queue
[2023-03-28T02:34:10.356+0000] {logging_mixin.py:137} INFO - [2023-03-28T02:34:10.356+0000] {dagbag.py:532} INFO - Filling up the DagBag from /home/airflow/.local/lib/python3.7/site-packages/airflow/example_dags/example_subdag_operator.py
[2023-03-28T02:34:10.417+0000] {processor.py:753} INFO - DAG(s) dict_keys(['example_subdag_operator.section-1', 'example_subdag_operator.section-2', 'example_subdag_operator']) retrieved from /home/airflow/.local/lib/python3.7/site-packages/airflow/example_dags/example_subdag_operator.py
[2023-03-28T02:34:10.438+0000] {logging_mixin.py:137} INFO - [2023-03-28T02:34:10.438+0000] {dag.py:2693} INFO - Sync 3 DAGs
[2023-03-28T02:34:10.463+0000] {logging_mixin.py:137} INFO - [2023-03-28T02:34:10.463+0000] {dag.py:3444} INFO - Setting next_dagrun for example_subdag_operator to 2022-01-01T00:00:00+00:00, run_after=2022-01-01T00:00:00+00:00
[2023-03-28T02:34:10.467+0000] {logging_mixin.py:137} INFO - [2023-03-28T02:34:10.467+0000] {dag.py:3444} INFO - Setting next_dagrun for example_subdag_operator.section-1 to None, run_after=None
[2023-03-28T02:34:10.468+0000] {logging_mixin.py:137} INFO - [2023-03-28T02:34:10.468+0000] {dag.py:3444} INFO - Setting next_dagrun for example_subdag_operator.section-2 to None, run_after=None
[2023-03-28T02:34:10.474+0000] {logging_mixin.py:137} INFO - [2023-03-28T02:34:10.474+0000] {dag.py:2693} INFO - Sync 2 DAGs
[2023-03-28T02:34:10.478+0000] {logging_mixin.py:137} INFO - [2023-03-28T02:34:10.478+0000] {dag.py:3444} INFO - Setting next_dagrun for example_subdag_operator.section-1 to None, run_after=None
[2023-03-28T02:34:10.479+0000] {logging_mixin.py:137} INFO - [2023-03-28T02:34:10.479+0000] {dag.py:3444} INFO - Setting next_dagrun for example_subdag_operator.section-2 to None, run_after=None
[2023-03-28T02:34:10.487+0000] {processor.py:175} INFO - Processing /home/airflow/.local/lib/python3.7/site-packages/airflow/example_dags/example_subdag_operator.py took 0.143 seconds
[2023-03-28T02:34:40.768+0000] {processor.py:153} INFO - Started process (PID=919) to work on /home/airflow/.local/lib/python3.7/site-packages/airflow/example_dags/example_subdag_operator.py
[2023-03-28T02:34:40.771+0000] {processor.py:743} INFO - Processing file /home/airflow/.local/lib/python3.7/site-packages/airflow/example_dags/example_subdag_operator.py for tasks to queue
[2023-03-28T02:34:40.773+0000] {logging_mixin.py:137} INFO - [2023-03-28T02:34:40.773+0000] {dagbag.py:532} INFO - Filling up the DagBag from /home/airflow/.local/lib/python3.7/site-packages/airflow/example_dags/example_subdag_operator.py
[2023-03-28T02:34:40.821+0000] {processor.py:753} INFO - DAG(s) dict_keys(['example_subdag_operator.section-1', 'example_subdag_operator.section-2', 'example_subdag_operator']) retrieved from /home/airflow/.local/lib/python3.7/site-packages/airflow/example_dags/example_subdag_operator.py
[2023-03-28T02:34:40.839+0000] {logging_mixin.py:137} INFO - [2023-03-28T02:34:40.839+0000] {dag.py:2693} INFO - Sync 3 DAGs
[2023-03-28T02:34:40.858+0000] {logging_mixin.py:137} INFO - [2023-03-28T02:34:40.858+0000] {dag.py:3444} INFO - Setting next_dagrun for example_subdag_operator to 2022-01-01T00:00:00+00:00, run_after=2022-01-01T00:00:00+00:00
[2023-03-28T02:34:40.862+0000] {logging_mixin.py:137} INFO - [2023-03-28T02:34:40.862+0000] {dag.py:3444} INFO - Setting next_dagrun for example_subdag_operator.section-1 to None, run_after=None
[2023-03-28T02:34:40.864+0000] {logging_mixin.py:137} INFO - [2023-03-28T02:34:40.864+0000] {dag.py:3444} INFO - Setting next_dagrun for example_subdag_operator.section-2 to None, run_after=None
[2023-03-28T02:34:40.869+0000] {logging_mixin.py:137} INFO - [2023-03-28T02:34:40.869+0000] {dag.py:2693} INFO - Sync 2 DAGs
[2023-03-28T02:34:40.873+0000] {logging_mixin.py:137} INFO - [2023-03-28T02:34:40.873+0000] {dag.py:3444} INFO - Setting next_dagrun for example_subdag_operator.section-1 to None, run_after=None
[2023-03-28T02:34:40.874+0000] {logging_mixin.py:137} INFO - [2023-03-28T02:34:40.874+0000] {dag.py:3444} INFO - Setting next_dagrun for example_subdag_operator.section-2 to None, run_after=None
[2023-03-28T02:34:40.882+0000] {processor.py:175} INFO - Processing /home/airflow/.local/lib/python3.7/site-packages/airflow/example_dags/example_subdag_operator.py took 0.121 seconds
[2023-03-28T02:35:11.450+0000] {processor.py:153} INFO - Started process (PID=968) to work on /home/airflow/.local/lib/python3.7/site-packages/airflow/example_dags/example_subdag_operator.py
[2023-03-28T02:35:11.453+0000] {processor.py:743} INFO - Processing file /home/airflow/.local/lib/python3.7/site-packages/airflow/example_dags/example_subdag_operator.py for tasks to queue
[2023-03-28T02:35:11.455+0000] {logging_mixin.py:137} INFO - [2023-03-28T02:35:11.455+0000] {dagbag.py:532} INFO - Filling up the DagBag from /home/airflow/.local/lib/python3.7/site-packages/airflow/example_dags/example_subdag_operator.py
[2023-03-28T02:35:11.510+0000] {processor.py:753} INFO - DAG(s) dict_keys(['example_subdag_operator.section-1', 'example_subdag_operator.section-2', 'example_subdag_operator']) retrieved from /home/airflow/.local/lib/python3.7/site-packages/airflow/example_dags/example_subdag_operator.py
[2023-03-28T02:35:11.529+0000] {logging_mixin.py:137} INFO - [2023-03-28T02:35:11.529+0000] {dag.py:2693} INFO - Sync 3 DAGs
[2023-03-28T02:35:11.547+0000] {logging_mixin.py:137} INFO - [2023-03-28T02:35:11.547+0000] {dag.py:3444} INFO - Setting next_dagrun for example_subdag_operator to 2022-01-01T00:00:00+00:00, run_after=2022-01-01T00:00:00+00:00
[2023-03-28T02:35:11.551+0000] {logging_mixin.py:137} INFO - [2023-03-28T02:35:11.551+0000] {dag.py:3444} INFO - Setting next_dagrun for example_subdag_operator.section-1 to None, run_after=None
[2023-03-28T02:35:11.553+0000] {logging_mixin.py:137} INFO - [2023-03-28T02:35:11.552+0000] {dag.py:3444} INFO - Setting next_dagrun for example_subdag_operator.section-2 to None, run_after=None
[2023-03-28T02:35:11.558+0000] {logging_mixin.py:137} INFO - [2023-03-28T02:35:11.558+0000] {dag.py:2693} INFO - Sync 2 DAGs
[2023-03-28T02:35:11.562+0000] {logging_mixin.py:137} INFO - [2023-03-28T02:35:11.562+0000] {dag.py:3444} INFO - Setting next_dagrun for example_subdag_operator.section-1 to None, run_after=None
[2023-03-28T02:35:11.563+0000] {logging_mixin.py:137} INFO - [2023-03-28T02:35:11.563+0000] {dag.py:3444} INFO - Setting next_dagrun for example_subdag_operator.section-2 to None, run_after=None
[2023-03-28T02:35:11.571+0000] {processor.py:175} INFO - Processing /home/airflow/.local/lib/python3.7/site-packages/airflow/example_dags/example_subdag_operator.py took 0.130 seconds
[2023-03-28T02:35:41.916+0000] {processor.py:153} INFO - Started process (PID=1019) to work on /home/airflow/.local/lib/python3.7/site-packages/airflow/example_dags/example_subdag_operator.py
[2023-03-28T02:35:41.918+0000] {processor.py:743} INFO - Processing file /home/airflow/.local/lib/python3.7/site-packages/airflow/example_dags/example_subdag_operator.py for tasks to queue
[2023-03-28T02:35:41.920+0000] {logging_mixin.py:137} INFO - [2023-03-28T02:35:41.920+0000] {dagbag.py:532} INFO - Filling up the DagBag from /home/airflow/.local/lib/python3.7/site-packages/airflow/example_dags/example_subdag_operator.py
[2023-03-28T02:35:41.974+0000] {processor.py:753} INFO - DAG(s) dict_keys(['example_subdag_operator.section-1', 'example_subdag_operator.section-2', 'example_subdag_operator']) retrieved from /home/airflow/.local/lib/python3.7/site-packages/airflow/example_dags/example_subdag_operator.py
[2023-03-28T02:35:41.996+0000] {logging_mixin.py:137} INFO - [2023-03-28T02:35:41.996+0000] {dag.py:2693} INFO - Sync 3 DAGs
[2023-03-28T02:35:42.022+0000] {logging_mixin.py:137} INFO - [2023-03-28T02:35:42.022+0000] {dag.py:3444} INFO - Setting next_dagrun for example_subdag_operator to 2022-01-01T00:00:00+00:00, run_after=2022-01-01T00:00:00+00:00
[2023-03-28T02:35:42.027+0000] {logging_mixin.py:137} INFO - [2023-03-28T02:35:42.027+0000] {dag.py:3444} INFO - Setting next_dagrun for example_subdag_operator.section-1 to None, run_after=None
[2023-03-28T02:35:42.028+0000] {logging_mixin.py:137} INFO - [2023-03-28T02:35:42.028+0000] {dag.py:3444} INFO - Setting next_dagrun for example_subdag_operator.section-2 to None, run_after=None
[2023-03-28T02:35:42.034+0000] {logging_mixin.py:137} INFO - [2023-03-28T02:35:42.034+0000] {dag.py:2693} INFO - Sync 2 DAGs
[2023-03-28T02:35:42.039+0000] {logging_mixin.py:137} INFO - [2023-03-28T02:35:42.039+0000] {dag.py:3444} INFO - Setting next_dagrun for example_subdag_operator.section-1 to None, run_after=None
[2023-03-28T02:35:42.040+0000] {logging_mixin.py:137} INFO - [2023-03-28T02:35:42.040+0000] {dag.py:3444} INFO - Setting next_dagrun for example_subdag_operator.section-2 to None, run_after=None
[2023-03-28T02:35:42.050+0000] {processor.py:175} INFO - Processing /home/airflow/.local/lib/python3.7/site-packages/airflow/example_dags/example_subdag_operator.py took 0.138 seconds
[2023-03-28T02:36:12.259+0000] {processor.py:153} INFO - Started process (PID=1069) to work on /home/airflow/.local/lib/python3.7/site-packages/airflow/example_dags/example_subdag_operator.py
[2023-03-28T02:36:12.263+0000] {processor.py:743} INFO - Processing file /home/airflow/.local/lib/python3.7/site-packages/airflow/example_dags/example_subdag_operator.py for tasks to queue
[2023-03-28T02:36:12.265+0000] {logging_mixin.py:137} INFO - [2023-03-28T02:36:12.265+0000] {dagbag.py:532} INFO - Filling up the DagBag from /home/airflow/.local/lib/python3.7/site-packages/airflow/example_dags/example_subdag_operator.py
[2023-03-28T02:36:12.316+0000] {processor.py:753} INFO - DAG(s) dict_keys(['example_subdag_operator.section-1', 'example_subdag_operator.section-2', 'example_subdag_operator']) retrieved from /home/airflow/.local/lib/python3.7/site-packages/airflow/example_dags/example_subdag_operator.py
[2023-03-28T02:36:12.337+0000] {logging_mixin.py:137} INFO - [2023-03-28T02:36:12.337+0000] {dag.py:2693} INFO - Sync 3 DAGs
[2023-03-28T02:36:12.359+0000] {logging_mixin.py:137} INFO - [2023-03-28T02:36:12.359+0000] {dag.py:3444} INFO - Setting next_dagrun for example_subdag_operator to 2022-01-01T00:00:00+00:00, run_after=2022-01-01T00:00:00+00:00
[2023-03-28T02:36:12.363+0000] {logging_mixin.py:137} INFO - [2023-03-28T02:36:12.363+0000] {dag.py:3444} INFO - Setting next_dagrun for example_subdag_operator.section-1 to None, run_after=None
[2023-03-28T02:36:12.365+0000] {logging_mixin.py:137} INFO - [2023-03-28T02:36:12.365+0000] {dag.py:3444} INFO - Setting next_dagrun for example_subdag_operator.section-2 to None, run_after=None
[2023-03-28T02:36:12.370+0000] {logging_mixin.py:137} INFO - [2023-03-28T02:36:12.370+0000] {dag.py:2693} INFO - Sync 2 DAGs
[2023-03-28T02:36:12.374+0000] {logging_mixin.py:137} INFO - [2023-03-28T02:36:12.374+0000] {dag.py:3444} INFO - Setting next_dagrun for example_subdag_operator.section-1 to None, run_after=None
[2023-03-28T02:36:12.375+0000] {logging_mixin.py:137} INFO - [2023-03-28T02:36:12.375+0000] {dag.py:3444} INFO - Setting next_dagrun for example_subdag_operator.section-2 to None, run_after=None
[2023-03-28T02:36:12.386+0000] {processor.py:175} INFO - Processing /home/airflow/.local/lib/python3.7/site-packages/airflow/example_dags/example_subdag_operator.py took 0.137 seconds
[2023-03-28T02:36:42.669+0000] {processor.py:153} INFO - Started process (PID=1118) to work on /home/airflow/.local/lib/python3.7/site-packages/airflow/example_dags/example_subdag_operator.py
[2023-03-28T02:36:42.672+0000] {processor.py:743} INFO - Processing file /home/airflow/.local/lib/python3.7/site-packages/airflow/example_dags/example_subdag_operator.py for tasks to queue
[2023-03-28T02:36:42.675+0000] {logging_mixin.py:137} INFO - [2023-03-28T02:36:42.675+0000] {dagbag.py:532} INFO - Filling up the DagBag from /home/airflow/.local/lib/python3.7/site-packages/airflow/example_dags/example_subdag_operator.py
[2023-03-28T02:36:42.736+0000] {processor.py:753} INFO - DAG(s) dict_keys(['example_subdag_operator.section-1', 'example_subdag_operator.section-2', 'example_subdag_operator']) retrieved from /home/airflow/.local/lib/python3.7/site-packages/airflow/example_dags/example_subdag_operator.py
[2023-03-28T02:36:42.754+0000] {logging_mixin.py:137} INFO - [2023-03-28T02:36:42.754+0000] {dag.py:2693} INFO - Sync 3 DAGs
[2023-03-28T02:36:42.779+0000] {logging_mixin.py:137} INFO - [2023-03-28T02:36:42.779+0000] {dag.py:3444} INFO - Setting next_dagrun for example_subdag_operator to 2022-01-01T00:00:00+00:00, run_after=2022-01-01T00:00:00+00:00
[2023-03-28T02:36:42.783+0000] {logging_mixin.py:137} INFO - [2023-03-28T02:36:42.783+0000] {dag.py:3444} INFO - Setting next_dagrun for example_subdag_operator.section-1 to None, run_after=None
[2023-03-28T02:36:42.784+0000] {logging_mixin.py:137} INFO - [2023-03-28T02:36:42.784+0000] {dag.py:3444} INFO - Setting next_dagrun for example_subdag_operator.section-2 to None, run_after=None
[2023-03-28T02:36:42.791+0000] {logging_mixin.py:137} INFO - [2023-03-28T02:36:42.790+0000] {dag.py:2693} INFO - Sync 2 DAGs
[2023-03-28T02:36:42.795+0000] {logging_mixin.py:137} INFO - [2023-03-28T02:36:42.795+0000] {dag.py:3444} INFO - Setting next_dagrun for example_subdag_operator.section-1 to None, run_after=None
[2023-03-28T02:36:42.796+0000] {logging_mixin.py:137} INFO - [2023-03-28T02:36:42.796+0000] {dag.py:3444} INFO - Setting next_dagrun for example_subdag_operator.section-2 to None, run_after=None
[2023-03-28T02:36:42.805+0000] {processor.py:175} INFO - Processing /home/airflow/.local/lib/python3.7/site-packages/airflow/example_dags/example_subdag_operator.py took 0.143 seconds
[2023-03-28T02:37:13.151+0000] {processor.py:153} INFO - Started process (PID=1168) to work on /home/airflow/.local/lib/python3.7/site-packages/airflow/example_dags/example_subdag_operator.py
[2023-03-28T02:37:13.155+0000] {processor.py:743} INFO - Processing file /home/airflow/.local/lib/python3.7/site-packages/airflow/example_dags/example_subdag_operator.py for tasks to queue
[2023-03-28T02:37:13.157+0000] {logging_mixin.py:137} INFO - [2023-03-28T02:37:13.157+0000] {dagbag.py:532} INFO - Filling up the DagBag from /home/airflow/.local/lib/python3.7/site-packages/airflow/example_dags/example_subdag_operator.py
[2023-03-28T02:37:13.210+0000] {processor.py:753} INFO - DAG(s) dict_keys(['example_subdag_operator.section-1', 'example_subdag_operator.section-2', 'example_subdag_operator']) retrieved from /home/airflow/.local/lib/python3.7/site-packages/airflow/example_dags/example_subdag_operator.py
[2023-03-28T02:37:13.232+0000] {logging_mixin.py:137} INFO - [2023-03-28T02:37:13.232+0000] {dag.py:2693} INFO - Sync 3 DAGs
[2023-03-28T02:37:13.256+0000] {logging_mixin.py:137} INFO - [2023-03-28T02:37:13.255+0000] {dag.py:3444} INFO - Setting next_dagrun for example_subdag_operator to 2022-01-01T00:00:00+00:00, run_after=2022-01-01T00:00:00+00:00
[2023-03-28T02:37:13.263+0000] {logging_mixin.py:137} INFO - [2023-03-28T02:37:13.263+0000] {dag.py:3444} INFO - Setting next_dagrun for example_subdag_operator.section-1 to None, run_after=None
[2023-03-28T02:37:13.265+0000] {logging_mixin.py:137} INFO - [2023-03-28T02:37:13.264+0000] {dag.py:3444} INFO - Setting next_dagrun for example_subdag_operator.section-2 to None, run_after=None
[2023-03-28T02:37:13.270+0000] {logging_mixin.py:137} INFO - [2023-03-28T02:37:13.270+0000] {dag.py:2693} INFO - Sync 2 DAGs
[2023-03-28T02:37:13.275+0000] {logging_mixin.py:137} INFO - [2023-03-28T02:37:13.274+0000] {dag.py:3444} INFO - Setting next_dagrun for example_subdag_operator.section-1 to None, run_after=None
[2023-03-28T02:37:13.275+0000] {logging_mixin.py:137} INFO - [2023-03-28T02:37:13.275+0000] {dag.py:3444} INFO - Setting next_dagrun for example_subdag_operator.section-2 to None, run_after=None
[2023-03-28T02:37:13.285+0000] {processor.py:175} INFO - Processing /home/airflow/.local/lib/python3.7/site-packages/airflow/example_dags/example_subdag_operator.py took 0.144 seconds
[2023-03-28T02:37:43.625+0000] {processor.py:153} INFO - Started process (PID=1217) to work on /home/airflow/.local/lib/python3.7/site-packages/airflow/example_dags/example_subdag_operator.py
[2023-03-28T02:37:43.627+0000] {processor.py:743} INFO - Processing file /home/airflow/.local/lib/python3.7/site-packages/airflow/example_dags/example_subdag_operator.py for tasks to queue
[2023-03-28T02:37:43.629+0000] {logging_mixin.py:137} INFO - [2023-03-28T02:37:43.629+0000] {dagbag.py:532} INFO - Filling up the DagBag from /home/airflow/.local/lib/python3.7/site-packages/airflow/example_dags/example_subdag_operator.py
[2023-03-28T02:37:43.682+0000] {processor.py:753} INFO - DAG(s) dict_keys(['example_subdag_operator.section-1', 'example_subdag_operator.section-2', 'example_subdag_operator']) retrieved from /home/airflow/.local/lib/python3.7/site-packages/airflow/example_dags/example_subdag_operator.py
[2023-03-28T02:37:43.701+0000] {logging_mixin.py:137} INFO - [2023-03-28T02:37:43.701+0000] {dag.py:2693} INFO - Sync 3 DAGs
[2023-03-28T02:37:43.727+0000] {logging_mixin.py:137} INFO - [2023-03-28T02:37:43.726+0000] {dag.py:3444} INFO - Setting next_dagrun for example_subdag_operator to 2022-01-01T00:00:00+00:00, run_after=2022-01-01T00:00:00+00:00
[2023-03-28T02:37:43.731+0000] {logging_mixin.py:137} INFO - [2023-03-28T02:37:43.731+0000] {dag.py:3444} INFO - Setting next_dagrun for example_subdag_operator.section-1 to None, run_after=None
[2023-03-28T02:37:43.733+0000] {logging_mixin.py:137} INFO - [2023-03-28T02:37:43.733+0000] {dag.py:3444} INFO - Setting next_dagrun for example_subdag_operator.section-2 to None, run_after=None
[2023-03-28T02:37:43.739+0000] {logging_mixin.py:137} INFO - [2023-03-28T02:37:43.738+0000] {dag.py:2693} INFO - Sync 2 DAGs
[2023-03-28T02:37:43.743+0000] {logging_mixin.py:137} INFO - [2023-03-28T02:37:43.743+0000] {dag.py:3444} INFO - Setting next_dagrun for example_subdag_operator.section-1 to None, run_after=None
[2023-03-28T02:37:43.744+0000] {logging_mixin.py:137} INFO - [2023-03-28T02:37:43.744+0000] {dag.py:3444} INFO - Setting next_dagrun for example_subdag_operator.section-2 to None, run_after=None
[2023-03-28T02:37:43.752+0000] {processor.py:175} INFO - Processing /home/airflow/.local/lib/python3.7/site-packages/airflow/example_dags/example_subdag_operator.py took 0.132 seconds
[2023-03-28T02:38:14.176+0000] {processor.py:153} INFO - Started process (PID=1266) to work on /home/airflow/.local/lib/python3.7/site-packages/airflow/example_dags/example_subdag_operator.py
[2023-03-28T02:38:14.181+0000] {processor.py:743} INFO - Processing file /home/airflow/.local/lib/python3.7/site-packages/airflow/example_dags/example_subdag_operator.py for tasks to queue
[2023-03-28T02:38:14.185+0000] {logging_mixin.py:137} INFO - [2023-03-28T02:38:14.184+0000] {dagbag.py:532} INFO - Filling up the DagBag from /home/airflow/.local/lib/python3.7/site-packages/airflow/example_dags/example_subdag_operator.py
[2023-03-28T02:38:14.257+0000] {processor.py:753} INFO - DAG(s) dict_keys(['example_subdag_operator.section-1', 'example_subdag_operator.section-2', 'example_subdag_operator']) retrieved from /home/airflow/.local/lib/python3.7/site-packages/airflow/example_dags/example_subdag_operator.py
[2023-03-28T02:38:14.279+0000] {logging_mixin.py:137} INFO - [2023-03-28T02:38:14.279+0000] {dag.py:2693} INFO - Sync 3 DAGs
[2023-03-28T02:38:14.305+0000] {logging_mixin.py:137} INFO - [2023-03-28T02:38:14.305+0000] {dag.py:3444} INFO - Setting next_dagrun for example_subdag_operator to 2022-01-01T00:00:00+00:00, run_after=2022-01-01T00:00:00+00:00
[2023-03-28T02:38:14.310+0000] {logging_mixin.py:137} INFO - [2023-03-28T02:38:14.310+0000] {dag.py:3444} INFO - Setting next_dagrun for example_subdag_operator.section-1 to None, run_after=None
[2023-03-28T02:38:14.313+0000] {logging_mixin.py:137} INFO - [2023-03-28T02:38:14.313+0000] {dag.py:3444} INFO - Setting next_dagrun for example_subdag_operator.section-2 to None, run_after=None
[2023-03-28T02:38:14.323+0000] {logging_mixin.py:137} INFO - [2023-03-28T02:38:14.323+0000] {dag.py:2693} INFO - Sync 2 DAGs
[2023-03-28T02:38:14.329+0000] {logging_mixin.py:137} INFO - [2023-03-28T02:38:14.328+0000] {dag.py:3444} INFO - Setting next_dagrun for example_subdag_operator.section-1 to None, run_after=None
[2023-03-28T02:38:14.330+0000] {logging_mixin.py:137} INFO - [2023-03-28T02:38:14.330+0000] {dag.py:3444} INFO - Setting next_dagrun for example_subdag_operator.section-2 to None, run_after=None
[2023-03-28T02:38:14.342+0000] {processor.py:175} INFO - Processing /home/airflow/.local/lib/python3.7/site-packages/airflow/example_dags/example_subdag_operator.py took 0.172 seconds
[2023-03-28T02:38:44.724+0000] {processor.py:153} INFO - Started process (PID=1316) to work on /home/airflow/.local/lib/python3.7/site-packages/airflow/example_dags/example_subdag_operator.py
[2023-03-28T02:38:44.726+0000] {processor.py:743} INFO - Processing file /home/airflow/.local/lib/python3.7/site-packages/airflow/example_dags/example_subdag_operator.py for tasks to queue
[2023-03-28T02:38:44.729+0000] {logging_mixin.py:137} INFO - [2023-03-28T02:38:44.728+0000] {dagbag.py:532} INFO - Filling up the DagBag from /home/airflow/.local/lib/python3.7/site-packages/airflow/example_dags/example_subdag_operator.py
[2023-03-28T02:38:44.782+0000] {processor.py:753} INFO - DAG(s) dict_keys(['example_subdag_operator.section-1', 'example_subdag_operator.section-2', 'example_subdag_operator']) retrieved from /home/airflow/.local/lib/python3.7/site-packages/airflow/example_dags/example_subdag_operator.py
[2023-03-28T02:38:44.803+0000] {logging_mixin.py:137} INFO - [2023-03-28T02:38:44.803+0000] {dag.py:2693} INFO - Sync 3 DAGs
[2023-03-28T02:38:44.825+0000] {logging_mixin.py:137} INFO - [2023-03-28T02:38:44.825+0000] {dag.py:3444} INFO - Setting next_dagrun for example_subdag_operator to 2022-01-01T00:00:00+00:00, run_after=2022-01-01T00:00:00+00:00
[2023-03-28T02:38:44.828+0000] {logging_mixin.py:137} INFO - [2023-03-28T02:38:44.828+0000] {dag.py:3444} INFO - Setting next_dagrun for example_subdag_operator.section-1 to None, run_after=None
[2023-03-28T02:38:44.830+0000] {logging_mixin.py:137} INFO - [2023-03-28T02:38:44.830+0000] {dag.py:3444} INFO - Setting next_dagrun for example_subdag_operator.section-2 to None, run_after=None
[2023-03-28T02:38:44.836+0000] {logging_mixin.py:137} INFO - [2023-03-28T02:38:44.836+0000] {dag.py:2693} INFO - Sync 2 DAGs
[2023-03-28T02:38:44.841+0000] {logging_mixin.py:137} INFO - [2023-03-28T02:38:44.841+0000] {dag.py:3444} INFO - Setting next_dagrun for example_subdag_operator.section-1 to None, run_after=None
[2023-03-28T02:38:44.842+0000] {logging_mixin.py:137} INFO - [2023-03-28T02:38:44.841+0000] {dag.py:3444} INFO - Setting next_dagrun for example_subdag_operator.section-2 to None, run_after=None
[2023-03-28T02:38:44.851+0000] {processor.py:175} INFO - Processing /home/airflow/.local/lib/python3.7/site-packages/airflow/example_dags/example_subdag_operator.py took 0.135 seconds
[2023-03-28T02:39:15.181+0000] {processor.py:153} INFO - Started process (PID=1365) to work on /home/airflow/.local/lib/python3.7/site-packages/airflow/example_dags/example_subdag_operator.py
[2023-03-28T02:39:15.184+0000] {processor.py:743} INFO - Processing file /home/airflow/.local/lib/python3.7/site-packages/airflow/example_dags/example_subdag_operator.py for tasks to queue
[2023-03-28T02:39:15.186+0000] {logging_mixin.py:137} INFO - [2023-03-28T02:39:15.186+0000] {dagbag.py:532} INFO - Filling up the DagBag from /home/airflow/.local/lib/python3.7/site-packages/airflow/example_dags/example_subdag_operator.py
[2023-03-28T02:39:15.246+0000] {processor.py:753} INFO - DAG(s) dict_keys(['example_subdag_operator.section-1', 'example_subdag_operator.section-2', 'example_subdag_operator']) retrieved from /home/airflow/.local/lib/python3.7/site-packages/airflow/example_dags/example_subdag_operator.py
[2023-03-28T02:39:15.265+0000] {logging_mixin.py:137} INFO - [2023-03-28T02:39:15.265+0000] {dag.py:2693} INFO - Sync 3 DAGs
[2023-03-28T02:39:15.283+0000] {logging_mixin.py:137} INFO - [2023-03-28T02:39:15.283+0000] {dag.py:3444} INFO - Setting next_dagrun for example_subdag_operator to 2022-01-01T00:00:00+00:00, run_after=2022-01-01T00:00:00+00:00
[2023-03-28T02:39:15.288+0000] {logging_mixin.py:137} INFO - [2023-03-28T02:39:15.288+0000] {dag.py:3444} INFO - Setting next_dagrun for example_subdag_operator.section-1 to None, run_after=None
[2023-03-28T02:39:15.289+0000] {logging_mixin.py:137} INFO - [2023-03-28T02:39:15.289+0000] {dag.py:3444} INFO - Setting next_dagrun for example_subdag_operator.section-2 to None, run_after=None
[2023-03-28T02:39:15.295+0000] {logging_mixin.py:137} INFO - [2023-03-28T02:39:15.295+0000] {dag.py:2693} INFO - Sync 2 DAGs
[2023-03-28T02:39:15.300+0000] {logging_mixin.py:137} INFO - [2023-03-28T02:39:15.300+0000] {dag.py:3444} INFO - Setting next_dagrun for example_subdag_operator.section-1 to None, run_after=None
[2023-03-28T02:39:15.301+0000] {logging_mixin.py:137} INFO - [2023-03-28T02:39:15.301+0000] {dag.py:3444} INFO - Setting next_dagrun for example_subdag_operator.section-2 to None, run_after=None
[2023-03-28T02:39:15.311+0000] {processor.py:175} INFO - Processing /home/airflow/.local/lib/python3.7/site-packages/airflow/example_dags/example_subdag_operator.py took 0.137 seconds
[2023-03-28T02:39:45.416+0000] {processor.py:153} INFO - Started process (PID=1414) to work on /home/airflow/.local/lib/python3.7/site-packages/airflow/example_dags/example_subdag_operator.py
[2023-03-28T02:39:45.420+0000] {processor.py:743} INFO - Processing file /home/airflow/.local/lib/python3.7/site-packages/airflow/example_dags/example_subdag_operator.py for tasks to queue
[2023-03-28T02:39:45.422+0000] {logging_mixin.py:137} INFO - [2023-03-28T02:39:45.422+0000] {dagbag.py:532} INFO - Filling up the DagBag from /home/airflow/.local/lib/python3.7/site-packages/airflow/example_dags/example_subdag_operator.py
[2023-03-28T02:39:45.478+0000] {processor.py:753} INFO - DAG(s) dict_keys(['example_subdag_operator.section-1', 'example_subdag_operator.section-2', 'example_subdag_operator']) retrieved from /home/airflow/.local/lib/python3.7/site-packages/airflow/example_dags/example_subdag_operator.py
[2023-03-28T02:39:45.516+0000] {logging_mixin.py:137} INFO - [2023-03-28T02:39:45.516+0000] {dag.py:2693} INFO - Sync 3 DAGs
[2023-03-28T02:39:45.561+0000] {logging_mixin.py:137} INFO - [2023-03-28T02:39:45.560+0000] {dag.py:3444} INFO - Setting next_dagrun for example_subdag_operator to 2022-01-01T00:00:00+00:00, run_after=2022-01-01T00:00:00+00:00
[2023-03-28T02:39:45.564+0000] {logging_mixin.py:137} INFO - [2023-03-28T02:39:45.563+0000] {dag.py:3444} INFO - Setting next_dagrun for example_subdag_operator.section-1 to None, run_after=None
[2023-03-28T02:39:45.565+0000] {logging_mixin.py:137} INFO - [2023-03-28T02:39:45.565+0000] {dag.py:3444} INFO - Setting next_dagrun for example_subdag_operator.section-2 to None, run_after=None
[2023-03-28T02:39:45.574+0000] {logging_mixin.py:137} INFO - [2023-03-28T02:39:45.574+0000] {dag.py:2693} INFO - Sync 2 DAGs
[2023-03-28T02:39:45.579+0000] {logging_mixin.py:137} INFO - [2023-03-28T02:39:45.579+0000] {dag.py:3444} INFO - Setting next_dagrun for example_subdag_operator.section-1 to None, run_after=None
[2023-03-28T02:39:45.580+0000] {logging_mixin.py:137} INFO - [2023-03-28T02:39:45.580+0000] {dag.py:3444} INFO - Setting next_dagrun for example_subdag_operator.section-2 to None, run_after=None
[2023-03-28T02:39:45.593+0000] {processor.py:175} INFO - Processing /home/airflow/.local/lib/python3.7/site-packages/airflow/example_dags/example_subdag_operator.py took 0.183 seconds
[2023-03-28T02:40:16.236+0000] {processor.py:153} INFO - Started process (PID=1463) to work on /home/airflow/.local/lib/python3.7/site-packages/airflow/example_dags/example_subdag_operator.py
[2023-03-28T02:40:16.239+0000] {processor.py:743} INFO - Processing file /home/airflow/.local/lib/python3.7/site-packages/airflow/example_dags/example_subdag_operator.py for tasks to queue
[2023-03-28T02:40:16.241+0000] {logging_mixin.py:137} INFO - [2023-03-28T02:40:16.241+0000] {dagbag.py:532} INFO - Filling up the DagBag from /home/airflow/.local/lib/python3.7/site-packages/airflow/example_dags/example_subdag_operator.py
[2023-03-28T02:40:16.304+0000] {processor.py:753} INFO - DAG(s) dict_keys(['example_subdag_operator.section-1', 'example_subdag_operator.section-2', 'example_subdag_operator']) retrieved from /home/airflow/.local/lib/python3.7/site-packages/airflow/example_dags/example_subdag_operator.py
[2023-03-28T02:40:16.321+0000] {logging_mixin.py:137} INFO - [2023-03-28T02:40:16.321+0000] {dag.py:2693} INFO - Sync 3 DAGs
[2023-03-28T02:40:16.346+0000] {logging_mixin.py:137} INFO - [2023-03-28T02:40:16.346+0000] {dag.py:3444} INFO - Setting next_dagrun for example_subdag_operator to 2022-01-01T00:00:00+00:00, run_after=2022-01-01T00:00:00+00:00
[2023-03-28T02:40:16.349+0000] {logging_mixin.py:137} INFO - [2023-03-28T02:40:16.349+0000] {dag.py:3444} INFO - Setting next_dagrun for example_subdag_operator.section-1 to None, run_after=None
[2023-03-28T02:40:16.354+0000] {logging_mixin.py:137} INFO - [2023-03-28T02:40:16.354+0000] {dag.py:3444} INFO - Setting next_dagrun for example_subdag_operator.section-2 to None, run_after=None
[2023-03-28T02:40:16.360+0000] {logging_mixin.py:137} INFO - [2023-03-28T02:40:16.360+0000] {dag.py:2693} INFO - Sync 2 DAGs
[2023-03-28T02:40:16.367+0000] {logging_mixin.py:137} INFO - [2023-03-28T02:40:16.367+0000] {dag.py:3444} INFO - Setting next_dagrun for example_subdag_operator.section-1 to None, run_after=None
[2023-03-28T02:40:16.370+0000] {logging_mixin.py:137} INFO - [2023-03-28T02:40:16.369+0000] {dag.py:3444} INFO - Setting next_dagrun for example_subdag_operator.section-2 to None, run_after=None
[2023-03-28T02:40:16.382+0000] {processor.py:175} INFO - Processing /home/airflow/.local/lib/python3.7/site-packages/airflow/example_dags/example_subdag_operator.py took 0.154 seconds
[2023-03-28T02:40:46.876+0000] {processor.py:153} INFO - Started process (PID=1512) to work on /home/airflow/.local/lib/python3.7/site-packages/airflow/example_dags/example_subdag_operator.py
[2023-03-28T02:40:46.879+0000] {processor.py:743} INFO - Processing file /home/airflow/.local/lib/python3.7/site-packages/airflow/example_dags/example_subdag_operator.py for tasks to queue
[2023-03-28T02:40:46.880+0000] {logging_mixin.py:137} INFO - [2023-03-28T02:40:46.880+0000] {dagbag.py:532} INFO - Filling up the DagBag from /home/airflow/.local/lib/python3.7/site-packages/airflow/example_dags/example_subdag_operator.py
[2023-03-28T02:40:46.930+0000] {processor.py:753} INFO - DAG(s) dict_keys(['example_subdag_operator.section-1', 'example_subdag_operator.section-2', 'example_subdag_operator']) retrieved from /home/airflow/.local/lib/python3.7/site-packages/airflow/example_dags/example_subdag_operator.py
[2023-03-28T02:40:46.949+0000] {logging_mixin.py:137} INFO - [2023-03-28T02:40:46.949+0000] {dag.py:2693} INFO - Sync 3 DAGs
[2023-03-28T02:40:46.996+0000] {logging_mixin.py:137} INFO - [2023-03-28T02:40:46.995+0000] {dag.py:3444} INFO - Setting next_dagrun for example_subdag_operator to 2022-01-01T00:00:00+00:00, run_after=2022-01-01T00:00:00+00:00
[2023-03-28T02:40:47.003+0000] {logging_mixin.py:137} INFO - [2023-03-28T02:40:47.003+0000] {dag.py:3444} INFO - Setting next_dagrun for example_subdag_operator.section-1 to None, run_after=None
[2023-03-28T02:40:47.013+0000] {logging_mixin.py:137} INFO - [2023-03-28T02:40:47.012+0000] {dag.py:3444} INFO - Setting next_dagrun for example_subdag_operator.section-2 to None, run_after=None
[2023-03-28T02:40:47.025+0000] {logging_mixin.py:137} INFO - [2023-03-28T02:40:47.025+0000] {dag.py:2693} INFO - Sync 2 DAGs
[2023-03-28T02:40:47.034+0000] {logging_mixin.py:137} INFO - [2023-03-28T02:40:47.034+0000] {dag.py:3444} INFO - Setting next_dagrun for example_subdag_operator.section-1 to None, run_after=None
[2023-03-28T02:40:47.038+0000] {logging_mixin.py:137} INFO - [2023-03-28T02:40:47.038+0000] {dag.py:3444} INFO - Setting next_dagrun for example_subdag_operator.section-2 to None, run_after=None
[2023-03-28T02:40:47.048+0000] {processor.py:175} INFO - Processing /home/airflow/.local/lib/python3.7/site-packages/airflow/example_dags/example_subdag_operator.py took 0.191 seconds
