[2023-03-28T02:25:33.928+0000] {processor.py:153} INFO - Started process (PID=66) to work on /home/airflow/.local/lib/python3.7/site-packages/airflow/example_dags/example_latest_only.py
[2023-03-28T02:25:33.930+0000] {processor.py:743} INFO - Processing file /home/airflow/.local/lib/python3.7/site-packages/airflow/example_dags/example_latest_only.py for tasks to queue
[2023-03-28T02:25:33.931+0000] {logging_mixin.py:137} INFO - [2023-03-28T02:25:33.931+0000] {dagbag.py:532} INFO - Filling up the DagBag from /home/airflow/.local/lib/python3.7/site-packages/airflow/example_dags/example_latest_only.py
[2023-03-28T02:25:33.946+0000] {processor.py:753} INFO - DAG(s) dict_keys(['latest_only']) retrieved from /home/airflow/.local/lib/python3.7/site-packages/airflow/example_dags/example_latest_only.py
[2023-03-28T02:25:33.957+0000] {logging_mixin.py:137} INFO - [2023-03-28T02:25:33.957+0000] {dag.py:2693} INFO - Sync 1 DAGs
[2023-03-28T02:25:33.977+0000] {logging_mixin.py:137} INFO - [2023-03-28T02:25:33.977+0000] {dag.py:3444} INFO - Setting next_dagrun for latest_only to 2023-03-27T22:25:33.977677+00:00, run_after=2023-03-28T02:25:33.977677+00:00
[2023-03-28T02:25:33.997+0000] {processor.py:175} INFO - Processing /home/airflow/.local/lib/python3.7/site-packages/airflow/example_dags/example_latest_only.py took 0.071 seconds
[2023-03-28T02:26:04.633+0000] {processor.py:153} INFO - Started process (PID=115) to work on /home/airflow/.local/lib/python3.7/site-packages/airflow/example_dags/example_latest_only.py
[2023-03-28T02:26:04.635+0000] {processor.py:743} INFO - Processing file /home/airflow/.local/lib/python3.7/site-packages/airflow/example_dags/example_latest_only.py for tasks to queue
[2023-03-28T02:26:04.636+0000] {logging_mixin.py:137} INFO - [2023-03-28T02:26:04.636+0000] {dagbag.py:532} INFO - Filling up the DagBag from /home/airflow/.local/lib/python3.7/site-packages/airflow/example_dags/example_latest_only.py
[2023-03-28T02:26:04.646+0000] {processor.py:753} INFO - DAG(s) dict_keys(['latest_only']) retrieved from /home/airflow/.local/lib/python3.7/site-packages/airflow/example_dags/example_latest_only.py
[2023-03-28T02:26:04.663+0000] {logging_mixin.py:137} INFO - [2023-03-28T02:26:04.663+0000] {dag.py:2693} INFO - Sync 1 DAGs
[2023-03-28T02:26:04.681+0000] {logging_mixin.py:137} INFO - [2023-03-28T02:26:04.681+0000] {dag.py:3444} INFO - Setting next_dagrun for latest_only to 2023-03-27T22:26:04.681542+00:00, run_after=2023-03-28T02:26:04.681542+00:00
[2023-03-28T02:26:04.694+0000] {processor.py:175} INFO - Processing /home/airflow/.local/lib/python3.7/site-packages/airflow/example_dags/example_latest_only.py took 0.063 seconds
[2023-03-28T02:26:35.314+0000] {processor.py:153} INFO - Started process (PID=164) to work on /home/airflow/.local/lib/python3.7/site-packages/airflow/example_dags/example_latest_only.py
[2023-03-28T02:26:35.316+0000] {processor.py:743} INFO - Processing file /home/airflow/.local/lib/python3.7/site-packages/airflow/example_dags/example_latest_only.py for tasks to queue
[2023-03-28T02:26:35.317+0000] {logging_mixin.py:137} INFO - [2023-03-28T02:26:35.317+0000] {dagbag.py:532} INFO - Filling up the DagBag from /home/airflow/.local/lib/python3.7/site-packages/airflow/example_dags/example_latest_only.py
[2023-03-28T02:26:35.327+0000] {processor.py:753} INFO - DAG(s) dict_keys(['latest_only']) retrieved from /home/airflow/.local/lib/python3.7/site-packages/airflow/example_dags/example_latest_only.py
[2023-03-28T02:26:35.344+0000] {logging_mixin.py:137} INFO - [2023-03-28T02:26:35.344+0000] {dag.py:2693} INFO - Sync 1 DAGs
[2023-03-28T02:26:35.362+0000] {logging_mixin.py:137} INFO - [2023-03-28T02:26:35.362+0000] {dag.py:3444} INFO - Setting next_dagrun for latest_only to 2023-03-27T22:26:35.361943+00:00, run_after=2023-03-28T02:26:35.361943+00:00
[2023-03-28T02:26:35.377+0000] {processor.py:175} INFO - Processing /home/airflow/.local/lib/python3.7/site-packages/airflow/example_dags/example_latest_only.py took 0.066 seconds
[2023-03-28T02:27:06.298+0000] {processor.py:153} INFO - Started process (PID=213) to work on /home/airflow/.local/lib/python3.7/site-packages/airflow/example_dags/example_latest_only.py
[2023-03-28T02:27:06.301+0000] {processor.py:743} INFO - Processing file /home/airflow/.local/lib/python3.7/site-packages/airflow/example_dags/example_latest_only.py for tasks to queue
[2023-03-28T02:27:06.302+0000] {logging_mixin.py:137} INFO - [2023-03-28T02:27:06.302+0000] {dagbag.py:532} INFO - Filling up the DagBag from /home/airflow/.local/lib/python3.7/site-packages/airflow/example_dags/example_latest_only.py
[2023-03-28T02:27:06.311+0000] {processor.py:753} INFO - DAG(s) dict_keys(['latest_only']) retrieved from /home/airflow/.local/lib/python3.7/site-packages/airflow/example_dags/example_latest_only.py
[2023-03-28T02:27:06.327+0000] {logging_mixin.py:137} INFO - [2023-03-28T02:27:06.327+0000] {dag.py:2693} INFO - Sync 1 DAGs
[2023-03-28T02:27:06.344+0000] {logging_mixin.py:137} INFO - [2023-03-28T02:27:06.344+0000] {dag.py:3444} INFO - Setting next_dagrun for latest_only to 2023-03-27T22:27:06.344056+00:00, run_after=2023-03-28T02:27:06.344056+00:00
[2023-03-28T02:27:06.357+0000] {processor.py:175} INFO - Processing /home/airflow/.local/lib/python3.7/site-packages/airflow/example_dags/example_latest_only.py took 0.061 seconds
[2023-03-28T02:27:36.882+0000] {processor.py:153} INFO - Started process (PID=262) to work on /home/airflow/.local/lib/python3.7/site-packages/airflow/example_dags/example_latest_only.py
[2023-03-28T02:27:36.884+0000] {processor.py:743} INFO - Processing file /home/airflow/.local/lib/python3.7/site-packages/airflow/example_dags/example_latest_only.py for tasks to queue
[2023-03-28T02:27:36.885+0000] {logging_mixin.py:137} INFO - [2023-03-28T02:27:36.885+0000] {dagbag.py:532} INFO - Filling up the DagBag from /home/airflow/.local/lib/python3.7/site-packages/airflow/example_dags/example_latest_only.py
[2023-03-28T02:27:36.894+0000] {processor.py:753} INFO - DAG(s) dict_keys(['latest_only']) retrieved from /home/airflow/.local/lib/python3.7/site-packages/airflow/example_dags/example_latest_only.py
[2023-03-28T02:27:36.911+0000] {logging_mixin.py:137} INFO - [2023-03-28T02:27:36.910+0000] {dag.py:2693} INFO - Sync 1 DAGs
[2023-03-28T02:27:36.927+0000] {logging_mixin.py:137} INFO - [2023-03-28T02:27:36.926+0000] {dag.py:3444} INFO - Setting next_dagrun for latest_only to 2023-03-27T22:27:36.926700+00:00, run_after=2023-03-28T02:27:36.926700+00:00
[2023-03-28T02:27:36.939+0000] {processor.py:175} INFO - Processing /home/airflow/.local/lib/python3.7/site-packages/airflow/example_dags/example_latest_only.py took 0.060 seconds
[2023-03-28T02:28:07.585+0000] {processor.py:153} INFO - Started process (PID=311) to work on /home/airflow/.local/lib/python3.7/site-packages/airflow/example_dags/example_latest_only.py
[2023-03-28T02:28:07.590+0000] {processor.py:743} INFO - Processing file /home/airflow/.local/lib/python3.7/site-packages/airflow/example_dags/example_latest_only.py for tasks to queue
[2023-03-28T02:28:07.591+0000] {logging_mixin.py:137} INFO - [2023-03-28T02:28:07.591+0000] {dagbag.py:532} INFO - Filling up the DagBag from /home/airflow/.local/lib/python3.7/site-packages/airflow/example_dags/example_latest_only.py
[2023-03-28T02:28:07.601+0000] {processor.py:753} INFO - DAG(s) dict_keys(['latest_only']) retrieved from /home/airflow/.local/lib/python3.7/site-packages/airflow/example_dags/example_latest_only.py
[2023-03-28T02:28:07.625+0000] {logging_mixin.py:137} INFO - [2023-03-28T02:28:07.625+0000] {dag.py:2693} INFO - Sync 1 DAGs
[2023-03-28T02:28:07.650+0000] {logging_mixin.py:137} INFO - [2023-03-28T02:28:07.650+0000] {dag.py:3444} INFO - Setting next_dagrun for latest_only to 2023-03-27T22:28:07.650549+00:00, run_after=2023-03-28T02:28:07.650549+00:00
[2023-03-28T02:28:07.676+0000] {processor.py:175} INFO - Processing /home/airflow/.local/lib/python3.7/site-packages/airflow/example_dags/example_latest_only.py took 0.094 seconds
[2023-03-28T02:28:38.208+0000] {processor.py:153} INFO - Started process (PID=360) to work on /home/airflow/.local/lib/python3.7/site-packages/airflow/example_dags/example_latest_only.py
[2023-03-28T02:28:38.210+0000] {processor.py:743} INFO - Processing file /home/airflow/.local/lib/python3.7/site-packages/airflow/example_dags/example_latest_only.py for tasks to queue
[2023-03-28T02:28:38.211+0000] {logging_mixin.py:137} INFO - [2023-03-28T02:28:38.211+0000] {dagbag.py:532} INFO - Filling up the DagBag from /home/airflow/.local/lib/python3.7/site-packages/airflow/example_dags/example_latest_only.py
[2023-03-28T02:28:38.220+0000] {processor.py:753} INFO - DAG(s) dict_keys(['latest_only']) retrieved from /home/airflow/.local/lib/python3.7/site-packages/airflow/example_dags/example_latest_only.py
[2023-03-28T02:28:38.238+0000] {logging_mixin.py:137} INFO - [2023-03-28T02:28:38.238+0000] {dag.py:2693} INFO - Sync 1 DAGs
[2023-03-28T02:28:38.255+0000] {logging_mixin.py:137} INFO - [2023-03-28T02:28:38.255+0000] {dag.py:3444} INFO - Setting next_dagrun for latest_only to 2023-03-27T22:28:38.255510+00:00, run_after=2023-03-28T02:28:38.255510+00:00
[2023-03-28T02:28:38.269+0000] {processor.py:175} INFO - Processing /home/airflow/.local/lib/python3.7/site-packages/airflow/example_dags/example_latest_only.py took 0.064 seconds
[2023-03-28T02:29:08.956+0000] {processor.py:153} INFO - Started process (PID=409) to work on /home/airflow/.local/lib/python3.7/site-packages/airflow/example_dags/example_latest_only.py
[2023-03-28T02:29:08.958+0000] {processor.py:743} INFO - Processing file /home/airflow/.local/lib/python3.7/site-packages/airflow/example_dags/example_latest_only.py for tasks to queue
[2023-03-28T02:29:08.960+0000] {logging_mixin.py:137} INFO - [2023-03-28T02:29:08.960+0000] {dagbag.py:532} INFO - Filling up the DagBag from /home/airflow/.local/lib/python3.7/site-packages/airflow/example_dags/example_latest_only.py
[2023-03-28T02:29:08.973+0000] {processor.py:753} INFO - DAG(s) dict_keys(['latest_only']) retrieved from /home/airflow/.local/lib/python3.7/site-packages/airflow/example_dags/example_latest_only.py
[2023-03-28T02:29:08.997+0000] {logging_mixin.py:137} INFO - [2023-03-28T02:29:08.997+0000] {dag.py:2693} INFO - Sync 1 DAGs
[2023-03-28T02:29:09.018+0000] {logging_mixin.py:137} INFO - [2023-03-28T02:29:09.018+0000] {dag.py:3444} INFO - Setting next_dagrun for latest_only to 2023-03-27T22:29:09.017981+00:00, run_after=2023-03-28T02:29:09.017981+00:00
[2023-03-28T02:29:09.039+0000] {processor.py:175} INFO - Processing /home/airflow/.local/lib/python3.7/site-packages/airflow/example_dags/example_latest_only.py took 0.086 seconds
[2023-03-28T02:29:39.589+0000] {processor.py:153} INFO - Started process (PID=458) to work on /home/airflow/.local/lib/python3.7/site-packages/airflow/example_dags/example_latest_only.py
[2023-03-28T02:29:39.590+0000] {processor.py:743} INFO - Processing file /home/airflow/.local/lib/python3.7/site-packages/airflow/example_dags/example_latest_only.py for tasks to queue
[2023-03-28T02:29:39.591+0000] {logging_mixin.py:137} INFO - [2023-03-28T02:29:39.591+0000] {dagbag.py:532} INFO - Filling up the DagBag from /home/airflow/.local/lib/python3.7/site-packages/airflow/example_dags/example_latest_only.py
[2023-03-28T02:29:39.600+0000] {processor.py:753} INFO - DAG(s) dict_keys(['latest_only']) retrieved from /home/airflow/.local/lib/python3.7/site-packages/airflow/example_dags/example_latest_only.py
[2023-03-28T02:29:39.617+0000] {logging_mixin.py:137} INFO - [2023-03-28T02:29:39.617+0000] {dag.py:2693} INFO - Sync 1 DAGs
[2023-03-28T02:29:39.635+0000] {logging_mixin.py:137} INFO - [2023-03-28T02:29:39.635+0000] {dag.py:3444} INFO - Setting next_dagrun for latest_only to 2023-03-27T22:29:39.635624+00:00, run_after=2023-03-28T02:29:39.635624+00:00
[2023-03-28T02:29:39.657+0000] {processor.py:175} INFO - Processing /home/airflow/.local/lib/python3.7/site-packages/airflow/example_dags/example_latest_only.py took 0.071 seconds
[2023-03-28T02:30:10.304+0000] {processor.py:153} INFO - Started process (PID=507) to work on /home/airflow/.local/lib/python3.7/site-packages/airflow/example_dags/example_latest_only.py
[2023-03-28T02:30:10.305+0000] {processor.py:743} INFO - Processing file /home/airflow/.local/lib/python3.7/site-packages/airflow/example_dags/example_latest_only.py for tasks to queue
[2023-03-28T02:30:10.307+0000] {logging_mixin.py:137} INFO - [2023-03-28T02:30:10.307+0000] {dagbag.py:532} INFO - Filling up the DagBag from /home/airflow/.local/lib/python3.7/site-packages/airflow/example_dags/example_latest_only.py
[2023-03-28T02:30:10.316+0000] {processor.py:753} INFO - DAG(s) dict_keys(['latest_only']) retrieved from /home/airflow/.local/lib/python3.7/site-packages/airflow/example_dags/example_latest_only.py
[2023-03-28T02:30:10.333+0000] {logging_mixin.py:137} INFO - [2023-03-28T02:30:10.333+0000] {dag.py:2693} INFO - Sync 1 DAGs
[2023-03-28T02:30:10.350+0000] {logging_mixin.py:137} INFO - [2023-03-28T02:30:10.350+0000] {dag.py:3444} INFO - Setting next_dagrun for latest_only to 2023-03-27T22:30:10.350159+00:00, run_after=2023-03-28T02:30:10.350159+00:00
[2023-03-28T02:30:10.364+0000] {processor.py:175} INFO - Processing /home/airflow/.local/lib/python3.7/site-packages/airflow/example_dags/example_latest_only.py took 0.063 seconds
[2023-03-28T02:30:40.915+0000] {processor.py:153} INFO - Started process (PID=556) to work on /home/airflow/.local/lib/python3.7/site-packages/airflow/example_dags/example_latest_only.py
[2023-03-28T02:30:40.916+0000] {processor.py:743} INFO - Processing file /home/airflow/.local/lib/python3.7/site-packages/airflow/example_dags/example_latest_only.py for tasks to queue
[2023-03-28T02:30:40.917+0000] {logging_mixin.py:137} INFO - [2023-03-28T02:30:40.917+0000] {dagbag.py:532} INFO - Filling up the DagBag from /home/airflow/.local/lib/python3.7/site-packages/airflow/example_dags/example_latest_only.py
[2023-03-28T02:30:40.926+0000] {processor.py:753} INFO - DAG(s) dict_keys(['latest_only']) retrieved from /home/airflow/.local/lib/python3.7/site-packages/airflow/example_dags/example_latest_only.py
[2023-03-28T02:30:40.942+0000] {logging_mixin.py:137} INFO - [2023-03-28T02:30:40.942+0000] {dag.py:2693} INFO - Sync 1 DAGs
[2023-03-28T02:30:40.958+0000] {logging_mixin.py:137} INFO - [2023-03-28T02:30:40.958+0000] {dag.py:3444} INFO - Setting next_dagrun for latest_only to 2023-03-27T22:30:40.958259+00:00, run_after=2023-03-28T02:30:40.958259+00:00
[2023-03-28T02:30:40.972+0000] {processor.py:175} INFO - Processing /home/airflow/.local/lib/python3.7/site-packages/airflow/example_dags/example_latest_only.py took 0.060 seconds
[2023-03-28T02:31:11.765+0000] {processor.py:153} INFO - Started process (PID=605) to work on /home/airflow/.local/lib/python3.7/site-packages/airflow/example_dags/example_latest_only.py
[2023-03-28T02:31:11.767+0000] {processor.py:743} INFO - Processing file /home/airflow/.local/lib/python3.7/site-packages/airflow/example_dags/example_latest_only.py for tasks to queue
[2023-03-28T02:31:11.768+0000] {logging_mixin.py:137} INFO - [2023-03-28T02:31:11.768+0000] {dagbag.py:532} INFO - Filling up the DagBag from /home/airflow/.local/lib/python3.7/site-packages/airflow/example_dags/example_latest_only.py
[2023-03-28T02:31:11.777+0000] {processor.py:753} INFO - DAG(s) dict_keys(['latest_only']) retrieved from /home/airflow/.local/lib/python3.7/site-packages/airflow/example_dags/example_latest_only.py
[2023-03-28T02:31:11.795+0000] {logging_mixin.py:137} INFO - [2023-03-28T02:31:11.795+0000] {dag.py:2693} INFO - Sync 1 DAGs
[2023-03-28T02:31:11.814+0000] {logging_mixin.py:137} INFO - [2023-03-28T02:31:11.813+0000] {dag.py:3444} INFO - Setting next_dagrun for latest_only to 2023-03-27T22:31:11.813812+00:00, run_after=2023-03-28T02:31:11.813812+00:00
[2023-03-28T02:31:11.828+0000] {processor.py:175} INFO - Processing /home/airflow/.local/lib/python3.7/site-packages/airflow/example_dags/example_latest_only.py took 0.065 seconds
[2023-03-28T02:31:42.618+0000] {processor.py:153} INFO - Started process (PID=655) to work on /home/airflow/.local/lib/python3.7/site-packages/airflow/example_dags/example_latest_only.py
[2023-03-28T02:31:42.619+0000] {processor.py:743} INFO - Processing file /home/airflow/.local/lib/python3.7/site-packages/airflow/example_dags/example_latest_only.py for tasks to queue
[2023-03-28T02:31:42.621+0000] {logging_mixin.py:137} INFO - [2023-03-28T02:31:42.621+0000] {dagbag.py:532} INFO - Filling up the DagBag from /home/airflow/.local/lib/python3.7/site-packages/airflow/example_dags/example_latest_only.py
[2023-03-28T02:31:42.634+0000] {processor.py:753} INFO - DAG(s) dict_keys(['latest_only']) retrieved from /home/airflow/.local/lib/python3.7/site-packages/airflow/example_dags/example_latest_only.py
[2023-03-28T02:31:42.660+0000] {logging_mixin.py:137} INFO - [2023-03-28T02:31:42.660+0000] {dag.py:2693} INFO - Sync 1 DAGs
[2023-03-28T02:31:42.682+0000] {logging_mixin.py:137} INFO - [2023-03-28T02:31:42.681+0000] {dag.py:3444} INFO - Setting next_dagrun for latest_only to 2023-03-27T22:31:42.681607+00:00, run_after=2023-03-28T02:31:42.681607+00:00
[2023-03-28T02:31:42.699+0000] {processor.py:175} INFO - Processing /home/airflow/.local/lib/python3.7/site-packages/airflow/example_dags/example_latest_only.py took 0.084 seconds
[2023-03-28T02:32:13.324+0000] {processor.py:153} INFO - Started process (PID=704) to work on /home/airflow/.local/lib/python3.7/site-packages/airflow/example_dags/example_latest_only.py
[2023-03-28T02:32:13.328+0000] {processor.py:743} INFO - Processing file /home/airflow/.local/lib/python3.7/site-packages/airflow/example_dags/example_latest_only.py for tasks to queue
[2023-03-28T02:32:13.330+0000] {logging_mixin.py:137} INFO - [2023-03-28T02:32:13.330+0000] {dagbag.py:532} INFO - Filling up the DagBag from /home/airflow/.local/lib/python3.7/site-packages/airflow/example_dags/example_latest_only.py
[2023-03-28T02:32:13.343+0000] {processor.py:753} INFO - DAG(s) dict_keys(['latest_only']) retrieved from /home/airflow/.local/lib/python3.7/site-packages/airflow/example_dags/example_latest_only.py
[2023-03-28T02:32:13.371+0000] {logging_mixin.py:137} INFO - [2023-03-28T02:32:13.371+0000] {dag.py:2693} INFO - Sync 1 DAGs
[2023-03-28T02:32:13.400+0000] {logging_mixin.py:137} INFO - [2023-03-28T02:32:13.400+0000] {dag.py:3444} INFO - Setting next_dagrun for latest_only to 2023-03-27T22:32:13.399922+00:00, run_after=2023-03-28T02:32:13.399922+00:00
[2023-03-28T02:32:13.420+0000] {processor.py:175} INFO - Processing /home/airflow/.local/lib/python3.7/site-packages/airflow/example_dags/example_latest_only.py took 0.098 seconds
[2023-03-28T02:32:43.941+0000] {processor.py:153} INFO - Started process (PID=753) to work on /home/airflow/.local/lib/python3.7/site-packages/airflow/example_dags/example_latest_only.py
[2023-03-28T02:32:43.945+0000] {processor.py:743} INFO - Processing file /home/airflow/.local/lib/python3.7/site-packages/airflow/example_dags/example_latest_only.py for tasks to queue
[2023-03-28T02:32:43.947+0000] {logging_mixin.py:137} INFO - [2023-03-28T02:32:43.947+0000] {dagbag.py:532} INFO - Filling up the DagBag from /home/airflow/.local/lib/python3.7/site-packages/airflow/example_dags/example_latest_only.py
[2023-03-28T02:32:43.958+0000] {processor.py:753} INFO - DAG(s) dict_keys(['latest_only']) retrieved from /home/airflow/.local/lib/python3.7/site-packages/airflow/example_dags/example_latest_only.py
[2023-03-28T02:32:43.978+0000] {logging_mixin.py:137} INFO - [2023-03-28T02:32:43.978+0000] {dag.py:2693} INFO - Sync 1 DAGs
[2023-03-28T02:32:44.004+0000] {logging_mixin.py:137} INFO - [2023-03-28T02:32:44.004+0000] {dag.py:3444} INFO - Setting next_dagrun for latest_only to 2023-03-27T22:32:44.004221+00:00, run_after=2023-03-28T02:32:44.004221+00:00
[2023-03-28T02:32:44.022+0000] {processor.py:175} INFO - Processing /home/airflow/.local/lib/python3.7/site-packages/airflow/example_dags/example_latest_only.py took 0.084 seconds
[2023-03-28T02:33:14.865+0000] {processor.py:153} INFO - Started process (PID=802) to work on /home/airflow/.local/lib/python3.7/site-packages/airflow/example_dags/example_latest_only.py
[2023-03-28T02:33:14.869+0000] {processor.py:743} INFO - Processing file /home/airflow/.local/lib/python3.7/site-packages/airflow/example_dags/example_latest_only.py for tasks to queue
[2023-03-28T02:33:14.872+0000] {logging_mixin.py:137} INFO - [2023-03-28T02:33:14.872+0000] {dagbag.py:532} INFO - Filling up the DagBag from /home/airflow/.local/lib/python3.7/site-packages/airflow/example_dags/example_latest_only.py
[2023-03-28T02:33:14.892+0000] {processor.py:753} INFO - DAG(s) dict_keys(['latest_only']) retrieved from /home/airflow/.local/lib/python3.7/site-packages/airflow/example_dags/example_latest_only.py
[2023-03-28T02:33:14.912+0000] {logging_mixin.py:137} INFO - [2023-03-28T02:33:14.912+0000] {dag.py:2693} INFO - Sync 1 DAGs
[2023-03-28T02:33:14.932+0000] {logging_mixin.py:137} INFO - [2023-03-28T02:33:14.932+0000] {dag.py:3444} INFO - Setting next_dagrun for latest_only to 2023-03-27T22:33:14.932588+00:00, run_after=2023-03-28T02:33:14.932588+00:00
[2023-03-28T02:33:14.951+0000] {processor.py:175} INFO - Processing /home/airflow/.local/lib/python3.7/site-packages/airflow/example_dags/example_latest_only.py took 0.090 seconds
[2023-03-28T02:33:45.528+0000] {processor.py:153} INFO - Started process (PID=851) to work on /home/airflow/.local/lib/python3.7/site-packages/airflow/example_dags/example_latest_only.py
[2023-03-28T02:33:45.530+0000] {processor.py:743} INFO - Processing file /home/airflow/.local/lib/python3.7/site-packages/airflow/example_dags/example_latest_only.py for tasks to queue
[2023-03-28T02:33:45.531+0000] {logging_mixin.py:137} INFO - [2023-03-28T02:33:45.531+0000] {dagbag.py:532} INFO - Filling up the DagBag from /home/airflow/.local/lib/python3.7/site-packages/airflow/example_dags/example_latest_only.py
[2023-03-28T02:33:45.541+0000] {processor.py:753} INFO - DAG(s) dict_keys(['latest_only']) retrieved from /home/airflow/.local/lib/python3.7/site-packages/airflow/example_dags/example_latest_only.py
[2023-03-28T02:33:45.557+0000] {logging_mixin.py:137} INFO - [2023-03-28T02:33:45.557+0000] {dag.py:2693} INFO - Sync 1 DAGs
[2023-03-28T02:33:45.574+0000] {logging_mixin.py:137} INFO - [2023-03-28T02:33:45.574+0000] {dag.py:3444} INFO - Setting next_dagrun for latest_only to 2023-03-27T22:33:45.574020+00:00, run_after=2023-03-28T02:33:45.574020+00:00
[2023-03-28T02:33:45.593+0000] {processor.py:175} INFO - Processing /home/airflow/.local/lib/python3.7/site-packages/airflow/example_dags/example_latest_only.py took 0.067 seconds
[2023-03-28T02:34:15.965+0000] {processor.py:153} INFO - Started process (PID=900) to work on /home/airflow/.local/lib/python3.7/site-packages/airflow/example_dags/example_latest_only.py
[2023-03-28T02:34:15.967+0000] {processor.py:743} INFO - Processing file /home/airflow/.local/lib/python3.7/site-packages/airflow/example_dags/example_latest_only.py for tasks to queue
[2023-03-28T02:34:15.968+0000] {logging_mixin.py:137} INFO - [2023-03-28T02:34:15.968+0000] {dagbag.py:532} INFO - Filling up the DagBag from /home/airflow/.local/lib/python3.7/site-packages/airflow/example_dags/example_latest_only.py
[2023-03-28T02:34:15.977+0000] {processor.py:753} INFO - DAG(s) dict_keys(['latest_only']) retrieved from /home/airflow/.local/lib/python3.7/site-packages/airflow/example_dags/example_latest_only.py
[2023-03-28T02:34:15.993+0000] {logging_mixin.py:137} INFO - [2023-03-28T02:34:15.993+0000] {dag.py:2693} INFO - Sync 1 DAGs
[2023-03-28T02:34:16.010+0000] {logging_mixin.py:137} INFO - [2023-03-28T02:34:16.010+0000] {dag.py:3444} INFO - Setting next_dagrun for latest_only to 2023-03-27T22:34:16.009927+00:00, run_after=2023-03-28T02:34:16.009927+00:00
[2023-03-28T02:34:16.024+0000] {processor.py:175} INFO - Processing /home/airflow/.local/lib/python3.7/site-packages/airflow/example_dags/example_latest_only.py took 0.061 seconds
[2023-03-28T02:34:46.529+0000] {processor.py:153} INFO - Started process (PID=949) to work on /home/airflow/.local/lib/python3.7/site-packages/airflow/example_dags/example_latest_only.py
[2023-03-28T02:34:46.531+0000] {processor.py:743} INFO - Processing file /home/airflow/.local/lib/python3.7/site-packages/airflow/example_dags/example_latest_only.py for tasks to queue
[2023-03-28T02:34:46.532+0000] {logging_mixin.py:137} INFO - [2023-03-28T02:34:46.532+0000] {dagbag.py:532} INFO - Filling up the DagBag from /home/airflow/.local/lib/python3.7/site-packages/airflow/example_dags/example_latest_only.py
[2023-03-28T02:34:46.547+0000] {processor.py:753} INFO - DAG(s) dict_keys(['latest_only']) retrieved from /home/airflow/.local/lib/python3.7/site-packages/airflow/example_dags/example_latest_only.py
[2023-03-28T02:34:46.582+0000] {logging_mixin.py:137} INFO - [2023-03-28T02:34:46.582+0000] {dag.py:2693} INFO - Sync 1 DAGs
[2023-03-28T02:34:46.618+0000] {logging_mixin.py:137} INFO - [2023-03-28T02:34:46.618+0000] {dag.py:3444} INFO - Setting next_dagrun for latest_only to 2023-03-27T22:34:46.618433+00:00, run_after=2023-03-28T02:34:46.618433+00:00
[2023-03-28T02:34:46.639+0000] {processor.py:175} INFO - Processing /home/airflow/.local/lib/python3.7/site-packages/airflow/example_dags/example_latest_only.py took 0.113 seconds
[2023-03-28T02:35:17.052+0000] {processor.py:153} INFO - Started process (PID=998) to work on /home/airflow/.local/lib/python3.7/site-packages/airflow/example_dags/example_latest_only.py
[2023-03-28T02:35:17.054+0000] {processor.py:743} INFO - Processing file /home/airflow/.local/lib/python3.7/site-packages/airflow/example_dags/example_latest_only.py for tasks to queue
[2023-03-28T02:35:17.055+0000] {logging_mixin.py:137} INFO - [2023-03-28T02:35:17.055+0000] {dagbag.py:532} INFO - Filling up the DagBag from /home/airflow/.local/lib/python3.7/site-packages/airflow/example_dags/example_latest_only.py
[2023-03-28T02:35:17.065+0000] {processor.py:753} INFO - DAG(s) dict_keys(['latest_only']) retrieved from /home/airflow/.local/lib/python3.7/site-packages/airflow/example_dags/example_latest_only.py
[2023-03-28T02:35:17.082+0000] {logging_mixin.py:137} INFO - [2023-03-28T02:35:17.082+0000] {dag.py:2693} INFO - Sync 1 DAGs
[2023-03-28T02:35:17.099+0000] {logging_mixin.py:137} INFO - [2023-03-28T02:35:17.099+0000] {dag.py:3444} INFO - Setting next_dagrun for latest_only to 2023-03-27T22:35:17.099581+00:00, run_after=2023-03-28T02:35:17.099581+00:00
[2023-03-28T02:35:17.114+0000] {processor.py:175} INFO - Processing /home/airflow/.local/lib/python3.7/site-packages/airflow/example_dags/example_latest_only.py took 0.064 seconds
[2023-03-28T02:35:47.492+0000] {processor.py:153} INFO - Started process (PID=1049) to work on /home/airflow/.local/lib/python3.7/site-packages/airflow/example_dags/example_latest_only.py
[2023-03-28T02:35:47.494+0000] {processor.py:743} INFO - Processing file /home/airflow/.local/lib/python3.7/site-packages/airflow/example_dags/example_latest_only.py for tasks to queue
[2023-03-28T02:35:47.495+0000] {logging_mixin.py:137} INFO - [2023-03-28T02:35:47.495+0000] {dagbag.py:532} INFO - Filling up the DagBag from /home/airflow/.local/lib/python3.7/site-packages/airflow/example_dags/example_latest_only.py
[2023-03-28T02:35:47.505+0000] {processor.py:753} INFO - DAG(s) dict_keys(['latest_only']) retrieved from /home/airflow/.local/lib/python3.7/site-packages/airflow/example_dags/example_latest_only.py
[2023-03-28T02:35:47.523+0000] {logging_mixin.py:137} INFO - [2023-03-28T02:35:47.523+0000] {dag.py:2693} INFO - Sync 1 DAGs
[2023-03-28T02:35:47.539+0000] {logging_mixin.py:137} INFO - [2023-03-28T02:35:47.539+0000] {dag.py:3444} INFO - Setting next_dagrun for latest_only to 2023-03-27T22:35:47.539130+00:00, run_after=2023-03-28T02:35:47.539130+00:00
[2023-03-28T02:35:47.553+0000] {processor.py:175} INFO - Processing /home/airflow/.local/lib/python3.7/site-packages/airflow/example_dags/example_latest_only.py took 0.063 seconds
[2023-03-28T02:36:17.820+0000] {processor.py:153} INFO - Started process (PID=1099) to work on /home/airflow/.local/lib/python3.7/site-packages/airflow/example_dags/example_latest_only.py
[2023-03-28T02:36:17.821+0000] {processor.py:743} INFO - Processing file /home/airflow/.local/lib/python3.7/site-packages/airflow/example_dags/example_latest_only.py for tasks to queue
[2023-03-28T02:36:17.822+0000] {logging_mixin.py:137} INFO - [2023-03-28T02:36:17.822+0000] {dagbag.py:532} INFO - Filling up the DagBag from /home/airflow/.local/lib/python3.7/site-packages/airflow/example_dags/example_latest_only.py
[2023-03-28T02:36:17.832+0000] {processor.py:753} INFO - DAG(s) dict_keys(['latest_only']) retrieved from /home/airflow/.local/lib/python3.7/site-packages/airflow/example_dags/example_latest_only.py
[2023-03-28T02:36:17.853+0000] {logging_mixin.py:137} INFO - [2023-03-28T02:36:17.853+0000] {dag.py:2693} INFO - Sync 1 DAGs
[2023-03-28T02:36:17.878+0000] {logging_mixin.py:137} INFO - [2023-03-28T02:36:17.878+0000] {dag.py:3444} INFO - Setting next_dagrun for latest_only to 2023-03-27T22:36:17.878346+00:00, run_after=2023-03-28T02:36:17.878346+00:00
[2023-03-28T02:36:17.891+0000] {processor.py:175} INFO - Processing /home/airflow/.local/lib/python3.7/site-packages/airflow/example_dags/example_latest_only.py took 0.074 seconds
[2023-03-28T02:36:48.302+0000] {processor.py:153} INFO - Started process (PID=1148) to work on /home/airflow/.local/lib/python3.7/site-packages/airflow/example_dags/example_latest_only.py
[2023-03-28T02:36:48.303+0000] {processor.py:743} INFO - Processing file /home/airflow/.local/lib/python3.7/site-packages/airflow/example_dags/example_latest_only.py for tasks to queue
[2023-03-28T02:36:48.305+0000] {logging_mixin.py:137} INFO - [2023-03-28T02:36:48.305+0000] {dagbag.py:532} INFO - Filling up the DagBag from /home/airflow/.local/lib/python3.7/site-packages/airflow/example_dags/example_latest_only.py
[2023-03-28T02:36:48.317+0000] {processor.py:753} INFO - DAG(s) dict_keys(['latest_only']) retrieved from /home/airflow/.local/lib/python3.7/site-packages/airflow/example_dags/example_latest_only.py
[2023-03-28T02:36:48.340+0000] {logging_mixin.py:137} INFO - [2023-03-28T02:36:48.340+0000] {dag.py:2693} INFO - Sync 1 DAGs
[2023-03-28T02:36:48.357+0000] {logging_mixin.py:137} INFO - [2023-03-28T02:36:48.357+0000] {dag.py:3444} INFO - Setting next_dagrun for latest_only to 2023-03-27T22:36:48.357527+00:00, run_after=2023-03-28T02:36:48.357527+00:00
[2023-03-28T02:36:48.374+0000] {processor.py:175} INFO - Processing /home/airflow/.local/lib/python3.7/site-packages/airflow/example_dags/example_latest_only.py took 0.074 seconds
[2023-03-28T02:37:18.846+0000] {processor.py:153} INFO - Started process (PID=1198) to work on /home/airflow/.local/lib/python3.7/site-packages/airflow/example_dags/example_latest_only.py
[2023-03-28T02:37:18.848+0000] {processor.py:743} INFO - Processing file /home/airflow/.local/lib/python3.7/site-packages/airflow/example_dags/example_latest_only.py for tasks to queue
[2023-03-28T02:37:18.850+0000] {logging_mixin.py:137} INFO - [2023-03-28T02:37:18.850+0000] {dagbag.py:532} INFO - Filling up the DagBag from /home/airflow/.local/lib/python3.7/site-packages/airflow/example_dags/example_latest_only.py
[2023-03-28T02:37:18.860+0000] {processor.py:753} INFO - DAG(s) dict_keys(['latest_only']) retrieved from /home/airflow/.local/lib/python3.7/site-packages/airflow/example_dags/example_latest_only.py
[2023-03-28T02:37:18.879+0000] {logging_mixin.py:137} INFO - [2023-03-28T02:37:18.879+0000] {dag.py:2693} INFO - Sync 1 DAGs
[2023-03-28T02:37:18.897+0000] {logging_mixin.py:137} INFO - [2023-03-28T02:37:18.897+0000] {dag.py:3444} INFO - Setting next_dagrun for latest_only to 2023-03-27T22:37:18.897416+00:00, run_after=2023-03-28T02:37:18.897416+00:00
[2023-03-28T02:37:18.914+0000] {processor.py:175} INFO - Processing /home/airflow/.local/lib/python3.7/site-packages/airflow/example_dags/example_latest_only.py took 0.070 seconds
[2023-03-28T02:37:49.341+0000] {processor.py:153} INFO - Started process (PID=1247) to work on /home/airflow/.local/lib/python3.7/site-packages/airflow/example_dags/example_latest_only.py
[2023-03-28T02:37:49.343+0000] {processor.py:743} INFO - Processing file /home/airflow/.local/lib/python3.7/site-packages/airflow/example_dags/example_latest_only.py for tasks to queue
[2023-03-28T02:37:49.344+0000] {logging_mixin.py:137} INFO - [2023-03-28T02:37:49.344+0000] {dagbag.py:532} INFO - Filling up the DagBag from /home/airflow/.local/lib/python3.7/site-packages/airflow/example_dags/example_latest_only.py
[2023-03-28T02:37:49.353+0000] {processor.py:753} INFO - DAG(s) dict_keys(['latest_only']) retrieved from /home/airflow/.local/lib/python3.7/site-packages/airflow/example_dags/example_latest_only.py
[2023-03-28T02:37:49.371+0000] {logging_mixin.py:137} INFO - [2023-03-28T02:37:49.371+0000] {dag.py:2693} INFO - Sync 1 DAGs
[2023-03-28T02:37:49.390+0000] {logging_mixin.py:137} INFO - [2023-03-28T02:37:49.389+0000] {dag.py:3444} INFO - Setting next_dagrun for latest_only to 2023-03-27T22:37:49.389523+00:00, run_after=2023-03-28T02:37:49.389523+00:00
[2023-03-28T02:37:49.404+0000] {processor.py:175} INFO - Processing /home/airflow/.local/lib/python3.7/site-packages/airflow/example_dags/example_latest_only.py took 0.065 seconds
[2023-03-28T02:38:19.949+0000] {processor.py:153} INFO - Started process (PID=1296) to work on /home/airflow/.local/lib/python3.7/site-packages/airflow/example_dags/example_latest_only.py
[2023-03-28T02:38:19.950+0000] {processor.py:743} INFO - Processing file /home/airflow/.local/lib/python3.7/site-packages/airflow/example_dags/example_latest_only.py for tasks to queue
[2023-03-28T02:38:19.951+0000] {logging_mixin.py:137} INFO - [2023-03-28T02:38:19.951+0000] {dagbag.py:532} INFO - Filling up the DagBag from /home/airflow/.local/lib/python3.7/site-packages/airflow/example_dags/example_latest_only.py
[2023-03-28T02:38:19.961+0000] {processor.py:753} INFO - DAG(s) dict_keys(['latest_only']) retrieved from /home/airflow/.local/lib/python3.7/site-packages/airflow/example_dags/example_latest_only.py
[2023-03-28T02:38:19.980+0000] {logging_mixin.py:137} INFO - [2023-03-28T02:38:19.980+0000] {dag.py:2693} INFO - Sync 1 DAGs
[2023-03-28T02:38:19.999+0000] {logging_mixin.py:137} INFO - [2023-03-28T02:38:19.999+0000] {dag.py:3444} INFO - Setting next_dagrun for latest_only to 2023-03-27T22:38:19.999387+00:00, run_after=2023-03-28T02:38:19.999387+00:00
[2023-03-28T02:38:20.016+0000] {processor.py:175} INFO - Processing /home/airflow/.local/lib/python3.7/site-packages/airflow/example_dags/example_latest_only.py took 0.069 seconds
[2023-03-28T02:38:50.276+0000] {processor.py:153} INFO - Started process (PID=1346) to work on /home/airflow/.local/lib/python3.7/site-packages/airflow/example_dags/example_latest_only.py
[2023-03-28T02:38:50.279+0000] {processor.py:743} INFO - Processing file /home/airflow/.local/lib/python3.7/site-packages/airflow/example_dags/example_latest_only.py for tasks to queue
[2023-03-28T02:38:50.280+0000] {logging_mixin.py:137} INFO - [2023-03-28T02:38:50.280+0000] {dagbag.py:532} INFO - Filling up the DagBag from /home/airflow/.local/lib/python3.7/site-packages/airflow/example_dags/example_latest_only.py
[2023-03-28T02:38:50.288+0000] {processor.py:753} INFO - DAG(s) dict_keys(['latest_only']) retrieved from /home/airflow/.local/lib/python3.7/site-packages/airflow/example_dags/example_latest_only.py
[2023-03-28T02:38:50.307+0000] {logging_mixin.py:137} INFO - [2023-03-28T02:38:50.307+0000] {dag.py:2693} INFO - Sync 1 DAGs
[2023-03-28T02:38:50.326+0000] {logging_mixin.py:137} INFO - [2023-03-28T02:38:50.326+0000] {dag.py:3444} INFO - Setting next_dagrun for latest_only to 2023-03-27T22:38:50.325858+00:00, run_after=2023-03-28T02:38:50.325858+00:00
[2023-03-28T02:38:50.338+0000] {processor.py:175} INFO - Processing /home/airflow/.local/lib/python3.7/site-packages/airflow/example_dags/example_latest_only.py took 0.064 seconds
[2023-03-28T02:39:20.673+0000] {processor.py:153} INFO - Started process (PID=1395) to work on /home/airflow/.local/lib/python3.7/site-packages/airflow/example_dags/example_latest_only.py
[2023-03-28T02:39:20.675+0000] {processor.py:743} INFO - Processing file /home/airflow/.local/lib/python3.7/site-packages/airflow/example_dags/example_latest_only.py for tasks to queue
[2023-03-28T02:39:20.676+0000] {logging_mixin.py:137} INFO - [2023-03-28T02:39:20.676+0000] {dagbag.py:532} INFO - Filling up the DagBag from /home/airflow/.local/lib/python3.7/site-packages/airflow/example_dags/example_latest_only.py
[2023-03-28T02:39:20.685+0000] {processor.py:753} INFO - DAG(s) dict_keys(['latest_only']) retrieved from /home/airflow/.local/lib/python3.7/site-packages/airflow/example_dags/example_latest_only.py
[2023-03-28T02:39:20.704+0000] {logging_mixin.py:137} INFO - [2023-03-28T02:39:20.704+0000] {dag.py:2693} INFO - Sync 1 DAGs
[2023-03-28T02:39:20.720+0000] {logging_mixin.py:137} INFO - [2023-03-28T02:39:20.720+0000] {dag.py:3444} INFO - Setting next_dagrun for latest_only to 2023-03-27T22:39:20.720467+00:00, run_after=2023-03-28T02:39:20.720467+00:00
[2023-03-28T02:39:20.733+0000] {processor.py:175} INFO - Processing /home/airflow/.local/lib/python3.7/site-packages/airflow/example_dags/example_latest_only.py took 0.062 seconds
[2023-03-28T02:39:51.269+0000] {processor.py:153} INFO - Started process (PID=1444) to work on /home/airflow/.local/lib/python3.7/site-packages/airflow/example_dags/example_latest_only.py
[2023-03-28T02:39:51.271+0000] {processor.py:743} INFO - Processing file /home/airflow/.local/lib/python3.7/site-packages/airflow/example_dags/example_latest_only.py for tasks to queue
[2023-03-28T02:39:51.272+0000] {logging_mixin.py:137} INFO - [2023-03-28T02:39:51.272+0000] {dagbag.py:532} INFO - Filling up the DagBag from /home/airflow/.local/lib/python3.7/site-packages/airflow/example_dags/example_latest_only.py
[2023-03-28T02:39:51.282+0000] {processor.py:753} INFO - DAG(s) dict_keys(['latest_only']) retrieved from /home/airflow/.local/lib/python3.7/site-packages/airflow/example_dags/example_latest_only.py
[2023-03-28T02:39:51.299+0000] {logging_mixin.py:137} INFO - [2023-03-28T02:39:51.299+0000] {dag.py:2693} INFO - Sync 1 DAGs
[2023-03-28T02:39:51.317+0000] {logging_mixin.py:137} INFO - [2023-03-28T02:39:51.316+0000] {dag.py:3444} INFO - Setting next_dagrun for latest_only to 2023-03-27T22:39:51.316835+00:00, run_after=2023-03-28T02:39:51.316835+00:00
[2023-03-28T02:39:51.331+0000] {processor.py:175} INFO - Processing /home/airflow/.local/lib/python3.7/site-packages/airflow/example_dags/example_latest_only.py took 0.064 seconds
[2023-03-28T02:40:21.892+0000] {processor.py:153} INFO - Started process (PID=1493) to work on /home/airflow/.local/lib/python3.7/site-packages/airflow/example_dags/example_latest_only.py
[2023-03-28T02:40:21.894+0000] {processor.py:743} INFO - Processing file /home/airflow/.local/lib/python3.7/site-packages/airflow/example_dags/example_latest_only.py for tasks to queue
[2023-03-28T02:40:21.896+0000] {logging_mixin.py:137} INFO - [2023-03-28T02:40:21.896+0000] {dagbag.py:532} INFO - Filling up the DagBag from /home/airflow/.local/lib/python3.7/site-packages/airflow/example_dags/example_latest_only.py
[2023-03-28T02:40:21.906+0000] {processor.py:753} INFO - DAG(s) dict_keys(['latest_only']) retrieved from /home/airflow/.local/lib/python3.7/site-packages/airflow/example_dags/example_latest_only.py
[2023-03-28T02:40:21.924+0000] {logging_mixin.py:137} INFO - [2023-03-28T02:40:21.924+0000] {dag.py:2693} INFO - Sync 1 DAGs
[2023-03-28T02:40:21.940+0000] {logging_mixin.py:137} INFO - [2023-03-28T02:40:21.940+0000] {dag.py:3444} INFO - Setting next_dagrun for latest_only to 2023-03-27T22:40:21.940569+00:00, run_after=2023-03-28T02:40:21.940569+00:00
[2023-03-28T02:40:21.954+0000] {processor.py:175} INFO - Processing /home/airflow/.local/lib/python3.7/site-packages/airflow/example_dags/example_latest_only.py took 0.065 seconds
[2023-03-28T02:40:52.848+0000] {processor.py:153} INFO - Started process (PID=1542) to work on /home/airflow/.local/lib/python3.7/site-packages/airflow/example_dags/example_latest_only.py
[2023-03-28T02:40:52.850+0000] {processor.py:743} INFO - Processing file /home/airflow/.local/lib/python3.7/site-packages/airflow/example_dags/example_latest_only.py for tasks to queue
[2023-03-28T02:40:52.851+0000] {logging_mixin.py:137} INFO - [2023-03-28T02:40:52.851+0000] {dagbag.py:532} INFO - Filling up the DagBag from /home/airflow/.local/lib/python3.7/site-packages/airflow/example_dags/example_latest_only.py
[2023-03-28T02:40:52.861+0000] {processor.py:753} INFO - DAG(s) dict_keys(['latest_only']) retrieved from /home/airflow/.local/lib/python3.7/site-packages/airflow/example_dags/example_latest_only.py
[2023-03-28T02:40:52.880+0000] {logging_mixin.py:137} INFO - [2023-03-28T02:40:52.880+0000] {dag.py:2693} INFO - Sync 1 DAGs
[2023-03-28T02:40:52.899+0000] {logging_mixin.py:137} INFO - [2023-03-28T02:40:52.899+0000] {dag.py:3444} INFO - Setting next_dagrun for latest_only to 2023-03-27T22:40:52.899250+00:00, run_after=2023-03-28T02:40:52.899250+00:00
[2023-03-28T02:40:52.918+0000] {processor.py:175} INFO - Processing /home/airflow/.local/lib/python3.7/site-packages/airflow/example_dags/example_latest_only.py took 0.073 seconds
