[2023-03-28T02:25:31.767+0000] {processor.py:153} INFO - Started process (PID=52) to work on /home/airflow/.local/lib/python3.7/site-packages/airflow/example_dags/example_bash_operator.py
[2023-03-28T02:25:31.772+0000] {processor.py:743} INFO - Processing file /home/airflow/.local/lib/python3.7/site-packages/airflow/example_dags/example_bash_operator.py for tasks to queue
[2023-03-28T02:25:31.776+0000] {logging_mixin.py:137} INFO - [2023-03-28T02:25:31.776+0000] {dagbag.py:532} INFO - Filling up the DagBag from /home/airflow/.local/lib/python3.7/site-packages/airflow/example_dags/example_bash_operator.py
[2023-03-28T02:25:31.816+0000] {processor.py:753} INFO - DAG(s) dict_keys(['example_bash_operator']) retrieved from /home/airflow/.local/lib/python3.7/site-packages/airflow/example_dags/example_bash_operator.py
[2023-03-28T02:25:31.898+0000] {logging_mixin.py:137} INFO - [2023-03-28T02:25:31.898+0000] {dag.py:2693} INFO - Sync 1 DAGs
[2023-03-28T02:25:32.030+0000] {logging_mixin.py:137} INFO - [2023-03-28T02:25:32.030+0000] {dag.py:3444} INFO - Setting next_dagrun for example_bash_operator to 2023-03-27T00:00:00+00:00, run_after=2023-03-28T00:00:00+00:00
[2023-03-28T02:25:32.078+0000] {processor.py:175} INFO - Processing /home/airflow/.local/lib/python3.7/site-packages/airflow/example_dags/example_bash_operator.py took 0.314 seconds
[2023-03-28T02:26:02.827+0000] {processor.py:153} INFO - Started process (PID=101) to work on /home/airflow/.local/lib/python3.7/site-packages/airflow/example_dags/example_bash_operator.py
[2023-03-28T02:26:02.831+0000] {processor.py:743} INFO - Processing file /home/airflow/.local/lib/python3.7/site-packages/airflow/example_dags/example_bash_operator.py for tasks to queue
[2023-03-28T02:26:02.834+0000] {logging_mixin.py:137} INFO - [2023-03-28T02:26:02.834+0000] {dagbag.py:532} INFO - Filling up the DagBag from /home/airflow/.local/lib/python3.7/site-packages/airflow/example_dags/example_bash_operator.py
[2023-03-28T02:26:02.863+0000] {processor.py:753} INFO - DAG(s) dict_keys(['example_bash_operator']) retrieved from /home/airflow/.local/lib/python3.7/site-packages/airflow/example_dags/example_bash_operator.py
[2023-03-28T02:26:02.894+0000] {logging_mixin.py:137} INFO - [2023-03-28T02:26:02.894+0000] {dag.py:2693} INFO - Sync 1 DAGs
[2023-03-28T02:26:02.914+0000] {logging_mixin.py:137} INFO - [2023-03-28T02:26:02.914+0000] {dag.py:3444} INFO - Setting next_dagrun for example_bash_operator to 2023-03-27T00:00:00+00:00, run_after=2023-03-28T00:00:00+00:00
[2023-03-28T02:26:02.927+0000] {processor.py:175} INFO - Processing /home/airflow/.local/lib/python3.7/site-packages/airflow/example_dags/example_bash_operator.py took 0.106 seconds
[2023-03-28T02:26:33.374+0000] {processor.py:153} INFO - Started process (PID=150) to work on /home/airflow/.local/lib/python3.7/site-packages/airflow/example_dags/example_bash_operator.py
[2023-03-28T02:26:33.376+0000] {processor.py:743} INFO - Processing file /home/airflow/.local/lib/python3.7/site-packages/airflow/example_dags/example_bash_operator.py for tasks to queue
[2023-03-28T02:26:33.378+0000] {logging_mixin.py:137} INFO - [2023-03-28T02:26:33.378+0000] {dagbag.py:532} INFO - Filling up the DagBag from /home/airflow/.local/lib/python3.7/site-packages/airflow/example_dags/example_bash_operator.py
[2023-03-28T02:26:33.401+0000] {processor.py:753} INFO - DAG(s) dict_keys(['example_bash_operator']) retrieved from /home/airflow/.local/lib/python3.7/site-packages/airflow/example_dags/example_bash_operator.py
[2023-03-28T02:26:33.428+0000] {logging_mixin.py:137} INFO - [2023-03-28T02:26:33.427+0000] {dag.py:2693} INFO - Sync 1 DAGs
[2023-03-28T02:26:33.444+0000] {logging_mixin.py:137} INFO - [2023-03-28T02:26:33.444+0000] {dag.py:3444} INFO - Setting next_dagrun for example_bash_operator to 2023-03-27T00:00:00+00:00, run_after=2023-03-28T00:00:00+00:00
[2023-03-28T02:26:33.456+0000] {processor.py:175} INFO - Processing /home/airflow/.local/lib/python3.7/site-packages/airflow/example_dags/example_bash_operator.py took 0.086 seconds
[2023-03-28T02:27:04.403+0000] {processor.py:153} INFO - Started process (PID=199) to work on /home/airflow/.local/lib/python3.7/site-packages/airflow/example_dags/example_bash_operator.py
[2023-03-28T02:27:04.406+0000] {processor.py:743} INFO - Processing file /home/airflow/.local/lib/python3.7/site-packages/airflow/example_dags/example_bash_operator.py for tasks to queue
[2023-03-28T02:27:04.407+0000] {logging_mixin.py:137} INFO - [2023-03-28T02:27:04.407+0000] {dagbag.py:532} INFO - Filling up the DagBag from /home/airflow/.local/lib/python3.7/site-packages/airflow/example_dags/example_bash_operator.py
[2023-03-28T02:27:04.431+0000] {processor.py:753} INFO - DAG(s) dict_keys(['example_bash_operator']) retrieved from /home/airflow/.local/lib/python3.7/site-packages/airflow/example_dags/example_bash_operator.py
[2023-03-28T02:27:04.459+0000] {logging_mixin.py:137} INFO - [2023-03-28T02:27:04.459+0000] {dag.py:2693} INFO - Sync 1 DAGs
[2023-03-28T02:27:04.476+0000] {logging_mixin.py:137} INFO - [2023-03-28T02:27:04.476+0000] {dag.py:3444} INFO - Setting next_dagrun for example_bash_operator to 2023-03-27T00:00:00+00:00, run_after=2023-03-28T00:00:00+00:00
[2023-03-28T02:27:04.494+0000] {processor.py:175} INFO - Processing /home/airflow/.local/lib/python3.7/site-packages/airflow/example_dags/example_bash_operator.py took 0.094 seconds
[2023-03-28T02:27:35.113+0000] {processor.py:153} INFO - Started process (PID=248) to work on /home/airflow/.local/lib/python3.7/site-packages/airflow/example_dags/example_bash_operator.py
[2023-03-28T02:27:35.115+0000] {processor.py:743} INFO - Processing file /home/airflow/.local/lib/python3.7/site-packages/airflow/example_dags/example_bash_operator.py for tasks to queue
[2023-03-28T02:27:35.116+0000] {logging_mixin.py:137} INFO - [2023-03-28T02:27:35.116+0000] {dagbag.py:532} INFO - Filling up the DagBag from /home/airflow/.local/lib/python3.7/site-packages/airflow/example_dags/example_bash_operator.py
[2023-03-28T02:27:35.136+0000] {processor.py:753} INFO - DAG(s) dict_keys(['example_bash_operator']) retrieved from /home/airflow/.local/lib/python3.7/site-packages/airflow/example_dags/example_bash_operator.py
[2023-03-28T02:27:35.162+0000] {logging_mixin.py:137} INFO - [2023-03-28T02:27:35.162+0000] {dag.py:2693} INFO - Sync 1 DAGs
[2023-03-28T02:27:35.178+0000] {logging_mixin.py:137} INFO - [2023-03-28T02:27:35.178+0000] {dag.py:3444} INFO - Setting next_dagrun for example_bash_operator to 2023-03-27T00:00:00+00:00, run_after=2023-03-28T00:00:00+00:00
[2023-03-28T02:27:35.190+0000] {processor.py:175} INFO - Processing /home/airflow/.local/lib/python3.7/site-packages/airflow/example_dags/example_bash_operator.py took 0.081 seconds
[2023-03-28T02:28:05.552+0000] {processor.py:153} INFO - Started process (PID=297) to work on /home/airflow/.local/lib/python3.7/site-packages/airflow/example_dags/example_bash_operator.py
[2023-03-28T02:28:05.554+0000] {processor.py:743} INFO - Processing file /home/airflow/.local/lib/python3.7/site-packages/airflow/example_dags/example_bash_operator.py for tasks to queue
[2023-03-28T02:28:05.556+0000] {logging_mixin.py:137} INFO - [2023-03-28T02:28:05.556+0000] {dagbag.py:532} INFO - Filling up the DagBag from /home/airflow/.local/lib/python3.7/site-packages/airflow/example_dags/example_bash_operator.py
[2023-03-28T02:28:05.580+0000] {processor.py:753} INFO - DAG(s) dict_keys(['example_bash_operator']) retrieved from /home/airflow/.local/lib/python3.7/site-packages/airflow/example_dags/example_bash_operator.py
[2023-03-28T02:28:05.606+0000] {logging_mixin.py:137} INFO - [2023-03-28T02:28:05.606+0000] {dag.py:2693} INFO - Sync 1 DAGs
[2023-03-28T02:28:05.622+0000] {logging_mixin.py:137} INFO - [2023-03-28T02:28:05.622+0000] {dag.py:3444} INFO - Setting next_dagrun for example_bash_operator to 2023-03-27T00:00:00+00:00, run_after=2023-03-28T00:00:00+00:00
[2023-03-28T02:28:05.634+0000] {processor.py:175} INFO - Processing /home/airflow/.local/lib/python3.7/site-packages/airflow/example_dags/example_bash_operator.py took 0.087 seconds
[2023-03-28T02:28:36.459+0000] {processor.py:153} INFO - Started process (PID=346) to work on /home/airflow/.local/lib/python3.7/site-packages/airflow/example_dags/example_bash_operator.py
[2023-03-28T02:28:36.463+0000] {processor.py:743} INFO - Processing file /home/airflow/.local/lib/python3.7/site-packages/airflow/example_dags/example_bash_operator.py for tasks to queue
[2023-03-28T02:28:36.464+0000] {logging_mixin.py:137} INFO - [2023-03-28T02:28:36.464+0000] {dagbag.py:532} INFO - Filling up the DagBag from /home/airflow/.local/lib/python3.7/site-packages/airflow/example_dags/example_bash_operator.py
[2023-03-28T02:28:36.484+0000] {processor.py:753} INFO - DAG(s) dict_keys(['example_bash_operator']) retrieved from /home/airflow/.local/lib/python3.7/site-packages/airflow/example_dags/example_bash_operator.py
[2023-03-28T02:28:36.510+0000] {logging_mixin.py:137} INFO - [2023-03-28T02:28:36.510+0000] {dag.py:2693} INFO - Sync 1 DAGs
[2023-03-28T02:28:36.527+0000] {logging_mixin.py:137} INFO - [2023-03-28T02:28:36.527+0000] {dag.py:3444} INFO - Setting next_dagrun for example_bash_operator to 2023-03-27T00:00:00+00:00, run_after=2023-03-28T00:00:00+00:00
[2023-03-28T02:28:36.541+0000] {processor.py:175} INFO - Processing /home/airflow/.local/lib/python3.7/site-packages/airflow/example_dags/example_bash_operator.py took 0.090 seconds
[2023-03-28T02:29:07.149+0000] {processor.py:153} INFO - Started process (PID=395) to work on /home/airflow/.local/lib/python3.7/site-packages/airflow/example_dags/example_bash_operator.py
[2023-03-28T02:29:07.152+0000] {processor.py:743} INFO - Processing file /home/airflow/.local/lib/python3.7/site-packages/airflow/example_dags/example_bash_operator.py for tasks to queue
[2023-03-28T02:29:07.154+0000] {logging_mixin.py:137} INFO - [2023-03-28T02:29:07.153+0000] {dagbag.py:532} INFO - Filling up the DagBag from /home/airflow/.local/lib/python3.7/site-packages/airflow/example_dags/example_bash_operator.py
[2023-03-28T02:29:07.179+0000] {processor.py:753} INFO - DAG(s) dict_keys(['example_bash_operator']) retrieved from /home/airflow/.local/lib/python3.7/site-packages/airflow/example_dags/example_bash_operator.py
[2023-03-28T02:29:07.214+0000] {logging_mixin.py:137} INFO - [2023-03-28T02:29:07.214+0000] {dag.py:2693} INFO - Sync 1 DAGs
[2023-03-28T02:29:07.236+0000] {logging_mixin.py:137} INFO - [2023-03-28T02:29:07.236+0000] {dag.py:3444} INFO - Setting next_dagrun for example_bash_operator to 2023-03-27T00:00:00+00:00, run_after=2023-03-28T00:00:00+00:00
[2023-03-28T02:29:07.250+0000] {processor.py:175} INFO - Processing /home/airflow/.local/lib/python3.7/site-packages/airflow/example_dags/example_bash_operator.py took 0.107 seconds
[2023-03-28T02:29:37.817+0000] {processor.py:153} INFO - Started process (PID=444) to work on /home/airflow/.local/lib/python3.7/site-packages/airflow/example_dags/example_bash_operator.py
[2023-03-28T02:29:37.818+0000] {processor.py:743} INFO - Processing file /home/airflow/.local/lib/python3.7/site-packages/airflow/example_dags/example_bash_operator.py for tasks to queue
[2023-03-28T02:29:37.820+0000] {logging_mixin.py:137} INFO - [2023-03-28T02:29:37.819+0000] {dagbag.py:532} INFO - Filling up the DagBag from /home/airflow/.local/lib/python3.7/site-packages/airflow/example_dags/example_bash_operator.py
[2023-03-28T02:29:37.836+0000] {processor.py:753} INFO - DAG(s) dict_keys(['example_bash_operator']) retrieved from /home/airflow/.local/lib/python3.7/site-packages/airflow/example_dags/example_bash_operator.py
[2023-03-28T02:29:37.862+0000] {logging_mixin.py:137} INFO - [2023-03-28T02:29:37.862+0000] {dag.py:2693} INFO - Sync 1 DAGs
[2023-03-28T02:29:37.879+0000] {logging_mixin.py:137} INFO - [2023-03-28T02:29:37.879+0000] {dag.py:3444} INFO - Setting next_dagrun for example_bash_operator to 2023-03-27T00:00:00+00:00, run_after=2023-03-28T00:00:00+00:00
[2023-03-28T02:29:37.891+0000] {processor.py:175} INFO - Processing /home/airflow/.local/lib/python3.7/site-packages/airflow/example_dags/example_bash_operator.py took 0.078 seconds
[2023-03-28T02:30:08.550+0000] {processor.py:153} INFO - Started process (PID=493) to work on /home/airflow/.local/lib/python3.7/site-packages/airflow/example_dags/example_bash_operator.py
[2023-03-28T02:30:08.554+0000] {processor.py:743} INFO - Processing file /home/airflow/.local/lib/python3.7/site-packages/airflow/example_dags/example_bash_operator.py for tasks to queue
[2023-03-28T02:30:08.556+0000] {logging_mixin.py:137} INFO - [2023-03-28T02:30:08.556+0000] {dagbag.py:532} INFO - Filling up the DagBag from /home/airflow/.local/lib/python3.7/site-packages/airflow/example_dags/example_bash_operator.py
[2023-03-28T02:30:08.583+0000] {processor.py:753} INFO - DAG(s) dict_keys(['example_bash_operator']) retrieved from /home/airflow/.local/lib/python3.7/site-packages/airflow/example_dags/example_bash_operator.py
[2023-03-28T02:30:08.618+0000] {logging_mixin.py:137} INFO - [2023-03-28T02:30:08.618+0000] {dag.py:2693} INFO - Sync 1 DAGs
[2023-03-28T02:30:08.638+0000] {logging_mixin.py:137} INFO - [2023-03-28T02:30:08.638+0000] {dag.py:3444} INFO - Setting next_dagrun for example_bash_operator to 2023-03-27T00:00:00+00:00, run_after=2023-03-28T00:00:00+00:00
[2023-03-28T02:30:08.651+0000] {processor.py:175} INFO - Processing /home/airflow/.local/lib/python3.7/site-packages/airflow/example_dags/example_bash_operator.py took 0.105 seconds
[2023-03-28T02:30:39.193+0000] {processor.py:153} INFO - Started process (PID=542) to work on /home/airflow/.local/lib/python3.7/site-packages/airflow/example_dags/example_bash_operator.py
[2023-03-28T02:30:39.196+0000] {processor.py:743} INFO - Processing file /home/airflow/.local/lib/python3.7/site-packages/airflow/example_dags/example_bash_operator.py for tasks to queue
[2023-03-28T02:30:39.197+0000] {logging_mixin.py:137} INFO - [2023-03-28T02:30:39.197+0000] {dagbag.py:532} INFO - Filling up the DagBag from /home/airflow/.local/lib/python3.7/site-packages/airflow/example_dags/example_bash_operator.py
[2023-03-28T02:30:39.212+0000] {processor.py:753} INFO - DAG(s) dict_keys(['example_bash_operator']) retrieved from /home/airflow/.local/lib/python3.7/site-packages/airflow/example_dags/example_bash_operator.py
[2023-03-28T02:30:39.237+0000] {logging_mixin.py:137} INFO - [2023-03-28T02:30:39.237+0000] {dag.py:2693} INFO - Sync 1 DAGs
[2023-03-28T02:30:39.254+0000] {logging_mixin.py:137} INFO - [2023-03-28T02:30:39.254+0000] {dag.py:3444} INFO - Setting next_dagrun for example_bash_operator to 2023-03-27T00:00:00+00:00, run_after=2023-03-28T00:00:00+00:00
[2023-03-28T02:30:39.266+0000] {processor.py:175} INFO - Processing /home/airflow/.local/lib/python3.7/site-packages/airflow/example_dags/example_bash_operator.py took 0.076 seconds
[2023-03-28T02:31:09.828+0000] {processor.py:153} INFO - Started process (PID=591) to work on /home/airflow/.local/lib/python3.7/site-packages/airflow/example_dags/example_bash_operator.py
[2023-03-28T02:31:09.830+0000] {processor.py:743} INFO - Processing file /home/airflow/.local/lib/python3.7/site-packages/airflow/example_dags/example_bash_operator.py for tasks to queue
[2023-03-28T02:31:09.833+0000] {logging_mixin.py:137} INFO - [2023-03-28T02:31:09.832+0000] {dagbag.py:532} INFO - Filling up the DagBag from /home/airflow/.local/lib/python3.7/site-packages/airflow/example_dags/example_bash_operator.py
[2023-03-28T02:31:09.878+0000] {processor.py:753} INFO - DAG(s) dict_keys(['example_bash_operator']) retrieved from /home/airflow/.local/lib/python3.7/site-packages/airflow/example_dags/example_bash_operator.py
[2023-03-28T02:31:09.919+0000] {logging_mixin.py:137} INFO - [2023-03-28T02:31:09.919+0000] {dag.py:2693} INFO - Sync 1 DAGs
[2023-03-28T02:31:09.947+0000] {logging_mixin.py:137} INFO - [2023-03-28T02:31:09.947+0000] {dag.py:3444} INFO - Setting next_dagrun for example_bash_operator to 2023-03-27T00:00:00+00:00, run_after=2023-03-28T00:00:00+00:00
[2023-03-28T02:31:09.961+0000] {processor.py:175} INFO - Processing /home/airflow/.local/lib/python3.7/site-packages/airflow/example_dags/example_bash_operator.py took 0.143 seconds
[2023-03-28T02:31:40.579+0000] {processor.py:153} INFO - Started process (PID=641) to work on /home/airflow/.local/lib/python3.7/site-packages/airflow/example_dags/example_bash_operator.py
[2023-03-28T02:31:40.583+0000] {processor.py:743} INFO - Processing file /home/airflow/.local/lib/python3.7/site-packages/airflow/example_dags/example_bash_operator.py for tasks to queue
[2023-03-28T02:31:40.584+0000] {logging_mixin.py:137} INFO - [2023-03-28T02:31:40.584+0000] {dagbag.py:532} INFO - Filling up the DagBag from /home/airflow/.local/lib/python3.7/site-packages/airflow/example_dags/example_bash_operator.py
[2023-03-28T02:31:40.621+0000] {processor.py:753} INFO - DAG(s) dict_keys(['example_bash_operator']) retrieved from /home/airflow/.local/lib/python3.7/site-packages/airflow/example_dags/example_bash_operator.py
[2023-03-28T02:31:40.661+0000] {logging_mixin.py:137} INFO - [2023-03-28T02:31:40.661+0000] {dag.py:2693} INFO - Sync 1 DAGs
[2023-03-28T02:31:40.685+0000] {logging_mixin.py:137} INFO - [2023-03-28T02:31:40.685+0000] {dag.py:3444} INFO - Setting next_dagrun for example_bash_operator to 2023-03-27T00:00:00+00:00, run_after=2023-03-28T00:00:00+00:00
[2023-03-28T02:31:40.701+0000] {processor.py:175} INFO - Processing /home/airflow/.local/lib/python3.7/site-packages/airflow/example_dags/example_bash_operator.py took 0.127 seconds
[2023-03-28T02:32:11.460+0000] {processor.py:153} INFO - Started process (PID=690) to work on /home/airflow/.local/lib/python3.7/site-packages/airflow/example_dags/example_bash_operator.py
[2023-03-28T02:32:11.462+0000] {processor.py:743} INFO - Processing file /home/airflow/.local/lib/python3.7/site-packages/airflow/example_dags/example_bash_operator.py for tasks to queue
[2023-03-28T02:32:11.466+0000] {logging_mixin.py:137} INFO - [2023-03-28T02:32:11.466+0000] {dagbag.py:532} INFO - Filling up the DagBag from /home/airflow/.local/lib/python3.7/site-packages/airflow/example_dags/example_bash_operator.py
[2023-03-28T02:32:11.487+0000] {processor.py:753} INFO - DAG(s) dict_keys(['example_bash_operator']) retrieved from /home/airflow/.local/lib/python3.7/site-packages/airflow/example_dags/example_bash_operator.py
[2023-03-28T02:32:11.512+0000] {logging_mixin.py:137} INFO - [2023-03-28T02:32:11.512+0000] {dag.py:2693} INFO - Sync 1 DAGs
[2023-03-28T02:32:11.530+0000] {logging_mixin.py:137} INFO - [2023-03-28T02:32:11.530+0000] {dag.py:3444} INFO - Setting next_dagrun for example_bash_operator to 2023-03-27T00:00:00+00:00, run_after=2023-03-28T00:00:00+00:00
[2023-03-28T02:32:11.542+0000] {processor.py:175} INFO - Processing /home/airflow/.local/lib/python3.7/site-packages/airflow/example_dags/example_bash_operator.py took 0.088 seconds
[2023-03-28T02:32:42.165+0000] {processor.py:153} INFO - Started process (PID=739) to work on /home/airflow/.local/lib/python3.7/site-packages/airflow/example_dags/example_bash_operator.py
[2023-03-28T02:32:42.167+0000] {processor.py:743} INFO - Processing file /home/airflow/.local/lib/python3.7/site-packages/airflow/example_dags/example_bash_operator.py for tasks to queue
[2023-03-28T02:32:42.169+0000] {logging_mixin.py:137} INFO - [2023-03-28T02:32:42.169+0000] {dagbag.py:532} INFO - Filling up the DagBag from /home/airflow/.local/lib/python3.7/site-packages/airflow/example_dags/example_bash_operator.py
[2023-03-28T02:32:42.187+0000] {processor.py:753} INFO - DAG(s) dict_keys(['example_bash_operator']) retrieved from /home/airflow/.local/lib/python3.7/site-packages/airflow/example_dags/example_bash_operator.py
[2023-03-28T02:32:42.213+0000] {logging_mixin.py:137} INFO - [2023-03-28T02:32:42.213+0000] {dag.py:2693} INFO - Sync 1 DAGs
[2023-03-28T02:32:42.230+0000] {logging_mixin.py:137} INFO - [2023-03-28T02:32:42.230+0000] {dag.py:3444} INFO - Setting next_dagrun for example_bash_operator to 2023-03-27T00:00:00+00:00, run_after=2023-03-28T00:00:00+00:00
[2023-03-28T02:32:42.242+0000] {processor.py:175} INFO - Processing /home/airflow/.local/lib/python3.7/site-packages/airflow/example_dags/example_bash_operator.py took 0.082 seconds
[2023-03-28T02:33:13.050+0000] {processor.py:153} INFO - Started process (PID=788) to work on /home/airflow/.local/lib/python3.7/site-packages/airflow/example_dags/example_bash_operator.py
[2023-03-28T02:33:13.054+0000] {processor.py:743} INFO - Processing file /home/airflow/.local/lib/python3.7/site-packages/airflow/example_dags/example_bash_operator.py for tasks to queue
[2023-03-28T02:33:13.055+0000] {logging_mixin.py:137} INFO - [2023-03-28T02:33:13.055+0000] {dagbag.py:532} INFO - Filling up the DagBag from /home/airflow/.local/lib/python3.7/site-packages/airflow/example_dags/example_bash_operator.py
[2023-03-28T02:33:13.080+0000] {processor.py:753} INFO - DAG(s) dict_keys(['example_bash_operator']) retrieved from /home/airflow/.local/lib/python3.7/site-packages/airflow/example_dags/example_bash_operator.py
[2023-03-28T02:33:13.108+0000] {logging_mixin.py:137} INFO - [2023-03-28T02:33:13.108+0000] {dag.py:2693} INFO - Sync 1 DAGs
[2023-03-28T02:33:13.126+0000] {logging_mixin.py:137} INFO - [2023-03-28T02:33:13.125+0000] {dag.py:3444} INFO - Setting next_dagrun for example_bash_operator to 2023-03-27T00:00:00+00:00, run_after=2023-03-28T00:00:00+00:00
[2023-03-28T02:33:13.172+0000] {processor.py:175} INFO - Processing /home/airflow/.local/lib/python3.7/site-packages/airflow/example_dags/example_bash_operator.py took 0.127 seconds
[2023-03-28T02:33:43.763+0000] {processor.py:153} INFO - Started process (PID=837) to work on /home/airflow/.local/lib/python3.7/site-packages/airflow/example_dags/example_bash_operator.py
[2023-03-28T02:33:43.764+0000] {processor.py:743} INFO - Processing file /home/airflow/.local/lib/python3.7/site-packages/airflow/example_dags/example_bash_operator.py for tasks to queue
[2023-03-28T02:33:43.765+0000] {logging_mixin.py:137} INFO - [2023-03-28T02:33:43.765+0000] {dagbag.py:532} INFO - Filling up the DagBag from /home/airflow/.local/lib/python3.7/site-packages/airflow/example_dags/example_bash_operator.py
[2023-03-28T02:33:43.785+0000] {processor.py:753} INFO - DAG(s) dict_keys(['example_bash_operator']) retrieved from /home/airflow/.local/lib/python3.7/site-packages/airflow/example_dags/example_bash_operator.py
[2023-03-28T02:33:43.810+0000] {logging_mixin.py:137} INFO - [2023-03-28T02:33:43.810+0000] {dag.py:2693} INFO - Sync 1 DAGs
[2023-03-28T02:33:43.828+0000] {logging_mixin.py:137} INFO - [2023-03-28T02:33:43.828+0000] {dag.py:3444} INFO - Setting next_dagrun for example_bash_operator to 2023-03-27T00:00:00+00:00, run_after=2023-03-28T00:00:00+00:00
[2023-03-28T02:33:43.841+0000] {processor.py:175} INFO - Processing /home/airflow/.local/lib/python3.7/site-packages/airflow/example_dags/example_bash_operator.py took 0.081 seconds
[2023-03-28T02:34:14.220+0000] {processor.py:153} INFO - Started process (PID=886) to work on /home/airflow/.local/lib/python3.7/site-packages/airflow/example_dags/example_bash_operator.py
[2023-03-28T02:34:14.222+0000] {processor.py:743} INFO - Processing file /home/airflow/.local/lib/python3.7/site-packages/airflow/example_dags/example_bash_operator.py for tasks to queue
[2023-03-28T02:34:14.224+0000] {logging_mixin.py:137} INFO - [2023-03-28T02:34:14.224+0000] {dagbag.py:532} INFO - Filling up the DagBag from /home/airflow/.local/lib/python3.7/site-packages/airflow/example_dags/example_bash_operator.py
[2023-03-28T02:34:14.248+0000] {processor.py:753} INFO - DAG(s) dict_keys(['example_bash_operator']) retrieved from /home/airflow/.local/lib/python3.7/site-packages/airflow/example_dags/example_bash_operator.py
[2023-03-28T02:34:14.276+0000] {logging_mixin.py:137} INFO - [2023-03-28T02:34:14.276+0000] {dag.py:2693} INFO - Sync 1 DAGs
[2023-03-28T02:34:14.293+0000] {logging_mixin.py:137} INFO - [2023-03-28T02:34:14.292+0000] {dag.py:3444} INFO - Setting next_dagrun for example_bash_operator to 2023-03-27T00:00:00+00:00, run_after=2023-03-28T00:00:00+00:00
[2023-03-28T02:34:14.305+0000] {processor.py:175} INFO - Processing /home/airflow/.local/lib/python3.7/site-packages/airflow/example_dags/example_bash_operator.py took 0.091 seconds
[2023-03-28T02:34:44.629+0000] {processor.py:153} INFO - Started process (PID=935) to work on /home/airflow/.local/lib/python3.7/site-packages/airflow/example_dags/example_bash_operator.py
[2023-03-28T02:34:44.632+0000] {processor.py:743} INFO - Processing file /home/airflow/.local/lib/python3.7/site-packages/airflow/example_dags/example_bash_operator.py for tasks to queue
[2023-03-28T02:34:44.633+0000] {logging_mixin.py:137} INFO - [2023-03-28T02:34:44.633+0000] {dagbag.py:532} INFO - Filling up the DagBag from /home/airflow/.local/lib/python3.7/site-packages/airflow/example_dags/example_bash_operator.py
[2023-03-28T02:34:44.652+0000] {processor.py:753} INFO - DAG(s) dict_keys(['example_bash_operator']) retrieved from /home/airflow/.local/lib/python3.7/site-packages/airflow/example_dags/example_bash_operator.py
[2023-03-28T02:34:44.677+0000] {logging_mixin.py:137} INFO - [2023-03-28T02:34:44.677+0000] {dag.py:2693} INFO - Sync 1 DAGs
[2023-03-28T02:34:44.694+0000] {logging_mixin.py:137} INFO - [2023-03-28T02:34:44.694+0000] {dag.py:3444} INFO - Setting next_dagrun for example_bash_operator to 2023-03-27T00:00:00+00:00, run_after=2023-03-28T00:00:00+00:00
[2023-03-28T02:34:44.706+0000] {processor.py:175} INFO - Processing /home/airflow/.local/lib/python3.7/site-packages/airflow/example_dags/example_bash_operator.py took 0.082 seconds
[2023-03-28T02:35:15.332+0000] {processor.py:153} INFO - Started process (PID=984) to work on /home/airflow/.local/lib/python3.7/site-packages/airflow/example_dags/example_bash_operator.py
[2023-03-28T02:35:15.334+0000] {processor.py:743} INFO - Processing file /home/airflow/.local/lib/python3.7/site-packages/airflow/example_dags/example_bash_operator.py for tasks to queue
[2023-03-28T02:35:15.336+0000] {logging_mixin.py:137} INFO - [2023-03-28T02:35:15.335+0000] {dagbag.py:532} INFO - Filling up the DagBag from /home/airflow/.local/lib/python3.7/site-packages/airflow/example_dags/example_bash_operator.py
[2023-03-28T02:35:15.356+0000] {processor.py:753} INFO - DAG(s) dict_keys(['example_bash_operator']) retrieved from /home/airflow/.local/lib/python3.7/site-packages/airflow/example_dags/example_bash_operator.py
[2023-03-28T02:35:15.382+0000] {logging_mixin.py:137} INFO - [2023-03-28T02:35:15.382+0000] {dag.py:2693} INFO - Sync 1 DAGs
[2023-03-28T02:35:15.398+0000] {logging_mixin.py:137} INFO - [2023-03-28T02:35:15.398+0000] {dag.py:3444} INFO - Setting next_dagrun for example_bash_operator to 2023-03-27T00:00:00+00:00, run_after=2023-03-28T00:00:00+00:00
[2023-03-28T02:35:15.410+0000] {processor.py:175} INFO - Processing /home/airflow/.local/lib/python3.7/site-packages/airflow/example_dags/example_bash_operator.py took 0.083 seconds
[2023-03-28T02:35:45.751+0000] {processor.py:153} INFO - Started process (PID=1035) to work on /home/airflow/.local/lib/python3.7/site-packages/airflow/example_dags/example_bash_operator.py
[2023-03-28T02:35:45.754+0000] {processor.py:743} INFO - Processing file /home/airflow/.local/lib/python3.7/site-packages/airflow/example_dags/example_bash_operator.py for tasks to queue
[2023-03-28T02:35:45.755+0000] {logging_mixin.py:137} INFO - [2023-03-28T02:35:45.755+0000] {dagbag.py:532} INFO - Filling up the DagBag from /home/airflow/.local/lib/python3.7/site-packages/airflow/example_dags/example_bash_operator.py
[2023-03-28T02:35:45.777+0000] {processor.py:753} INFO - DAG(s) dict_keys(['example_bash_operator']) retrieved from /home/airflow/.local/lib/python3.7/site-packages/airflow/example_dags/example_bash_operator.py
[2023-03-28T02:35:45.804+0000] {logging_mixin.py:137} INFO - [2023-03-28T02:35:45.804+0000] {dag.py:2693} INFO - Sync 1 DAGs
[2023-03-28T02:35:45.821+0000] {logging_mixin.py:137} INFO - [2023-03-28T02:35:45.821+0000] {dag.py:3444} INFO - Setting next_dagrun for example_bash_operator to 2023-03-27T00:00:00+00:00, run_after=2023-03-28T00:00:00+00:00
[2023-03-28T02:35:45.833+0000] {processor.py:175} INFO - Processing /home/airflow/.local/lib/python3.7/site-packages/airflow/example_dags/example_bash_operator.py took 0.087 seconds
[2023-03-28T02:36:16.080+0000] {processor.py:153} INFO - Started process (PID=1085) to work on /home/airflow/.local/lib/python3.7/site-packages/airflow/example_dags/example_bash_operator.py
[2023-03-28T02:36:16.082+0000] {processor.py:743} INFO - Processing file /home/airflow/.local/lib/python3.7/site-packages/airflow/example_dags/example_bash_operator.py for tasks to queue
[2023-03-28T02:36:16.086+0000] {logging_mixin.py:137} INFO - [2023-03-28T02:36:16.086+0000] {dagbag.py:532} INFO - Filling up the DagBag from /home/airflow/.local/lib/python3.7/site-packages/airflow/example_dags/example_bash_operator.py
[2023-03-28T02:36:16.105+0000] {processor.py:753} INFO - DAG(s) dict_keys(['example_bash_operator']) retrieved from /home/airflow/.local/lib/python3.7/site-packages/airflow/example_dags/example_bash_operator.py
[2023-03-28T02:36:16.131+0000] {logging_mixin.py:137} INFO - [2023-03-28T02:36:16.130+0000] {dag.py:2693} INFO - Sync 1 DAGs
[2023-03-28T02:36:16.147+0000] {logging_mixin.py:137} INFO - [2023-03-28T02:36:16.147+0000] {dag.py:3444} INFO - Setting next_dagrun for example_bash_operator to 2023-03-27T00:00:00+00:00, run_after=2023-03-28T00:00:00+00:00
[2023-03-28T02:36:16.160+0000] {processor.py:175} INFO - Processing /home/airflow/.local/lib/python3.7/site-packages/airflow/example_dags/example_bash_operator.py took 0.084 seconds
[2023-03-28T02:36:46.566+0000] {processor.py:153} INFO - Started process (PID=1134) to work on /home/airflow/.local/lib/python3.7/site-packages/airflow/example_dags/example_bash_operator.py
[2023-03-28T02:36:46.571+0000] {processor.py:743} INFO - Processing file /home/airflow/.local/lib/python3.7/site-packages/airflow/example_dags/example_bash_operator.py for tasks to queue
[2023-03-28T02:36:46.573+0000] {logging_mixin.py:137} INFO - [2023-03-28T02:36:46.573+0000] {dagbag.py:532} INFO - Filling up the DagBag from /home/airflow/.local/lib/python3.7/site-packages/airflow/example_dags/example_bash_operator.py
[2023-03-28T02:36:46.595+0000] {processor.py:753} INFO - DAG(s) dict_keys(['example_bash_operator']) retrieved from /home/airflow/.local/lib/python3.7/site-packages/airflow/example_dags/example_bash_operator.py
[2023-03-28T02:36:46.621+0000] {logging_mixin.py:137} INFO - [2023-03-28T02:36:46.621+0000] {dag.py:2693} INFO - Sync 1 DAGs
[2023-03-28T02:36:46.638+0000] {logging_mixin.py:137} INFO - [2023-03-28T02:36:46.638+0000] {dag.py:3444} INFO - Setting next_dagrun for example_bash_operator to 2023-03-27T00:00:00+00:00, run_after=2023-03-28T00:00:00+00:00
[2023-03-28T02:36:46.650+0000] {processor.py:175} INFO - Processing /home/airflow/.local/lib/python3.7/site-packages/airflow/example_dags/example_bash_operator.py took 0.089 seconds
[2023-03-28T02:37:17.005+0000] {processor.py:153} INFO - Started process (PID=1184) to work on /home/airflow/.local/lib/python3.7/site-packages/airflow/example_dags/example_bash_operator.py
[2023-03-28T02:37:17.006+0000] {processor.py:743} INFO - Processing file /home/airflow/.local/lib/python3.7/site-packages/airflow/example_dags/example_bash_operator.py for tasks to queue
[2023-03-28T02:37:17.008+0000] {logging_mixin.py:137} INFO - [2023-03-28T02:37:17.008+0000] {dagbag.py:532} INFO - Filling up the DagBag from /home/airflow/.local/lib/python3.7/site-packages/airflow/example_dags/example_bash_operator.py
[2023-03-28T02:37:17.027+0000] {processor.py:753} INFO - DAG(s) dict_keys(['example_bash_operator']) retrieved from /home/airflow/.local/lib/python3.7/site-packages/airflow/example_dags/example_bash_operator.py
[2023-03-28T02:37:17.055+0000] {logging_mixin.py:137} INFO - [2023-03-28T02:37:17.055+0000] {dag.py:2693} INFO - Sync 1 DAGs
[2023-03-28T02:37:17.072+0000] {logging_mixin.py:137} INFO - [2023-03-28T02:37:17.072+0000] {dag.py:3444} INFO - Setting next_dagrun for example_bash_operator to 2023-03-27T00:00:00+00:00, run_after=2023-03-28T00:00:00+00:00
[2023-03-28T02:37:17.083+0000] {processor.py:175} INFO - Processing /home/airflow/.local/lib/python3.7/site-packages/airflow/example_dags/example_bash_operator.py took 0.083 seconds
[2023-03-28T02:37:47.554+0000] {processor.py:153} INFO - Started process (PID=1233) to work on /home/airflow/.local/lib/python3.7/site-packages/airflow/example_dags/example_bash_operator.py
[2023-03-28T02:37:47.556+0000] {processor.py:743} INFO - Processing file /home/airflow/.local/lib/python3.7/site-packages/airflow/example_dags/example_bash_operator.py for tasks to queue
[2023-03-28T02:37:47.558+0000] {logging_mixin.py:137} INFO - [2023-03-28T02:37:47.558+0000] {dagbag.py:532} INFO - Filling up the DagBag from /home/airflow/.local/lib/python3.7/site-packages/airflow/example_dags/example_bash_operator.py
[2023-03-28T02:37:47.576+0000] {processor.py:753} INFO - DAG(s) dict_keys(['example_bash_operator']) retrieved from /home/airflow/.local/lib/python3.7/site-packages/airflow/example_dags/example_bash_operator.py
[2023-03-28T02:37:47.604+0000] {logging_mixin.py:137} INFO - [2023-03-28T02:37:47.604+0000] {dag.py:2693} INFO - Sync 1 DAGs
[2023-03-28T02:37:47.621+0000] {logging_mixin.py:137} INFO - [2023-03-28T02:37:47.621+0000] {dag.py:3444} INFO - Setting next_dagrun for example_bash_operator to 2023-03-27T00:00:00+00:00, run_after=2023-03-28T00:00:00+00:00
[2023-03-28T02:37:47.632+0000] {processor.py:175} INFO - Processing /home/airflow/.local/lib/python3.7/site-packages/airflow/example_dags/example_bash_operator.py took 0.082 seconds
[2023-03-28T02:38:18.163+0000] {processor.py:153} INFO - Started process (PID=1282) to work on /home/airflow/.local/lib/python3.7/site-packages/airflow/example_dags/example_bash_operator.py
[2023-03-28T02:38:18.165+0000] {processor.py:743} INFO - Processing file /home/airflow/.local/lib/python3.7/site-packages/airflow/example_dags/example_bash_operator.py for tasks to queue
[2023-03-28T02:38:18.167+0000] {logging_mixin.py:137} INFO - [2023-03-28T02:38:18.167+0000] {dagbag.py:532} INFO - Filling up the DagBag from /home/airflow/.local/lib/python3.7/site-packages/airflow/example_dags/example_bash_operator.py
[2023-03-28T02:38:18.193+0000] {processor.py:753} INFO - DAG(s) dict_keys(['example_bash_operator']) retrieved from /home/airflow/.local/lib/python3.7/site-packages/airflow/example_dags/example_bash_operator.py
[2023-03-28T02:38:18.223+0000] {logging_mixin.py:137} INFO - [2023-03-28T02:38:18.222+0000] {dag.py:2693} INFO - Sync 1 DAGs
[2023-03-28T02:38:18.243+0000] {logging_mixin.py:137} INFO - [2023-03-28T02:38:18.242+0000] {dag.py:3444} INFO - Setting next_dagrun for example_bash_operator to 2023-03-27T00:00:00+00:00, run_after=2023-03-28T00:00:00+00:00
[2023-03-28T02:38:18.257+0000] {processor.py:175} INFO - Processing /home/airflow/.local/lib/python3.7/site-packages/airflow/example_dags/example_bash_operator.py took 0.100 seconds
[2023-03-28T02:38:48.548+0000] {processor.py:153} INFO - Started process (PID=1332) to work on /home/airflow/.local/lib/python3.7/site-packages/airflow/example_dags/example_bash_operator.py
[2023-03-28T02:38:48.550+0000] {processor.py:743} INFO - Processing file /home/airflow/.local/lib/python3.7/site-packages/airflow/example_dags/example_bash_operator.py for tasks to queue
[2023-03-28T02:38:48.551+0000] {logging_mixin.py:137} INFO - [2023-03-28T02:38:48.551+0000] {dagbag.py:532} INFO - Filling up the DagBag from /home/airflow/.local/lib/python3.7/site-packages/airflow/example_dags/example_bash_operator.py
[2023-03-28T02:38:48.577+0000] {processor.py:753} INFO - DAG(s) dict_keys(['example_bash_operator']) retrieved from /home/airflow/.local/lib/python3.7/site-packages/airflow/example_dags/example_bash_operator.py
[2023-03-28T02:38:48.609+0000] {logging_mixin.py:137} INFO - [2023-03-28T02:38:48.609+0000] {dag.py:2693} INFO - Sync 1 DAGs
[2023-03-28T02:38:48.628+0000] {logging_mixin.py:137} INFO - [2023-03-28T02:38:48.628+0000] {dag.py:3444} INFO - Setting next_dagrun for example_bash_operator to 2023-03-27T00:00:00+00:00, run_after=2023-03-28T00:00:00+00:00
[2023-03-28T02:38:48.642+0000] {processor.py:175} INFO - Processing /home/airflow/.local/lib/python3.7/site-packages/airflow/example_dags/example_bash_operator.py took 0.097 seconds
[2023-03-28T02:39:18.985+0000] {processor.py:153} INFO - Started process (PID=1381) to work on /home/airflow/.local/lib/python3.7/site-packages/airflow/example_dags/example_bash_operator.py
[2023-03-28T02:39:18.987+0000] {processor.py:743} INFO - Processing file /home/airflow/.local/lib/python3.7/site-packages/airflow/example_dags/example_bash_operator.py for tasks to queue
[2023-03-28T02:39:18.992+0000] {logging_mixin.py:137} INFO - [2023-03-28T02:39:18.991+0000] {dagbag.py:532} INFO - Filling up the DagBag from /home/airflow/.local/lib/python3.7/site-packages/airflow/example_dags/example_bash_operator.py
[2023-03-28T02:39:19.013+0000] {processor.py:753} INFO - DAG(s) dict_keys(['example_bash_operator']) retrieved from /home/airflow/.local/lib/python3.7/site-packages/airflow/example_dags/example_bash_operator.py
[2023-03-28T02:39:19.038+0000] {logging_mixin.py:137} INFO - [2023-03-28T02:39:19.038+0000] {dag.py:2693} INFO - Sync 1 DAGs
[2023-03-28T02:39:19.064+0000] {logging_mixin.py:137} INFO - [2023-03-28T02:39:19.064+0000] {dag.py:3444} INFO - Setting next_dagrun for example_bash_operator to 2023-03-27T00:00:00+00:00, run_after=2023-03-28T00:00:00+00:00
[2023-03-28T02:39:19.078+0000] {processor.py:175} INFO - Processing /home/airflow/.local/lib/python3.7/site-packages/airflow/example_dags/example_bash_operator.py took 0.098 seconds
[2023-03-28T02:39:49.431+0000] {processor.py:153} INFO - Started process (PID=1430) to work on /home/airflow/.local/lib/python3.7/site-packages/airflow/example_dags/example_bash_operator.py
[2023-03-28T02:39:49.434+0000] {processor.py:743} INFO - Processing file /home/airflow/.local/lib/python3.7/site-packages/airflow/example_dags/example_bash_operator.py for tasks to queue
[2023-03-28T02:39:49.438+0000] {logging_mixin.py:137} INFO - [2023-03-28T02:39:49.437+0000] {dagbag.py:532} INFO - Filling up the DagBag from /home/airflow/.local/lib/python3.7/site-packages/airflow/example_dags/example_bash_operator.py
[2023-03-28T02:39:49.466+0000] {processor.py:753} INFO - DAG(s) dict_keys(['example_bash_operator']) retrieved from /home/airflow/.local/lib/python3.7/site-packages/airflow/example_dags/example_bash_operator.py
[2023-03-28T02:39:49.495+0000] {logging_mixin.py:137} INFO - [2023-03-28T02:39:49.495+0000] {dag.py:2693} INFO - Sync 1 DAGs
[2023-03-28T02:39:49.513+0000] {logging_mixin.py:137} INFO - [2023-03-28T02:39:49.512+0000] {dag.py:3444} INFO - Setting next_dagrun for example_bash_operator to 2023-03-27T00:00:00+00:00, run_after=2023-03-28T00:00:00+00:00
[2023-03-28T02:39:49.528+0000] {processor.py:175} INFO - Processing /home/airflow/.local/lib/python3.7/site-packages/airflow/example_dags/example_bash_operator.py took 0.104 seconds
[2023-03-28T02:40:20.107+0000] {processor.py:153} INFO - Started process (PID=1479) to work on /home/airflow/.local/lib/python3.7/site-packages/airflow/example_dags/example_bash_operator.py
[2023-03-28T02:40:20.109+0000] {processor.py:743} INFO - Processing file /home/airflow/.local/lib/python3.7/site-packages/airflow/example_dags/example_bash_operator.py for tasks to queue
[2023-03-28T02:40:20.110+0000] {logging_mixin.py:137} INFO - [2023-03-28T02:40:20.110+0000] {dagbag.py:532} INFO - Filling up the DagBag from /home/airflow/.local/lib/python3.7/site-packages/airflow/example_dags/example_bash_operator.py
[2023-03-28T02:40:20.129+0000] {processor.py:753} INFO - DAG(s) dict_keys(['example_bash_operator']) retrieved from /home/airflow/.local/lib/python3.7/site-packages/airflow/example_dags/example_bash_operator.py
[2023-03-28T02:40:20.154+0000] {logging_mixin.py:137} INFO - [2023-03-28T02:40:20.154+0000] {dag.py:2693} INFO - Sync 1 DAGs
[2023-03-28T02:40:20.171+0000] {logging_mixin.py:137} INFO - [2023-03-28T02:40:20.171+0000] {dag.py:3444} INFO - Setting next_dagrun for example_bash_operator to 2023-03-27T00:00:00+00:00, run_after=2023-03-28T00:00:00+00:00
[2023-03-28T02:40:20.183+0000] {processor.py:175} INFO - Processing /home/airflow/.local/lib/python3.7/site-packages/airflow/example_dags/example_bash_operator.py took 0.082 seconds
[2023-03-28T02:40:50.824+0000] {processor.py:153} INFO - Started process (PID=1528) to work on /home/airflow/.local/lib/python3.7/site-packages/airflow/example_dags/example_bash_operator.py
[2023-03-28T02:40:50.829+0000] {processor.py:743} INFO - Processing file /home/airflow/.local/lib/python3.7/site-packages/airflow/example_dags/example_bash_operator.py for tasks to queue
[2023-03-28T02:40:50.832+0000] {logging_mixin.py:137} INFO - [2023-03-28T02:40:50.832+0000] {dagbag.py:532} INFO - Filling up the DagBag from /home/airflow/.local/lib/python3.7/site-packages/airflow/example_dags/example_bash_operator.py
[2023-03-28T02:40:50.861+0000] {processor.py:753} INFO - DAG(s) dict_keys(['example_bash_operator']) retrieved from /home/airflow/.local/lib/python3.7/site-packages/airflow/example_dags/example_bash_operator.py
[2023-03-28T02:40:50.888+0000] {logging_mixin.py:137} INFO - [2023-03-28T02:40:50.887+0000] {dag.py:2693} INFO - Sync 1 DAGs
[2023-03-28T02:40:50.904+0000] {logging_mixin.py:137} INFO - [2023-03-28T02:40:50.904+0000] {dag.py:3444} INFO - Setting next_dagrun for example_bash_operator to 2023-03-27T00:00:00+00:00, run_after=2023-03-28T00:00:00+00:00
[2023-03-28T02:40:50.916+0000] {processor.py:175} INFO - Processing /home/airflow/.local/lib/python3.7/site-packages/airflow/example_dags/example_bash_operator.py took 0.099 seconds
