[2023-03-28T02:25:32.431+0000] {processor.py:153} INFO - Started process (PID=56) to work on /home/airflow/.local/lib/python3.7/site-packages/airflow/example_dags/example_task_group.py
[2023-03-28T02:25:32.434+0000] {processor.py:743} INFO - Processing file /home/airflow/.local/lib/python3.7/site-packages/airflow/example_dags/example_task_group.py for tasks to queue
[2023-03-28T02:25:32.436+0000] {logging_mixin.py:137} INFO - [2023-03-28T02:25:32.436+0000] {dagbag.py:532} INFO - Filling up the DagBag from /home/airflow/.local/lib/python3.7/site-packages/airflow/example_dags/example_task_group.py
[2023-03-28T02:25:32.483+0000] {processor.py:753} INFO - DAG(s) dict_keys(['example_task_group']) retrieved from /home/airflow/.local/lib/python3.7/site-packages/airflow/example_dags/example_task_group.py
[2023-03-28T02:25:32.688+0000] {logging_mixin.py:137} INFO - [2023-03-28T02:25:32.688+0000] {dag.py:2693} INFO - Sync 1 DAGs
[2023-03-28T02:25:32.752+0000] {logging_mixin.py:137} INFO - [2023-03-28T02:25:32.752+0000] {dag.py:3444} INFO - Setting next_dagrun for example_task_group to 2023-03-27T02:25:32.752328+00:00, run_after=2023-03-28T02:25:32.752328+00:00
[2023-03-28T02:25:32.834+0000] {processor.py:175} INFO - Processing /home/airflow/.local/lib/python3.7/site-packages/airflow/example_dags/example_task_group.py took 0.409 seconds
[2023-03-28T02:26:03.065+0000] {processor.py:153} INFO - Started process (PID=105) to work on /home/airflow/.local/lib/python3.7/site-packages/airflow/example_dags/example_task_group.py
[2023-03-28T02:26:03.067+0000] {processor.py:743} INFO - Processing file /home/airflow/.local/lib/python3.7/site-packages/airflow/example_dags/example_task_group.py for tasks to queue
[2023-03-28T02:26:03.068+0000] {logging_mixin.py:137} INFO - [2023-03-28T02:26:03.068+0000] {dagbag.py:532} INFO - Filling up the DagBag from /home/airflow/.local/lib/python3.7/site-packages/airflow/example_dags/example_task_group.py
[2023-03-28T02:26:03.078+0000] {processor.py:753} INFO - DAG(s) dict_keys(['example_task_group']) retrieved from /home/airflow/.local/lib/python3.7/site-packages/airflow/example_dags/example_task_group.py
[2023-03-28T02:26:03.096+0000] {logging_mixin.py:137} INFO - [2023-03-28T02:26:03.096+0000] {dag.py:2693} INFO - Sync 1 DAGs
[2023-03-28T02:26:03.114+0000] {logging_mixin.py:137} INFO - [2023-03-28T02:26:03.114+0000] {dag.py:3444} INFO - Setting next_dagrun for example_task_group to 2023-03-27T02:26:03.113953+00:00, run_after=2023-03-28T02:26:03.113953+00:00
[2023-03-28T02:26:03.125+0000] {processor.py:175} INFO - Processing /home/airflow/.local/lib/python3.7/site-packages/airflow/example_dags/example_task_group.py took 0.063 seconds
[2023-03-28T02:26:33.627+0000] {processor.py:153} INFO - Started process (PID=154) to work on /home/airflow/.local/lib/python3.7/site-packages/airflow/example_dags/example_task_group.py
[2023-03-28T02:26:33.628+0000] {processor.py:743} INFO - Processing file /home/airflow/.local/lib/python3.7/site-packages/airflow/example_dags/example_task_group.py for tasks to queue
[2023-03-28T02:26:33.629+0000] {logging_mixin.py:137} INFO - [2023-03-28T02:26:33.629+0000] {dagbag.py:532} INFO - Filling up the DagBag from /home/airflow/.local/lib/python3.7/site-packages/airflow/example_dags/example_task_group.py
[2023-03-28T02:26:33.640+0000] {processor.py:753} INFO - DAG(s) dict_keys(['example_task_group']) retrieved from /home/airflow/.local/lib/python3.7/site-packages/airflow/example_dags/example_task_group.py
[2023-03-28T02:26:33.659+0000] {logging_mixin.py:137} INFO - [2023-03-28T02:26:33.658+0000] {dag.py:2693} INFO - Sync 1 DAGs
[2023-03-28T02:26:33.676+0000] {logging_mixin.py:137} INFO - [2023-03-28T02:26:33.676+0000] {dag.py:3444} INFO - Setting next_dagrun for example_task_group to 2023-03-27T02:26:33.676068+00:00, run_after=2023-03-28T02:26:33.676068+00:00
[2023-03-28T02:26:33.688+0000] {processor.py:175} INFO - Processing /home/airflow/.local/lib/python3.7/site-packages/airflow/example_dags/example_task_group.py took 0.064 seconds
[2023-03-28T02:27:04.663+0000] {processor.py:153} INFO - Started process (PID=203) to work on /home/airflow/.local/lib/python3.7/site-packages/airflow/example_dags/example_task_group.py
[2023-03-28T02:27:04.666+0000] {processor.py:743} INFO - Processing file /home/airflow/.local/lib/python3.7/site-packages/airflow/example_dags/example_task_group.py for tasks to queue
[2023-03-28T02:27:04.667+0000] {logging_mixin.py:137} INFO - [2023-03-28T02:27:04.667+0000] {dagbag.py:532} INFO - Filling up the DagBag from /home/airflow/.local/lib/python3.7/site-packages/airflow/example_dags/example_task_group.py
[2023-03-28T02:27:04.678+0000] {processor.py:753} INFO - DAG(s) dict_keys(['example_task_group']) retrieved from /home/airflow/.local/lib/python3.7/site-packages/airflow/example_dags/example_task_group.py
[2023-03-28T02:27:04.698+0000] {logging_mixin.py:137} INFO - [2023-03-28T02:27:04.698+0000] {dag.py:2693} INFO - Sync 1 DAGs
[2023-03-28T02:27:04.716+0000] {logging_mixin.py:137} INFO - [2023-03-28T02:27:04.716+0000] {dag.py:3444} INFO - Setting next_dagrun for example_task_group to 2023-03-27T02:27:04.716062+00:00, run_after=2023-03-28T02:27:04.716062+00:00
[2023-03-28T02:27:04.728+0000] {processor.py:175} INFO - Processing /home/airflow/.local/lib/python3.7/site-packages/airflow/example_dags/example_task_group.py took 0.067 seconds
[2023-03-28T02:27:35.328+0000] {processor.py:153} INFO - Started process (PID=252) to work on /home/airflow/.local/lib/python3.7/site-packages/airflow/example_dags/example_task_group.py
[2023-03-28T02:27:35.330+0000] {processor.py:743} INFO - Processing file /home/airflow/.local/lib/python3.7/site-packages/airflow/example_dags/example_task_group.py for tasks to queue
[2023-03-28T02:27:35.331+0000] {logging_mixin.py:137} INFO - [2023-03-28T02:27:35.331+0000] {dagbag.py:532} INFO - Filling up the DagBag from /home/airflow/.local/lib/python3.7/site-packages/airflow/example_dags/example_task_group.py
[2023-03-28T02:27:35.349+0000] {processor.py:753} INFO - DAG(s) dict_keys(['example_task_group']) retrieved from /home/airflow/.local/lib/python3.7/site-packages/airflow/example_dags/example_task_group.py
[2023-03-28T02:27:35.377+0000] {logging_mixin.py:137} INFO - [2023-03-28T02:27:35.376+0000] {dag.py:2693} INFO - Sync 1 DAGs
[2023-03-28T02:27:35.397+0000] {logging_mixin.py:137} INFO - [2023-03-28T02:27:35.397+0000] {dag.py:3444} INFO - Setting next_dagrun for example_task_group to 2023-03-27T02:27:35.397106+00:00, run_after=2023-03-28T02:27:35.397106+00:00
[2023-03-28T02:27:35.408+0000] {processor.py:175} INFO - Processing /home/airflow/.local/lib/python3.7/site-packages/airflow/example_dags/example_task_group.py took 0.083 seconds
[2023-03-28T02:28:05.772+0000] {processor.py:153} INFO - Started process (PID=301) to work on /home/airflow/.local/lib/python3.7/site-packages/airflow/example_dags/example_task_group.py
[2023-03-28T02:28:05.774+0000] {processor.py:743} INFO - Processing file /home/airflow/.local/lib/python3.7/site-packages/airflow/example_dags/example_task_group.py for tasks to queue
[2023-03-28T02:28:05.775+0000] {logging_mixin.py:137} INFO - [2023-03-28T02:28:05.774+0000] {dagbag.py:532} INFO - Filling up the DagBag from /home/airflow/.local/lib/python3.7/site-packages/airflow/example_dags/example_task_group.py
[2023-03-28T02:28:05.788+0000] {processor.py:753} INFO - DAG(s) dict_keys(['example_task_group']) retrieved from /home/airflow/.local/lib/python3.7/site-packages/airflow/example_dags/example_task_group.py
[2023-03-28T02:28:05.807+0000] {logging_mixin.py:137} INFO - [2023-03-28T02:28:05.807+0000] {dag.py:2693} INFO - Sync 1 DAGs
[2023-03-28T02:28:05.826+0000] {logging_mixin.py:137} INFO - [2023-03-28T02:28:05.826+0000] {dag.py:3444} INFO - Setting next_dagrun for example_task_group to 2023-03-27T02:28:05.826037+00:00, run_after=2023-03-28T02:28:05.826037+00:00
[2023-03-28T02:28:05.837+0000] {processor.py:175} INFO - Processing /home/airflow/.local/lib/python3.7/site-packages/airflow/example_dags/example_task_group.py took 0.067 seconds
[2023-03-28T02:28:36.682+0000] {processor.py:153} INFO - Started process (PID=350) to work on /home/airflow/.local/lib/python3.7/site-packages/airflow/example_dags/example_task_group.py
[2023-03-28T02:28:36.684+0000] {processor.py:743} INFO - Processing file /home/airflow/.local/lib/python3.7/site-packages/airflow/example_dags/example_task_group.py for tasks to queue
[2023-03-28T02:28:36.685+0000] {logging_mixin.py:137} INFO - [2023-03-28T02:28:36.685+0000] {dagbag.py:532} INFO - Filling up the DagBag from /home/airflow/.local/lib/python3.7/site-packages/airflow/example_dags/example_task_group.py
[2023-03-28T02:28:36.695+0000] {processor.py:753} INFO - DAG(s) dict_keys(['example_task_group']) retrieved from /home/airflow/.local/lib/python3.7/site-packages/airflow/example_dags/example_task_group.py
[2023-03-28T02:28:36.714+0000] {logging_mixin.py:137} INFO - [2023-03-28T02:28:36.714+0000] {dag.py:2693} INFO - Sync 1 DAGs
[2023-03-28T02:28:36.731+0000] {logging_mixin.py:137} INFO - [2023-03-28T02:28:36.731+0000] {dag.py:3444} INFO - Setting next_dagrun for example_task_group to 2023-03-27T02:28:36.731250+00:00, run_after=2023-03-28T02:28:36.731250+00:00
[2023-03-28T02:28:36.744+0000] {processor.py:175} INFO - Processing /home/airflow/.local/lib/python3.7/site-packages/airflow/example_dags/example_task_group.py took 0.065 seconds
[2023-03-28T02:29:07.424+0000] {processor.py:153} INFO - Started process (PID=399) to work on /home/airflow/.local/lib/python3.7/site-packages/airflow/example_dags/example_task_group.py
[2023-03-28T02:29:07.426+0000] {processor.py:743} INFO - Processing file /home/airflow/.local/lib/python3.7/site-packages/airflow/example_dags/example_task_group.py for tasks to queue
[2023-03-28T02:29:07.427+0000] {logging_mixin.py:137} INFO - [2023-03-28T02:29:07.427+0000] {dagbag.py:532} INFO - Filling up the DagBag from /home/airflow/.local/lib/python3.7/site-packages/airflow/example_dags/example_task_group.py
[2023-03-28T02:29:07.439+0000] {processor.py:753} INFO - DAG(s) dict_keys(['example_task_group']) retrieved from /home/airflow/.local/lib/python3.7/site-packages/airflow/example_dags/example_task_group.py
[2023-03-28T02:29:07.459+0000] {logging_mixin.py:137} INFO - [2023-03-28T02:29:07.458+0000] {dag.py:2693} INFO - Sync 1 DAGs
[2023-03-28T02:29:07.477+0000] {logging_mixin.py:137} INFO - [2023-03-28T02:29:07.477+0000] {dag.py:3444} INFO - Setting next_dagrun for example_task_group to 2023-03-27T02:29:07.477341+00:00, run_after=2023-03-28T02:29:07.477341+00:00
[2023-03-28T02:29:07.493+0000] {processor.py:175} INFO - Processing /home/airflow/.local/lib/python3.7/site-packages/airflow/example_dags/example_task_group.py took 0.072 seconds
[2023-03-28T02:29:38.037+0000] {processor.py:153} INFO - Started process (PID=448) to work on /home/airflow/.local/lib/python3.7/site-packages/airflow/example_dags/example_task_group.py
[2023-03-28T02:29:38.039+0000] {processor.py:743} INFO - Processing file /home/airflow/.local/lib/python3.7/site-packages/airflow/example_dags/example_task_group.py for tasks to queue
[2023-03-28T02:29:38.040+0000] {logging_mixin.py:137} INFO - [2023-03-28T02:29:38.040+0000] {dagbag.py:532} INFO - Filling up the DagBag from /home/airflow/.local/lib/python3.7/site-packages/airflow/example_dags/example_task_group.py
[2023-03-28T02:29:38.050+0000] {processor.py:753} INFO - DAG(s) dict_keys(['example_task_group']) retrieved from /home/airflow/.local/lib/python3.7/site-packages/airflow/example_dags/example_task_group.py
[2023-03-28T02:29:38.068+0000] {logging_mixin.py:137} INFO - [2023-03-28T02:29:38.068+0000] {dag.py:2693} INFO - Sync 1 DAGs
[2023-03-28T02:29:38.089+0000] {logging_mixin.py:137} INFO - [2023-03-28T02:29:38.089+0000] {dag.py:3444} INFO - Setting next_dagrun for example_task_group to 2023-03-27T02:29:38.089093+00:00, run_after=2023-03-28T02:29:38.089093+00:00
[2023-03-28T02:29:38.100+0000] {processor.py:175} INFO - Processing /home/airflow/.local/lib/python3.7/site-packages/airflow/example_dags/example_task_group.py took 0.065 seconds
[2023-03-28T02:30:08.815+0000] {processor.py:153} INFO - Started process (PID=497) to work on /home/airflow/.local/lib/python3.7/site-packages/airflow/example_dags/example_task_group.py
[2023-03-28T02:30:08.817+0000] {processor.py:743} INFO - Processing file /home/airflow/.local/lib/python3.7/site-packages/airflow/example_dags/example_task_group.py for tasks to queue
[2023-03-28T02:30:08.818+0000] {logging_mixin.py:137} INFO - [2023-03-28T02:30:08.818+0000] {dagbag.py:532} INFO - Filling up the DagBag from /home/airflow/.local/lib/python3.7/site-packages/airflow/example_dags/example_task_group.py
[2023-03-28T02:30:08.830+0000] {processor.py:753} INFO - DAG(s) dict_keys(['example_task_group']) retrieved from /home/airflow/.local/lib/python3.7/site-packages/airflow/example_dags/example_task_group.py
[2023-03-28T02:30:08.850+0000] {logging_mixin.py:137} INFO - [2023-03-28T02:30:08.849+0000] {dag.py:2693} INFO - Sync 1 DAGs
[2023-03-28T02:30:08.867+0000] {logging_mixin.py:137} INFO - [2023-03-28T02:30:08.867+0000] {dag.py:3444} INFO - Setting next_dagrun for example_task_group to 2023-03-27T02:30:08.867239+00:00, run_after=2023-03-28T02:30:08.867239+00:00
[2023-03-28T02:30:08.878+0000] {processor.py:175} INFO - Processing /home/airflow/.local/lib/python3.7/site-packages/airflow/example_dags/example_task_group.py took 0.066 seconds
[2023-03-28T02:30:39.418+0000] {processor.py:153} INFO - Started process (PID=546) to work on /home/airflow/.local/lib/python3.7/site-packages/airflow/example_dags/example_task_group.py
[2023-03-28T02:30:39.419+0000] {processor.py:743} INFO - Processing file /home/airflow/.local/lib/python3.7/site-packages/airflow/example_dags/example_task_group.py for tasks to queue
[2023-03-28T02:30:39.421+0000] {logging_mixin.py:137} INFO - [2023-03-28T02:30:39.420+0000] {dagbag.py:532} INFO - Filling up the DagBag from /home/airflow/.local/lib/python3.7/site-packages/airflow/example_dags/example_task_group.py
[2023-03-28T02:30:39.433+0000] {processor.py:753} INFO - DAG(s) dict_keys(['example_task_group']) retrieved from /home/airflow/.local/lib/python3.7/site-packages/airflow/example_dags/example_task_group.py
[2023-03-28T02:30:39.451+0000] {logging_mixin.py:137} INFO - [2023-03-28T02:30:39.451+0000] {dag.py:2693} INFO - Sync 1 DAGs
[2023-03-28T02:30:39.467+0000] {logging_mixin.py:137} INFO - [2023-03-28T02:30:39.467+0000] {dag.py:3444} INFO - Setting next_dagrun for example_task_group to 2023-03-27T02:30:39.467052+00:00, run_after=2023-03-28T02:30:39.467052+00:00
[2023-03-28T02:30:39.477+0000] {processor.py:175} INFO - Processing /home/airflow/.local/lib/python3.7/site-packages/airflow/example_dags/example_task_group.py took 0.061 seconds
[2023-03-28T02:31:10.161+0000] {processor.py:153} INFO - Started process (PID=595) to work on /home/airflow/.local/lib/python3.7/site-packages/airflow/example_dags/example_task_group.py
[2023-03-28T02:31:10.167+0000] {processor.py:743} INFO - Processing file /home/airflow/.local/lib/python3.7/site-packages/airflow/example_dags/example_task_group.py for tasks to queue
[2023-03-28T02:31:10.169+0000] {logging_mixin.py:137} INFO - [2023-03-28T02:31:10.169+0000] {dagbag.py:532} INFO - Filling up the DagBag from /home/airflow/.local/lib/python3.7/site-packages/airflow/example_dags/example_task_group.py
[2023-03-28T02:31:10.190+0000] {processor.py:753} INFO - DAG(s) dict_keys(['example_task_group']) retrieved from /home/airflow/.local/lib/python3.7/site-packages/airflow/example_dags/example_task_group.py
[2023-03-28T02:31:10.229+0000] {logging_mixin.py:137} INFO - [2023-03-28T02:31:10.229+0000] {dag.py:2693} INFO - Sync 1 DAGs
[2023-03-28T02:31:10.253+0000] {logging_mixin.py:137} INFO - [2023-03-28T02:31:10.253+0000] {dag.py:3444} INFO - Setting next_dagrun for example_task_group to 2023-03-27T02:31:10.253127+00:00, run_after=2023-03-28T02:31:10.253127+00:00
[2023-03-28T02:31:10.266+0000] {processor.py:175} INFO - Processing /home/airflow/.local/lib/python3.7/site-packages/airflow/example_dags/example_task_group.py took 0.108 seconds
[2023-03-28T02:31:40.905+0000] {processor.py:153} INFO - Started process (PID=645) to work on /home/airflow/.local/lib/python3.7/site-packages/airflow/example_dags/example_task_group.py
[2023-03-28T02:31:40.909+0000] {processor.py:743} INFO - Processing file /home/airflow/.local/lib/python3.7/site-packages/airflow/example_dags/example_task_group.py for tasks to queue
[2023-03-28T02:31:40.911+0000] {logging_mixin.py:137} INFO - [2023-03-28T02:31:40.911+0000] {dagbag.py:532} INFO - Filling up the DagBag from /home/airflow/.local/lib/python3.7/site-packages/airflow/example_dags/example_task_group.py
[2023-03-28T02:31:40.929+0000] {processor.py:753} INFO - DAG(s) dict_keys(['example_task_group']) retrieved from /home/airflow/.local/lib/python3.7/site-packages/airflow/example_dags/example_task_group.py
[2023-03-28T02:31:40.963+0000] {logging_mixin.py:137} INFO - [2023-03-28T02:31:40.963+0000] {dag.py:2693} INFO - Sync 1 DAGs
[2023-03-28T02:31:40.989+0000] {logging_mixin.py:137} INFO - [2023-03-28T02:31:40.989+0000] {dag.py:3444} INFO - Setting next_dagrun for example_task_group to 2023-03-27T02:31:40.989201+00:00, run_after=2023-03-28T02:31:40.989201+00:00
[2023-03-28T02:31:41.009+0000] {processor.py:175} INFO - Processing /home/airflow/.local/lib/python3.7/site-packages/airflow/example_dags/example_task_group.py took 0.107 seconds
[2023-03-28T02:32:11.698+0000] {processor.py:153} INFO - Started process (PID=694) to work on /home/airflow/.local/lib/python3.7/site-packages/airflow/example_dags/example_task_group.py
[2023-03-28T02:32:11.700+0000] {processor.py:743} INFO - Processing file /home/airflow/.local/lib/python3.7/site-packages/airflow/example_dags/example_task_group.py for tasks to queue
[2023-03-28T02:32:11.702+0000] {logging_mixin.py:137} INFO - [2023-03-28T02:32:11.702+0000] {dagbag.py:532} INFO - Filling up the DagBag from /home/airflow/.local/lib/python3.7/site-packages/airflow/example_dags/example_task_group.py
[2023-03-28T02:32:11.713+0000] {processor.py:753} INFO - DAG(s) dict_keys(['example_task_group']) retrieved from /home/airflow/.local/lib/python3.7/site-packages/airflow/example_dags/example_task_group.py
[2023-03-28T02:32:11.731+0000] {logging_mixin.py:137} INFO - [2023-03-28T02:32:11.731+0000] {dag.py:2693} INFO - Sync 1 DAGs
[2023-03-28T02:32:11.748+0000] {logging_mixin.py:137} INFO - [2023-03-28T02:32:11.748+0000] {dag.py:3444} INFO - Setting next_dagrun for example_task_group to 2023-03-27T02:32:11.748013+00:00, run_after=2023-03-28T02:32:11.748013+00:00
[2023-03-28T02:32:11.759+0000] {processor.py:175} INFO - Processing /home/airflow/.local/lib/python3.7/site-packages/airflow/example_dags/example_task_group.py took 0.064 seconds
[2023-03-28T02:32:42.378+0000] {processor.py:153} INFO - Started process (PID=743) to work on /home/airflow/.local/lib/python3.7/site-packages/airflow/example_dags/example_task_group.py
[2023-03-28T02:32:42.380+0000] {processor.py:743} INFO - Processing file /home/airflow/.local/lib/python3.7/site-packages/airflow/example_dags/example_task_group.py for tasks to queue
[2023-03-28T02:32:42.381+0000] {logging_mixin.py:137} INFO - [2023-03-28T02:32:42.381+0000] {dagbag.py:532} INFO - Filling up the DagBag from /home/airflow/.local/lib/python3.7/site-packages/airflow/example_dags/example_task_group.py
[2023-03-28T02:32:42.392+0000] {processor.py:753} INFO - DAG(s) dict_keys(['example_task_group']) retrieved from /home/airflow/.local/lib/python3.7/site-packages/airflow/example_dags/example_task_group.py
[2023-03-28T02:32:42.409+0000] {logging_mixin.py:137} INFO - [2023-03-28T02:32:42.409+0000] {dag.py:2693} INFO - Sync 1 DAGs
[2023-03-28T02:32:42.431+0000] {logging_mixin.py:137} INFO - [2023-03-28T02:32:42.431+0000] {dag.py:3444} INFO - Setting next_dagrun for example_task_group to 2023-03-27T02:32:42.430617+00:00, run_after=2023-03-28T02:32:42.430617+00:00
[2023-03-28T02:32:42.447+0000] {processor.py:175} INFO - Processing /home/airflow/.local/lib/python3.7/site-packages/airflow/example_dags/example_task_group.py took 0.071 seconds
[2023-03-28T02:33:13.304+0000] {processor.py:153} INFO - Started process (PID=792) to work on /home/airflow/.local/lib/python3.7/site-packages/airflow/example_dags/example_task_group.py
[2023-03-28T02:33:13.306+0000] {processor.py:743} INFO - Processing file /home/airflow/.local/lib/python3.7/site-packages/airflow/example_dags/example_task_group.py for tasks to queue
[2023-03-28T02:33:13.307+0000] {logging_mixin.py:137} INFO - [2023-03-28T02:33:13.307+0000] {dagbag.py:532} INFO - Filling up the DagBag from /home/airflow/.local/lib/python3.7/site-packages/airflow/example_dags/example_task_group.py
[2023-03-28T02:33:13.323+0000] {processor.py:753} INFO - DAG(s) dict_keys(['example_task_group']) retrieved from /home/airflow/.local/lib/python3.7/site-packages/airflow/example_dags/example_task_group.py
[2023-03-28T02:33:13.341+0000] {logging_mixin.py:137} INFO - [2023-03-28T02:33:13.341+0000] {dag.py:2693} INFO - Sync 1 DAGs
[2023-03-28T02:33:13.361+0000] {logging_mixin.py:137} INFO - [2023-03-28T02:33:13.361+0000] {dag.py:3444} INFO - Setting next_dagrun for example_task_group to 2023-03-27T02:33:13.361005+00:00, run_after=2023-03-28T02:33:13.361005+00:00
[2023-03-28T02:33:13.374+0000] {processor.py:175} INFO - Processing /home/airflow/.local/lib/python3.7/site-packages/airflow/example_dags/example_task_group.py took 0.072 seconds
[2023-03-28T02:33:44.001+0000] {processor.py:153} INFO - Started process (PID=841) to work on /home/airflow/.local/lib/python3.7/site-packages/airflow/example_dags/example_task_group.py
[2023-03-28T02:33:44.003+0000] {processor.py:743} INFO - Processing file /home/airflow/.local/lib/python3.7/site-packages/airflow/example_dags/example_task_group.py for tasks to queue
[2023-03-28T02:33:44.005+0000] {logging_mixin.py:137} INFO - [2023-03-28T02:33:44.005+0000] {dagbag.py:532} INFO - Filling up the DagBag from /home/airflow/.local/lib/python3.7/site-packages/airflow/example_dags/example_task_group.py
[2023-03-28T02:33:44.017+0000] {processor.py:753} INFO - DAG(s) dict_keys(['example_task_group']) retrieved from /home/airflow/.local/lib/python3.7/site-packages/airflow/example_dags/example_task_group.py
[2023-03-28T02:33:44.037+0000] {logging_mixin.py:137} INFO - [2023-03-28T02:33:44.037+0000] {dag.py:2693} INFO - Sync 1 DAGs
[2023-03-28T02:33:44.053+0000] {logging_mixin.py:137} INFO - [2023-03-28T02:33:44.053+0000] {dag.py:3444} INFO - Setting next_dagrun for example_task_group to 2023-03-27T02:33:44.053287+00:00, run_after=2023-03-28T02:33:44.053287+00:00
[2023-03-28T02:33:44.064+0000] {processor.py:175} INFO - Processing /home/airflow/.local/lib/python3.7/site-packages/airflow/example_dags/example_task_group.py took 0.066 seconds
[2023-03-28T02:34:14.441+0000] {processor.py:153} INFO - Started process (PID=890) to work on /home/airflow/.local/lib/python3.7/site-packages/airflow/example_dags/example_task_group.py
[2023-03-28T02:34:14.443+0000] {processor.py:743} INFO - Processing file /home/airflow/.local/lib/python3.7/site-packages/airflow/example_dags/example_task_group.py for tasks to queue
[2023-03-28T02:34:14.444+0000] {logging_mixin.py:137} INFO - [2023-03-28T02:34:14.444+0000] {dagbag.py:532} INFO - Filling up the DagBag from /home/airflow/.local/lib/python3.7/site-packages/airflow/example_dags/example_task_group.py
[2023-03-28T02:34:14.455+0000] {processor.py:753} INFO - DAG(s) dict_keys(['example_task_group']) retrieved from /home/airflow/.local/lib/python3.7/site-packages/airflow/example_dags/example_task_group.py
[2023-03-28T02:34:14.472+0000] {logging_mixin.py:137} INFO - [2023-03-28T02:34:14.472+0000] {dag.py:2693} INFO - Sync 1 DAGs
[2023-03-28T02:34:14.489+0000] {logging_mixin.py:137} INFO - [2023-03-28T02:34:14.489+0000] {dag.py:3444} INFO - Setting next_dagrun for example_task_group to 2023-03-27T02:34:14.489411+00:00, run_after=2023-03-28T02:34:14.489411+00:00
[2023-03-28T02:34:14.503+0000] {processor.py:175} INFO - Processing /home/airflow/.local/lib/python3.7/site-packages/airflow/example_dags/example_task_group.py took 0.064 seconds
[2023-03-28T02:34:44.842+0000] {processor.py:153} INFO - Started process (PID=939) to work on /home/airflow/.local/lib/python3.7/site-packages/airflow/example_dags/example_task_group.py
[2023-03-28T02:34:44.844+0000] {processor.py:743} INFO - Processing file /home/airflow/.local/lib/python3.7/site-packages/airflow/example_dags/example_task_group.py for tasks to queue
[2023-03-28T02:34:44.845+0000] {logging_mixin.py:137} INFO - [2023-03-28T02:34:44.845+0000] {dagbag.py:532} INFO - Filling up the DagBag from /home/airflow/.local/lib/python3.7/site-packages/airflow/example_dags/example_task_group.py
[2023-03-28T02:34:44.856+0000] {processor.py:753} INFO - DAG(s) dict_keys(['example_task_group']) retrieved from /home/airflow/.local/lib/python3.7/site-packages/airflow/example_dags/example_task_group.py
[2023-03-28T02:34:44.874+0000] {logging_mixin.py:137} INFO - [2023-03-28T02:34:44.873+0000] {dag.py:2693} INFO - Sync 1 DAGs
[2023-03-28T02:34:44.892+0000] {logging_mixin.py:137} INFO - [2023-03-28T02:34:44.892+0000] {dag.py:3444} INFO - Setting next_dagrun for example_task_group to 2023-03-27T02:34:44.891914+00:00, run_after=2023-03-28T02:34:44.891914+00:00
[2023-03-28T02:34:44.902+0000] {processor.py:175} INFO - Processing /home/airflow/.local/lib/python3.7/site-packages/airflow/example_dags/example_task_group.py took 0.062 seconds
[2023-03-28T02:35:15.550+0000] {processor.py:153} INFO - Started process (PID=988) to work on /home/airflow/.local/lib/python3.7/site-packages/airflow/example_dags/example_task_group.py
[2023-03-28T02:35:15.552+0000] {processor.py:743} INFO - Processing file /home/airflow/.local/lib/python3.7/site-packages/airflow/example_dags/example_task_group.py for tasks to queue
[2023-03-28T02:35:15.553+0000] {logging_mixin.py:137} INFO - [2023-03-28T02:35:15.553+0000] {dagbag.py:532} INFO - Filling up the DagBag from /home/airflow/.local/lib/python3.7/site-packages/airflow/example_dags/example_task_group.py
[2023-03-28T02:35:15.563+0000] {processor.py:753} INFO - DAG(s) dict_keys(['example_task_group']) retrieved from /home/airflow/.local/lib/python3.7/site-packages/airflow/example_dags/example_task_group.py
[2023-03-28T02:35:15.581+0000] {logging_mixin.py:137} INFO - [2023-03-28T02:35:15.581+0000] {dag.py:2693} INFO - Sync 1 DAGs
[2023-03-28T02:35:15.597+0000] {logging_mixin.py:137} INFO - [2023-03-28T02:35:15.597+0000] {dag.py:3444} INFO - Setting next_dagrun for example_task_group to 2023-03-27T02:35:15.596962+00:00, run_after=2023-03-28T02:35:15.596962+00:00
[2023-03-28T02:35:15.609+0000] {processor.py:175} INFO - Processing /home/airflow/.local/lib/python3.7/site-packages/airflow/example_dags/example_task_group.py took 0.061 seconds
[2023-03-28T02:35:46.005+0000] {processor.py:153} INFO - Started process (PID=1039) to work on /home/airflow/.local/lib/python3.7/site-packages/airflow/example_dags/example_task_group.py
[2023-03-28T02:35:46.007+0000] {processor.py:743} INFO - Processing file /home/airflow/.local/lib/python3.7/site-packages/airflow/example_dags/example_task_group.py for tasks to queue
[2023-03-28T02:35:46.009+0000] {logging_mixin.py:137} INFO - [2023-03-28T02:35:46.008+0000] {dagbag.py:532} INFO - Filling up the DagBag from /home/airflow/.local/lib/python3.7/site-packages/airflow/example_dags/example_task_group.py
[2023-03-28T02:35:46.022+0000] {processor.py:753} INFO - DAG(s) dict_keys(['example_task_group']) retrieved from /home/airflow/.local/lib/python3.7/site-packages/airflow/example_dags/example_task_group.py
[2023-03-28T02:35:46.042+0000] {logging_mixin.py:137} INFO - [2023-03-28T02:35:46.042+0000] {dag.py:2693} INFO - Sync 1 DAGs
[2023-03-28T02:35:46.059+0000] {logging_mixin.py:137} INFO - [2023-03-28T02:35:46.059+0000] {dag.py:3444} INFO - Setting next_dagrun for example_task_group to 2023-03-27T02:35:46.059687+00:00, run_after=2023-03-28T02:35:46.059687+00:00
[2023-03-28T02:35:46.071+0000] {processor.py:175} INFO - Processing /home/airflow/.local/lib/python3.7/site-packages/airflow/example_dags/example_task_group.py took 0.068 seconds
[2023-03-28T02:36:16.298+0000] {processor.py:153} INFO - Started process (PID=1089) to work on /home/airflow/.local/lib/python3.7/site-packages/airflow/example_dags/example_task_group.py
[2023-03-28T02:36:16.300+0000] {processor.py:743} INFO - Processing file /home/airflow/.local/lib/python3.7/site-packages/airflow/example_dags/example_task_group.py for tasks to queue
[2023-03-28T02:36:16.301+0000] {logging_mixin.py:137} INFO - [2023-03-28T02:36:16.301+0000] {dagbag.py:532} INFO - Filling up the DagBag from /home/airflow/.local/lib/python3.7/site-packages/airflow/example_dags/example_task_group.py
[2023-03-28T02:36:16.311+0000] {processor.py:753} INFO - DAG(s) dict_keys(['example_task_group']) retrieved from /home/airflow/.local/lib/python3.7/site-packages/airflow/example_dags/example_task_group.py
[2023-03-28T02:36:16.329+0000] {logging_mixin.py:137} INFO - [2023-03-28T02:36:16.328+0000] {dag.py:2693} INFO - Sync 1 DAGs
[2023-03-28T02:36:16.346+0000] {logging_mixin.py:137} INFO - [2023-03-28T02:36:16.346+0000] {dag.py:3444} INFO - Setting next_dagrun for example_task_group to 2023-03-27T02:36:16.345896+00:00, run_after=2023-03-28T02:36:16.345896+00:00
[2023-03-28T02:36:16.359+0000] {processor.py:175} INFO - Processing /home/airflow/.local/lib/python3.7/site-packages/airflow/example_dags/example_task_group.py took 0.063 seconds
[2023-03-28T02:36:46.807+0000] {processor.py:153} INFO - Started process (PID=1138) to work on /home/airflow/.local/lib/python3.7/site-packages/airflow/example_dags/example_task_group.py
[2023-03-28T02:36:46.809+0000] {processor.py:743} INFO - Processing file /home/airflow/.local/lib/python3.7/site-packages/airflow/example_dags/example_task_group.py for tasks to queue
[2023-03-28T02:36:46.810+0000] {logging_mixin.py:137} INFO - [2023-03-28T02:36:46.810+0000] {dagbag.py:532} INFO - Filling up the DagBag from /home/airflow/.local/lib/python3.7/site-packages/airflow/example_dags/example_task_group.py
[2023-03-28T02:36:46.821+0000] {processor.py:753} INFO - DAG(s) dict_keys(['example_task_group']) retrieved from /home/airflow/.local/lib/python3.7/site-packages/airflow/example_dags/example_task_group.py
[2023-03-28T02:36:46.841+0000] {logging_mixin.py:137} INFO - [2023-03-28T02:36:46.841+0000] {dag.py:2693} INFO - Sync 1 DAGs
[2023-03-28T02:36:46.858+0000] {logging_mixin.py:137} INFO - [2023-03-28T02:36:46.858+0000] {dag.py:3444} INFO - Setting next_dagrun for example_task_group to 2023-03-27T02:36:46.858481+00:00, run_after=2023-03-28T02:36:46.858481+00:00
[2023-03-28T02:36:46.869+0000] {processor.py:175} INFO - Processing /home/airflow/.local/lib/python3.7/site-packages/airflow/example_dags/example_task_group.py took 0.065 seconds
[2023-03-28T02:37:17.226+0000] {processor.py:153} INFO - Started process (PID=1188) to work on /home/airflow/.local/lib/python3.7/site-packages/airflow/example_dags/example_task_group.py
[2023-03-28T02:37:17.228+0000] {processor.py:743} INFO - Processing file /home/airflow/.local/lib/python3.7/site-packages/airflow/example_dags/example_task_group.py for tasks to queue
[2023-03-28T02:37:17.229+0000] {logging_mixin.py:137} INFO - [2023-03-28T02:37:17.229+0000] {dagbag.py:532} INFO - Filling up the DagBag from /home/airflow/.local/lib/python3.7/site-packages/airflow/example_dags/example_task_group.py
[2023-03-28T02:37:17.240+0000] {processor.py:753} INFO - DAG(s) dict_keys(['example_task_group']) retrieved from /home/airflow/.local/lib/python3.7/site-packages/airflow/example_dags/example_task_group.py
[2023-03-28T02:37:17.259+0000] {logging_mixin.py:137} INFO - [2023-03-28T02:37:17.259+0000] {dag.py:2693} INFO - Sync 1 DAGs
[2023-03-28T02:37:17.275+0000] {logging_mixin.py:137} INFO - [2023-03-28T02:37:17.275+0000] {dag.py:3444} INFO - Setting next_dagrun for example_task_group to 2023-03-27T02:37:17.275183+00:00, run_after=2023-03-28T02:37:17.275183+00:00
[2023-03-28T02:37:17.286+0000] {processor.py:175} INFO - Processing /home/airflow/.local/lib/python3.7/site-packages/airflow/example_dags/example_task_group.py took 0.062 seconds
[2023-03-28T02:37:47.774+0000] {processor.py:153} INFO - Started process (PID=1237) to work on /home/airflow/.local/lib/python3.7/site-packages/airflow/example_dags/example_task_group.py
[2023-03-28T02:37:47.776+0000] {processor.py:743} INFO - Processing file /home/airflow/.local/lib/python3.7/site-packages/airflow/example_dags/example_task_group.py for tasks to queue
[2023-03-28T02:37:47.777+0000] {logging_mixin.py:137} INFO - [2023-03-28T02:37:47.776+0000] {dagbag.py:532} INFO - Filling up the DagBag from /home/airflow/.local/lib/python3.7/site-packages/airflow/example_dags/example_task_group.py
[2023-03-28T02:37:47.788+0000] {processor.py:753} INFO - DAG(s) dict_keys(['example_task_group']) retrieved from /home/airflow/.local/lib/python3.7/site-packages/airflow/example_dags/example_task_group.py
[2023-03-28T02:37:47.809+0000] {logging_mixin.py:137} INFO - [2023-03-28T02:37:47.809+0000] {dag.py:2693} INFO - Sync 1 DAGs
[2023-03-28T02:37:47.826+0000] {logging_mixin.py:137} INFO - [2023-03-28T02:37:47.825+0000] {dag.py:3444} INFO - Setting next_dagrun for example_task_group to 2023-03-27T02:37:47.825824+00:00, run_after=2023-03-28T02:37:47.825824+00:00
[2023-03-28T02:37:47.838+0000] {processor.py:175} INFO - Processing /home/airflow/.local/lib/python3.7/site-packages/airflow/example_dags/example_task_group.py took 0.066 seconds
[2023-03-28T02:38:18.436+0000] {processor.py:153} INFO - Started process (PID=1286) to work on /home/airflow/.local/lib/python3.7/site-packages/airflow/example_dags/example_task_group.py
[2023-03-28T02:38:18.438+0000] {processor.py:743} INFO - Processing file /home/airflow/.local/lib/python3.7/site-packages/airflow/example_dags/example_task_group.py for tasks to queue
[2023-03-28T02:38:18.440+0000] {logging_mixin.py:137} INFO - [2023-03-28T02:38:18.440+0000] {dagbag.py:532} INFO - Filling up the DagBag from /home/airflow/.local/lib/python3.7/site-packages/airflow/example_dags/example_task_group.py
[2023-03-28T02:38:18.455+0000] {processor.py:753} INFO - DAG(s) dict_keys(['example_task_group']) retrieved from /home/airflow/.local/lib/python3.7/site-packages/airflow/example_dags/example_task_group.py
[2023-03-28T02:38:18.479+0000] {logging_mixin.py:137} INFO - [2023-03-28T02:38:18.479+0000] {dag.py:2693} INFO - Sync 1 DAGs
[2023-03-28T02:38:18.503+0000] {logging_mixin.py:137} INFO - [2023-03-28T02:38:18.503+0000] {dag.py:3444} INFO - Setting next_dagrun for example_task_group to 2023-03-27T02:38:18.502833+00:00, run_after=2023-03-28T02:38:18.502833+00:00
[2023-03-28T02:38:18.520+0000] {processor.py:175} INFO - Processing /home/airflow/.local/lib/python3.7/site-packages/airflow/example_dags/example_task_group.py took 0.087 seconds
[2023-03-28T02:38:48.806+0000] {processor.py:153} INFO - Started process (PID=1336) to work on /home/airflow/.local/lib/python3.7/site-packages/airflow/example_dags/example_task_group.py
[2023-03-28T02:38:48.807+0000] {processor.py:743} INFO - Processing file /home/airflow/.local/lib/python3.7/site-packages/airflow/example_dags/example_task_group.py for tasks to queue
[2023-03-28T02:38:48.809+0000] {logging_mixin.py:137} INFO - [2023-03-28T02:38:48.809+0000] {dagbag.py:532} INFO - Filling up the DagBag from /home/airflow/.local/lib/python3.7/site-packages/airflow/example_dags/example_task_group.py
[2023-03-28T02:38:48.824+0000] {processor.py:753} INFO - DAG(s) dict_keys(['example_task_group']) retrieved from /home/airflow/.local/lib/python3.7/site-packages/airflow/example_dags/example_task_group.py
[2023-03-28T02:38:48.849+0000] {logging_mixin.py:137} INFO - [2023-03-28T02:38:48.849+0000] {dag.py:2693} INFO - Sync 1 DAGs
[2023-03-28T02:38:48.870+0000] {logging_mixin.py:137} INFO - [2023-03-28T02:38:48.870+0000] {dag.py:3444} INFO - Setting next_dagrun for example_task_group to 2023-03-27T02:38:48.870372+00:00, run_after=2023-03-28T02:38:48.870372+00:00
[2023-03-28T02:38:48.882+0000] {processor.py:175} INFO - Processing /home/airflow/.local/lib/python3.7/site-packages/airflow/example_dags/example_task_group.py took 0.079 seconds
[2023-03-28T02:39:19.229+0000] {processor.py:153} INFO - Started process (PID=1385) to work on /home/airflow/.local/lib/python3.7/site-packages/airflow/example_dags/example_task_group.py
[2023-03-28T02:39:19.230+0000] {processor.py:743} INFO - Processing file /home/airflow/.local/lib/python3.7/site-packages/airflow/example_dags/example_task_group.py for tasks to queue
[2023-03-28T02:39:19.231+0000] {logging_mixin.py:137} INFO - [2023-03-28T02:39:19.231+0000] {dagbag.py:532} INFO - Filling up the DagBag from /home/airflow/.local/lib/python3.7/site-packages/airflow/example_dags/example_task_group.py
[2023-03-28T02:39:19.243+0000] {processor.py:753} INFO - DAG(s) dict_keys(['example_task_group']) retrieved from /home/airflow/.local/lib/python3.7/site-packages/airflow/example_dags/example_task_group.py
[2023-03-28T02:39:19.261+0000] {logging_mixin.py:137} INFO - [2023-03-28T02:39:19.260+0000] {dag.py:2693} INFO - Sync 1 DAGs
[2023-03-28T02:39:19.276+0000] {logging_mixin.py:137} INFO - [2023-03-28T02:39:19.276+0000] {dag.py:3444} INFO - Setting next_dagrun for example_task_group to 2023-03-27T02:39:19.276323+00:00, run_after=2023-03-28T02:39:19.276323+00:00
[2023-03-28T02:39:19.287+0000] {processor.py:175} INFO - Processing /home/airflow/.local/lib/python3.7/site-packages/airflow/example_dags/example_task_group.py took 0.060 seconds
[2023-03-28T02:39:49.699+0000] {processor.py:153} INFO - Started process (PID=1434) to work on /home/airflow/.local/lib/python3.7/site-packages/airflow/example_dags/example_task_group.py
[2023-03-28T02:39:49.702+0000] {processor.py:743} INFO - Processing file /home/airflow/.local/lib/python3.7/site-packages/airflow/example_dags/example_task_group.py for tasks to queue
[2023-03-28T02:39:49.704+0000] {logging_mixin.py:137} INFO - [2023-03-28T02:39:49.704+0000] {dagbag.py:532} INFO - Filling up the DagBag from /home/airflow/.local/lib/python3.7/site-packages/airflow/example_dags/example_task_group.py
[2023-03-28T02:39:49.719+0000] {processor.py:753} INFO - DAG(s) dict_keys(['example_task_group']) retrieved from /home/airflow/.local/lib/python3.7/site-packages/airflow/example_dags/example_task_group.py
[2023-03-28T02:39:49.743+0000] {logging_mixin.py:137} INFO - [2023-03-28T02:39:49.743+0000] {dag.py:2693} INFO - Sync 1 DAGs
[2023-03-28T02:39:49.764+0000] {logging_mixin.py:137} INFO - [2023-03-28T02:39:49.764+0000] {dag.py:3444} INFO - Setting next_dagrun for example_task_group to 2023-03-27T02:39:49.764696+00:00, run_after=2023-03-28T02:39:49.764696+00:00
[2023-03-28T02:39:49.780+0000] {processor.py:175} INFO - Processing /home/airflow/.local/lib/python3.7/site-packages/airflow/example_dags/example_task_group.py took 0.085 seconds
[2023-03-28T02:40:20.321+0000] {processor.py:153} INFO - Started process (PID=1483) to work on /home/airflow/.local/lib/python3.7/site-packages/airflow/example_dags/example_task_group.py
[2023-03-28T02:40:20.322+0000] {processor.py:743} INFO - Processing file /home/airflow/.local/lib/python3.7/site-packages/airflow/example_dags/example_task_group.py for tasks to queue
[2023-03-28T02:40:20.323+0000] {logging_mixin.py:137} INFO - [2023-03-28T02:40:20.323+0000] {dagbag.py:532} INFO - Filling up the DagBag from /home/airflow/.local/lib/python3.7/site-packages/airflow/example_dags/example_task_group.py
[2023-03-28T02:40:20.333+0000] {processor.py:753} INFO - DAG(s) dict_keys(['example_task_group']) retrieved from /home/airflow/.local/lib/python3.7/site-packages/airflow/example_dags/example_task_group.py
[2023-03-28T02:40:20.351+0000] {logging_mixin.py:137} INFO - [2023-03-28T02:40:20.351+0000] {dag.py:2693} INFO - Sync 1 DAGs
[2023-03-28T02:40:20.368+0000] {logging_mixin.py:137} INFO - [2023-03-28T02:40:20.367+0000] {dag.py:3444} INFO - Setting next_dagrun for example_task_group to 2023-03-27T02:40:20.367739+00:00, run_after=2023-03-28T02:40:20.367739+00:00
[2023-03-28T02:40:20.381+0000] {processor.py:175} INFO - Processing /home/airflow/.local/lib/python3.7/site-packages/airflow/example_dags/example_task_group.py took 0.063 seconds
[2023-03-28T02:40:51.063+0000] {processor.py:153} INFO - Started process (PID=1532) to work on /home/airflow/.local/lib/python3.7/site-packages/airflow/example_dags/example_task_group.py
[2023-03-28T02:40:51.065+0000] {processor.py:743} INFO - Processing file /home/airflow/.local/lib/python3.7/site-packages/airflow/example_dags/example_task_group.py for tasks to queue
[2023-03-28T02:40:51.066+0000] {logging_mixin.py:137} INFO - [2023-03-28T02:40:51.065+0000] {dagbag.py:532} INFO - Filling up the DagBag from /home/airflow/.local/lib/python3.7/site-packages/airflow/example_dags/example_task_group.py
[2023-03-28T02:40:51.077+0000] {processor.py:753} INFO - DAG(s) dict_keys(['example_task_group']) retrieved from /home/airflow/.local/lib/python3.7/site-packages/airflow/example_dags/example_task_group.py
[2023-03-28T02:40:51.095+0000] {logging_mixin.py:137} INFO - [2023-03-28T02:40:51.095+0000] {dag.py:2693} INFO - Sync 1 DAGs
[2023-03-28T02:40:51.111+0000] {logging_mixin.py:137} INFO - [2023-03-28T02:40:51.111+0000] {dag.py:3444} INFO - Setting next_dagrun for example_task_group to 2023-03-27T02:40:51.111560+00:00, run_after=2023-03-28T02:40:51.111560+00:00
[2023-03-28T02:40:51.123+0000] {processor.py:175} INFO - Processing /home/airflow/.local/lib/python3.7/site-packages/airflow/example_dags/example_task_group.py took 0.062 seconds
