[2023-03-28T02:25:28.959+0000] {processor.py:153} INFO - Started process (PID=43) to work on /home/airflow/.local/lib/python3.7/site-packages/airflow/example_dags/example_external_task_marker_dag.py
[2023-03-28T02:25:28.965+0000] {processor.py:743} INFO - Processing file /home/airflow/.local/lib/python3.7/site-packages/airflow/example_dags/example_external_task_marker_dag.py for tasks to queue
[2023-03-28T02:25:28.968+0000] {logging_mixin.py:137} INFO - [2023-03-28T02:25:28.968+0000] {dagbag.py:532} INFO - Filling up the DagBag from /home/airflow/.local/lib/python3.7/site-packages/airflow/example_dags/example_external_task_marker_dag.py
[2023-03-28T02:25:29.084+0000] {processor.py:753} INFO - DAG(s) dict_keys(['example_external_task_marker_parent', 'example_external_task_marker_child']) retrieved from /home/airflow/.local/lib/python3.7/site-packages/airflow/example_dags/example_external_task_marker_dag.py
[2023-03-28T02:25:29.149+0000] {logging_mixin.py:137} INFO - [2023-03-28T02:25:29.149+0000] {dag.py:2693} INFO - Sync 2 DAGs
[2023-03-28T02:25:29.194+0000] {logging_mixin.py:137} INFO - [2023-03-28T02:25:29.194+0000] {dag.py:3444} INFO - Setting next_dagrun for example_external_task_marker_child to None, run_after=None
[2023-03-28T02:25:29.211+0000] {logging_mixin.py:137} INFO - [2023-03-28T02:25:29.210+0000] {dag.py:3444} INFO - Setting next_dagrun for example_external_task_marker_parent to None, run_after=None
[2023-03-28T02:25:29.264+0000] {processor.py:175} INFO - Processing /home/airflow/.local/lib/python3.7/site-packages/airflow/example_dags/example_external_task_marker_dag.py took 0.309 seconds
[2023-03-28T02:25:59.331+0000] {processor.py:153} INFO - Started process (PID=91) to work on /home/airflow/.local/lib/python3.7/site-packages/airflow/example_dags/example_external_task_marker_dag.py
[2023-03-28T02:25:59.332+0000] {processor.py:743} INFO - Processing file /home/airflow/.local/lib/python3.7/site-packages/airflow/example_dags/example_external_task_marker_dag.py for tasks to queue
[2023-03-28T02:25:59.333+0000] {logging_mixin.py:137} INFO - [2023-03-28T02:25:59.333+0000] {dagbag.py:532} INFO - Filling up the DagBag from /home/airflow/.local/lib/python3.7/site-packages/airflow/example_dags/example_external_task_marker_dag.py
[2023-03-28T02:25:59.342+0000] {processor.py:753} INFO - DAG(s) dict_keys(['example_external_task_marker_child', 'example_external_task_marker_parent']) retrieved from /home/airflow/.local/lib/python3.7/site-packages/airflow/example_dags/example_external_task_marker_dag.py
[2023-03-28T02:25:59.363+0000] {logging_mixin.py:137} INFO - [2023-03-28T02:25:59.363+0000] {dag.py:2693} INFO - Sync 2 DAGs
[2023-03-28T02:25:59.380+0000] {logging_mixin.py:137} INFO - [2023-03-28T02:25:59.379+0000] {dag.py:3444} INFO - Setting next_dagrun for example_external_task_marker_child to None, run_after=None
[2023-03-28T02:25:59.383+0000] {logging_mixin.py:137} INFO - [2023-03-28T02:25:59.382+0000] {dag.py:3444} INFO - Setting next_dagrun for example_external_task_marker_parent to None, run_after=None
[2023-03-28T02:25:59.395+0000] {processor.py:175} INFO - Processing /home/airflow/.local/lib/python3.7/site-packages/airflow/example_dags/example_external_task_marker_dag.py took 0.066 seconds
[2023-03-28T02:26:29.854+0000] {processor.py:153} INFO - Started process (PID=140) to work on /home/airflow/.local/lib/python3.7/site-packages/airflow/example_dags/example_external_task_marker_dag.py
[2023-03-28T02:26:29.855+0000] {processor.py:743} INFO - Processing file /home/airflow/.local/lib/python3.7/site-packages/airflow/example_dags/example_external_task_marker_dag.py for tasks to queue
[2023-03-28T02:26:29.856+0000] {logging_mixin.py:137} INFO - [2023-03-28T02:26:29.856+0000] {dagbag.py:532} INFO - Filling up the DagBag from /home/airflow/.local/lib/python3.7/site-packages/airflow/example_dags/example_external_task_marker_dag.py
[2023-03-28T02:26:29.866+0000] {processor.py:753} INFO - DAG(s) dict_keys(['example_external_task_marker_parent', 'example_external_task_marker_child']) retrieved from /home/airflow/.local/lib/python3.7/site-packages/airflow/example_dags/example_external_task_marker_dag.py
[2023-03-28T02:26:29.885+0000] {logging_mixin.py:137} INFO - [2023-03-28T02:26:29.885+0000] {dag.py:2693} INFO - Sync 2 DAGs
[2023-03-28T02:26:29.900+0000] {logging_mixin.py:137} INFO - [2023-03-28T02:26:29.900+0000] {dag.py:3444} INFO - Setting next_dagrun for example_external_task_marker_child to None, run_after=None
[2023-03-28T02:26:29.904+0000] {logging_mixin.py:137} INFO - [2023-03-28T02:26:29.904+0000] {dag.py:3444} INFO - Setting next_dagrun for example_external_task_marker_parent to None, run_after=None
[2023-03-28T02:26:29.916+0000] {processor.py:175} INFO - Processing /home/airflow/.local/lib/python3.7/site-packages/airflow/example_dags/example_external_task_marker_dag.py took 0.065 seconds
[2023-03-28T02:27:00.925+0000] {processor.py:153} INFO - Started process (PID=190) to work on /home/airflow/.local/lib/python3.7/site-packages/airflow/example_dags/example_external_task_marker_dag.py
[2023-03-28T02:27:00.927+0000] {processor.py:743} INFO - Processing file /home/airflow/.local/lib/python3.7/site-packages/airflow/example_dags/example_external_task_marker_dag.py for tasks to queue
[2023-03-28T02:27:00.928+0000] {logging_mixin.py:137} INFO - [2023-03-28T02:27:00.928+0000] {dagbag.py:532} INFO - Filling up the DagBag from /home/airflow/.local/lib/python3.7/site-packages/airflow/example_dags/example_external_task_marker_dag.py
[2023-03-28T02:27:00.939+0000] {processor.py:753} INFO - DAG(s) dict_keys(['example_external_task_marker_parent', 'example_external_task_marker_child']) retrieved from /home/airflow/.local/lib/python3.7/site-packages/airflow/example_dags/example_external_task_marker_dag.py
[2023-03-28T02:27:00.958+0000] {logging_mixin.py:137} INFO - [2023-03-28T02:27:00.958+0000] {dag.py:2693} INFO - Sync 2 DAGs
[2023-03-28T02:27:00.973+0000] {logging_mixin.py:137} INFO - [2023-03-28T02:27:00.973+0000] {dag.py:3444} INFO - Setting next_dagrun for example_external_task_marker_child to None, run_after=None
[2023-03-28T02:27:00.976+0000] {logging_mixin.py:137} INFO - [2023-03-28T02:27:00.976+0000] {dag.py:3444} INFO - Setting next_dagrun for example_external_task_marker_parent to None, run_after=None
[2023-03-28T02:27:00.988+0000] {processor.py:175} INFO - Processing /home/airflow/.local/lib/python3.7/site-packages/airflow/example_dags/example_external_task_marker_dag.py took 0.065 seconds
[2023-03-28T02:27:31.696+0000] {processor.py:153} INFO - Started process (PID=239) to work on /home/airflow/.local/lib/python3.7/site-packages/airflow/example_dags/example_external_task_marker_dag.py
[2023-03-28T02:27:31.698+0000] {processor.py:743} INFO - Processing file /home/airflow/.local/lib/python3.7/site-packages/airflow/example_dags/example_external_task_marker_dag.py for tasks to queue
[2023-03-28T02:27:31.698+0000] {logging_mixin.py:137} INFO - [2023-03-28T02:27:31.698+0000] {dagbag.py:532} INFO - Filling up the DagBag from /home/airflow/.local/lib/python3.7/site-packages/airflow/example_dags/example_external_task_marker_dag.py
[2023-03-28T02:27:31.708+0000] {processor.py:753} INFO - DAG(s) dict_keys(['example_external_task_marker_child', 'example_external_task_marker_parent']) retrieved from /home/airflow/.local/lib/python3.7/site-packages/airflow/example_dags/example_external_task_marker_dag.py
[2023-03-28T02:27:31.727+0000] {logging_mixin.py:137} INFO - [2023-03-28T02:27:31.727+0000] {dag.py:2693} INFO - Sync 2 DAGs
[2023-03-28T02:27:31.741+0000] {logging_mixin.py:137} INFO - [2023-03-28T02:27:31.741+0000] {dag.py:3444} INFO - Setting next_dagrun for example_external_task_marker_child to None, run_after=None
[2023-03-28T02:27:31.743+0000] {logging_mixin.py:137} INFO - [2023-03-28T02:27:31.743+0000] {dag.py:3444} INFO - Setting next_dagrun for example_external_task_marker_parent to None, run_after=None
[2023-03-28T02:27:31.753+0000] {processor.py:175} INFO - Processing /home/airflow/.local/lib/python3.7/site-packages/airflow/example_dags/example_external_task_marker_dag.py took 0.060 seconds
[2023-03-28T02:28:02.115+0000] {processor.py:153} INFO - Started process (PID=288) to work on /home/airflow/.local/lib/python3.7/site-packages/airflow/example_dags/example_external_task_marker_dag.py
[2023-03-28T02:28:02.120+0000] {processor.py:743} INFO - Processing file /home/airflow/.local/lib/python3.7/site-packages/airflow/example_dags/example_external_task_marker_dag.py for tasks to queue
[2023-03-28T02:28:02.121+0000] {logging_mixin.py:137} INFO - [2023-03-28T02:28:02.121+0000] {dagbag.py:532} INFO - Filling up the DagBag from /home/airflow/.local/lib/python3.7/site-packages/airflow/example_dags/example_external_task_marker_dag.py
[2023-03-28T02:28:02.130+0000] {processor.py:753} INFO - DAG(s) dict_keys(['example_external_task_marker_parent', 'example_external_task_marker_child']) retrieved from /home/airflow/.local/lib/python3.7/site-packages/airflow/example_dags/example_external_task_marker_dag.py
[2023-03-28T02:28:02.150+0000] {logging_mixin.py:137} INFO - [2023-03-28T02:28:02.150+0000] {dag.py:2693} INFO - Sync 2 DAGs
[2023-03-28T02:28:02.165+0000] {logging_mixin.py:137} INFO - [2023-03-28T02:28:02.165+0000] {dag.py:3444} INFO - Setting next_dagrun for example_external_task_marker_child to None, run_after=None
[2023-03-28T02:28:02.169+0000] {logging_mixin.py:137} INFO - [2023-03-28T02:28:02.168+0000] {dag.py:3444} INFO - Setting next_dagrun for example_external_task_marker_parent to None, run_after=None
[2023-03-28T02:28:02.212+0000] {processor.py:175} INFO - Processing /home/airflow/.local/lib/python3.7/site-packages/airflow/example_dags/example_external_task_marker_dag.py took 0.100 seconds
[2023-03-28T02:28:33.004+0000] {processor.py:153} INFO - Started process (PID=337) to work on /home/airflow/.local/lib/python3.7/site-packages/airflow/example_dags/example_external_task_marker_dag.py
[2023-03-28T02:28:33.006+0000] {processor.py:743} INFO - Processing file /home/airflow/.local/lib/python3.7/site-packages/airflow/example_dags/example_external_task_marker_dag.py for tasks to queue
[2023-03-28T02:28:33.007+0000] {logging_mixin.py:137} INFO - [2023-03-28T02:28:33.007+0000] {dagbag.py:532} INFO - Filling up the DagBag from /home/airflow/.local/lib/python3.7/site-packages/airflow/example_dags/example_external_task_marker_dag.py
[2023-03-28T02:28:33.016+0000] {processor.py:753} INFO - DAG(s) dict_keys(['example_external_task_marker_parent', 'example_external_task_marker_child']) retrieved from /home/airflow/.local/lib/python3.7/site-packages/airflow/example_dags/example_external_task_marker_dag.py
[2023-03-28T02:28:33.037+0000] {logging_mixin.py:137} INFO - [2023-03-28T02:28:33.037+0000] {dag.py:2693} INFO - Sync 2 DAGs
[2023-03-28T02:28:33.052+0000] {logging_mixin.py:137} INFO - [2023-03-28T02:28:33.052+0000] {dag.py:3444} INFO - Setting next_dagrun for example_external_task_marker_child to None, run_after=None
[2023-03-28T02:28:33.055+0000] {logging_mixin.py:137} INFO - [2023-03-28T02:28:33.055+0000] {dag.py:3444} INFO - Setting next_dagrun for example_external_task_marker_parent to None, run_after=None
[2023-03-28T02:28:33.065+0000] {processor.py:175} INFO - Processing /home/airflow/.local/lib/python3.7/site-packages/airflow/example_dags/example_external_task_marker_dag.py took 0.063 seconds
[2023-03-28T02:29:03.674+0000] {processor.py:153} INFO - Started process (PID=386) to work on /home/airflow/.local/lib/python3.7/site-packages/airflow/example_dags/example_external_task_marker_dag.py
[2023-03-28T02:29:03.675+0000] {processor.py:743} INFO - Processing file /home/airflow/.local/lib/python3.7/site-packages/airflow/example_dags/example_external_task_marker_dag.py for tasks to queue
[2023-03-28T02:29:03.677+0000] {logging_mixin.py:137} INFO - [2023-03-28T02:29:03.677+0000] {dagbag.py:532} INFO - Filling up the DagBag from /home/airflow/.local/lib/python3.7/site-packages/airflow/example_dags/example_external_task_marker_dag.py
[2023-03-28T02:29:03.688+0000] {processor.py:753} INFO - DAG(s) dict_keys(['example_external_task_marker_parent', 'example_external_task_marker_child']) retrieved from /home/airflow/.local/lib/python3.7/site-packages/airflow/example_dags/example_external_task_marker_dag.py
[2023-03-28T02:29:03.707+0000] {logging_mixin.py:137} INFO - [2023-03-28T02:29:03.707+0000] {dag.py:2693} INFO - Sync 2 DAGs
[2023-03-28T02:29:03.724+0000] {logging_mixin.py:137} INFO - [2023-03-28T02:29:03.724+0000] {dag.py:3444} INFO - Setting next_dagrun for example_external_task_marker_child to None, run_after=None
[2023-03-28T02:29:03.727+0000] {logging_mixin.py:137} INFO - [2023-03-28T02:29:03.727+0000] {dag.py:3444} INFO - Setting next_dagrun for example_external_task_marker_parent to None, run_after=None
[2023-03-28T02:29:03.739+0000] {processor.py:175} INFO - Processing /home/airflow/.local/lib/python3.7/site-packages/airflow/example_dags/example_external_task_marker_dag.py took 0.067 seconds
[2023-03-28T02:29:34.327+0000] {processor.py:153} INFO - Started process (PID=435) to work on /home/airflow/.local/lib/python3.7/site-packages/airflow/example_dags/example_external_task_marker_dag.py
[2023-03-28T02:29:34.330+0000] {processor.py:743} INFO - Processing file /home/airflow/.local/lib/python3.7/site-packages/airflow/example_dags/example_external_task_marker_dag.py for tasks to queue
[2023-03-28T02:29:34.331+0000] {logging_mixin.py:137} INFO - [2023-03-28T02:29:34.331+0000] {dagbag.py:532} INFO - Filling up the DagBag from /home/airflow/.local/lib/python3.7/site-packages/airflow/example_dags/example_external_task_marker_dag.py
[2023-03-28T02:29:34.344+0000] {processor.py:753} INFO - DAG(s) dict_keys(['example_external_task_marker_parent', 'example_external_task_marker_child']) retrieved from /home/airflow/.local/lib/python3.7/site-packages/airflow/example_dags/example_external_task_marker_dag.py
[2023-03-28T02:29:34.365+0000] {logging_mixin.py:137} INFO - [2023-03-28T02:29:34.365+0000] {dag.py:2693} INFO - Sync 2 DAGs
[2023-03-28T02:29:34.384+0000] {logging_mixin.py:137} INFO - [2023-03-28T02:29:34.384+0000] {dag.py:3444} INFO - Setting next_dagrun for example_external_task_marker_child to None, run_after=None
[2023-03-28T02:29:34.387+0000] {logging_mixin.py:137} INFO - [2023-03-28T02:29:34.387+0000] {dag.py:3444} INFO - Setting next_dagrun for example_external_task_marker_parent to None, run_after=None
[2023-03-28T02:29:34.401+0000] {processor.py:175} INFO - Processing /home/airflow/.local/lib/python3.7/site-packages/airflow/example_dags/example_external_task_marker_dag.py took 0.077 seconds
[2023-03-28T02:30:04.932+0000] {processor.py:153} INFO - Started process (PID=484) to work on /home/airflow/.local/lib/python3.7/site-packages/airflow/example_dags/example_external_task_marker_dag.py
[2023-03-28T02:30:04.935+0000] {processor.py:743} INFO - Processing file /home/airflow/.local/lib/python3.7/site-packages/airflow/example_dags/example_external_task_marker_dag.py for tasks to queue
[2023-03-28T02:30:04.938+0000] {logging_mixin.py:137} INFO - [2023-03-28T02:30:04.938+0000] {dagbag.py:532} INFO - Filling up the DagBag from /home/airflow/.local/lib/python3.7/site-packages/airflow/example_dags/example_external_task_marker_dag.py
[2023-03-28T02:30:04.949+0000] {processor.py:753} INFO - DAG(s) dict_keys(['example_external_task_marker_parent', 'example_external_task_marker_child']) retrieved from /home/airflow/.local/lib/python3.7/site-packages/airflow/example_dags/example_external_task_marker_dag.py
[2023-03-28T02:30:04.972+0000] {logging_mixin.py:137} INFO - [2023-03-28T02:30:04.972+0000] {dag.py:2693} INFO - Sync 2 DAGs
[2023-03-28T02:30:04.991+0000] {logging_mixin.py:137} INFO - [2023-03-28T02:30:04.991+0000] {dag.py:3444} INFO - Setting next_dagrun for example_external_task_marker_child to None, run_after=None
[2023-03-28T02:30:04.995+0000] {logging_mixin.py:137} INFO - [2023-03-28T02:30:04.995+0000] {dag.py:3444} INFO - Setting next_dagrun for example_external_task_marker_parent to None, run_after=None
[2023-03-28T02:30:05.007+0000] {processor.py:175} INFO - Processing /home/airflow/.local/lib/python3.7/site-packages/airflow/example_dags/example_external_task_marker_dag.py took 0.077 seconds
[2023-03-28T02:30:35.802+0000] {processor.py:153} INFO - Started process (PID=533) to work on /home/airflow/.local/lib/python3.7/site-packages/airflow/example_dags/example_external_task_marker_dag.py
[2023-03-28T02:30:35.806+0000] {processor.py:743} INFO - Processing file /home/airflow/.local/lib/python3.7/site-packages/airflow/example_dags/example_external_task_marker_dag.py for tasks to queue
[2023-03-28T02:30:35.808+0000] {logging_mixin.py:137} INFO - [2023-03-28T02:30:35.808+0000] {dagbag.py:532} INFO - Filling up the DagBag from /home/airflow/.local/lib/python3.7/site-packages/airflow/example_dags/example_external_task_marker_dag.py
[2023-03-28T02:30:35.816+0000] {processor.py:753} INFO - DAG(s) dict_keys(['example_external_task_marker_parent', 'example_external_task_marker_child']) retrieved from /home/airflow/.local/lib/python3.7/site-packages/airflow/example_dags/example_external_task_marker_dag.py
[2023-03-28T02:30:35.840+0000] {logging_mixin.py:137} INFO - [2023-03-28T02:30:35.839+0000] {dag.py:2693} INFO - Sync 2 DAGs
[2023-03-28T02:30:35.856+0000] {logging_mixin.py:137} INFO - [2023-03-28T02:30:35.856+0000] {dag.py:3444} INFO - Setting next_dagrun for example_external_task_marker_child to None, run_after=None
[2023-03-28T02:30:35.863+0000] {logging_mixin.py:137} INFO - [2023-03-28T02:30:35.863+0000] {dag.py:3444} INFO - Setting next_dagrun for example_external_task_marker_parent to None, run_after=None
[2023-03-28T02:30:35.875+0000] {processor.py:175} INFO - Processing /home/airflow/.local/lib/python3.7/site-packages/airflow/example_dags/example_external_task_marker_dag.py took 0.075 seconds
[2023-03-28T02:31:06.437+0000] {processor.py:153} INFO - Started process (PID=582) to work on /home/airflow/.local/lib/python3.7/site-packages/airflow/example_dags/example_external_task_marker_dag.py
[2023-03-28T02:31:06.438+0000] {processor.py:743} INFO - Processing file /home/airflow/.local/lib/python3.7/site-packages/airflow/example_dags/example_external_task_marker_dag.py for tasks to queue
[2023-03-28T02:31:06.439+0000] {logging_mixin.py:137} INFO - [2023-03-28T02:31:06.439+0000] {dagbag.py:532} INFO - Filling up the DagBag from /home/airflow/.local/lib/python3.7/site-packages/airflow/example_dags/example_external_task_marker_dag.py
[2023-03-28T02:31:06.452+0000] {processor.py:753} INFO - DAG(s) dict_keys(['example_external_task_marker_child', 'example_external_task_marker_parent']) retrieved from /home/airflow/.local/lib/python3.7/site-packages/airflow/example_dags/example_external_task_marker_dag.py
[2023-03-28T02:31:06.479+0000] {logging_mixin.py:137} INFO - [2023-03-28T02:31:06.479+0000] {dag.py:2693} INFO - Sync 2 DAGs
[2023-03-28T02:31:06.496+0000] {logging_mixin.py:137} INFO - [2023-03-28T02:31:06.496+0000] {dag.py:3444} INFO - Setting next_dagrun for example_external_task_marker_child to None, run_after=None
[2023-03-28T02:31:06.500+0000] {logging_mixin.py:137} INFO - [2023-03-28T02:31:06.500+0000] {dag.py:3444} INFO - Setting next_dagrun for example_external_task_marker_parent to None, run_after=None
[2023-03-28T02:31:06.512+0000] {processor.py:175} INFO - Processing /home/airflow/.local/lib/python3.7/site-packages/airflow/example_dags/example_external_task_marker_dag.py took 0.078 seconds
[2023-03-28T02:31:37.093+0000] {processor.py:153} INFO - Started process (PID=632) to work on /home/airflow/.local/lib/python3.7/site-packages/airflow/example_dags/example_external_task_marker_dag.py
[2023-03-28T02:31:37.095+0000] {processor.py:743} INFO - Processing file /home/airflow/.local/lib/python3.7/site-packages/airflow/example_dags/example_external_task_marker_dag.py for tasks to queue
[2023-03-28T02:31:37.096+0000] {logging_mixin.py:137} INFO - [2023-03-28T02:31:37.096+0000] {dagbag.py:532} INFO - Filling up the DagBag from /home/airflow/.local/lib/python3.7/site-packages/airflow/example_dags/example_external_task_marker_dag.py
[2023-03-28T02:31:37.105+0000] {processor.py:753} INFO - DAG(s) dict_keys(['example_external_task_marker_parent', 'example_external_task_marker_child']) retrieved from /home/airflow/.local/lib/python3.7/site-packages/airflow/example_dags/example_external_task_marker_dag.py
[2023-03-28T02:31:37.125+0000] {logging_mixin.py:137} INFO - [2023-03-28T02:31:37.125+0000] {dag.py:2693} INFO - Sync 2 DAGs
[2023-03-28T02:31:37.141+0000] {logging_mixin.py:137} INFO - [2023-03-28T02:31:37.141+0000] {dag.py:3444} INFO - Setting next_dagrun for example_external_task_marker_child to None, run_after=None
[2023-03-28T02:31:37.145+0000] {logging_mixin.py:137} INFO - [2023-03-28T02:31:37.145+0000] {dag.py:3444} INFO - Setting next_dagrun for example_external_task_marker_parent to None, run_after=None
[2023-03-28T02:31:37.156+0000] {processor.py:175} INFO - Processing /home/airflow/.local/lib/python3.7/site-packages/airflow/example_dags/example_external_task_marker_dag.py took 0.065 seconds
[2023-03-28T02:32:08.034+0000] {processor.py:153} INFO - Started process (PID=681) to work on /home/airflow/.local/lib/python3.7/site-packages/airflow/example_dags/example_external_task_marker_dag.py
[2023-03-28T02:32:08.035+0000] {processor.py:743} INFO - Processing file /home/airflow/.local/lib/python3.7/site-packages/airflow/example_dags/example_external_task_marker_dag.py for tasks to queue
[2023-03-28T02:32:08.036+0000] {logging_mixin.py:137} INFO - [2023-03-28T02:32:08.036+0000] {dagbag.py:532} INFO - Filling up the DagBag from /home/airflow/.local/lib/python3.7/site-packages/airflow/example_dags/example_external_task_marker_dag.py
[2023-03-28T02:32:08.047+0000] {processor.py:753} INFO - DAG(s) dict_keys(['example_external_task_marker_child', 'example_external_task_marker_parent']) retrieved from /home/airflow/.local/lib/python3.7/site-packages/airflow/example_dags/example_external_task_marker_dag.py
[2023-03-28T02:32:08.066+0000] {logging_mixin.py:137} INFO - [2023-03-28T02:32:08.066+0000] {dag.py:2693} INFO - Sync 2 DAGs
[2023-03-28T02:32:08.082+0000] {logging_mixin.py:137} INFO - [2023-03-28T02:32:08.082+0000] {dag.py:3444} INFO - Setting next_dagrun for example_external_task_marker_child to None, run_after=None
[2023-03-28T02:32:08.087+0000] {logging_mixin.py:137} INFO - [2023-03-28T02:32:08.087+0000] {dag.py:3444} INFO - Setting next_dagrun for example_external_task_marker_parent to None, run_after=None
[2023-03-28T02:32:08.097+0000] {processor.py:175} INFO - Processing /home/airflow/.local/lib/python3.7/site-packages/airflow/example_dags/example_external_task_marker_dag.py took 0.066 seconds
[2023-03-28T02:32:38.700+0000] {processor.py:153} INFO - Started process (PID=730) to work on /home/airflow/.local/lib/python3.7/site-packages/airflow/example_dags/example_external_task_marker_dag.py
[2023-03-28T02:32:38.701+0000] {processor.py:743} INFO - Processing file /home/airflow/.local/lib/python3.7/site-packages/airflow/example_dags/example_external_task_marker_dag.py for tasks to queue
[2023-03-28T02:32:38.703+0000] {logging_mixin.py:137} INFO - [2023-03-28T02:32:38.703+0000] {dagbag.py:532} INFO - Filling up the DagBag from /home/airflow/.local/lib/python3.7/site-packages/airflow/example_dags/example_external_task_marker_dag.py
[2023-03-28T02:32:38.712+0000] {processor.py:753} INFO - DAG(s) dict_keys(['example_external_task_marker_child', 'example_external_task_marker_parent']) retrieved from /home/airflow/.local/lib/python3.7/site-packages/airflow/example_dags/example_external_task_marker_dag.py
[2023-03-28T02:32:38.729+0000] {logging_mixin.py:137} INFO - [2023-03-28T02:32:38.729+0000] {dag.py:2693} INFO - Sync 2 DAGs
[2023-03-28T02:32:38.744+0000] {logging_mixin.py:137} INFO - [2023-03-28T02:32:38.744+0000] {dag.py:3444} INFO - Setting next_dagrun for example_external_task_marker_child to None, run_after=None
[2023-03-28T02:32:38.747+0000] {logging_mixin.py:137} INFO - [2023-03-28T02:32:38.747+0000] {dag.py:3444} INFO - Setting next_dagrun for example_external_task_marker_parent to None, run_after=None
[2023-03-28T02:32:38.756+0000] {processor.py:175} INFO - Processing /home/airflow/.local/lib/python3.7/site-packages/airflow/example_dags/example_external_task_marker_dag.py took 0.058 seconds
[2023-03-28T02:33:09.423+0000] {processor.py:153} INFO - Started process (PID=779) to work on /home/airflow/.local/lib/python3.7/site-packages/airflow/example_dags/example_external_task_marker_dag.py
[2023-03-28T02:33:09.425+0000] {processor.py:743} INFO - Processing file /home/airflow/.local/lib/python3.7/site-packages/airflow/example_dags/example_external_task_marker_dag.py for tasks to queue
[2023-03-28T02:33:09.426+0000] {logging_mixin.py:137} INFO - [2023-03-28T02:33:09.426+0000] {dagbag.py:532} INFO - Filling up the DagBag from /home/airflow/.local/lib/python3.7/site-packages/airflow/example_dags/example_external_task_marker_dag.py
[2023-03-28T02:33:09.434+0000] {processor.py:753} INFO - DAG(s) dict_keys(['example_external_task_marker_parent', 'example_external_task_marker_child']) retrieved from /home/airflow/.local/lib/python3.7/site-packages/airflow/example_dags/example_external_task_marker_dag.py
[2023-03-28T02:33:09.452+0000] {logging_mixin.py:137} INFO - [2023-03-28T02:33:09.452+0000] {dag.py:2693} INFO - Sync 2 DAGs
[2023-03-28T02:33:09.468+0000] {logging_mixin.py:137} INFO - [2023-03-28T02:33:09.468+0000] {dag.py:3444} INFO - Setting next_dagrun for example_external_task_marker_child to None, run_after=None
[2023-03-28T02:33:09.471+0000] {logging_mixin.py:137} INFO - [2023-03-28T02:33:09.471+0000] {dag.py:3444} INFO - Setting next_dagrun for example_external_task_marker_parent to None, run_after=None
[2023-03-28T02:33:09.481+0000] {processor.py:175} INFO - Processing /home/airflow/.local/lib/python3.7/site-packages/airflow/example_dags/example_external_task_marker_dag.py took 0.060 seconds
[2023-03-28T02:33:40.350+0000] {processor.py:153} INFO - Started process (PID=828) to work on /home/airflow/.local/lib/python3.7/site-packages/airflow/example_dags/example_external_task_marker_dag.py
[2023-03-28T02:33:40.352+0000] {processor.py:743} INFO - Processing file /home/airflow/.local/lib/python3.7/site-packages/airflow/example_dags/example_external_task_marker_dag.py for tasks to queue
[2023-03-28T02:33:40.353+0000] {logging_mixin.py:137} INFO - [2023-03-28T02:33:40.353+0000] {dagbag.py:532} INFO - Filling up the DagBag from /home/airflow/.local/lib/python3.7/site-packages/airflow/example_dags/example_external_task_marker_dag.py
[2023-03-28T02:33:40.362+0000] {processor.py:753} INFO - DAG(s) dict_keys(['example_external_task_marker_parent', 'example_external_task_marker_child']) retrieved from /home/airflow/.local/lib/python3.7/site-packages/airflow/example_dags/example_external_task_marker_dag.py
[2023-03-28T02:33:40.381+0000] {logging_mixin.py:137} INFO - [2023-03-28T02:33:40.381+0000] {dag.py:2693} INFO - Sync 2 DAGs
[2023-03-28T02:33:40.396+0000] {logging_mixin.py:137} INFO - [2023-03-28T02:33:40.396+0000] {dag.py:3444} INFO - Setting next_dagrun for example_external_task_marker_child to None, run_after=None
[2023-03-28T02:33:40.399+0000] {logging_mixin.py:137} INFO - [2023-03-28T02:33:40.399+0000] {dag.py:3444} INFO - Setting next_dagrun for example_external_task_marker_parent to None, run_after=None
[2023-03-28T02:33:40.409+0000] {processor.py:175} INFO - Processing /home/airflow/.local/lib/python3.7/site-packages/airflow/example_dags/example_external_task_marker_dag.py took 0.060 seconds
[2023-03-28T02:34:10.766+0000] {processor.py:153} INFO - Started process (PID=877) to work on /home/airflow/.local/lib/python3.7/site-packages/airflow/example_dags/example_external_task_marker_dag.py
[2023-03-28T02:34:10.768+0000] {processor.py:743} INFO - Processing file /home/airflow/.local/lib/python3.7/site-packages/airflow/example_dags/example_external_task_marker_dag.py for tasks to queue
[2023-03-28T02:34:10.769+0000] {logging_mixin.py:137} INFO - [2023-03-28T02:34:10.769+0000] {dagbag.py:532} INFO - Filling up the DagBag from /home/airflow/.local/lib/python3.7/site-packages/airflow/example_dags/example_external_task_marker_dag.py
[2023-03-28T02:34:10.779+0000] {processor.py:753} INFO - DAG(s) dict_keys(['example_external_task_marker_parent', 'example_external_task_marker_child']) retrieved from /home/airflow/.local/lib/python3.7/site-packages/airflow/example_dags/example_external_task_marker_dag.py
[2023-03-28T02:34:10.798+0000] {logging_mixin.py:137} INFO - [2023-03-28T02:34:10.798+0000] {dag.py:2693} INFO - Sync 2 DAGs
[2023-03-28T02:34:10.813+0000] {logging_mixin.py:137} INFO - [2023-03-28T02:34:10.813+0000] {dag.py:3444} INFO - Setting next_dagrun for example_external_task_marker_child to None, run_after=None
[2023-03-28T02:34:10.816+0000] {logging_mixin.py:137} INFO - [2023-03-28T02:34:10.816+0000] {dag.py:3444} INFO - Setting next_dagrun for example_external_task_marker_parent to None, run_after=None
[2023-03-28T02:34:10.825+0000] {processor.py:175} INFO - Processing /home/airflow/.local/lib/python3.7/site-packages/airflow/example_dags/example_external_task_marker_dag.py took 0.061 seconds
[2023-03-28T02:34:41.184+0000] {processor.py:153} INFO - Started process (PID=926) to work on /home/airflow/.local/lib/python3.7/site-packages/airflow/example_dags/example_external_task_marker_dag.py
[2023-03-28T02:34:41.185+0000] {processor.py:743} INFO - Processing file /home/airflow/.local/lib/python3.7/site-packages/airflow/example_dags/example_external_task_marker_dag.py for tasks to queue
[2023-03-28T02:34:41.186+0000] {logging_mixin.py:137} INFO - [2023-03-28T02:34:41.186+0000] {dagbag.py:532} INFO - Filling up the DagBag from /home/airflow/.local/lib/python3.7/site-packages/airflow/example_dags/example_external_task_marker_dag.py
[2023-03-28T02:34:41.195+0000] {processor.py:753} INFO - DAG(s) dict_keys(['example_external_task_marker_parent', 'example_external_task_marker_child']) retrieved from /home/airflow/.local/lib/python3.7/site-packages/airflow/example_dags/example_external_task_marker_dag.py
[2023-03-28T02:34:41.214+0000] {logging_mixin.py:137} INFO - [2023-03-28T02:34:41.214+0000] {dag.py:2693} INFO - Sync 2 DAGs
[2023-03-28T02:34:41.231+0000] {logging_mixin.py:137} INFO - [2023-03-28T02:34:41.230+0000] {dag.py:3444} INFO - Setting next_dagrun for example_external_task_marker_child to None, run_after=None
[2023-03-28T02:34:41.233+0000] {logging_mixin.py:137} INFO - [2023-03-28T02:34:41.233+0000] {dag.py:3444} INFO - Setting next_dagrun for example_external_task_marker_parent to None, run_after=None
[2023-03-28T02:34:41.244+0000] {processor.py:175} INFO - Processing /home/airflow/.local/lib/python3.7/site-packages/airflow/example_dags/example_external_task_marker_dag.py took 0.063 seconds
[2023-03-28T02:35:11.859+0000] {processor.py:153} INFO - Started process (PID=975) to work on /home/airflow/.local/lib/python3.7/site-packages/airflow/example_dags/example_external_task_marker_dag.py
[2023-03-28T02:35:11.860+0000] {processor.py:743} INFO - Processing file /home/airflow/.local/lib/python3.7/site-packages/airflow/example_dags/example_external_task_marker_dag.py for tasks to queue
[2023-03-28T02:35:11.861+0000] {logging_mixin.py:137} INFO - [2023-03-28T02:35:11.861+0000] {dagbag.py:532} INFO - Filling up the DagBag from /home/airflow/.local/lib/python3.7/site-packages/airflow/example_dags/example_external_task_marker_dag.py
[2023-03-28T02:35:11.870+0000] {processor.py:753} INFO - DAG(s) dict_keys(['example_external_task_marker_parent', 'example_external_task_marker_child']) retrieved from /home/airflow/.local/lib/python3.7/site-packages/airflow/example_dags/example_external_task_marker_dag.py
[2023-03-28T02:35:11.890+0000] {logging_mixin.py:137} INFO - [2023-03-28T02:35:11.890+0000] {dag.py:2693} INFO - Sync 2 DAGs
[2023-03-28T02:35:11.907+0000] {logging_mixin.py:137} INFO - [2023-03-28T02:35:11.907+0000] {dag.py:3444} INFO - Setting next_dagrun for example_external_task_marker_child to None, run_after=None
[2023-03-28T02:35:11.910+0000] {logging_mixin.py:137} INFO - [2023-03-28T02:35:11.910+0000] {dag.py:3444} INFO - Setting next_dagrun for example_external_task_marker_parent to None, run_after=None
[2023-03-28T02:35:11.922+0000] {processor.py:175} INFO - Processing /home/airflow/.local/lib/python3.7/site-packages/airflow/example_dags/example_external_task_marker_dag.py took 0.066 seconds
[2023-03-28T02:35:42.325+0000] {processor.py:153} INFO - Started process (PID=1026) to work on /home/airflow/.local/lib/python3.7/site-packages/airflow/example_dags/example_external_task_marker_dag.py
[2023-03-28T02:35:42.329+0000] {processor.py:743} INFO - Processing file /home/airflow/.local/lib/python3.7/site-packages/airflow/example_dags/example_external_task_marker_dag.py for tasks to queue
[2023-03-28T02:35:42.331+0000] {logging_mixin.py:137} INFO - [2023-03-28T02:35:42.331+0000] {dagbag.py:532} INFO - Filling up the DagBag from /home/airflow/.local/lib/python3.7/site-packages/airflow/example_dags/example_external_task_marker_dag.py
[2023-03-28T02:35:42.342+0000] {processor.py:753} INFO - DAG(s) dict_keys(['example_external_task_marker_parent', 'example_external_task_marker_child']) retrieved from /home/airflow/.local/lib/python3.7/site-packages/airflow/example_dags/example_external_task_marker_dag.py
[2023-03-28T02:35:42.363+0000] {logging_mixin.py:137} INFO - [2023-03-28T02:35:42.362+0000] {dag.py:2693} INFO - Sync 2 DAGs
[2023-03-28T02:35:42.378+0000] {logging_mixin.py:137} INFO - [2023-03-28T02:35:42.377+0000] {dag.py:3444} INFO - Setting next_dagrun for example_external_task_marker_child to None, run_after=None
[2023-03-28T02:35:42.380+0000] {logging_mixin.py:137} INFO - [2023-03-28T02:35:42.380+0000] {dag.py:3444} INFO - Setting next_dagrun for example_external_task_marker_parent to None, run_after=None
[2023-03-28T02:35:42.390+0000] {processor.py:175} INFO - Processing /home/airflow/.local/lib/python3.7/site-packages/airflow/example_dags/example_external_task_marker_dag.py took 0.067 seconds
[2023-03-28T02:36:12.653+0000] {processor.py:153} INFO - Started process (PID=1076) to work on /home/airflow/.local/lib/python3.7/site-packages/airflow/example_dags/example_external_task_marker_dag.py
[2023-03-28T02:36:12.654+0000] {processor.py:743} INFO - Processing file /home/airflow/.local/lib/python3.7/site-packages/airflow/example_dags/example_external_task_marker_dag.py for tasks to queue
[2023-03-28T02:36:12.655+0000] {logging_mixin.py:137} INFO - [2023-03-28T02:36:12.655+0000] {dagbag.py:532} INFO - Filling up the DagBag from /home/airflow/.local/lib/python3.7/site-packages/airflow/example_dags/example_external_task_marker_dag.py
[2023-03-28T02:36:12.665+0000] {processor.py:753} INFO - DAG(s) dict_keys(['example_external_task_marker_parent', 'example_external_task_marker_child']) retrieved from /home/airflow/.local/lib/python3.7/site-packages/airflow/example_dags/example_external_task_marker_dag.py
[2023-03-28T02:36:12.683+0000] {logging_mixin.py:137} INFO - [2023-03-28T02:36:12.683+0000] {dag.py:2693} INFO - Sync 2 DAGs
[2023-03-28T02:36:12.697+0000] {logging_mixin.py:137} INFO - [2023-03-28T02:36:12.697+0000] {dag.py:3444} INFO - Setting next_dagrun for example_external_task_marker_child to None, run_after=None
[2023-03-28T02:36:12.700+0000] {logging_mixin.py:137} INFO - [2023-03-28T02:36:12.700+0000] {dag.py:3444} INFO - Setting next_dagrun for example_external_task_marker_parent to None, run_after=None
[2023-03-28T02:36:12.710+0000] {processor.py:175} INFO - Processing /home/airflow/.local/lib/python3.7/site-packages/airflow/example_dags/example_external_task_marker_dag.py took 0.060 seconds
[2023-03-28T02:36:43.089+0000] {processor.py:153} INFO - Started process (PID=1125) to work on /home/airflow/.local/lib/python3.7/site-packages/airflow/example_dags/example_external_task_marker_dag.py
[2023-03-28T02:36:43.091+0000] {processor.py:743} INFO - Processing file /home/airflow/.local/lib/python3.7/site-packages/airflow/example_dags/example_external_task_marker_dag.py for tasks to queue
[2023-03-28T02:36:43.093+0000] {logging_mixin.py:137} INFO - [2023-03-28T02:36:43.093+0000] {dagbag.py:532} INFO - Filling up the DagBag from /home/airflow/.local/lib/python3.7/site-packages/airflow/example_dags/example_external_task_marker_dag.py
[2023-03-28T02:36:43.103+0000] {processor.py:753} INFO - DAG(s) dict_keys(['example_external_task_marker_child', 'example_external_task_marker_parent']) retrieved from /home/airflow/.local/lib/python3.7/site-packages/airflow/example_dags/example_external_task_marker_dag.py
[2023-03-28T02:36:43.122+0000] {logging_mixin.py:137} INFO - [2023-03-28T02:36:43.122+0000] {dag.py:2693} INFO - Sync 2 DAGs
[2023-03-28T02:36:43.141+0000] {logging_mixin.py:137} INFO - [2023-03-28T02:36:43.141+0000] {dag.py:3444} INFO - Setting next_dagrun for example_external_task_marker_child to None, run_after=None
[2023-03-28T02:36:43.144+0000] {logging_mixin.py:137} INFO - [2023-03-28T02:36:43.144+0000] {dag.py:3444} INFO - Setting next_dagrun for example_external_task_marker_parent to None, run_after=None
[2023-03-28T02:36:43.155+0000] {processor.py:175} INFO - Processing /home/airflow/.local/lib/python3.7/site-packages/airflow/example_dags/example_external_task_marker_dag.py took 0.068 seconds
[2023-03-28T02:37:13.589+0000] {processor.py:153} INFO - Started process (PID=1175) to work on /home/airflow/.local/lib/python3.7/site-packages/airflow/example_dags/example_external_task_marker_dag.py
[2023-03-28T02:37:13.591+0000] {processor.py:743} INFO - Processing file /home/airflow/.local/lib/python3.7/site-packages/airflow/example_dags/example_external_task_marker_dag.py for tasks to queue
[2023-03-28T02:37:13.592+0000] {logging_mixin.py:137} INFO - [2023-03-28T02:37:13.592+0000] {dagbag.py:532} INFO - Filling up the DagBag from /home/airflow/.local/lib/python3.7/site-packages/airflow/example_dags/example_external_task_marker_dag.py
[2023-03-28T02:37:13.603+0000] {processor.py:753} INFO - DAG(s) dict_keys(['example_external_task_marker_child', 'example_external_task_marker_parent']) retrieved from /home/airflow/.local/lib/python3.7/site-packages/airflow/example_dags/example_external_task_marker_dag.py
[2023-03-28T02:37:13.625+0000] {logging_mixin.py:137} INFO - [2023-03-28T02:37:13.625+0000] {dag.py:2693} INFO - Sync 2 DAGs
[2023-03-28T02:37:13.641+0000] {logging_mixin.py:137} INFO - [2023-03-28T02:37:13.640+0000] {dag.py:3444} INFO - Setting next_dagrun for example_external_task_marker_child to None, run_after=None
[2023-03-28T02:37:13.643+0000] {logging_mixin.py:137} INFO - [2023-03-28T02:37:13.643+0000] {dag.py:3444} INFO - Setting next_dagrun for example_external_task_marker_parent to None, run_after=None
[2023-03-28T02:37:13.654+0000] {processor.py:175} INFO - Processing /home/airflow/.local/lib/python3.7/site-packages/airflow/example_dags/example_external_task_marker_dag.py took 0.067 seconds
[2023-03-28T02:37:44.093+0000] {processor.py:153} INFO - Started process (PID=1224) to work on /home/airflow/.local/lib/python3.7/site-packages/airflow/example_dags/example_external_task_marker_dag.py
[2023-03-28T02:37:44.094+0000] {processor.py:743} INFO - Processing file /home/airflow/.local/lib/python3.7/site-packages/airflow/example_dags/example_external_task_marker_dag.py for tasks to queue
[2023-03-28T02:37:44.095+0000] {logging_mixin.py:137} INFO - [2023-03-28T02:37:44.095+0000] {dagbag.py:532} INFO - Filling up the DagBag from /home/airflow/.local/lib/python3.7/site-packages/airflow/example_dags/example_external_task_marker_dag.py
[2023-03-28T02:37:44.105+0000] {processor.py:753} INFO - DAG(s) dict_keys(['example_external_task_marker_parent', 'example_external_task_marker_child']) retrieved from /home/airflow/.local/lib/python3.7/site-packages/airflow/example_dags/example_external_task_marker_dag.py
[2023-03-28T02:37:44.123+0000] {logging_mixin.py:137} INFO - [2023-03-28T02:37:44.123+0000] {dag.py:2693} INFO - Sync 2 DAGs
[2023-03-28T02:37:44.138+0000] {logging_mixin.py:137} INFO - [2023-03-28T02:37:44.138+0000] {dag.py:3444} INFO - Setting next_dagrun for example_external_task_marker_child to None, run_after=None
[2023-03-28T02:37:44.141+0000] {logging_mixin.py:137} INFO - [2023-03-28T02:37:44.140+0000] {dag.py:3444} INFO - Setting next_dagrun for example_external_task_marker_parent to None, run_after=None
[2023-03-28T02:37:44.149+0000] {processor.py:175} INFO - Processing /home/airflow/.local/lib/python3.7/site-packages/airflow/example_dags/example_external_task_marker_dag.py took 0.059 seconds
[2023-03-28T02:38:14.727+0000] {processor.py:153} INFO - Started process (PID=1273) to work on /home/airflow/.local/lib/python3.7/site-packages/airflow/example_dags/example_external_task_marker_dag.py
[2023-03-28T02:38:14.729+0000] {processor.py:743} INFO - Processing file /home/airflow/.local/lib/python3.7/site-packages/airflow/example_dags/example_external_task_marker_dag.py for tasks to queue
[2023-03-28T02:38:14.730+0000] {logging_mixin.py:137} INFO - [2023-03-28T02:38:14.730+0000] {dagbag.py:532} INFO - Filling up the DagBag from /home/airflow/.local/lib/python3.7/site-packages/airflow/example_dags/example_external_task_marker_dag.py
[2023-03-28T02:38:14.739+0000] {processor.py:753} INFO - DAG(s) dict_keys(['example_external_task_marker_child', 'example_external_task_marker_parent']) retrieved from /home/airflow/.local/lib/python3.7/site-packages/airflow/example_dags/example_external_task_marker_dag.py
[2023-03-28T02:38:14.759+0000] {logging_mixin.py:137} INFO - [2023-03-28T02:38:14.758+0000] {dag.py:2693} INFO - Sync 2 DAGs
[2023-03-28T02:38:14.775+0000] {logging_mixin.py:137} INFO - [2023-03-28T02:38:14.775+0000] {dag.py:3444} INFO - Setting next_dagrun for example_external_task_marker_child to None, run_after=None
[2023-03-28T02:38:14.779+0000] {logging_mixin.py:137} INFO - [2023-03-28T02:38:14.779+0000] {dag.py:3444} INFO - Setting next_dagrun for example_external_task_marker_parent to None, run_after=None
[2023-03-28T02:38:14.791+0000] {processor.py:175} INFO - Processing /home/airflow/.local/lib/python3.7/site-packages/airflow/example_dags/example_external_task_marker_dag.py took 0.067 seconds
[2023-03-28T02:38:45.124+0000] {processor.py:153} INFO - Started process (PID=1323) to work on /home/airflow/.local/lib/python3.7/site-packages/airflow/example_dags/example_external_task_marker_dag.py
[2023-03-28T02:38:45.125+0000] {processor.py:743} INFO - Processing file /home/airflow/.local/lib/python3.7/site-packages/airflow/example_dags/example_external_task_marker_dag.py for tasks to queue
[2023-03-28T02:38:45.126+0000] {logging_mixin.py:137} INFO - [2023-03-28T02:38:45.126+0000] {dagbag.py:532} INFO - Filling up the DagBag from /home/airflow/.local/lib/python3.7/site-packages/airflow/example_dags/example_external_task_marker_dag.py
[2023-03-28T02:38:45.135+0000] {processor.py:753} INFO - DAG(s) dict_keys(['example_external_task_marker_parent', 'example_external_task_marker_child']) retrieved from /home/airflow/.local/lib/python3.7/site-packages/airflow/example_dags/example_external_task_marker_dag.py
[2023-03-28T02:38:45.155+0000] {logging_mixin.py:137} INFO - [2023-03-28T02:38:45.155+0000] {dag.py:2693} INFO - Sync 2 DAGs
[2023-03-28T02:38:45.170+0000] {logging_mixin.py:137} INFO - [2023-03-28T02:38:45.170+0000] {dag.py:3444} INFO - Setting next_dagrun for example_external_task_marker_child to None, run_after=None
[2023-03-28T02:38:45.173+0000] {logging_mixin.py:137} INFO - [2023-03-28T02:38:45.173+0000] {dag.py:3444} INFO - Setting next_dagrun for example_external_task_marker_parent to None, run_after=None
[2023-03-28T02:38:45.183+0000] {processor.py:175} INFO - Processing /home/airflow/.local/lib/python3.7/site-packages/airflow/example_dags/example_external_task_marker_dag.py took 0.061 seconds
[2023-03-28T02:39:15.577+0000] {processor.py:153} INFO - Started process (PID=1372) to work on /home/airflow/.local/lib/python3.7/site-packages/airflow/example_dags/example_external_task_marker_dag.py
[2023-03-28T02:39:15.579+0000] {processor.py:743} INFO - Processing file /home/airflow/.local/lib/python3.7/site-packages/airflow/example_dags/example_external_task_marker_dag.py for tasks to queue
[2023-03-28T02:39:15.580+0000] {logging_mixin.py:137} INFO - [2023-03-28T02:39:15.580+0000] {dagbag.py:532} INFO - Filling up the DagBag from /home/airflow/.local/lib/python3.7/site-packages/airflow/example_dags/example_external_task_marker_dag.py
[2023-03-28T02:39:15.591+0000] {processor.py:753} INFO - DAG(s) dict_keys(['example_external_task_marker_parent', 'example_external_task_marker_child']) retrieved from /home/airflow/.local/lib/python3.7/site-packages/airflow/example_dags/example_external_task_marker_dag.py
[2023-03-28T02:39:15.610+0000] {logging_mixin.py:137} INFO - [2023-03-28T02:39:15.610+0000] {dag.py:2693} INFO - Sync 2 DAGs
[2023-03-28T02:39:15.625+0000] {logging_mixin.py:137} INFO - [2023-03-28T02:39:15.625+0000] {dag.py:3444} INFO - Setting next_dagrun for example_external_task_marker_child to None, run_after=None
[2023-03-28T02:39:15.628+0000] {logging_mixin.py:137} INFO - [2023-03-28T02:39:15.628+0000] {dag.py:3444} INFO - Setting next_dagrun for example_external_task_marker_parent to None, run_after=None
[2023-03-28T02:39:15.638+0000] {processor.py:175} INFO - Processing /home/airflow/.local/lib/python3.7/site-packages/airflow/example_dags/example_external_task_marker_dag.py took 0.063 seconds
[2023-03-28T02:39:45.887+0000] {processor.py:153} INFO - Started process (PID=1421) to work on /home/airflow/.local/lib/python3.7/site-packages/airflow/example_dags/example_external_task_marker_dag.py
[2023-03-28T02:39:45.889+0000] {processor.py:743} INFO - Processing file /home/airflow/.local/lib/python3.7/site-packages/airflow/example_dags/example_external_task_marker_dag.py for tasks to queue
[2023-03-28T02:39:45.890+0000] {logging_mixin.py:137} INFO - [2023-03-28T02:39:45.890+0000] {dagbag.py:532} INFO - Filling up the DagBag from /home/airflow/.local/lib/python3.7/site-packages/airflow/example_dags/example_external_task_marker_dag.py
[2023-03-28T02:39:45.899+0000] {processor.py:753} INFO - DAG(s) dict_keys(['example_external_task_marker_parent', 'example_external_task_marker_child']) retrieved from /home/airflow/.local/lib/python3.7/site-packages/airflow/example_dags/example_external_task_marker_dag.py
[2023-03-28T02:39:45.921+0000] {logging_mixin.py:137} INFO - [2023-03-28T02:39:45.921+0000] {dag.py:2693} INFO - Sync 2 DAGs
[2023-03-28T02:39:45.936+0000] {logging_mixin.py:137} INFO - [2023-03-28T02:39:45.936+0000] {dag.py:3444} INFO - Setting next_dagrun for example_external_task_marker_child to None, run_after=None
[2023-03-28T02:39:45.939+0000] {logging_mixin.py:137} INFO - [2023-03-28T02:39:45.939+0000] {dag.py:3444} INFO - Setting next_dagrun for example_external_task_marker_parent to None, run_after=None
[2023-03-28T02:39:45.949+0000] {processor.py:175} INFO - Processing /home/airflow/.local/lib/python3.7/site-packages/airflow/example_dags/example_external_task_marker_dag.py took 0.064 seconds
[2023-03-28T02:40:16.662+0000] {processor.py:153} INFO - Started process (PID=1470) to work on /home/airflow/.local/lib/python3.7/site-packages/airflow/example_dags/example_external_task_marker_dag.py
[2023-03-28T02:40:16.664+0000] {processor.py:743} INFO - Processing file /home/airflow/.local/lib/python3.7/site-packages/airflow/example_dags/example_external_task_marker_dag.py for tasks to queue
[2023-03-28T02:40:16.665+0000] {logging_mixin.py:137} INFO - [2023-03-28T02:40:16.665+0000] {dagbag.py:532} INFO - Filling up the DagBag from /home/airflow/.local/lib/python3.7/site-packages/airflow/example_dags/example_external_task_marker_dag.py
[2023-03-28T02:40:16.676+0000] {processor.py:753} INFO - DAG(s) dict_keys(['example_external_task_marker_parent', 'example_external_task_marker_child']) retrieved from /home/airflow/.local/lib/python3.7/site-packages/airflow/example_dags/example_external_task_marker_dag.py
[2023-03-28T02:40:16.694+0000] {logging_mixin.py:137} INFO - [2023-03-28T02:40:16.694+0000] {dag.py:2693} INFO - Sync 2 DAGs
[2023-03-28T02:40:16.711+0000] {logging_mixin.py:137} INFO - [2023-03-28T02:40:16.711+0000] {dag.py:3444} INFO - Setting next_dagrun for example_external_task_marker_child to None, run_after=None
[2023-03-28T02:40:16.715+0000] {logging_mixin.py:137} INFO - [2023-03-28T02:40:16.715+0000] {dag.py:3444} INFO - Setting next_dagrun for example_external_task_marker_parent to None, run_after=None
[2023-03-28T02:40:16.727+0000] {processor.py:175} INFO - Processing /home/airflow/.local/lib/python3.7/site-packages/airflow/example_dags/example_external_task_marker_dag.py took 0.067 seconds
[2023-03-28T02:40:47.373+0000] {processor.py:153} INFO - Started process (PID=1519) to work on /home/airflow/.local/lib/python3.7/site-packages/airflow/example_dags/example_external_task_marker_dag.py
[2023-03-28T02:40:47.375+0000] {processor.py:743} INFO - Processing file /home/airflow/.local/lib/python3.7/site-packages/airflow/example_dags/example_external_task_marker_dag.py for tasks to queue
[2023-03-28T02:40:47.377+0000] {logging_mixin.py:137} INFO - [2023-03-28T02:40:47.377+0000] {dagbag.py:532} INFO - Filling up the DagBag from /home/airflow/.local/lib/python3.7/site-packages/airflow/example_dags/example_external_task_marker_dag.py
[2023-03-28T02:40:47.386+0000] {processor.py:753} INFO - DAG(s) dict_keys(['example_external_task_marker_parent', 'example_external_task_marker_child']) retrieved from /home/airflow/.local/lib/python3.7/site-packages/airflow/example_dags/example_external_task_marker_dag.py
[2023-03-28T02:40:47.407+0000] {logging_mixin.py:137} INFO - [2023-03-28T02:40:47.407+0000] {dag.py:2693} INFO - Sync 2 DAGs
[2023-03-28T02:40:47.422+0000] {logging_mixin.py:137} INFO - [2023-03-28T02:40:47.422+0000] {dag.py:3444} INFO - Setting next_dagrun for example_external_task_marker_child to None, run_after=None
[2023-03-28T02:40:47.425+0000] {logging_mixin.py:137} INFO - [2023-03-28T02:40:47.425+0000] {dag.py:3444} INFO - Setting next_dagrun for example_external_task_marker_parent to None, run_after=None
[2023-03-28T02:40:47.438+0000] {processor.py:175} INFO - Processing /home/airflow/.local/lib/python3.7/site-packages/airflow/example_dags/example_external_task_marker_dag.py took 0.067 seconds
