[2023-03-28T02:25:32.405+0000] {processor.py:153} INFO - Started process (PID=55) to work on /home/airflow/.local/lib/python3.7/site-packages/airflow/example_dags/example_task_group_decorator.py
[2023-03-28T02:25:32.408+0000] {processor.py:743} INFO - Processing file /home/airflow/.local/lib/python3.7/site-packages/airflow/example_dags/example_task_group_decorator.py for tasks to queue
[2023-03-28T02:25:32.410+0000] {logging_mixin.py:137} INFO - [2023-03-28T02:25:32.410+0000] {dagbag.py:532} INFO - Filling up the DagBag from /home/airflow/.local/lib/python3.7/site-packages/airflow/example_dags/example_task_group_decorator.py
[2023-03-28T02:25:32.485+0000] {processor.py:753} INFO - DAG(s) dict_keys(['example_task_group_decorator']) retrieved from /home/airflow/.local/lib/python3.7/site-packages/airflow/example_dags/example_task_group_decorator.py
[2023-03-28T02:25:32.536+0000] {logging_mixin.py:137} INFO - [2023-03-28T02:25:32.536+0000] {dag.py:2693} INFO - Sync 1 DAGs
[2023-03-28T02:25:32.777+0000] {logging_mixin.py:137} INFO - [2023-03-28T02:25:32.777+0000] {dag.py:3444} INFO - Setting next_dagrun for example_task_group_decorator to 2023-03-27T02:25:32.777358+00:00, run_after=2023-03-28T02:25:32.777358+00:00
[2023-03-28T02:25:32.846+0000] {processor.py:175} INFO - Processing /home/airflow/.local/lib/python3.7/site-packages/airflow/example_dags/example_task_group_decorator.py took 0.454 seconds
[2023-03-28T02:26:03.034+0000] {processor.py:153} INFO - Started process (PID=104) to work on /home/airflow/.local/lib/python3.7/site-packages/airflow/example_dags/example_task_group_decorator.py
[2023-03-28T02:26:03.035+0000] {processor.py:743} INFO - Processing file /home/airflow/.local/lib/python3.7/site-packages/airflow/example_dags/example_task_group_decorator.py for tasks to queue
[2023-03-28T02:26:03.036+0000] {logging_mixin.py:137} INFO - [2023-03-28T02:26:03.036+0000] {dagbag.py:532} INFO - Filling up the DagBag from /home/airflow/.local/lib/python3.7/site-packages/airflow/example_dags/example_task_group_decorator.py
[2023-03-28T02:26:03.056+0000] {processor.py:753} INFO - DAG(s) dict_keys(['example_task_group_decorator']) retrieved from /home/airflow/.local/lib/python3.7/site-packages/airflow/example_dags/example_task_group_decorator.py
[2023-03-28T02:26:03.077+0000] {logging_mixin.py:137} INFO - [2023-03-28T02:26:03.077+0000] {dag.py:2693} INFO - Sync 1 DAGs
[2023-03-28T02:26:03.093+0000] {logging_mixin.py:137} INFO - [2023-03-28T02:26:03.093+0000] {dag.py:3444} INFO - Setting next_dagrun for example_task_group_decorator to 2023-03-27T02:26:03.093541+00:00, run_after=2023-03-28T02:26:03.093541+00:00
[2023-03-28T02:26:03.106+0000] {processor.py:175} INFO - Processing /home/airflow/.local/lib/python3.7/site-packages/airflow/example_dags/example_task_group_decorator.py took 0.075 seconds
[2023-03-28T02:26:33.588+0000] {processor.py:153} INFO - Started process (PID=153) to work on /home/airflow/.local/lib/python3.7/site-packages/airflow/example_dags/example_task_group_decorator.py
[2023-03-28T02:26:33.590+0000] {processor.py:743} INFO - Processing file /home/airflow/.local/lib/python3.7/site-packages/airflow/example_dags/example_task_group_decorator.py for tasks to queue
[2023-03-28T02:26:33.590+0000] {logging_mixin.py:137} INFO - [2023-03-28T02:26:33.590+0000] {dagbag.py:532} INFO - Filling up the DagBag from /home/airflow/.local/lib/python3.7/site-packages/airflow/example_dags/example_task_group_decorator.py
[2023-03-28T02:26:33.609+0000] {processor.py:753} INFO - DAG(s) dict_keys(['example_task_group_decorator']) retrieved from /home/airflow/.local/lib/python3.7/site-packages/airflow/example_dags/example_task_group_decorator.py
[2023-03-28T02:26:33.630+0000] {logging_mixin.py:137} INFO - [2023-03-28T02:26:33.630+0000] {dag.py:2693} INFO - Sync 1 DAGs
[2023-03-28T02:26:33.646+0000] {logging_mixin.py:137} INFO - [2023-03-28T02:26:33.646+0000] {dag.py:3444} INFO - Setting next_dagrun for example_task_group_decorator to 2023-03-27T02:26:33.645871+00:00, run_after=2023-03-28T02:26:33.645871+00:00
[2023-03-28T02:26:33.658+0000] {processor.py:175} INFO - Processing /home/airflow/.local/lib/python3.7/site-packages/airflow/example_dags/example_task_group_decorator.py took 0.073 seconds
[2023-03-28T02:27:04.623+0000] {processor.py:153} INFO - Started process (PID=202) to work on /home/airflow/.local/lib/python3.7/site-packages/airflow/example_dags/example_task_group_decorator.py
[2023-03-28T02:27:04.625+0000] {processor.py:743} INFO - Processing file /home/airflow/.local/lib/python3.7/site-packages/airflow/example_dags/example_task_group_decorator.py for tasks to queue
[2023-03-28T02:27:04.626+0000] {logging_mixin.py:137} INFO - [2023-03-28T02:27:04.626+0000] {dagbag.py:532} INFO - Filling up the DagBag from /home/airflow/.local/lib/python3.7/site-packages/airflow/example_dags/example_task_group_decorator.py
[2023-03-28T02:27:04.645+0000] {processor.py:753} INFO - DAG(s) dict_keys(['example_task_group_decorator']) retrieved from /home/airflow/.local/lib/python3.7/site-packages/airflow/example_dags/example_task_group_decorator.py
[2023-03-28T02:27:04.667+0000] {logging_mixin.py:137} INFO - [2023-03-28T02:27:04.667+0000] {dag.py:2693} INFO - Sync 1 DAGs
[2023-03-28T02:27:04.683+0000] {logging_mixin.py:137} INFO - [2023-03-28T02:27:04.682+0000] {dag.py:3444} INFO - Setting next_dagrun for example_task_group_decorator to 2023-03-27T02:27:04.682845+00:00, run_after=2023-03-28T02:27:04.682845+00:00
[2023-03-28T02:27:04.696+0000] {processor.py:175} INFO - Processing /home/airflow/.local/lib/python3.7/site-packages/airflow/example_dags/example_task_group_decorator.py took 0.076 seconds
[2023-03-28T02:27:35.296+0000] {processor.py:153} INFO - Started process (PID=251) to work on /home/airflow/.local/lib/python3.7/site-packages/airflow/example_dags/example_task_group_decorator.py
[2023-03-28T02:27:35.298+0000] {processor.py:743} INFO - Processing file /home/airflow/.local/lib/python3.7/site-packages/airflow/example_dags/example_task_group_decorator.py for tasks to queue
[2023-03-28T02:27:35.299+0000] {logging_mixin.py:137} INFO - [2023-03-28T02:27:35.299+0000] {dagbag.py:532} INFO - Filling up the DagBag from /home/airflow/.local/lib/python3.7/site-packages/airflow/example_dags/example_task_group_decorator.py
[2023-03-28T02:27:35.318+0000] {processor.py:753} INFO - DAG(s) dict_keys(['example_task_group_decorator']) retrieved from /home/airflow/.local/lib/python3.7/site-packages/airflow/example_dags/example_task_group_decorator.py
[2023-03-28T02:27:35.342+0000] {logging_mixin.py:137} INFO - [2023-03-28T02:27:35.342+0000] {dag.py:2693} INFO - Sync 1 DAGs
[2023-03-28T02:27:35.371+0000] {logging_mixin.py:137} INFO - [2023-03-28T02:27:35.371+0000] {dag.py:3444} INFO - Setting next_dagrun for example_task_group_decorator to 2023-03-27T02:27:35.371155+00:00, run_after=2023-03-28T02:27:35.371155+00:00
[2023-03-28T02:27:35.384+0000] {processor.py:175} INFO - Processing /home/airflow/.local/lib/python3.7/site-packages/airflow/example_dags/example_task_group_decorator.py took 0.090 seconds
[2023-03-28T02:28:05.735+0000] {processor.py:153} INFO - Started process (PID=300) to work on /home/airflow/.local/lib/python3.7/site-packages/airflow/example_dags/example_task_group_decorator.py
[2023-03-28T02:28:05.737+0000] {processor.py:743} INFO - Processing file /home/airflow/.local/lib/python3.7/site-packages/airflow/example_dags/example_task_group_decorator.py for tasks to queue
[2023-03-28T02:28:05.738+0000] {logging_mixin.py:137} INFO - [2023-03-28T02:28:05.738+0000] {dagbag.py:532} INFO - Filling up the DagBag from /home/airflow/.local/lib/python3.7/site-packages/airflow/example_dags/example_task_group_decorator.py
[2023-03-28T02:28:05.757+0000] {processor.py:753} INFO - DAG(s) dict_keys(['example_task_group_decorator']) retrieved from /home/airflow/.local/lib/python3.7/site-packages/airflow/example_dags/example_task_group_decorator.py
[2023-03-28T02:28:05.778+0000] {logging_mixin.py:137} INFO - [2023-03-28T02:28:05.778+0000] {dag.py:2693} INFO - Sync 1 DAGs
[2023-03-28T02:28:05.797+0000] {logging_mixin.py:137} INFO - [2023-03-28T02:28:05.797+0000] {dag.py:3444} INFO - Setting next_dagrun for example_task_group_decorator to 2023-03-27T02:28:05.797686+00:00, run_after=2023-03-28T02:28:05.797686+00:00
[2023-03-28T02:28:05.811+0000] {processor.py:175} INFO - Processing /home/airflow/.local/lib/python3.7/site-packages/airflow/example_dags/example_task_group_decorator.py took 0.078 seconds
[2023-03-28T02:28:36.650+0000] {processor.py:153} INFO - Started process (PID=349) to work on /home/airflow/.local/lib/python3.7/site-packages/airflow/example_dags/example_task_group_decorator.py
[2023-03-28T02:28:36.652+0000] {processor.py:743} INFO - Processing file /home/airflow/.local/lib/python3.7/site-packages/airflow/example_dags/example_task_group_decorator.py for tasks to queue
[2023-03-28T02:28:36.654+0000] {logging_mixin.py:137} INFO - [2023-03-28T02:28:36.654+0000] {dagbag.py:532} INFO - Filling up the DagBag from /home/airflow/.local/lib/python3.7/site-packages/airflow/example_dags/example_task_group_decorator.py
[2023-03-28T02:28:36.675+0000] {processor.py:753} INFO - DAG(s) dict_keys(['example_task_group_decorator']) retrieved from /home/airflow/.local/lib/python3.7/site-packages/airflow/example_dags/example_task_group_decorator.py
[2023-03-28T02:28:36.697+0000] {logging_mixin.py:137} INFO - [2023-03-28T02:28:36.697+0000] {dag.py:2693} INFO - Sync 1 DAGs
[2023-03-28T02:28:36.714+0000] {logging_mixin.py:137} INFO - [2023-03-28T02:28:36.714+0000] {dag.py:3444} INFO - Setting next_dagrun for example_task_group_decorator to 2023-03-27T02:28:36.714443+00:00, run_after=2023-03-28T02:28:36.714443+00:00
[2023-03-28T02:28:36.727+0000] {processor.py:175} INFO - Processing /home/airflow/.local/lib/python3.7/site-packages/airflow/example_dags/example_task_group_decorator.py took 0.080 seconds
[2023-03-28T02:29:07.385+0000] {processor.py:153} INFO - Started process (PID=398) to work on /home/airflow/.local/lib/python3.7/site-packages/airflow/example_dags/example_task_group_decorator.py
[2023-03-28T02:29:07.388+0000] {processor.py:743} INFO - Processing file /home/airflow/.local/lib/python3.7/site-packages/airflow/example_dags/example_task_group_decorator.py for tasks to queue
[2023-03-28T02:29:07.390+0000] {logging_mixin.py:137} INFO - [2023-03-28T02:29:07.390+0000] {dagbag.py:532} INFO - Filling up the DagBag from /home/airflow/.local/lib/python3.7/site-packages/airflow/example_dags/example_task_group_decorator.py
[2023-03-28T02:29:07.418+0000] {processor.py:753} INFO - DAG(s) dict_keys(['example_task_group_decorator']) retrieved from /home/airflow/.local/lib/python3.7/site-packages/airflow/example_dags/example_task_group_decorator.py
[2023-03-28T02:29:07.443+0000] {logging_mixin.py:137} INFO - [2023-03-28T02:29:07.443+0000] {dag.py:2693} INFO - Sync 1 DAGs
[2023-03-28T02:29:07.462+0000] {logging_mixin.py:137} INFO - [2023-03-28T02:29:07.462+0000] {dag.py:3444} INFO - Setting next_dagrun for example_task_group_decorator to 2023-03-27T02:29:07.461839+00:00, run_after=2023-03-28T02:29:07.461839+00:00
[2023-03-28T02:29:07.476+0000] {processor.py:175} INFO - Processing /home/airflow/.local/lib/python3.7/site-packages/airflow/example_dags/example_task_group_decorator.py took 0.094 seconds
[2023-03-28T02:29:37.996+0000] {processor.py:153} INFO - Started process (PID=447) to work on /home/airflow/.local/lib/python3.7/site-packages/airflow/example_dags/example_task_group_decorator.py
[2023-03-28T02:29:37.998+0000] {processor.py:743} INFO - Processing file /home/airflow/.local/lib/python3.7/site-packages/airflow/example_dags/example_task_group_decorator.py for tasks to queue
[2023-03-28T02:29:37.999+0000] {logging_mixin.py:137} INFO - [2023-03-28T02:29:37.999+0000] {dagbag.py:532} INFO - Filling up the DagBag from /home/airflow/.local/lib/python3.7/site-packages/airflow/example_dags/example_task_group_decorator.py
[2023-03-28T02:29:38.017+0000] {processor.py:753} INFO - DAG(s) dict_keys(['example_task_group_decorator']) retrieved from /home/airflow/.local/lib/python3.7/site-packages/airflow/example_dags/example_task_group_decorator.py
[2023-03-28T02:29:38.043+0000] {logging_mixin.py:137} INFO - [2023-03-28T02:29:38.043+0000] {dag.py:2693} INFO - Sync 1 DAGs
[2023-03-28T02:29:38.060+0000] {logging_mixin.py:137} INFO - [2023-03-28T02:29:38.060+0000] {dag.py:3444} INFO - Setting next_dagrun for example_task_group_decorator to 2023-03-27T02:29:38.060369+00:00, run_after=2023-03-28T02:29:38.060369+00:00
[2023-03-28T02:29:38.075+0000] {processor.py:175} INFO - Processing /home/airflow/.local/lib/python3.7/site-packages/airflow/example_dags/example_task_group_decorator.py took 0.081 seconds
[2023-03-28T02:30:08.765+0000] {processor.py:153} INFO - Started process (PID=496) to work on /home/airflow/.local/lib/python3.7/site-packages/airflow/example_dags/example_task_group_decorator.py
[2023-03-28T02:30:08.768+0000] {processor.py:743} INFO - Processing file /home/airflow/.local/lib/python3.7/site-packages/airflow/example_dags/example_task_group_decorator.py for tasks to queue
[2023-03-28T02:30:08.769+0000] {logging_mixin.py:137} INFO - [2023-03-28T02:30:08.769+0000] {dagbag.py:532} INFO - Filling up the DagBag from /home/airflow/.local/lib/python3.7/site-packages/airflow/example_dags/example_task_group_decorator.py
[2023-03-28T02:30:08.790+0000] {processor.py:753} INFO - DAG(s) dict_keys(['example_task_group_decorator']) retrieved from /home/airflow/.local/lib/python3.7/site-packages/airflow/example_dags/example_task_group_decorator.py
[2023-03-28T02:30:08.812+0000] {logging_mixin.py:137} INFO - [2023-03-28T02:30:08.812+0000] {dag.py:2693} INFO - Sync 1 DAGs
[2023-03-28T02:30:08.829+0000] {logging_mixin.py:137} INFO - [2023-03-28T02:30:08.829+0000] {dag.py:3444} INFO - Setting next_dagrun for example_task_group_decorator to 2023-03-27T02:30:08.829380+00:00, run_after=2023-03-28T02:30:08.829380+00:00
[2023-03-28T02:30:08.842+0000] {processor.py:175} INFO - Processing /home/airflow/.local/lib/python3.7/site-packages/airflow/example_dags/example_task_group_decorator.py took 0.079 seconds
[2023-03-28T02:30:39.380+0000] {processor.py:153} INFO - Started process (PID=545) to work on /home/airflow/.local/lib/python3.7/site-packages/airflow/example_dags/example_task_group_decorator.py
[2023-03-28T02:30:39.382+0000] {processor.py:743} INFO - Processing file /home/airflow/.local/lib/python3.7/site-packages/airflow/example_dags/example_task_group_decorator.py for tasks to queue
[2023-03-28T02:30:39.383+0000] {logging_mixin.py:137} INFO - [2023-03-28T02:30:39.383+0000] {dagbag.py:532} INFO - Filling up the DagBag from /home/airflow/.local/lib/python3.7/site-packages/airflow/example_dags/example_task_group_decorator.py
[2023-03-28T02:30:39.400+0000] {processor.py:753} INFO - DAG(s) dict_keys(['example_task_group_decorator']) retrieved from /home/airflow/.local/lib/python3.7/site-packages/airflow/example_dags/example_task_group_decorator.py
[2023-03-28T02:30:39.425+0000] {logging_mixin.py:137} INFO - [2023-03-28T02:30:39.425+0000] {dag.py:2693} INFO - Sync 1 DAGs
[2023-03-28T02:30:39.442+0000] {logging_mixin.py:137} INFO - [2023-03-28T02:30:39.442+0000] {dag.py:3444} INFO - Setting next_dagrun for example_task_group_decorator to 2023-03-27T02:30:39.442245+00:00, run_after=2023-03-28T02:30:39.442245+00:00
[2023-03-28T02:30:39.455+0000] {processor.py:175} INFO - Processing /home/airflow/.local/lib/python3.7/site-packages/airflow/example_dags/example_task_group_decorator.py took 0.077 seconds
[2023-03-28T02:31:10.082+0000] {processor.py:153} INFO - Started process (PID=594) to work on /home/airflow/.local/lib/python3.7/site-packages/airflow/example_dags/example_task_group_decorator.py
[2023-03-28T02:31:10.085+0000] {processor.py:743} INFO - Processing file /home/airflow/.local/lib/python3.7/site-packages/airflow/example_dags/example_task_group_decorator.py for tasks to queue
[2023-03-28T02:31:10.086+0000] {logging_mixin.py:137} INFO - [2023-03-28T02:31:10.086+0000] {dagbag.py:532} INFO - Filling up the DagBag from /home/airflow/.local/lib/python3.7/site-packages/airflow/example_dags/example_task_group_decorator.py
[2023-03-28T02:31:10.111+0000] {processor.py:753} INFO - DAG(s) dict_keys(['example_task_group_decorator']) retrieved from /home/airflow/.local/lib/python3.7/site-packages/airflow/example_dags/example_task_group_decorator.py
[2023-03-28T02:31:10.144+0000] {logging_mixin.py:137} INFO - [2023-03-28T02:31:10.144+0000] {dag.py:2693} INFO - Sync 1 DAGs
[2023-03-28T02:31:10.182+0000] {logging_mixin.py:137} INFO - [2023-03-28T02:31:10.182+0000] {dag.py:3444} INFO - Setting next_dagrun for example_task_group_decorator to 2023-03-27T02:31:10.182232+00:00, run_after=2023-03-28T02:31:10.182232+00:00
[2023-03-28T02:31:10.205+0000] {processor.py:175} INFO - Processing /home/airflow/.local/lib/python3.7/site-packages/airflow/example_dags/example_task_group_decorator.py took 0.128 seconds
[2023-03-28T02:31:40.839+0000] {processor.py:153} INFO - Started process (PID=644) to work on /home/airflow/.local/lib/python3.7/site-packages/airflow/example_dags/example_task_group_decorator.py
[2023-03-28T02:31:40.842+0000] {processor.py:743} INFO - Processing file /home/airflow/.local/lib/python3.7/site-packages/airflow/example_dags/example_task_group_decorator.py for tasks to queue
[2023-03-28T02:31:40.844+0000] {logging_mixin.py:137} INFO - [2023-03-28T02:31:40.844+0000] {dagbag.py:532} INFO - Filling up the DagBag from /home/airflow/.local/lib/python3.7/site-packages/airflow/example_dags/example_task_group_decorator.py
[2023-03-28T02:31:40.872+0000] {processor.py:753} INFO - DAG(s) dict_keys(['example_task_group_decorator']) retrieved from /home/airflow/.local/lib/python3.7/site-packages/airflow/example_dags/example_task_group_decorator.py
[2023-03-28T02:31:40.940+0000] {logging_mixin.py:137} INFO - [2023-03-28T02:31:40.940+0000] {dag.py:2693} INFO - Sync 1 DAGs
[2023-03-28T02:31:40.974+0000] {logging_mixin.py:137} INFO - [2023-03-28T02:31:40.974+0000] {dag.py:3444} INFO - Setting next_dagrun for example_task_group_decorator to 2023-03-27T02:31:40.973789+00:00, run_after=2023-03-28T02:31:40.973789+00:00
[2023-03-28T02:31:40.997+0000] {processor.py:175} INFO - Processing /home/airflow/.local/lib/python3.7/site-packages/airflow/example_dags/example_task_group_decorator.py took 0.161 seconds
[2023-03-28T02:32:11.655+0000] {processor.py:153} INFO - Started process (PID=693) to work on /home/airflow/.local/lib/python3.7/site-packages/airflow/example_dags/example_task_group_decorator.py
[2023-03-28T02:32:11.657+0000] {processor.py:743} INFO - Processing file /home/airflow/.local/lib/python3.7/site-packages/airflow/example_dags/example_task_group_decorator.py for tasks to queue
[2023-03-28T02:32:11.658+0000] {logging_mixin.py:137} INFO - [2023-03-28T02:32:11.658+0000] {dagbag.py:532} INFO - Filling up the DagBag from /home/airflow/.local/lib/python3.7/site-packages/airflow/example_dags/example_task_group_decorator.py
[2023-03-28T02:32:11.679+0000] {processor.py:753} INFO - DAG(s) dict_keys(['example_task_group_decorator']) retrieved from /home/airflow/.local/lib/python3.7/site-packages/airflow/example_dags/example_task_group_decorator.py
[2023-03-28T02:32:11.705+0000] {logging_mixin.py:137} INFO - [2023-03-28T02:32:11.705+0000] {dag.py:2693} INFO - Sync 1 DAGs
[2023-03-28T02:32:11.722+0000] {logging_mixin.py:137} INFO - [2023-03-28T02:32:11.721+0000] {dag.py:3444} INFO - Setting next_dagrun for example_task_group_decorator to 2023-03-27T02:32:11.721811+00:00, run_after=2023-03-28T02:32:11.721811+00:00
[2023-03-28T02:32:11.735+0000] {processor.py:175} INFO - Processing /home/airflow/.local/lib/python3.7/site-packages/airflow/example_dags/example_task_group_decorator.py took 0.083 seconds
[2023-03-28T02:32:42.347+0000] {processor.py:153} INFO - Started process (PID=742) to work on /home/airflow/.local/lib/python3.7/site-packages/airflow/example_dags/example_task_group_decorator.py
[2023-03-28T02:32:42.348+0000] {processor.py:743} INFO - Processing file /home/airflow/.local/lib/python3.7/site-packages/airflow/example_dags/example_task_group_decorator.py for tasks to queue
[2023-03-28T02:32:42.349+0000] {logging_mixin.py:137} INFO - [2023-03-28T02:32:42.349+0000] {dagbag.py:532} INFO - Filling up the DagBag from /home/airflow/.local/lib/python3.7/site-packages/airflow/example_dags/example_task_group_decorator.py
[2023-03-28T02:32:42.369+0000] {processor.py:753} INFO - DAG(s) dict_keys(['example_task_group_decorator']) retrieved from /home/airflow/.local/lib/python3.7/site-packages/airflow/example_dags/example_task_group_decorator.py
[2023-03-28T02:32:42.388+0000] {logging_mixin.py:137} INFO - [2023-03-28T02:32:42.388+0000] {dag.py:2693} INFO - Sync 1 DAGs
[2023-03-28T02:32:42.405+0000] {logging_mixin.py:137} INFO - [2023-03-28T02:32:42.405+0000] {dag.py:3444} INFO - Setting next_dagrun for example_task_group_decorator to 2023-03-27T02:32:42.405138+00:00, run_after=2023-03-28T02:32:42.405138+00:00
[2023-03-28T02:32:42.418+0000] {processor.py:175} INFO - Processing /home/airflow/.local/lib/python3.7/site-packages/airflow/example_dags/example_task_group_decorator.py took 0.073 seconds
[2023-03-28T02:33:13.281+0000] {processor.py:153} INFO - Started process (PID=791) to work on /home/airflow/.local/lib/python3.7/site-packages/airflow/example_dags/example_task_group_decorator.py
[2023-03-28T02:33:13.283+0000] {processor.py:743} INFO - Processing file /home/airflow/.local/lib/python3.7/site-packages/airflow/example_dags/example_task_group_decorator.py for tasks to queue
[2023-03-28T02:33:13.284+0000] {logging_mixin.py:137} INFO - [2023-03-28T02:33:13.284+0000] {dagbag.py:532} INFO - Filling up the DagBag from /home/airflow/.local/lib/python3.7/site-packages/airflow/example_dags/example_task_group_decorator.py
[2023-03-28T02:33:13.303+0000] {processor.py:753} INFO - DAG(s) dict_keys(['example_task_group_decorator']) retrieved from /home/airflow/.local/lib/python3.7/site-packages/airflow/example_dags/example_task_group_decorator.py
[2023-03-28T02:33:13.325+0000] {logging_mixin.py:137} INFO - [2023-03-28T02:33:13.325+0000] {dag.py:2693} INFO - Sync 1 DAGs
[2023-03-28T02:33:13.341+0000] {logging_mixin.py:137} INFO - [2023-03-28T02:33:13.341+0000] {dag.py:3444} INFO - Setting next_dagrun for example_task_group_decorator to 2023-03-27T02:33:13.341328+00:00, run_after=2023-03-28T02:33:13.341328+00:00
[2023-03-28T02:33:13.354+0000] {processor.py:175} INFO - Processing /home/airflow/.local/lib/python3.7/site-packages/airflow/example_dags/example_task_group_decorator.py took 0.074 seconds
[2023-03-28T02:33:43.953+0000] {processor.py:153} INFO - Started process (PID=840) to work on /home/airflow/.local/lib/python3.7/site-packages/airflow/example_dags/example_task_group_decorator.py
[2023-03-28T02:33:43.955+0000] {processor.py:743} INFO - Processing file /home/airflow/.local/lib/python3.7/site-packages/airflow/example_dags/example_task_group_decorator.py for tasks to queue
[2023-03-28T02:33:43.956+0000] {logging_mixin.py:137} INFO - [2023-03-28T02:33:43.956+0000] {dagbag.py:532} INFO - Filling up the DagBag from /home/airflow/.local/lib/python3.7/site-packages/airflow/example_dags/example_task_group_decorator.py
[2023-03-28T02:33:43.976+0000] {processor.py:753} INFO - DAG(s) dict_keys(['example_task_group_decorator']) retrieved from /home/airflow/.local/lib/python3.7/site-packages/airflow/example_dags/example_task_group_decorator.py
[2023-03-28T02:33:44.000+0000] {logging_mixin.py:137} INFO - [2023-03-28T02:33:43.999+0000] {dag.py:2693} INFO - Sync 1 DAGs
[2023-03-28T02:33:44.021+0000] {logging_mixin.py:137} INFO - [2023-03-28T02:33:44.021+0000] {dag.py:3444} INFO - Setting next_dagrun for example_task_group_decorator to 2023-03-27T02:33:44.021087+00:00, run_after=2023-03-28T02:33:44.021087+00:00
[2023-03-28T02:33:44.034+0000] {processor.py:175} INFO - Processing /home/airflow/.local/lib/python3.7/site-packages/airflow/example_dags/example_task_group_decorator.py took 0.084 seconds
[2023-03-28T02:34:14.412+0000] {processor.py:153} INFO - Started process (PID=889) to work on /home/airflow/.local/lib/python3.7/site-packages/airflow/example_dags/example_task_group_decorator.py
[2023-03-28T02:34:14.414+0000] {processor.py:743} INFO - Processing file /home/airflow/.local/lib/python3.7/site-packages/airflow/example_dags/example_task_group_decorator.py for tasks to queue
[2023-03-28T02:34:14.415+0000] {logging_mixin.py:137} INFO - [2023-03-28T02:34:14.415+0000] {dagbag.py:532} INFO - Filling up the DagBag from /home/airflow/.local/lib/python3.7/site-packages/airflow/example_dags/example_task_group_decorator.py
[2023-03-28T02:34:14.435+0000] {processor.py:753} INFO - DAG(s) dict_keys(['example_task_group_decorator']) retrieved from /home/airflow/.local/lib/python3.7/site-packages/airflow/example_dags/example_task_group_decorator.py
[2023-03-28T02:34:14.455+0000] {logging_mixin.py:137} INFO - [2023-03-28T02:34:14.455+0000] {dag.py:2693} INFO - Sync 1 DAGs
[2023-03-28T02:34:14.471+0000] {logging_mixin.py:137} INFO - [2023-03-28T02:34:14.471+0000] {dag.py:3444} INFO - Setting next_dagrun for example_task_group_decorator to 2023-03-27T02:34:14.471349+00:00, run_after=2023-03-28T02:34:14.471349+00:00
[2023-03-28T02:34:14.484+0000] {processor.py:175} INFO - Processing /home/airflow/.local/lib/python3.7/site-packages/airflow/example_dags/example_task_group_decorator.py took 0.074 seconds
[2023-03-28T02:34:44.808+0000] {processor.py:153} INFO - Started process (PID=938) to work on /home/airflow/.local/lib/python3.7/site-packages/airflow/example_dags/example_task_group_decorator.py
[2023-03-28T02:34:44.810+0000] {processor.py:743} INFO - Processing file /home/airflow/.local/lib/python3.7/site-packages/airflow/example_dags/example_task_group_decorator.py for tasks to queue
[2023-03-28T02:34:44.811+0000] {logging_mixin.py:137} INFO - [2023-03-28T02:34:44.811+0000] {dagbag.py:532} INFO - Filling up the DagBag from /home/airflow/.local/lib/python3.7/site-packages/airflow/example_dags/example_task_group_decorator.py
[2023-03-28T02:34:44.829+0000] {processor.py:753} INFO - DAG(s) dict_keys(['example_task_group_decorator']) retrieved from /home/airflow/.local/lib/python3.7/site-packages/airflow/example_dags/example_task_group_decorator.py
[2023-03-28T02:34:44.848+0000] {logging_mixin.py:137} INFO - [2023-03-28T02:34:44.848+0000] {dag.py:2693} INFO - Sync 1 DAGs
[2023-03-28T02:34:44.864+0000] {logging_mixin.py:137} INFO - [2023-03-28T02:34:44.864+0000] {dag.py:3444} INFO - Setting next_dagrun for example_task_group_decorator to 2023-03-27T02:34:44.864731+00:00, run_after=2023-03-28T02:34:44.864731+00:00
[2023-03-28T02:34:44.877+0000] {processor.py:175} INFO - Processing /home/airflow/.local/lib/python3.7/site-packages/airflow/example_dags/example_task_group_decorator.py took 0.071 seconds
[2023-03-28T02:35:15.521+0000] {processor.py:153} INFO - Started process (PID=987) to work on /home/airflow/.local/lib/python3.7/site-packages/airflow/example_dags/example_task_group_decorator.py
[2023-03-28T02:35:15.523+0000] {processor.py:743} INFO - Processing file /home/airflow/.local/lib/python3.7/site-packages/airflow/example_dags/example_task_group_decorator.py for tasks to queue
[2023-03-28T02:35:15.524+0000] {logging_mixin.py:137} INFO - [2023-03-28T02:35:15.524+0000] {dagbag.py:532} INFO - Filling up the DagBag from /home/airflow/.local/lib/python3.7/site-packages/airflow/example_dags/example_task_group_decorator.py
[2023-03-28T02:35:15.542+0000] {processor.py:753} INFO - DAG(s) dict_keys(['example_task_group_decorator']) retrieved from /home/airflow/.local/lib/python3.7/site-packages/airflow/example_dags/example_task_group_decorator.py
[2023-03-28T02:35:15.562+0000] {logging_mixin.py:137} INFO - [2023-03-28T02:35:15.562+0000] {dag.py:2693} INFO - Sync 1 DAGs
[2023-03-28T02:35:15.579+0000] {logging_mixin.py:137} INFO - [2023-03-28T02:35:15.579+0000] {dag.py:3444} INFO - Setting next_dagrun for example_task_group_decorator to 2023-03-27T02:35:15.579074+00:00, run_after=2023-03-28T02:35:15.579074+00:00
[2023-03-28T02:35:15.592+0000] {processor.py:175} INFO - Processing /home/airflow/.local/lib/python3.7/site-packages/airflow/example_dags/example_task_group_decorator.py took 0.073 seconds
[2023-03-28T02:35:45.940+0000] {processor.py:153} INFO - Started process (PID=1038) to work on /home/airflow/.local/lib/python3.7/site-packages/airflow/example_dags/example_task_group_decorator.py
[2023-03-28T02:35:45.941+0000] {processor.py:743} INFO - Processing file /home/airflow/.local/lib/python3.7/site-packages/airflow/example_dags/example_task_group_decorator.py for tasks to queue
[2023-03-28T02:35:45.943+0000] {logging_mixin.py:137} INFO - [2023-03-28T02:35:45.943+0000] {dagbag.py:532} INFO - Filling up the DagBag from /home/airflow/.local/lib/python3.7/site-packages/airflow/example_dags/example_task_group_decorator.py
[2023-03-28T02:35:45.962+0000] {processor.py:753} INFO - DAG(s) dict_keys(['example_task_group_decorator']) retrieved from /home/airflow/.local/lib/python3.7/site-packages/airflow/example_dags/example_task_group_decorator.py
[2023-03-28T02:35:45.982+0000] {logging_mixin.py:137} INFO - [2023-03-28T02:35:45.982+0000] {dag.py:2693} INFO - Sync 1 DAGs
[2023-03-28T02:35:46.001+0000] {logging_mixin.py:137} INFO - [2023-03-28T02:35:46.001+0000] {dag.py:3444} INFO - Setting next_dagrun for example_task_group_decorator to 2023-03-27T02:35:46.001118+00:00, run_after=2023-03-28T02:35:46.001118+00:00
[2023-03-28T02:35:46.016+0000] {processor.py:175} INFO - Processing /home/airflow/.local/lib/python3.7/site-packages/airflow/example_dags/example_task_group_decorator.py took 0.080 seconds
[2023-03-28T02:36:16.265+0000] {processor.py:153} INFO - Started process (PID=1088) to work on /home/airflow/.local/lib/python3.7/site-packages/airflow/example_dags/example_task_group_decorator.py
[2023-03-28T02:36:16.266+0000] {processor.py:743} INFO - Processing file /home/airflow/.local/lib/python3.7/site-packages/airflow/example_dags/example_task_group_decorator.py for tasks to queue
[2023-03-28T02:36:16.268+0000] {logging_mixin.py:137} INFO - [2023-03-28T02:36:16.268+0000] {dagbag.py:532} INFO - Filling up the DagBag from /home/airflow/.local/lib/python3.7/site-packages/airflow/example_dags/example_task_group_decorator.py
[2023-03-28T02:36:16.289+0000] {processor.py:753} INFO - DAG(s) dict_keys(['example_task_group_decorator']) retrieved from /home/airflow/.local/lib/python3.7/site-packages/airflow/example_dags/example_task_group_decorator.py
[2023-03-28T02:36:16.309+0000] {logging_mixin.py:137} INFO - [2023-03-28T02:36:16.309+0000] {dag.py:2693} INFO - Sync 1 DAGs
[2023-03-28T02:36:16.325+0000] {logging_mixin.py:137} INFO - [2023-03-28T02:36:16.325+0000] {dag.py:3444} INFO - Setting next_dagrun for example_task_group_decorator to 2023-03-27T02:36:16.325656+00:00, run_after=2023-03-28T02:36:16.325656+00:00
[2023-03-28T02:36:16.338+0000] {processor.py:175} INFO - Processing /home/airflow/.local/lib/python3.7/site-packages/airflow/example_dags/example_task_group_decorator.py took 0.076 seconds
[2023-03-28T02:36:46.763+0000] {processor.py:153} INFO - Started process (PID=1137) to work on /home/airflow/.local/lib/python3.7/site-packages/airflow/example_dags/example_task_group_decorator.py
[2023-03-28T02:36:46.764+0000] {processor.py:743} INFO - Processing file /home/airflow/.local/lib/python3.7/site-packages/airflow/example_dags/example_task_group_decorator.py for tasks to queue
[2023-03-28T02:36:46.765+0000] {logging_mixin.py:137} INFO - [2023-03-28T02:36:46.765+0000] {dagbag.py:532} INFO - Filling up the DagBag from /home/airflow/.local/lib/python3.7/site-packages/airflow/example_dags/example_task_group_decorator.py
[2023-03-28T02:36:46.785+0000] {processor.py:753} INFO - DAG(s) dict_keys(['example_task_group_decorator']) retrieved from /home/airflow/.local/lib/python3.7/site-packages/airflow/example_dags/example_task_group_decorator.py
[2023-03-28T02:36:46.809+0000] {logging_mixin.py:137} INFO - [2023-03-28T02:36:46.809+0000] {dag.py:2693} INFO - Sync 1 DAGs
[2023-03-28T02:36:46.826+0000] {logging_mixin.py:137} INFO - [2023-03-28T02:36:46.826+0000] {dag.py:3444} INFO - Setting next_dagrun for example_task_group_decorator to 2023-03-27T02:36:46.826151+00:00, run_after=2023-03-28T02:36:46.826151+00:00
[2023-03-28T02:36:46.838+0000] {processor.py:175} INFO - Processing /home/airflow/.local/lib/python3.7/site-packages/airflow/example_dags/example_task_group_decorator.py took 0.078 seconds
[2023-03-28T02:37:17.184+0000] {processor.py:153} INFO - Started process (PID=1187) to work on /home/airflow/.local/lib/python3.7/site-packages/airflow/example_dags/example_task_group_decorator.py
[2023-03-28T02:37:17.186+0000] {processor.py:743} INFO - Processing file /home/airflow/.local/lib/python3.7/site-packages/airflow/example_dags/example_task_group_decorator.py for tasks to queue
[2023-03-28T02:37:17.187+0000] {logging_mixin.py:137} INFO - [2023-03-28T02:37:17.187+0000] {dagbag.py:532} INFO - Filling up the DagBag from /home/airflow/.local/lib/python3.7/site-packages/airflow/example_dags/example_task_group_decorator.py
[2023-03-28T02:37:17.206+0000] {processor.py:753} INFO - DAG(s) dict_keys(['example_task_group_decorator']) retrieved from /home/airflow/.local/lib/python3.7/site-packages/airflow/example_dags/example_task_group_decorator.py
[2023-03-28T02:37:17.226+0000] {logging_mixin.py:137} INFO - [2023-03-28T02:37:17.226+0000] {dag.py:2693} INFO - Sync 1 DAGs
[2023-03-28T02:37:17.243+0000] {logging_mixin.py:137} INFO - [2023-03-28T02:37:17.243+0000] {dag.py:3444} INFO - Setting next_dagrun for example_task_group_decorator to 2023-03-27T02:37:17.242822+00:00, run_after=2023-03-28T02:37:17.242822+00:00
[2023-03-28T02:37:17.254+0000] {processor.py:175} INFO - Processing /home/airflow/.local/lib/python3.7/site-packages/airflow/example_dags/example_task_group_decorator.py took 0.073 seconds
[2023-03-28T02:37:47.741+0000] {processor.py:153} INFO - Started process (PID=1236) to work on /home/airflow/.local/lib/python3.7/site-packages/airflow/example_dags/example_task_group_decorator.py
[2023-03-28T02:37:47.743+0000] {processor.py:743} INFO - Processing file /home/airflow/.local/lib/python3.7/site-packages/airflow/example_dags/example_task_group_decorator.py for tasks to queue
[2023-03-28T02:37:47.744+0000] {logging_mixin.py:137} INFO - [2023-03-28T02:37:47.744+0000] {dagbag.py:532} INFO - Filling up the DagBag from /home/airflow/.local/lib/python3.7/site-packages/airflow/example_dags/example_task_group_decorator.py
[2023-03-28T02:37:47.764+0000] {processor.py:753} INFO - DAG(s) dict_keys(['example_task_group_decorator']) retrieved from /home/airflow/.local/lib/python3.7/site-packages/airflow/example_dags/example_task_group_decorator.py
[2023-03-28T02:37:47.785+0000] {logging_mixin.py:137} INFO - [2023-03-28T02:37:47.785+0000] {dag.py:2693} INFO - Sync 1 DAGs
[2023-03-28T02:37:47.805+0000] {logging_mixin.py:137} INFO - [2023-03-28T02:37:47.805+0000] {dag.py:3444} INFO - Setting next_dagrun for example_task_group_decorator to 2023-03-27T02:37:47.805581+00:00, run_after=2023-03-28T02:37:47.805581+00:00
[2023-03-28T02:37:47.819+0000] {processor.py:175} INFO - Processing /home/airflow/.local/lib/python3.7/site-packages/airflow/example_dags/example_task_group_decorator.py took 0.080 seconds
[2023-03-28T02:38:18.390+0000] {processor.py:153} INFO - Started process (PID=1285) to work on /home/airflow/.local/lib/python3.7/site-packages/airflow/example_dags/example_task_group_decorator.py
[2023-03-28T02:38:18.392+0000] {processor.py:743} INFO - Processing file /home/airflow/.local/lib/python3.7/site-packages/airflow/example_dags/example_task_group_decorator.py for tasks to queue
[2023-03-28T02:38:18.394+0000] {logging_mixin.py:137} INFO - [2023-03-28T02:38:18.394+0000] {dagbag.py:532} INFO - Filling up the DagBag from /home/airflow/.local/lib/python3.7/site-packages/airflow/example_dags/example_task_group_decorator.py
[2023-03-28T02:38:18.420+0000] {processor.py:753} INFO - DAG(s) dict_keys(['example_task_group_decorator']) retrieved from /home/airflow/.local/lib/python3.7/site-packages/airflow/example_dags/example_task_group_decorator.py
[2023-03-28T02:38:18.450+0000] {logging_mixin.py:137} INFO - [2023-03-28T02:38:18.450+0000] {dag.py:2693} INFO - Sync 1 DAGs
[2023-03-28T02:38:18.472+0000] {logging_mixin.py:137} INFO - [2023-03-28T02:38:18.472+0000] {dag.py:3444} INFO - Setting next_dagrun for example_task_group_decorator to 2023-03-27T02:38:18.472620+00:00, run_after=2023-03-28T02:38:18.472620+00:00
[2023-03-28T02:38:18.489+0000] {processor.py:175} INFO - Processing /home/airflow/.local/lib/python3.7/site-packages/airflow/example_dags/example_task_group_decorator.py took 0.102 seconds
[2023-03-28T02:38:48.763+0000] {processor.py:153} INFO - Started process (PID=1335) to work on /home/airflow/.local/lib/python3.7/site-packages/airflow/example_dags/example_task_group_decorator.py
[2023-03-28T02:38:48.764+0000] {processor.py:743} INFO - Processing file /home/airflow/.local/lib/python3.7/site-packages/airflow/example_dags/example_task_group_decorator.py for tasks to queue
[2023-03-28T02:38:48.765+0000] {logging_mixin.py:137} INFO - [2023-03-28T02:38:48.765+0000] {dagbag.py:532} INFO - Filling up the DagBag from /home/airflow/.local/lib/python3.7/site-packages/airflow/example_dags/example_task_group_decorator.py
[2023-03-28T02:38:48.784+0000] {processor.py:753} INFO - DAG(s) dict_keys(['example_task_group_decorator']) retrieved from /home/airflow/.local/lib/python3.7/site-packages/airflow/example_dags/example_task_group_decorator.py
[2023-03-28T02:38:48.811+0000] {logging_mixin.py:137} INFO - [2023-03-28T02:38:48.811+0000] {dag.py:2693} INFO - Sync 1 DAGs
[2023-03-28T02:38:48.836+0000] {logging_mixin.py:137} INFO - [2023-03-28T02:38:48.835+0000] {dag.py:3444} INFO - Setting next_dagrun for example_task_group_decorator to 2023-03-27T02:38:48.835706+00:00, run_after=2023-03-28T02:38:48.835706+00:00
[2023-03-28T02:38:48.851+0000] {processor.py:175} INFO - Processing /home/airflow/.local/lib/python3.7/site-packages/airflow/example_dags/example_task_group_decorator.py took 0.091 seconds
[2023-03-28T02:39:19.186+0000] {processor.py:153} INFO - Started process (PID=1384) to work on /home/airflow/.local/lib/python3.7/site-packages/airflow/example_dags/example_task_group_decorator.py
[2023-03-28T02:39:19.188+0000] {processor.py:743} INFO - Processing file /home/airflow/.local/lib/python3.7/site-packages/airflow/example_dags/example_task_group_decorator.py for tasks to queue
[2023-03-28T02:39:19.189+0000] {logging_mixin.py:137} INFO - [2023-03-28T02:39:19.189+0000] {dagbag.py:532} INFO - Filling up the DagBag from /home/airflow/.local/lib/python3.7/site-packages/airflow/example_dags/example_task_group_decorator.py
[2023-03-28T02:39:19.207+0000] {processor.py:753} INFO - DAG(s) dict_keys(['example_task_group_decorator']) retrieved from /home/airflow/.local/lib/python3.7/site-packages/airflow/example_dags/example_task_group_decorator.py
[2023-03-28T02:39:19.227+0000] {logging_mixin.py:137} INFO - [2023-03-28T02:39:19.227+0000] {dag.py:2693} INFO - Sync 1 DAGs
[2023-03-28T02:39:19.243+0000] {logging_mixin.py:137} INFO - [2023-03-28T02:39:19.243+0000] {dag.py:3444} INFO - Setting next_dagrun for example_task_group_decorator to 2023-03-27T02:39:19.243356+00:00, run_after=2023-03-28T02:39:19.243356+00:00
[2023-03-28T02:39:19.256+0000] {processor.py:175} INFO - Processing /home/airflow/.local/lib/python3.7/site-packages/airflow/example_dags/example_task_group_decorator.py took 0.072 seconds
[2023-03-28T02:39:49.650+0000] {processor.py:153} INFO - Started process (PID=1433) to work on /home/airflow/.local/lib/python3.7/site-packages/airflow/example_dags/example_task_group_decorator.py
[2023-03-28T02:39:49.653+0000] {processor.py:743} INFO - Processing file /home/airflow/.local/lib/python3.7/site-packages/airflow/example_dags/example_task_group_decorator.py for tasks to queue
[2023-03-28T02:39:49.657+0000] {logging_mixin.py:137} INFO - [2023-03-28T02:39:49.657+0000] {dagbag.py:532} INFO - Filling up the DagBag from /home/airflow/.local/lib/python3.7/site-packages/airflow/example_dags/example_task_group_decorator.py
[2023-03-28T02:39:49.683+0000] {processor.py:753} INFO - DAG(s) dict_keys(['example_task_group_decorator']) retrieved from /home/airflow/.local/lib/python3.7/site-packages/airflow/example_dags/example_task_group_decorator.py
[2023-03-28T02:39:49.712+0000] {logging_mixin.py:137} INFO - [2023-03-28T02:39:49.712+0000] {dag.py:2693} INFO - Sync 1 DAGs
[2023-03-28T02:39:49.733+0000] {logging_mixin.py:137} INFO - [2023-03-28T02:39:49.733+0000] {dag.py:3444} INFO - Setting next_dagrun for example_task_group_decorator to 2023-03-27T02:39:49.733208+00:00, run_after=2023-03-28T02:39:49.733208+00:00
[2023-03-28T02:39:49.756+0000] {processor.py:175} INFO - Processing /home/airflow/.local/lib/python3.7/site-packages/airflow/example_dags/example_task_group_decorator.py took 0.110 seconds
[2023-03-28T02:40:20.286+0000] {processor.py:153} INFO - Started process (PID=1482) to work on /home/airflow/.local/lib/python3.7/site-packages/airflow/example_dags/example_task_group_decorator.py
[2023-03-28T02:40:20.288+0000] {processor.py:743} INFO - Processing file /home/airflow/.local/lib/python3.7/site-packages/airflow/example_dags/example_task_group_decorator.py for tasks to queue
[2023-03-28T02:40:20.289+0000] {logging_mixin.py:137} INFO - [2023-03-28T02:40:20.289+0000] {dagbag.py:532} INFO - Filling up the DagBag from /home/airflow/.local/lib/python3.7/site-packages/airflow/example_dags/example_task_group_decorator.py
[2023-03-28T02:40:20.308+0000] {processor.py:753} INFO - DAG(s) dict_keys(['example_task_group_decorator']) retrieved from /home/airflow/.local/lib/python3.7/site-packages/airflow/example_dags/example_task_group_decorator.py
[2023-03-28T02:40:20.332+0000] {logging_mixin.py:137} INFO - [2023-03-28T02:40:20.332+0000] {dag.py:2693} INFO - Sync 1 DAGs
[2023-03-28T02:40:20.349+0000] {logging_mixin.py:137} INFO - [2023-03-28T02:40:20.349+0000] {dag.py:3444} INFO - Setting next_dagrun for example_task_group_decorator to 2023-03-27T02:40:20.349130+00:00, run_after=2023-03-28T02:40:20.349130+00:00
[2023-03-28T02:40:20.362+0000] {processor.py:175} INFO - Processing /home/airflow/.local/lib/python3.7/site-packages/airflow/example_dags/example_task_group_decorator.py took 0.078 seconds
[2023-03-28T02:40:51.029+0000] {processor.py:153} INFO - Started process (PID=1531) to work on /home/airflow/.local/lib/python3.7/site-packages/airflow/example_dags/example_task_group_decorator.py
[2023-03-28T02:40:51.031+0000] {processor.py:743} INFO - Processing file /home/airflow/.local/lib/python3.7/site-packages/airflow/example_dags/example_task_group_decorator.py for tasks to queue
[2023-03-28T02:40:51.032+0000] {logging_mixin.py:137} INFO - [2023-03-28T02:40:51.032+0000] {dagbag.py:532} INFO - Filling up the DagBag from /home/airflow/.local/lib/python3.7/site-packages/airflow/example_dags/example_task_group_decorator.py
[2023-03-28T02:40:51.052+0000] {processor.py:753} INFO - DAG(s) dict_keys(['example_task_group_decorator']) retrieved from /home/airflow/.local/lib/python3.7/site-packages/airflow/example_dags/example_task_group_decorator.py
[2023-03-28T02:40:51.072+0000] {logging_mixin.py:137} INFO - [2023-03-28T02:40:51.072+0000] {dag.py:2693} INFO - Sync 1 DAGs
[2023-03-28T02:40:51.089+0000] {logging_mixin.py:137} INFO - [2023-03-28T02:40:51.089+0000] {dag.py:3444} INFO - Setting next_dagrun for example_task_group_decorator to 2023-03-27T02:40:51.089321+00:00, run_after=2023-03-28T02:40:51.089321+00:00
[2023-03-28T02:40:51.103+0000] {processor.py:175} INFO - Processing /home/airflow/.local/lib/python3.7/site-packages/airflow/example_dags/example_task_group_decorator.py took 0.076 seconds
