[2023-03-28T02:25:33.584+0000] {processor.py:153} INFO - Started process (PID=61) to work on /home/airflow/.local/lib/python3.7/site-packages/airflow/example_dags/example_branch_python_dop_operator_3.py
[2023-03-28T02:25:33.589+0000] {processor.py:743} INFO - Processing file /home/airflow/.local/lib/python3.7/site-packages/airflow/example_dags/example_branch_python_dop_operator_3.py for tasks to queue
[2023-03-28T02:25:33.595+0000] {logging_mixin.py:137} INFO - [2023-03-28T02:25:33.594+0000] {dagbag.py:532} INFO - Filling up the DagBag from /home/airflow/.local/lib/python3.7/site-packages/airflow/example_dags/example_branch_python_dop_operator_3.py
[2023-03-28T02:25:33.640+0000] {processor.py:753} INFO - DAG(s) dict_keys(['example_branch_dop_operator_v3']) retrieved from /home/airflow/.local/lib/python3.7/site-packages/airflow/example_dags/example_branch_python_dop_operator_3.py
[2023-03-28T02:25:33.657+0000] {logging_mixin.py:137} INFO - [2023-03-28T02:25:33.657+0000] {dag.py:2693} INFO - Sync 1 DAGs
[2023-03-28T02:25:33.701+0000] {logging_mixin.py:137} INFO - [2023-03-28T02:25:33.701+0000] {dag.py:3444} INFO - Setting next_dagrun for example_branch_dop_operator_v3 to 2023-03-28T02:24:00+00:00, run_after=2023-03-28T02:25:00+00:00
[2023-03-28T02:25:33.723+0000] {processor.py:175} INFO - Processing /home/airflow/.local/lib/python3.7/site-packages/airflow/example_dags/example_branch_python_dop_operator_3.py took 0.143 seconds
[2023-03-28T02:26:04.378+0000] {processor.py:153} INFO - Started process (PID=110) to work on /home/airflow/.local/lib/python3.7/site-packages/airflow/example_dags/example_branch_python_dop_operator_3.py
[2023-03-28T02:26:04.380+0000] {processor.py:743} INFO - Processing file /home/airflow/.local/lib/python3.7/site-packages/airflow/example_dags/example_branch_python_dop_operator_3.py for tasks to queue
[2023-03-28T02:26:04.381+0000] {logging_mixin.py:137} INFO - [2023-03-28T02:26:04.381+0000] {dagbag.py:532} INFO - Filling up the DagBag from /home/airflow/.local/lib/python3.7/site-packages/airflow/example_dags/example_branch_python_dop_operator_3.py
[2023-03-28T02:26:04.397+0000] {processor.py:753} INFO - DAG(s) dict_keys(['example_branch_dop_operator_v3']) retrieved from /home/airflow/.local/lib/python3.7/site-packages/airflow/example_dags/example_branch_python_dop_operator_3.py
[2023-03-28T02:26:04.415+0000] {logging_mixin.py:137} INFO - [2023-03-28T02:26:04.415+0000] {dag.py:2693} INFO - Sync 1 DAGs
[2023-03-28T02:26:04.435+0000] {logging_mixin.py:137} INFO - [2023-03-28T02:26:04.435+0000] {dag.py:3444} INFO - Setting next_dagrun for example_branch_dop_operator_v3 to 2023-03-28T02:25:00+00:00, run_after=2023-03-28T02:26:00+00:00
[2023-03-28T02:26:04.449+0000] {processor.py:175} INFO - Processing /home/airflow/.local/lib/python3.7/site-packages/airflow/example_dags/example_branch_python_dop_operator_3.py took 0.073 seconds
[2023-03-28T02:26:35.007+0000] {processor.py:153} INFO - Started process (PID=159) to work on /home/airflow/.local/lib/python3.7/site-packages/airflow/example_dags/example_branch_python_dop_operator_3.py
[2023-03-28T02:26:35.008+0000] {processor.py:743} INFO - Processing file /home/airflow/.local/lib/python3.7/site-packages/airflow/example_dags/example_branch_python_dop_operator_3.py for tasks to queue
[2023-03-28T02:26:35.010+0000] {logging_mixin.py:137} INFO - [2023-03-28T02:26:35.009+0000] {dagbag.py:532} INFO - Filling up the DagBag from /home/airflow/.local/lib/python3.7/site-packages/airflow/example_dags/example_branch_python_dop_operator_3.py
[2023-03-28T02:26:35.026+0000] {processor.py:753} INFO - DAG(s) dict_keys(['example_branch_dop_operator_v3']) retrieved from /home/airflow/.local/lib/python3.7/site-packages/airflow/example_dags/example_branch_python_dop_operator_3.py
[2023-03-28T02:26:35.047+0000] {logging_mixin.py:137} INFO - [2023-03-28T02:26:35.047+0000] {dag.py:2693} INFO - Sync 1 DAGs
[2023-03-28T02:26:35.068+0000] {logging_mixin.py:137} INFO - [2023-03-28T02:26:35.068+0000] {dag.py:3444} INFO - Setting next_dagrun for example_branch_dop_operator_v3 to 2023-03-28T02:25:00+00:00, run_after=2023-03-28T02:26:00+00:00
[2023-03-28T02:26:35.088+0000] {processor.py:175} INFO - Processing /home/airflow/.local/lib/python3.7/site-packages/airflow/example_dags/example_branch_python_dop_operator_3.py took 0.084 seconds
[2023-03-28T02:27:06.074+0000] {processor.py:153} INFO - Started process (PID=208) to work on /home/airflow/.local/lib/python3.7/site-packages/airflow/example_dags/example_branch_python_dop_operator_3.py
[2023-03-28T02:27:06.075+0000] {processor.py:743} INFO - Processing file /home/airflow/.local/lib/python3.7/site-packages/airflow/example_dags/example_branch_python_dop_operator_3.py for tasks to queue
[2023-03-28T02:27:06.076+0000] {logging_mixin.py:137} INFO - [2023-03-28T02:27:06.076+0000] {dagbag.py:532} INFO - Filling up the DagBag from /home/airflow/.local/lib/python3.7/site-packages/airflow/example_dags/example_branch_python_dop_operator_3.py
[2023-03-28T02:27:06.095+0000] {processor.py:753} INFO - DAG(s) dict_keys(['example_branch_dop_operator_v3']) retrieved from /home/airflow/.local/lib/python3.7/site-packages/airflow/example_dags/example_branch_python_dop_operator_3.py
[2023-03-28T02:27:06.113+0000] {logging_mixin.py:137} INFO - [2023-03-28T02:27:06.113+0000] {dag.py:2693} INFO - Sync 1 DAGs
[2023-03-28T02:27:06.138+0000] {logging_mixin.py:137} INFO - [2023-03-28T02:27:06.138+0000] {dag.py:3444} INFO - Setting next_dagrun for example_branch_dop_operator_v3 to 2023-03-28T02:26:00+00:00, run_after=2023-03-28T02:27:00+00:00
[2023-03-28T02:27:06.152+0000] {processor.py:175} INFO - Processing /home/airflow/.local/lib/python3.7/site-packages/airflow/example_dags/example_branch_python_dop_operator_3.py took 0.080 seconds
[2023-03-28T02:27:36.662+0000] {processor.py:153} INFO - Started process (PID=257) to work on /home/airflow/.local/lib/python3.7/site-packages/airflow/example_dags/example_branch_python_dop_operator_3.py
[2023-03-28T02:27:36.664+0000] {processor.py:743} INFO - Processing file /home/airflow/.local/lib/python3.7/site-packages/airflow/example_dags/example_branch_python_dop_operator_3.py for tasks to queue
[2023-03-28T02:27:36.665+0000] {logging_mixin.py:137} INFO - [2023-03-28T02:27:36.665+0000] {dagbag.py:532} INFO - Filling up the DagBag from /home/airflow/.local/lib/python3.7/site-packages/airflow/example_dags/example_branch_python_dop_operator_3.py
[2023-03-28T02:27:36.682+0000] {processor.py:753} INFO - DAG(s) dict_keys(['example_branch_dop_operator_v3']) retrieved from /home/airflow/.local/lib/python3.7/site-packages/airflow/example_dags/example_branch_python_dop_operator_3.py
[2023-03-28T02:27:36.707+0000] {logging_mixin.py:137} INFO - [2023-03-28T02:27:36.707+0000] {dag.py:2693} INFO - Sync 1 DAGs
[2023-03-28T02:27:36.728+0000] {logging_mixin.py:137} INFO - [2023-03-28T02:27:36.728+0000] {dag.py:3444} INFO - Setting next_dagrun for example_branch_dop_operator_v3 to 2023-03-28T02:26:00+00:00, run_after=2023-03-28T02:27:00+00:00
[2023-03-28T02:27:36.742+0000] {processor.py:175} INFO - Processing /home/airflow/.local/lib/python3.7/site-packages/airflow/example_dags/example_branch_python_dop_operator_3.py took 0.082 seconds
[2023-03-28T02:28:07.342+0000] {processor.py:153} INFO - Started process (PID=306) to work on /home/airflow/.local/lib/python3.7/site-packages/airflow/example_dags/example_branch_python_dop_operator_3.py
[2023-03-28T02:28:07.347+0000] {processor.py:743} INFO - Processing file /home/airflow/.local/lib/python3.7/site-packages/airflow/example_dags/example_branch_python_dop_operator_3.py for tasks to queue
[2023-03-28T02:28:07.348+0000] {logging_mixin.py:137} INFO - [2023-03-28T02:28:07.348+0000] {dagbag.py:532} INFO - Filling up the DagBag from /home/airflow/.local/lib/python3.7/site-packages/airflow/example_dags/example_branch_python_dop_operator_3.py
[2023-03-28T02:28:07.368+0000] {processor.py:753} INFO - DAG(s) dict_keys(['example_branch_dop_operator_v3']) retrieved from /home/airflow/.local/lib/python3.7/site-packages/airflow/example_dags/example_branch_python_dop_operator_3.py
[2023-03-28T02:28:07.389+0000] {logging_mixin.py:137} INFO - [2023-03-28T02:28:07.389+0000] {dag.py:2693} INFO - Sync 1 DAGs
[2023-03-28T02:28:07.411+0000] {logging_mixin.py:137} INFO - [2023-03-28T02:28:07.411+0000] {dag.py:3444} INFO - Setting next_dagrun for example_branch_dop_operator_v3 to 2023-03-28T02:27:00+00:00, run_after=2023-03-28T02:28:00+00:00
[2023-03-28T02:28:07.425+0000] {processor.py:175} INFO - Processing /home/airflow/.local/lib/python3.7/site-packages/airflow/example_dags/example_branch_python_dop_operator_3.py took 0.086 seconds
[2023-03-28T02:28:37.978+0000] {processor.py:153} INFO - Started process (PID=355) to work on /home/airflow/.local/lib/python3.7/site-packages/airflow/example_dags/example_branch_python_dop_operator_3.py
[2023-03-28T02:28:37.980+0000] {processor.py:743} INFO - Processing file /home/airflow/.local/lib/python3.7/site-packages/airflow/example_dags/example_branch_python_dop_operator_3.py for tasks to queue
[2023-03-28T02:28:37.981+0000] {logging_mixin.py:137} INFO - [2023-03-28T02:28:37.981+0000] {dagbag.py:532} INFO - Filling up the DagBag from /home/airflow/.local/lib/python3.7/site-packages/airflow/example_dags/example_branch_python_dop_operator_3.py
[2023-03-28T02:28:37.999+0000] {processor.py:753} INFO - DAG(s) dict_keys(['example_branch_dop_operator_v3']) retrieved from /home/airflow/.local/lib/python3.7/site-packages/airflow/example_dags/example_branch_python_dop_operator_3.py
[2023-03-28T02:28:38.018+0000] {logging_mixin.py:137} INFO - [2023-03-28T02:28:38.018+0000] {dag.py:2693} INFO - Sync 1 DAGs
[2023-03-28T02:28:38.037+0000] {logging_mixin.py:137} INFO - [2023-03-28T02:28:38.037+0000] {dag.py:3444} INFO - Setting next_dagrun for example_branch_dop_operator_v3 to 2023-03-28T02:27:00+00:00, run_after=2023-03-28T02:28:00+00:00
[2023-03-28T02:28:38.049+0000] {processor.py:175} INFO - Processing /home/airflow/.local/lib/python3.7/site-packages/airflow/example_dags/example_branch_python_dop_operator_3.py took 0.073 seconds
[2023-03-28T02:29:08.729+0000] {processor.py:153} INFO - Started process (PID=404) to work on /home/airflow/.local/lib/python3.7/site-packages/airflow/example_dags/example_branch_python_dop_operator_3.py
[2023-03-28T02:29:08.731+0000] {processor.py:743} INFO - Processing file /home/airflow/.local/lib/python3.7/site-packages/airflow/example_dags/example_branch_python_dop_operator_3.py for tasks to queue
[2023-03-28T02:29:08.732+0000] {logging_mixin.py:137} INFO - [2023-03-28T02:29:08.732+0000] {dagbag.py:532} INFO - Filling up the DagBag from /home/airflow/.local/lib/python3.7/site-packages/airflow/example_dags/example_branch_python_dop_operator_3.py
[2023-03-28T02:29:08.751+0000] {processor.py:753} INFO - DAG(s) dict_keys(['example_branch_dop_operator_v3']) retrieved from /home/airflow/.local/lib/python3.7/site-packages/airflow/example_dags/example_branch_python_dop_operator_3.py
[2023-03-28T02:29:08.771+0000] {logging_mixin.py:137} INFO - [2023-03-28T02:29:08.771+0000] {dag.py:2693} INFO - Sync 1 DAGs
[2023-03-28T02:29:08.792+0000] {logging_mixin.py:137} INFO - [2023-03-28T02:29:08.792+0000] {dag.py:3444} INFO - Setting next_dagrun for example_branch_dop_operator_v3 to 2023-03-28T02:28:00+00:00, run_after=2023-03-28T02:29:00+00:00
[2023-03-28T02:29:08.806+0000] {processor.py:175} INFO - Processing /home/airflow/.local/lib/python3.7/site-packages/airflow/example_dags/example_branch_python_dop_operator_3.py took 0.080 seconds
[2023-03-28T02:29:39.326+0000] {processor.py:153} INFO - Started process (PID=453) to work on /home/airflow/.local/lib/python3.7/site-packages/airflow/example_dags/example_branch_python_dop_operator_3.py
[2023-03-28T02:29:39.327+0000] {processor.py:743} INFO - Processing file /home/airflow/.local/lib/python3.7/site-packages/airflow/example_dags/example_branch_python_dop_operator_3.py for tasks to queue
[2023-03-28T02:29:39.328+0000] {logging_mixin.py:137} INFO - [2023-03-28T02:29:39.328+0000] {dagbag.py:532} INFO - Filling up the DagBag from /home/airflow/.local/lib/python3.7/site-packages/airflow/example_dags/example_branch_python_dop_operator_3.py
[2023-03-28T02:29:39.346+0000] {processor.py:753} INFO - DAG(s) dict_keys(['example_branch_dop_operator_v3']) retrieved from /home/airflow/.local/lib/python3.7/site-packages/airflow/example_dags/example_branch_python_dop_operator_3.py
[2023-03-28T02:29:39.368+0000] {logging_mixin.py:137} INFO - [2023-03-28T02:29:39.368+0000] {dag.py:2693} INFO - Sync 1 DAGs
[2023-03-28T02:29:39.388+0000] {logging_mixin.py:137} INFO - [2023-03-28T02:29:39.388+0000] {dag.py:3444} INFO - Setting next_dagrun for example_branch_dop_operator_v3 to 2023-03-28T02:28:00+00:00, run_after=2023-03-28T02:29:00+00:00
[2023-03-28T02:29:39.403+0000] {processor.py:175} INFO - Processing /home/airflow/.local/lib/python3.7/site-packages/airflow/example_dags/example_branch_python_dop_operator_3.py took 0.080 seconds
[2023-03-28T02:30:10.099+0000] {processor.py:153} INFO - Started process (PID=502) to work on /home/airflow/.local/lib/python3.7/site-packages/airflow/example_dags/example_branch_python_dop_operator_3.py
[2023-03-28T02:30:10.101+0000] {processor.py:743} INFO - Processing file /home/airflow/.local/lib/python3.7/site-packages/airflow/example_dags/example_branch_python_dop_operator_3.py for tasks to queue
[2023-03-28T02:30:10.102+0000] {logging_mixin.py:137} INFO - [2023-03-28T02:30:10.102+0000] {dagbag.py:532} INFO - Filling up the DagBag from /home/airflow/.local/lib/python3.7/site-packages/airflow/example_dags/example_branch_python_dop_operator_3.py
[2023-03-28T02:30:10.117+0000] {processor.py:753} INFO - DAG(s) dict_keys(['example_branch_dop_operator_v3']) retrieved from /home/airflow/.local/lib/python3.7/site-packages/airflow/example_dags/example_branch_python_dop_operator_3.py
[2023-03-28T02:30:10.135+0000] {logging_mixin.py:137} INFO - [2023-03-28T02:30:10.135+0000] {dag.py:2693} INFO - Sync 1 DAGs
[2023-03-28T02:30:10.153+0000] {logging_mixin.py:137} INFO - [2023-03-28T02:30:10.152+0000] {dag.py:3444} INFO - Setting next_dagrun for example_branch_dop_operator_v3 to 2023-03-28T02:29:00+00:00, run_after=2023-03-28T02:30:00+00:00
[2023-03-28T02:30:10.165+0000] {processor.py:175} INFO - Processing /home/airflow/.local/lib/python3.7/site-packages/airflow/example_dags/example_branch_python_dop_operator_3.py took 0.068 seconds
[2023-03-28T02:30:40.703+0000] {processor.py:153} INFO - Started process (PID=551) to work on /home/airflow/.local/lib/python3.7/site-packages/airflow/example_dags/example_branch_python_dop_operator_3.py
[2023-03-28T02:30:40.704+0000] {processor.py:743} INFO - Processing file /home/airflow/.local/lib/python3.7/site-packages/airflow/example_dags/example_branch_python_dop_operator_3.py for tasks to queue
[2023-03-28T02:30:40.705+0000] {logging_mixin.py:137} INFO - [2023-03-28T02:30:40.705+0000] {dagbag.py:532} INFO - Filling up the DagBag from /home/airflow/.local/lib/python3.7/site-packages/airflow/example_dags/example_branch_python_dop_operator_3.py
[2023-03-28T02:30:40.720+0000] {processor.py:753} INFO - DAG(s) dict_keys(['example_branch_dop_operator_v3']) retrieved from /home/airflow/.local/lib/python3.7/site-packages/airflow/example_dags/example_branch_python_dop_operator_3.py
[2023-03-28T02:30:40.738+0000] {logging_mixin.py:137} INFO - [2023-03-28T02:30:40.738+0000] {dag.py:2693} INFO - Sync 1 DAGs
[2023-03-28T02:30:40.756+0000] {logging_mixin.py:137} INFO - [2023-03-28T02:30:40.756+0000] {dag.py:3444} INFO - Setting next_dagrun for example_branch_dop_operator_v3 to 2023-03-28T02:29:00+00:00, run_after=2023-03-28T02:30:00+00:00
[2023-03-28T02:30:40.770+0000] {processor.py:175} INFO - Processing /home/airflow/.local/lib/python3.7/site-packages/airflow/example_dags/example_branch_python_dop_operator_3.py took 0.069 seconds
[2023-03-28T02:31:11.533+0000] {processor.py:153} INFO - Started process (PID=600) to work on /home/airflow/.local/lib/python3.7/site-packages/airflow/example_dags/example_branch_python_dop_operator_3.py
[2023-03-28T02:31:11.536+0000] {processor.py:743} INFO - Processing file /home/airflow/.local/lib/python3.7/site-packages/airflow/example_dags/example_branch_python_dop_operator_3.py for tasks to queue
[2023-03-28T02:31:11.538+0000] {logging_mixin.py:137} INFO - [2023-03-28T02:31:11.538+0000] {dagbag.py:532} INFO - Filling up the DagBag from /home/airflow/.local/lib/python3.7/site-packages/airflow/example_dags/example_branch_python_dop_operator_3.py
[2023-03-28T02:31:11.555+0000] {processor.py:753} INFO - DAG(s) dict_keys(['example_branch_dop_operator_v3']) retrieved from /home/airflow/.local/lib/python3.7/site-packages/airflow/example_dags/example_branch_python_dop_operator_3.py
[2023-03-28T02:31:11.577+0000] {logging_mixin.py:137} INFO - [2023-03-28T02:31:11.577+0000] {dag.py:2693} INFO - Sync 1 DAGs
[2023-03-28T02:31:11.597+0000] {logging_mixin.py:137} INFO - [2023-03-28T02:31:11.597+0000] {dag.py:3444} INFO - Setting next_dagrun for example_branch_dop_operator_v3 to 2023-03-28T02:30:00+00:00, run_after=2023-03-28T02:31:00+00:00
[2023-03-28T02:31:11.611+0000] {processor.py:175} INFO - Processing /home/airflow/.local/lib/python3.7/site-packages/airflow/example_dags/example_branch_python_dop_operator_3.py took 0.081 seconds
[2023-03-28T02:31:42.303+0000] {processor.py:153} INFO - Started process (PID=650) to work on /home/airflow/.local/lib/python3.7/site-packages/airflow/example_dags/example_branch_python_dop_operator_3.py
[2023-03-28T02:31:42.306+0000] {processor.py:743} INFO - Processing file /home/airflow/.local/lib/python3.7/site-packages/airflow/example_dags/example_branch_python_dop_operator_3.py for tasks to queue
[2023-03-28T02:31:42.307+0000] {logging_mixin.py:137} INFO - [2023-03-28T02:31:42.307+0000] {dagbag.py:532} INFO - Filling up the DagBag from /home/airflow/.local/lib/python3.7/site-packages/airflow/example_dags/example_branch_python_dop_operator_3.py
[2023-03-28T02:31:42.337+0000] {processor.py:753} INFO - DAG(s) dict_keys(['example_branch_dop_operator_v3']) retrieved from /home/airflow/.local/lib/python3.7/site-packages/airflow/example_dags/example_branch_python_dop_operator_3.py
[2023-03-28T02:31:42.364+0000] {logging_mixin.py:137} INFO - [2023-03-28T02:31:42.364+0000] {dag.py:2693} INFO - Sync 1 DAGs
[2023-03-28T02:31:42.397+0000] {logging_mixin.py:137} INFO - [2023-03-28T02:31:42.397+0000] {dag.py:3444} INFO - Setting next_dagrun for example_branch_dop_operator_v3 to 2023-03-28T02:30:00+00:00, run_after=2023-03-28T02:31:00+00:00
[2023-03-28T02:31:42.439+0000] {processor.py:175} INFO - Processing /home/airflow/.local/lib/python3.7/site-packages/airflow/example_dags/example_branch_python_dop_operator_3.py took 0.140 seconds
[2023-03-28T02:32:13.008+0000] {processor.py:153} INFO - Started process (PID=699) to work on /home/airflow/.local/lib/python3.7/site-packages/airflow/example_dags/example_branch_python_dop_operator_3.py
[2023-03-28T02:32:13.011+0000] {processor.py:743} INFO - Processing file /home/airflow/.local/lib/python3.7/site-packages/airflow/example_dags/example_branch_python_dop_operator_3.py for tasks to queue
[2023-03-28T02:32:13.013+0000] {logging_mixin.py:137} INFO - [2023-03-28T02:32:13.013+0000] {dagbag.py:532} INFO - Filling up the DagBag from /home/airflow/.local/lib/python3.7/site-packages/airflow/example_dags/example_branch_python_dop_operator_3.py
[2023-03-28T02:32:13.051+0000] {processor.py:753} INFO - DAG(s) dict_keys(['example_branch_dop_operator_v3']) retrieved from /home/airflow/.local/lib/python3.7/site-packages/airflow/example_dags/example_branch_python_dop_operator_3.py
[2023-03-28T02:32:13.073+0000] {logging_mixin.py:137} INFO - [2023-03-28T02:32:13.073+0000] {dag.py:2693} INFO - Sync 1 DAGs
[2023-03-28T02:32:13.094+0000] {logging_mixin.py:137} INFO - [2023-03-28T02:32:13.094+0000] {dag.py:3444} INFO - Setting next_dagrun for example_branch_dop_operator_v3 to 2023-03-28T02:31:00+00:00, run_after=2023-03-28T02:32:00+00:00
[2023-03-28T02:32:13.111+0000] {processor.py:175} INFO - Processing /home/airflow/.local/lib/python3.7/site-packages/airflow/example_dags/example_branch_python_dop_operator_3.py took 0.106 seconds
[2023-03-28T02:32:43.697+0000] {processor.py:153} INFO - Started process (PID=748) to work on /home/airflow/.local/lib/python3.7/site-packages/airflow/example_dags/example_branch_python_dop_operator_3.py
[2023-03-28T02:32:43.699+0000] {processor.py:743} INFO - Processing file /home/airflow/.local/lib/python3.7/site-packages/airflow/example_dags/example_branch_python_dop_operator_3.py for tasks to queue
[2023-03-28T02:32:43.701+0000] {logging_mixin.py:137} INFO - [2023-03-28T02:32:43.700+0000] {dagbag.py:532} INFO - Filling up the DagBag from /home/airflow/.local/lib/python3.7/site-packages/airflow/example_dags/example_branch_python_dop_operator_3.py
[2023-03-28T02:32:43.717+0000] {processor.py:753} INFO - DAG(s) dict_keys(['example_branch_dop_operator_v3']) retrieved from /home/airflow/.local/lib/python3.7/site-packages/airflow/example_dags/example_branch_python_dop_operator_3.py
[2023-03-28T02:32:43.737+0000] {logging_mixin.py:137} INFO - [2023-03-28T02:32:43.737+0000] {dag.py:2693} INFO - Sync 1 DAGs
[2023-03-28T02:32:43.757+0000] {logging_mixin.py:137} INFO - [2023-03-28T02:32:43.757+0000] {dag.py:3444} INFO - Setting next_dagrun for example_branch_dop_operator_v3 to 2023-03-28T02:31:00+00:00, run_after=2023-03-28T02:32:00+00:00
[2023-03-28T02:32:43.770+0000] {processor.py:175} INFO - Processing /home/airflow/.local/lib/python3.7/site-packages/airflow/example_dags/example_branch_python_dop_operator_3.py took 0.076 seconds
[2023-03-28T02:33:14.612+0000] {processor.py:153} INFO - Started process (PID=797) to work on /home/airflow/.local/lib/python3.7/site-packages/airflow/example_dags/example_branch_python_dop_operator_3.py
[2023-03-28T02:33:14.614+0000] {processor.py:743} INFO - Processing file /home/airflow/.local/lib/python3.7/site-packages/airflow/example_dags/example_branch_python_dop_operator_3.py for tasks to queue
[2023-03-28T02:33:14.616+0000] {logging_mixin.py:137} INFO - [2023-03-28T02:33:14.615+0000] {dagbag.py:532} INFO - Filling up the DagBag from /home/airflow/.local/lib/python3.7/site-packages/airflow/example_dags/example_branch_python_dop_operator_3.py
[2023-03-28T02:33:14.633+0000] {processor.py:753} INFO - DAG(s) dict_keys(['example_branch_dop_operator_v3']) retrieved from /home/airflow/.local/lib/python3.7/site-packages/airflow/example_dags/example_branch_python_dop_operator_3.py
[2023-03-28T02:33:14.656+0000] {logging_mixin.py:137} INFO - [2023-03-28T02:33:14.656+0000] {dag.py:2693} INFO - Sync 1 DAGs
[2023-03-28T02:33:14.676+0000] {logging_mixin.py:137} INFO - [2023-03-28T02:33:14.675+0000] {dag.py:3444} INFO - Setting next_dagrun for example_branch_dop_operator_v3 to 2023-03-28T02:32:00+00:00, run_after=2023-03-28T02:33:00+00:00
[2023-03-28T02:33:14.691+0000] {processor.py:175} INFO - Processing /home/airflow/.local/lib/python3.7/site-packages/airflow/example_dags/example_branch_python_dop_operator_3.py took 0.081 seconds
[2023-03-28T02:33:45.301+0000] {processor.py:153} INFO - Started process (PID=846) to work on /home/airflow/.local/lib/python3.7/site-packages/airflow/example_dags/example_branch_python_dop_operator_3.py
[2023-03-28T02:33:45.302+0000] {processor.py:743} INFO - Processing file /home/airflow/.local/lib/python3.7/site-packages/airflow/example_dags/example_branch_python_dop_operator_3.py for tasks to queue
[2023-03-28T02:33:45.303+0000] {logging_mixin.py:137} INFO - [2023-03-28T02:33:45.302+0000] {dagbag.py:532} INFO - Filling up the DagBag from /home/airflow/.local/lib/python3.7/site-packages/airflow/example_dags/example_branch_python_dop_operator_3.py
[2023-03-28T02:33:45.319+0000] {processor.py:753} INFO - DAG(s) dict_keys(['example_branch_dop_operator_v3']) retrieved from /home/airflow/.local/lib/python3.7/site-packages/airflow/example_dags/example_branch_python_dop_operator_3.py
[2023-03-28T02:33:45.346+0000] {logging_mixin.py:137} INFO - [2023-03-28T02:33:45.346+0000] {dag.py:2693} INFO - Sync 1 DAGs
[2023-03-28T02:33:45.371+0000] {logging_mixin.py:137} INFO - [2023-03-28T02:33:45.370+0000] {dag.py:3444} INFO - Setting next_dagrun for example_branch_dop_operator_v3 to 2023-03-28T02:32:00+00:00, run_after=2023-03-28T02:33:00+00:00
[2023-03-28T02:33:45.385+0000] {processor.py:175} INFO - Processing /home/airflow/.local/lib/python3.7/site-packages/airflow/example_dags/example_branch_python_dop_operator_3.py took 0.087 seconds
[2023-03-28T02:34:15.754+0000] {processor.py:153} INFO - Started process (PID=895) to work on /home/airflow/.local/lib/python3.7/site-packages/airflow/example_dags/example_branch_python_dop_operator_3.py
[2023-03-28T02:34:15.756+0000] {processor.py:743} INFO - Processing file /home/airflow/.local/lib/python3.7/site-packages/airflow/example_dags/example_branch_python_dop_operator_3.py for tasks to queue
[2023-03-28T02:34:15.757+0000] {logging_mixin.py:137} INFO - [2023-03-28T02:34:15.757+0000] {dagbag.py:532} INFO - Filling up the DagBag from /home/airflow/.local/lib/python3.7/site-packages/airflow/example_dags/example_branch_python_dop_operator_3.py
[2023-03-28T02:34:15.772+0000] {processor.py:753} INFO - DAG(s) dict_keys(['example_branch_dop_operator_v3']) retrieved from /home/airflow/.local/lib/python3.7/site-packages/airflow/example_dags/example_branch_python_dop_operator_3.py
[2023-03-28T02:34:15.791+0000] {logging_mixin.py:137} INFO - [2023-03-28T02:34:15.791+0000] {dag.py:2693} INFO - Sync 1 DAGs
[2023-03-28T02:34:15.810+0000] {logging_mixin.py:137} INFO - [2023-03-28T02:34:15.810+0000] {dag.py:3444} INFO - Setting next_dagrun for example_branch_dop_operator_v3 to 2023-03-28T02:33:00+00:00, run_after=2023-03-28T02:34:00+00:00
[2023-03-28T02:34:15.823+0000] {processor.py:175} INFO - Processing /home/airflow/.local/lib/python3.7/site-packages/airflow/example_dags/example_branch_python_dop_operator_3.py took 0.071 seconds
[2023-03-28T02:34:46.119+0000] {processor.py:153} INFO - Started process (PID=944) to work on /home/airflow/.local/lib/python3.7/site-packages/airflow/example_dags/example_branch_python_dop_operator_3.py
[2023-03-28T02:34:46.121+0000] {processor.py:743} INFO - Processing file /home/airflow/.local/lib/python3.7/site-packages/airflow/example_dags/example_branch_python_dop_operator_3.py for tasks to queue
[2023-03-28T02:34:46.122+0000] {logging_mixin.py:137} INFO - [2023-03-28T02:34:46.122+0000] {dagbag.py:532} INFO - Filling up the DagBag from /home/airflow/.local/lib/python3.7/site-packages/airflow/example_dags/example_branch_python_dop_operator_3.py
[2023-03-28T02:34:46.138+0000] {processor.py:753} INFO - DAG(s) dict_keys(['example_branch_dop_operator_v3']) retrieved from /home/airflow/.local/lib/python3.7/site-packages/airflow/example_dags/example_branch_python_dop_operator_3.py
[2023-03-28T02:34:46.178+0000] {logging_mixin.py:137} INFO - [2023-03-28T02:34:46.178+0000] {dag.py:2693} INFO - Sync 1 DAGs
[2023-03-28T02:34:46.240+0000] {logging_mixin.py:137} INFO - [2023-03-28T02:34:46.240+0000] {dag.py:3444} INFO - Setting next_dagrun for example_branch_dop_operator_v3 to 2023-03-28T02:33:00+00:00, run_after=2023-03-28T02:34:00+00:00
[2023-03-28T02:34:46.285+0000] {processor.py:175} INFO - Processing /home/airflow/.local/lib/python3.7/site-packages/airflow/example_dags/example_branch_python_dop_operator_3.py took 0.169 seconds
[2023-03-28T02:35:16.839+0000] {processor.py:153} INFO - Started process (PID=993) to work on /home/airflow/.local/lib/python3.7/site-packages/airflow/example_dags/example_branch_python_dop_operator_3.py
[2023-03-28T02:35:16.840+0000] {processor.py:743} INFO - Processing file /home/airflow/.local/lib/python3.7/site-packages/airflow/example_dags/example_branch_python_dop_operator_3.py for tasks to queue
[2023-03-28T02:35:16.841+0000] {logging_mixin.py:137} INFO - [2023-03-28T02:35:16.841+0000] {dagbag.py:532} INFO - Filling up the DagBag from /home/airflow/.local/lib/python3.7/site-packages/airflow/example_dags/example_branch_python_dop_operator_3.py
[2023-03-28T02:35:16.859+0000] {processor.py:753} INFO - DAG(s) dict_keys(['example_branch_dop_operator_v3']) retrieved from /home/airflow/.local/lib/python3.7/site-packages/airflow/example_dags/example_branch_python_dop_operator_3.py
[2023-03-28T02:35:16.878+0000] {logging_mixin.py:137} INFO - [2023-03-28T02:35:16.877+0000] {dag.py:2693} INFO - Sync 1 DAGs
[2023-03-28T02:35:16.896+0000] {logging_mixin.py:137} INFO - [2023-03-28T02:35:16.896+0000] {dag.py:3444} INFO - Setting next_dagrun for example_branch_dop_operator_v3 to 2023-03-28T02:34:00+00:00, run_after=2023-03-28T02:35:00+00:00
[2023-03-28T02:35:16.910+0000] {processor.py:175} INFO - Processing /home/airflow/.local/lib/python3.7/site-packages/airflow/example_dags/example_branch_python_dop_operator_3.py took 0.074 seconds
[2023-03-28T02:35:47.280+0000] {processor.py:153} INFO - Started process (PID=1044) to work on /home/airflow/.local/lib/python3.7/site-packages/airflow/example_dags/example_branch_python_dop_operator_3.py
[2023-03-28T02:35:47.283+0000] {processor.py:743} INFO - Processing file /home/airflow/.local/lib/python3.7/site-packages/airflow/example_dags/example_branch_python_dop_operator_3.py for tasks to queue
[2023-03-28T02:35:47.285+0000] {logging_mixin.py:137} INFO - [2023-03-28T02:35:47.285+0000] {dagbag.py:532} INFO - Filling up the DagBag from /home/airflow/.local/lib/python3.7/site-packages/airflow/example_dags/example_branch_python_dop_operator_3.py
[2023-03-28T02:35:47.304+0000] {processor.py:753} INFO - DAG(s) dict_keys(['example_branch_dop_operator_v3']) retrieved from /home/airflow/.local/lib/python3.7/site-packages/airflow/example_dags/example_branch_python_dop_operator_3.py
[2023-03-28T02:35:47.322+0000] {logging_mixin.py:137} INFO - [2023-03-28T02:35:47.322+0000] {dag.py:2693} INFO - Sync 1 DAGs
[2023-03-28T02:35:47.342+0000] {logging_mixin.py:137} INFO - [2023-03-28T02:35:47.342+0000] {dag.py:3444} INFO - Setting next_dagrun for example_branch_dop_operator_v3 to 2023-03-28T02:34:00+00:00, run_after=2023-03-28T02:35:00+00:00
[2023-03-28T02:35:47.355+0000] {processor.py:175} INFO - Processing /home/airflow/.local/lib/python3.7/site-packages/airflow/example_dags/example_branch_python_dop_operator_3.py took 0.077 seconds
[2023-03-28T02:36:17.586+0000] {processor.py:153} INFO - Started process (PID=1094) to work on /home/airflow/.local/lib/python3.7/site-packages/airflow/example_dags/example_branch_python_dop_operator_3.py
[2023-03-28T02:36:17.588+0000] {processor.py:743} INFO - Processing file /home/airflow/.local/lib/python3.7/site-packages/airflow/example_dags/example_branch_python_dop_operator_3.py for tasks to queue
[2023-03-28T02:36:17.590+0000] {logging_mixin.py:137} INFO - [2023-03-28T02:36:17.590+0000] {dagbag.py:532} INFO - Filling up the DagBag from /home/airflow/.local/lib/python3.7/site-packages/airflow/example_dags/example_branch_python_dop_operator_3.py
[2023-03-28T02:36:17.607+0000] {processor.py:753} INFO - DAG(s) dict_keys(['example_branch_dop_operator_v3']) retrieved from /home/airflow/.local/lib/python3.7/site-packages/airflow/example_dags/example_branch_python_dop_operator_3.py
[2023-03-28T02:36:17.627+0000] {logging_mixin.py:137} INFO - [2023-03-28T02:36:17.627+0000] {dag.py:2693} INFO - Sync 1 DAGs
[2023-03-28T02:36:17.646+0000] {logging_mixin.py:137} INFO - [2023-03-28T02:36:17.646+0000] {dag.py:3444} INFO - Setting next_dagrun for example_branch_dop_operator_v3 to 2023-03-28T02:35:00+00:00, run_after=2023-03-28T02:36:00+00:00
[2023-03-28T02:36:17.659+0000] {processor.py:175} INFO - Processing /home/airflow/.local/lib/python3.7/site-packages/airflow/example_dags/example_branch_python_dop_operator_3.py took 0.075 seconds
[2023-03-28T02:36:48.071+0000] {processor.py:153} INFO - Started process (PID=1143) to work on /home/airflow/.local/lib/python3.7/site-packages/airflow/example_dags/example_branch_python_dop_operator_3.py
[2023-03-28T02:36:48.073+0000] {processor.py:743} INFO - Processing file /home/airflow/.local/lib/python3.7/site-packages/airflow/example_dags/example_branch_python_dop_operator_3.py for tasks to queue
[2023-03-28T02:36:48.074+0000] {logging_mixin.py:137} INFO - [2023-03-28T02:36:48.074+0000] {dagbag.py:532} INFO - Filling up the DagBag from /home/airflow/.local/lib/python3.7/site-packages/airflow/example_dags/example_branch_python_dop_operator_3.py
[2023-03-28T02:36:48.090+0000] {processor.py:753} INFO - DAG(s) dict_keys(['example_branch_dop_operator_v3']) retrieved from /home/airflow/.local/lib/python3.7/site-packages/airflow/example_dags/example_branch_python_dop_operator_3.py
[2023-03-28T02:36:48.111+0000] {logging_mixin.py:137} INFO - [2023-03-28T02:36:48.111+0000] {dag.py:2693} INFO - Sync 1 DAGs
[2023-03-28T02:36:48.130+0000] {logging_mixin.py:137} INFO - [2023-03-28T02:36:48.130+0000] {dag.py:3444} INFO - Setting next_dagrun for example_branch_dop_operator_v3 to 2023-03-28T02:35:00+00:00, run_after=2023-03-28T02:36:00+00:00
[2023-03-28T02:36:48.145+0000] {processor.py:175} INFO - Processing /home/airflow/.local/lib/python3.7/site-packages/airflow/example_dags/example_branch_python_dop_operator_3.py took 0.076 seconds
[2023-03-28T02:37:18.537+0000] {processor.py:153} INFO - Started process (PID=1193) to work on /home/airflow/.local/lib/python3.7/site-packages/airflow/example_dags/example_branch_python_dop_operator_3.py
[2023-03-28T02:37:18.540+0000] {processor.py:743} INFO - Processing file /home/airflow/.local/lib/python3.7/site-packages/airflow/example_dags/example_branch_python_dop_operator_3.py for tasks to queue
[2023-03-28T02:37:18.541+0000] {logging_mixin.py:137} INFO - [2023-03-28T02:37:18.541+0000] {dagbag.py:532} INFO - Filling up the DagBag from /home/airflow/.local/lib/python3.7/site-packages/airflow/example_dags/example_branch_python_dop_operator_3.py
[2023-03-28T02:37:18.559+0000] {processor.py:753} INFO - DAG(s) dict_keys(['example_branch_dop_operator_v3']) retrieved from /home/airflow/.local/lib/python3.7/site-packages/airflow/example_dags/example_branch_python_dop_operator_3.py
[2023-03-28T02:37:18.578+0000] {logging_mixin.py:137} INFO - [2023-03-28T02:37:18.578+0000] {dag.py:2693} INFO - Sync 1 DAGs
[2023-03-28T02:37:18.597+0000] {logging_mixin.py:137} INFO - [2023-03-28T02:37:18.597+0000] {dag.py:3444} INFO - Setting next_dagrun for example_branch_dop_operator_v3 to 2023-03-28T02:36:00+00:00, run_after=2023-03-28T02:37:00+00:00
[2023-03-28T02:37:18.611+0000] {processor.py:175} INFO - Processing /home/airflow/.local/lib/python3.7/site-packages/airflow/example_dags/example_branch_python_dop_operator_3.py took 0.076 seconds
[2023-03-28T02:37:49.132+0000] {processor.py:153} INFO - Started process (PID=1242) to work on /home/airflow/.local/lib/python3.7/site-packages/airflow/example_dags/example_branch_python_dop_operator_3.py
[2023-03-28T02:37:49.133+0000] {processor.py:743} INFO - Processing file /home/airflow/.local/lib/python3.7/site-packages/airflow/example_dags/example_branch_python_dop_operator_3.py for tasks to queue
[2023-03-28T02:37:49.135+0000] {logging_mixin.py:137} INFO - [2023-03-28T02:37:49.135+0000] {dagbag.py:532} INFO - Filling up the DagBag from /home/airflow/.local/lib/python3.7/site-packages/airflow/example_dags/example_branch_python_dop_operator_3.py
[2023-03-28T02:37:49.151+0000] {processor.py:753} INFO - DAG(s) dict_keys(['example_branch_dop_operator_v3']) retrieved from /home/airflow/.local/lib/python3.7/site-packages/airflow/example_dags/example_branch_python_dop_operator_3.py
[2023-03-28T02:37:49.169+0000] {logging_mixin.py:137} INFO - [2023-03-28T02:37:49.169+0000] {dag.py:2693} INFO - Sync 1 DAGs
[2023-03-28T02:37:49.187+0000] {logging_mixin.py:137} INFO - [2023-03-28T02:37:49.187+0000] {dag.py:3444} INFO - Setting next_dagrun for example_branch_dop_operator_v3 to 2023-03-28T02:36:00+00:00, run_after=2023-03-28T02:37:00+00:00
[2023-03-28T02:37:49.200+0000] {processor.py:175} INFO - Processing /home/airflow/.local/lib/python3.7/site-packages/airflow/example_dags/example_branch_python_dop_operator_3.py took 0.071 seconds
[2023-03-28T02:38:19.712+0000] {processor.py:153} INFO - Started process (PID=1291) to work on /home/airflow/.local/lib/python3.7/site-packages/airflow/example_dags/example_branch_python_dop_operator_3.py
[2023-03-28T02:38:19.714+0000] {processor.py:743} INFO - Processing file /home/airflow/.local/lib/python3.7/site-packages/airflow/example_dags/example_branch_python_dop_operator_3.py for tasks to queue
[2023-03-28T02:38:19.715+0000] {logging_mixin.py:137} INFO - [2023-03-28T02:38:19.715+0000] {dagbag.py:532} INFO - Filling up the DagBag from /home/airflow/.local/lib/python3.7/site-packages/airflow/example_dags/example_branch_python_dop_operator_3.py
[2023-03-28T02:38:19.733+0000] {processor.py:753} INFO - DAG(s) dict_keys(['example_branch_dop_operator_v3']) retrieved from /home/airflow/.local/lib/python3.7/site-packages/airflow/example_dags/example_branch_python_dop_operator_3.py
[2023-03-28T02:38:19.753+0000] {logging_mixin.py:137} INFO - [2023-03-28T02:38:19.753+0000] {dag.py:2693} INFO - Sync 1 DAGs
[2023-03-28T02:38:19.775+0000] {logging_mixin.py:137} INFO - [2023-03-28T02:38:19.774+0000] {dag.py:3444} INFO - Setting next_dagrun for example_branch_dop_operator_v3 to 2023-03-28T02:37:00+00:00, run_after=2023-03-28T02:38:00+00:00
[2023-03-28T02:38:19.790+0000] {processor.py:175} INFO - Processing /home/airflow/.local/lib/python3.7/site-packages/airflow/example_dags/example_branch_python_dop_operator_3.py took 0.080 seconds
[2023-03-28T02:38:50.063+0000] {processor.py:153} INFO - Started process (PID=1341) to work on /home/airflow/.local/lib/python3.7/site-packages/airflow/example_dags/example_branch_python_dop_operator_3.py
[2023-03-28T02:38:50.064+0000] {processor.py:743} INFO - Processing file /home/airflow/.local/lib/python3.7/site-packages/airflow/example_dags/example_branch_python_dop_operator_3.py for tasks to queue
[2023-03-28T02:38:50.065+0000] {logging_mixin.py:137} INFO - [2023-03-28T02:38:50.065+0000] {dagbag.py:532} INFO - Filling up the DagBag from /home/airflow/.local/lib/python3.7/site-packages/airflow/example_dags/example_branch_python_dop_operator_3.py
[2023-03-28T02:38:50.081+0000] {processor.py:753} INFO - DAG(s) dict_keys(['example_branch_dop_operator_v3']) retrieved from /home/airflow/.local/lib/python3.7/site-packages/airflow/example_dags/example_branch_python_dop_operator_3.py
[2023-03-28T02:38:50.099+0000] {logging_mixin.py:137} INFO - [2023-03-28T02:38:50.099+0000] {dag.py:2693} INFO - Sync 1 DAGs
[2023-03-28T02:38:50.117+0000] {logging_mixin.py:137} INFO - [2023-03-28T02:38:50.117+0000] {dag.py:3444} INFO - Setting next_dagrun for example_branch_dop_operator_v3 to 2023-03-28T02:37:00+00:00, run_after=2023-03-28T02:38:00+00:00
[2023-03-28T02:38:50.131+0000] {processor.py:175} INFO - Processing /home/airflow/.local/lib/python3.7/site-packages/airflow/example_dags/example_branch_python_dop_operator_3.py took 0.070 seconds
[2023-03-28T02:39:20.457+0000] {processor.py:153} INFO - Started process (PID=1390) to work on /home/airflow/.local/lib/python3.7/site-packages/airflow/example_dags/example_branch_python_dop_operator_3.py
[2023-03-28T02:39:20.459+0000] {processor.py:743} INFO - Processing file /home/airflow/.local/lib/python3.7/site-packages/airflow/example_dags/example_branch_python_dop_operator_3.py for tasks to queue
[2023-03-28T02:39:20.460+0000] {logging_mixin.py:137} INFO - [2023-03-28T02:39:20.459+0000] {dagbag.py:532} INFO - Filling up the DagBag from /home/airflow/.local/lib/python3.7/site-packages/airflow/example_dags/example_branch_python_dop_operator_3.py
[2023-03-28T02:39:20.475+0000] {processor.py:753} INFO - DAG(s) dict_keys(['example_branch_dop_operator_v3']) retrieved from /home/airflow/.local/lib/python3.7/site-packages/airflow/example_dags/example_branch_python_dop_operator_3.py
[2023-03-28T02:39:20.494+0000] {logging_mixin.py:137} INFO - [2023-03-28T02:39:20.494+0000] {dag.py:2693} INFO - Sync 1 DAGs
[2023-03-28T02:39:20.513+0000] {logging_mixin.py:137} INFO - [2023-03-28T02:39:20.512+0000] {dag.py:3444} INFO - Setting next_dagrun for example_branch_dop_operator_v3 to 2023-03-28T02:38:00+00:00, run_after=2023-03-28T02:39:00+00:00
[2023-03-28T02:39:20.525+0000] {processor.py:175} INFO - Processing /home/airflow/.local/lib/python3.7/site-packages/airflow/example_dags/example_branch_python_dop_operator_3.py took 0.070 seconds
[2023-03-28T02:39:51.031+0000] {processor.py:153} INFO - Started process (PID=1439) to work on /home/airflow/.local/lib/python3.7/site-packages/airflow/example_dags/example_branch_python_dop_operator_3.py
[2023-03-28T02:39:51.033+0000] {processor.py:743} INFO - Processing file /home/airflow/.local/lib/python3.7/site-packages/airflow/example_dags/example_branch_python_dop_operator_3.py for tasks to queue
[2023-03-28T02:39:51.036+0000] {logging_mixin.py:137} INFO - [2023-03-28T02:39:51.036+0000] {dagbag.py:532} INFO - Filling up the DagBag from /home/airflow/.local/lib/python3.7/site-packages/airflow/example_dags/example_branch_python_dop_operator_3.py
[2023-03-28T02:39:51.055+0000] {processor.py:753} INFO - DAG(s) dict_keys(['example_branch_dop_operator_v3']) retrieved from /home/airflow/.local/lib/python3.7/site-packages/airflow/example_dags/example_branch_python_dop_operator_3.py
[2023-03-28T02:39:51.075+0000] {logging_mixin.py:137} INFO - [2023-03-28T02:39:51.075+0000] {dag.py:2693} INFO - Sync 1 DAGs
[2023-03-28T02:39:51.096+0000] {logging_mixin.py:137} INFO - [2023-03-28T02:39:51.096+0000] {dag.py:3444} INFO - Setting next_dagrun for example_branch_dop_operator_v3 to 2023-03-28T02:38:00+00:00, run_after=2023-03-28T02:39:00+00:00
[2023-03-28T02:39:51.112+0000] {processor.py:175} INFO - Processing /home/airflow/.local/lib/python3.7/site-packages/airflow/example_dags/example_branch_python_dop_operator_3.py took 0.084 seconds
[2023-03-28T02:40:21.671+0000] {processor.py:153} INFO - Started process (PID=1488) to work on /home/airflow/.local/lib/python3.7/site-packages/airflow/example_dags/example_branch_python_dop_operator_3.py
[2023-03-28T02:40:21.673+0000] {processor.py:743} INFO - Processing file /home/airflow/.local/lib/python3.7/site-packages/airflow/example_dags/example_branch_python_dop_operator_3.py for tasks to queue
[2023-03-28T02:40:21.674+0000] {logging_mixin.py:137} INFO - [2023-03-28T02:40:21.674+0000] {dagbag.py:532} INFO - Filling up the DagBag from /home/airflow/.local/lib/python3.7/site-packages/airflow/example_dags/example_branch_python_dop_operator_3.py
[2023-03-28T02:40:21.694+0000] {processor.py:753} INFO - DAG(s) dict_keys(['example_branch_dop_operator_v3']) retrieved from /home/airflow/.local/lib/python3.7/site-packages/airflow/example_dags/example_branch_python_dop_operator_3.py
[2023-03-28T02:40:21.719+0000] {logging_mixin.py:137} INFO - [2023-03-28T02:40:21.719+0000] {dag.py:2693} INFO - Sync 1 DAGs
[2023-03-28T02:40:21.740+0000] {logging_mixin.py:137} INFO - [2023-03-28T02:40:21.740+0000] {dag.py:3444} INFO - Setting next_dagrun for example_branch_dop_operator_v3 to 2023-03-28T02:39:00+00:00, run_after=2023-03-28T02:40:00+00:00
[2023-03-28T02:40:21.754+0000] {processor.py:175} INFO - Processing /home/airflow/.local/lib/python3.7/site-packages/airflow/example_dags/example_branch_python_dop_operator_3.py took 0.085 seconds
[2023-03-28T02:40:52.583+0000] {processor.py:153} INFO - Started process (PID=1537) to work on /home/airflow/.local/lib/python3.7/site-packages/airflow/example_dags/example_branch_python_dop_operator_3.py
[2023-03-28T02:40:52.585+0000] {processor.py:743} INFO - Processing file /home/airflow/.local/lib/python3.7/site-packages/airflow/example_dags/example_branch_python_dop_operator_3.py for tasks to queue
[2023-03-28T02:40:52.586+0000] {logging_mixin.py:137} INFO - [2023-03-28T02:40:52.586+0000] {dagbag.py:532} INFO - Filling up the DagBag from /home/airflow/.local/lib/python3.7/site-packages/airflow/example_dags/example_branch_python_dop_operator_3.py
[2023-03-28T02:40:52.613+0000] {processor.py:753} INFO - DAG(s) dict_keys(['example_branch_dop_operator_v3']) retrieved from /home/airflow/.local/lib/python3.7/site-packages/airflow/example_dags/example_branch_python_dop_operator_3.py
[2023-03-28T02:40:52.640+0000] {logging_mixin.py:137} INFO - [2023-03-28T02:40:52.640+0000] {dag.py:2693} INFO - Sync 1 DAGs
[2023-03-28T02:40:52.673+0000] {logging_mixin.py:137} INFO - [2023-03-28T02:40:52.673+0000] {dag.py:3444} INFO - Setting next_dagrun for example_branch_dop_operator_v3 to 2023-03-28T02:39:00+00:00, run_after=2023-03-28T02:40:00+00:00
[2023-03-28T02:40:52.688+0000] {processor.py:175} INFO - Processing /home/airflow/.local/lib/python3.7/site-packages/airflow/example_dags/example_branch_python_dop_operator_3.py took 0.107 seconds
