[2023-03-28T02:25:32.927+0000] {processor.py:153} INFO - Started process (PID=58) to work on /home/airflow/.local/lib/python3.7/site-packages/airflow/example_dags/example_datasets.py
[2023-03-28T02:25:32.930+0000] {processor.py:743} INFO - Processing file /home/airflow/.local/lib/python3.7/site-packages/airflow/example_dags/example_datasets.py for tasks to queue
[2023-03-28T02:25:32.931+0000] {logging_mixin.py:137} INFO - [2023-03-28T02:25:32.931+0000] {dagbag.py:532} INFO - Filling up the DagBag from /home/airflow/.local/lib/python3.7/site-packages/airflow/example_dags/example_datasets.py
[2023-03-28T02:25:33.015+0000] {processor.py:753} INFO - DAG(s) dict_keys(['dataset_consumes_1', 'dataset_consumes_1_and_2', 'dataset_produces_1', 'dataset_produces_2', 'dataset_consumes_unknown_never_scheduled', 'dataset_consumes_1_never_scheduled']) retrieved from /home/airflow/.local/lib/python3.7/site-packages/airflow/example_dags/example_datasets.py
[2023-03-28T02:25:33.077+0000] {logging_mixin.py:137} INFO - [2023-03-28T02:25:33.077+0000] {dag.py:2693} INFO - Sync 6 DAGs
[2023-03-28T02:25:33.172+0000] {logging_mixin.py:137} INFO - [2023-03-28T02:25:33.172+0000] {dag.py:3444} INFO - Setting next_dagrun for dataset_consumes_1 to None, run_after=None
[2023-03-28T02:25:33.183+0000] {logging_mixin.py:137} INFO - [2023-03-28T02:25:33.183+0000] {dag.py:3444} INFO - Setting next_dagrun for dataset_consumes_1_and_2 to None, run_after=None
[2023-03-28T02:25:33.186+0000] {logging_mixin.py:137} INFO - [2023-03-28T02:25:33.186+0000] {dag.py:3444} INFO - Setting next_dagrun for dataset_consumes_1_never_scheduled to None, run_after=None
[2023-03-28T02:25:33.191+0000] {logging_mixin.py:137} INFO - [2023-03-28T02:25:33.191+0000] {dag.py:3444} INFO - Setting next_dagrun for dataset_consumes_unknown_never_scheduled to None, run_after=None
[2023-03-28T02:25:33.198+0000] {logging_mixin.py:137} INFO - [2023-03-28T02:25:33.198+0000] {dag.py:3444} INFO - Setting next_dagrun for dataset_produces_1 to 2023-03-27T00:00:00+00:00, run_after=2023-03-28T00:00:00+00:00
[2023-03-28T02:25:33.201+0000] {logging_mixin.py:137} INFO - [2023-03-28T02:25:33.201+0000] {dag.py:3444} INFO - Setting next_dagrun for dataset_produces_2 to None, run_after=None
[2023-03-28T02:25:33.329+0000] {processor.py:175} INFO - Processing /home/airflow/.local/lib/python3.7/site-packages/airflow/example_dags/example_datasets.py took 0.416 seconds
[2023-03-28T02:26:04.171+0000] {processor.py:153} INFO - Started process (PID=107) to work on /home/airflow/.local/lib/python3.7/site-packages/airflow/example_dags/example_datasets.py
[2023-03-28T02:26:04.174+0000] {processor.py:743} INFO - Processing file /home/airflow/.local/lib/python3.7/site-packages/airflow/example_dags/example_datasets.py for tasks to queue
[2023-03-28T02:26:04.175+0000] {logging_mixin.py:137} INFO - [2023-03-28T02:26:04.175+0000] {dagbag.py:532} INFO - Filling up the DagBag from /home/airflow/.local/lib/python3.7/site-packages/airflow/example_dags/example_datasets.py
[2023-03-28T02:26:04.195+0000] {processor.py:753} INFO - DAG(s) dict_keys(['dataset_produces_1', 'dataset_produces_2', 'dataset_consumes_unknown_never_scheduled', 'dataset_consumes_1_never_scheduled', 'dataset_consumes_1_and_2', 'dataset_consumes_1']) retrieved from /home/airflow/.local/lib/python3.7/site-packages/airflow/example_dags/example_datasets.py
[2023-03-28T02:26:04.280+0000] {logging_mixin.py:137} INFO - [2023-03-28T02:26:04.280+0000] {dag.py:2693} INFO - Sync 6 DAGs
[2023-03-28T02:26:04.301+0000] {logging_mixin.py:137} INFO - [2023-03-28T02:26:04.301+0000] {dag.py:3444} INFO - Setting next_dagrun for dataset_consumes_1 to None, run_after=None
[2023-03-28T02:26:04.304+0000] {logging_mixin.py:137} INFO - [2023-03-28T02:26:04.304+0000] {dag.py:3444} INFO - Setting next_dagrun for dataset_consumes_1_and_2 to None, run_after=None
[2023-03-28T02:26:04.306+0000] {logging_mixin.py:137} INFO - [2023-03-28T02:26:04.306+0000] {dag.py:3444} INFO - Setting next_dagrun for dataset_consumes_1_never_scheduled to None, run_after=None
[2023-03-28T02:26:04.307+0000] {logging_mixin.py:137} INFO - [2023-03-28T02:26:04.307+0000] {dag.py:3444} INFO - Setting next_dagrun for dataset_consumes_unknown_never_scheduled to None, run_after=None
[2023-03-28T02:26:04.310+0000] {logging_mixin.py:137} INFO - [2023-03-28T02:26:04.310+0000] {dag.py:3444} INFO - Setting next_dagrun for dataset_produces_1 to 2023-03-27T00:00:00+00:00, run_after=2023-03-28T00:00:00+00:00
[2023-03-28T02:26:04.312+0000] {logging_mixin.py:137} INFO - [2023-03-28T02:26:04.312+0000] {dag.py:3444} INFO - Setting next_dagrun for dataset_produces_2 to None, run_after=None
[2023-03-28T02:26:04.337+0000] {processor.py:175} INFO - Processing /home/airflow/.local/lib/python3.7/site-packages/airflow/example_dags/example_datasets.py took 0.170 seconds
[2023-03-28T02:26:34.734+0000] {processor.py:153} INFO - Started process (PID=156) to work on /home/airflow/.local/lib/python3.7/site-packages/airflow/example_dags/example_datasets.py
[2023-03-28T02:26:34.737+0000] {processor.py:743} INFO - Processing file /home/airflow/.local/lib/python3.7/site-packages/airflow/example_dags/example_datasets.py for tasks to queue
[2023-03-28T02:26:34.739+0000] {logging_mixin.py:137} INFO - [2023-03-28T02:26:34.738+0000] {dagbag.py:532} INFO - Filling up the DagBag from /home/airflow/.local/lib/python3.7/site-packages/airflow/example_dags/example_datasets.py
[2023-03-28T02:26:34.778+0000] {processor.py:753} INFO - DAG(s) dict_keys(['dataset_consumes_unknown_never_scheduled', 'dataset_consumes_1', 'dataset_consumes_1_never_scheduled', 'dataset_consumes_1_and_2', 'dataset_produces_1', 'dataset_produces_2']) retrieved from /home/airflow/.local/lib/python3.7/site-packages/airflow/example_dags/example_datasets.py
[2023-03-28T02:26:34.842+0000] {logging_mixin.py:137} INFO - [2023-03-28T02:26:34.841+0000] {dag.py:2693} INFO - Sync 6 DAGs
[2023-03-28T02:26:34.870+0000] {logging_mixin.py:137} INFO - [2023-03-28T02:26:34.870+0000] {dag.py:3444} INFO - Setting next_dagrun for dataset_consumes_1 to None, run_after=None
[2023-03-28T02:26:34.874+0000] {logging_mixin.py:137} INFO - [2023-03-28T02:26:34.873+0000] {dag.py:3444} INFO - Setting next_dagrun for dataset_consumes_1_and_2 to None, run_after=None
[2023-03-28T02:26:34.875+0000] {logging_mixin.py:137} INFO - [2023-03-28T02:26:34.875+0000] {dag.py:3444} INFO - Setting next_dagrun for dataset_consumes_1_never_scheduled to None, run_after=None
[2023-03-28T02:26:34.877+0000] {logging_mixin.py:137} INFO - [2023-03-28T02:26:34.877+0000] {dag.py:3444} INFO - Setting next_dagrun for dataset_consumes_unknown_never_scheduled to None, run_after=None
[2023-03-28T02:26:34.880+0000] {logging_mixin.py:137} INFO - [2023-03-28T02:26:34.879+0000] {dag.py:3444} INFO - Setting next_dagrun for dataset_produces_1 to 2023-03-27T00:00:00+00:00, run_after=2023-03-28T00:00:00+00:00
[2023-03-28T02:26:34.882+0000] {logging_mixin.py:137} INFO - [2023-03-28T02:26:34.882+0000] {dag.py:3444} INFO - Setting next_dagrun for dataset_produces_2 to None, run_after=None
[2023-03-28T02:26:34.917+0000] {processor.py:175} INFO - Processing /home/airflow/.local/lib/python3.7/site-packages/airflow/example_dags/example_datasets.py took 0.192 seconds
[2023-03-28T02:27:05.799+0000] {processor.py:153} INFO - Started process (PID=205) to work on /home/airflow/.local/lib/python3.7/site-packages/airflow/example_dags/example_datasets.py
[2023-03-28T02:27:05.802+0000] {processor.py:743} INFO - Processing file /home/airflow/.local/lib/python3.7/site-packages/airflow/example_dags/example_datasets.py for tasks to queue
[2023-03-28T02:27:05.804+0000] {logging_mixin.py:137} INFO - [2023-03-28T02:27:05.804+0000] {dagbag.py:532} INFO - Filling up the DagBag from /home/airflow/.local/lib/python3.7/site-packages/airflow/example_dags/example_datasets.py
[2023-03-28T02:27:05.830+0000] {processor.py:753} INFO - DAG(s) dict_keys(['dataset_consumes_1_never_scheduled', 'dataset_consumes_1', 'dataset_produces_1', 'dataset_produces_2', 'dataset_consumes_unknown_never_scheduled', 'dataset_consumes_1_and_2']) retrieved from /home/airflow/.local/lib/python3.7/site-packages/airflow/example_dags/example_datasets.py
[2023-03-28T02:27:05.879+0000] {logging_mixin.py:137} INFO - [2023-03-28T02:27:05.879+0000] {dag.py:2693} INFO - Sync 6 DAGs
[2023-03-28T02:27:05.914+0000] {logging_mixin.py:137} INFO - [2023-03-28T02:27:05.914+0000] {dag.py:3444} INFO - Setting next_dagrun for dataset_consumes_1 to None, run_after=None
[2023-03-28T02:27:05.918+0000] {logging_mixin.py:137} INFO - [2023-03-28T02:27:05.918+0000] {dag.py:3444} INFO - Setting next_dagrun for dataset_consumes_1_and_2 to None, run_after=None
[2023-03-28T02:27:05.920+0000] {logging_mixin.py:137} INFO - [2023-03-28T02:27:05.920+0000] {dag.py:3444} INFO - Setting next_dagrun for dataset_consumes_1_never_scheduled to None, run_after=None
[2023-03-28T02:27:05.921+0000] {logging_mixin.py:137} INFO - [2023-03-28T02:27:05.921+0000] {dag.py:3444} INFO - Setting next_dagrun for dataset_consumes_unknown_never_scheduled to None, run_after=None
[2023-03-28T02:27:05.927+0000] {logging_mixin.py:137} INFO - [2023-03-28T02:27:05.927+0000] {dag.py:3444} INFO - Setting next_dagrun for dataset_produces_1 to 2023-03-27T00:00:00+00:00, run_after=2023-03-28T00:00:00+00:00
[2023-03-28T02:27:05.929+0000] {logging_mixin.py:137} INFO - [2023-03-28T02:27:05.929+0000] {dag.py:3444} INFO - Setting next_dagrun for dataset_produces_2 to None, run_after=None
[2023-03-28T02:27:05.968+0000] {processor.py:175} INFO - Processing /home/airflow/.local/lib/python3.7/site-packages/airflow/example_dags/example_datasets.py took 0.178 seconds
[2023-03-28T02:27:36.469+0000] {processor.py:153} INFO - Started process (PID=254) to work on /home/airflow/.local/lib/python3.7/site-packages/airflow/example_dags/example_datasets.py
[2023-03-28T02:27:36.471+0000] {processor.py:743} INFO - Processing file /home/airflow/.local/lib/python3.7/site-packages/airflow/example_dags/example_datasets.py for tasks to queue
[2023-03-28T02:27:36.472+0000] {logging_mixin.py:137} INFO - [2023-03-28T02:27:36.472+0000] {dagbag.py:532} INFO - Filling up the DagBag from /home/airflow/.local/lib/python3.7/site-packages/airflow/example_dags/example_datasets.py
[2023-03-28T02:27:36.489+0000] {processor.py:753} INFO - DAG(s) dict_keys(['dataset_consumes_1', 'dataset_produces_2', 'dataset_consumes_1_and_2', 'dataset_consumes_1_never_scheduled', 'dataset_produces_1', 'dataset_consumes_unknown_never_scheduled']) retrieved from /home/airflow/.local/lib/python3.7/site-packages/airflow/example_dags/example_datasets.py
[2023-03-28T02:27:36.521+0000] {logging_mixin.py:137} INFO - [2023-03-28T02:27:36.521+0000] {dag.py:2693} INFO - Sync 6 DAGs
[2023-03-28T02:27:36.538+0000] {logging_mixin.py:137} INFO - [2023-03-28T02:27:36.538+0000] {dag.py:3444} INFO - Setting next_dagrun for dataset_consumes_1 to None, run_after=None
[2023-03-28T02:27:36.541+0000] {logging_mixin.py:137} INFO - [2023-03-28T02:27:36.541+0000] {dag.py:3444} INFO - Setting next_dagrun for dataset_consumes_1_and_2 to None, run_after=None
[2023-03-28T02:27:36.544+0000] {logging_mixin.py:137} INFO - [2023-03-28T02:27:36.544+0000] {dag.py:3444} INFO - Setting next_dagrun for dataset_consumes_1_never_scheduled to None, run_after=None
[2023-03-28T02:27:36.546+0000] {logging_mixin.py:137} INFO - [2023-03-28T02:27:36.546+0000] {dag.py:3444} INFO - Setting next_dagrun for dataset_consumes_unknown_never_scheduled to None, run_after=None
[2023-03-28T02:27:36.548+0000] {logging_mixin.py:137} INFO - [2023-03-28T02:27:36.548+0000] {dag.py:3444} INFO - Setting next_dagrun for dataset_produces_1 to 2023-03-27T00:00:00+00:00, run_after=2023-03-28T00:00:00+00:00
[2023-03-28T02:27:36.550+0000] {logging_mixin.py:137} INFO - [2023-03-28T02:27:36.550+0000] {dag.py:3444} INFO - Setting next_dagrun for dataset_produces_2 to None, run_after=None
[2023-03-28T02:27:36.575+0000] {processor.py:175} INFO - Processing /home/airflow/.local/lib/python3.7/site-packages/airflow/example_dags/example_datasets.py took 0.111 seconds
[2023-03-28T02:28:06.913+0000] {processor.py:153} INFO - Started process (PID=303) to work on /home/airflow/.local/lib/python3.7/site-packages/airflow/example_dags/example_datasets.py
[2023-03-28T02:28:06.916+0000] {processor.py:743} INFO - Processing file /home/airflow/.local/lib/python3.7/site-packages/airflow/example_dags/example_datasets.py for tasks to queue
[2023-03-28T02:28:06.924+0000] {logging_mixin.py:137} INFO - [2023-03-28T02:28:06.918+0000] {dagbag.py:532} INFO - Filling up the DagBag from /home/airflow/.local/lib/python3.7/site-packages/airflow/example_dags/example_datasets.py
[2023-03-28T02:28:06.960+0000] {processor.py:753} INFO - DAG(s) dict_keys(['dataset_consumes_1_and_2', 'dataset_consumes_1_never_scheduled', 'dataset_consumes_unknown_never_scheduled', 'dataset_produces_1', 'dataset_consumes_1', 'dataset_produces_2']) retrieved from /home/airflow/.local/lib/python3.7/site-packages/airflow/example_dags/example_datasets.py
[2023-03-28T02:28:07.039+0000] {logging_mixin.py:137} INFO - [2023-03-28T02:28:07.039+0000] {dag.py:2693} INFO - Sync 6 DAGs
[2023-03-28T02:28:07.086+0000] {logging_mixin.py:137} INFO - [2023-03-28T02:28:07.086+0000] {dag.py:3444} INFO - Setting next_dagrun for dataset_consumes_1 to None, run_after=None
[2023-03-28T02:28:07.100+0000] {logging_mixin.py:137} INFO - [2023-03-28T02:28:07.100+0000] {dag.py:3444} INFO - Setting next_dagrun for dataset_consumes_1_and_2 to None, run_after=None
[2023-03-28T02:28:07.112+0000] {logging_mixin.py:137} INFO - [2023-03-28T02:28:07.112+0000] {dag.py:3444} INFO - Setting next_dagrun for dataset_consumes_1_never_scheduled to None, run_after=None
[2023-03-28T02:28:07.130+0000] {logging_mixin.py:137} INFO - [2023-03-28T02:28:07.130+0000] {dag.py:3444} INFO - Setting next_dagrun for dataset_consumes_unknown_never_scheduled to None, run_after=None
[2023-03-28T02:28:07.134+0000] {logging_mixin.py:137} INFO - [2023-03-28T02:28:07.134+0000] {dag.py:3444} INFO - Setting next_dagrun for dataset_produces_1 to 2023-03-27T00:00:00+00:00, run_after=2023-03-28T00:00:00+00:00
[2023-03-28T02:28:07.139+0000] {logging_mixin.py:137} INFO - [2023-03-28T02:28:07.139+0000] {dag.py:3444} INFO - Setting next_dagrun for dataset_produces_2 to None, run_after=None
[2023-03-28T02:28:07.190+0000] {processor.py:175} INFO - Processing /home/airflow/.local/lib/python3.7/site-packages/airflow/example_dags/example_datasets.py took 0.287 seconds
[2023-03-28T02:28:37.791+0000] {processor.py:153} INFO - Started process (PID=352) to work on /home/airflow/.local/lib/python3.7/site-packages/airflow/example_dags/example_datasets.py
[2023-03-28T02:28:37.794+0000] {processor.py:743} INFO - Processing file /home/airflow/.local/lib/python3.7/site-packages/airflow/example_dags/example_datasets.py for tasks to queue
[2023-03-28T02:28:37.795+0000] {logging_mixin.py:137} INFO - [2023-03-28T02:28:37.795+0000] {dagbag.py:532} INFO - Filling up the DagBag from /home/airflow/.local/lib/python3.7/site-packages/airflow/example_dags/example_datasets.py
[2023-03-28T02:28:37.811+0000] {processor.py:753} INFO - DAG(s) dict_keys(['dataset_consumes_unknown_never_scheduled', 'dataset_consumes_1', 'dataset_consumes_1_never_scheduled', 'dataset_consumes_1_and_2', 'dataset_produces_1', 'dataset_produces_2']) retrieved from /home/airflow/.local/lib/python3.7/site-packages/airflow/example_dags/example_datasets.py
[2023-03-28T02:28:37.839+0000] {logging_mixin.py:137} INFO - [2023-03-28T02:28:37.839+0000] {dag.py:2693} INFO - Sync 6 DAGs
[2023-03-28T02:28:37.856+0000] {logging_mixin.py:137} INFO - [2023-03-28T02:28:37.856+0000] {dag.py:3444} INFO - Setting next_dagrun for dataset_consumes_1 to None, run_after=None
[2023-03-28T02:28:37.859+0000] {logging_mixin.py:137} INFO - [2023-03-28T02:28:37.859+0000] {dag.py:3444} INFO - Setting next_dagrun for dataset_consumes_1_and_2 to None, run_after=None
[2023-03-28T02:28:37.861+0000] {logging_mixin.py:137} INFO - [2023-03-28T02:28:37.861+0000] {dag.py:3444} INFO - Setting next_dagrun for dataset_consumes_1_never_scheduled to None, run_after=None
[2023-03-28T02:28:37.863+0000] {logging_mixin.py:137} INFO - [2023-03-28T02:28:37.863+0000] {dag.py:3444} INFO - Setting next_dagrun for dataset_consumes_unknown_never_scheduled to None, run_after=None
[2023-03-28T02:28:37.866+0000] {logging_mixin.py:137} INFO - [2023-03-28T02:28:37.866+0000] {dag.py:3444} INFO - Setting next_dagrun for dataset_produces_1 to 2023-03-27T00:00:00+00:00, run_after=2023-03-28T00:00:00+00:00
[2023-03-28T02:28:37.869+0000] {logging_mixin.py:137} INFO - [2023-03-28T02:28:37.869+0000] {dag.py:3444} INFO - Setting next_dagrun for dataset_produces_2 to None, run_after=None
[2023-03-28T02:28:37.894+0000] {processor.py:175} INFO - Processing /home/airflow/.local/lib/python3.7/site-packages/airflow/example_dags/example_datasets.py took 0.108 seconds
[2023-03-28T02:29:08.527+0000] {processor.py:153} INFO - Started process (PID=401) to work on /home/airflow/.local/lib/python3.7/site-packages/airflow/example_dags/example_datasets.py
[2023-03-28T02:29:08.529+0000] {processor.py:743} INFO - Processing file /home/airflow/.local/lib/python3.7/site-packages/airflow/example_dags/example_datasets.py for tasks to queue
[2023-03-28T02:29:08.530+0000] {logging_mixin.py:137} INFO - [2023-03-28T02:29:08.530+0000] {dagbag.py:532} INFO - Filling up the DagBag from /home/airflow/.local/lib/python3.7/site-packages/airflow/example_dags/example_datasets.py
[2023-03-28T02:29:08.546+0000] {processor.py:753} INFO - DAG(s) dict_keys(['dataset_produces_2', 'dataset_consumes_unknown_never_scheduled', 'dataset_consumes_1_and_2', 'dataset_consumes_1_never_scheduled', 'dataset_produces_1', 'dataset_consumes_1']) retrieved from /home/airflow/.local/lib/python3.7/site-packages/airflow/example_dags/example_datasets.py
[2023-03-28T02:29:08.583+0000] {logging_mixin.py:137} INFO - [2023-03-28T02:29:08.583+0000] {dag.py:2693} INFO - Sync 6 DAGs
[2023-03-28T02:29:08.602+0000] {logging_mixin.py:137} INFO - [2023-03-28T02:29:08.602+0000] {dag.py:3444} INFO - Setting next_dagrun for dataset_consumes_1 to None, run_after=None
[2023-03-28T02:29:08.606+0000] {logging_mixin.py:137} INFO - [2023-03-28T02:29:08.606+0000] {dag.py:3444} INFO - Setting next_dagrun for dataset_consumes_1_and_2 to None, run_after=None
[2023-03-28T02:29:08.608+0000] {logging_mixin.py:137} INFO - [2023-03-28T02:29:08.608+0000] {dag.py:3444} INFO - Setting next_dagrun for dataset_consumes_1_never_scheduled to None, run_after=None
[2023-03-28T02:29:08.609+0000] {logging_mixin.py:137} INFO - [2023-03-28T02:29:08.609+0000] {dag.py:3444} INFO - Setting next_dagrun for dataset_consumes_unknown_never_scheduled to None, run_after=None
[2023-03-28T02:29:08.612+0000] {logging_mixin.py:137} INFO - [2023-03-28T02:29:08.611+0000] {dag.py:3444} INFO - Setting next_dagrun for dataset_produces_1 to 2023-03-27T00:00:00+00:00, run_after=2023-03-28T00:00:00+00:00
[2023-03-28T02:29:08.613+0000] {logging_mixin.py:137} INFO - [2023-03-28T02:29:08.613+0000] {dag.py:3444} INFO - Setting next_dagrun for dataset_produces_2 to None, run_after=None
[2023-03-28T02:29:08.641+0000] {processor.py:175} INFO - Processing /home/airflow/.local/lib/python3.7/site-packages/airflow/example_dags/example_datasets.py took 0.118 seconds
[2023-03-28T02:29:39.137+0000] {processor.py:153} INFO - Started process (PID=450) to work on /home/airflow/.local/lib/python3.7/site-packages/airflow/example_dags/example_datasets.py
[2023-03-28T02:29:39.139+0000] {processor.py:743} INFO - Processing file /home/airflow/.local/lib/python3.7/site-packages/airflow/example_dags/example_datasets.py for tasks to queue
[2023-03-28T02:29:39.141+0000] {logging_mixin.py:137} INFO - [2023-03-28T02:29:39.140+0000] {dagbag.py:532} INFO - Filling up the DagBag from /home/airflow/.local/lib/python3.7/site-packages/airflow/example_dags/example_datasets.py
[2023-03-28T02:29:39.156+0000] {processor.py:753} INFO - DAG(s) dict_keys(['dataset_consumes_1_and_2', 'dataset_consumes_1_never_scheduled', 'dataset_produces_2', 'dataset_consumes_unknown_never_scheduled', 'dataset_produces_1', 'dataset_consumes_1']) retrieved from /home/airflow/.local/lib/python3.7/site-packages/airflow/example_dags/example_datasets.py
[2023-03-28T02:29:39.186+0000] {logging_mixin.py:137} INFO - [2023-03-28T02:29:39.186+0000] {dag.py:2693} INFO - Sync 6 DAGs
[2023-03-28T02:29:39.204+0000] {logging_mixin.py:137} INFO - [2023-03-28T02:29:39.203+0000] {dag.py:3444} INFO - Setting next_dagrun for dataset_consumes_1 to None, run_after=None
[2023-03-28T02:29:39.208+0000] {logging_mixin.py:137} INFO - [2023-03-28T02:29:39.208+0000] {dag.py:3444} INFO - Setting next_dagrun for dataset_consumes_1_and_2 to None, run_after=None
[2023-03-28T02:29:39.209+0000] {logging_mixin.py:137} INFO - [2023-03-28T02:29:39.209+0000] {dag.py:3444} INFO - Setting next_dagrun for dataset_consumes_1_never_scheduled to None, run_after=None
[2023-03-28T02:29:39.211+0000] {logging_mixin.py:137} INFO - [2023-03-28T02:29:39.211+0000] {dag.py:3444} INFO - Setting next_dagrun for dataset_consumes_unknown_never_scheduled to None, run_after=None
[2023-03-28T02:29:39.213+0000] {logging_mixin.py:137} INFO - [2023-03-28T02:29:39.213+0000] {dag.py:3444} INFO - Setting next_dagrun for dataset_produces_1 to 2023-03-27T00:00:00+00:00, run_after=2023-03-28T00:00:00+00:00
[2023-03-28T02:29:39.215+0000] {logging_mixin.py:137} INFO - [2023-03-28T02:29:39.215+0000] {dag.py:3444} INFO - Setting next_dagrun for dataset_produces_2 to None, run_after=None
[2023-03-28T02:29:39.239+0000] {processor.py:175} INFO - Processing /home/airflow/.local/lib/python3.7/site-packages/airflow/example_dags/example_datasets.py took 0.105 seconds
[2023-03-28T02:30:09.918+0000] {processor.py:153} INFO - Started process (PID=499) to work on /home/airflow/.local/lib/python3.7/site-packages/airflow/example_dags/example_datasets.py
[2023-03-28T02:30:09.921+0000] {processor.py:743} INFO - Processing file /home/airflow/.local/lib/python3.7/site-packages/airflow/example_dags/example_datasets.py for tasks to queue
[2023-03-28T02:30:09.922+0000] {logging_mixin.py:137} INFO - [2023-03-28T02:30:09.922+0000] {dagbag.py:532} INFO - Filling up the DagBag from /home/airflow/.local/lib/python3.7/site-packages/airflow/example_dags/example_datasets.py
[2023-03-28T02:30:09.938+0000] {processor.py:753} INFO - DAG(s) dict_keys(['dataset_consumes_1_and_2', 'dataset_consumes_1_never_scheduled', 'dataset_produces_2', 'dataset_consumes_unknown_never_scheduled', 'dataset_consumes_1', 'dataset_produces_1']) retrieved from /home/airflow/.local/lib/python3.7/site-packages/airflow/example_dags/example_datasets.py
[2023-03-28T02:30:09.968+0000] {logging_mixin.py:137} INFO - [2023-03-28T02:30:09.968+0000] {dag.py:2693} INFO - Sync 6 DAGs
[2023-03-28T02:30:09.985+0000] {logging_mixin.py:137} INFO - [2023-03-28T02:30:09.985+0000] {dag.py:3444} INFO - Setting next_dagrun for dataset_consumes_1 to None, run_after=None
[2023-03-28T02:30:09.988+0000] {logging_mixin.py:137} INFO - [2023-03-28T02:30:09.988+0000] {dag.py:3444} INFO - Setting next_dagrun for dataset_consumes_1_and_2 to None, run_after=None
[2023-03-28T02:30:09.989+0000] {logging_mixin.py:137} INFO - [2023-03-28T02:30:09.989+0000] {dag.py:3444} INFO - Setting next_dagrun for dataset_consumes_1_never_scheduled to None, run_after=None
[2023-03-28T02:30:09.991+0000] {logging_mixin.py:137} INFO - [2023-03-28T02:30:09.991+0000] {dag.py:3444} INFO - Setting next_dagrun for dataset_consumes_unknown_never_scheduled to None, run_after=None
[2023-03-28T02:30:09.994+0000] {logging_mixin.py:137} INFO - [2023-03-28T02:30:09.993+0000] {dag.py:3444} INFO - Setting next_dagrun for dataset_produces_1 to 2023-03-27T00:00:00+00:00, run_after=2023-03-28T00:00:00+00:00
[2023-03-28T02:30:09.996+0000] {logging_mixin.py:137} INFO - [2023-03-28T02:30:09.996+0000] {dag.py:3444} INFO - Setting next_dagrun for dataset_produces_2 to None, run_after=None
[2023-03-28T02:30:10.017+0000] {processor.py:175} INFO - Processing /home/airflow/.local/lib/python3.7/site-packages/airflow/example_dags/example_datasets.py took 0.104 seconds
[2023-03-28T02:30:40.524+0000] {processor.py:153} INFO - Started process (PID=548) to work on /home/airflow/.local/lib/python3.7/site-packages/airflow/example_dags/example_datasets.py
[2023-03-28T02:30:40.526+0000] {processor.py:743} INFO - Processing file /home/airflow/.local/lib/python3.7/site-packages/airflow/example_dags/example_datasets.py for tasks to queue
[2023-03-28T02:30:40.529+0000] {logging_mixin.py:137} INFO - [2023-03-28T02:30:40.529+0000] {dagbag.py:532} INFO - Filling up the DagBag from /home/airflow/.local/lib/python3.7/site-packages/airflow/example_dags/example_datasets.py
[2023-03-28T02:30:40.543+0000] {processor.py:753} INFO - DAG(s) dict_keys(['dataset_consumes_1', 'dataset_consumes_1_never_scheduled', 'dataset_consumes_unknown_never_scheduled', 'dataset_produces_2', 'dataset_consumes_1_and_2', 'dataset_produces_1']) retrieved from /home/airflow/.local/lib/python3.7/site-packages/airflow/example_dags/example_datasets.py
[2023-03-28T02:30:40.573+0000] {logging_mixin.py:137} INFO - [2023-03-28T02:30:40.573+0000] {dag.py:2693} INFO - Sync 6 DAGs
[2023-03-28T02:30:40.589+0000] {logging_mixin.py:137} INFO - [2023-03-28T02:30:40.589+0000] {dag.py:3444} INFO - Setting next_dagrun for dataset_consumes_1 to None, run_after=None
[2023-03-28T02:30:40.592+0000] {logging_mixin.py:137} INFO - [2023-03-28T02:30:40.592+0000] {dag.py:3444} INFO - Setting next_dagrun for dataset_consumes_1_and_2 to None, run_after=None
[2023-03-28T02:30:40.593+0000] {logging_mixin.py:137} INFO - [2023-03-28T02:30:40.593+0000] {dag.py:3444} INFO - Setting next_dagrun for dataset_consumes_1_never_scheduled to None, run_after=None
[2023-03-28T02:30:40.595+0000] {logging_mixin.py:137} INFO - [2023-03-28T02:30:40.595+0000] {dag.py:3444} INFO - Setting next_dagrun for dataset_consumes_unknown_never_scheduled to None, run_after=None
[2023-03-28T02:30:40.597+0000] {logging_mixin.py:137} INFO - [2023-03-28T02:30:40.597+0000] {dag.py:3444} INFO - Setting next_dagrun for dataset_produces_1 to 2023-03-27T00:00:00+00:00, run_after=2023-03-28T00:00:00+00:00
[2023-03-28T02:30:40.599+0000] {logging_mixin.py:137} INFO - [2023-03-28T02:30:40.599+0000] {dag.py:3444} INFO - Setting next_dagrun for dataset_produces_2 to None, run_after=None
[2023-03-28T02:30:40.625+0000] {processor.py:175} INFO - Processing /home/airflow/.local/lib/python3.7/site-packages/airflow/example_dags/example_datasets.py took 0.106 seconds
[2023-03-28T02:31:11.281+0000] {processor.py:153} INFO - Started process (PID=597) to work on /home/airflow/.local/lib/python3.7/site-packages/airflow/example_dags/example_datasets.py
[2023-03-28T02:31:11.283+0000] {processor.py:743} INFO - Processing file /home/airflow/.local/lib/python3.7/site-packages/airflow/example_dags/example_datasets.py for tasks to queue
[2023-03-28T02:31:11.286+0000] {logging_mixin.py:137} INFO - [2023-03-28T02:31:11.286+0000] {dagbag.py:532} INFO - Filling up the DagBag from /home/airflow/.local/lib/python3.7/site-packages/airflow/example_dags/example_datasets.py
[2023-03-28T02:31:11.303+0000] {processor.py:753} INFO - DAG(s) dict_keys(['dataset_produces_1', 'dataset_consumes_1', 'dataset_consumes_1_never_scheduled', 'dataset_consumes_1_and_2', 'dataset_produces_2', 'dataset_consumes_unknown_never_scheduled']) retrieved from /home/airflow/.local/lib/python3.7/site-packages/airflow/example_dags/example_datasets.py
[2023-03-28T02:31:11.341+0000] {logging_mixin.py:137} INFO - [2023-03-28T02:31:11.341+0000] {dag.py:2693} INFO - Sync 6 DAGs
[2023-03-28T02:31:11.363+0000] {logging_mixin.py:137} INFO - [2023-03-28T02:31:11.363+0000] {dag.py:3444} INFO - Setting next_dagrun for dataset_consumes_1 to None, run_after=None
[2023-03-28T02:31:11.366+0000] {logging_mixin.py:137} INFO - [2023-03-28T02:31:11.366+0000] {dag.py:3444} INFO - Setting next_dagrun for dataset_consumes_1_and_2 to None, run_after=None
[2023-03-28T02:31:11.368+0000] {logging_mixin.py:137} INFO - [2023-03-28T02:31:11.368+0000] {dag.py:3444} INFO - Setting next_dagrun for dataset_consumes_1_never_scheduled to None, run_after=None
[2023-03-28T02:31:11.370+0000] {logging_mixin.py:137} INFO - [2023-03-28T02:31:11.370+0000] {dag.py:3444} INFO - Setting next_dagrun for dataset_consumes_unknown_never_scheduled to None, run_after=None
[2023-03-28T02:31:11.372+0000] {logging_mixin.py:137} INFO - [2023-03-28T02:31:11.372+0000] {dag.py:3444} INFO - Setting next_dagrun for dataset_produces_1 to 2023-03-27T00:00:00+00:00, run_after=2023-03-28T00:00:00+00:00
[2023-03-28T02:31:11.375+0000] {logging_mixin.py:137} INFO - [2023-03-28T02:31:11.375+0000] {dag.py:3444} INFO - Setting next_dagrun for dataset_produces_2 to None, run_after=None
[2023-03-28T02:31:11.403+0000] {processor.py:175} INFO - Processing /home/airflow/.local/lib/python3.7/site-packages/airflow/example_dags/example_datasets.py took 0.128 seconds
[2023-03-28T02:31:42.053+0000] {processor.py:153} INFO - Started process (PID=647) to work on /home/airflow/.local/lib/python3.7/site-packages/airflow/example_dags/example_datasets.py
[2023-03-28T02:31:42.055+0000] {processor.py:743} INFO - Processing file /home/airflow/.local/lib/python3.7/site-packages/airflow/example_dags/example_datasets.py for tasks to queue
[2023-03-28T02:31:42.057+0000] {logging_mixin.py:137} INFO - [2023-03-28T02:31:42.056+0000] {dagbag.py:532} INFO - Filling up the DagBag from /home/airflow/.local/lib/python3.7/site-packages/airflow/example_dags/example_datasets.py
[2023-03-28T02:31:42.071+0000] {processor.py:753} INFO - DAG(s) dict_keys(['dataset_consumes_unknown_never_scheduled', 'dataset_consumes_1', 'dataset_produces_1', 'dataset_consumes_1_never_scheduled', 'dataset_produces_2', 'dataset_consumes_1_and_2']) retrieved from /home/airflow/.local/lib/python3.7/site-packages/airflow/example_dags/example_datasets.py
[2023-03-28T02:31:42.111+0000] {logging_mixin.py:137} INFO - [2023-03-28T02:31:42.111+0000] {dag.py:2693} INFO - Sync 6 DAGs
[2023-03-28T02:31:42.132+0000] {logging_mixin.py:137} INFO - [2023-03-28T02:31:42.131+0000] {dag.py:3444} INFO - Setting next_dagrun for dataset_consumes_1 to None, run_after=None
[2023-03-28T02:31:42.138+0000] {logging_mixin.py:137} INFO - [2023-03-28T02:31:42.138+0000] {dag.py:3444} INFO - Setting next_dagrun for dataset_consumes_1_and_2 to None, run_after=None
[2023-03-28T02:31:42.139+0000] {logging_mixin.py:137} INFO - [2023-03-28T02:31:42.139+0000] {dag.py:3444} INFO - Setting next_dagrun for dataset_consumes_1_never_scheduled to None, run_after=None
[2023-03-28T02:31:42.141+0000] {logging_mixin.py:137} INFO - [2023-03-28T02:31:42.141+0000] {dag.py:3444} INFO - Setting next_dagrun for dataset_consumes_unknown_never_scheduled to None, run_after=None
[2023-03-28T02:31:42.143+0000] {logging_mixin.py:137} INFO - [2023-03-28T02:31:42.143+0000] {dag.py:3444} INFO - Setting next_dagrun for dataset_produces_1 to 2023-03-27T00:00:00+00:00, run_after=2023-03-28T00:00:00+00:00
[2023-03-28T02:31:42.144+0000] {logging_mixin.py:137} INFO - [2023-03-28T02:31:42.144+0000] {dag.py:3444} INFO - Setting next_dagrun for dataset_produces_2 to None, run_after=None
[2023-03-28T02:31:42.180+0000] {processor.py:175} INFO - Processing /home/airflow/.local/lib/python3.7/site-packages/airflow/example_dags/example_datasets.py took 0.132 seconds
[2023-03-28T02:32:12.780+0000] {processor.py:153} INFO - Started process (PID=696) to work on /home/airflow/.local/lib/python3.7/site-packages/airflow/example_dags/example_datasets.py
[2023-03-28T02:32:12.781+0000] {processor.py:743} INFO - Processing file /home/airflow/.local/lib/python3.7/site-packages/airflow/example_dags/example_datasets.py for tasks to queue
[2023-03-28T02:32:12.783+0000] {logging_mixin.py:137} INFO - [2023-03-28T02:32:12.782+0000] {dagbag.py:532} INFO - Filling up the DagBag from /home/airflow/.local/lib/python3.7/site-packages/airflow/example_dags/example_datasets.py
[2023-03-28T02:32:12.800+0000] {processor.py:753} INFO - DAG(s) dict_keys(['dataset_consumes_unknown_never_scheduled', 'dataset_consumes_1_and_2', 'dataset_consumes_1_never_scheduled', 'dataset_consumes_1', 'dataset_produces_2', 'dataset_produces_1']) retrieved from /home/airflow/.local/lib/python3.7/site-packages/airflow/example_dags/example_datasets.py
[2023-03-28T02:32:12.837+0000] {logging_mixin.py:137} INFO - [2023-03-28T02:32:12.837+0000] {dag.py:2693} INFO - Sync 6 DAGs
[2023-03-28T02:32:12.859+0000] {logging_mixin.py:137} INFO - [2023-03-28T02:32:12.858+0000] {dag.py:3444} INFO - Setting next_dagrun for dataset_consumes_1 to None, run_after=None
[2023-03-28T02:32:12.862+0000] {logging_mixin.py:137} INFO - [2023-03-28T02:32:12.862+0000] {dag.py:3444} INFO - Setting next_dagrun for dataset_consumes_1_and_2 to None, run_after=None
[2023-03-28T02:32:12.866+0000] {logging_mixin.py:137} INFO - [2023-03-28T02:32:12.866+0000] {dag.py:3444} INFO - Setting next_dagrun for dataset_consumes_1_never_scheduled to None, run_after=None
[2023-03-28T02:32:12.868+0000] {logging_mixin.py:137} INFO - [2023-03-28T02:32:12.868+0000] {dag.py:3444} INFO - Setting next_dagrun for dataset_consumes_unknown_never_scheduled to None, run_after=None
[2023-03-28T02:32:12.870+0000] {logging_mixin.py:137} INFO - [2023-03-28T02:32:12.870+0000] {dag.py:3444} INFO - Setting next_dagrun for dataset_produces_1 to 2023-03-27T00:00:00+00:00, run_after=2023-03-28T00:00:00+00:00
[2023-03-28T02:32:12.872+0000] {logging_mixin.py:137} INFO - [2023-03-28T02:32:12.872+0000] {dag.py:3444} INFO - Setting next_dagrun for dataset_produces_2 to None, run_after=None
[2023-03-28T02:32:12.915+0000] {processor.py:175} INFO - Processing /home/airflow/.local/lib/python3.7/site-packages/airflow/example_dags/example_datasets.py took 0.142 seconds
[2023-03-28T02:32:43.497+0000] {processor.py:153} INFO - Started process (PID=745) to work on /home/airflow/.local/lib/python3.7/site-packages/airflow/example_dags/example_datasets.py
[2023-03-28T02:32:43.501+0000] {processor.py:743} INFO - Processing file /home/airflow/.local/lib/python3.7/site-packages/airflow/example_dags/example_datasets.py for tasks to queue
[2023-03-28T02:32:43.502+0000] {logging_mixin.py:137} INFO - [2023-03-28T02:32:43.502+0000] {dagbag.py:532} INFO - Filling up the DagBag from /home/airflow/.local/lib/python3.7/site-packages/airflow/example_dags/example_datasets.py
[2023-03-28T02:32:43.518+0000] {processor.py:753} INFO - DAG(s) dict_keys(['dataset_consumes_1_and_2', 'dataset_consumes_1', 'dataset_consumes_unknown_never_scheduled', 'dataset_produces_2', 'dataset_produces_1', 'dataset_consumes_1_never_scheduled']) retrieved from /home/airflow/.local/lib/python3.7/site-packages/airflow/example_dags/example_datasets.py
[2023-03-28T02:32:43.559+0000] {logging_mixin.py:137} INFO - [2023-03-28T02:32:43.558+0000] {dag.py:2693} INFO - Sync 6 DAGs
[2023-03-28T02:32:43.584+0000] {logging_mixin.py:137} INFO - [2023-03-28T02:32:43.584+0000] {dag.py:3444} INFO - Setting next_dagrun for dataset_consumes_1 to None, run_after=None
[2023-03-28T02:32:43.587+0000] {logging_mixin.py:137} INFO - [2023-03-28T02:32:43.587+0000] {dag.py:3444} INFO - Setting next_dagrun for dataset_consumes_1_and_2 to None, run_after=None
[2023-03-28T02:32:43.588+0000] {logging_mixin.py:137} INFO - [2023-03-28T02:32:43.588+0000] {dag.py:3444} INFO - Setting next_dagrun for dataset_consumes_1_never_scheduled to None, run_after=None
[2023-03-28T02:32:43.591+0000] {logging_mixin.py:137} INFO - [2023-03-28T02:32:43.590+0000] {dag.py:3444} INFO - Setting next_dagrun for dataset_consumes_unknown_never_scheduled to None, run_after=None
[2023-03-28T02:32:43.593+0000] {logging_mixin.py:137} INFO - [2023-03-28T02:32:43.593+0000] {dag.py:3444} INFO - Setting next_dagrun for dataset_produces_1 to 2023-03-27T00:00:00+00:00, run_after=2023-03-28T00:00:00+00:00
[2023-03-28T02:32:43.595+0000] {logging_mixin.py:137} INFO - [2023-03-28T02:32:43.595+0000] {dag.py:3444} INFO - Setting next_dagrun for dataset_produces_2 to None, run_after=None
[2023-03-28T02:32:43.620+0000] {processor.py:175} INFO - Processing /home/airflow/.local/lib/python3.7/site-packages/airflow/example_dags/example_datasets.py took 0.129 seconds
[2023-03-28T02:33:14.421+0000] {processor.py:153} INFO - Started process (PID=794) to work on /home/airflow/.local/lib/python3.7/site-packages/airflow/example_dags/example_datasets.py
[2023-03-28T02:33:14.423+0000] {processor.py:743} INFO - Processing file /home/airflow/.local/lib/python3.7/site-packages/airflow/example_dags/example_datasets.py for tasks to queue
[2023-03-28T02:33:14.424+0000] {logging_mixin.py:137} INFO - [2023-03-28T02:33:14.424+0000] {dagbag.py:532} INFO - Filling up the DagBag from /home/airflow/.local/lib/python3.7/site-packages/airflow/example_dags/example_datasets.py
[2023-03-28T02:33:14.440+0000] {processor.py:753} INFO - DAG(s) dict_keys(['dataset_consumes_1', 'dataset_produces_2', 'dataset_consumes_unknown_never_scheduled', 'dataset_consumes_1_and_2', 'dataset_consumes_1_never_scheduled', 'dataset_produces_1']) retrieved from /home/airflow/.local/lib/python3.7/site-packages/airflow/example_dags/example_datasets.py
[2023-03-28T02:33:14.468+0000] {logging_mixin.py:137} INFO - [2023-03-28T02:33:14.468+0000] {dag.py:2693} INFO - Sync 6 DAGs
[2023-03-28T02:33:14.487+0000] {logging_mixin.py:137} INFO - [2023-03-28T02:33:14.487+0000] {dag.py:3444} INFO - Setting next_dagrun for dataset_consumes_1 to None, run_after=None
[2023-03-28T02:33:14.491+0000] {logging_mixin.py:137} INFO - [2023-03-28T02:33:14.490+0000] {dag.py:3444} INFO - Setting next_dagrun for dataset_consumes_1_and_2 to None, run_after=None
[2023-03-28T02:33:14.494+0000] {logging_mixin.py:137} INFO - [2023-03-28T02:33:14.494+0000] {dag.py:3444} INFO - Setting next_dagrun for dataset_consumes_1_never_scheduled to None, run_after=None
[2023-03-28T02:33:14.497+0000] {logging_mixin.py:137} INFO - [2023-03-28T02:33:14.497+0000] {dag.py:3444} INFO - Setting next_dagrun for dataset_consumes_unknown_never_scheduled to None, run_after=None
[2023-03-28T02:33:14.500+0000] {logging_mixin.py:137} INFO - [2023-03-28T02:33:14.500+0000] {dag.py:3444} INFO - Setting next_dagrun for dataset_produces_1 to 2023-03-27T00:00:00+00:00, run_after=2023-03-28T00:00:00+00:00
[2023-03-28T02:33:14.503+0000] {logging_mixin.py:137} INFO - [2023-03-28T02:33:14.503+0000] {dag.py:3444} INFO - Setting next_dagrun for dataset_produces_2 to None, run_after=None
[2023-03-28T02:33:14.534+0000] {processor.py:175} INFO - Processing /home/airflow/.local/lib/python3.7/site-packages/airflow/example_dags/example_datasets.py took 0.116 seconds
[2023-03-28T02:33:45.099+0000] {processor.py:153} INFO - Started process (PID=843) to work on /home/airflow/.local/lib/python3.7/site-packages/airflow/example_dags/example_datasets.py
[2023-03-28T02:33:45.102+0000] {processor.py:743} INFO - Processing file /home/airflow/.local/lib/python3.7/site-packages/airflow/example_dags/example_datasets.py for tasks to queue
[2023-03-28T02:33:45.103+0000] {logging_mixin.py:137} INFO - [2023-03-28T02:33:45.103+0000] {dagbag.py:532} INFO - Filling up the DagBag from /home/airflow/.local/lib/python3.7/site-packages/airflow/example_dags/example_datasets.py
[2023-03-28T02:33:45.121+0000] {processor.py:753} INFO - DAG(s) dict_keys(['dataset_consumes_1', 'dataset_produces_1', 'dataset_produces_2', 'dataset_consumes_1_and_2', 'dataset_consumes_unknown_never_scheduled', 'dataset_consumes_1_never_scheduled']) retrieved from /home/airflow/.local/lib/python3.7/site-packages/airflow/example_dags/example_datasets.py
[2023-03-28T02:33:45.153+0000] {logging_mixin.py:137} INFO - [2023-03-28T02:33:45.152+0000] {dag.py:2693} INFO - Sync 6 DAGs
[2023-03-28T02:33:45.167+0000] {logging_mixin.py:137} INFO - [2023-03-28T02:33:45.167+0000] {dag.py:3444} INFO - Setting next_dagrun for dataset_consumes_1 to None, run_after=None
[2023-03-28T02:33:45.170+0000] {logging_mixin.py:137} INFO - [2023-03-28T02:33:45.170+0000] {dag.py:3444} INFO - Setting next_dagrun for dataset_consumes_1_and_2 to None, run_after=None
[2023-03-28T02:33:45.172+0000] {logging_mixin.py:137} INFO - [2023-03-28T02:33:45.172+0000] {dag.py:3444} INFO - Setting next_dagrun for dataset_consumes_1_never_scheduled to None, run_after=None
[2023-03-28T02:33:45.173+0000] {logging_mixin.py:137} INFO - [2023-03-28T02:33:45.173+0000] {dag.py:3444} INFO - Setting next_dagrun for dataset_consumes_unknown_never_scheduled to None, run_after=None
[2023-03-28T02:33:45.175+0000] {logging_mixin.py:137} INFO - [2023-03-28T02:33:45.175+0000] {dag.py:3444} INFO - Setting next_dagrun for dataset_produces_1 to 2023-03-27T00:00:00+00:00, run_after=2023-03-28T00:00:00+00:00
[2023-03-28T02:33:45.176+0000] {logging_mixin.py:137} INFO - [2023-03-28T02:33:45.176+0000] {dag.py:3444} INFO - Setting next_dagrun for dataset_produces_2 to None, run_after=None
[2023-03-28T02:33:45.206+0000] {processor.py:175} INFO - Processing /home/airflow/.local/lib/python3.7/site-packages/airflow/example_dags/example_datasets.py took 0.113 seconds
[2023-03-28T02:34:15.556+0000] {processor.py:153} INFO - Started process (PID=892) to work on /home/airflow/.local/lib/python3.7/site-packages/airflow/example_dags/example_datasets.py
[2023-03-28T02:34:15.559+0000] {processor.py:743} INFO - Processing file /home/airflow/.local/lib/python3.7/site-packages/airflow/example_dags/example_datasets.py for tasks to queue
[2023-03-28T02:34:15.561+0000] {logging_mixin.py:137} INFO - [2023-03-28T02:34:15.560+0000] {dagbag.py:532} INFO - Filling up the DagBag from /home/airflow/.local/lib/python3.7/site-packages/airflow/example_dags/example_datasets.py
[2023-03-28T02:34:15.583+0000] {processor.py:753} INFO - DAG(s) dict_keys(['dataset_consumes_1', 'dataset_consumes_1_and_2', 'dataset_produces_1', 'dataset_consumes_unknown_never_scheduled', 'dataset_consumes_1_never_scheduled', 'dataset_produces_2']) retrieved from /home/airflow/.local/lib/python3.7/site-packages/airflow/example_dags/example_datasets.py
[2023-03-28T02:34:15.623+0000] {logging_mixin.py:137} INFO - [2023-03-28T02:34:15.622+0000] {dag.py:2693} INFO - Sync 6 DAGs
[2023-03-28T02:34:15.639+0000] {logging_mixin.py:137} INFO - [2023-03-28T02:34:15.639+0000] {dag.py:3444} INFO - Setting next_dagrun for dataset_consumes_1 to None, run_after=None
[2023-03-28T02:34:15.642+0000] {logging_mixin.py:137} INFO - [2023-03-28T02:34:15.642+0000] {dag.py:3444} INFO - Setting next_dagrun for dataset_consumes_1_and_2 to None, run_after=None
[2023-03-28T02:34:15.643+0000] {logging_mixin.py:137} INFO - [2023-03-28T02:34:15.643+0000] {dag.py:3444} INFO - Setting next_dagrun for dataset_consumes_1_never_scheduled to None, run_after=None
[2023-03-28T02:34:15.645+0000] {logging_mixin.py:137} INFO - [2023-03-28T02:34:15.645+0000] {dag.py:3444} INFO - Setting next_dagrun for dataset_consumes_unknown_never_scheduled to None, run_after=None
[2023-03-28T02:34:15.647+0000] {logging_mixin.py:137} INFO - [2023-03-28T02:34:15.647+0000] {dag.py:3444} INFO - Setting next_dagrun for dataset_produces_1 to 2023-03-27T00:00:00+00:00, run_after=2023-03-28T00:00:00+00:00
[2023-03-28T02:34:15.648+0000] {logging_mixin.py:137} INFO - [2023-03-28T02:34:15.648+0000] {dag.py:3444} INFO - Setting next_dagrun for dataset_produces_2 to None, run_after=None
[2023-03-28T02:34:15.674+0000] {processor.py:175} INFO - Processing /home/airflow/.local/lib/python3.7/site-packages/airflow/example_dags/example_datasets.py took 0.125 seconds
[2023-03-28T02:34:45.944+0000] {processor.py:153} INFO - Started process (PID=941) to work on /home/airflow/.local/lib/python3.7/site-packages/airflow/example_dags/example_datasets.py
[2023-03-28T02:34:45.946+0000] {processor.py:743} INFO - Processing file /home/airflow/.local/lib/python3.7/site-packages/airflow/example_dags/example_datasets.py for tasks to queue
[2023-03-28T02:34:45.948+0000] {logging_mixin.py:137} INFO - [2023-03-28T02:34:45.947+0000] {dagbag.py:532} INFO - Filling up the DagBag from /home/airflow/.local/lib/python3.7/site-packages/airflow/example_dags/example_datasets.py
[2023-03-28T02:34:45.963+0000] {processor.py:753} INFO - DAG(s) dict_keys(['dataset_consumes_1_never_scheduled', 'dataset_consumes_unknown_never_scheduled', 'dataset_consumes_1', 'dataset_produces_1', 'dataset_consumes_1_and_2', 'dataset_produces_2']) retrieved from /home/airflow/.local/lib/python3.7/site-packages/airflow/example_dags/example_datasets.py
[2023-03-28T02:34:45.993+0000] {logging_mixin.py:137} INFO - [2023-03-28T02:34:45.993+0000] {dag.py:2693} INFO - Sync 6 DAGs
[2023-03-28T02:34:46.009+0000] {logging_mixin.py:137} INFO - [2023-03-28T02:34:46.009+0000] {dag.py:3444} INFO - Setting next_dagrun for dataset_consumes_1 to None, run_after=None
[2023-03-28T02:34:46.012+0000] {logging_mixin.py:137} INFO - [2023-03-28T02:34:46.012+0000] {dag.py:3444} INFO - Setting next_dagrun for dataset_consumes_1_and_2 to None, run_after=None
[2023-03-28T02:34:46.014+0000] {logging_mixin.py:137} INFO - [2023-03-28T02:34:46.014+0000] {dag.py:3444} INFO - Setting next_dagrun for dataset_consumes_1_never_scheduled to None, run_after=None
[2023-03-28T02:34:46.015+0000] {logging_mixin.py:137} INFO - [2023-03-28T02:34:46.015+0000] {dag.py:3444} INFO - Setting next_dagrun for dataset_consumes_unknown_never_scheduled to None, run_after=None
[2023-03-28T02:34:46.018+0000] {logging_mixin.py:137} INFO - [2023-03-28T02:34:46.017+0000] {dag.py:3444} INFO - Setting next_dagrun for dataset_produces_1 to 2023-03-27T00:00:00+00:00, run_after=2023-03-28T00:00:00+00:00
[2023-03-28T02:34:46.019+0000] {logging_mixin.py:137} INFO - [2023-03-28T02:34:46.019+0000] {dag.py:3444} INFO - Setting next_dagrun for dataset_produces_2 to None, run_after=None
[2023-03-28T02:34:46.046+0000] {processor.py:175} INFO - Processing /home/airflow/.local/lib/python3.7/site-packages/airflow/example_dags/example_datasets.py took 0.106 seconds
[2023-03-28T02:35:16.656+0000] {processor.py:153} INFO - Started process (PID=990) to work on /home/airflow/.local/lib/python3.7/site-packages/airflow/example_dags/example_datasets.py
[2023-03-28T02:35:16.659+0000] {processor.py:743} INFO - Processing file /home/airflow/.local/lib/python3.7/site-packages/airflow/example_dags/example_datasets.py for tasks to queue
[2023-03-28T02:35:16.661+0000] {logging_mixin.py:137} INFO - [2023-03-28T02:35:16.661+0000] {dagbag.py:532} INFO - Filling up the DagBag from /home/airflow/.local/lib/python3.7/site-packages/airflow/example_dags/example_datasets.py
[2023-03-28T02:35:16.679+0000] {processor.py:753} INFO - DAG(s) dict_keys(['dataset_consumes_unknown_never_scheduled', 'dataset_consumes_1_and_2', 'dataset_produces_1', 'dataset_consumes_1_never_scheduled', 'dataset_consumes_1', 'dataset_produces_2']) retrieved from /home/airflow/.local/lib/python3.7/site-packages/airflow/example_dags/example_datasets.py
[2023-03-28T02:35:16.708+0000] {logging_mixin.py:137} INFO - [2023-03-28T02:35:16.708+0000] {dag.py:2693} INFO - Sync 6 DAGs
[2023-03-28T02:35:16.724+0000] {logging_mixin.py:137} INFO - [2023-03-28T02:35:16.724+0000] {dag.py:3444} INFO - Setting next_dagrun for dataset_consumes_1 to None, run_after=None
[2023-03-28T02:35:16.727+0000] {logging_mixin.py:137} INFO - [2023-03-28T02:35:16.727+0000] {dag.py:3444} INFO - Setting next_dagrun for dataset_consumes_1_and_2 to None, run_after=None
[2023-03-28T02:35:16.729+0000] {logging_mixin.py:137} INFO - [2023-03-28T02:35:16.729+0000] {dag.py:3444} INFO - Setting next_dagrun for dataset_consumes_1_never_scheduled to None, run_after=None
[2023-03-28T02:35:16.730+0000] {logging_mixin.py:137} INFO - [2023-03-28T02:35:16.730+0000] {dag.py:3444} INFO - Setting next_dagrun for dataset_consumes_unknown_never_scheduled to None, run_after=None
[2023-03-28T02:35:16.733+0000] {logging_mixin.py:137} INFO - [2023-03-28T02:35:16.732+0000] {dag.py:3444} INFO - Setting next_dagrun for dataset_produces_1 to 2023-03-27T00:00:00+00:00, run_after=2023-03-28T00:00:00+00:00
[2023-03-28T02:35:16.734+0000] {logging_mixin.py:137} INFO - [2023-03-28T02:35:16.734+0000] {dag.py:3444} INFO - Setting next_dagrun for dataset_produces_2 to None, run_after=None
[2023-03-28T02:35:16.756+0000] {processor.py:175} INFO - Processing /home/airflow/.local/lib/python3.7/site-packages/airflow/example_dags/example_datasets.py took 0.103 seconds
[2023-03-28T02:35:47.080+0000] {processor.py:153} INFO - Started process (PID=1041) to work on /home/airflow/.local/lib/python3.7/site-packages/airflow/example_dags/example_datasets.py
[2023-03-28T02:35:47.083+0000] {processor.py:743} INFO - Processing file /home/airflow/.local/lib/python3.7/site-packages/airflow/example_dags/example_datasets.py for tasks to queue
[2023-03-28T02:35:47.085+0000] {logging_mixin.py:137} INFO - [2023-03-28T02:35:47.085+0000] {dagbag.py:532} INFO - Filling up the DagBag from /home/airflow/.local/lib/python3.7/site-packages/airflow/example_dags/example_datasets.py
[2023-03-28T02:35:47.101+0000] {processor.py:753} INFO - DAG(s) dict_keys(['dataset_consumes_unknown_never_scheduled', 'dataset_consumes_1', 'dataset_produces_1', 'dataset_consumes_1_never_scheduled', 'dataset_produces_2', 'dataset_consumes_1_and_2']) retrieved from /home/airflow/.local/lib/python3.7/site-packages/airflow/example_dags/example_datasets.py
[2023-03-28T02:35:47.137+0000] {logging_mixin.py:137} INFO - [2023-03-28T02:35:47.137+0000] {dag.py:2693} INFO - Sync 6 DAGs
[2023-03-28T02:35:47.154+0000] {logging_mixin.py:137} INFO - [2023-03-28T02:35:47.154+0000] {dag.py:3444} INFO - Setting next_dagrun for dataset_consumes_1 to None, run_after=None
[2023-03-28T02:35:47.157+0000] {logging_mixin.py:137} INFO - [2023-03-28T02:35:47.157+0000] {dag.py:3444} INFO - Setting next_dagrun for dataset_consumes_1_and_2 to None, run_after=None
[2023-03-28T02:35:47.159+0000] {logging_mixin.py:137} INFO - [2023-03-28T02:35:47.158+0000] {dag.py:3444} INFO - Setting next_dagrun for dataset_consumes_1_never_scheduled to None, run_after=None
[2023-03-28T02:35:47.160+0000] {logging_mixin.py:137} INFO - [2023-03-28T02:35:47.160+0000] {dag.py:3444} INFO - Setting next_dagrun for dataset_consumes_unknown_never_scheduled to None, run_after=None
[2023-03-28T02:35:47.162+0000] {logging_mixin.py:137} INFO - [2023-03-28T02:35:47.162+0000] {dag.py:3444} INFO - Setting next_dagrun for dataset_produces_1 to 2023-03-27T00:00:00+00:00, run_after=2023-03-28T00:00:00+00:00
[2023-03-28T02:35:47.164+0000] {logging_mixin.py:137} INFO - [2023-03-28T02:35:47.164+0000] {dag.py:3444} INFO - Setting next_dagrun for dataset_produces_2 to None, run_after=None
[2023-03-28T02:35:47.189+0000] {processor.py:175} INFO - Processing /home/airflow/.local/lib/python3.7/site-packages/airflow/example_dags/example_datasets.py took 0.113 seconds
[2023-03-28T02:36:17.407+0000] {processor.py:153} INFO - Started process (PID=1091) to work on /home/airflow/.local/lib/python3.7/site-packages/airflow/example_dags/example_datasets.py
[2023-03-28T02:36:17.409+0000] {processor.py:743} INFO - Processing file /home/airflow/.local/lib/python3.7/site-packages/airflow/example_dags/example_datasets.py for tasks to queue
[2023-03-28T02:36:17.410+0000] {logging_mixin.py:137} INFO - [2023-03-28T02:36:17.410+0000] {dagbag.py:532} INFO - Filling up the DagBag from /home/airflow/.local/lib/python3.7/site-packages/airflow/example_dags/example_datasets.py
[2023-03-28T02:36:17.426+0000] {processor.py:753} INFO - DAG(s) dict_keys(['dataset_produces_2', 'dataset_consumes_1_and_2', 'dataset_consumes_1', 'dataset_consumes_1_never_scheduled', 'dataset_consumes_unknown_never_scheduled', 'dataset_produces_1']) retrieved from /home/airflow/.local/lib/python3.7/site-packages/airflow/example_dags/example_datasets.py
[2023-03-28T02:36:17.459+0000] {logging_mixin.py:137} INFO - [2023-03-28T02:36:17.459+0000] {dag.py:2693} INFO - Sync 6 DAGs
[2023-03-28T02:36:17.475+0000] {logging_mixin.py:137} INFO - [2023-03-28T02:36:17.475+0000] {dag.py:3444} INFO - Setting next_dagrun for dataset_consumes_1 to None, run_after=None
[2023-03-28T02:36:17.479+0000] {logging_mixin.py:137} INFO - [2023-03-28T02:36:17.479+0000] {dag.py:3444} INFO - Setting next_dagrun for dataset_consumes_1_and_2 to None, run_after=None
[2023-03-28T02:36:17.481+0000] {logging_mixin.py:137} INFO - [2023-03-28T02:36:17.481+0000] {dag.py:3444} INFO - Setting next_dagrun for dataset_consumes_1_never_scheduled to None, run_after=None
[2023-03-28T02:36:17.482+0000] {logging_mixin.py:137} INFO - [2023-03-28T02:36:17.482+0000] {dag.py:3444} INFO - Setting next_dagrun for dataset_consumes_unknown_never_scheduled to None, run_after=None
[2023-03-28T02:36:17.484+0000] {logging_mixin.py:137} INFO - [2023-03-28T02:36:17.484+0000] {dag.py:3444} INFO - Setting next_dagrun for dataset_produces_1 to 2023-03-27T00:00:00+00:00, run_after=2023-03-28T00:00:00+00:00
[2023-03-28T02:36:17.486+0000] {logging_mixin.py:137} INFO - [2023-03-28T02:36:17.486+0000] {dag.py:3444} INFO - Setting next_dagrun for dataset_produces_2 to None, run_after=None
[2023-03-28T02:36:17.510+0000] {processor.py:175} INFO - Processing /home/airflow/.local/lib/python3.7/site-packages/airflow/example_dags/example_datasets.py took 0.108 seconds
[2023-03-28T02:36:47.892+0000] {processor.py:153} INFO - Started process (PID=1140) to work on /home/airflow/.local/lib/python3.7/site-packages/airflow/example_dags/example_datasets.py
[2023-03-28T02:36:47.894+0000] {processor.py:743} INFO - Processing file /home/airflow/.local/lib/python3.7/site-packages/airflow/example_dags/example_datasets.py for tasks to queue
[2023-03-28T02:36:47.897+0000] {logging_mixin.py:137} INFO - [2023-03-28T02:36:47.897+0000] {dagbag.py:532} INFO - Filling up the DagBag from /home/airflow/.local/lib/python3.7/site-packages/airflow/example_dags/example_datasets.py
[2023-03-28T02:36:47.911+0000] {processor.py:753} INFO - DAG(s) dict_keys(['dataset_consumes_1_and_2', 'dataset_produces_2', 'dataset_consumes_1', 'dataset_produces_1', 'dataset_consumes_unknown_never_scheduled', 'dataset_consumes_1_never_scheduled']) retrieved from /home/airflow/.local/lib/python3.7/site-packages/airflow/example_dags/example_datasets.py
[2023-03-28T02:36:47.941+0000] {logging_mixin.py:137} INFO - [2023-03-28T02:36:47.941+0000] {dag.py:2693} INFO - Sync 6 DAGs
[2023-03-28T02:36:47.957+0000] {logging_mixin.py:137} INFO - [2023-03-28T02:36:47.957+0000] {dag.py:3444} INFO - Setting next_dagrun for dataset_consumes_1 to None, run_after=None
[2023-03-28T02:36:47.960+0000] {logging_mixin.py:137} INFO - [2023-03-28T02:36:47.960+0000] {dag.py:3444} INFO - Setting next_dagrun for dataset_consumes_1_and_2 to None, run_after=None
[2023-03-28T02:36:47.962+0000] {logging_mixin.py:137} INFO - [2023-03-28T02:36:47.962+0000] {dag.py:3444} INFO - Setting next_dagrun for dataset_consumes_1_never_scheduled to None, run_after=None
[2023-03-28T02:36:47.965+0000] {logging_mixin.py:137} INFO - [2023-03-28T02:36:47.965+0000] {dag.py:3444} INFO - Setting next_dagrun for dataset_consumes_unknown_never_scheduled to None, run_after=None
[2023-03-28T02:36:47.968+0000] {logging_mixin.py:137} INFO - [2023-03-28T02:36:47.968+0000] {dag.py:3444} INFO - Setting next_dagrun for dataset_produces_1 to 2023-03-27T00:00:00+00:00, run_after=2023-03-28T00:00:00+00:00
[2023-03-28T02:36:47.969+0000] {logging_mixin.py:137} INFO - [2023-03-28T02:36:47.969+0000] {dag.py:3444} INFO - Setting next_dagrun for dataset_produces_2 to None, run_after=None
[2023-03-28T02:36:48.002+0000] {processor.py:175} INFO - Processing /home/airflow/.local/lib/python3.7/site-packages/airflow/example_dags/example_datasets.py took 0.114 seconds
[2023-03-28T02:37:18.311+0000] {processor.py:153} INFO - Started process (PID=1190) to work on /home/airflow/.local/lib/python3.7/site-packages/airflow/example_dags/example_datasets.py
[2023-03-28T02:37:18.314+0000] {processor.py:743} INFO - Processing file /home/airflow/.local/lib/python3.7/site-packages/airflow/example_dags/example_datasets.py for tasks to queue
[2023-03-28T02:37:18.316+0000] {logging_mixin.py:137} INFO - [2023-03-28T02:37:18.315+0000] {dagbag.py:532} INFO - Filling up the DagBag from /home/airflow/.local/lib/python3.7/site-packages/airflow/example_dags/example_datasets.py
[2023-03-28T02:37:18.335+0000] {processor.py:753} INFO - DAG(s) dict_keys(['dataset_consumes_1_never_scheduled', 'dataset_produces_1', 'dataset_consumes_1_and_2', 'dataset_consumes_1', 'dataset_produces_2', 'dataset_consumes_unknown_never_scheduled']) retrieved from /home/airflow/.local/lib/python3.7/site-packages/airflow/example_dags/example_datasets.py
[2023-03-28T02:37:18.377+0000] {logging_mixin.py:137} INFO - [2023-03-28T02:37:18.376+0000] {dag.py:2693} INFO - Sync 6 DAGs
[2023-03-28T02:37:18.399+0000] {logging_mixin.py:137} INFO - [2023-03-28T02:37:18.399+0000] {dag.py:3444} INFO - Setting next_dagrun for dataset_consumes_1 to None, run_after=None
[2023-03-28T02:37:18.402+0000] {logging_mixin.py:137} INFO - [2023-03-28T02:37:18.402+0000] {dag.py:3444} INFO - Setting next_dagrun for dataset_consumes_1_and_2 to None, run_after=None
[2023-03-28T02:37:18.404+0000] {logging_mixin.py:137} INFO - [2023-03-28T02:37:18.404+0000] {dag.py:3444} INFO - Setting next_dagrun for dataset_consumes_1_never_scheduled to None, run_after=None
[2023-03-28T02:37:18.407+0000] {logging_mixin.py:137} INFO - [2023-03-28T02:37:18.407+0000] {dag.py:3444} INFO - Setting next_dagrun for dataset_consumes_unknown_never_scheduled to None, run_after=None
[2023-03-28T02:37:18.412+0000] {logging_mixin.py:137} INFO - [2023-03-28T02:37:18.411+0000] {dag.py:3444} INFO - Setting next_dagrun for dataset_produces_1 to 2023-03-27T00:00:00+00:00, run_after=2023-03-28T00:00:00+00:00
[2023-03-28T02:37:18.414+0000] {logging_mixin.py:137} INFO - [2023-03-28T02:37:18.414+0000] {dag.py:3444} INFO - Setting next_dagrun for dataset_produces_2 to None, run_after=None
[2023-03-28T02:37:18.446+0000] {processor.py:175} INFO - Processing /home/airflow/.local/lib/python3.7/site-packages/airflow/example_dags/example_datasets.py took 0.139 seconds
[2023-03-28T02:37:48.883+0000] {processor.py:153} INFO - Started process (PID=1239) to work on /home/airflow/.local/lib/python3.7/site-packages/airflow/example_dags/example_datasets.py
[2023-03-28T02:37:48.885+0000] {processor.py:743} INFO - Processing file /home/airflow/.local/lib/python3.7/site-packages/airflow/example_dags/example_datasets.py for tasks to queue
[2023-03-28T02:37:48.887+0000] {logging_mixin.py:137} INFO - [2023-03-28T02:37:48.886+0000] {dagbag.py:532} INFO - Filling up the DagBag from /home/airflow/.local/lib/python3.7/site-packages/airflow/example_dags/example_datasets.py
[2023-03-28T02:37:48.908+0000] {processor.py:753} INFO - DAG(s) dict_keys(['dataset_consumes_1_never_scheduled', 'dataset_consumes_1_and_2', 'dataset_produces_2', 'dataset_consumes_unknown_never_scheduled', 'dataset_produces_1', 'dataset_consumes_1']) retrieved from /home/airflow/.local/lib/python3.7/site-packages/airflow/example_dags/example_datasets.py
[2023-03-28T02:37:48.943+0000] {logging_mixin.py:137} INFO - [2023-03-28T02:37:48.943+0000] {dag.py:2693} INFO - Sync 6 DAGs
[2023-03-28T02:37:48.960+0000] {logging_mixin.py:137} INFO - [2023-03-28T02:37:48.960+0000] {dag.py:3444} INFO - Setting next_dagrun for dataset_consumes_1 to None, run_after=None
[2023-03-28T02:37:48.963+0000] {logging_mixin.py:137} INFO - [2023-03-28T02:37:48.963+0000] {dag.py:3444} INFO - Setting next_dagrun for dataset_consumes_1_and_2 to None, run_after=None
[2023-03-28T02:37:48.965+0000] {logging_mixin.py:137} INFO - [2023-03-28T02:37:48.965+0000] {dag.py:3444} INFO - Setting next_dagrun for dataset_consumes_1_never_scheduled to None, run_after=None
[2023-03-28T02:37:48.966+0000] {logging_mixin.py:137} INFO - [2023-03-28T02:37:48.966+0000] {dag.py:3444} INFO - Setting next_dagrun for dataset_consumes_unknown_never_scheduled to None, run_after=None
[2023-03-28T02:37:48.969+0000] {logging_mixin.py:137} INFO - [2023-03-28T02:37:48.968+0000] {dag.py:3444} INFO - Setting next_dagrun for dataset_produces_1 to 2023-03-27T00:00:00+00:00, run_after=2023-03-28T00:00:00+00:00
[2023-03-28T02:37:48.970+0000] {logging_mixin.py:137} INFO - [2023-03-28T02:37:48.970+0000] {dag.py:3444} INFO - Setting next_dagrun for dataset_produces_2 to None, run_after=None
[2023-03-28T02:37:49.008+0000] {processor.py:175} INFO - Processing /home/airflow/.local/lib/python3.7/site-packages/airflow/example_dags/example_datasets.py took 0.130 seconds
[2023-03-28T02:38:19.529+0000] {processor.py:153} INFO - Started process (PID=1288) to work on /home/airflow/.local/lib/python3.7/site-packages/airflow/example_dags/example_datasets.py
[2023-03-28T02:38:19.531+0000] {processor.py:743} INFO - Processing file /home/airflow/.local/lib/python3.7/site-packages/airflow/example_dags/example_datasets.py for tasks to queue
[2023-03-28T02:38:19.532+0000] {logging_mixin.py:137} INFO - [2023-03-28T02:38:19.532+0000] {dagbag.py:532} INFO - Filling up the DagBag from /home/airflow/.local/lib/python3.7/site-packages/airflow/example_dags/example_datasets.py
[2023-03-28T02:38:19.544+0000] {processor.py:753} INFO - DAG(s) dict_keys(['dataset_consumes_unknown_never_scheduled', 'dataset_consumes_1', 'dataset_produces_1', 'dataset_consumes_1_never_scheduled', 'dataset_produces_2', 'dataset_consumes_1_and_2']) retrieved from /home/airflow/.local/lib/python3.7/site-packages/airflow/example_dags/example_datasets.py
[2023-03-28T02:38:19.573+0000] {logging_mixin.py:137} INFO - [2023-03-28T02:38:19.573+0000] {dag.py:2693} INFO - Sync 6 DAGs
[2023-03-28T02:38:19.592+0000] {logging_mixin.py:137} INFO - [2023-03-28T02:38:19.592+0000] {dag.py:3444} INFO - Setting next_dagrun for dataset_consumes_1 to None, run_after=None
[2023-03-28T02:38:19.596+0000] {logging_mixin.py:137} INFO - [2023-03-28T02:38:19.596+0000] {dag.py:3444} INFO - Setting next_dagrun for dataset_consumes_1_and_2 to None, run_after=None
[2023-03-28T02:38:19.598+0000] {logging_mixin.py:137} INFO - [2023-03-28T02:38:19.597+0000] {dag.py:3444} INFO - Setting next_dagrun for dataset_consumes_1_never_scheduled to None, run_after=None
[2023-03-28T02:38:19.599+0000] {logging_mixin.py:137} INFO - [2023-03-28T02:38:19.599+0000] {dag.py:3444} INFO - Setting next_dagrun for dataset_consumes_unknown_never_scheduled to None, run_after=None
[2023-03-28T02:38:19.604+0000] {logging_mixin.py:137} INFO - [2023-03-28T02:38:19.604+0000] {dag.py:3444} INFO - Setting next_dagrun for dataset_produces_1 to 2023-03-27T00:00:00+00:00, run_after=2023-03-28T00:00:00+00:00
[2023-03-28T02:38:19.605+0000] {logging_mixin.py:137} INFO - [2023-03-28T02:38:19.605+0000] {dag.py:3444} INFO - Setting next_dagrun for dataset_produces_2 to None, run_after=None
[2023-03-28T02:38:19.629+0000] {processor.py:175} INFO - Processing /home/airflow/.local/lib/python3.7/site-packages/airflow/example_dags/example_datasets.py took 0.103 seconds
[2023-03-28T02:38:49.887+0000] {processor.py:153} INFO - Started process (PID=1338) to work on /home/airflow/.local/lib/python3.7/site-packages/airflow/example_dags/example_datasets.py
[2023-03-28T02:38:49.889+0000] {processor.py:743} INFO - Processing file /home/airflow/.local/lib/python3.7/site-packages/airflow/example_dags/example_datasets.py for tasks to queue
[2023-03-28T02:38:49.890+0000] {logging_mixin.py:137} INFO - [2023-03-28T02:38:49.889+0000] {dagbag.py:532} INFO - Filling up the DagBag from /home/airflow/.local/lib/python3.7/site-packages/airflow/example_dags/example_datasets.py
[2023-03-28T02:38:49.901+0000] {processor.py:753} INFO - DAG(s) dict_keys(['dataset_consumes_1', 'dataset_consumes_1_and_2', 'dataset_produces_1', 'dataset_produces_2', 'dataset_consumes_unknown_never_scheduled', 'dataset_consumes_1_never_scheduled']) retrieved from /home/airflow/.local/lib/python3.7/site-packages/airflow/example_dags/example_datasets.py
[2023-03-28T02:38:49.928+0000] {logging_mixin.py:137} INFO - [2023-03-28T02:38:49.928+0000] {dag.py:2693} INFO - Sync 6 DAGs
[2023-03-28T02:38:49.944+0000] {logging_mixin.py:137} INFO - [2023-03-28T02:38:49.944+0000] {dag.py:3444} INFO - Setting next_dagrun for dataset_consumes_1 to None, run_after=None
[2023-03-28T02:38:49.947+0000] {logging_mixin.py:137} INFO - [2023-03-28T02:38:49.947+0000] {dag.py:3444} INFO - Setting next_dagrun for dataset_consumes_1_and_2 to None, run_after=None
[2023-03-28T02:38:49.949+0000] {logging_mixin.py:137} INFO - [2023-03-28T02:38:49.949+0000] {dag.py:3444} INFO - Setting next_dagrun for dataset_consumes_1_never_scheduled to None, run_after=None
[2023-03-28T02:38:49.951+0000] {logging_mixin.py:137} INFO - [2023-03-28T02:38:49.950+0000] {dag.py:3444} INFO - Setting next_dagrun for dataset_consumes_unknown_never_scheduled to None, run_after=None
[2023-03-28T02:38:49.954+0000] {logging_mixin.py:137} INFO - [2023-03-28T02:38:49.954+0000] {dag.py:3444} INFO - Setting next_dagrun for dataset_produces_1 to 2023-03-27T00:00:00+00:00, run_after=2023-03-28T00:00:00+00:00
[2023-03-28T02:38:49.959+0000] {logging_mixin.py:137} INFO - [2023-03-28T02:38:49.959+0000] {dag.py:3444} INFO - Setting next_dagrun for dataset_produces_2 to None, run_after=None
[2023-03-28T02:38:49.990+0000] {processor.py:175} INFO - Processing /home/airflow/.local/lib/python3.7/site-packages/airflow/example_dags/example_datasets.py took 0.107 seconds
[2023-03-28T02:39:20.290+0000] {processor.py:153} INFO - Started process (PID=1387) to work on /home/airflow/.local/lib/python3.7/site-packages/airflow/example_dags/example_datasets.py
[2023-03-28T02:39:20.291+0000] {processor.py:743} INFO - Processing file /home/airflow/.local/lib/python3.7/site-packages/airflow/example_dags/example_datasets.py for tasks to queue
[2023-03-28T02:39:20.292+0000] {logging_mixin.py:137} INFO - [2023-03-28T02:39:20.292+0000] {dagbag.py:532} INFO - Filling up the DagBag from /home/airflow/.local/lib/python3.7/site-packages/airflow/example_dags/example_datasets.py
[2023-03-28T02:39:20.307+0000] {processor.py:753} INFO - DAG(s) dict_keys(['dataset_consumes_1', 'dataset_consumes_1_and_2', 'dataset_produces_1', 'dataset_consumes_1_never_scheduled', 'dataset_consumes_unknown_never_scheduled', 'dataset_produces_2']) retrieved from /home/airflow/.local/lib/python3.7/site-packages/airflow/example_dags/example_datasets.py
[2023-03-28T02:39:20.335+0000] {logging_mixin.py:137} INFO - [2023-03-28T02:39:20.335+0000] {dag.py:2693} INFO - Sync 6 DAGs
[2023-03-28T02:39:20.351+0000] {logging_mixin.py:137} INFO - [2023-03-28T02:39:20.351+0000] {dag.py:3444} INFO - Setting next_dagrun for dataset_consumes_1 to None, run_after=None
[2023-03-28T02:39:20.354+0000] {logging_mixin.py:137} INFO - [2023-03-28T02:39:20.354+0000] {dag.py:3444} INFO - Setting next_dagrun for dataset_consumes_1_and_2 to None, run_after=None
[2023-03-28T02:39:20.356+0000] {logging_mixin.py:137} INFO - [2023-03-28T02:39:20.356+0000] {dag.py:3444} INFO - Setting next_dagrun for dataset_consumes_1_never_scheduled to None, run_after=None
[2023-03-28T02:39:20.357+0000] {logging_mixin.py:137} INFO - [2023-03-28T02:39:20.357+0000] {dag.py:3444} INFO - Setting next_dagrun for dataset_consumes_unknown_never_scheduled to None, run_after=None
[2023-03-28T02:39:20.360+0000] {logging_mixin.py:137} INFO - [2023-03-28T02:39:20.359+0000] {dag.py:3444} INFO - Setting next_dagrun for dataset_produces_1 to 2023-03-27T00:00:00+00:00, run_after=2023-03-28T00:00:00+00:00
[2023-03-28T02:39:20.361+0000] {logging_mixin.py:137} INFO - [2023-03-28T02:39:20.361+0000] {dag.py:3444} INFO - Setting next_dagrun for dataset_produces_2 to None, run_after=None
[2023-03-28T02:39:20.385+0000] {processor.py:175} INFO - Processing /home/airflow/.local/lib/python3.7/site-packages/airflow/example_dags/example_datasets.py took 0.099 seconds
[2023-03-28T02:39:50.809+0000] {processor.py:153} INFO - Started process (PID=1436) to work on /home/airflow/.local/lib/python3.7/site-packages/airflow/example_dags/example_datasets.py
[2023-03-28T02:39:50.811+0000] {processor.py:743} INFO - Processing file /home/airflow/.local/lib/python3.7/site-packages/airflow/example_dags/example_datasets.py for tasks to queue
[2023-03-28T02:39:50.813+0000] {logging_mixin.py:137} INFO - [2023-03-28T02:39:50.813+0000] {dagbag.py:532} INFO - Filling up the DagBag from /home/airflow/.local/lib/python3.7/site-packages/airflow/example_dags/example_datasets.py
[2023-03-28T02:39:50.832+0000] {processor.py:753} INFO - DAG(s) dict_keys(['dataset_consumes_1_never_scheduled', 'dataset_consumes_1_and_2', 'dataset_produces_1', 'dataset_produces_2', 'dataset_consumes_1', 'dataset_consumes_unknown_never_scheduled']) retrieved from /home/airflow/.local/lib/python3.7/site-packages/airflow/example_dags/example_datasets.py
[2023-03-28T02:39:50.864+0000] {logging_mixin.py:137} INFO - [2023-03-28T02:39:50.864+0000] {dag.py:2693} INFO - Sync 6 DAGs
[2023-03-28T02:39:50.880+0000] {logging_mixin.py:137} INFO - [2023-03-28T02:39:50.880+0000] {dag.py:3444} INFO - Setting next_dagrun for dataset_consumes_1 to None, run_after=None
[2023-03-28T02:39:50.884+0000] {logging_mixin.py:137} INFO - [2023-03-28T02:39:50.884+0000] {dag.py:3444} INFO - Setting next_dagrun for dataset_consumes_1_and_2 to None, run_after=None
[2023-03-28T02:39:50.887+0000] {logging_mixin.py:137} INFO - [2023-03-28T02:39:50.887+0000] {dag.py:3444} INFO - Setting next_dagrun for dataset_consumes_1_never_scheduled to None, run_after=None
[2023-03-28T02:39:50.888+0000] {logging_mixin.py:137} INFO - [2023-03-28T02:39:50.888+0000] {dag.py:3444} INFO - Setting next_dagrun for dataset_consumes_unknown_never_scheduled to None, run_after=None
[2023-03-28T02:39:50.891+0000] {logging_mixin.py:137} INFO - [2023-03-28T02:39:50.891+0000] {dag.py:3444} INFO - Setting next_dagrun for dataset_produces_1 to 2023-03-27T00:00:00+00:00, run_after=2023-03-28T00:00:00+00:00
[2023-03-28T02:39:50.892+0000] {logging_mixin.py:137} INFO - [2023-03-28T02:39:50.892+0000] {dag.py:3444} INFO - Setting next_dagrun for dataset_produces_2 to None, run_after=None
[2023-03-28T02:39:50.917+0000] {processor.py:175} INFO - Processing /home/airflow/.local/lib/python3.7/site-packages/airflow/example_dags/example_datasets.py took 0.113 seconds
[2023-03-28T02:40:21.441+0000] {processor.py:153} INFO - Started process (PID=1485) to work on /home/airflow/.local/lib/python3.7/site-packages/airflow/example_dags/example_datasets.py
[2023-03-28T02:40:21.446+0000] {processor.py:743} INFO - Processing file /home/airflow/.local/lib/python3.7/site-packages/airflow/example_dags/example_datasets.py for tasks to queue
[2023-03-28T02:40:21.449+0000] {logging_mixin.py:137} INFO - [2023-03-28T02:40:21.449+0000] {dagbag.py:532} INFO - Filling up the DagBag from /home/airflow/.local/lib/python3.7/site-packages/airflow/example_dags/example_datasets.py
[2023-03-28T02:40:21.474+0000] {processor.py:753} INFO - DAG(s) dict_keys(['dataset_consumes_1', 'dataset_produces_1', 'dataset_produces_2', 'dataset_consumes_1_and_2', 'dataset_consumes_unknown_never_scheduled', 'dataset_consumes_1_never_scheduled']) retrieved from /home/airflow/.local/lib/python3.7/site-packages/airflow/example_dags/example_datasets.py
[2023-03-28T02:40:21.520+0000] {logging_mixin.py:137} INFO - [2023-03-28T02:40:21.520+0000] {dag.py:2693} INFO - Sync 6 DAGs
[2023-03-28T02:40:21.542+0000] {logging_mixin.py:137} INFO - [2023-03-28T02:40:21.541+0000] {dag.py:3444} INFO - Setting next_dagrun for dataset_consumes_1 to None, run_after=None
[2023-03-28T02:40:21.545+0000] {logging_mixin.py:137} INFO - [2023-03-28T02:40:21.544+0000] {dag.py:3444} INFO - Setting next_dagrun for dataset_consumes_1_and_2 to None, run_after=None
[2023-03-28T02:40:21.546+0000] {logging_mixin.py:137} INFO - [2023-03-28T02:40:21.546+0000] {dag.py:3444} INFO - Setting next_dagrun for dataset_consumes_1_never_scheduled to None, run_after=None
[2023-03-28T02:40:21.548+0000] {logging_mixin.py:137} INFO - [2023-03-28T02:40:21.547+0000] {dag.py:3444} INFO - Setting next_dagrun for dataset_consumes_unknown_never_scheduled to None, run_after=None
[2023-03-28T02:40:21.550+0000] {logging_mixin.py:137} INFO - [2023-03-28T02:40:21.550+0000] {dag.py:3444} INFO - Setting next_dagrun for dataset_produces_1 to 2023-03-27T00:00:00+00:00, run_after=2023-03-28T00:00:00+00:00
[2023-03-28T02:40:21.552+0000] {logging_mixin.py:137} INFO - [2023-03-28T02:40:21.552+0000] {dag.py:3444} INFO - Setting next_dagrun for dataset_produces_2 to None, run_after=None
[2023-03-28T02:40:21.579+0000] {processor.py:175} INFO - Processing /home/airflow/.local/lib/python3.7/site-packages/airflow/example_dags/example_datasets.py took 0.145 seconds
[2023-03-28T02:40:52.261+0000] {processor.py:153} INFO - Started process (PID=1534) to work on /home/airflow/.local/lib/python3.7/site-packages/airflow/example_dags/example_datasets.py
[2023-03-28T02:40:52.278+0000] {processor.py:743} INFO - Processing file /home/airflow/.local/lib/python3.7/site-packages/airflow/example_dags/example_datasets.py for tasks to queue
[2023-03-28T02:40:52.282+0000] {logging_mixin.py:137} INFO - [2023-03-28T02:40:52.281+0000] {dagbag.py:532} INFO - Filling up the DagBag from /home/airflow/.local/lib/python3.7/site-packages/airflow/example_dags/example_datasets.py
[2023-03-28T02:40:52.335+0000] {processor.py:753} INFO - DAG(s) dict_keys(['dataset_produces_2', 'dataset_consumes_1', 'dataset_consumes_unknown_never_scheduled', 'dataset_produces_1', 'dataset_consumes_1_never_scheduled', 'dataset_consumes_1_and_2']) retrieved from /home/airflow/.local/lib/python3.7/site-packages/airflow/example_dags/example_datasets.py
[2023-03-28T02:40:52.418+0000] {logging_mixin.py:137} INFO - [2023-03-28T02:40:52.418+0000] {dag.py:2693} INFO - Sync 6 DAGs
[2023-03-28T02:40:52.446+0000] {logging_mixin.py:137} INFO - [2023-03-28T02:40:52.446+0000] {dag.py:3444} INFO - Setting next_dagrun for dataset_consumes_1 to None, run_after=None
[2023-03-28T02:40:52.450+0000] {logging_mixin.py:137} INFO - [2023-03-28T02:40:52.450+0000] {dag.py:3444} INFO - Setting next_dagrun for dataset_consumes_1_and_2 to None, run_after=None
[2023-03-28T02:40:52.453+0000] {logging_mixin.py:137} INFO - [2023-03-28T02:40:52.453+0000] {dag.py:3444} INFO - Setting next_dagrun for dataset_consumes_1_never_scheduled to None, run_after=None
[2023-03-28T02:40:52.454+0000] {logging_mixin.py:137} INFO - [2023-03-28T02:40:52.454+0000] {dag.py:3444} INFO - Setting next_dagrun for dataset_consumes_unknown_never_scheduled to None, run_after=None
[2023-03-28T02:40:52.457+0000] {logging_mixin.py:137} INFO - [2023-03-28T02:40:52.457+0000] {dag.py:3444} INFO - Setting next_dagrun for dataset_produces_1 to 2023-03-27T00:00:00+00:00, run_after=2023-03-28T00:00:00+00:00
[2023-03-28T02:40:52.459+0000] {logging_mixin.py:137} INFO - [2023-03-28T02:40:52.459+0000] {dag.py:3444} INFO - Setting next_dagrun for dataset_produces_2 to None, run_after=None
[2023-03-28T02:40:52.492+0000] {processor.py:175} INFO - Processing /home/airflow/.local/lib/python3.7/site-packages/airflow/example_dags/example_datasets.py took 0.242 seconds
