[2023-03-28T02:25:29.372+0000] {processor.py:153} INFO - Started process (PID=44) to work on /home/airflow/.local/lib/python3.7/site-packages/airflow/example_dags/tutorial_dag.py
[2023-03-28T02:25:29.375+0000] {processor.py:743} INFO - Processing file /home/airflow/.local/lib/python3.7/site-packages/airflow/example_dags/tutorial_dag.py for tasks to queue
[2023-03-28T02:25:29.381+0000] {logging_mixin.py:137} INFO - [2023-03-28T02:25:29.381+0000] {dagbag.py:532} INFO - Filling up the DagBag from /home/airflow/.local/lib/python3.7/site-packages/airflow/example_dags/tutorial_dag.py
[2023-03-28T02:25:29.467+0000] {processor.py:753} INFO - DAG(s) dict_keys(['tutorial_dag']) retrieved from /home/airflow/.local/lib/python3.7/site-packages/airflow/example_dags/tutorial_dag.py
[2023-03-28T02:25:29.495+0000] {logging_mixin.py:137} INFO - [2023-03-28T02:25:29.495+0000] {dag.py:2693} INFO - Sync 1 DAGs
[2023-03-28T02:25:29.542+0000] {logging_mixin.py:137} INFO - [2023-03-28T02:25:29.542+0000] {dag.py:3444} INFO - Setting next_dagrun for tutorial_dag to None, run_after=None
[2023-03-28T02:25:29.570+0000] {processor.py:175} INFO - Processing /home/airflow/.local/lib/python3.7/site-packages/airflow/example_dags/tutorial_dag.py took 0.209 seconds
[2023-03-28T02:26:00.453+0000] {processor.py:153} INFO - Started process (PID=93) to work on /home/airflow/.local/lib/python3.7/site-packages/airflow/example_dags/tutorial_dag.py
[2023-03-28T02:26:00.456+0000] {processor.py:743} INFO - Processing file /home/airflow/.local/lib/python3.7/site-packages/airflow/example_dags/tutorial_dag.py for tasks to queue
[2023-03-28T02:26:00.458+0000] {logging_mixin.py:137} INFO - [2023-03-28T02:26:00.458+0000] {dagbag.py:532} INFO - Filling up the DagBag from /home/airflow/.local/lib/python3.7/site-packages/airflow/example_dags/tutorial_dag.py
[2023-03-28T02:26:00.477+0000] {processor.py:753} INFO - DAG(s) dict_keys(['tutorial_dag']) retrieved from /home/airflow/.local/lib/python3.7/site-packages/airflow/example_dags/tutorial_dag.py
[2023-03-28T02:26:00.500+0000] {logging_mixin.py:137} INFO - [2023-03-28T02:26:00.500+0000] {dag.py:2693} INFO - Sync 1 DAGs
[2023-03-28T02:26:00.517+0000] {logging_mixin.py:137} INFO - [2023-03-28T02:26:00.517+0000] {dag.py:3444} INFO - Setting next_dagrun for tutorial_dag to None, run_after=None
[2023-03-28T02:26:00.532+0000] {processor.py:175} INFO - Processing /home/airflow/.local/lib/python3.7/site-packages/airflow/example_dags/tutorial_dag.py took 0.085 seconds
[2023-03-28T02:26:30.980+0000] {processor.py:153} INFO - Started process (PID=142) to work on /home/airflow/.local/lib/python3.7/site-packages/airflow/example_dags/tutorial_dag.py
[2023-03-28T02:26:30.984+0000] {processor.py:743} INFO - Processing file /home/airflow/.local/lib/python3.7/site-packages/airflow/example_dags/tutorial_dag.py for tasks to queue
[2023-03-28T02:26:30.987+0000] {logging_mixin.py:137} INFO - [2023-03-28T02:26:30.986+0000] {dagbag.py:532} INFO - Filling up the DagBag from /home/airflow/.local/lib/python3.7/site-packages/airflow/example_dags/tutorial_dag.py
[2023-03-28T02:26:31.002+0000] {processor.py:753} INFO - DAG(s) dict_keys(['tutorial_dag']) retrieved from /home/airflow/.local/lib/python3.7/site-packages/airflow/example_dags/tutorial_dag.py
[2023-03-28T02:26:31.024+0000] {logging_mixin.py:137} INFO - [2023-03-28T02:26:31.024+0000] {dag.py:2693} INFO - Sync 1 DAGs
[2023-03-28T02:26:31.040+0000] {logging_mixin.py:137} INFO - [2023-03-28T02:26:31.040+0000] {dag.py:3444} INFO - Setting next_dagrun for tutorial_dag to None, run_after=None
[2023-03-28T02:26:31.052+0000] {processor.py:175} INFO - Processing /home/airflow/.local/lib/python3.7/site-packages/airflow/example_dags/tutorial_dag.py took 0.078 seconds
[2023-03-28T02:27:01.974+0000] {processor.py:153} INFO - Started process (PID=191) to work on /home/airflow/.local/lib/python3.7/site-packages/airflow/example_dags/tutorial_dag.py
[2023-03-28T02:27:01.977+0000] {processor.py:743} INFO - Processing file /home/airflow/.local/lib/python3.7/site-packages/airflow/example_dags/tutorial_dag.py for tasks to queue
[2023-03-28T02:27:01.979+0000] {logging_mixin.py:137} INFO - [2023-03-28T02:27:01.979+0000] {dagbag.py:532} INFO - Filling up the DagBag from /home/airflow/.local/lib/python3.7/site-packages/airflow/example_dags/tutorial_dag.py
[2023-03-28T02:27:01.999+0000] {processor.py:753} INFO - DAG(s) dict_keys(['tutorial_dag']) retrieved from /home/airflow/.local/lib/python3.7/site-packages/airflow/example_dags/tutorial_dag.py
[2023-03-28T02:27:02.025+0000] {logging_mixin.py:137} INFO - [2023-03-28T02:27:02.025+0000] {dag.py:2693} INFO - Sync 1 DAGs
[2023-03-28T02:27:02.045+0000] {logging_mixin.py:137} INFO - [2023-03-28T02:27:02.045+0000] {dag.py:3444} INFO - Setting next_dagrun for tutorial_dag to None, run_after=None
[2023-03-28T02:27:02.059+0000] {processor.py:175} INFO - Processing /home/airflow/.local/lib/python3.7/site-packages/airflow/example_dags/tutorial_dag.py took 0.090 seconds
[2023-03-28T02:27:32.743+0000] {processor.py:153} INFO - Started process (PID=240) to work on /home/airflow/.local/lib/python3.7/site-packages/airflow/example_dags/tutorial_dag.py
[2023-03-28T02:27:32.745+0000] {processor.py:743} INFO - Processing file /home/airflow/.local/lib/python3.7/site-packages/airflow/example_dags/tutorial_dag.py for tasks to queue
[2023-03-28T02:27:32.747+0000] {logging_mixin.py:137} INFO - [2023-03-28T02:27:32.747+0000] {dagbag.py:532} INFO - Filling up the DagBag from /home/airflow/.local/lib/python3.7/site-packages/airflow/example_dags/tutorial_dag.py
[2023-03-28T02:27:32.759+0000] {processor.py:753} INFO - DAG(s) dict_keys(['tutorial_dag']) retrieved from /home/airflow/.local/lib/python3.7/site-packages/airflow/example_dags/tutorial_dag.py
[2023-03-28T02:27:32.779+0000] {logging_mixin.py:137} INFO - [2023-03-28T02:27:32.779+0000] {dag.py:2693} INFO - Sync 1 DAGs
[2023-03-28T02:27:32.797+0000] {logging_mixin.py:137} INFO - [2023-03-28T02:27:32.797+0000] {dag.py:3444} INFO - Setting next_dagrun for tutorial_dag to None, run_after=None
[2023-03-28T02:27:32.812+0000] {processor.py:175} INFO - Processing /home/airflow/.local/lib/python3.7/site-packages/airflow/example_dags/tutorial_dag.py took 0.073 seconds
[2023-03-28T02:28:03.162+0000] {processor.py:153} INFO - Started process (PID=289) to work on /home/airflow/.local/lib/python3.7/site-packages/airflow/example_dags/tutorial_dag.py
[2023-03-28T02:28:03.164+0000] {processor.py:743} INFO - Processing file /home/airflow/.local/lib/python3.7/site-packages/airflow/example_dags/tutorial_dag.py for tasks to queue
[2023-03-28T02:28:03.166+0000] {logging_mixin.py:137} INFO - [2023-03-28T02:28:03.166+0000] {dagbag.py:532} INFO - Filling up the DagBag from /home/airflow/.local/lib/python3.7/site-packages/airflow/example_dags/tutorial_dag.py
[2023-03-28T02:28:03.180+0000] {processor.py:753} INFO - DAG(s) dict_keys(['tutorial_dag']) retrieved from /home/airflow/.local/lib/python3.7/site-packages/airflow/example_dags/tutorial_dag.py
[2023-03-28T02:28:03.205+0000] {logging_mixin.py:137} INFO - [2023-03-28T02:28:03.205+0000] {dag.py:2693} INFO - Sync 1 DAGs
[2023-03-28T02:28:03.225+0000] {logging_mixin.py:137} INFO - [2023-03-28T02:28:03.225+0000] {dag.py:3444} INFO - Setting next_dagrun for tutorial_dag to None, run_after=None
[2023-03-28T02:28:03.240+0000] {processor.py:175} INFO - Processing /home/airflow/.local/lib/python3.7/site-packages/airflow/example_dags/tutorial_dag.py took 0.087 seconds
[2023-03-28T02:28:34.070+0000] {processor.py:153} INFO - Started process (PID=338) to work on /home/airflow/.local/lib/python3.7/site-packages/airflow/example_dags/tutorial_dag.py
[2023-03-28T02:28:34.072+0000] {processor.py:743} INFO - Processing file /home/airflow/.local/lib/python3.7/site-packages/airflow/example_dags/tutorial_dag.py for tasks to queue
[2023-03-28T02:28:34.074+0000] {logging_mixin.py:137} INFO - [2023-03-28T02:28:34.074+0000] {dagbag.py:532} INFO - Filling up the DagBag from /home/airflow/.local/lib/python3.7/site-packages/airflow/example_dags/tutorial_dag.py
[2023-03-28T02:28:34.090+0000] {processor.py:753} INFO - DAG(s) dict_keys(['tutorial_dag']) retrieved from /home/airflow/.local/lib/python3.7/site-packages/airflow/example_dags/tutorial_dag.py
[2023-03-28T02:28:34.116+0000] {logging_mixin.py:137} INFO - [2023-03-28T02:28:34.116+0000] {dag.py:2693} INFO - Sync 1 DAGs
[2023-03-28T02:28:34.138+0000] {logging_mixin.py:137} INFO - [2023-03-28T02:28:34.138+0000] {dag.py:3444} INFO - Setting next_dagrun for tutorial_dag to None, run_after=None
[2023-03-28T02:28:34.152+0000] {processor.py:175} INFO - Processing /home/airflow/.local/lib/python3.7/site-packages/airflow/example_dags/tutorial_dag.py took 0.088 seconds
[2023-03-28T02:29:04.742+0000] {processor.py:153} INFO - Started process (PID=387) to work on /home/airflow/.local/lib/python3.7/site-packages/airflow/example_dags/tutorial_dag.py
[2023-03-28T02:29:04.746+0000] {processor.py:743} INFO - Processing file /home/airflow/.local/lib/python3.7/site-packages/airflow/example_dags/tutorial_dag.py for tasks to queue
[2023-03-28T02:29:04.749+0000] {logging_mixin.py:137} INFO - [2023-03-28T02:29:04.749+0000] {dagbag.py:532} INFO - Filling up the DagBag from /home/airflow/.local/lib/python3.7/site-packages/airflow/example_dags/tutorial_dag.py
[2023-03-28T02:29:04.770+0000] {processor.py:753} INFO - DAG(s) dict_keys(['tutorial_dag']) retrieved from /home/airflow/.local/lib/python3.7/site-packages/airflow/example_dags/tutorial_dag.py
[2023-03-28T02:29:04.796+0000] {logging_mixin.py:137} INFO - [2023-03-28T02:29:04.795+0000] {dag.py:2693} INFO - Sync 1 DAGs
[2023-03-28T02:29:04.816+0000] {logging_mixin.py:137} INFO - [2023-03-28T02:29:04.816+0000] {dag.py:3444} INFO - Setting next_dagrun for tutorial_dag to None, run_after=None
[2023-03-28T02:29:04.831+0000] {processor.py:175} INFO - Processing /home/airflow/.local/lib/python3.7/site-packages/airflow/example_dags/tutorial_dag.py took 0.096 seconds
[2023-03-28T02:29:35.364+0000] {processor.py:153} INFO - Started process (PID=436) to work on /home/airflow/.local/lib/python3.7/site-packages/airflow/example_dags/tutorial_dag.py
[2023-03-28T02:29:35.367+0000] {processor.py:743} INFO - Processing file /home/airflow/.local/lib/python3.7/site-packages/airflow/example_dags/tutorial_dag.py for tasks to queue
[2023-03-28T02:29:35.370+0000] {logging_mixin.py:137} INFO - [2023-03-28T02:29:35.370+0000] {dagbag.py:532} INFO - Filling up the DagBag from /home/airflow/.local/lib/python3.7/site-packages/airflow/example_dags/tutorial_dag.py
[2023-03-28T02:29:35.391+0000] {processor.py:753} INFO - DAG(s) dict_keys(['tutorial_dag']) retrieved from /home/airflow/.local/lib/python3.7/site-packages/airflow/example_dags/tutorial_dag.py
[2023-03-28T02:29:35.419+0000] {logging_mixin.py:137} INFO - [2023-03-28T02:29:35.419+0000] {dag.py:2693} INFO - Sync 1 DAGs
[2023-03-28T02:29:35.439+0000] {logging_mixin.py:137} INFO - [2023-03-28T02:29:35.439+0000] {dag.py:3444} INFO - Setting next_dagrun for tutorial_dag to None, run_after=None
[2023-03-28T02:29:35.455+0000] {processor.py:175} INFO - Processing /home/airflow/.local/lib/python3.7/site-packages/airflow/example_dags/tutorial_dag.py took 0.097 seconds
[2023-03-28T02:30:05.986+0000] {processor.py:153} INFO - Started process (PID=485) to work on /home/airflow/.local/lib/python3.7/site-packages/airflow/example_dags/tutorial_dag.py
[2023-03-28T02:30:05.988+0000] {processor.py:743} INFO - Processing file /home/airflow/.local/lib/python3.7/site-packages/airflow/example_dags/tutorial_dag.py for tasks to queue
[2023-03-28T02:30:05.989+0000] {logging_mixin.py:137} INFO - [2023-03-28T02:30:05.989+0000] {dagbag.py:532} INFO - Filling up the DagBag from /home/airflow/.local/lib/python3.7/site-packages/airflow/example_dags/tutorial_dag.py
[2023-03-28T02:30:06.006+0000] {processor.py:753} INFO - DAG(s) dict_keys(['tutorial_dag']) retrieved from /home/airflow/.local/lib/python3.7/site-packages/airflow/example_dags/tutorial_dag.py
[2023-03-28T02:30:06.039+0000] {logging_mixin.py:137} INFO - [2023-03-28T02:30:06.039+0000] {dag.py:2693} INFO - Sync 1 DAGs
[2023-03-28T02:30:06.060+0000] {logging_mixin.py:137} INFO - [2023-03-28T02:30:06.060+0000] {dag.py:3444} INFO - Setting next_dagrun for tutorial_dag to None, run_after=None
[2023-03-28T02:30:06.091+0000] {processor.py:175} INFO - Processing /home/airflow/.local/lib/python3.7/site-packages/airflow/example_dags/tutorial_dag.py took 0.113 seconds
[2023-03-28T02:30:36.810+0000] {processor.py:153} INFO - Started process (PID=534) to work on /home/airflow/.local/lib/python3.7/site-packages/airflow/example_dags/tutorial_dag.py
[2023-03-28T02:30:36.812+0000] {processor.py:743} INFO - Processing file /home/airflow/.local/lib/python3.7/site-packages/airflow/example_dags/tutorial_dag.py for tasks to queue
[2023-03-28T02:30:36.814+0000] {logging_mixin.py:137} INFO - [2023-03-28T02:30:36.813+0000] {dagbag.py:532} INFO - Filling up the DagBag from /home/airflow/.local/lib/python3.7/site-packages/airflow/example_dags/tutorial_dag.py
[2023-03-28T02:30:36.824+0000] {processor.py:753} INFO - DAG(s) dict_keys(['tutorial_dag']) retrieved from /home/airflow/.local/lib/python3.7/site-packages/airflow/example_dags/tutorial_dag.py
[2023-03-28T02:30:36.843+0000] {logging_mixin.py:137} INFO - [2023-03-28T02:30:36.843+0000] {dag.py:2693} INFO - Sync 1 DAGs
[2023-03-28T02:30:36.862+0000] {logging_mixin.py:137} INFO - [2023-03-28T02:30:36.862+0000] {dag.py:3444} INFO - Setting next_dagrun for tutorial_dag to None, run_after=None
[2023-03-28T02:30:36.878+0000] {processor.py:175} INFO - Processing /home/airflow/.local/lib/python3.7/site-packages/airflow/example_dags/tutorial_dag.py took 0.070 seconds
[2023-03-28T02:31:07.474+0000] {processor.py:153} INFO - Started process (PID=583) to work on /home/airflow/.local/lib/python3.7/site-packages/airflow/example_dags/tutorial_dag.py
[2023-03-28T02:31:07.476+0000] {processor.py:743} INFO - Processing file /home/airflow/.local/lib/python3.7/site-packages/airflow/example_dags/tutorial_dag.py for tasks to queue
[2023-03-28T02:31:07.477+0000] {logging_mixin.py:137} INFO - [2023-03-28T02:31:07.477+0000] {dagbag.py:532} INFO - Filling up the DagBag from /home/airflow/.local/lib/python3.7/site-packages/airflow/example_dags/tutorial_dag.py
[2023-03-28T02:31:07.494+0000] {processor.py:753} INFO - DAG(s) dict_keys(['tutorial_dag']) retrieved from /home/airflow/.local/lib/python3.7/site-packages/airflow/example_dags/tutorial_dag.py
[2023-03-28T02:31:07.527+0000] {logging_mixin.py:137} INFO - [2023-03-28T02:31:07.527+0000] {dag.py:2693} INFO - Sync 1 DAGs
[2023-03-28T02:31:07.546+0000] {logging_mixin.py:137} INFO - [2023-03-28T02:31:07.545+0000] {dag.py:3444} INFO - Setting next_dagrun for tutorial_dag to None, run_after=None
[2023-03-28T02:31:07.559+0000] {processor.py:175} INFO - Processing /home/airflow/.local/lib/python3.7/site-packages/airflow/example_dags/tutorial_dag.py took 0.090 seconds
[2023-03-28T02:31:38.132+0000] {processor.py:153} INFO - Started process (PID=633) to work on /home/airflow/.local/lib/python3.7/site-packages/airflow/example_dags/tutorial_dag.py
[2023-03-28T02:31:38.133+0000] {processor.py:743} INFO - Processing file /home/airflow/.local/lib/python3.7/site-packages/airflow/example_dags/tutorial_dag.py for tasks to queue
[2023-03-28T02:31:38.134+0000] {logging_mixin.py:137} INFO - [2023-03-28T02:31:38.134+0000] {dagbag.py:532} INFO - Filling up the DagBag from /home/airflow/.local/lib/python3.7/site-packages/airflow/example_dags/tutorial_dag.py
[2023-03-28T02:31:38.147+0000] {processor.py:753} INFO - DAG(s) dict_keys(['tutorial_dag']) retrieved from /home/airflow/.local/lib/python3.7/site-packages/airflow/example_dags/tutorial_dag.py
[2023-03-28T02:31:38.166+0000] {logging_mixin.py:137} INFO - [2023-03-28T02:31:38.165+0000] {dag.py:2693} INFO - Sync 1 DAGs
[2023-03-28T02:31:38.185+0000] {logging_mixin.py:137} INFO - [2023-03-28T02:31:38.185+0000] {dag.py:3444} INFO - Setting next_dagrun for tutorial_dag to None, run_after=None
[2023-03-28T02:31:38.199+0000] {processor.py:175} INFO - Processing /home/airflow/.local/lib/python3.7/site-packages/airflow/example_dags/tutorial_dag.py took 0.070 seconds
[2023-03-28T02:32:09.094+0000] {processor.py:153} INFO - Started process (PID=682) to work on /home/airflow/.local/lib/python3.7/site-packages/airflow/example_dags/tutorial_dag.py
[2023-03-28T02:32:09.097+0000] {processor.py:743} INFO - Processing file /home/airflow/.local/lib/python3.7/site-packages/airflow/example_dags/tutorial_dag.py for tasks to queue
[2023-03-28T02:32:09.099+0000] {logging_mixin.py:137} INFO - [2023-03-28T02:32:09.099+0000] {dagbag.py:532} INFO - Filling up the DagBag from /home/airflow/.local/lib/python3.7/site-packages/airflow/example_dags/tutorial_dag.py
[2023-03-28T02:32:09.115+0000] {processor.py:753} INFO - DAG(s) dict_keys(['tutorial_dag']) retrieved from /home/airflow/.local/lib/python3.7/site-packages/airflow/example_dags/tutorial_dag.py
[2023-03-28T02:32:09.139+0000] {logging_mixin.py:137} INFO - [2023-03-28T02:32:09.139+0000] {dag.py:2693} INFO - Sync 1 DAGs
[2023-03-28T02:32:09.155+0000] {logging_mixin.py:137} INFO - [2023-03-28T02:32:09.155+0000] {dag.py:3444} INFO - Setting next_dagrun for tutorial_dag to None, run_after=None
[2023-03-28T02:32:09.168+0000] {processor.py:175} INFO - Processing /home/airflow/.local/lib/python3.7/site-packages/airflow/example_dags/tutorial_dag.py took 0.080 seconds
[2023-03-28T02:32:39.741+0000] {processor.py:153} INFO - Started process (PID=731) to work on /home/airflow/.local/lib/python3.7/site-packages/airflow/example_dags/tutorial_dag.py
[2023-03-28T02:32:39.746+0000] {processor.py:743} INFO - Processing file /home/airflow/.local/lib/python3.7/site-packages/airflow/example_dags/tutorial_dag.py for tasks to queue
[2023-03-28T02:32:39.748+0000] {logging_mixin.py:137} INFO - [2023-03-28T02:32:39.748+0000] {dagbag.py:532} INFO - Filling up the DagBag from /home/airflow/.local/lib/python3.7/site-packages/airflow/example_dags/tutorial_dag.py
[2023-03-28T02:32:39.765+0000] {processor.py:753} INFO - DAG(s) dict_keys(['tutorial_dag']) retrieved from /home/airflow/.local/lib/python3.7/site-packages/airflow/example_dags/tutorial_dag.py
[2023-03-28T02:32:39.794+0000] {logging_mixin.py:137} INFO - [2023-03-28T02:32:39.793+0000] {dag.py:2693} INFO - Sync 1 DAGs
[2023-03-28T02:32:39.811+0000] {logging_mixin.py:137} INFO - [2023-03-28T02:32:39.810+0000] {dag.py:3444} INFO - Setting next_dagrun for tutorial_dag to None, run_after=None
[2023-03-28T02:32:39.838+0000] {processor.py:175} INFO - Processing /home/airflow/.local/lib/python3.7/site-packages/airflow/example_dags/tutorial_dag.py took 0.101 seconds
[2023-03-28T02:33:10.516+0000] {processor.py:153} INFO - Started process (PID=780) to work on /home/airflow/.local/lib/python3.7/site-packages/airflow/example_dags/tutorial_dag.py
[2023-03-28T02:33:10.518+0000] {processor.py:743} INFO - Processing file /home/airflow/.local/lib/python3.7/site-packages/airflow/example_dags/tutorial_dag.py for tasks to queue
[2023-03-28T02:33:10.520+0000] {logging_mixin.py:137} INFO - [2023-03-28T02:33:10.520+0000] {dagbag.py:532} INFO - Filling up the DagBag from /home/airflow/.local/lib/python3.7/site-packages/airflow/example_dags/tutorial_dag.py
[2023-03-28T02:33:10.537+0000] {processor.py:753} INFO - DAG(s) dict_keys(['tutorial_dag']) retrieved from /home/airflow/.local/lib/python3.7/site-packages/airflow/example_dags/tutorial_dag.py
[2023-03-28T02:33:10.567+0000] {logging_mixin.py:137} INFO - [2023-03-28T02:33:10.567+0000] {dag.py:2693} INFO - Sync 1 DAGs
[2023-03-28T02:33:10.585+0000] {logging_mixin.py:137} INFO - [2023-03-28T02:33:10.585+0000] {dag.py:3444} INFO - Setting next_dagrun for tutorial_dag to None, run_after=None
[2023-03-28T02:33:10.598+0000] {processor.py:175} INFO - Processing /home/airflow/.local/lib/python3.7/site-packages/airflow/example_dags/tutorial_dag.py took 0.091 seconds
[2023-03-28T02:33:41.413+0000] {processor.py:153} INFO - Started process (PID=829) to work on /home/airflow/.local/lib/python3.7/site-packages/airflow/example_dags/tutorial_dag.py
[2023-03-28T02:33:41.416+0000] {processor.py:743} INFO - Processing file /home/airflow/.local/lib/python3.7/site-packages/airflow/example_dags/tutorial_dag.py for tasks to queue
[2023-03-28T02:33:41.417+0000] {logging_mixin.py:137} INFO - [2023-03-28T02:33:41.417+0000] {dagbag.py:532} INFO - Filling up the DagBag from /home/airflow/.local/lib/python3.7/site-packages/airflow/example_dags/tutorial_dag.py
[2023-03-28T02:33:41.433+0000] {processor.py:753} INFO - DAG(s) dict_keys(['tutorial_dag']) retrieved from /home/airflow/.local/lib/python3.7/site-packages/airflow/example_dags/tutorial_dag.py
[2023-03-28T02:33:41.457+0000] {logging_mixin.py:137} INFO - [2023-03-28T02:33:41.457+0000] {dag.py:2693} INFO - Sync 1 DAGs
[2023-03-28T02:33:41.474+0000] {logging_mixin.py:137} INFO - [2023-03-28T02:33:41.473+0000] {dag.py:3444} INFO - Setting next_dagrun for tutorial_dag to None, run_after=None
[2023-03-28T02:33:41.488+0000] {processor.py:175} INFO - Processing /home/airflow/.local/lib/python3.7/site-packages/airflow/example_dags/tutorial_dag.py took 0.081 seconds
[2023-03-28T02:34:11.829+0000] {processor.py:153} INFO - Started process (PID=878) to work on /home/airflow/.local/lib/python3.7/site-packages/airflow/example_dags/tutorial_dag.py
[2023-03-28T02:34:11.831+0000] {processor.py:743} INFO - Processing file /home/airflow/.local/lib/python3.7/site-packages/airflow/example_dags/tutorial_dag.py for tasks to queue
[2023-03-28T02:34:11.833+0000] {logging_mixin.py:137} INFO - [2023-03-28T02:34:11.833+0000] {dagbag.py:532} INFO - Filling up the DagBag from /home/airflow/.local/lib/python3.7/site-packages/airflow/example_dags/tutorial_dag.py
[2023-03-28T02:34:11.848+0000] {processor.py:753} INFO - DAG(s) dict_keys(['tutorial_dag']) retrieved from /home/airflow/.local/lib/python3.7/site-packages/airflow/example_dags/tutorial_dag.py
[2023-03-28T02:34:11.870+0000] {logging_mixin.py:137} INFO - [2023-03-28T02:34:11.870+0000] {dag.py:2693} INFO - Sync 1 DAGs
[2023-03-28T02:34:11.886+0000] {logging_mixin.py:137} INFO - [2023-03-28T02:34:11.886+0000] {dag.py:3444} INFO - Setting next_dagrun for tutorial_dag to None, run_after=None
[2023-03-28T02:34:11.899+0000] {processor.py:175} INFO - Processing /home/airflow/.local/lib/python3.7/site-packages/airflow/example_dags/tutorial_dag.py took 0.075 seconds
[2023-03-28T02:34:42.279+0000] {processor.py:153} INFO - Started process (PID=927) to work on /home/airflow/.local/lib/python3.7/site-packages/airflow/example_dags/tutorial_dag.py
[2023-03-28T02:34:42.283+0000] {processor.py:743} INFO - Processing file /home/airflow/.local/lib/python3.7/site-packages/airflow/example_dags/tutorial_dag.py for tasks to queue
[2023-03-28T02:34:42.285+0000] {logging_mixin.py:137} INFO - [2023-03-28T02:34:42.285+0000] {dagbag.py:532} INFO - Filling up the DagBag from /home/airflow/.local/lib/python3.7/site-packages/airflow/example_dags/tutorial_dag.py
[2023-03-28T02:34:42.317+0000] {processor.py:753} INFO - DAG(s) dict_keys(['tutorial_dag']) retrieved from /home/airflow/.local/lib/python3.7/site-packages/airflow/example_dags/tutorial_dag.py
[2023-03-28T02:34:42.342+0000] {logging_mixin.py:137} INFO - [2023-03-28T02:34:42.342+0000] {dag.py:2693} INFO - Sync 1 DAGs
[2023-03-28T02:34:42.359+0000] {logging_mixin.py:137} INFO - [2023-03-28T02:34:42.359+0000] {dag.py:3444} INFO - Setting next_dagrun for tutorial_dag to None, run_after=None
[2023-03-28T02:34:42.372+0000] {processor.py:175} INFO - Processing /home/airflow/.local/lib/python3.7/site-packages/airflow/example_dags/tutorial_dag.py took 0.099 seconds
[2023-03-28T02:35:12.963+0000] {processor.py:153} INFO - Started process (PID=976) to work on /home/airflow/.local/lib/python3.7/site-packages/airflow/example_dags/tutorial_dag.py
[2023-03-28T02:35:12.965+0000] {processor.py:743} INFO - Processing file /home/airflow/.local/lib/python3.7/site-packages/airflow/example_dags/tutorial_dag.py for tasks to queue
[2023-03-28T02:35:12.968+0000] {logging_mixin.py:137} INFO - [2023-03-28T02:35:12.968+0000] {dagbag.py:532} INFO - Filling up the DagBag from /home/airflow/.local/lib/python3.7/site-packages/airflow/example_dags/tutorial_dag.py
[2023-03-28T02:35:12.980+0000] {processor.py:753} INFO - DAG(s) dict_keys(['tutorial_dag']) retrieved from /home/airflow/.local/lib/python3.7/site-packages/airflow/example_dags/tutorial_dag.py
[2023-03-28T02:35:13.001+0000] {logging_mixin.py:137} INFO - [2023-03-28T02:35:13.001+0000] {dag.py:2693} INFO - Sync 1 DAGs
[2023-03-28T02:35:13.018+0000] {logging_mixin.py:137} INFO - [2023-03-28T02:35:13.018+0000] {dag.py:3444} INFO - Setting next_dagrun for tutorial_dag to None, run_after=None
[2023-03-28T02:35:13.031+0000] {processor.py:175} INFO - Processing /home/airflow/.local/lib/python3.7/site-packages/airflow/example_dags/tutorial_dag.py took 0.072 seconds
[2023-03-28T02:35:43.387+0000] {processor.py:153} INFO - Started process (PID=1027) to work on /home/airflow/.local/lib/python3.7/site-packages/airflow/example_dags/tutorial_dag.py
[2023-03-28T02:35:43.390+0000] {processor.py:743} INFO - Processing file /home/airflow/.local/lib/python3.7/site-packages/airflow/example_dags/tutorial_dag.py for tasks to queue
[2023-03-28T02:35:43.392+0000] {logging_mixin.py:137} INFO - [2023-03-28T02:35:43.392+0000] {dagbag.py:532} INFO - Filling up the DagBag from /home/airflow/.local/lib/python3.7/site-packages/airflow/example_dags/tutorial_dag.py
[2023-03-28T02:35:43.407+0000] {processor.py:753} INFO - DAG(s) dict_keys(['tutorial_dag']) retrieved from /home/airflow/.local/lib/python3.7/site-packages/airflow/example_dags/tutorial_dag.py
[2023-03-28T02:35:43.429+0000] {logging_mixin.py:137} INFO - [2023-03-28T02:35:43.429+0000] {dag.py:2693} INFO - Sync 1 DAGs
[2023-03-28T02:35:43.445+0000] {logging_mixin.py:137} INFO - [2023-03-28T02:35:43.445+0000] {dag.py:3444} INFO - Setting next_dagrun for tutorial_dag to None, run_after=None
[2023-03-28T02:35:43.456+0000] {processor.py:175} INFO - Processing /home/airflow/.local/lib/python3.7/site-packages/airflow/example_dags/tutorial_dag.py took 0.075 seconds
[2023-03-28T02:36:13.728+0000] {processor.py:153} INFO - Started process (PID=1077) to work on /home/airflow/.local/lib/python3.7/site-packages/airflow/example_dags/tutorial_dag.py
[2023-03-28T02:36:13.732+0000] {processor.py:743} INFO - Processing file /home/airflow/.local/lib/python3.7/site-packages/airflow/example_dags/tutorial_dag.py for tasks to queue
[2023-03-28T02:36:13.735+0000] {logging_mixin.py:137} INFO - [2023-03-28T02:36:13.735+0000] {dagbag.py:532} INFO - Filling up the DagBag from /home/airflow/.local/lib/python3.7/site-packages/airflow/example_dags/tutorial_dag.py
[2023-03-28T02:36:13.750+0000] {processor.py:753} INFO - DAG(s) dict_keys(['tutorial_dag']) retrieved from /home/airflow/.local/lib/python3.7/site-packages/airflow/example_dags/tutorial_dag.py
[2023-03-28T02:36:13.772+0000] {logging_mixin.py:137} INFO - [2023-03-28T02:36:13.772+0000] {dag.py:2693} INFO - Sync 1 DAGs
[2023-03-28T02:36:13.789+0000] {logging_mixin.py:137} INFO - [2023-03-28T02:36:13.789+0000] {dag.py:3444} INFO - Setting next_dagrun for tutorial_dag to None, run_after=None
[2023-03-28T02:36:13.801+0000] {processor.py:175} INFO - Processing /home/airflow/.local/lib/python3.7/site-packages/airflow/example_dags/tutorial_dag.py took 0.079 seconds
[2023-03-28T02:36:44.160+0000] {processor.py:153} INFO - Started process (PID=1126) to work on /home/airflow/.local/lib/python3.7/site-packages/airflow/example_dags/tutorial_dag.py
[2023-03-28T02:36:44.164+0000] {processor.py:743} INFO - Processing file /home/airflow/.local/lib/python3.7/site-packages/airflow/example_dags/tutorial_dag.py for tasks to queue
[2023-03-28T02:36:44.166+0000] {logging_mixin.py:137} INFO - [2023-03-28T02:36:44.166+0000] {dagbag.py:532} INFO - Filling up the DagBag from /home/airflow/.local/lib/python3.7/site-packages/airflow/example_dags/tutorial_dag.py
[2023-03-28T02:36:44.182+0000] {processor.py:753} INFO - DAG(s) dict_keys(['tutorial_dag']) retrieved from /home/airflow/.local/lib/python3.7/site-packages/airflow/example_dags/tutorial_dag.py
[2023-03-28T02:36:44.207+0000] {logging_mixin.py:137} INFO - [2023-03-28T02:36:44.207+0000] {dag.py:2693} INFO - Sync 1 DAGs
[2023-03-28T02:36:44.224+0000] {logging_mixin.py:137} INFO - [2023-03-28T02:36:44.224+0000] {dag.py:3444} INFO - Setting next_dagrun for tutorial_dag to None, run_after=None
[2023-03-28T02:36:44.237+0000] {processor.py:175} INFO - Processing /home/airflow/.local/lib/python3.7/site-packages/airflow/example_dags/tutorial_dag.py took 0.084 seconds
[2023-03-28T02:37:14.641+0000] {processor.py:153} INFO - Started process (PID=1176) to work on /home/airflow/.local/lib/python3.7/site-packages/airflow/example_dags/tutorial_dag.py
[2023-03-28T02:37:14.643+0000] {processor.py:743} INFO - Processing file /home/airflow/.local/lib/python3.7/site-packages/airflow/example_dags/tutorial_dag.py for tasks to queue
[2023-03-28T02:37:14.646+0000] {logging_mixin.py:137} INFO - [2023-03-28T02:37:14.645+0000] {dagbag.py:532} INFO - Filling up the DagBag from /home/airflow/.local/lib/python3.7/site-packages/airflow/example_dags/tutorial_dag.py
[2023-03-28T02:37:14.658+0000] {processor.py:753} INFO - DAG(s) dict_keys(['tutorial_dag']) retrieved from /home/airflow/.local/lib/python3.7/site-packages/airflow/example_dags/tutorial_dag.py
[2023-03-28T02:37:14.685+0000] {logging_mixin.py:137} INFO - [2023-03-28T02:37:14.685+0000] {dag.py:2693} INFO - Sync 1 DAGs
[2023-03-28T02:37:14.703+0000] {logging_mixin.py:137} INFO - [2023-03-28T02:37:14.703+0000] {dag.py:3444} INFO - Setting next_dagrun for tutorial_dag to None, run_after=None
[2023-03-28T02:37:14.716+0000] {processor.py:175} INFO - Processing /home/airflow/.local/lib/python3.7/site-packages/airflow/example_dags/tutorial_dag.py took 0.081 seconds
[2023-03-28T02:37:45.160+0000] {processor.py:153} INFO - Started process (PID=1225) to work on /home/airflow/.local/lib/python3.7/site-packages/airflow/example_dags/tutorial_dag.py
[2023-03-28T02:37:45.163+0000] {processor.py:743} INFO - Processing file /home/airflow/.local/lib/python3.7/site-packages/airflow/example_dags/tutorial_dag.py for tasks to queue
[2023-03-28T02:37:45.165+0000] {logging_mixin.py:137} INFO - [2023-03-28T02:37:45.165+0000] {dagbag.py:532} INFO - Filling up the DagBag from /home/airflow/.local/lib/python3.7/site-packages/airflow/example_dags/tutorial_dag.py
[2023-03-28T02:37:45.183+0000] {processor.py:753} INFO - DAG(s) dict_keys(['tutorial_dag']) retrieved from /home/airflow/.local/lib/python3.7/site-packages/airflow/example_dags/tutorial_dag.py
[2023-03-28T02:37:45.207+0000] {logging_mixin.py:137} INFO - [2023-03-28T02:37:45.207+0000] {dag.py:2693} INFO - Sync 1 DAGs
[2023-03-28T02:37:45.224+0000] {logging_mixin.py:137} INFO - [2023-03-28T02:37:45.224+0000] {dag.py:3444} INFO - Setting next_dagrun for tutorial_dag to None, run_after=None
[2023-03-28T02:37:45.236+0000] {processor.py:175} INFO - Processing /home/airflow/.local/lib/python3.7/site-packages/airflow/example_dags/tutorial_dag.py took 0.083 seconds
[2023-03-28T02:38:15.760+0000] {processor.py:153} INFO - Started process (PID=1274) to work on /home/airflow/.local/lib/python3.7/site-packages/airflow/example_dags/tutorial_dag.py
[2023-03-28T02:38:15.763+0000] {processor.py:743} INFO - Processing file /home/airflow/.local/lib/python3.7/site-packages/airflow/example_dags/tutorial_dag.py for tasks to queue
[2023-03-28T02:38:15.765+0000] {logging_mixin.py:137} INFO - [2023-03-28T02:38:15.765+0000] {dagbag.py:532} INFO - Filling up the DagBag from /home/airflow/.local/lib/python3.7/site-packages/airflow/example_dags/tutorial_dag.py
[2023-03-28T02:38:15.778+0000] {processor.py:753} INFO - DAG(s) dict_keys(['tutorial_dag']) retrieved from /home/airflow/.local/lib/python3.7/site-packages/airflow/example_dags/tutorial_dag.py
[2023-03-28T02:38:15.800+0000] {logging_mixin.py:137} INFO - [2023-03-28T02:38:15.800+0000] {dag.py:2693} INFO - Sync 1 DAGs
[2023-03-28T02:38:15.821+0000] {logging_mixin.py:137} INFO - [2023-03-28T02:38:15.821+0000] {dag.py:3444} INFO - Setting next_dagrun for tutorial_dag to None, run_after=None
[2023-03-28T02:38:15.834+0000] {processor.py:175} INFO - Processing /home/airflow/.local/lib/python3.7/site-packages/airflow/example_dags/tutorial_dag.py took 0.078 seconds
[2023-03-28T02:38:46.185+0000] {processor.py:153} INFO - Started process (PID=1324) to work on /home/airflow/.local/lib/python3.7/site-packages/airflow/example_dags/tutorial_dag.py
[2023-03-28T02:38:46.188+0000] {processor.py:743} INFO - Processing file /home/airflow/.local/lib/python3.7/site-packages/airflow/example_dags/tutorial_dag.py for tasks to queue
[2023-03-28T02:38:46.191+0000] {logging_mixin.py:137} INFO - [2023-03-28T02:38:46.191+0000] {dagbag.py:532} INFO - Filling up the DagBag from /home/airflow/.local/lib/python3.7/site-packages/airflow/example_dags/tutorial_dag.py
[2023-03-28T02:38:46.204+0000] {processor.py:753} INFO - DAG(s) dict_keys(['tutorial_dag']) retrieved from /home/airflow/.local/lib/python3.7/site-packages/airflow/example_dags/tutorial_dag.py
[2023-03-28T02:38:46.224+0000] {logging_mixin.py:137} INFO - [2023-03-28T02:38:46.224+0000] {dag.py:2693} INFO - Sync 1 DAGs
[2023-03-28T02:38:46.240+0000] {logging_mixin.py:137} INFO - [2023-03-28T02:38:46.240+0000] {dag.py:3444} INFO - Setting next_dagrun for tutorial_dag to None, run_after=None
[2023-03-28T02:38:46.253+0000] {processor.py:175} INFO - Processing /home/airflow/.local/lib/python3.7/site-packages/airflow/example_dags/tutorial_dag.py took 0.073 seconds
[2023-03-28T02:39:16.629+0000] {processor.py:153} INFO - Started process (PID=1373) to work on /home/airflow/.local/lib/python3.7/site-packages/airflow/example_dags/tutorial_dag.py
[2023-03-28T02:39:16.632+0000] {processor.py:743} INFO - Processing file /home/airflow/.local/lib/python3.7/site-packages/airflow/example_dags/tutorial_dag.py for tasks to queue
[2023-03-28T02:39:16.633+0000] {logging_mixin.py:137} INFO - [2023-03-28T02:39:16.633+0000] {dagbag.py:532} INFO - Filling up the DagBag from /home/airflow/.local/lib/python3.7/site-packages/airflow/example_dags/tutorial_dag.py
[2023-03-28T02:39:16.646+0000] {processor.py:753} INFO - DAG(s) dict_keys(['tutorial_dag']) retrieved from /home/airflow/.local/lib/python3.7/site-packages/airflow/example_dags/tutorial_dag.py
[2023-03-28T02:39:16.667+0000] {logging_mixin.py:137} INFO - [2023-03-28T02:39:16.667+0000] {dag.py:2693} INFO - Sync 1 DAGs
[2023-03-28T02:39:16.682+0000] {logging_mixin.py:137} INFO - [2023-03-28T02:39:16.682+0000] {dag.py:3444} INFO - Setting next_dagrun for tutorial_dag to None, run_after=None
[2023-03-28T02:39:16.693+0000] {processor.py:175} INFO - Processing /home/airflow/.local/lib/python3.7/site-packages/airflow/example_dags/tutorial_dag.py took 0.068 seconds
[2023-03-28T02:39:46.965+0000] {processor.py:153} INFO - Started process (PID=1422) to work on /home/airflow/.local/lib/python3.7/site-packages/airflow/example_dags/tutorial_dag.py
[2023-03-28T02:39:46.974+0000] {processor.py:743} INFO - Processing file /home/airflow/.local/lib/python3.7/site-packages/airflow/example_dags/tutorial_dag.py for tasks to queue
[2023-03-28T02:39:46.976+0000] {logging_mixin.py:137} INFO - [2023-03-28T02:39:46.976+0000] {dagbag.py:532} INFO - Filling up the DagBag from /home/airflow/.local/lib/python3.7/site-packages/airflow/example_dags/tutorial_dag.py
[2023-03-28T02:39:46.993+0000] {processor.py:753} INFO - DAG(s) dict_keys(['tutorial_dag']) retrieved from /home/airflow/.local/lib/python3.7/site-packages/airflow/example_dags/tutorial_dag.py
[2023-03-28T02:39:47.031+0000] {logging_mixin.py:137} INFO - [2023-03-28T02:39:47.031+0000] {dag.py:2693} INFO - Sync 1 DAGs
[2023-03-28T02:39:47.048+0000] {logging_mixin.py:137} INFO - [2023-03-28T02:39:47.048+0000] {dag.py:3444} INFO - Setting next_dagrun for tutorial_dag to None, run_after=None
[2023-03-28T02:39:47.061+0000] {processor.py:175} INFO - Processing /home/airflow/.local/lib/python3.7/site-packages/airflow/example_dags/tutorial_dag.py took 0.102 seconds
[2023-03-28T02:40:17.732+0000] {processor.py:153} INFO - Started process (PID=1471) to work on /home/airflow/.local/lib/python3.7/site-packages/airflow/example_dags/tutorial_dag.py
[2023-03-28T02:40:17.735+0000] {processor.py:743} INFO - Processing file /home/airflow/.local/lib/python3.7/site-packages/airflow/example_dags/tutorial_dag.py for tasks to queue
[2023-03-28T02:40:17.738+0000] {logging_mixin.py:137} INFO - [2023-03-28T02:40:17.737+0000] {dagbag.py:532} INFO - Filling up the DagBag from /home/airflow/.local/lib/python3.7/site-packages/airflow/example_dags/tutorial_dag.py
[2023-03-28T02:40:17.755+0000] {processor.py:753} INFO - DAG(s) dict_keys(['tutorial_dag']) retrieved from /home/airflow/.local/lib/python3.7/site-packages/airflow/example_dags/tutorial_dag.py
[2023-03-28T02:40:17.776+0000] {logging_mixin.py:137} INFO - [2023-03-28T02:40:17.776+0000] {dag.py:2693} INFO - Sync 1 DAGs
[2023-03-28T02:40:17.792+0000] {logging_mixin.py:137} INFO - [2023-03-28T02:40:17.792+0000] {dag.py:3444} INFO - Setting next_dagrun for tutorial_dag to None, run_after=None
[2023-03-28T02:40:17.803+0000] {processor.py:175} INFO - Processing /home/airflow/.local/lib/python3.7/site-packages/airflow/example_dags/tutorial_dag.py took 0.077 seconds
[2023-03-28T02:40:48.438+0000] {processor.py:153} INFO - Started process (PID=1520) to work on /home/airflow/.local/lib/python3.7/site-packages/airflow/example_dags/tutorial_dag.py
[2023-03-28T02:40:48.441+0000] {processor.py:743} INFO - Processing file /home/airflow/.local/lib/python3.7/site-packages/airflow/example_dags/tutorial_dag.py for tasks to queue
[2023-03-28T02:40:48.443+0000] {logging_mixin.py:137} INFO - [2023-03-28T02:40:48.443+0000] {dagbag.py:532} INFO - Filling up the DagBag from /home/airflow/.local/lib/python3.7/site-packages/airflow/example_dags/tutorial_dag.py
[2023-03-28T02:40:48.461+0000] {processor.py:753} INFO - DAG(s) dict_keys(['tutorial_dag']) retrieved from /home/airflow/.local/lib/python3.7/site-packages/airflow/example_dags/tutorial_dag.py
[2023-03-28T02:40:48.495+0000] {logging_mixin.py:137} INFO - [2023-03-28T02:40:48.495+0000] {dag.py:2693} INFO - Sync 1 DAGs
[2023-03-28T02:40:48.514+0000] {logging_mixin.py:137} INFO - [2023-03-28T02:40:48.514+0000] {dag.py:3444} INFO - Setting next_dagrun for tutorial_dag to None, run_after=None
[2023-03-28T02:40:48.529+0000] {processor.py:175} INFO - Processing /home/airflow/.local/lib/python3.7/site-packages/airflow/example_dags/tutorial_dag.py took 0.096 seconds
