[2023-03-28T02:25:29.613+0000] {processor.py:153} INFO - Started process (PID=46) to work on /home/airflow/.local/lib/python3.7/site-packages/airflow/example_dags/tutorial.py
[2023-03-28T02:25:29.615+0000] {processor.py:743} INFO - Processing file /home/airflow/.local/lib/python3.7/site-packages/airflow/example_dags/tutorial.py for tasks to queue
[2023-03-28T02:25:29.619+0000] {logging_mixin.py:137} INFO - [2023-03-28T02:25:29.619+0000] {dagbag.py:532} INFO - Filling up the DagBag from /home/airflow/.local/lib/python3.7/site-packages/airflow/example_dags/tutorial.py
[2023-03-28T02:25:29.649+0000] {processor.py:753} INFO - DAG(s) dict_keys(['tutorial']) retrieved from /home/airflow/.local/lib/python3.7/site-packages/airflow/example_dags/tutorial.py
[2023-03-28T02:25:29.728+0000] {logging_mixin.py:137} INFO - [2023-03-28T02:25:29.728+0000] {dag.py:2693} INFO - Sync 1 DAGs
[2023-03-28T02:25:29.795+0000] {logging_mixin.py:137} INFO - [2023-03-28T02:25:29.794+0000] {dag.py:3444} INFO - Setting next_dagrun for tutorial to 2023-03-27T02:25:29.793007+00:00, run_after=2023-03-28T02:25:29.793007+00:00
[2023-03-28T02:25:29.865+0000] {processor.py:175} INFO - Processing /home/airflow/.local/lib/python3.7/site-packages/airflow/example_dags/tutorial.py took 0.254 seconds
[2023-03-28T02:26:00.555+0000] {processor.py:153} INFO - Started process (PID=95) to work on /home/airflow/.local/lib/python3.7/site-packages/airflow/example_dags/tutorial.py
[2023-03-28T02:26:00.558+0000] {processor.py:743} INFO - Processing file /home/airflow/.local/lib/python3.7/site-packages/airflow/example_dags/tutorial.py for tasks to queue
[2023-03-28T02:26:00.559+0000] {logging_mixin.py:137} INFO - [2023-03-28T02:26:00.559+0000] {dagbag.py:532} INFO - Filling up the DagBag from /home/airflow/.local/lib/python3.7/site-packages/airflow/example_dags/tutorial.py
[2023-03-28T02:26:00.570+0000] {processor.py:753} INFO - DAG(s) dict_keys(['tutorial']) retrieved from /home/airflow/.local/lib/python3.7/site-packages/airflow/example_dags/tutorial.py
[2023-03-28T02:26:00.588+0000] {logging_mixin.py:137} INFO - [2023-03-28T02:26:00.588+0000] {dag.py:2693} INFO - Sync 1 DAGs
[2023-03-28T02:26:00.606+0000] {logging_mixin.py:137} INFO - [2023-03-28T02:26:00.606+0000] {dag.py:3444} INFO - Setting next_dagrun for tutorial to 2023-03-27T02:26:00.606456+00:00, run_after=2023-03-28T02:26:00.606456+00:00
[2023-03-28T02:26:00.619+0000] {processor.py:175} INFO - Processing /home/airflow/.local/lib/python3.7/site-packages/airflow/example_dags/tutorial.py took 0.067 seconds
[2023-03-28T02:26:31.074+0000] {processor.py:153} INFO - Started process (PID=144) to work on /home/airflow/.local/lib/python3.7/site-packages/airflow/example_dags/tutorial.py
[2023-03-28T02:26:31.076+0000] {processor.py:743} INFO - Processing file /home/airflow/.local/lib/python3.7/site-packages/airflow/example_dags/tutorial.py for tasks to queue
[2023-03-28T02:26:31.078+0000] {logging_mixin.py:137} INFO - [2023-03-28T02:26:31.078+0000] {dagbag.py:532} INFO - Filling up the DagBag from /home/airflow/.local/lib/python3.7/site-packages/airflow/example_dags/tutorial.py
[2023-03-28T02:26:31.091+0000] {processor.py:753} INFO - DAG(s) dict_keys(['tutorial']) retrieved from /home/airflow/.local/lib/python3.7/site-packages/airflow/example_dags/tutorial.py
[2023-03-28T02:26:31.112+0000] {logging_mixin.py:137} INFO - [2023-03-28T02:26:31.112+0000] {dag.py:2693} INFO - Sync 1 DAGs
[2023-03-28T02:26:31.130+0000] {logging_mixin.py:137} INFO - [2023-03-28T02:26:31.130+0000] {dag.py:3444} INFO - Setting next_dagrun for tutorial to 2023-03-27T02:26:31.129923+00:00, run_after=2023-03-28T02:26:31.129923+00:00
[2023-03-28T02:26:31.142+0000] {processor.py:175} INFO - Processing /home/airflow/.local/lib/python3.7/site-packages/airflow/example_dags/tutorial.py took 0.071 seconds
[2023-03-28T02:27:02.081+0000] {processor.py:153} INFO - Started process (PID=193) to work on /home/airflow/.local/lib/python3.7/site-packages/airflow/example_dags/tutorial.py
[2023-03-28T02:27:02.085+0000] {processor.py:743} INFO - Processing file /home/airflow/.local/lib/python3.7/site-packages/airflow/example_dags/tutorial.py for tasks to queue
[2023-03-28T02:27:02.088+0000] {logging_mixin.py:137} INFO - [2023-03-28T02:27:02.087+0000] {dagbag.py:532} INFO - Filling up the DagBag from /home/airflow/.local/lib/python3.7/site-packages/airflow/example_dags/tutorial.py
[2023-03-28T02:27:02.104+0000] {processor.py:753} INFO - DAG(s) dict_keys(['tutorial']) retrieved from /home/airflow/.local/lib/python3.7/site-packages/airflow/example_dags/tutorial.py
[2023-03-28T02:27:02.129+0000] {logging_mixin.py:137} INFO - [2023-03-28T02:27:02.128+0000] {dag.py:2693} INFO - Sync 1 DAGs
[2023-03-28T02:27:02.160+0000] {logging_mixin.py:137} INFO - [2023-03-28T02:27:02.160+0000] {dag.py:3444} INFO - Setting next_dagrun for tutorial to 2023-03-27T02:27:02.160119+00:00, run_after=2023-03-28T02:27:02.160119+00:00
[2023-03-28T02:27:02.180+0000] {processor.py:175} INFO - Processing /home/airflow/.local/lib/python3.7/site-packages/airflow/example_dags/tutorial.py took 0.102 seconds
[2023-03-28T02:27:32.833+0000] {processor.py:153} INFO - Started process (PID=242) to work on /home/airflow/.local/lib/python3.7/site-packages/airflow/example_dags/tutorial.py
[2023-03-28T02:27:32.835+0000] {processor.py:743} INFO - Processing file /home/airflow/.local/lib/python3.7/site-packages/airflow/example_dags/tutorial.py for tasks to queue
[2023-03-28T02:27:32.836+0000] {logging_mixin.py:137} INFO - [2023-03-28T02:27:32.836+0000] {dagbag.py:532} INFO - Filling up the DagBag from /home/airflow/.local/lib/python3.7/site-packages/airflow/example_dags/tutorial.py
[2023-03-28T02:27:32.846+0000] {processor.py:753} INFO - DAG(s) dict_keys(['tutorial']) retrieved from /home/airflow/.local/lib/python3.7/site-packages/airflow/example_dags/tutorial.py
[2023-03-28T02:27:32.863+0000] {logging_mixin.py:137} INFO - [2023-03-28T02:27:32.863+0000] {dag.py:2693} INFO - Sync 1 DAGs
[2023-03-28T02:27:32.881+0000] {logging_mixin.py:137} INFO - [2023-03-28T02:27:32.881+0000] {dag.py:3444} INFO - Setting next_dagrun for tutorial to 2023-03-27T02:27:32.881351+00:00, run_after=2023-03-28T02:27:32.881351+00:00
[2023-03-28T02:27:32.897+0000] {processor.py:175} INFO - Processing /home/airflow/.local/lib/python3.7/site-packages/airflow/example_dags/tutorial.py took 0.066 seconds
[2023-03-28T02:28:03.261+0000] {processor.py:153} INFO - Started process (PID=291) to work on /home/airflow/.local/lib/python3.7/site-packages/airflow/example_dags/tutorial.py
[2023-03-28T02:28:03.262+0000] {processor.py:743} INFO - Processing file /home/airflow/.local/lib/python3.7/site-packages/airflow/example_dags/tutorial.py for tasks to queue
[2023-03-28T02:28:03.263+0000] {logging_mixin.py:137} INFO - [2023-03-28T02:28:03.263+0000] {dagbag.py:532} INFO - Filling up the DagBag from /home/airflow/.local/lib/python3.7/site-packages/airflow/example_dags/tutorial.py
[2023-03-28T02:28:03.275+0000] {processor.py:753} INFO - DAG(s) dict_keys(['tutorial']) retrieved from /home/airflow/.local/lib/python3.7/site-packages/airflow/example_dags/tutorial.py
[2023-03-28T02:28:03.298+0000] {logging_mixin.py:137} INFO - [2023-03-28T02:28:03.298+0000] {dag.py:2693} INFO - Sync 1 DAGs
[2023-03-28T02:28:03.321+0000] {logging_mixin.py:137} INFO - [2023-03-28T02:28:03.321+0000] {dag.py:3444} INFO - Setting next_dagrun for tutorial to 2023-03-27T02:28:03.321196+00:00, run_after=2023-03-28T02:28:03.321196+00:00
[2023-03-28T02:28:03.337+0000] {processor.py:175} INFO - Processing /home/airflow/.local/lib/python3.7/site-packages/airflow/example_dags/tutorial.py took 0.079 seconds
[2023-03-28T02:28:34.174+0000] {processor.py:153} INFO - Started process (PID=340) to work on /home/airflow/.local/lib/python3.7/site-packages/airflow/example_dags/tutorial.py
[2023-03-28T02:28:34.176+0000] {processor.py:743} INFO - Processing file /home/airflow/.local/lib/python3.7/site-packages/airflow/example_dags/tutorial.py for tasks to queue
[2023-03-28T02:28:34.177+0000] {logging_mixin.py:137} INFO - [2023-03-28T02:28:34.177+0000] {dagbag.py:532} INFO - Filling up the DagBag from /home/airflow/.local/lib/python3.7/site-packages/airflow/example_dags/tutorial.py
[2023-03-28T02:28:34.192+0000] {processor.py:753} INFO - DAG(s) dict_keys(['tutorial']) retrieved from /home/airflow/.local/lib/python3.7/site-packages/airflow/example_dags/tutorial.py
[2023-03-28T02:28:34.211+0000] {logging_mixin.py:137} INFO - [2023-03-28T02:28:34.211+0000] {dag.py:2693} INFO - Sync 1 DAGs
[2023-03-28T02:28:34.233+0000] {logging_mixin.py:137} INFO - [2023-03-28T02:28:34.233+0000] {dag.py:3444} INFO - Setting next_dagrun for tutorial to 2023-03-27T02:28:34.233419+00:00, run_after=2023-03-28T02:28:34.233419+00:00
[2023-03-28T02:28:34.247+0000] {processor.py:175} INFO - Processing /home/airflow/.local/lib/python3.7/site-packages/airflow/example_dags/tutorial.py took 0.076 seconds
[2023-03-28T02:29:04.854+0000] {processor.py:153} INFO - Started process (PID=389) to work on /home/airflow/.local/lib/python3.7/site-packages/airflow/example_dags/tutorial.py
[2023-03-28T02:29:04.855+0000] {processor.py:743} INFO - Processing file /home/airflow/.local/lib/python3.7/site-packages/airflow/example_dags/tutorial.py for tasks to queue
[2023-03-28T02:29:04.856+0000] {logging_mixin.py:137} INFO - [2023-03-28T02:29:04.856+0000] {dagbag.py:532} INFO - Filling up the DagBag from /home/airflow/.local/lib/python3.7/site-packages/airflow/example_dags/tutorial.py
[2023-03-28T02:29:04.868+0000] {processor.py:753} INFO - DAG(s) dict_keys(['tutorial']) retrieved from /home/airflow/.local/lib/python3.7/site-packages/airflow/example_dags/tutorial.py
[2023-03-28T02:29:04.888+0000] {logging_mixin.py:137} INFO - [2023-03-28T02:29:04.887+0000] {dag.py:2693} INFO - Sync 1 DAGs
[2023-03-28T02:29:04.905+0000] {logging_mixin.py:137} INFO - [2023-03-28T02:29:04.905+0000] {dag.py:3444} INFO - Setting next_dagrun for tutorial to 2023-03-27T02:29:04.904832+00:00, run_after=2023-03-28T02:29:04.904832+00:00
[2023-03-28T02:29:04.919+0000] {processor.py:175} INFO - Processing /home/airflow/.local/lib/python3.7/site-packages/airflow/example_dags/tutorial.py took 0.068 seconds
[2023-03-28T02:29:35.487+0000] {processor.py:153} INFO - Started process (PID=438) to work on /home/airflow/.local/lib/python3.7/site-packages/airflow/example_dags/tutorial.py
[2023-03-28T02:29:35.489+0000] {processor.py:743} INFO - Processing file /home/airflow/.local/lib/python3.7/site-packages/airflow/example_dags/tutorial.py for tasks to queue
[2023-03-28T02:29:35.492+0000] {logging_mixin.py:137} INFO - [2023-03-28T02:29:35.492+0000] {dagbag.py:532} INFO - Filling up the DagBag from /home/airflow/.local/lib/python3.7/site-packages/airflow/example_dags/tutorial.py
[2023-03-28T02:29:35.530+0000] {processor.py:753} INFO - DAG(s) dict_keys(['tutorial']) retrieved from /home/airflow/.local/lib/python3.7/site-packages/airflow/example_dags/tutorial.py
[2023-03-28T02:29:35.575+0000] {logging_mixin.py:137} INFO - [2023-03-28T02:29:35.575+0000] {dag.py:2693} INFO - Sync 1 DAGs
[2023-03-28T02:29:35.602+0000] {logging_mixin.py:137} INFO - [2023-03-28T02:29:35.602+0000] {dag.py:3444} INFO - Setting next_dagrun for tutorial to 2023-03-27T02:29:35.601872+00:00, run_after=2023-03-28T02:29:35.601872+00:00
[2023-03-28T02:29:35.620+0000] {processor.py:175} INFO - Processing /home/airflow/.local/lib/python3.7/site-packages/airflow/example_dags/tutorial.py took 0.139 seconds
[2023-03-28T02:30:06.133+0000] {processor.py:153} INFO - Started process (PID=487) to work on /home/airflow/.local/lib/python3.7/site-packages/airflow/example_dags/tutorial.py
[2023-03-28T02:30:06.136+0000] {processor.py:743} INFO - Processing file /home/airflow/.local/lib/python3.7/site-packages/airflow/example_dags/tutorial.py for tasks to queue
[2023-03-28T02:30:06.139+0000] {logging_mixin.py:137} INFO - [2023-03-28T02:30:06.137+0000] {dagbag.py:532} INFO - Filling up the DagBag from /home/airflow/.local/lib/python3.7/site-packages/airflow/example_dags/tutorial.py
[2023-03-28T02:30:06.160+0000] {processor.py:753} INFO - DAG(s) dict_keys(['tutorial']) retrieved from /home/airflow/.local/lib/python3.7/site-packages/airflow/example_dags/tutorial.py
[2023-03-28T02:30:06.188+0000] {logging_mixin.py:137} INFO - [2023-03-28T02:30:06.188+0000] {dag.py:2693} INFO - Sync 1 DAGs
[2023-03-28T02:30:06.215+0000] {logging_mixin.py:137} INFO - [2023-03-28T02:30:06.215+0000] {dag.py:3444} INFO - Setting next_dagrun for tutorial to 2023-03-27T02:30:06.214934+00:00, run_after=2023-03-28T02:30:06.214934+00:00
[2023-03-28T02:30:06.259+0000] {processor.py:175} INFO - Processing /home/airflow/.local/lib/python3.7/site-packages/airflow/example_dags/tutorial.py took 0.130 seconds
[2023-03-28T02:30:36.902+0000] {processor.py:153} INFO - Started process (PID=536) to work on /home/airflow/.local/lib/python3.7/site-packages/airflow/example_dags/tutorial.py
[2023-03-28T02:30:36.905+0000] {processor.py:743} INFO - Processing file /home/airflow/.local/lib/python3.7/site-packages/airflow/example_dags/tutorial.py for tasks to queue
[2023-03-28T02:30:36.906+0000] {logging_mixin.py:137} INFO - [2023-03-28T02:30:36.906+0000] {dagbag.py:532} INFO - Filling up the DagBag from /home/airflow/.local/lib/python3.7/site-packages/airflow/example_dags/tutorial.py
[2023-03-28T02:30:36.922+0000] {processor.py:753} INFO - DAG(s) dict_keys(['tutorial']) retrieved from /home/airflow/.local/lib/python3.7/site-packages/airflow/example_dags/tutorial.py
[2023-03-28T02:30:36.949+0000] {logging_mixin.py:137} INFO - [2023-03-28T02:30:36.949+0000] {dag.py:2693} INFO - Sync 1 DAGs
[2023-03-28T02:30:36.969+0000] {logging_mixin.py:137} INFO - [2023-03-28T02:30:36.969+0000] {dag.py:3444} INFO - Setting next_dagrun for tutorial to 2023-03-27T02:30:36.969434+00:00, run_after=2023-03-28T02:30:36.969434+00:00
[2023-03-28T02:30:37.017+0000] {processor.py:175} INFO - Processing /home/airflow/.local/lib/python3.7/site-packages/airflow/example_dags/tutorial.py took 0.117 seconds
[2023-03-28T02:31:07.579+0000] {processor.py:153} INFO - Started process (PID=585) to work on /home/airflow/.local/lib/python3.7/site-packages/airflow/example_dags/tutorial.py
[2023-03-28T02:31:07.581+0000] {processor.py:743} INFO - Processing file /home/airflow/.local/lib/python3.7/site-packages/airflow/example_dags/tutorial.py for tasks to queue
[2023-03-28T02:31:07.582+0000] {logging_mixin.py:137} INFO - [2023-03-28T02:31:07.582+0000] {dagbag.py:532} INFO - Filling up the DagBag from /home/airflow/.local/lib/python3.7/site-packages/airflow/example_dags/tutorial.py
[2023-03-28T02:31:07.592+0000] {processor.py:753} INFO - DAG(s) dict_keys(['tutorial']) retrieved from /home/airflow/.local/lib/python3.7/site-packages/airflow/example_dags/tutorial.py
[2023-03-28T02:31:07.611+0000] {logging_mixin.py:137} INFO - [2023-03-28T02:31:07.611+0000] {dag.py:2693} INFO - Sync 1 DAGs
[2023-03-28T02:31:07.630+0000] {logging_mixin.py:137} INFO - [2023-03-28T02:31:07.630+0000] {dag.py:3444} INFO - Setting next_dagrun for tutorial to 2023-03-27T02:31:07.629815+00:00, run_after=2023-03-28T02:31:07.629815+00:00
[2023-03-28T02:31:07.644+0000] {processor.py:175} INFO - Processing /home/airflow/.local/lib/python3.7/site-packages/airflow/example_dags/tutorial.py took 0.067 seconds
[2023-03-28T02:31:38.231+0000] {processor.py:153} INFO - Started process (PID=635) to work on /home/airflow/.local/lib/python3.7/site-packages/airflow/example_dags/tutorial.py
[2023-03-28T02:31:38.235+0000] {processor.py:743} INFO - Processing file /home/airflow/.local/lib/python3.7/site-packages/airflow/example_dags/tutorial.py for tasks to queue
[2023-03-28T02:31:38.236+0000] {logging_mixin.py:137} INFO - [2023-03-28T02:31:38.236+0000] {dagbag.py:532} INFO - Filling up the DagBag from /home/airflow/.local/lib/python3.7/site-packages/airflow/example_dags/tutorial.py
[2023-03-28T02:31:38.248+0000] {processor.py:753} INFO - DAG(s) dict_keys(['tutorial']) retrieved from /home/airflow/.local/lib/python3.7/site-packages/airflow/example_dags/tutorial.py
[2023-03-28T02:31:38.270+0000] {logging_mixin.py:137} INFO - [2023-03-28T02:31:38.270+0000] {dag.py:2693} INFO - Sync 1 DAGs
[2023-03-28T02:31:38.294+0000] {logging_mixin.py:137} INFO - [2023-03-28T02:31:38.294+0000] {dag.py:3444} INFO - Setting next_dagrun for tutorial to 2023-03-27T02:31:38.294175+00:00, run_after=2023-03-28T02:31:38.294175+00:00
[2023-03-28T02:31:38.331+0000] {processor.py:175} INFO - Processing /home/airflow/.local/lib/python3.7/site-packages/airflow/example_dags/tutorial.py took 0.103 seconds
[2023-03-28T02:32:09.189+0000] {processor.py:153} INFO - Started process (PID=684) to work on /home/airflow/.local/lib/python3.7/site-packages/airflow/example_dags/tutorial.py
[2023-03-28T02:32:09.191+0000] {processor.py:743} INFO - Processing file /home/airflow/.local/lib/python3.7/site-packages/airflow/example_dags/tutorial.py for tasks to queue
[2023-03-28T02:32:09.192+0000] {logging_mixin.py:137} INFO - [2023-03-28T02:32:09.192+0000] {dagbag.py:532} INFO - Filling up the DagBag from /home/airflow/.local/lib/python3.7/site-packages/airflow/example_dags/tutorial.py
[2023-03-28T02:32:09.207+0000] {processor.py:753} INFO - DAG(s) dict_keys(['tutorial']) retrieved from /home/airflow/.local/lib/python3.7/site-packages/airflow/example_dags/tutorial.py
[2023-03-28T02:32:09.226+0000] {logging_mixin.py:137} INFO - [2023-03-28T02:32:09.226+0000] {dag.py:2693} INFO - Sync 1 DAGs
[2023-03-28T02:32:09.244+0000] {logging_mixin.py:137} INFO - [2023-03-28T02:32:09.244+0000] {dag.py:3444} INFO - Setting next_dagrun for tutorial to 2023-03-27T02:32:09.244198+00:00, run_after=2023-03-28T02:32:09.244198+00:00
[2023-03-28T02:32:09.257+0000] {processor.py:175} INFO - Processing /home/airflow/.local/lib/python3.7/site-packages/airflow/example_dags/tutorial.py took 0.070 seconds
[2023-03-28T02:32:39.886+0000] {processor.py:153} INFO - Started process (PID=733) to work on /home/airflow/.local/lib/python3.7/site-packages/airflow/example_dags/tutorial.py
[2023-03-28T02:32:39.902+0000] {processor.py:743} INFO - Processing file /home/airflow/.local/lib/python3.7/site-packages/airflow/example_dags/tutorial.py for tasks to queue
[2023-03-28T02:32:39.903+0000] {logging_mixin.py:137} INFO - [2023-03-28T02:32:39.903+0000] {dagbag.py:532} INFO - Filling up the DagBag from /home/airflow/.local/lib/python3.7/site-packages/airflow/example_dags/tutorial.py
[2023-03-28T02:32:39.915+0000] {processor.py:753} INFO - DAG(s) dict_keys(['tutorial']) retrieved from /home/airflow/.local/lib/python3.7/site-packages/airflow/example_dags/tutorial.py
[2023-03-28T02:32:39.936+0000] {logging_mixin.py:137} INFO - [2023-03-28T02:32:39.936+0000] {dag.py:2693} INFO - Sync 1 DAGs
[2023-03-28T02:32:39.952+0000] {logging_mixin.py:137} INFO - [2023-03-28T02:32:39.952+0000] {dag.py:3444} INFO - Setting next_dagrun for tutorial to 2023-03-27T02:32:39.952236+00:00, run_after=2023-03-28T02:32:39.952236+00:00
[2023-03-28T02:32:39.965+0000] {processor.py:175} INFO - Processing /home/airflow/.local/lib/python3.7/site-packages/airflow/example_dags/tutorial.py took 0.082 seconds
[2023-03-28T02:33:10.624+0000] {processor.py:153} INFO - Started process (PID=782) to work on /home/airflow/.local/lib/python3.7/site-packages/airflow/example_dags/tutorial.py
[2023-03-28T02:33:10.627+0000] {processor.py:743} INFO - Processing file /home/airflow/.local/lib/python3.7/site-packages/airflow/example_dags/tutorial.py for tasks to queue
[2023-03-28T02:33:10.628+0000] {logging_mixin.py:137} INFO - [2023-03-28T02:33:10.628+0000] {dagbag.py:532} INFO - Filling up the DagBag from /home/airflow/.local/lib/python3.7/site-packages/airflow/example_dags/tutorial.py
[2023-03-28T02:33:10.644+0000] {processor.py:753} INFO - DAG(s) dict_keys(['tutorial']) retrieved from /home/airflow/.local/lib/python3.7/site-packages/airflow/example_dags/tutorial.py
[2023-03-28T02:33:10.680+0000] {logging_mixin.py:137} INFO - [2023-03-28T02:33:10.679+0000] {dag.py:2693} INFO - Sync 1 DAGs
[2023-03-28T02:33:10.751+0000] {logging_mixin.py:137} INFO - [2023-03-28T02:33:10.750+0000] {dag.py:3444} INFO - Setting next_dagrun for tutorial to 2023-03-27T02:33:10.750462+00:00, run_after=2023-03-28T02:33:10.750462+00:00
[2023-03-28T02:33:10.774+0000] {processor.py:175} INFO - Processing /home/airflow/.local/lib/python3.7/site-packages/airflow/example_dags/tutorial.py took 0.154 seconds
[2023-03-28T02:33:41.508+0000] {processor.py:153} INFO - Started process (PID=831) to work on /home/airflow/.local/lib/python3.7/site-packages/airflow/example_dags/tutorial.py
[2023-03-28T02:33:41.510+0000] {processor.py:743} INFO - Processing file /home/airflow/.local/lib/python3.7/site-packages/airflow/example_dags/tutorial.py for tasks to queue
[2023-03-28T02:33:41.512+0000] {logging_mixin.py:137} INFO - [2023-03-28T02:33:41.512+0000] {dagbag.py:532} INFO - Filling up the DagBag from /home/airflow/.local/lib/python3.7/site-packages/airflow/example_dags/tutorial.py
[2023-03-28T02:33:41.523+0000] {processor.py:753} INFO - DAG(s) dict_keys(['tutorial']) retrieved from /home/airflow/.local/lib/python3.7/site-packages/airflow/example_dags/tutorial.py
[2023-03-28T02:33:41.546+0000] {logging_mixin.py:137} INFO - [2023-03-28T02:33:41.546+0000] {dag.py:2693} INFO - Sync 1 DAGs
[2023-03-28T02:33:41.565+0000] {logging_mixin.py:137} INFO - [2023-03-28T02:33:41.565+0000] {dag.py:3444} INFO - Setting next_dagrun for tutorial to 2023-03-27T02:33:41.564966+00:00, run_after=2023-03-28T02:33:41.564966+00:00
[2023-03-28T02:33:41.582+0000] {processor.py:175} INFO - Processing /home/airflow/.local/lib/python3.7/site-packages/airflow/example_dags/tutorial.py took 0.076 seconds
[2023-03-28T02:34:11.920+0000] {processor.py:153} INFO - Started process (PID=880) to work on /home/airflow/.local/lib/python3.7/site-packages/airflow/example_dags/tutorial.py
[2023-03-28T02:34:11.922+0000] {processor.py:743} INFO - Processing file /home/airflow/.local/lib/python3.7/site-packages/airflow/example_dags/tutorial.py for tasks to queue
[2023-03-28T02:34:11.923+0000] {logging_mixin.py:137} INFO - [2023-03-28T02:34:11.923+0000] {dagbag.py:532} INFO - Filling up the DagBag from /home/airflow/.local/lib/python3.7/site-packages/airflow/example_dags/tutorial.py
[2023-03-28T02:34:11.934+0000] {processor.py:753} INFO - DAG(s) dict_keys(['tutorial']) retrieved from /home/airflow/.local/lib/python3.7/site-packages/airflow/example_dags/tutorial.py
[2023-03-28T02:34:11.968+0000] {logging_mixin.py:137} INFO - [2023-03-28T02:34:11.968+0000] {dag.py:2693} INFO - Sync 1 DAGs
[2023-03-28T02:34:11.984+0000] {logging_mixin.py:137} INFO - [2023-03-28T02:34:11.984+0000] {dag.py:3444} INFO - Setting next_dagrun for tutorial to 2023-03-27T02:34:11.984363+00:00, run_after=2023-03-28T02:34:11.984363+00:00
[2023-03-28T02:34:11.996+0000] {processor.py:175} INFO - Processing /home/airflow/.local/lib/python3.7/site-packages/airflow/example_dags/tutorial.py took 0.079 seconds
[2023-03-28T02:34:42.391+0000] {processor.py:153} INFO - Started process (PID=929) to work on /home/airflow/.local/lib/python3.7/site-packages/airflow/example_dags/tutorial.py
[2023-03-28T02:34:42.392+0000] {processor.py:743} INFO - Processing file /home/airflow/.local/lib/python3.7/site-packages/airflow/example_dags/tutorial.py for tasks to queue
[2023-03-28T02:34:42.394+0000] {logging_mixin.py:137} INFO - [2023-03-28T02:34:42.394+0000] {dagbag.py:532} INFO - Filling up the DagBag from /home/airflow/.local/lib/python3.7/site-packages/airflow/example_dags/tutorial.py
[2023-03-28T02:34:42.404+0000] {processor.py:753} INFO - DAG(s) dict_keys(['tutorial']) retrieved from /home/airflow/.local/lib/python3.7/site-packages/airflow/example_dags/tutorial.py
[2023-03-28T02:34:42.421+0000] {logging_mixin.py:137} INFO - [2023-03-28T02:34:42.421+0000] {dag.py:2693} INFO - Sync 1 DAGs
[2023-03-28T02:34:42.437+0000] {logging_mixin.py:137} INFO - [2023-03-28T02:34:42.437+0000] {dag.py:3444} INFO - Setting next_dagrun for tutorial to 2023-03-27T02:34:42.437627+00:00, run_after=2023-03-28T02:34:42.437627+00:00
[2023-03-28T02:34:42.450+0000] {processor.py:175} INFO - Processing /home/airflow/.local/lib/python3.7/site-packages/airflow/example_dags/tutorial.py took 0.062 seconds
[2023-03-28T02:35:13.051+0000] {processor.py:153} INFO - Started process (PID=978) to work on /home/airflow/.local/lib/python3.7/site-packages/airflow/example_dags/tutorial.py
[2023-03-28T02:35:13.055+0000] {processor.py:743} INFO - Processing file /home/airflow/.local/lib/python3.7/site-packages/airflow/example_dags/tutorial.py for tasks to queue
[2023-03-28T02:35:13.057+0000] {logging_mixin.py:137} INFO - [2023-03-28T02:35:13.057+0000] {dagbag.py:532} INFO - Filling up the DagBag from /home/airflow/.local/lib/python3.7/site-packages/airflow/example_dags/tutorial.py
[2023-03-28T02:35:13.070+0000] {processor.py:753} INFO - DAG(s) dict_keys(['tutorial']) retrieved from /home/airflow/.local/lib/python3.7/site-packages/airflow/example_dags/tutorial.py
[2023-03-28T02:35:13.090+0000] {logging_mixin.py:137} INFO - [2023-03-28T02:35:13.090+0000] {dag.py:2693} INFO - Sync 1 DAGs
[2023-03-28T02:35:13.112+0000] {logging_mixin.py:137} INFO - [2023-03-28T02:35:13.112+0000] {dag.py:3444} INFO - Setting next_dagrun for tutorial to 2023-03-27T02:35:13.112631+00:00, run_after=2023-03-28T02:35:13.112631+00:00
[2023-03-28T02:35:13.125+0000] {processor.py:175} INFO - Processing /home/airflow/.local/lib/python3.7/site-packages/airflow/example_dags/tutorial.py took 0.076 seconds
[2023-03-28T02:35:43.476+0000] {processor.py:153} INFO - Started process (PID=1029) to work on /home/airflow/.local/lib/python3.7/site-packages/airflow/example_dags/tutorial.py
[2023-03-28T02:35:43.478+0000] {processor.py:743} INFO - Processing file /home/airflow/.local/lib/python3.7/site-packages/airflow/example_dags/tutorial.py for tasks to queue
[2023-03-28T02:35:43.479+0000] {logging_mixin.py:137} INFO - [2023-03-28T02:35:43.479+0000] {dagbag.py:532} INFO - Filling up the DagBag from /home/airflow/.local/lib/python3.7/site-packages/airflow/example_dags/tutorial.py
[2023-03-28T02:35:43.491+0000] {processor.py:753} INFO - DAG(s) dict_keys(['tutorial']) retrieved from /home/airflow/.local/lib/python3.7/site-packages/airflow/example_dags/tutorial.py
[2023-03-28T02:35:43.515+0000] {logging_mixin.py:137} INFO - [2023-03-28T02:35:43.515+0000] {dag.py:2693} INFO - Sync 1 DAGs
[2023-03-28T02:35:43.534+0000] {logging_mixin.py:137} INFO - [2023-03-28T02:35:43.534+0000] {dag.py:3444} INFO - Setting next_dagrun for tutorial to 2023-03-27T02:35:43.534063+00:00, run_after=2023-03-28T02:35:43.534063+00:00
[2023-03-28T02:35:43.547+0000] {processor.py:175} INFO - Processing /home/airflow/.local/lib/python3.7/site-packages/airflow/example_dags/tutorial.py took 0.073 seconds
[2023-03-28T02:36:13.822+0000] {processor.py:153} INFO - Started process (PID=1079) to work on /home/airflow/.local/lib/python3.7/site-packages/airflow/example_dags/tutorial.py
[2023-03-28T02:36:13.823+0000] {processor.py:743} INFO - Processing file /home/airflow/.local/lib/python3.7/site-packages/airflow/example_dags/tutorial.py for tasks to queue
[2023-03-28T02:36:13.824+0000] {logging_mixin.py:137} INFO - [2023-03-28T02:36:13.824+0000] {dagbag.py:532} INFO - Filling up the DagBag from /home/airflow/.local/lib/python3.7/site-packages/airflow/example_dags/tutorial.py
[2023-03-28T02:36:13.841+0000] {processor.py:753} INFO - DAG(s) dict_keys(['tutorial']) retrieved from /home/airflow/.local/lib/python3.7/site-packages/airflow/example_dags/tutorial.py
[2023-03-28T02:36:13.858+0000] {logging_mixin.py:137} INFO - [2023-03-28T02:36:13.857+0000] {dag.py:2693} INFO - Sync 1 DAGs
[2023-03-28T02:36:13.876+0000] {logging_mixin.py:137} INFO - [2023-03-28T02:36:13.876+0000] {dag.py:3444} INFO - Setting next_dagrun for tutorial to 2023-03-27T02:36:13.876727+00:00, run_after=2023-03-28T02:36:13.876727+00:00
[2023-03-28T02:36:13.892+0000] {processor.py:175} INFO - Processing /home/airflow/.local/lib/python3.7/site-packages/airflow/example_dags/tutorial.py took 0.074 seconds
[2023-03-28T02:36:44.260+0000] {processor.py:153} INFO - Started process (PID=1128) to work on /home/airflow/.local/lib/python3.7/site-packages/airflow/example_dags/tutorial.py
[2023-03-28T02:36:44.262+0000] {processor.py:743} INFO - Processing file /home/airflow/.local/lib/python3.7/site-packages/airflow/example_dags/tutorial.py for tasks to queue
[2023-03-28T02:36:44.265+0000] {logging_mixin.py:137} INFO - [2023-03-28T02:36:44.265+0000] {dagbag.py:532} INFO - Filling up the DagBag from /home/airflow/.local/lib/python3.7/site-packages/airflow/example_dags/tutorial.py
[2023-03-28T02:36:44.280+0000] {processor.py:753} INFO - DAG(s) dict_keys(['tutorial']) retrieved from /home/airflow/.local/lib/python3.7/site-packages/airflow/example_dags/tutorial.py
[2023-03-28T02:36:44.303+0000] {logging_mixin.py:137} INFO - [2023-03-28T02:36:44.303+0000] {dag.py:2693} INFO - Sync 1 DAGs
[2023-03-28T02:36:44.325+0000] {logging_mixin.py:137} INFO - [2023-03-28T02:36:44.325+0000] {dag.py:3444} INFO - Setting next_dagrun for tutorial to 2023-03-27T02:36:44.325289+00:00, run_after=2023-03-28T02:36:44.325289+00:00
[2023-03-28T02:36:44.340+0000] {processor.py:175} INFO - Processing /home/airflow/.local/lib/python3.7/site-packages/airflow/example_dags/tutorial.py took 0.082 seconds
[2023-03-28T02:37:14.749+0000] {processor.py:153} INFO - Started process (PID=1178) to work on /home/airflow/.local/lib/python3.7/site-packages/airflow/example_dags/tutorial.py
[2023-03-28T02:37:14.751+0000] {processor.py:743} INFO - Processing file /home/airflow/.local/lib/python3.7/site-packages/airflow/example_dags/tutorial.py for tasks to queue
[2023-03-28T02:37:14.752+0000] {logging_mixin.py:137} INFO - [2023-03-28T02:37:14.752+0000] {dagbag.py:532} INFO - Filling up the DagBag from /home/airflow/.local/lib/python3.7/site-packages/airflow/example_dags/tutorial.py
[2023-03-28T02:37:14.763+0000] {processor.py:753} INFO - DAG(s) dict_keys(['tutorial']) retrieved from /home/airflow/.local/lib/python3.7/site-packages/airflow/example_dags/tutorial.py
[2023-03-28T02:37:14.783+0000] {logging_mixin.py:137} INFO - [2023-03-28T02:37:14.783+0000] {dag.py:2693} INFO - Sync 1 DAGs
[2023-03-28T02:37:14.802+0000] {logging_mixin.py:137} INFO - [2023-03-28T02:37:14.802+0000] {dag.py:3444} INFO - Setting next_dagrun for tutorial to 2023-03-27T02:37:14.802595+00:00, run_after=2023-03-28T02:37:14.802595+00:00
[2023-03-28T02:37:14.817+0000] {processor.py:175} INFO - Processing /home/airflow/.local/lib/python3.7/site-packages/airflow/example_dags/tutorial.py took 0.071 seconds
[2023-03-28T02:37:45.256+0000] {processor.py:153} INFO - Started process (PID=1227) to work on /home/airflow/.local/lib/python3.7/site-packages/airflow/example_dags/tutorial.py
[2023-03-28T02:37:45.258+0000] {processor.py:743} INFO - Processing file /home/airflow/.local/lib/python3.7/site-packages/airflow/example_dags/tutorial.py for tasks to queue
[2023-03-28T02:37:45.259+0000] {logging_mixin.py:137} INFO - [2023-03-28T02:37:45.259+0000] {dagbag.py:532} INFO - Filling up the DagBag from /home/airflow/.local/lib/python3.7/site-packages/airflow/example_dags/tutorial.py
[2023-03-28T02:37:45.271+0000] {processor.py:753} INFO - DAG(s) dict_keys(['tutorial']) retrieved from /home/airflow/.local/lib/python3.7/site-packages/airflow/example_dags/tutorial.py
[2023-03-28T02:37:45.291+0000] {logging_mixin.py:137} INFO - [2023-03-28T02:37:45.291+0000] {dag.py:2693} INFO - Sync 1 DAGs
[2023-03-28T02:37:45.309+0000] {logging_mixin.py:137} INFO - [2023-03-28T02:37:45.309+0000] {dag.py:3444} INFO - Setting next_dagrun for tutorial to 2023-03-27T02:37:45.309250+00:00, run_after=2023-03-28T02:37:45.309250+00:00
[2023-03-28T02:37:45.321+0000] {processor.py:175} INFO - Processing /home/airflow/.local/lib/python3.7/site-packages/airflow/example_dags/tutorial.py took 0.067 seconds
[2023-03-28T02:38:15.859+0000] {processor.py:153} INFO - Started process (PID=1276) to work on /home/airflow/.local/lib/python3.7/site-packages/airflow/example_dags/tutorial.py
[2023-03-28T02:38:15.861+0000] {processor.py:743} INFO - Processing file /home/airflow/.local/lib/python3.7/site-packages/airflow/example_dags/tutorial.py for tasks to queue
[2023-03-28T02:38:15.862+0000] {logging_mixin.py:137} INFO - [2023-03-28T02:38:15.862+0000] {dagbag.py:532} INFO - Filling up the DagBag from /home/airflow/.local/lib/python3.7/site-packages/airflow/example_dags/tutorial.py
[2023-03-28T02:38:15.874+0000] {processor.py:753} INFO - DAG(s) dict_keys(['tutorial']) retrieved from /home/airflow/.local/lib/python3.7/site-packages/airflow/example_dags/tutorial.py
[2023-03-28T02:38:15.896+0000] {logging_mixin.py:137} INFO - [2023-03-28T02:38:15.896+0000] {dag.py:2693} INFO - Sync 1 DAGs
[2023-03-28T02:38:15.916+0000] {logging_mixin.py:137} INFO - [2023-03-28T02:38:15.916+0000] {dag.py:3444} INFO - Setting next_dagrun for tutorial to 2023-03-27T02:38:15.916583+00:00, run_after=2023-03-28T02:38:15.916583+00:00
[2023-03-28T02:38:15.932+0000] {processor.py:175} INFO - Processing /home/airflow/.local/lib/python3.7/site-packages/airflow/example_dags/tutorial.py took 0.076 seconds
[2023-03-28T02:38:46.273+0000] {processor.py:153} INFO - Started process (PID=1326) to work on /home/airflow/.local/lib/python3.7/site-packages/airflow/example_dags/tutorial.py
[2023-03-28T02:38:46.275+0000] {processor.py:743} INFO - Processing file /home/airflow/.local/lib/python3.7/site-packages/airflow/example_dags/tutorial.py for tasks to queue
[2023-03-28T02:38:46.276+0000] {logging_mixin.py:137} INFO - [2023-03-28T02:38:46.276+0000] {dagbag.py:532} INFO - Filling up the DagBag from /home/airflow/.local/lib/python3.7/site-packages/airflow/example_dags/tutorial.py
[2023-03-28T02:38:46.287+0000] {processor.py:753} INFO - DAG(s) dict_keys(['tutorial']) retrieved from /home/airflow/.local/lib/python3.7/site-packages/airflow/example_dags/tutorial.py
[2023-03-28T02:38:46.310+0000] {logging_mixin.py:137} INFO - [2023-03-28T02:38:46.310+0000] {dag.py:2693} INFO - Sync 1 DAGs
[2023-03-28T02:38:46.332+0000] {logging_mixin.py:137} INFO - [2023-03-28T02:38:46.332+0000] {dag.py:3444} INFO - Setting next_dagrun for tutorial to 2023-03-27T02:38:46.332261+00:00, run_after=2023-03-28T02:38:46.332261+00:00
[2023-03-28T02:38:46.347+0000] {processor.py:175} INFO - Processing /home/airflow/.local/lib/python3.7/site-packages/airflow/example_dags/tutorial.py took 0.076 seconds
[2023-03-28T02:39:16.712+0000] {processor.py:153} INFO - Started process (PID=1375) to work on /home/airflow/.local/lib/python3.7/site-packages/airflow/example_dags/tutorial.py
[2023-03-28T02:39:16.714+0000] {processor.py:743} INFO - Processing file /home/airflow/.local/lib/python3.7/site-packages/airflow/example_dags/tutorial.py for tasks to queue
[2023-03-28T02:39:16.716+0000] {logging_mixin.py:137} INFO - [2023-03-28T02:39:16.716+0000] {dagbag.py:532} INFO - Filling up the DagBag from /home/airflow/.local/lib/python3.7/site-packages/airflow/example_dags/tutorial.py
[2023-03-28T02:39:16.728+0000] {processor.py:753} INFO - DAG(s) dict_keys(['tutorial']) retrieved from /home/airflow/.local/lib/python3.7/site-packages/airflow/example_dags/tutorial.py
[2023-03-28T02:39:16.752+0000] {logging_mixin.py:137} INFO - [2023-03-28T02:39:16.752+0000] {dag.py:2693} INFO - Sync 1 DAGs
[2023-03-28T02:39:16.770+0000] {logging_mixin.py:137} INFO - [2023-03-28T02:39:16.770+0000] {dag.py:3444} INFO - Setting next_dagrun for tutorial to 2023-03-27T02:39:16.770258+00:00, run_after=2023-03-28T02:39:16.770258+00:00
[2023-03-28T02:39:16.783+0000] {processor.py:175} INFO - Processing /home/airflow/.local/lib/python3.7/site-packages/airflow/example_dags/tutorial.py took 0.073 seconds
[2023-03-28T02:39:47.083+0000] {processor.py:153} INFO - Started process (PID=1424) to work on /home/airflow/.local/lib/python3.7/site-packages/airflow/example_dags/tutorial.py
[2023-03-28T02:39:47.085+0000] {processor.py:743} INFO - Processing file /home/airflow/.local/lib/python3.7/site-packages/airflow/example_dags/tutorial.py for tasks to queue
[2023-03-28T02:39:47.087+0000] {logging_mixin.py:137} INFO - [2023-03-28T02:39:47.087+0000] {dagbag.py:532} INFO - Filling up the DagBag from /home/airflow/.local/lib/python3.7/site-packages/airflow/example_dags/tutorial.py
[2023-03-28T02:39:47.101+0000] {processor.py:753} INFO - DAG(s) dict_keys(['tutorial']) retrieved from /home/airflow/.local/lib/python3.7/site-packages/airflow/example_dags/tutorial.py
[2023-03-28T02:39:47.133+0000] {logging_mixin.py:137} INFO - [2023-03-28T02:39:47.133+0000] {dag.py:2693} INFO - Sync 1 DAGs
[2023-03-28T02:39:47.157+0000] {logging_mixin.py:137} INFO - [2023-03-28T02:39:47.157+0000] {dag.py:3444} INFO - Setting next_dagrun for tutorial to 2023-03-27T02:39:47.156849+00:00, run_after=2023-03-28T02:39:47.156849+00:00
[2023-03-28T02:39:47.177+0000] {processor.py:175} INFO - Processing /home/airflow/.local/lib/python3.7/site-packages/airflow/example_dags/tutorial.py took 0.097 seconds
[2023-03-28T02:40:17.824+0000] {processor.py:153} INFO - Started process (PID=1473) to work on /home/airflow/.local/lib/python3.7/site-packages/airflow/example_dags/tutorial.py
[2023-03-28T02:40:17.826+0000] {processor.py:743} INFO - Processing file /home/airflow/.local/lib/python3.7/site-packages/airflow/example_dags/tutorial.py for tasks to queue
[2023-03-28T02:40:17.827+0000] {logging_mixin.py:137} INFO - [2023-03-28T02:40:17.827+0000] {dagbag.py:532} INFO - Filling up the DagBag from /home/airflow/.local/lib/python3.7/site-packages/airflow/example_dags/tutorial.py
[2023-03-28T02:40:17.839+0000] {processor.py:753} INFO - DAG(s) dict_keys(['tutorial']) retrieved from /home/airflow/.local/lib/python3.7/site-packages/airflow/example_dags/tutorial.py
[2023-03-28T02:40:17.860+0000] {logging_mixin.py:137} INFO - [2023-03-28T02:40:17.860+0000] {dag.py:2693} INFO - Sync 1 DAGs
[2023-03-28T02:40:17.878+0000] {logging_mixin.py:137} INFO - [2023-03-28T02:40:17.877+0000] {dag.py:3444} INFO - Setting next_dagrun for tutorial to 2023-03-27T02:40:17.877751+00:00, run_after=2023-03-28T02:40:17.877751+00:00
[2023-03-28T02:40:17.891+0000] {processor.py:175} INFO - Processing /home/airflow/.local/lib/python3.7/site-packages/airflow/example_dags/tutorial.py took 0.070 seconds
[2023-03-28T02:40:48.553+0000] {processor.py:153} INFO - Started process (PID=1522) to work on /home/airflow/.local/lib/python3.7/site-packages/airflow/example_dags/tutorial.py
[2023-03-28T02:40:48.555+0000] {processor.py:743} INFO - Processing file /home/airflow/.local/lib/python3.7/site-packages/airflow/example_dags/tutorial.py for tasks to queue
[2023-03-28T02:40:48.556+0000] {logging_mixin.py:137} INFO - [2023-03-28T02:40:48.556+0000] {dagbag.py:532} INFO - Filling up the DagBag from /home/airflow/.local/lib/python3.7/site-packages/airflow/example_dags/tutorial.py
[2023-03-28T02:40:48.570+0000] {processor.py:753} INFO - DAG(s) dict_keys(['tutorial']) retrieved from /home/airflow/.local/lib/python3.7/site-packages/airflow/example_dags/tutorial.py
[2023-03-28T02:40:48.590+0000] {logging_mixin.py:137} INFO - [2023-03-28T02:40:48.590+0000] {dag.py:2693} INFO - Sync 1 DAGs
[2023-03-28T02:40:48.609+0000] {logging_mixin.py:137} INFO - [2023-03-28T02:40:48.609+0000] {dag.py:3444} INFO - Setting next_dagrun for tutorial to 2023-03-27T02:40:48.609329+00:00, run_after=2023-03-28T02:40:48.609329+00:00
[2023-03-28T02:40:48.622+0000] {processor.py:175} INFO - Processing /home/airflow/.local/lib/python3.7/site-packages/airflow/example_dags/tutorial.py took 0.072 seconds
