[2023-03-29T03:46:26.611+0000] {processor.py:153} INFO - Started process (PID=2002) to work on /opt/airflow/dags/speech_day.py
[2023-03-29T03:46:26.612+0000] {processor.py:743} INFO - Processing file /opt/airflow/dags/speech_day.py for tasks to queue
[2023-03-29T03:46:26.613+0000] {logging_mixin.py:137} INFO - [2023-03-29T03:46:26.613+0000] {dagbag.py:532} INFO - Filling up the DagBag from /opt/airflow/dags/speech_day.py
[2023-03-29T03:46:26.649+0000] {processor.py:753} INFO - DAG(s) dict_keys(['my_dag']) retrieved from /opt/airflow/dags/speech_day.py
[2023-03-29T03:46:26.819+0000] {logging_mixin.py:137} INFO - [2023-03-29T03:46:26.819+0000] {manager.py:504} INFO - Created Permission View: can edit on DAG:my_dag
[2023-03-29T03:46:26.826+0000] {logging_mixin.py:137} INFO - [2023-03-29T03:46:26.826+0000] {manager.py:504} INFO - Created Permission View: can delete on DAG:my_dag
[2023-03-29T03:46:26.831+0000] {logging_mixin.py:137} INFO - [2023-03-29T03:46:26.831+0000] {manager.py:504} INFO - Created Permission View: can read on DAG:my_dag
[2023-03-29T03:46:26.832+0000] {logging_mixin.py:137} INFO - [2023-03-29T03:46:26.832+0000] {dag.py:2693} INFO - Sync 1 DAGs
[2023-03-29T03:46:26.841+0000] {logging_mixin.py:137} INFO - [2023-03-29T03:46:26.841+0000] {dag.py:2714} INFO - Creating ORM DAG for my_dag
[2023-03-29T03:46:26.850+0000] {logging_mixin.py:137} INFO - [2023-03-29T03:46:26.850+0000] {dag.py:3444} INFO - Setting next_dagrun for my_dag to 2023-03-28T00:00:00+00:00, run_after=2023-03-29T00:00:00+00:00
[2023-03-29T03:46:26.864+0000] {processor.py:175} INFO - Processing /opt/airflow/dags/speech_day.py took 0.256 seconds
[2023-03-29T03:46:57.065+0000] {processor.py:153} INFO - Started process (PID=2052) to work on /opt/airflow/dags/speech_day.py
[2023-03-29T03:46:57.067+0000] {processor.py:743} INFO - Processing file /opt/airflow/dags/speech_day.py for tasks to queue
[2023-03-29T03:46:57.069+0000] {logging_mixin.py:137} INFO - [2023-03-29T03:46:57.069+0000] {dagbag.py:532} INFO - Filling up the DagBag from /opt/airflow/dags/speech_day.py
[2023-03-29T03:46:57.118+0000] {processor.py:753} INFO - DAG(s) dict_keys(['my_dag']) retrieved from /opt/airflow/dags/speech_day.py
[2023-03-29T03:46:57.151+0000] {logging_mixin.py:137} INFO - [2023-03-29T03:46:57.151+0000] {dag.py:2693} INFO - Sync 1 DAGs
[2023-03-29T03:46:57.175+0000] {logging_mixin.py:137} INFO - [2023-03-29T03:46:57.175+0000] {dag.py:3444} INFO - Setting next_dagrun for my_dag to 2023-03-28T00:00:00+00:00, run_after=2023-03-29T00:00:00+00:00
[2023-03-29T03:46:57.189+0000] {processor.py:175} INFO - Processing /opt/airflow/dags/speech_day.py took 0.129 seconds
[2023-03-29T03:47:27.849+0000] {processor.py:153} INFO - Started process (PID=2102) to work on /opt/airflow/dags/speech_day.py
[2023-03-29T03:47:27.866+0000] {processor.py:743} INFO - Processing file /opt/airflow/dags/speech_day.py for tasks to queue
[2023-03-29T03:47:27.900+0000] {logging_mixin.py:137} INFO - [2023-03-29T03:47:27.899+0000] {dagbag.py:532} INFO - Filling up the DagBag from /opt/airflow/dags/speech_day.py
[2023-03-29T03:47:27.947+0000] {processor.py:753} INFO - DAG(s) dict_keys(['my_dag']) retrieved from /opt/airflow/dags/speech_day.py
[2023-03-29T03:47:27.966+0000] {logging_mixin.py:137} INFO - [2023-03-29T03:47:27.966+0000] {dag.py:2693} INFO - Sync 1 DAGs
[2023-03-29T03:47:27.986+0000] {logging_mixin.py:137} INFO - [2023-03-29T03:47:27.986+0000] {dag.py:3444} INFO - Setting next_dagrun for my_dag to 2023-03-28T00:00:00+00:00, run_after=2023-03-29T00:00:00+00:00
[2023-03-29T03:47:27.998+0000] {processor.py:175} INFO - Processing /opt/airflow/dags/speech_day.py took 0.154 seconds
