[2023-03-29T03:26:24.844+0000] {processor.py:153} INFO - Started process (PID=37) to work on /home/airflow/.local/lib/python3.7/site-packages/airflow/example_dags/example_sla_dag.py
[2023-03-29T03:26:24.846+0000] {processor.py:743} INFO - Processing file /home/airflow/.local/lib/python3.7/site-packages/airflow/example_dags/example_sla_dag.py for tasks to queue
[2023-03-29T03:26:24.847+0000] {logging_mixin.py:137} INFO - [2023-03-29T03:26:24.847+0000] {dagbag.py:532} INFO - Filling up the DagBag from /home/airflow/.local/lib/python3.7/site-packages/airflow/example_dags/example_sla_dag.py
[2023-03-29T03:26:24.866+0000] {processor.py:753} INFO - DAG(s) dict_keys(['example_sla_dag']) retrieved from /home/airflow/.local/lib/python3.7/site-packages/airflow/example_dags/example_sla_dag.py
[2023-03-29T03:26:24.878+0000] {logging_mixin.py:137} INFO - [2023-03-29T03:26:24.878+0000] {dag.py:2693} INFO - Sync 1 DAGs
[2023-03-29T03:26:24.904+0000] {logging_mixin.py:137} INFO - [2023-03-29T03:26:24.904+0000] {dag.py:3444} INFO - Setting next_dagrun for example_sla_dag to 2023-03-29T03:24:00+00:00, run_after=2023-03-29T03:26:00+00:00
[2023-03-29T03:26:24.924+0000] {processor.py:175} INFO - Processing /home/airflow/.local/lib/python3.7/site-packages/airflow/example_dags/example_sla_dag.py took 0.082 seconds
[2023-03-29T03:26:55.665+0000] {processor.py:153} INFO - Started process (PID=86) to work on /home/airflow/.local/lib/python3.7/site-packages/airflow/example_dags/example_sla_dag.py
[2023-03-29T03:26:55.667+0000] {processor.py:743} INFO - Processing file /home/airflow/.local/lib/python3.7/site-packages/airflow/example_dags/example_sla_dag.py for tasks to queue
[2023-03-29T03:26:55.669+0000] {logging_mixin.py:137} INFO - [2023-03-29T03:26:55.669+0000] {dagbag.py:532} INFO - Filling up the DagBag from /home/airflow/.local/lib/python3.7/site-packages/airflow/example_dags/example_sla_dag.py
[2023-03-29T03:26:55.689+0000] {processor.py:753} INFO - DAG(s) dict_keys(['example_sla_dag']) retrieved from /home/airflow/.local/lib/python3.7/site-packages/airflow/example_dags/example_sla_dag.py
[2023-03-29T03:26:55.709+0000] {logging_mixin.py:137} INFO - [2023-03-29T03:26:55.708+0000] {dag.py:2693} INFO - Sync 1 DAGs
[2023-03-29T03:26:55.728+0000] {logging_mixin.py:137} INFO - [2023-03-29T03:26:55.728+0000] {dag.py:3444} INFO - Setting next_dagrun for example_sla_dag to 2023-03-29T03:24:00+00:00, run_after=2023-03-29T03:26:00+00:00
[2023-03-29T03:26:55.741+0000] {processor.py:175} INFO - Processing /home/airflow/.local/lib/python3.7/site-packages/airflow/example_dags/example_sla_dag.py took 0.079 seconds
[2023-03-29T03:27:26.161+0000] {processor.py:153} INFO - Started process (PID=135) to work on /home/airflow/.local/lib/python3.7/site-packages/airflow/example_dags/example_sla_dag.py
[2023-03-29T03:27:26.162+0000] {processor.py:743} INFO - Processing file /home/airflow/.local/lib/python3.7/site-packages/airflow/example_dags/example_sla_dag.py for tasks to queue
[2023-03-29T03:27:26.163+0000] {logging_mixin.py:137} INFO - [2023-03-29T03:27:26.163+0000] {dagbag.py:532} INFO - Filling up the DagBag from /home/airflow/.local/lib/python3.7/site-packages/airflow/example_dags/example_sla_dag.py
[2023-03-29T03:27:26.183+0000] {processor.py:753} INFO - DAG(s) dict_keys(['example_sla_dag']) retrieved from /home/airflow/.local/lib/python3.7/site-packages/airflow/example_dags/example_sla_dag.py
[2023-03-29T03:27:26.203+0000] {logging_mixin.py:137} INFO - [2023-03-29T03:27:26.202+0000] {dag.py:2693} INFO - Sync 1 DAGs
[2023-03-29T03:27:26.222+0000] {logging_mixin.py:137} INFO - [2023-03-29T03:27:26.222+0000] {dag.py:3444} INFO - Setting next_dagrun for example_sla_dag to 2023-03-29T03:24:00+00:00, run_after=2023-03-29T03:26:00+00:00
[2023-03-29T03:27:26.234+0000] {processor.py:175} INFO - Processing /home/airflow/.local/lib/python3.7/site-packages/airflow/example_dags/example_sla_dag.py took 0.076 seconds
[2023-03-29T03:27:56.949+0000] {processor.py:153} INFO - Started process (PID=184) to work on /home/airflow/.local/lib/python3.7/site-packages/airflow/example_dags/example_sla_dag.py
[2023-03-29T03:27:56.951+0000] {processor.py:743} INFO - Processing file /home/airflow/.local/lib/python3.7/site-packages/airflow/example_dags/example_sla_dag.py for tasks to queue
[2023-03-29T03:27:56.952+0000] {logging_mixin.py:137} INFO - [2023-03-29T03:27:56.952+0000] {dagbag.py:532} INFO - Filling up the DagBag from /home/airflow/.local/lib/python3.7/site-packages/airflow/example_dags/example_sla_dag.py
[2023-03-29T03:27:56.968+0000] {processor.py:753} INFO - DAG(s) dict_keys(['example_sla_dag']) retrieved from /home/airflow/.local/lib/python3.7/site-packages/airflow/example_dags/example_sla_dag.py
[2023-03-29T03:27:56.985+0000] {logging_mixin.py:137} INFO - [2023-03-29T03:27:56.985+0000] {dag.py:2693} INFO - Sync 1 DAGs
[2023-03-29T03:27:57.004+0000] {logging_mixin.py:137} INFO - [2023-03-29T03:27:57.003+0000] {dag.py:3444} INFO - Setting next_dagrun for example_sla_dag to 2023-03-29T03:24:00+00:00, run_after=2023-03-29T03:26:00+00:00
[2023-03-29T03:27:57.015+0000] {processor.py:175} INFO - Processing /home/airflow/.local/lib/python3.7/site-packages/airflow/example_dags/example_sla_dag.py took 0.069 seconds
[2023-03-29T03:28:27.376+0000] {processor.py:153} INFO - Started process (PID=233) to work on /home/airflow/.local/lib/python3.7/site-packages/airflow/example_dags/example_sla_dag.py
[2023-03-29T03:28:27.378+0000] {processor.py:743} INFO - Processing file /home/airflow/.local/lib/python3.7/site-packages/airflow/example_dags/example_sla_dag.py for tasks to queue
[2023-03-29T03:28:27.379+0000] {logging_mixin.py:137} INFO - [2023-03-29T03:28:27.379+0000] {dagbag.py:532} INFO - Filling up the DagBag from /home/airflow/.local/lib/python3.7/site-packages/airflow/example_dags/example_sla_dag.py
[2023-03-29T03:28:27.396+0000] {processor.py:753} INFO - DAG(s) dict_keys(['example_sla_dag']) retrieved from /home/airflow/.local/lib/python3.7/site-packages/airflow/example_dags/example_sla_dag.py
[2023-03-29T03:28:27.417+0000] {logging_mixin.py:137} INFO - [2023-03-29T03:28:27.417+0000] {dag.py:2693} INFO - Sync 1 DAGs
[2023-03-29T03:28:27.437+0000] {logging_mixin.py:137} INFO - [2023-03-29T03:28:27.437+0000] {dag.py:3444} INFO - Setting next_dagrun for example_sla_dag to 2023-03-29T03:26:00+00:00, run_after=2023-03-29T03:28:00+00:00
[2023-03-29T03:28:27.451+0000] {processor.py:175} INFO - Processing /home/airflow/.local/lib/python3.7/site-packages/airflow/example_dags/example_sla_dag.py took 0.077 seconds
[2023-03-29T03:28:57.933+0000] {processor.py:153} INFO - Started process (PID=282) to work on /home/airflow/.local/lib/python3.7/site-packages/airflow/example_dags/example_sla_dag.py
[2023-03-29T03:28:57.934+0000] {processor.py:743} INFO - Processing file /home/airflow/.local/lib/python3.7/site-packages/airflow/example_dags/example_sla_dag.py for tasks to queue
[2023-03-29T03:28:57.936+0000] {logging_mixin.py:137} INFO - [2023-03-29T03:28:57.936+0000] {dagbag.py:532} INFO - Filling up the DagBag from /home/airflow/.local/lib/python3.7/site-packages/airflow/example_dags/example_sla_dag.py
[2023-03-29T03:28:57.955+0000] {processor.py:753} INFO - DAG(s) dict_keys(['example_sla_dag']) retrieved from /home/airflow/.local/lib/python3.7/site-packages/airflow/example_dags/example_sla_dag.py
[2023-03-29T03:28:57.972+0000] {logging_mixin.py:137} INFO - [2023-03-29T03:28:57.972+0000] {dag.py:2693} INFO - Sync 1 DAGs
[2023-03-29T03:28:57.994+0000] {logging_mixin.py:137} INFO - [2023-03-29T03:28:57.994+0000] {dag.py:3444} INFO - Setting next_dagrun for example_sla_dag to 2023-03-29T03:26:00+00:00, run_after=2023-03-29T03:28:00+00:00
[2023-03-29T03:28:58.009+0000] {processor.py:175} INFO - Processing /home/airflow/.local/lib/python3.7/site-packages/airflow/example_dags/example_sla_dag.py took 0.080 seconds
[2023-03-29T03:29:28.375+0000] {processor.py:153} INFO - Started process (PID=331) to work on /home/airflow/.local/lib/python3.7/site-packages/airflow/example_dags/example_sla_dag.py
[2023-03-29T03:29:28.377+0000] {processor.py:743} INFO - Processing file /home/airflow/.local/lib/python3.7/site-packages/airflow/example_dags/example_sla_dag.py for tasks to queue
[2023-03-29T03:29:28.379+0000] {logging_mixin.py:137} INFO - [2023-03-29T03:29:28.379+0000] {dagbag.py:532} INFO - Filling up the DagBag from /home/airflow/.local/lib/python3.7/site-packages/airflow/example_dags/example_sla_dag.py
[2023-03-29T03:29:28.402+0000] {processor.py:753} INFO - DAG(s) dict_keys(['example_sla_dag']) retrieved from /home/airflow/.local/lib/python3.7/site-packages/airflow/example_dags/example_sla_dag.py
[2023-03-29T03:29:28.424+0000] {logging_mixin.py:137} INFO - [2023-03-29T03:29:28.424+0000] {dag.py:2693} INFO - Sync 1 DAGs
[2023-03-29T03:29:28.446+0000] {logging_mixin.py:137} INFO - [2023-03-29T03:29:28.446+0000] {dag.py:3444} INFO - Setting next_dagrun for example_sla_dag to 2023-03-29T03:26:00+00:00, run_after=2023-03-29T03:28:00+00:00
[2023-03-29T03:29:28.462+0000] {processor.py:175} INFO - Processing /home/airflow/.local/lib/python3.7/site-packages/airflow/example_dags/example_sla_dag.py took 0.091 seconds
[2023-03-29T03:29:59.148+0000] {processor.py:153} INFO - Started process (PID=380) to work on /home/airflow/.local/lib/python3.7/site-packages/airflow/example_dags/example_sla_dag.py
[2023-03-29T03:29:59.152+0000] {processor.py:743} INFO - Processing file /home/airflow/.local/lib/python3.7/site-packages/airflow/example_dags/example_sla_dag.py for tasks to queue
[2023-03-29T03:29:59.154+0000] {logging_mixin.py:137} INFO - [2023-03-29T03:29:59.154+0000] {dagbag.py:532} INFO - Filling up the DagBag from /home/airflow/.local/lib/python3.7/site-packages/airflow/example_dags/example_sla_dag.py
[2023-03-29T03:29:59.173+0000] {processor.py:753} INFO - DAG(s) dict_keys(['example_sla_dag']) retrieved from /home/airflow/.local/lib/python3.7/site-packages/airflow/example_dags/example_sla_dag.py
[2023-03-29T03:29:59.211+0000] {logging_mixin.py:137} INFO - [2023-03-29T03:29:59.211+0000] {dag.py:2693} INFO - Sync 1 DAGs
[2023-03-29T03:29:59.246+0000] {logging_mixin.py:137} INFO - [2023-03-29T03:29:59.246+0000] {dag.py:3444} INFO - Setting next_dagrun for example_sla_dag to 2023-03-29T03:26:00+00:00, run_after=2023-03-29T03:28:00+00:00
[2023-03-29T03:29:59.274+0000] {processor.py:175} INFO - Processing /home/airflow/.local/lib/python3.7/site-packages/airflow/example_dags/example_sla_dag.py took 0.131 seconds
[2023-03-29T03:30:29.412+0000] {processor.py:153} INFO - Started process (PID=429) to work on /home/airflow/.local/lib/python3.7/site-packages/airflow/example_dags/example_sla_dag.py
[2023-03-29T03:30:29.414+0000] {processor.py:743} INFO - Processing file /home/airflow/.local/lib/python3.7/site-packages/airflow/example_dags/example_sla_dag.py for tasks to queue
[2023-03-29T03:30:29.416+0000] {logging_mixin.py:137} INFO - [2023-03-29T03:30:29.415+0000] {dagbag.py:532} INFO - Filling up the DagBag from /home/airflow/.local/lib/python3.7/site-packages/airflow/example_dags/example_sla_dag.py
[2023-03-29T03:30:29.432+0000] {processor.py:753} INFO - DAG(s) dict_keys(['example_sla_dag']) retrieved from /home/airflow/.local/lib/python3.7/site-packages/airflow/example_dags/example_sla_dag.py
[2023-03-29T03:30:29.450+0000] {logging_mixin.py:137} INFO - [2023-03-29T03:30:29.450+0000] {dag.py:2693} INFO - Sync 1 DAGs
[2023-03-29T03:30:29.470+0000] {logging_mixin.py:137} INFO - [2023-03-29T03:30:29.470+0000] {dag.py:3444} INFO - Setting next_dagrun for example_sla_dag to 2023-03-29T03:28:00+00:00, run_after=2023-03-29T03:30:00+00:00
[2023-03-29T03:30:29.483+0000] {processor.py:175} INFO - Processing /home/airflow/.local/lib/python3.7/site-packages/airflow/example_dags/example_sla_dag.py took 0.073 seconds
[2023-03-29T03:31:00.755+0000] {processor.py:153} INFO - Started process (PID=478) to work on /home/airflow/.local/lib/python3.7/site-packages/airflow/example_dags/example_sla_dag.py
[2023-03-29T03:31:00.759+0000] {processor.py:743} INFO - Processing file /home/airflow/.local/lib/python3.7/site-packages/airflow/example_dags/example_sla_dag.py for tasks to queue
[2023-03-29T03:31:00.761+0000] {logging_mixin.py:137} INFO - [2023-03-29T03:31:00.761+0000] {dagbag.py:532} INFO - Filling up the DagBag from /home/airflow/.local/lib/python3.7/site-packages/airflow/example_dags/example_sla_dag.py
[2023-03-29T03:31:00.781+0000] {processor.py:753} INFO - DAG(s) dict_keys(['example_sla_dag']) retrieved from /home/airflow/.local/lib/python3.7/site-packages/airflow/example_dags/example_sla_dag.py
[2023-03-29T03:31:00.807+0000] {logging_mixin.py:137} INFO - [2023-03-29T03:31:00.807+0000] {dag.py:2693} INFO - Sync 1 DAGs
[2023-03-29T03:31:00.832+0000] {logging_mixin.py:137} INFO - [2023-03-29T03:31:00.832+0000] {dag.py:3444} INFO - Setting next_dagrun for example_sla_dag to 2023-03-29T03:28:00+00:00, run_after=2023-03-29T03:30:00+00:00
[2023-03-29T03:31:00.850+0000] {processor.py:175} INFO - Processing /home/airflow/.local/lib/python3.7/site-packages/airflow/example_dags/example_sla_dag.py took 0.098 seconds
[2023-03-29T03:31:31.665+0000] {processor.py:153} INFO - Started process (PID=527) to work on /home/airflow/.local/lib/python3.7/site-packages/airflow/example_dags/example_sla_dag.py
[2023-03-29T03:31:31.669+0000] {processor.py:743} INFO - Processing file /home/airflow/.local/lib/python3.7/site-packages/airflow/example_dags/example_sla_dag.py for tasks to queue
[2023-03-29T03:31:31.673+0000] {logging_mixin.py:137} INFO - [2023-03-29T03:31:31.672+0000] {dagbag.py:532} INFO - Filling up the DagBag from /home/airflow/.local/lib/python3.7/site-packages/airflow/example_dags/example_sla_dag.py
[2023-03-29T03:31:31.694+0000] {processor.py:753} INFO - DAG(s) dict_keys(['example_sla_dag']) retrieved from /home/airflow/.local/lib/python3.7/site-packages/airflow/example_dags/example_sla_dag.py
[2023-03-29T03:31:31.717+0000] {logging_mixin.py:137} INFO - [2023-03-29T03:31:31.717+0000] {dag.py:2693} INFO - Sync 1 DAGs
[2023-03-29T03:31:31.741+0000] {logging_mixin.py:137} INFO - [2023-03-29T03:31:31.741+0000] {dag.py:3444} INFO - Setting next_dagrun for example_sla_dag to 2023-03-29T03:28:00+00:00, run_after=2023-03-29T03:30:00+00:00
[2023-03-29T03:31:31.754+0000] {processor.py:175} INFO - Processing /home/airflow/.local/lib/python3.7/site-packages/airflow/example_dags/example_sla_dag.py took 0.092 seconds
[2023-03-29T03:32:02.416+0000] {processor.py:153} INFO - Started process (PID=576) to work on /home/airflow/.local/lib/python3.7/site-packages/airflow/example_dags/example_sla_dag.py
[2023-03-29T03:32:02.420+0000] {processor.py:743} INFO - Processing file /home/airflow/.local/lib/python3.7/site-packages/airflow/example_dags/example_sla_dag.py for tasks to queue
[2023-03-29T03:32:02.421+0000] {logging_mixin.py:137} INFO - [2023-03-29T03:32:02.421+0000] {dagbag.py:532} INFO - Filling up the DagBag from /home/airflow/.local/lib/python3.7/site-packages/airflow/example_dags/example_sla_dag.py
[2023-03-29T03:32:02.437+0000] {processor.py:753} INFO - DAG(s) dict_keys(['example_sla_dag']) retrieved from /home/airflow/.local/lib/python3.7/site-packages/airflow/example_dags/example_sla_dag.py
[2023-03-29T03:32:02.455+0000] {logging_mixin.py:137} INFO - [2023-03-29T03:32:02.455+0000] {dag.py:2693} INFO - Sync 1 DAGs
[2023-03-29T03:32:02.476+0000] {logging_mixin.py:137} INFO - [2023-03-29T03:32:02.476+0000] {dag.py:3444} INFO - Setting next_dagrun for example_sla_dag to 2023-03-29T03:30:00+00:00, run_after=2023-03-29T03:32:00+00:00
[2023-03-29T03:32:02.489+0000] {processor.py:175} INFO - Processing /home/airflow/.local/lib/python3.7/site-packages/airflow/example_dags/example_sla_dag.py took 0.076 seconds
[2023-03-29T03:32:33.153+0000] {processor.py:153} INFO - Started process (PID=626) to work on /home/airflow/.local/lib/python3.7/site-packages/airflow/example_dags/example_sla_dag.py
[2023-03-29T03:32:33.155+0000] {processor.py:743} INFO - Processing file /home/airflow/.local/lib/python3.7/site-packages/airflow/example_dags/example_sla_dag.py for tasks to queue
[2023-03-29T03:32:33.156+0000] {logging_mixin.py:137} INFO - [2023-03-29T03:32:33.156+0000] {dagbag.py:532} INFO - Filling up the DagBag from /home/airflow/.local/lib/python3.7/site-packages/airflow/example_dags/example_sla_dag.py
[2023-03-29T03:32:33.171+0000] {processor.py:753} INFO - DAG(s) dict_keys(['example_sla_dag']) retrieved from /home/airflow/.local/lib/python3.7/site-packages/airflow/example_dags/example_sla_dag.py
[2023-03-29T03:32:33.194+0000] {logging_mixin.py:137} INFO - [2023-03-29T03:32:33.194+0000] {dag.py:2693} INFO - Sync 1 DAGs
[2023-03-29T03:32:33.213+0000] {logging_mixin.py:137} INFO - [2023-03-29T03:32:33.213+0000] {dag.py:3444} INFO - Setting next_dagrun for example_sla_dag to 2023-03-29T03:30:00+00:00, run_after=2023-03-29T03:32:00+00:00
[2023-03-29T03:32:33.230+0000] {processor.py:175} INFO - Processing /home/airflow/.local/lib/python3.7/site-packages/airflow/example_dags/example_sla_dag.py took 0.080 seconds
[2023-03-29T03:33:04.130+0000] {processor.py:153} INFO - Started process (PID=675) to work on /home/airflow/.local/lib/python3.7/site-packages/airflow/example_dags/example_sla_dag.py
[2023-03-29T03:33:04.134+0000] {processor.py:743} INFO - Processing file /home/airflow/.local/lib/python3.7/site-packages/airflow/example_dags/example_sla_dag.py for tasks to queue
[2023-03-29T03:33:04.137+0000] {logging_mixin.py:137} INFO - [2023-03-29T03:33:04.136+0000] {dagbag.py:532} INFO - Filling up the DagBag from /home/airflow/.local/lib/python3.7/site-packages/airflow/example_dags/example_sla_dag.py
[2023-03-29T03:33:04.154+0000] {processor.py:753} INFO - DAG(s) dict_keys(['example_sla_dag']) retrieved from /home/airflow/.local/lib/python3.7/site-packages/airflow/example_dags/example_sla_dag.py
[2023-03-29T03:33:04.173+0000] {logging_mixin.py:137} INFO - [2023-03-29T03:33:04.173+0000] {dag.py:2693} INFO - Sync 1 DAGs
[2023-03-29T03:33:04.191+0000] {logging_mixin.py:137} INFO - [2023-03-29T03:33:04.190+0000] {dag.py:3444} INFO - Setting next_dagrun for example_sla_dag to 2023-03-29T03:30:00+00:00, run_after=2023-03-29T03:32:00+00:00
[2023-03-29T03:33:04.208+0000] {processor.py:175} INFO - Processing /home/airflow/.local/lib/python3.7/site-packages/airflow/example_dags/example_sla_dag.py took 0.081 seconds
[2023-03-29T03:33:34.830+0000] {processor.py:153} INFO - Started process (PID=724) to work on /home/airflow/.local/lib/python3.7/site-packages/airflow/example_dags/example_sla_dag.py
[2023-03-29T03:33:34.832+0000] {processor.py:743} INFO - Processing file /home/airflow/.local/lib/python3.7/site-packages/airflow/example_dags/example_sla_dag.py for tasks to queue
[2023-03-29T03:33:34.834+0000] {logging_mixin.py:137} INFO - [2023-03-29T03:33:34.833+0000] {dagbag.py:532} INFO - Filling up the DagBag from /home/airflow/.local/lib/python3.7/site-packages/airflow/example_dags/example_sla_dag.py
[2023-03-29T03:33:34.851+0000] {processor.py:753} INFO - DAG(s) dict_keys(['example_sla_dag']) retrieved from /home/airflow/.local/lib/python3.7/site-packages/airflow/example_dags/example_sla_dag.py
[2023-03-29T03:33:34.870+0000] {logging_mixin.py:137} INFO - [2023-03-29T03:33:34.870+0000] {dag.py:2693} INFO - Sync 1 DAGs
[2023-03-29T03:33:34.886+0000] {logging_mixin.py:137} INFO - [2023-03-29T03:33:34.886+0000] {dag.py:3444} INFO - Setting next_dagrun for example_sla_dag to 2023-03-29T03:30:00+00:00, run_after=2023-03-29T03:32:00+00:00
[2023-03-29T03:33:34.900+0000] {processor.py:175} INFO - Processing /home/airflow/.local/lib/python3.7/site-packages/airflow/example_dags/example_sla_dag.py took 0.072 seconds
[2023-03-29T03:34:05.633+0000] {processor.py:153} INFO - Started process (PID=773) to work on /home/airflow/.local/lib/python3.7/site-packages/airflow/example_dags/example_sla_dag.py
[2023-03-29T03:34:05.635+0000] {processor.py:743} INFO - Processing file /home/airflow/.local/lib/python3.7/site-packages/airflow/example_dags/example_sla_dag.py for tasks to queue
[2023-03-29T03:34:05.652+0000] {logging_mixin.py:137} INFO - [2023-03-29T03:34:05.652+0000] {dagbag.py:532} INFO - Filling up the DagBag from /home/airflow/.local/lib/python3.7/site-packages/airflow/example_dags/example_sla_dag.py
[2023-03-29T03:34:05.669+0000] {processor.py:753} INFO - DAG(s) dict_keys(['example_sla_dag']) retrieved from /home/airflow/.local/lib/python3.7/site-packages/airflow/example_dags/example_sla_dag.py
[2023-03-29T03:34:05.704+0000] {logging_mixin.py:137} INFO - [2023-03-29T03:34:05.703+0000] {dag.py:2693} INFO - Sync 1 DAGs
[2023-03-29T03:34:05.728+0000] {logging_mixin.py:137} INFO - [2023-03-29T03:34:05.728+0000] {dag.py:3444} INFO - Setting next_dagrun for example_sla_dag to 2023-03-29T03:32:00+00:00, run_after=2023-03-29T03:34:00+00:00
[2023-03-29T03:34:05.748+0000] {processor.py:175} INFO - Processing /home/airflow/.local/lib/python3.7/site-packages/airflow/example_dags/example_sla_dag.py took 0.118 seconds
[2023-03-29T03:34:36.317+0000] {processor.py:153} INFO - Started process (PID=823) to work on /home/airflow/.local/lib/python3.7/site-packages/airflow/example_dags/example_sla_dag.py
[2023-03-29T03:34:36.319+0000] {processor.py:743} INFO - Processing file /home/airflow/.local/lib/python3.7/site-packages/airflow/example_dags/example_sla_dag.py for tasks to queue
[2023-03-29T03:34:36.321+0000] {logging_mixin.py:137} INFO - [2023-03-29T03:34:36.320+0000] {dagbag.py:532} INFO - Filling up the DagBag from /home/airflow/.local/lib/python3.7/site-packages/airflow/example_dags/example_sla_dag.py
[2023-03-29T03:34:36.337+0000] {processor.py:753} INFO - DAG(s) dict_keys(['example_sla_dag']) retrieved from /home/airflow/.local/lib/python3.7/site-packages/airflow/example_dags/example_sla_dag.py
[2023-03-29T03:34:36.355+0000] {logging_mixin.py:137} INFO - [2023-03-29T03:34:36.355+0000] {dag.py:2693} INFO - Sync 1 DAGs
[2023-03-29T03:34:36.373+0000] {logging_mixin.py:137} INFO - [2023-03-29T03:34:36.373+0000] {dag.py:3444} INFO - Setting next_dagrun for example_sla_dag to 2023-03-29T03:32:00+00:00, run_after=2023-03-29T03:34:00+00:00
[2023-03-29T03:34:36.389+0000] {processor.py:175} INFO - Processing /home/airflow/.local/lib/python3.7/site-packages/airflow/example_dags/example_sla_dag.py took 0.074 seconds
[2023-03-29T03:35:06.917+0000] {processor.py:153} INFO - Started process (PID=872) to work on /home/airflow/.local/lib/python3.7/site-packages/airflow/example_dags/example_sla_dag.py
[2023-03-29T03:35:06.919+0000] {processor.py:743} INFO - Processing file /home/airflow/.local/lib/python3.7/site-packages/airflow/example_dags/example_sla_dag.py for tasks to queue
[2023-03-29T03:35:06.920+0000] {logging_mixin.py:137} INFO - [2023-03-29T03:35:06.920+0000] {dagbag.py:532} INFO - Filling up the DagBag from /home/airflow/.local/lib/python3.7/site-packages/airflow/example_dags/example_sla_dag.py
[2023-03-29T03:35:06.937+0000] {processor.py:753} INFO - DAG(s) dict_keys(['example_sla_dag']) retrieved from /home/airflow/.local/lib/python3.7/site-packages/airflow/example_dags/example_sla_dag.py
[2023-03-29T03:35:06.955+0000] {logging_mixin.py:137} INFO - [2023-03-29T03:35:06.955+0000] {dag.py:2693} INFO - Sync 1 DAGs
[2023-03-29T03:35:06.974+0000] {logging_mixin.py:137} INFO - [2023-03-29T03:35:06.974+0000] {dag.py:3444} INFO - Setting next_dagrun for example_sla_dag to 2023-03-29T03:32:00+00:00, run_after=2023-03-29T03:34:00+00:00
[2023-03-29T03:35:06.992+0000] {processor.py:175} INFO - Processing /home/airflow/.local/lib/python3.7/site-packages/airflow/example_dags/example_sla_dag.py took 0.078 seconds
[2023-03-29T03:35:37.550+0000] {processor.py:153} INFO - Started process (PID=921) to work on /home/airflow/.local/lib/python3.7/site-packages/airflow/example_dags/example_sla_dag.py
[2023-03-29T03:35:37.551+0000] {processor.py:743} INFO - Processing file /home/airflow/.local/lib/python3.7/site-packages/airflow/example_dags/example_sla_dag.py for tasks to queue
[2023-03-29T03:35:37.552+0000] {logging_mixin.py:137} INFO - [2023-03-29T03:35:37.552+0000] {dagbag.py:532} INFO - Filling up the DagBag from /home/airflow/.local/lib/python3.7/site-packages/airflow/example_dags/example_sla_dag.py
[2023-03-29T03:35:37.568+0000] {processor.py:753} INFO - DAG(s) dict_keys(['example_sla_dag']) retrieved from /home/airflow/.local/lib/python3.7/site-packages/airflow/example_dags/example_sla_dag.py
[2023-03-29T03:35:37.585+0000] {logging_mixin.py:137} INFO - [2023-03-29T03:35:37.585+0000] {dag.py:2693} INFO - Sync 1 DAGs
[2023-03-29T03:35:37.606+0000] {logging_mixin.py:137} INFO - [2023-03-29T03:35:37.606+0000] {dag.py:3444} INFO - Setting next_dagrun for example_sla_dag to 2023-03-29T03:32:00+00:00, run_after=2023-03-29T03:34:00+00:00
[2023-03-29T03:35:37.620+0000] {processor.py:175} INFO - Processing /home/airflow/.local/lib/python3.7/site-packages/airflow/example_dags/example_sla_dag.py took 0.075 seconds
[2023-03-29T03:36:08.243+0000] {processor.py:153} INFO - Started process (PID=970) to work on /home/airflow/.local/lib/python3.7/site-packages/airflow/example_dags/example_sla_dag.py
[2023-03-29T03:36:08.256+0000] {processor.py:743} INFO - Processing file /home/airflow/.local/lib/python3.7/site-packages/airflow/example_dags/example_sla_dag.py for tasks to queue
[2023-03-29T03:36:08.257+0000] {logging_mixin.py:137} INFO - [2023-03-29T03:36:08.257+0000] {dagbag.py:532} INFO - Filling up the DagBag from /home/airflow/.local/lib/python3.7/site-packages/airflow/example_dags/example_sla_dag.py
[2023-03-29T03:36:08.272+0000] {processor.py:753} INFO - DAG(s) dict_keys(['example_sla_dag']) retrieved from /home/airflow/.local/lib/python3.7/site-packages/airflow/example_dags/example_sla_dag.py
[2023-03-29T03:36:08.291+0000] {logging_mixin.py:137} INFO - [2023-03-29T03:36:08.291+0000] {dag.py:2693} INFO - Sync 1 DAGs
[2023-03-29T03:36:08.310+0000] {logging_mixin.py:137} INFO - [2023-03-29T03:36:08.310+0000] {dag.py:3444} INFO - Setting next_dagrun for example_sla_dag to 2023-03-29T03:34:00+00:00, run_after=2023-03-29T03:36:00+00:00
[2023-03-29T03:36:08.328+0000] {processor.py:175} INFO - Processing /home/airflow/.local/lib/python3.7/site-packages/airflow/example_dags/example_sla_dag.py took 0.088 seconds
[2023-03-29T03:36:39.090+0000] {processor.py:153} INFO - Started process (PID=1020) to work on /home/airflow/.local/lib/python3.7/site-packages/airflow/example_dags/example_sla_dag.py
[2023-03-29T03:36:39.091+0000] {processor.py:743} INFO - Processing file /home/airflow/.local/lib/python3.7/site-packages/airflow/example_dags/example_sla_dag.py for tasks to queue
[2023-03-29T03:36:39.094+0000] {logging_mixin.py:137} INFO - [2023-03-29T03:36:39.094+0000] {dagbag.py:532} INFO - Filling up the DagBag from /home/airflow/.local/lib/python3.7/site-packages/airflow/example_dags/example_sla_dag.py
[2023-03-29T03:36:39.110+0000] {processor.py:753} INFO - DAG(s) dict_keys(['example_sla_dag']) retrieved from /home/airflow/.local/lib/python3.7/site-packages/airflow/example_dags/example_sla_dag.py
[2023-03-29T03:36:39.128+0000] {logging_mixin.py:137} INFO - [2023-03-29T03:36:39.128+0000] {dag.py:2693} INFO - Sync 1 DAGs
[2023-03-29T03:36:39.146+0000] {logging_mixin.py:137} INFO - [2023-03-29T03:36:39.146+0000] {dag.py:3444} INFO - Setting next_dagrun for example_sla_dag to 2023-03-29T03:34:00+00:00, run_after=2023-03-29T03:36:00+00:00
[2023-03-29T03:36:39.160+0000] {processor.py:175} INFO - Processing /home/airflow/.local/lib/python3.7/site-packages/airflow/example_dags/example_sla_dag.py took 0.073 seconds
[2023-03-29T03:37:09.713+0000] {processor.py:153} INFO - Started process (PID=1069) to work on /home/airflow/.local/lib/python3.7/site-packages/airflow/example_dags/example_sla_dag.py
[2023-03-29T03:37:09.717+0000] {processor.py:743} INFO - Processing file /home/airflow/.local/lib/python3.7/site-packages/airflow/example_dags/example_sla_dag.py for tasks to queue
[2023-03-29T03:37:09.718+0000] {logging_mixin.py:137} INFO - [2023-03-29T03:37:09.718+0000] {dagbag.py:532} INFO - Filling up the DagBag from /home/airflow/.local/lib/python3.7/site-packages/airflow/example_dags/example_sla_dag.py
[2023-03-29T03:37:09.734+0000] {processor.py:753} INFO - DAG(s) dict_keys(['example_sla_dag']) retrieved from /home/airflow/.local/lib/python3.7/site-packages/airflow/example_dags/example_sla_dag.py
[2023-03-29T03:37:09.753+0000] {logging_mixin.py:137} INFO - [2023-03-29T03:37:09.753+0000] {dag.py:2693} INFO - Sync 1 DAGs
[2023-03-29T03:37:09.773+0000] {logging_mixin.py:137} INFO - [2023-03-29T03:37:09.773+0000] {dag.py:3444} INFO - Setting next_dagrun for example_sla_dag to 2023-03-29T03:34:00+00:00, run_after=2023-03-29T03:36:00+00:00
[2023-03-29T03:37:09.792+0000] {processor.py:175} INFO - Processing /home/airflow/.local/lib/python3.7/site-packages/airflow/example_dags/example_sla_dag.py took 0.081 seconds
[2023-03-29T03:37:40.413+0000] {processor.py:153} INFO - Started process (PID=1118) to work on /home/airflow/.local/lib/python3.7/site-packages/airflow/example_dags/example_sla_dag.py
[2023-03-29T03:37:40.414+0000] {processor.py:743} INFO - Processing file /home/airflow/.local/lib/python3.7/site-packages/airflow/example_dags/example_sla_dag.py for tasks to queue
[2023-03-29T03:37:40.416+0000] {logging_mixin.py:137} INFO - [2023-03-29T03:37:40.416+0000] {dagbag.py:532} INFO - Filling up the DagBag from /home/airflow/.local/lib/python3.7/site-packages/airflow/example_dags/example_sla_dag.py
[2023-03-29T03:37:40.432+0000] {processor.py:753} INFO - DAG(s) dict_keys(['example_sla_dag']) retrieved from /home/airflow/.local/lib/python3.7/site-packages/airflow/example_dags/example_sla_dag.py
[2023-03-29T03:37:40.451+0000] {logging_mixin.py:137} INFO - [2023-03-29T03:37:40.451+0000] {dag.py:2693} INFO - Sync 1 DAGs
[2023-03-29T03:37:40.471+0000] {logging_mixin.py:137} INFO - [2023-03-29T03:37:40.471+0000] {dag.py:3444} INFO - Setting next_dagrun for example_sla_dag to 2023-03-29T03:34:00+00:00, run_after=2023-03-29T03:36:00+00:00
[2023-03-29T03:37:40.489+0000] {processor.py:175} INFO - Processing /home/airflow/.local/lib/python3.7/site-packages/airflow/example_dags/example_sla_dag.py took 0.079 seconds
[2023-03-29T03:38:10.981+0000] {processor.py:153} INFO - Started process (PID=1167) to work on /home/airflow/.local/lib/python3.7/site-packages/airflow/example_dags/example_sla_dag.py
[2023-03-29T03:38:10.985+0000] {processor.py:743} INFO - Processing file /home/airflow/.local/lib/python3.7/site-packages/airflow/example_dags/example_sla_dag.py for tasks to queue
[2023-03-29T03:38:10.986+0000] {logging_mixin.py:137} INFO - [2023-03-29T03:38:10.986+0000] {dagbag.py:532} INFO - Filling up the DagBag from /home/airflow/.local/lib/python3.7/site-packages/airflow/example_dags/example_sla_dag.py
[2023-03-29T03:38:11.005+0000] {processor.py:753} INFO - DAG(s) dict_keys(['example_sla_dag']) retrieved from /home/airflow/.local/lib/python3.7/site-packages/airflow/example_dags/example_sla_dag.py
[2023-03-29T03:38:11.026+0000] {logging_mixin.py:137} INFO - [2023-03-29T03:38:11.026+0000] {dag.py:2693} INFO - Sync 1 DAGs
[2023-03-29T03:38:11.046+0000] {logging_mixin.py:137} INFO - [2023-03-29T03:38:11.046+0000] {dag.py:3444} INFO - Setting next_dagrun for example_sla_dag to 2023-03-29T03:36:00+00:00, run_after=2023-03-29T03:38:00+00:00
[2023-03-29T03:38:11.065+0000] {processor.py:175} INFO - Processing /home/airflow/.local/lib/python3.7/site-packages/airflow/example_dags/example_sla_dag.py took 0.089 seconds
[2023-03-29T03:38:41.524+0000] {processor.py:153} INFO - Started process (PID=1216) to work on /home/airflow/.local/lib/python3.7/site-packages/airflow/example_dags/example_sla_dag.py
[2023-03-29T03:38:41.526+0000] {processor.py:743} INFO - Processing file /home/airflow/.local/lib/python3.7/site-packages/airflow/example_dags/example_sla_dag.py for tasks to queue
[2023-03-29T03:38:41.527+0000] {logging_mixin.py:137} INFO - [2023-03-29T03:38:41.527+0000] {dagbag.py:532} INFO - Filling up the DagBag from /home/airflow/.local/lib/python3.7/site-packages/airflow/example_dags/example_sla_dag.py
[2023-03-29T03:38:41.547+0000] {processor.py:753} INFO - DAG(s) dict_keys(['example_sla_dag']) retrieved from /home/airflow/.local/lib/python3.7/site-packages/airflow/example_dags/example_sla_dag.py
[2023-03-29T03:38:41.568+0000] {logging_mixin.py:137} INFO - [2023-03-29T03:38:41.568+0000] {dag.py:2693} INFO - Sync 1 DAGs
[2023-03-29T03:38:41.587+0000] {logging_mixin.py:137} INFO - [2023-03-29T03:38:41.587+0000] {dag.py:3444} INFO - Setting next_dagrun for example_sla_dag to 2023-03-29T03:36:00+00:00, run_after=2023-03-29T03:38:00+00:00
[2023-03-29T03:38:41.601+0000] {processor.py:175} INFO - Processing /home/airflow/.local/lib/python3.7/site-packages/airflow/example_dags/example_sla_dag.py took 0.081 seconds
[2023-03-29T03:39:12.207+0000] {processor.py:153} INFO - Started process (PID=1266) to work on /home/airflow/.local/lib/python3.7/site-packages/airflow/example_dags/example_sla_dag.py
[2023-03-29T03:39:12.209+0000] {processor.py:743} INFO - Processing file /home/airflow/.local/lib/python3.7/site-packages/airflow/example_dags/example_sla_dag.py for tasks to queue
[2023-03-29T03:39:12.210+0000] {logging_mixin.py:137} INFO - [2023-03-29T03:39:12.210+0000] {dagbag.py:532} INFO - Filling up the DagBag from /home/airflow/.local/lib/python3.7/site-packages/airflow/example_dags/example_sla_dag.py
[2023-03-29T03:39:12.229+0000] {processor.py:753} INFO - DAG(s) dict_keys(['example_sla_dag']) retrieved from /home/airflow/.local/lib/python3.7/site-packages/airflow/example_dags/example_sla_dag.py
[2023-03-29T03:39:12.248+0000] {logging_mixin.py:137} INFO - [2023-03-29T03:39:12.248+0000] {dag.py:2693} INFO - Sync 1 DAGs
[2023-03-29T03:39:12.268+0000] {logging_mixin.py:137} INFO - [2023-03-29T03:39:12.268+0000] {dag.py:3444} INFO - Setting next_dagrun for example_sla_dag to 2023-03-29T03:36:00+00:00, run_after=2023-03-29T03:38:00+00:00
[2023-03-29T03:39:12.281+0000] {processor.py:175} INFO - Processing /home/airflow/.local/lib/python3.7/site-packages/airflow/example_dags/example_sla_dag.py took 0.076 seconds
[2023-03-29T03:39:42.812+0000] {processor.py:153} INFO - Started process (PID=1315) to work on /home/airflow/.local/lib/python3.7/site-packages/airflow/example_dags/example_sla_dag.py
[2023-03-29T03:39:42.814+0000] {processor.py:743} INFO - Processing file /home/airflow/.local/lib/python3.7/site-packages/airflow/example_dags/example_sla_dag.py for tasks to queue
[2023-03-29T03:39:42.815+0000] {logging_mixin.py:137} INFO - [2023-03-29T03:39:42.815+0000] {dagbag.py:532} INFO - Filling up the DagBag from /home/airflow/.local/lib/python3.7/site-packages/airflow/example_dags/example_sla_dag.py
[2023-03-29T03:39:42.832+0000] {processor.py:753} INFO - DAG(s) dict_keys(['example_sla_dag']) retrieved from /home/airflow/.local/lib/python3.7/site-packages/airflow/example_dags/example_sla_dag.py
[2023-03-29T03:39:42.850+0000] {logging_mixin.py:137} INFO - [2023-03-29T03:39:42.850+0000] {dag.py:2693} INFO - Sync 1 DAGs
[2023-03-29T03:39:42.868+0000] {logging_mixin.py:137} INFO - [2023-03-29T03:39:42.868+0000] {dag.py:3444} INFO - Setting next_dagrun for example_sla_dag to 2023-03-29T03:36:00+00:00, run_after=2023-03-29T03:38:00+00:00
[2023-03-29T03:39:42.887+0000] {processor.py:175} INFO - Processing /home/airflow/.local/lib/python3.7/site-packages/airflow/example_dags/example_sla_dag.py took 0.077 seconds
[2023-03-29T03:40:13.350+0000] {processor.py:153} INFO - Started process (PID=1364) to work on /home/airflow/.local/lib/python3.7/site-packages/airflow/example_dags/example_sla_dag.py
[2023-03-29T03:40:13.352+0000] {processor.py:743} INFO - Processing file /home/airflow/.local/lib/python3.7/site-packages/airflow/example_dags/example_sla_dag.py for tasks to queue
[2023-03-29T03:40:13.353+0000] {logging_mixin.py:137} INFO - [2023-03-29T03:40:13.353+0000] {dagbag.py:532} INFO - Filling up the DagBag from /home/airflow/.local/lib/python3.7/site-packages/airflow/example_dags/example_sla_dag.py
[2023-03-29T03:40:13.370+0000] {processor.py:753} INFO - DAG(s) dict_keys(['example_sla_dag']) retrieved from /home/airflow/.local/lib/python3.7/site-packages/airflow/example_dags/example_sla_dag.py
[2023-03-29T03:40:13.391+0000] {logging_mixin.py:137} INFO - [2023-03-29T03:40:13.391+0000] {dag.py:2693} INFO - Sync 1 DAGs
[2023-03-29T03:40:13.411+0000] {logging_mixin.py:137} INFO - [2023-03-29T03:40:13.411+0000] {dag.py:3444} INFO - Setting next_dagrun for example_sla_dag to 2023-03-29T03:38:00+00:00, run_after=2023-03-29T03:40:00+00:00
[2023-03-29T03:40:13.427+0000] {processor.py:175} INFO - Processing /home/airflow/.local/lib/python3.7/site-packages/airflow/example_dags/example_sla_dag.py took 0.079 seconds
[2023-03-29T03:40:44.234+0000] {processor.py:153} INFO - Started process (PID=1413) to work on /home/airflow/.local/lib/python3.7/site-packages/airflow/example_dags/example_sla_dag.py
[2023-03-29T03:40:44.236+0000] {processor.py:743} INFO - Processing file /home/airflow/.local/lib/python3.7/site-packages/airflow/example_dags/example_sla_dag.py for tasks to queue
[2023-03-29T03:40:44.237+0000] {logging_mixin.py:137} INFO - [2023-03-29T03:40:44.237+0000] {dagbag.py:532} INFO - Filling up the DagBag from /home/airflow/.local/lib/python3.7/site-packages/airflow/example_dags/example_sla_dag.py
[2023-03-29T03:40:44.255+0000] {processor.py:753} INFO - DAG(s) dict_keys(['example_sla_dag']) retrieved from /home/airflow/.local/lib/python3.7/site-packages/airflow/example_dags/example_sla_dag.py
[2023-03-29T03:40:44.276+0000] {logging_mixin.py:137} INFO - [2023-03-29T03:40:44.276+0000] {dag.py:2693} INFO - Sync 1 DAGs
[2023-03-29T03:40:44.295+0000] {logging_mixin.py:137} INFO - [2023-03-29T03:40:44.295+0000] {dag.py:3444} INFO - Setting next_dagrun for example_sla_dag to 2023-03-29T03:38:00+00:00, run_after=2023-03-29T03:40:00+00:00
[2023-03-29T03:40:44.309+0000] {processor.py:175} INFO - Processing /home/airflow/.local/lib/python3.7/site-packages/airflow/example_dags/example_sla_dag.py took 0.077 seconds
[2023-03-29T03:41:14.909+0000] {processor.py:153} INFO - Started process (PID=1462) to work on /home/airflow/.local/lib/python3.7/site-packages/airflow/example_dags/example_sla_dag.py
[2023-03-29T03:41:14.911+0000] {processor.py:743} INFO - Processing file /home/airflow/.local/lib/python3.7/site-packages/airflow/example_dags/example_sla_dag.py for tasks to queue
[2023-03-29T03:41:14.911+0000] {logging_mixin.py:137} INFO - [2023-03-29T03:41:14.911+0000] {dagbag.py:532} INFO - Filling up the DagBag from /home/airflow/.local/lib/python3.7/site-packages/airflow/example_dags/example_sla_dag.py
[2023-03-29T03:41:14.928+0000] {processor.py:753} INFO - DAG(s) dict_keys(['example_sla_dag']) retrieved from /home/airflow/.local/lib/python3.7/site-packages/airflow/example_dags/example_sla_dag.py
[2023-03-29T03:41:14.946+0000] {logging_mixin.py:137} INFO - [2023-03-29T03:41:14.946+0000] {dag.py:2693} INFO - Sync 1 DAGs
[2023-03-29T03:41:14.968+0000] {logging_mixin.py:137} INFO - [2023-03-29T03:41:14.968+0000] {dag.py:3444} INFO - Setting next_dagrun for example_sla_dag to 2023-03-29T03:38:00+00:00, run_after=2023-03-29T03:40:00+00:00
[2023-03-29T03:41:14.985+0000] {processor.py:175} INFO - Processing /home/airflow/.local/lib/python3.7/site-packages/airflow/example_dags/example_sla_dag.py took 0.078 seconds
[2023-03-29T03:41:45.616+0000] {processor.py:153} INFO - Started process (PID=1511) to work on /home/airflow/.local/lib/python3.7/site-packages/airflow/example_dags/example_sla_dag.py
[2023-03-29T03:41:45.618+0000] {processor.py:743} INFO - Processing file /home/airflow/.local/lib/python3.7/site-packages/airflow/example_dags/example_sla_dag.py for tasks to queue
[2023-03-29T03:41:45.620+0000] {logging_mixin.py:137} INFO - [2023-03-29T03:41:45.620+0000] {dagbag.py:532} INFO - Filling up the DagBag from /home/airflow/.local/lib/python3.7/site-packages/airflow/example_dags/example_sla_dag.py
[2023-03-29T03:41:45.640+0000] {processor.py:753} INFO - DAG(s) dict_keys(['example_sla_dag']) retrieved from /home/airflow/.local/lib/python3.7/site-packages/airflow/example_dags/example_sla_dag.py
[2023-03-29T03:41:45.659+0000] {logging_mixin.py:137} INFO - [2023-03-29T03:41:45.659+0000] {dag.py:2693} INFO - Sync 1 DAGs
[2023-03-29T03:41:45.680+0000] {logging_mixin.py:137} INFO - [2023-03-29T03:41:45.680+0000] {dag.py:3444} INFO - Setting next_dagrun for example_sla_dag to 2023-03-29T03:38:00+00:00, run_after=2023-03-29T03:40:00+00:00
[2023-03-29T03:41:45.695+0000] {processor.py:175} INFO - Processing /home/airflow/.local/lib/python3.7/site-packages/airflow/example_dags/example_sla_dag.py took 0.083 seconds
[2023-03-29T03:42:16.161+0000] {processor.py:153} INFO - Started process (PID=1562) to work on /home/airflow/.local/lib/python3.7/site-packages/airflow/example_dags/example_sla_dag.py
[2023-03-29T03:42:16.162+0000] {processor.py:743} INFO - Processing file /home/airflow/.local/lib/python3.7/site-packages/airflow/example_dags/example_sla_dag.py for tasks to queue
[2023-03-29T03:42:16.164+0000] {logging_mixin.py:137} INFO - [2023-03-29T03:42:16.164+0000] {dagbag.py:532} INFO - Filling up the DagBag from /home/airflow/.local/lib/python3.7/site-packages/airflow/example_dags/example_sla_dag.py
[2023-03-29T03:42:16.182+0000] {processor.py:753} INFO - DAG(s) dict_keys(['example_sla_dag']) retrieved from /home/airflow/.local/lib/python3.7/site-packages/airflow/example_dags/example_sla_dag.py
[2023-03-29T03:42:16.199+0000] {logging_mixin.py:137} INFO - [2023-03-29T03:42:16.199+0000] {dag.py:2693} INFO - Sync 1 DAGs
[2023-03-29T03:42:16.217+0000] {logging_mixin.py:137} INFO - [2023-03-29T03:42:16.217+0000] {dag.py:3444} INFO - Setting next_dagrun for example_sla_dag to 2023-03-29T03:40:00+00:00, run_after=2023-03-29T03:42:00+00:00
[2023-03-29T03:42:16.233+0000] {processor.py:175} INFO - Processing /home/airflow/.local/lib/python3.7/site-packages/airflow/example_dags/example_sla_dag.py took 0.074 seconds
[2023-03-29T03:42:46.807+0000] {processor.py:153} INFO - Started process (PID=1611) to work on /home/airflow/.local/lib/python3.7/site-packages/airflow/example_dags/example_sla_dag.py
[2023-03-29T03:42:46.811+0000] {processor.py:743} INFO - Processing file /home/airflow/.local/lib/python3.7/site-packages/airflow/example_dags/example_sla_dag.py for tasks to queue
[2023-03-29T03:42:46.813+0000] {logging_mixin.py:137} INFO - [2023-03-29T03:42:46.812+0000] {dagbag.py:532} INFO - Filling up the DagBag from /home/airflow/.local/lib/python3.7/site-packages/airflow/example_dags/example_sla_dag.py
[2023-03-29T03:42:46.830+0000] {processor.py:753} INFO - DAG(s) dict_keys(['example_sla_dag']) retrieved from /home/airflow/.local/lib/python3.7/site-packages/airflow/example_dags/example_sla_dag.py
[2023-03-29T03:42:46.847+0000] {logging_mixin.py:137} INFO - [2023-03-29T03:42:46.847+0000] {dag.py:2693} INFO - Sync 1 DAGs
[2023-03-29T03:42:46.868+0000] {logging_mixin.py:137} INFO - [2023-03-29T03:42:46.868+0000] {dag.py:3444} INFO - Setting next_dagrun for example_sla_dag to 2023-03-29T03:40:00+00:00, run_after=2023-03-29T03:42:00+00:00
[2023-03-29T03:42:46.886+0000] {processor.py:175} INFO - Processing /home/airflow/.local/lib/python3.7/site-packages/airflow/example_dags/example_sla_dag.py took 0.081 seconds
[2023-03-29T03:43:17.313+0000] {processor.py:153} INFO - Started process (PID=1660) to work on /home/airflow/.local/lib/python3.7/site-packages/airflow/example_dags/example_sla_dag.py
[2023-03-29T03:43:17.315+0000] {processor.py:743} INFO - Processing file /home/airflow/.local/lib/python3.7/site-packages/airflow/example_dags/example_sla_dag.py for tasks to queue
[2023-03-29T03:43:17.316+0000] {logging_mixin.py:137} INFO - [2023-03-29T03:43:17.315+0000] {dagbag.py:532} INFO - Filling up the DagBag from /home/airflow/.local/lib/python3.7/site-packages/airflow/example_dags/example_sla_dag.py
[2023-03-29T03:43:17.331+0000] {processor.py:753} INFO - DAG(s) dict_keys(['example_sla_dag']) retrieved from /home/airflow/.local/lib/python3.7/site-packages/airflow/example_dags/example_sla_dag.py
[2023-03-29T03:43:17.349+0000] {logging_mixin.py:137} INFO - [2023-03-29T03:43:17.349+0000] {dag.py:2693} INFO - Sync 1 DAGs
[2023-03-29T03:43:17.368+0000] {logging_mixin.py:137} INFO - [2023-03-29T03:43:17.368+0000] {dag.py:3444} INFO - Setting next_dagrun for example_sla_dag to 2023-03-29T03:40:00+00:00, run_after=2023-03-29T03:42:00+00:00
[2023-03-29T03:43:17.380+0000] {processor.py:175} INFO - Processing /home/airflow/.local/lib/python3.7/site-packages/airflow/example_dags/example_sla_dag.py took 0.069 seconds
[2023-03-29T03:43:48.141+0000] {processor.py:153} INFO - Started process (PID=1709) to work on /home/airflow/.local/lib/python3.7/site-packages/airflow/example_dags/example_sla_dag.py
[2023-03-29T03:43:48.142+0000] {processor.py:743} INFO - Processing file /home/airflow/.local/lib/python3.7/site-packages/airflow/example_dags/example_sla_dag.py for tasks to queue
[2023-03-29T03:43:48.143+0000] {logging_mixin.py:137} INFO - [2023-03-29T03:43:48.143+0000] {dagbag.py:532} INFO - Filling up the DagBag from /home/airflow/.local/lib/python3.7/site-packages/airflow/example_dags/example_sla_dag.py
[2023-03-29T03:43:48.161+0000] {processor.py:753} INFO - DAG(s) dict_keys(['example_sla_dag']) retrieved from /home/airflow/.local/lib/python3.7/site-packages/airflow/example_dags/example_sla_dag.py
[2023-03-29T03:43:48.182+0000] {logging_mixin.py:137} INFO - [2023-03-29T03:43:48.182+0000] {dag.py:2693} INFO - Sync 1 DAGs
[2023-03-29T03:43:48.205+0000] {logging_mixin.py:137} INFO - [2023-03-29T03:43:48.205+0000] {dag.py:3444} INFO - Setting next_dagrun for example_sla_dag to 2023-03-29T03:40:00+00:00, run_after=2023-03-29T03:42:00+00:00
[2023-03-29T03:43:48.222+0000] {processor.py:175} INFO - Processing /home/airflow/.local/lib/python3.7/site-packages/airflow/example_dags/example_sla_dag.py took 0.084 seconds
[2023-03-29T03:44:18.862+0000] {processor.py:153} INFO - Started process (PID=1758) to work on /home/airflow/.local/lib/python3.7/site-packages/airflow/example_dags/example_sla_dag.py
[2023-03-29T03:44:18.864+0000] {processor.py:743} INFO - Processing file /home/airflow/.local/lib/python3.7/site-packages/airflow/example_dags/example_sla_dag.py for tasks to queue
[2023-03-29T03:44:18.865+0000] {logging_mixin.py:137} INFO - [2023-03-29T03:44:18.865+0000] {dagbag.py:532} INFO - Filling up the DagBag from /home/airflow/.local/lib/python3.7/site-packages/airflow/example_dags/example_sla_dag.py
[2023-03-29T03:44:18.882+0000] {processor.py:753} INFO - DAG(s) dict_keys(['example_sla_dag']) retrieved from /home/airflow/.local/lib/python3.7/site-packages/airflow/example_dags/example_sla_dag.py
[2023-03-29T03:44:18.906+0000] {logging_mixin.py:137} INFO - [2023-03-29T03:44:18.905+0000] {dag.py:2693} INFO - Sync 1 DAGs
[2023-03-29T03:44:18.936+0000] {logging_mixin.py:137} INFO - [2023-03-29T03:44:18.936+0000] {dag.py:3444} INFO - Setting next_dagrun for example_sla_dag to 2023-03-29T03:42:00+00:00, run_after=2023-03-29T03:44:00+00:00
[2023-03-29T03:44:18.955+0000] {processor.py:175} INFO - Processing /home/airflow/.local/lib/python3.7/site-packages/airflow/example_dags/example_sla_dag.py took 0.096 seconds
[2023-03-29T03:44:49.253+0000] {processor.py:153} INFO - Started process (PID=1807) to work on /home/airflow/.local/lib/python3.7/site-packages/airflow/example_dags/example_sla_dag.py
[2023-03-29T03:44:49.255+0000] {processor.py:743} INFO - Processing file /home/airflow/.local/lib/python3.7/site-packages/airflow/example_dags/example_sla_dag.py for tasks to queue
[2023-03-29T03:44:49.256+0000] {logging_mixin.py:137} INFO - [2023-03-29T03:44:49.256+0000] {dagbag.py:532} INFO - Filling up the DagBag from /home/airflow/.local/lib/python3.7/site-packages/airflow/example_dags/example_sla_dag.py
[2023-03-29T03:44:49.275+0000] {processor.py:753} INFO - DAG(s) dict_keys(['example_sla_dag']) retrieved from /home/airflow/.local/lib/python3.7/site-packages/airflow/example_dags/example_sla_dag.py
[2023-03-29T03:44:49.295+0000] {logging_mixin.py:137} INFO - [2023-03-29T03:44:49.295+0000] {dag.py:2693} INFO - Sync 1 DAGs
[2023-03-29T03:44:49.319+0000] {logging_mixin.py:137} INFO - [2023-03-29T03:44:49.319+0000] {dag.py:3444} INFO - Setting next_dagrun for example_sla_dag to 2023-03-29T03:42:00+00:00, run_after=2023-03-29T03:44:00+00:00
[2023-03-29T03:44:49.337+0000] {processor.py:175} INFO - Processing /home/airflow/.local/lib/python3.7/site-packages/airflow/example_dags/example_sla_dag.py took 0.085 seconds
[2023-03-29T03:45:20.266+0000] {processor.py:153} INFO - Started process (PID=1856) to work on /home/airflow/.local/lib/python3.7/site-packages/airflow/example_dags/example_sla_dag.py
[2023-03-29T03:45:20.268+0000] {processor.py:743} INFO - Processing file /home/airflow/.local/lib/python3.7/site-packages/airflow/example_dags/example_sla_dag.py for tasks to queue
[2023-03-29T03:45:20.270+0000] {logging_mixin.py:137} INFO - [2023-03-29T03:45:20.270+0000] {dagbag.py:532} INFO - Filling up the DagBag from /home/airflow/.local/lib/python3.7/site-packages/airflow/example_dags/example_sla_dag.py
[2023-03-29T03:45:20.288+0000] {processor.py:753} INFO - DAG(s) dict_keys(['example_sla_dag']) retrieved from /home/airflow/.local/lib/python3.7/site-packages/airflow/example_dags/example_sla_dag.py
[2023-03-29T03:45:20.309+0000] {logging_mixin.py:137} INFO - [2023-03-29T03:45:20.308+0000] {dag.py:2693} INFO - Sync 1 DAGs
[2023-03-29T03:45:20.331+0000] {logging_mixin.py:137} INFO - [2023-03-29T03:45:20.331+0000] {dag.py:3444} INFO - Setting next_dagrun for example_sla_dag to 2023-03-29T03:42:00+00:00, run_after=2023-03-29T03:44:00+00:00
[2023-03-29T03:45:20.357+0000] {processor.py:175} INFO - Processing /home/airflow/.local/lib/python3.7/site-packages/airflow/example_dags/example_sla_dag.py took 0.095 seconds
[2023-03-29T03:45:50.771+0000] {processor.py:153} INFO - Started process (PID=1905) to work on /home/airflow/.local/lib/python3.7/site-packages/airflow/example_dags/example_sla_dag.py
[2023-03-29T03:45:50.772+0000] {processor.py:743} INFO - Processing file /home/airflow/.local/lib/python3.7/site-packages/airflow/example_dags/example_sla_dag.py for tasks to queue
[2023-03-29T03:45:50.774+0000] {logging_mixin.py:137} INFO - [2023-03-29T03:45:50.773+0000] {dagbag.py:532} INFO - Filling up the DagBag from /home/airflow/.local/lib/python3.7/site-packages/airflow/example_dags/example_sla_dag.py
[2023-03-29T03:45:50.788+0000] {processor.py:753} INFO - DAG(s) dict_keys(['example_sla_dag']) retrieved from /home/airflow/.local/lib/python3.7/site-packages/airflow/example_dags/example_sla_dag.py
[2023-03-29T03:45:50.805+0000] {logging_mixin.py:137} INFO - [2023-03-29T03:45:50.805+0000] {dag.py:2693} INFO - Sync 1 DAGs
[2023-03-29T03:45:50.821+0000] {logging_mixin.py:137} INFO - [2023-03-29T03:45:50.821+0000] {dag.py:3444} INFO - Setting next_dagrun for example_sla_dag to 2023-03-29T03:42:00+00:00, run_after=2023-03-29T03:44:00+00:00
[2023-03-29T03:45:50.833+0000] {processor.py:175} INFO - Processing /home/airflow/.local/lib/python3.7/site-packages/airflow/example_dags/example_sla_dag.py took 0.065 seconds
[2023-03-29T03:46:21.385+0000] {processor.py:153} INFO - Started process (PID=1955) to work on /home/airflow/.local/lib/python3.7/site-packages/airflow/example_dags/example_sla_dag.py
[2023-03-29T03:46:21.387+0000] {processor.py:743} INFO - Processing file /home/airflow/.local/lib/python3.7/site-packages/airflow/example_dags/example_sla_dag.py for tasks to queue
[2023-03-29T03:46:21.388+0000] {logging_mixin.py:137} INFO - [2023-03-29T03:46:21.388+0000] {dagbag.py:532} INFO - Filling up the DagBag from /home/airflow/.local/lib/python3.7/site-packages/airflow/example_dags/example_sla_dag.py
[2023-03-29T03:46:21.411+0000] {processor.py:753} INFO - DAG(s) dict_keys(['example_sla_dag']) retrieved from /home/airflow/.local/lib/python3.7/site-packages/airflow/example_dags/example_sla_dag.py
[2023-03-29T03:46:21.430+0000] {logging_mixin.py:137} INFO - [2023-03-29T03:46:21.429+0000] {dag.py:2693} INFO - Sync 1 DAGs
[2023-03-29T03:46:21.449+0000] {logging_mixin.py:137} INFO - [2023-03-29T03:46:21.449+0000] {dag.py:3444} INFO - Setting next_dagrun for example_sla_dag to 2023-03-29T03:44:00+00:00, run_after=2023-03-29T03:46:00+00:00
[2023-03-29T03:46:21.462+0000] {processor.py:175} INFO - Processing /home/airflow/.local/lib/python3.7/site-packages/airflow/example_dags/example_sla_dag.py took 0.079 seconds
[2023-03-29T03:46:52.111+0000] {processor.py:153} INFO - Started process (PID=2012) to work on /home/airflow/.local/lib/python3.7/site-packages/airflow/example_dags/example_sla_dag.py
[2023-03-29T03:46:52.112+0000] {processor.py:743} INFO - Processing file /home/airflow/.local/lib/python3.7/site-packages/airflow/example_dags/example_sla_dag.py for tasks to queue
[2023-03-29T03:46:52.113+0000] {logging_mixin.py:137} INFO - [2023-03-29T03:46:52.113+0000] {dagbag.py:532} INFO - Filling up the DagBag from /home/airflow/.local/lib/python3.7/site-packages/airflow/example_dags/example_sla_dag.py
[2023-03-29T03:46:52.128+0000] {processor.py:753} INFO - DAG(s) dict_keys(['example_sla_dag']) retrieved from /home/airflow/.local/lib/python3.7/site-packages/airflow/example_dags/example_sla_dag.py
[2023-03-29T03:46:52.147+0000] {logging_mixin.py:137} INFO - [2023-03-29T03:46:52.147+0000] {dag.py:2693} INFO - Sync 1 DAGs
[2023-03-29T03:46:52.168+0000] {logging_mixin.py:137} INFO - [2023-03-29T03:46:52.168+0000] {dag.py:3444} INFO - Setting next_dagrun for example_sla_dag to 2023-03-29T03:44:00+00:00, run_after=2023-03-29T03:46:00+00:00
[2023-03-29T03:46:52.186+0000] {processor.py:175} INFO - Processing /home/airflow/.local/lib/python3.7/site-packages/airflow/example_dags/example_sla_dag.py took 0.077 seconds
[2023-03-29T03:47:22.729+0000] {processor.py:153} INFO - Started process (PID=2062) to work on /home/airflow/.local/lib/python3.7/site-packages/airflow/example_dags/example_sla_dag.py
[2023-03-29T03:47:22.731+0000] {processor.py:743} INFO - Processing file /home/airflow/.local/lib/python3.7/site-packages/airflow/example_dags/example_sla_dag.py for tasks to queue
[2023-03-29T03:47:22.733+0000] {logging_mixin.py:137} INFO - [2023-03-29T03:47:22.732+0000] {dagbag.py:532} INFO - Filling up the DagBag from /home/airflow/.local/lib/python3.7/site-packages/airflow/example_dags/example_sla_dag.py
[2023-03-29T03:47:22.751+0000] {processor.py:753} INFO - DAG(s) dict_keys(['example_sla_dag']) retrieved from /home/airflow/.local/lib/python3.7/site-packages/airflow/example_dags/example_sla_dag.py
[2023-03-29T03:47:22.777+0000] {logging_mixin.py:137} INFO - [2023-03-29T03:47:22.777+0000] {dag.py:2693} INFO - Sync 1 DAGs
[2023-03-29T03:47:22.801+0000] {logging_mixin.py:137} INFO - [2023-03-29T03:47:22.801+0000] {dag.py:3444} INFO - Setting next_dagrun for example_sla_dag to 2023-03-29T03:44:00+00:00, run_after=2023-03-29T03:46:00+00:00
[2023-03-29T03:47:22.820+0000] {processor.py:175} INFO - Processing /home/airflow/.local/lib/python3.7/site-packages/airflow/example_dags/example_sla_dag.py took 0.093 seconds
