[2023-03-29T03:26:26.764+0000] {processor.py:153} INFO - Started process (PID=55) to work on /home/airflow/.local/lib/python3.7/site-packages/airflow/example_dags/example_task_group_decorator.py
[2023-03-29T03:26:26.778+0000] {processor.py:743} INFO - Processing file /home/airflow/.local/lib/python3.7/site-packages/airflow/example_dags/example_task_group_decorator.py for tasks to queue
[2023-03-29T03:26:26.779+0000] {logging_mixin.py:137} INFO - [2023-03-29T03:26:26.779+0000] {dagbag.py:532} INFO - Filling up the DagBag from /home/airflow/.local/lib/python3.7/site-packages/airflow/example_dags/example_task_group_decorator.py
[2023-03-29T03:26:26.854+0000] {processor.py:753} INFO - DAG(s) dict_keys(['example_task_group_decorator']) retrieved from /home/airflow/.local/lib/python3.7/site-packages/airflow/example_dags/example_task_group_decorator.py
[2023-03-29T03:26:26.872+0000] {logging_mixin.py:137} INFO - [2023-03-29T03:26:26.871+0000] {dag.py:2693} INFO - Sync 1 DAGs
[2023-03-29T03:26:26.918+0000] {logging_mixin.py:137} INFO - [2023-03-29T03:26:26.918+0000] {dag.py:3444} INFO - Setting next_dagrun for example_task_group_decorator to 2023-03-28T03:26:26.917859+00:00, run_after=2023-03-29T03:26:26.917859+00:00
[2023-03-29T03:26:27.006+0000] {processor.py:175} INFO - Processing /home/airflow/.local/lib/python3.7/site-packages/airflow/example_dags/example_task_group_decorator.py took 0.247 seconds
[2023-03-29T03:26:57.596+0000] {processor.py:153} INFO - Started process (PID=104) to work on /home/airflow/.local/lib/python3.7/site-packages/airflow/example_dags/example_task_group_decorator.py
[2023-03-29T03:26:57.597+0000] {processor.py:743} INFO - Processing file /home/airflow/.local/lib/python3.7/site-packages/airflow/example_dags/example_task_group_decorator.py for tasks to queue
[2023-03-29T03:26:57.598+0000] {logging_mixin.py:137} INFO - [2023-03-29T03:26:57.598+0000] {dagbag.py:532} INFO - Filling up the DagBag from /home/airflow/.local/lib/python3.7/site-packages/airflow/example_dags/example_task_group_decorator.py
[2023-03-29T03:26:57.622+0000] {processor.py:753} INFO - DAG(s) dict_keys(['example_task_group_decorator']) retrieved from /home/airflow/.local/lib/python3.7/site-packages/airflow/example_dags/example_task_group_decorator.py
[2023-03-29T03:26:57.645+0000] {logging_mixin.py:137} INFO - [2023-03-29T03:26:57.645+0000] {dag.py:2693} INFO - Sync 1 DAGs
[2023-03-29T03:26:57.661+0000] {logging_mixin.py:137} INFO - [2023-03-29T03:26:57.661+0000] {dag.py:3444} INFO - Setting next_dagrun for example_task_group_decorator to 2023-03-28T03:26:57.661642+00:00, run_after=2023-03-29T03:26:57.661642+00:00
[2023-03-29T03:26:57.674+0000] {processor.py:175} INFO - Processing /home/airflow/.local/lib/python3.7/site-packages/airflow/example_dags/example_task_group_decorator.py took 0.081 seconds
[2023-03-29T03:27:28.170+0000] {processor.py:153} INFO - Started process (PID=153) to work on /home/airflow/.local/lib/python3.7/site-packages/airflow/example_dags/example_task_group_decorator.py
[2023-03-29T03:27:28.181+0000] {processor.py:743} INFO - Processing file /home/airflow/.local/lib/python3.7/site-packages/airflow/example_dags/example_task_group_decorator.py for tasks to queue
[2023-03-29T03:27:28.197+0000] {logging_mixin.py:137} INFO - [2023-03-29T03:27:28.197+0000] {dagbag.py:532} INFO - Filling up the DagBag from /home/airflow/.local/lib/python3.7/site-packages/airflow/example_dags/example_task_group_decorator.py
[2023-03-29T03:27:28.235+0000] {processor.py:753} INFO - DAG(s) dict_keys(['example_task_group_decorator']) retrieved from /home/airflow/.local/lib/python3.7/site-packages/airflow/example_dags/example_task_group_decorator.py
[2023-03-29T03:27:28.259+0000] {logging_mixin.py:137} INFO - [2023-03-29T03:27:28.259+0000] {dag.py:2693} INFO - Sync 1 DAGs
[2023-03-29T03:27:28.279+0000] {logging_mixin.py:137} INFO - [2023-03-29T03:27:28.278+0000] {dag.py:3444} INFO - Setting next_dagrun for example_task_group_decorator to 2023-03-28T03:27:28.278624+00:00, run_after=2023-03-29T03:27:28.278624+00:00
[2023-03-29T03:27:28.294+0000] {processor.py:175} INFO - Processing /home/airflow/.local/lib/python3.7/site-packages/airflow/example_dags/example_task_group_decorator.py took 0.127 seconds
[2023-03-29T03:27:58.846+0000] {processor.py:153} INFO - Started process (PID=202) to work on /home/airflow/.local/lib/python3.7/site-packages/airflow/example_dags/example_task_group_decorator.py
[2023-03-29T03:27:58.848+0000] {processor.py:743} INFO - Processing file /home/airflow/.local/lib/python3.7/site-packages/airflow/example_dags/example_task_group_decorator.py for tasks to queue
[2023-03-29T03:27:58.849+0000] {logging_mixin.py:137} INFO - [2023-03-29T03:27:58.849+0000] {dagbag.py:532} INFO - Filling up the DagBag from /home/airflow/.local/lib/python3.7/site-packages/airflow/example_dags/example_task_group_decorator.py
[2023-03-29T03:27:58.870+0000] {processor.py:753} INFO - DAG(s) dict_keys(['example_task_group_decorator']) retrieved from /home/airflow/.local/lib/python3.7/site-packages/airflow/example_dags/example_task_group_decorator.py
[2023-03-29T03:27:58.893+0000] {logging_mixin.py:137} INFO - [2023-03-29T03:27:58.893+0000] {dag.py:2693} INFO - Sync 1 DAGs
[2023-03-29T03:27:58.912+0000] {logging_mixin.py:137} INFO - [2023-03-29T03:27:58.912+0000] {dag.py:3444} INFO - Setting next_dagrun for example_task_group_decorator to 2023-03-28T03:27:58.912279+00:00, run_after=2023-03-29T03:27:58.912279+00:00
[2023-03-29T03:27:58.925+0000] {processor.py:175} INFO - Processing /home/airflow/.local/lib/python3.7/site-packages/airflow/example_dags/example_task_group_decorator.py took 0.081 seconds
[2023-03-29T03:28:29.312+0000] {processor.py:153} INFO - Started process (PID=251) to work on /home/airflow/.local/lib/python3.7/site-packages/airflow/example_dags/example_task_group_decorator.py
[2023-03-29T03:28:29.314+0000] {processor.py:743} INFO - Processing file /home/airflow/.local/lib/python3.7/site-packages/airflow/example_dags/example_task_group_decorator.py for tasks to queue
[2023-03-29T03:28:29.315+0000] {logging_mixin.py:137} INFO - [2023-03-29T03:28:29.315+0000] {dagbag.py:532} INFO - Filling up the DagBag from /home/airflow/.local/lib/python3.7/site-packages/airflow/example_dags/example_task_group_decorator.py
[2023-03-29T03:28:29.333+0000] {processor.py:753} INFO - DAG(s) dict_keys(['example_task_group_decorator']) retrieved from /home/airflow/.local/lib/python3.7/site-packages/airflow/example_dags/example_task_group_decorator.py
[2023-03-29T03:28:29.353+0000] {logging_mixin.py:137} INFO - [2023-03-29T03:28:29.353+0000] {dag.py:2693} INFO - Sync 1 DAGs
[2023-03-29T03:28:29.370+0000] {logging_mixin.py:137} INFO - [2023-03-29T03:28:29.370+0000] {dag.py:3444} INFO - Setting next_dagrun for example_task_group_decorator to 2023-03-28T03:28:29.369897+00:00, run_after=2023-03-29T03:28:29.369897+00:00
[2023-03-29T03:28:29.383+0000] {processor.py:175} INFO - Processing /home/airflow/.local/lib/python3.7/site-packages/airflow/example_dags/example_task_group_decorator.py took 0.073 seconds
[2023-03-29T03:28:59.872+0000] {processor.py:153} INFO - Started process (PID=300) to work on /home/airflow/.local/lib/python3.7/site-packages/airflow/example_dags/example_task_group_decorator.py
[2023-03-29T03:28:59.873+0000] {processor.py:743} INFO - Processing file /home/airflow/.local/lib/python3.7/site-packages/airflow/example_dags/example_task_group_decorator.py for tasks to queue
[2023-03-29T03:28:59.874+0000] {logging_mixin.py:137} INFO - [2023-03-29T03:28:59.874+0000] {dagbag.py:532} INFO - Filling up the DagBag from /home/airflow/.local/lib/python3.7/site-packages/airflow/example_dags/example_task_group_decorator.py
[2023-03-29T03:28:59.899+0000] {processor.py:753} INFO - DAG(s) dict_keys(['example_task_group_decorator']) retrieved from /home/airflow/.local/lib/python3.7/site-packages/airflow/example_dags/example_task_group_decorator.py
[2023-03-29T03:28:59.930+0000] {logging_mixin.py:137} INFO - [2023-03-29T03:28:59.930+0000] {dag.py:2693} INFO - Sync 1 DAGs
[2023-03-29T03:28:59.960+0000] {logging_mixin.py:137} INFO - [2023-03-29T03:28:59.959+0000] {dag.py:3444} INFO - Setting next_dagrun for example_task_group_decorator to 2023-03-28T03:28:59.959360+00:00, run_after=2023-03-29T03:28:59.959360+00:00
[2023-03-29T03:28:59.986+0000] {processor.py:175} INFO - Processing /home/airflow/.local/lib/python3.7/site-packages/airflow/example_dags/example_task_group_decorator.py took 0.116 seconds
[2023-03-29T03:29:30.546+0000] {processor.py:153} INFO - Started process (PID=349) to work on /home/airflow/.local/lib/python3.7/site-packages/airflow/example_dags/example_task_group_decorator.py
[2023-03-29T03:29:30.548+0000] {processor.py:743} INFO - Processing file /home/airflow/.local/lib/python3.7/site-packages/airflow/example_dags/example_task_group_decorator.py for tasks to queue
[2023-03-29T03:29:30.549+0000] {logging_mixin.py:137} INFO - [2023-03-29T03:29:30.549+0000] {dagbag.py:532} INFO - Filling up the DagBag from /home/airflow/.local/lib/python3.7/site-packages/airflow/example_dags/example_task_group_decorator.py
[2023-03-29T03:29:30.574+0000] {processor.py:753} INFO - DAG(s) dict_keys(['example_task_group_decorator']) retrieved from /home/airflow/.local/lib/python3.7/site-packages/airflow/example_dags/example_task_group_decorator.py
[2023-03-29T03:29:30.597+0000] {logging_mixin.py:137} INFO - [2023-03-29T03:29:30.597+0000] {dag.py:2693} INFO - Sync 1 DAGs
[2023-03-29T03:29:30.616+0000] {logging_mixin.py:137} INFO - [2023-03-29T03:29:30.615+0000] {dag.py:3444} INFO - Setting next_dagrun for example_task_group_decorator to 2023-03-28T03:29:30.615801+00:00, run_after=2023-03-29T03:29:30.615801+00:00
[2023-03-29T03:29:30.630+0000] {processor.py:175} INFO - Processing /home/airflow/.local/lib/python3.7/site-packages/airflow/example_dags/example_task_group_decorator.py took 0.087 seconds
[2023-03-29T03:30:01.637+0000] {processor.py:153} INFO - Started process (PID=398) to work on /home/airflow/.local/lib/python3.7/site-packages/airflow/example_dags/example_task_group_decorator.py
[2023-03-29T03:30:01.639+0000] {processor.py:743} INFO - Processing file /home/airflow/.local/lib/python3.7/site-packages/airflow/example_dags/example_task_group_decorator.py for tasks to queue
[2023-03-29T03:30:01.657+0000] {logging_mixin.py:137} INFO - [2023-03-29T03:30:01.657+0000] {dagbag.py:532} INFO - Filling up the DagBag from /home/airflow/.local/lib/python3.7/site-packages/airflow/example_dags/example_task_group_decorator.py
[2023-03-29T03:30:01.677+0000] {processor.py:753} INFO - DAG(s) dict_keys(['example_task_group_decorator']) retrieved from /home/airflow/.local/lib/python3.7/site-packages/airflow/example_dags/example_task_group_decorator.py
[2023-03-29T03:30:01.700+0000] {logging_mixin.py:137} INFO - [2023-03-29T03:30:01.700+0000] {dag.py:2693} INFO - Sync 1 DAGs
[2023-03-29T03:30:01.721+0000] {logging_mixin.py:137} INFO - [2023-03-29T03:30:01.721+0000] {dag.py:3444} INFO - Setting next_dagrun for example_task_group_decorator to 2023-03-28T03:30:01.721221+00:00, run_after=2023-03-29T03:30:01.721221+00:00
[2023-03-29T03:30:01.734+0000] {processor.py:175} INFO - Processing /home/airflow/.local/lib/python3.7/site-packages/airflow/example_dags/example_task_group_decorator.py took 0.099 seconds
[2023-03-29T03:30:32.620+0000] {processor.py:153} INFO - Started process (PID=447) to work on /home/airflow/.local/lib/python3.7/site-packages/airflow/example_dags/example_task_group_decorator.py
[2023-03-29T03:30:32.621+0000] {processor.py:743} INFO - Processing file /home/airflow/.local/lib/python3.7/site-packages/airflow/example_dags/example_task_group_decorator.py for tasks to queue
[2023-03-29T03:30:32.628+0000] {logging_mixin.py:137} INFO - [2023-03-29T03:30:32.628+0000] {dagbag.py:532} INFO - Filling up the DagBag from /home/airflow/.local/lib/python3.7/site-packages/airflow/example_dags/example_task_group_decorator.py
[2023-03-29T03:30:32.657+0000] {processor.py:753} INFO - DAG(s) dict_keys(['example_task_group_decorator']) retrieved from /home/airflow/.local/lib/python3.7/site-packages/airflow/example_dags/example_task_group_decorator.py
[2023-03-29T03:30:32.684+0000] {logging_mixin.py:137} INFO - [2023-03-29T03:30:32.684+0000] {dag.py:2693} INFO - Sync 1 DAGs
[2023-03-29T03:30:32.714+0000] {logging_mixin.py:137} INFO - [2023-03-29T03:30:32.714+0000] {dag.py:3444} INFO - Setting next_dagrun for example_task_group_decorator to 2023-03-28T03:30:32.713956+00:00, run_after=2023-03-29T03:30:32.713956+00:00
[2023-03-29T03:30:32.732+0000] {processor.py:175} INFO - Processing /home/airflow/.local/lib/python3.7/site-packages/airflow/example_dags/example_task_group_decorator.py took 0.114 seconds
[2023-03-29T03:31:03.213+0000] {processor.py:153} INFO - Started process (PID=496) to work on /home/airflow/.local/lib/python3.7/site-packages/airflow/example_dags/example_task_group_decorator.py
[2023-03-29T03:31:03.215+0000] {processor.py:743} INFO - Processing file /home/airflow/.local/lib/python3.7/site-packages/airflow/example_dags/example_task_group_decorator.py for tasks to queue
[2023-03-29T03:31:03.216+0000] {logging_mixin.py:137} INFO - [2023-03-29T03:31:03.216+0000] {dagbag.py:532} INFO - Filling up the DagBag from /home/airflow/.local/lib/python3.7/site-packages/airflow/example_dags/example_task_group_decorator.py
[2023-03-29T03:31:03.237+0000] {processor.py:753} INFO - DAG(s) dict_keys(['example_task_group_decorator']) retrieved from /home/airflow/.local/lib/python3.7/site-packages/airflow/example_dags/example_task_group_decorator.py
[2023-03-29T03:31:03.260+0000] {logging_mixin.py:137} INFO - [2023-03-29T03:31:03.260+0000] {dag.py:2693} INFO - Sync 1 DAGs
[2023-03-29T03:31:03.282+0000] {logging_mixin.py:137} INFO - [2023-03-29T03:31:03.282+0000] {dag.py:3444} INFO - Setting next_dagrun for example_task_group_decorator to 2023-03-28T03:31:03.282423+00:00, run_after=2023-03-29T03:31:03.282423+00:00
[2023-03-29T03:31:03.299+0000] {processor.py:175} INFO - Processing /home/airflow/.local/lib/python3.7/site-packages/airflow/example_dags/example_task_group_decorator.py took 0.089 seconds
[2023-03-29T03:31:33.734+0000] {processor.py:153} INFO - Started process (PID=545) to work on /home/airflow/.local/lib/python3.7/site-packages/airflow/example_dags/example_task_group_decorator.py
[2023-03-29T03:31:33.735+0000] {processor.py:743} INFO - Processing file /home/airflow/.local/lib/python3.7/site-packages/airflow/example_dags/example_task_group_decorator.py for tasks to queue
[2023-03-29T03:31:33.736+0000] {logging_mixin.py:137} INFO - [2023-03-29T03:31:33.736+0000] {dagbag.py:532} INFO - Filling up the DagBag from /home/airflow/.local/lib/python3.7/site-packages/airflow/example_dags/example_task_group_decorator.py
[2023-03-29T03:31:33.756+0000] {processor.py:753} INFO - DAG(s) dict_keys(['example_task_group_decorator']) retrieved from /home/airflow/.local/lib/python3.7/site-packages/airflow/example_dags/example_task_group_decorator.py
[2023-03-29T03:31:33.780+0000] {logging_mixin.py:137} INFO - [2023-03-29T03:31:33.780+0000] {dag.py:2693} INFO - Sync 1 DAGs
[2023-03-29T03:31:33.798+0000] {logging_mixin.py:137} INFO - [2023-03-29T03:31:33.798+0000] {dag.py:3444} INFO - Setting next_dagrun for example_task_group_decorator to 2023-03-28T03:31:33.798166+00:00, run_after=2023-03-29T03:31:33.798166+00:00
[2023-03-29T03:31:33.810+0000] {processor.py:175} INFO - Processing /home/airflow/.local/lib/python3.7/site-packages/airflow/example_dags/example_task_group_decorator.py took 0.079 seconds
[2023-03-29T03:32:04.346+0000] {processor.py:153} INFO - Started process (PID=594) to work on /home/airflow/.local/lib/python3.7/site-packages/airflow/example_dags/example_task_group_decorator.py
[2023-03-29T03:32:04.348+0000] {processor.py:743} INFO - Processing file /home/airflow/.local/lib/python3.7/site-packages/airflow/example_dags/example_task_group_decorator.py for tasks to queue
[2023-03-29T03:32:04.349+0000] {logging_mixin.py:137} INFO - [2023-03-29T03:32:04.349+0000] {dagbag.py:532} INFO - Filling up the DagBag from /home/airflow/.local/lib/python3.7/site-packages/airflow/example_dags/example_task_group_decorator.py
[2023-03-29T03:32:04.368+0000] {processor.py:753} INFO - DAG(s) dict_keys(['example_task_group_decorator']) retrieved from /home/airflow/.local/lib/python3.7/site-packages/airflow/example_dags/example_task_group_decorator.py
[2023-03-29T03:32:04.389+0000] {logging_mixin.py:137} INFO - [2023-03-29T03:32:04.389+0000] {dag.py:2693} INFO - Sync 1 DAGs
[2023-03-29T03:32:04.407+0000] {logging_mixin.py:137} INFO - [2023-03-29T03:32:04.406+0000] {dag.py:3444} INFO - Setting next_dagrun for example_task_group_decorator to 2023-03-28T03:32:04.406802+00:00, run_after=2023-03-29T03:32:04.406802+00:00
[2023-03-29T03:32:04.420+0000] {processor.py:175} INFO - Processing /home/airflow/.local/lib/python3.7/site-packages/airflow/example_dags/example_task_group_decorator.py took 0.076 seconds
[2023-03-29T03:32:35.358+0000] {processor.py:153} INFO - Started process (PID=644) to work on /home/airflow/.local/lib/python3.7/site-packages/airflow/example_dags/example_task_group_decorator.py
[2023-03-29T03:32:35.378+0000] {processor.py:743} INFO - Processing file /home/airflow/.local/lib/python3.7/site-packages/airflow/example_dags/example_task_group_decorator.py for tasks to queue
[2023-03-29T03:32:35.379+0000] {logging_mixin.py:137} INFO - [2023-03-29T03:32:35.379+0000] {dagbag.py:532} INFO - Filling up the DagBag from /home/airflow/.local/lib/python3.7/site-packages/airflow/example_dags/example_task_group_decorator.py
[2023-03-29T03:32:35.398+0000] {processor.py:753} INFO - DAG(s) dict_keys(['example_task_group_decorator']) retrieved from /home/airflow/.local/lib/python3.7/site-packages/airflow/example_dags/example_task_group_decorator.py
[2023-03-29T03:32:35.419+0000] {logging_mixin.py:137} INFO - [2023-03-29T03:32:35.419+0000] {dag.py:2693} INFO - Sync 1 DAGs
[2023-03-29T03:32:35.438+0000] {logging_mixin.py:137} INFO - [2023-03-29T03:32:35.438+0000] {dag.py:3444} INFO - Setting next_dagrun for example_task_group_decorator to 2023-03-28T03:32:35.437997+00:00, run_after=2023-03-29T03:32:35.437997+00:00
[2023-03-29T03:32:35.451+0000] {processor.py:175} INFO - Processing /home/airflow/.local/lib/python3.7/site-packages/airflow/example_dags/example_task_group_decorator.py took 0.095 seconds
[2023-03-29T03:33:06.026+0000] {processor.py:153} INFO - Started process (PID=693) to work on /home/airflow/.local/lib/python3.7/site-packages/airflow/example_dags/example_task_group_decorator.py
[2023-03-29T03:33:06.029+0000] {processor.py:743} INFO - Processing file /home/airflow/.local/lib/python3.7/site-packages/airflow/example_dags/example_task_group_decorator.py for tasks to queue
[2023-03-29T03:33:06.030+0000] {logging_mixin.py:137} INFO - [2023-03-29T03:33:06.030+0000] {dagbag.py:532} INFO - Filling up the DagBag from /home/airflow/.local/lib/python3.7/site-packages/airflow/example_dags/example_task_group_decorator.py
[2023-03-29T03:33:06.049+0000] {processor.py:753} INFO - DAG(s) dict_keys(['example_task_group_decorator']) retrieved from /home/airflow/.local/lib/python3.7/site-packages/airflow/example_dags/example_task_group_decorator.py
[2023-03-29T03:33:06.069+0000] {logging_mixin.py:137} INFO - [2023-03-29T03:33:06.069+0000] {dag.py:2693} INFO - Sync 1 DAGs
[2023-03-29T03:33:06.085+0000] {logging_mixin.py:137} INFO - [2023-03-29T03:33:06.085+0000] {dag.py:3444} INFO - Setting next_dagrun for example_task_group_decorator to 2023-03-28T03:33:06.085486+00:00, run_after=2023-03-29T03:33:06.085486+00:00
[2023-03-29T03:33:06.097+0000] {processor.py:175} INFO - Processing /home/airflow/.local/lib/python3.7/site-packages/airflow/example_dags/example_task_group_decorator.py took 0.074 seconds
[2023-03-29T03:33:36.894+0000] {processor.py:153} INFO - Started process (PID=742) to work on /home/airflow/.local/lib/python3.7/site-packages/airflow/example_dags/example_task_group_decorator.py
[2023-03-29T03:33:36.895+0000] {processor.py:743} INFO - Processing file /home/airflow/.local/lib/python3.7/site-packages/airflow/example_dags/example_task_group_decorator.py for tasks to queue
[2023-03-29T03:33:36.896+0000] {logging_mixin.py:137} INFO - [2023-03-29T03:33:36.896+0000] {dagbag.py:532} INFO - Filling up the DagBag from /home/airflow/.local/lib/python3.7/site-packages/airflow/example_dags/example_task_group_decorator.py
[2023-03-29T03:33:36.918+0000] {processor.py:753} INFO - DAG(s) dict_keys(['example_task_group_decorator']) retrieved from /home/airflow/.local/lib/python3.7/site-packages/airflow/example_dags/example_task_group_decorator.py
[2023-03-29T03:33:36.939+0000] {logging_mixin.py:137} INFO - [2023-03-29T03:33:36.939+0000] {dag.py:2693} INFO - Sync 1 DAGs
[2023-03-29T03:33:36.958+0000] {logging_mixin.py:137} INFO - [2023-03-29T03:33:36.958+0000] {dag.py:3444} INFO - Setting next_dagrun for example_task_group_decorator to 2023-03-28T03:33:36.958061+00:00, run_after=2023-03-29T03:33:36.958061+00:00
[2023-03-29T03:33:36.971+0000] {processor.py:175} INFO - Processing /home/airflow/.local/lib/python3.7/site-packages/airflow/example_dags/example_task_group_decorator.py took 0.080 seconds
[2023-03-29T03:34:07.607+0000] {processor.py:153} INFO - Started process (PID=791) to work on /home/airflow/.local/lib/python3.7/site-packages/airflow/example_dags/example_task_group_decorator.py
[2023-03-29T03:34:07.609+0000] {processor.py:743} INFO - Processing file /home/airflow/.local/lib/python3.7/site-packages/airflow/example_dags/example_task_group_decorator.py for tasks to queue
[2023-03-29T03:34:07.610+0000] {logging_mixin.py:137} INFO - [2023-03-29T03:34:07.610+0000] {dagbag.py:532} INFO - Filling up the DagBag from /home/airflow/.local/lib/python3.7/site-packages/airflow/example_dags/example_task_group_decorator.py
[2023-03-29T03:34:07.633+0000] {processor.py:753} INFO - DAG(s) dict_keys(['example_task_group_decorator']) retrieved from /home/airflow/.local/lib/python3.7/site-packages/airflow/example_dags/example_task_group_decorator.py
[2023-03-29T03:34:07.659+0000] {logging_mixin.py:137} INFO - [2023-03-29T03:34:07.659+0000] {dag.py:2693} INFO - Sync 1 DAGs
[2023-03-29T03:34:07.684+0000] {logging_mixin.py:137} INFO - [2023-03-29T03:34:07.684+0000] {dag.py:3444} INFO - Setting next_dagrun for example_task_group_decorator to 2023-03-28T03:34:07.684157+00:00, run_after=2023-03-29T03:34:07.684157+00:00
[2023-03-29T03:34:07.701+0000] {processor.py:175} INFO - Processing /home/airflow/.local/lib/python3.7/site-packages/airflow/example_dags/example_task_group_decorator.py took 0.096 seconds
[2023-03-29T03:34:38.232+0000] {processor.py:153} INFO - Started process (PID=841) to work on /home/airflow/.local/lib/python3.7/site-packages/airflow/example_dags/example_task_group_decorator.py
[2023-03-29T03:34:38.234+0000] {processor.py:743} INFO - Processing file /home/airflow/.local/lib/python3.7/site-packages/airflow/example_dags/example_task_group_decorator.py for tasks to queue
[2023-03-29T03:34:38.234+0000] {logging_mixin.py:137} INFO - [2023-03-29T03:34:38.234+0000] {dagbag.py:532} INFO - Filling up the DagBag from /home/airflow/.local/lib/python3.7/site-packages/airflow/example_dags/example_task_group_decorator.py
[2023-03-29T03:34:38.255+0000] {processor.py:753} INFO - DAG(s) dict_keys(['example_task_group_decorator']) retrieved from /home/airflow/.local/lib/python3.7/site-packages/airflow/example_dags/example_task_group_decorator.py
[2023-03-29T03:34:38.273+0000] {logging_mixin.py:137} INFO - [2023-03-29T03:34:38.273+0000] {dag.py:2693} INFO - Sync 1 DAGs
[2023-03-29T03:34:38.289+0000] {logging_mixin.py:137} INFO - [2023-03-29T03:34:38.289+0000] {dag.py:3444} INFO - Setting next_dagrun for example_task_group_decorator to 2023-03-28T03:34:38.289628+00:00, run_after=2023-03-29T03:34:38.289628+00:00
[2023-03-29T03:34:38.301+0000] {processor.py:175} INFO - Processing /home/airflow/.local/lib/python3.7/site-packages/airflow/example_dags/example_task_group_decorator.py took 0.071 seconds
[2023-03-29T03:35:08.806+0000] {processor.py:153} INFO - Started process (PID=890) to work on /home/airflow/.local/lib/python3.7/site-packages/airflow/example_dags/example_task_group_decorator.py
[2023-03-29T03:35:08.807+0000] {processor.py:743} INFO - Processing file /home/airflow/.local/lib/python3.7/site-packages/airflow/example_dags/example_task_group_decorator.py for tasks to queue
[2023-03-29T03:35:08.808+0000] {logging_mixin.py:137} INFO - [2023-03-29T03:35:08.808+0000] {dagbag.py:532} INFO - Filling up the DagBag from /home/airflow/.local/lib/python3.7/site-packages/airflow/example_dags/example_task_group_decorator.py
[2023-03-29T03:35:08.828+0000] {processor.py:753} INFO - DAG(s) dict_keys(['example_task_group_decorator']) retrieved from /home/airflow/.local/lib/python3.7/site-packages/airflow/example_dags/example_task_group_decorator.py
[2023-03-29T03:35:08.848+0000] {logging_mixin.py:137} INFO - [2023-03-29T03:35:08.848+0000] {dag.py:2693} INFO - Sync 1 DAGs
[2023-03-29T03:35:08.864+0000] {logging_mixin.py:137} INFO - [2023-03-29T03:35:08.864+0000] {dag.py:3444} INFO - Setting next_dagrun for example_task_group_decorator to 2023-03-28T03:35:08.864332+00:00, run_after=2023-03-29T03:35:08.864332+00:00
[2023-03-29T03:35:08.876+0000] {processor.py:175} INFO - Processing /home/airflow/.local/lib/python3.7/site-packages/airflow/example_dags/example_task_group_decorator.py took 0.072 seconds
[2023-03-29T03:35:39.495+0000] {processor.py:153} INFO - Started process (PID=939) to work on /home/airflow/.local/lib/python3.7/site-packages/airflow/example_dags/example_task_group_decorator.py
[2023-03-29T03:35:39.496+0000] {processor.py:743} INFO - Processing file /home/airflow/.local/lib/python3.7/site-packages/airflow/example_dags/example_task_group_decorator.py for tasks to queue
[2023-03-29T03:35:39.497+0000] {logging_mixin.py:137} INFO - [2023-03-29T03:35:39.497+0000] {dagbag.py:532} INFO - Filling up the DagBag from /home/airflow/.local/lib/python3.7/site-packages/airflow/example_dags/example_task_group_decorator.py
[2023-03-29T03:35:39.516+0000] {processor.py:753} INFO - DAG(s) dict_keys(['example_task_group_decorator']) retrieved from /home/airflow/.local/lib/python3.7/site-packages/airflow/example_dags/example_task_group_decorator.py
[2023-03-29T03:35:39.536+0000] {logging_mixin.py:137} INFO - [2023-03-29T03:35:39.536+0000] {dag.py:2693} INFO - Sync 1 DAGs
[2023-03-29T03:35:39.553+0000] {logging_mixin.py:137} INFO - [2023-03-29T03:35:39.553+0000] {dag.py:3444} INFO - Setting next_dagrun for example_task_group_decorator to 2023-03-28T03:35:39.553402+00:00, run_after=2023-03-29T03:35:39.553402+00:00
[2023-03-29T03:35:39.566+0000] {processor.py:175} INFO - Processing /home/airflow/.local/lib/python3.7/site-packages/airflow/example_dags/example_task_group_decorator.py took 0.074 seconds
[2023-03-29T03:36:10.269+0000] {processor.py:153} INFO - Started process (PID=988) to work on /home/airflow/.local/lib/python3.7/site-packages/airflow/example_dags/example_task_group_decorator.py
[2023-03-29T03:36:10.271+0000] {processor.py:743} INFO - Processing file /home/airflow/.local/lib/python3.7/site-packages/airflow/example_dags/example_task_group_decorator.py for tasks to queue
[2023-03-29T03:36:10.272+0000] {logging_mixin.py:137} INFO - [2023-03-29T03:36:10.272+0000] {dagbag.py:532} INFO - Filling up the DagBag from /home/airflow/.local/lib/python3.7/site-packages/airflow/example_dags/example_task_group_decorator.py
[2023-03-29T03:36:10.292+0000] {processor.py:753} INFO - DAG(s) dict_keys(['example_task_group_decorator']) retrieved from /home/airflow/.local/lib/python3.7/site-packages/airflow/example_dags/example_task_group_decorator.py
[2023-03-29T03:36:10.312+0000] {logging_mixin.py:137} INFO - [2023-03-29T03:36:10.311+0000] {dag.py:2693} INFO - Sync 1 DAGs
[2023-03-29T03:36:10.328+0000] {logging_mixin.py:137} INFO - [2023-03-29T03:36:10.328+0000] {dag.py:3444} INFO - Setting next_dagrun for example_task_group_decorator to 2023-03-28T03:36:10.328182+00:00, run_after=2023-03-29T03:36:10.328182+00:00
[2023-03-29T03:36:10.340+0000] {processor.py:175} INFO - Processing /home/airflow/.local/lib/python3.7/site-packages/airflow/example_dags/example_task_group_decorator.py took 0.073 seconds
[2023-03-29T03:36:41.009+0000] {processor.py:153} INFO - Started process (PID=1038) to work on /home/airflow/.local/lib/python3.7/site-packages/airflow/example_dags/example_task_group_decorator.py
[2023-03-29T03:36:41.011+0000] {processor.py:743} INFO - Processing file /home/airflow/.local/lib/python3.7/site-packages/airflow/example_dags/example_task_group_decorator.py for tasks to queue
[2023-03-29T03:36:41.012+0000] {logging_mixin.py:137} INFO - [2023-03-29T03:36:41.012+0000] {dagbag.py:532} INFO - Filling up the DagBag from /home/airflow/.local/lib/python3.7/site-packages/airflow/example_dags/example_task_group_decorator.py
[2023-03-29T03:36:41.036+0000] {processor.py:753} INFO - DAG(s) dict_keys(['example_task_group_decorator']) retrieved from /home/airflow/.local/lib/python3.7/site-packages/airflow/example_dags/example_task_group_decorator.py
[2023-03-29T03:36:41.057+0000] {logging_mixin.py:137} INFO - [2023-03-29T03:36:41.057+0000] {dag.py:2693} INFO - Sync 1 DAGs
[2023-03-29T03:36:41.073+0000] {logging_mixin.py:137} INFO - [2023-03-29T03:36:41.073+0000] {dag.py:3444} INFO - Setting next_dagrun for example_task_group_decorator to 2023-03-28T03:36:41.072908+00:00, run_after=2023-03-29T03:36:41.072908+00:00
[2023-03-29T03:36:41.084+0000] {processor.py:175} INFO - Processing /home/airflow/.local/lib/python3.7/site-packages/airflow/example_dags/example_task_group_decorator.py took 0.077 seconds
[2023-03-29T03:37:11.687+0000] {processor.py:153} INFO - Started process (PID=1087) to work on /home/airflow/.local/lib/python3.7/site-packages/airflow/example_dags/example_task_group_decorator.py
[2023-03-29T03:37:11.689+0000] {processor.py:743} INFO - Processing file /home/airflow/.local/lib/python3.7/site-packages/airflow/example_dags/example_task_group_decorator.py for tasks to queue
[2023-03-29T03:37:11.690+0000] {logging_mixin.py:137} INFO - [2023-03-29T03:37:11.690+0000] {dagbag.py:532} INFO - Filling up the DagBag from /home/airflow/.local/lib/python3.7/site-packages/airflow/example_dags/example_task_group_decorator.py
[2023-03-29T03:37:11.710+0000] {processor.py:753} INFO - DAG(s) dict_keys(['example_task_group_decorator']) retrieved from /home/airflow/.local/lib/python3.7/site-packages/airflow/example_dags/example_task_group_decorator.py
[2023-03-29T03:37:11.730+0000] {logging_mixin.py:137} INFO - [2023-03-29T03:37:11.730+0000] {dag.py:2693} INFO - Sync 1 DAGs
[2023-03-29T03:37:11.747+0000] {logging_mixin.py:137} INFO - [2023-03-29T03:37:11.747+0000] {dag.py:3444} INFO - Setting next_dagrun for example_task_group_decorator to 2023-03-28T03:37:11.747009+00:00, run_after=2023-03-29T03:37:11.747009+00:00
[2023-03-29T03:37:11.758+0000] {processor.py:175} INFO - Processing /home/airflow/.local/lib/python3.7/site-packages/airflow/example_dags/example_task_group_decorator.py took 0.074 seconds
[2023-03-29T03:37:42.308+0000] {processor.py:153} INFO - Started process (PID=1136) to work on /home/airflow/.local/lib/python3.7/site-packages/airflow/example_dags/example_task_group_decorator.py
[2023-03-29T03:37:42.310+0000] {processor.py:743} INFO - Processing file /home/airflow/.local/lib/python3.7/site-packages/airflow/example_dags/example_task_group_decorator.py for tasks to queue
[2023-03-29T03:37:42.311+0000] {logging_mixin.py:137} INFO - [2023-03-29T03:37:42.311+0000] {dagbag.py:532} INFO - Filling up the DagBag from /home/airflow/.local/lib/python3.7/site-packages/airflow/example_dags/example_task_group_decorator.py
[2023-03-29T03:37:42.330+0000] {processor.py:753} INFO - DAG(s) dict_keys(['example_task_group_decorator']) retrieved from /home/airflow/.local/lib/python3.7/site-packages/airflow/example_dags/example_task_group_decorator.py
[2023-03-29T03:37:42.349+0000] {logging_mixin.py:137} INFO - [2023-03-29T03:37:42.349+0000] {dag.py:2693} INFO - Sync 1 DAGs
[2023-03-29T03:37:42.365+0000] {logging_mixin.py:137} INFO - [2023-03-29T03:37:42.365+0000] {dag.py:3444} INFO - Setting next_dagrun for example_task_group_decorator to 2023-03-28T03:37:42.364983+00:00, run_after=2023-03-29T03:37:42.364983+00:00
[2023-03-29T03:37:42.376+0000] {processor.py:175} INFO - Processing /home/airflow/.local/lib/python3.7/site-packages/airflow/example_dags/example_task_group_decorator.py took 0.071 seconds
[2023-03-29T03:38:12.865+0000] {processor.py:153} INFO - Started process (PID=1185) to work on /home/airflow/.local/lib/python3.7/site-packages/airflow/example_dags/example_task_group_decorator.py
[2023-03-29T03:38:12.868+0000] {processor.py:743} INFO - Processing file /home/airflow/.local/lib/python3.7/site-packages/airflow/example_dags/example_task_group_decorator.py for tasks to queue
[2023-03-29T03:38:12.869+0000] {logging_mixin.py:137} INFO - [2023-03-29T03:38:12.869+0000] {dagbag.py:532} INFO - Filling up the DagBag from /home/airflow/.local/lib/python3.7/site-packages/airflow/example_dags/example_task_group_decorator.py
[2023-03-29T03:38:12.888+0000] {processor.py:753} INFO - DAG(s) dict_keys(['example_task_group_decorator']) retrieved from /home/airflow/.local/lib/python3.7/site-packages/airflow/example_dags/example_task_group_decorator.py
[2023-03-29T03:38:12.909+0000] {logging_mixin.py:137} INFO - [2023-03-29T03:38:12.909+0000] {dag.py:2693} INFO - Sync 1 DAGs
[2023-03-29T03:38:12.925+0000] {logging_mixin.py:137} INFO - [2023-03-29T03:38:12.925+0000] {dag.py:3444} INFO - Setting next_dagrun for example_task_group_decorator to 2023-03-28T03:38:12.925100+00:00, run_after=2023-03-29T03:38:12.925100+00:00
[2023-03-29T03:38:12.939+0000] {processor.py:175} INFO - Processing /home/airflow/.local/lib/python3.7/site-packages/airflow/example_dags/example_task_group_decorator.py took 0.076 seconds
[2023-03-29T03:38:43.504+0000] {processor.py:153} INFO - Started process (PID=1234) to work on /home/airflow/.local/lib/python3.7/site-packages/airflow/example_dags/example_task_group_decorator.py
[2023-03-29T03:38:43.507+0000] {processor.py:743} INFO - Processing file /home/airflow/.local/lib/python3.7/site-packages/airflow/example_dags/example_task_group_decorator.py for tasks to queue
[2023-03-29T03:38:43.508+0000] {logging_mixin.py:137} INFO - [2023-03-29T03:38:43.508+0000] {dagbag.py:532} INFO - Filling up the DagBag from /home/airflow/.local/lib/python3.7/site-packages/airflow/example_dags/example_task_group_decorator.py
[2023-03-29T03:38:43.527+0000] {processor.py:753} INFO - DAG(s) dict_keys(['example_task_group_decorator']) retrieved from /home/airflow/.local/lib/python3.7/site-packages/airflow/example_dags/example_task_group_decorator.py
[2023-03-29T03:38:43.552+0000] {logging_mixin.py:137} INFO - [2023-03-29T03:38:43.552+0000] {dag.py:2693} INFO - Sync 1 DAGs
[2023-03-29T03:38:43.569+0000] {logging_mixin.py:137} INFO - [2023-03-29T03:38:43.569+0000] {dag.py:3444} INFO - Setting next_dagrun for example_task_group_decorator to 2023-03-28T03:38:43.569362+00:00, run_after=2023-03-29T03:38:43.569362+00:00
[2023-03-29T03:38:43.582+0000] {processor.py:175} INFO - Processing /home/airflow/.local/lib/python3.7/site-packages/airflow/example_dags/example_task_group_decorator.py took 0.081 seconds
[2023-03-29T03:39:14.139+0000] {processor.py:153} INFO - Started process (PID=1284) to work on /home/airflow/.local/lib/python3.7/site-packages/airflow/example_dags/example_task_group_decorator.py
[2023-03-29T03:39:14.140+0000] {processor.py:743} INFO - Processing file /home/airflow/.local/lib/python3.7/site-packages/airflow/example_dags/example_task_group_decorator.py for tasks to queue
[2023-03-29T03:39:14.141+0000] {logging_mixin.py:137} INFO - [2023-03-29T03:39:14.141+0000] {dagbag.py:532} INFO - Filling up the DagBag from /home/airflow/.local/lib/python3.7/site-packages/airflow/example_dags/example_task_group_decorator.py
[2023-03-29T03:39:14.162+0000] {processor.py:753} INFO - DAG(s) dict_keys(['example_task_group_decorator']) retrieved from /home/airflow/.local/lib/python3.7/site-packages/airflow/example_dags/example_task_group_decorator.py
[2023-03-29T03:39:14.180+0000] {logging_mixin.py:137} INFO - [2023-03-29T03:39:14.180+0000] {dag.py:2693} INFO - Sync 1 DAGs
[2023-03-29T03:39:14.197+0000] {logging_mixin.py:137} INFO - [2023-03-29T03:39:14.197+0000] {dag.py:3444} INFO - Setting next_dagrun for example_task_group_decorator to 2023-03-28T03:39:14.196929+00:00, run_after=2023-03-29T03:39:14.196929+00:00
[2023-03-29T03:39:14.208+0000] {processor.py:175} INFO - Processing /home/airflow/.local/lib/python3.7/site-packages/airflow/example_dags/example_task_group_decorator.py took 0.071 seconds
[2023-03-29T03:39:44.702+0000] {processor.py:153} INFO - Started process (PID=1333) to work on /home/airflow/.local/lib/python3.7/site-packages/airflow/example_dags/example_task_group_decorator.py
[2023-03-29T03:39:44.703+0000] {processor.py:743} INFO - Processing file /home/airflow/.local/lib/python3.7/site-packages/airflow/example_dags/example_task_group_decorator.py for tasks to queue
[2023-03-29T03:39:44.704+0000] {logging_mixin.py:137} INFO - [2023-03-29T03:39:44.704+0000] {dagbag.py:532} INFO - Filling up the DagBag from /home/airflow/.local/lib/python3.7/site-packages/airflow/example_dags/example_task_group_decorator.py
[2023-03-29T03:39:44.723+0000] {processor.py:753} INFO - DAG(s) dict_keys(['example_task_group_decorator']) retrieved from /home/airflow/.local/lib/python3.7/site-packages/airflow/example_dags/example_task_group_decorator.py
[2023-03-29T03:39:44.743+0000] {logging_mixin.py:137} INFO - [2023-03-29T03:39:44.743+0000] {dag.py:2693} INFO - Sync 1 DAGs
[2023-03-29T03:39:44.758+0000] {logging_mixin.py:137} INFO - [2023-03-29T03:39:44.758+0000] {dag.py:3444} INFO - Setting next_dagrun for example_task_group_decorator to 2023-03-28T03:39:44.758708+00:00, run_after=2023-03-29T03:39:44.758708+00:00
[2023-03-29T03:39:44.770+0000] {processor.py:175} INFO - Processing /home/airflow/.local/lib/python3.7/site-packages/airflow/example_dags/example_task_group_decorator.py took 0.071 seconds
[2023-03-29T03:40:15.503+0000] {processor.py:153} INFO - Started process (PID=1382) to work on /home/airflow/.local/lib/python3.7/site-packages/airflow/example_dags/example_task_group_decorator.py
[2023-03-29T03:40:15.506+0000] {processor.py:743} INFO - Processing file /home/airflow/.local/lib/python3.7/site-packages/airflow/example_dags/example_task_group_decorator.py for tasks to queue
[2023-03-29T03:40:15.508+0000] {logging_mixin.py:137} INFO - [2023-03-29T03:40:15.508+0000] {dagbag.py:532} INFO - Filling up the DagBag from /home/airflow/.local/lib/python3.7/site-packages/airflow/example_dags/example_task_group_decorator.py
[2023-03-29T03:40:15.538+0000] {processor.py:753} INFO - DAG(s) dict_keys(['example_task_group_decorator']) retrieved from /home/airflow/.local/lib/python3.7/site-packages/airflow/example_dags/example_task_group_decorator.py
[2023-03-29T03:40:15.560+0000] {logging_mixin.py:137} INFO - [2023-03-29T03:40:15.560+0000] {dag.py:2693} INFO - Sync 1 DAGs
[2023-03-29T03:40:15.579+0000] {logging_mixin.py:137} INFO - [2023-03-29T03:40:15.578+0000] {dag.py:3444} INFO - Setting next_dagrun for example_task_group_decorator to 2023-03-28T03:40:15.578827+00:00, run_after=2023-03-29T03:40:15.578827+00:00
[2023-03-29T03:40:15.591+0000] {processor.py:175} INFO - Processing /home/airflow/.local/lib/python3.7/site-packages/airflow/example_dags/example_task_group_decorator.py took 0.092 seconds
[2023-03-29T03:40:46.241+0000] {processor.py:153} INFO - Started process (PID=1431) to work on /home/airflow/.local/lib/python3.7/site-packages/airflow/example_dags/example_task_group_decorator.py
[2023-03-29T03:40:46.243+0000] {processor.py:743} INFO - Processing file /home/airflow/.local/lib/python3.7/site-packages/airflow/example_dags/example_task_group_decorator.py for tasks to queue
[2023-03-29T03:40:46.245+0000] {logging_mixin.py:137} INFO - [2023-03-29T03:40:46.244+0000] {dagbag.py:532} INFO - Filling up the DagBag from /home/airflow/.local/lib/python3.7/site-packages/airflow/example_dags/example_task_group_decorator.py
[2023-03-29T03:40:46.265+0000] {processor.py:753} INFO - DAG(s) dict_keys(['example_task_group_decorator']) retrieved from /home/airflow/.local/lib/python3.7/site-packages/airflow/example_dags/example_task_group_decorator.py
[2023-03-29T03:40:46.285+0000] {logging_mixin.py:137} INFO - [2023-03-29T03:40:46.285+0000] {dag.py:2693} INFO - Sync 1 DAGs
[2023-03-29T03:40:46.303+0000] {logging_mixin.py:137} INFO - [2023-03-29T03:40:46.303+0000] {dag.py:3444} INFO - Setting next_dagrun for example_task_group_decorator to 2023-03-28T03:40:46.303245+00:00, run_after=2023-03-29T03:40:46.303245+00:00
[2023-03-29T03:40:46.318+0000] {processor.py:175} INFO - Processing /home/airflow/.local/lib/python3.7/site-packages/airflow/example_dags/example_task_group_decorator.py took 0.081 seconds
[2023-03-29T03:41:16.859+0000] {processor.py:153} INFO - Started process (PID=1480) to work on /home/airflow/.local/lib/python3.7/site-packages/airflow/example_dags/example_task_group_decorator.py
[2023-03-29T03:41:16.861+0000] {processor.py:743} INFO - Processing file /home/airflow/.local/lib/python3.7/site-packages/airflow/example_dags/example_task_group_decorator.py for tasks to queue
[2023-03-29T03:41:16.862+0000] {logging_mixin.py:137} INFO - [2023-03-29T03:41:16.862+0000] {dagbag.py:532} INFO - Filling up the DagBag from /home/airflow/.local/lib/python3.7/site-packages/airflow/example_dags/example_task_group_decorator.py
[2023-03-29T03:41:16.882+0000] {processor.py:753} INFO - DAG(s) dict_keys(['example_task_group_decorator']) retrieved from /home/airflow/.local/lib/python3.7/site-packages/airflow/example_dags/example_task_group_decorator.py
[2023-03-29T03:41:16.902+0000] {logging_mixin.py:137} INFO - [2023-03-29T03:41:16.902+0000] {dag.py:2693} INFO - Sync 1 DAGs
[2023-03-29T03:41:16.917+0000] {logging_mixin.py:137} INFO - [2023-03-29T03:41:16.917+0000] {dag.py:3444} INFO - Setting next_dagrun for example_task_group_decorator to 2023-03-28T03:41:16.917673+00:00, run_after=2023-03-29T03:41:16.917673+00:00
[2023-03-29T03:41:16.929+0000] {processor.py:175} INFO - Processing /home/airflow/.local/lib/python3.7/site-packages/airflow/example_dags/example_task_group_decorator.py took 0.073 seconds
[2023-03-29T03:41:47.618+0000] {processor.py:153} INFO - Started process (PID=1529) to work on /home/airflow/.local/lib/python3.7/site-packages/airflow/example_dags/example_task_group_decorator.py
[2023-03-29T03:41:47.620+0000] {processor.py:743} INFO - Processing file /home/airflow/.local/lib/python3.7/site-packages/airflow/example_dags/example_task_group_decorator.py for tasks to queue
[2023-03-29T03:41:47.621+0000] {logging_mixin.py:137} INFO - [2023-03-29T03:41:47.621+0000] {dagbag.py:532} INFO - Filling up the DagBag from /home/airflow/.local/lib/python3.7/site-packages/airflow/example_dags/example_task_group_decorator.py
[2023-03-29T03:41:47.639+0000] {processor.py:753} INFO - DAG(s) dict_keys(['example_task_group_decorator']) retrieved from /home/airflow/.local/lib/python3.7/site-packages/airflow/example_dags/example_task_group_decorator.py
[2023-03-29T03:41:47.658+0000] {logging_mixin.py:137} INFO - [2023-03-29T03:41:47.658+0000] {dag.py:2693} INFO - Sync 1 DAGs
[2023-03-29T03:41:47.674+0000] {logging_mixin.py:137} INFO - [2023-03-29T03:41:47.674+0000] {dag.py:3444} INFO - Setting next_dagrun for example_task_group_decorator to 2023-03-28T03:41:47.674289+00:00, run_after=2023-03-29T03:41:47.674289+00:00
[2023-03-29T03:41:47.687+0000] {processor.py:175} INFO - Processing /home/airflow/.local/lib/python3.7/site-packages/airflow/example_dags/example_task_group_decorator.py took 0.071 seconds
[2023-03-29T03:42:18.127+0000] {processor.py:153} INFO - Started process (PID=1580) to work on /home/airflow/.local/lib/python3.7/site-packages/airflow/example_dags/example_task_group_decorator.py
[2023-03-29T03:42:18.129+0000] {processor.py:743} INFO - Processing file /home/airflow/.local/lib/python3.7/site-packages/airflow/example_dags/example_task_group_decorator.py for tasks to queue
[2023-03-29T03:42:18.130+0000] {logging_mixin.py:137} INFO - [2023-03-29T03:42:18.130+0000] {dagbag.py:532} INFO - Filling up the DagBag from /home/airflow/.local/lib/python3.7/site-packages/airflow/example_dags/example_task_group_decorator.py
[2023-03-29T03:42:18.150+0000] {processor.py:753} INFO - DAG(s) dict_keys(['example_task_group_decorator']) retrieved from /home/airflow/.local/lib/python3.7/site-packages/airflow/example_dags/example_task_group_decorator.py
[2023-03-29T03:42:18.172+0000] {logging_mixin.py:137} INFO - [2023-03-29T03:42:18.171+0000] {dag.py:2693} INFO - Sync 1 DAGs
[2023-03-29T03:42:18.188+0000] {logging_mixin.py:137} INFO - [2023-03-29T03:42:18.188+0000] {dag.py:3444} INFO - Setting next_dagrun for example_task_group_decorator to 2023-03-28T03:42:18.188503+00:00, run_after=2023-03-29T03:42:18.188503+00:00
[2023-03-29T03:42:18.202+0000] {processor.py:175} INFO - Processing /home/airflow/.local/lib/python3.7/site-packages/airflow/example_dags/example_task_group_decorator.py took 0.077 seconds
[2023-03-29T03:42:48.698+0000] {processor.py:153} INFO - Started process (PID=1629) to work on /home/airflow/.local/lib/python3.7/site-packages/airflow/example_dags/example_task_group_decorator.py
[2023-03-29T03:42:48.701+0000] {processor.py:743} INFO - Processing file /home/airflow/.local/lib/python3.7/site-packages/airflow/example_dags/example_task_group_decorator.py for tasks to queue
[2023-03-29T03:42:48.702+0000] {logging_mixin.py:137} INFO - [2023-03-29T03:42:48.702+0000] {dagbag.py:532} INFO - Filling up the DagBag from /home/airflow/.local/lib/python3.7/site-packages/airflow/example_dags/example_task_group_decorator.py
[2023-03-29T03:42:48.726+0000] {processor.py:753} INFO - DAG(s) dict_keys(['example_task_group_decorator']) retrieved from /home/airflow/.local/lib/python3.7/site-packages/airflow/example_dags/example_task_group_decorator.py
[2023-03-29T03:42:48.747+0000] {logging_mixin.py:137} INFO - [2023-03-29T03:42:48.747+0000] {dag.py:2693} INFO - Sync 1 DAGs
[2023-03-29T03:42:48.765+0000] {logging_mixin.py:137} INFO - [2023-03-29T03:42:48.765+0000] {dag.py:3444} INFO - Setting next_dagrun for example_task_group_decorator to 2023-03-28T03:42:48.765193+00:00, run_after=2023-03-29T03:42:48.765193+00:00
[2023-03-29T03:42:48.777+0000] {processor.py:175} INFO - Processing /home/airflow/.local/lib/python3.7/site-packages/airflow/example_dags/example_task_group_decorator.py took 0.081 seconds
[2023-03-29T03:43:19.303+0000] {processor.py:153} INFO - Started process (PID=1678) to work on /home/airflow/.local/lib/python3.7/site-packages/airflow/example_dags/example_task_group_decorator.py
[2023-03-29T03:43:19.306+0000] {processor.py:743} INFO - Processing file /home/airflow/.local/lib/python3.7/site-packages/airflow/example_dags/example_task_group_decorator.py for tasks to queue
[2023-03-29T03:43:19.307+0000] {logging_mixin.py:137} INFO - [2023-03-29T03:43:19.307+0000] {dagbag.py:532} INFO - Filling up the DagBag from /home/airflow/.local/lib/python3.7/site-packages/airflow/example_dags/example_task_group_decorator.py
[2023-03-29T03:43:19.338+0000] {processor.py:753} INFO - DAG(s) dict_keys(['example_task_group_decorator']) retrieved from /home/airflow/.local/lib/python3.7/site-packages/airflow/example_dags/example_task_group_decorator.py
[2023-03-29T03:43:19.364+0000] {logging_mixin.py:137} INFO - [2023-03-29T03:43:19.364+0000] {dag.py:2693} INFO - Sync 1 DAGs
[2023-03-29T03:43:19.383+0000] {logging_mixin.py:137} INFO - [2023-03-29T03:43:19.382+0000] {dag.py:3444} INFO - Setting next_dagrun for example_task_group_decorator to 2023-03-28T03:43:19.382742+00:00, run_after=2023-03-29T03:43:19.382742+00:00
[2023-03-29T03:43:19.397+0000] {processor.py:175} INFO - Processing /home/airflow/.local/lib/python3.7/site-packages/airflow/example_dags/example_task_group_decorator.py took 0.100 seconds
[2023-03-29T03:43:50.190+0000] {processor.py:153} INFO - Started process (PID=1727) to work on /home/airflow/.local/lib/python3.7/site-packages/airflow/example_dags/example_task_group_decorator.py
[2023-03-29T03:43:50.192+0000] {processor.py:743} INFO - Processing file /home/airflow/.local/lib/python3.7/site-packages/airflow/example_dags/example_task_group_decorator.py for tasks to queue
[2023-03-29T03:43:50.193+0000] {logging_mixin.py:137} INFO - [2023-03-29T03:43:50.193+0000] {dagbag.py:532} INFO - Filling up the DagBag from /home/airflow/.local/lib/python3.7/site-packages/airflow/example_dags/example_task_group_decorator.py
[2023-03-29T03:43:50.218+0000] {processor.py:753} INFO - DAG(s) dict_keys(['example_task_group_decorator']) retrieved from /home/airflow/.local/lib/python3.7/site-packages/airflow/example_dags/example_task_group_decorator.py
[2023-03-29T03:43:50.243+0000] {logging_mixin.py:137} INFO - [2023-03-29T03:43:50.243+0000] {dag.py:2693} INFO - Sync 1 DAGs
[2023-03-29T03:43:50.262+0000] {logging_mixin.py:137} INFO - [2023-03-29T03:43:50.262+0000] {dag.py:3444} INFO - Setting next_dagrun for example_task_group_decorator to 2023-03-28T03:43:50.262341+00:00, run_after=2023-03-29T03:43:50.262341+00:00
[2023-03-29T03:43:50.275+0000] {processor.py:175} INFO - Processing /home/airflow/.local/lib/python3.7/site-packages/airflow/example_dags/example_task_group_decorator.py took 0.088 seconds
[2023-03-29T03:44:21.319+0000] {processor.py:153} INFO - Started process (PID=1783) to work on /home/airflow/.local/lib/python3.7/site-packages/airflow/example_dags/example_task_group_decorator.py
[2023-03-29T03:44:21.321+0000] {processor.py:743} INFO - Processing file /home/airflow/.local/lib/python3.7/site-packages/airflow/example_dags/example_task_group_decorator.py for tasks to queue
[2023-03-29T03:44:21.322+0000] {logging_mixin.py:137} INFO - [2023-03-29T03:44:21.322+0000] {dagbag.py:532} INFO - Filling up the DagBag from /home/airflow/.local/lib/python3.7/site-packages/airflow/example_dags/example_task_group_decorator.py
[2023-03-29T03:44:21.345+0000] {processor.py:753} INFO - DAG(s) dict_keys(['example_task_group_decorator']) retrieved from /home/airflow/.local/lib/python3.7/site-packages/airflow/example_dags/example_task_group_decorator.py
[2023-03-29T03:44:21.366+0000] {logging_mixin.py:137} INFO - [2023-03-29T03:44:21.366+0000] {dag.py:2693} INFO - Sync 1 DAGs
[2023-03-29T03:44:21.390+0000] {logging_mixin.py:137} INFO - [2023-03-29T03:44:21.389+0000] {dag.py:3444} INFO - Setting next_dagrun for example_task_group_decorator to 2023-03-28T03:44:21.389526+00:00, run_after=2023-03-29T03:44:21.389526+00:00
[2023-03-29T03:44:21.409+0000] {processor.py:175} INFO - Processing /home/airflow/.local/lib/python3.7/site-packages/airflow/example_dags/example_task_group_decorator.py took 0.093 seconds
[2023-03-29T03:44:51.965+0000] {processor.py:153} INFO - Started process (PID=1832) to work on /home/airflow/.local/lib/python3.7/site-packages/airflow/example_dags/example_task_group_decorator.py
[2023-03-29T03:44:51.973+0000] {processor.py:743} INFO - Processing file /home/airflow/.local/lib/python3.7/site-packages/airflow/example_dags/example_task_group_decorator.py for tasks to queue
[2023-03-29T03:44:51.977+0000] {logging_mixin.py:137} INFO - [2023-03-29T03:44:51.976+0000] {dagbag.py:532} INFO - Filling up the DagBag from /home/airflow/.local/lib/python3.7/site-packages/airflow/example_dags/example_task_group_decorator.py
[2023-03-29T03:44:52.026+0000] {processor.py:753} INFO - DAG(s) dict_keys(['example_task_group_decorator']) retrieved from /home/airflow/.local/lib/python3.7/site-packages/airflow/example_dags/example_task_group_decorator.py
[2023-03-29T03:44:52.077+0000] {logging_mixin.py:137} INFO - [2023-03-29T03:44:52.077+0000] {dag.py:2693} INFO - Sync 1 DAGs
[2023-03-29T03:44:52.103+0000] {logging_mixin.py:137} INFO - [2023-03-29T03:44:52.103+0000] {dag.py:3444} INFO - Setting next_dagrun for example_task_group_decorator to 2023-03-28T03:44:52.102934+00:00, run_after=2023-03-29T03:44:52.102934+00:00
[2023-03-29T03:44:52.127+0000] {processor.py:175} INFO - Processing /home/airflow/.local/lib/python3.7/site-packages/airflow/example_dags/example_task_group_decorator.py took 0.172 seconds
[2023-03-29T03:45:22.369+0000] {processor.py:153} INFO - Started process (PID=1881) to work on /home/airflow/.local/lib/python3.7/site-packages/airflow/example_dags/example_task_group_decorator.py
[2023-03-29T03:45:22.374+0000] {processor.py:743} INFO - Processing file /home/airflow/.local/lib/python3.7/site-packages/airflow/example_dags/example_task_group_decorator.py for tasks to queue
[2023-03-29T03:45:22.376+0000] {logging_mixin.py:137} INFO - [2023-03-29T03:45:22.376+0000] {dagbag.py:532} INFO - Filling up the DagBag from /home/airflow/.local/lib/python3.7/site-packages/airflow/example_dags/example_task_group_decorator.py
[2023-03-29T03:45:22.398+0000] {processor.py:753} INFO - DAG(s) dict_keys(['example_task_group_decorator']) retrieved from /home/airflow/.local/lib/python3.7/site-packages/airflow/example_dags/example_task_group_decorator.py
[2023-03-29T03:45:22.423+0000] {logging_mixin.py:137} INFO - [2023-03-29T03:45:22.422+0000] {dag.py:2693} INFO - Sync 1 DAGs
[2023-03-29T03:45:22.452+0000] {logging_mixin.py:137} INFO - [2023-03-29T03:45:22.452+0000] {dag.py:3444} INFO - Setting next_dagrun for example_task_group_decorator to 2023-03-28T03:45:22.451859+00:00, run_after=2023-03-29T03:45:22.451859+00:00
[2023-03-29T03:45:22.473+0000] {processor.py:175} INFO - Processing /home/airflow/.local/lib/python3.7/site-packages/airflow/example_dags/example_task_group_decorator.py took 0.108 seconds
[2023-03-29T03:45:52.742+0000] {processor.py:153} INFO - Started process (PID=1931) to work on /home/airflow/.local/lib/python3.7/site-packages/airflow/example_dags/example_task_group_decorator.py
[2023-03-29T03:45:52.744+0000] {processor.py:743} INFO - Processing file /home/airflow/.local/lib/python3.7/site-packages/airflow/example_dags/example_task_group_decorator.py for tasks to queue
[2023-03-29T03:45:52.745+0000] {logging_mixin.py:137} INFO - [2023-03-29T03:45:52.745+0000] {dagbag.py:532} INFO - Filling up the DagBag from /home/airflow/.local/lib/python3.7/site-packages/airflow/example_dags/example_task_group_decorator.py
[2023-03-29T03:45:52.764+0000] {processor.py:753} INFO - DAG(s) dict_keys(['example_task_group_decorator']) retrieved from /home/airflow/.local/lib/python3.7/site-packages/airflow/example_dags/example_task_group_decorator.py
[2023-03-29T03:45:52.789+0000] {logging_mixin.py:137} INFO - [2023-03-29T03:45:52.788+0000] {dag.py:2693} INFO - Sync 1 DAGs
[2023-03-29T03:45:52.807+0000] {logging_mixin.py:137} INFO - [2023-03-29T03:45:52.807+0000] {dag.py:3444} INFO - Setting next_dagrun for example_task_group_decorator to 2023-03-28T03:45:52.807152+00:00, run_after=2023-03-29T03:45:52.807152+00:00
[2023-03-29T03:45:52.823+0000] {processor.py:175} INFO - Processing /home/airflow/.local/lib/python3.7/site-packages/airflow/example_dags/example_task_group_decorator.py took 0.083 seconds
[2023-03-29T03:46:23.468+0000] {processor.py:153} INFO - Started process (PID=1980) to work on /home/airflow/.local/lib/python3.7/site-packages/airflow/example_dags/example_task_group_decorator.py
[2023-03-29T03:46:23.470+0000] {processor.py:743} INFO - Processing file /home/airflow/.local/lib/python3.7/site-packages/airflow/example_dags/example_task_group_decorator.py for tasks to queue
[2023-03-29T03:46:23.471+0000] {logging_mixin.py:137} INFO - [2023-03-29T03:46:23.471+0000] {dagbag.py:532} INFO - Filling up the DagBag from /home/airflow/.local/lib/python3.7/site-packages/airflow/example_dags/example_task_group_decorator.py
[2023-03-29T03:46:23.490+0000] {processor.py:753} INFO - DAG(s) dict_keys(['example_task_group_decorator']) retrieved from /home/airflow/.local/lib/python3.7/site-packages/airflow/example_dags/example_task_group_decorator.py
[2023-03-29T03:46:23.511+0000] {logging_mixin.py:137} INFO - [2023-03-29T03:46:23.511+0000] {dag.py:2693} INFO - Sync 1 DAGs
[2023-03-29T03:46:23.530+0000] {logging_mixin.py:137} INFO - [2023-03-29T03:46:23.530+0000] {dag.py:3444} INFO - Setting next_dagrun for example_task_group_decorator to 2023-03-28T03:46:23.530178+00:00, run_after=2023-03-29T03:46:23.530178+00:00
[2023-03-29T03:46:23.542+0000] {processor.py:175} INFO - Processing /home/airflow/.local/lib/python3.7/site-packages/airflow/example_dags/example_task_group_decorator.py took 0.076 seconds
[2023-03-29T03:46:54.075+0000] {processor.py:153} INFO - Started process (PID=2030) to work on /home/airflow/.local/lib/python3.7/site-packages/airflow/example_dags/example_task_group_decorator.py
[2023-03-29T03:46:54.076+0000] {processor.py:743} INFO - Processing file /home/airflow/.local/lib/python3.7/site-packages/airflow/example_dags/example_task_group_decorator.py for tasks to queue
[2023-03-29T03:46:54.078+0000] {logging_mixin.py:137} INFO - [2023-03-29T03:46:54.077+0000] {dagbag.py:532} INFO - Filling up the DagBag from /home/airflow/.local/lib/python3.7/site-packages/airflow/example_dags/example_task_group_decorator.py
[2023-03-29T03:46:54.099+0000] {processor.py:753} INFO - DAG(s) dict_keys(['example_task_group_decorator']) retrieved from /home/airflow/.local/lib/python3.7/site-packages/airflow/example_dags/example_task_group_decorator.py
[2023-03-29T03:46:54.120+0000] {logging_mixin.py:137} INFO - [2023-03-29T03:46:54.120+0000] {dag.py:2693} INFO - Sync 1 DAGs
[2023-03-29T03:46:54.137+0000] {logging_mixin.py:137} INFO - [2023-03-29T03:46:54.136+0000] {dag.py:3444} INFO - Setting next_dagrun for example_task_group_decorator to 2023-03-28T03:46:54.136799+00:00, run_after=2023-03-29T03:46:54.136799+00:00
[2023-03-29T03:46:54.150+0000] {processor.py:175} INFO - Processing /home/airflow/.local/lib/python3.7/site-packages/airflow/example_dags/example_task_group_decorator.py took 0.077 seconds
[2023-03-29T03:47:24.671+0000] {processor.py:153} INFO - Started process (PID=2080) to work on /home/airflow/.local/lib/python3.7/site-packages/airflow/example_dags/example_task_group_decorator.py
[2023-03-29T03:47:24.673+0000] {processor.py:743} INFO - Processing file /home/airflow/.local/lib/python3.7/site-packages/airflow/example_dags/example_task_group_decorator.py for tasks to queue
[2023-03-29T03:47:24.674+0000] {logging_mixin.py:137} INFO - [2023-03-29T03:47:24.674+0000] {dagbag.py:532} INFO - Filling up the DagBag from /home/airflow/.local/lib/python3.7/site-packages/airflow/example_dags/example_task_group_decorator.py
[2023-03-29T03:47:24.694+0000] {processor.py:753} INFO - DAG(s) dict_keys(['example_task_group_decorator']) retrieved from /home/airflow/.local/lib/python3.7/site-packages/airflow/example_dags/example_task_group_decorator.py
[2023-03-29T03:47:24.718+0000] {logging_mixin.py:137} INFO - [2023-03-29T03:47:24.718+0000] {dag.py:2693} INFO - Sync 1 DAGs
[2023-03-29T03:47:24.736+0000] {logging_mixin.py:137} INFO - [2023-03-29T03:47:24.736+0000] {dag.py:3444} INFO - Setting next_dagrun for example_task_group_decorator to 2023-03-28T03:47:24.736376+00:00, run_after=2023-03-29T03:47:24.736376+00:00
[2023-03-29T03:47:24.752+0000] {processor.py:175} INFO - Processing /home/airflow/.local/lib/python3.7/site-packages/airflow/example_dags/example_task_group_decorator.py took 0.084 seconds
