[2023-03-29T03:26:24.672+0000] {processor.py:153} INFO - Started process (PID=36) to work on /home/airflow/.local/lib/python3.7/site-packages/airflow/example_dags/example_subdag_operator.py
[2023-03-29T03:26:24.674+0000] {processor.py:743} INFO - Processing file /home/airflow/.local/lib/python3.7/site-packages/airflow/example_dags/example_subdag_operator.py for tasks to queue
[2023-03-29T03:26:24.676+0000] {logging_mixin.py:137} INFO - [2023-03-29T03:26:24.675+0000] {dagbag.py:532} INFO - Filling up the DagBag from /home/airflow/.local/lib/python3.7/site-packages/airflow/example_dags/example_subdag_operator.py
[2023-03-29T03:26:24.730+0000] {processor.py:753} INFO - DAG(s) dict_keys(['example_subdag_operator.section-1', 'example_subdag_operator.section-2', 'example_subdag_operator']) retrieved from /home/airflow/.local/lib/python3.7/site-packages/airflow/example_dags/example_subdag_operator.py
[2023-03-29T03:26:24.751+0000] {logging_mixin.py:137} INFO - [2023-03-29T03:26:24.751+0000] {dag.py:2693} INFO - Sync 3 DAGs
[2023-03-29T03:26:24.778+0000] {logging_mixin.py:137} INFO - [2023-03-29T03:26:24.778+0000] {dag.py:3444} INFO - Setting next_dagrun for example_subdag_operator to 2022-01-01T00:00:00+00:00, run_after=2022-01-01T00:00:00+00:00
[2023-03-29T03:26:24.782+0000] {logging_mixin.py:137} INFO - [2023-03-29T03:26:24.782+0000] {dag.py:3444} INFO - Setting next_dagrun for example_subdag_operator.section-1 to None, run_after=None
[2023-03-29T03:26:24.785+0000] {logging_mixin.py:137} INFO - [2023-03-29T03:26:24.785+0000] {dag.py:3444} INFO - Setting next_dagrun for example_subdag_operator.section-2 to None, run_after=None
[2023-03-29T03:26:24.793+0000] {logging_mixin.py:137} INFO - [2023-03-29T03:26:24.793+0000] {dag.py:2693} INFO - Sync 2 DAGs
[2023-03-29T03:26:24.798+0000] {logging_mixin.py:137} INFO - [2023-03-29T03:26:24.798+0000] {dag.py:3444} INFO - Setting next_dagrun for example_subdag_operator.section-1 to None, run_after=None
[2023-03-29T03:26:24.799+0000] {logging_mixin.py:137} INFO - [2023-03-29T03:26:24.799+0000] {dag.py:3444} INFO - Setting next_dagrun for example_subdag_operator.section-2 to None, run_after=None
[2023-03-29T03:26:24.812+0000] {processor.py:175} INFO - Processing /home/airflow/.local/lib/python3.7/site-packages/airflow/example_dags/example_subdag_operator.py took 0.143 seconds
[2023-03-29T03:26:55.525+0000] {processor.py:153} INFO - Started process (PID=85) to work on /home/airflow/.local/lib/python3.7/site-packages/airflow/example_dags/example_subdag_operator.py
[2023-03-29T03:26:55.528+0000] {processor.py:743} INFO - Processing file /home/airflow/.local/lib/python3.7/site-packages/airflow/example_dags/example_subdag_operator.py for tasks to queue
[2023-03-29T03:26:55.529+0000] {logging_mixin.py:137} INFO - [2023-03-29T03:26:55.529+0000] {dagbag.py:532} INFO - Filling up the DagBag from /home/airflow/.local/lib/python3.7/site-packages/airflow/example_dags/example_subdag_operator.py
[2023-03-29T03:26:55.570+0000] {processor.py:753} INFO - DAG(s) dict_keys(['example_subdag_operator.section-1', 'example_subdag_operator.section-2', 'example_subdag_operator']) retrieved from /home/airflow/.local/lib/python3.7/site-packages/airflow/example_dags/example_subdag_operator.py
[2023-03-29T03:26:55.586+0000] {logging_mixin.py:137} INFO - [2023-03-29T03:26:55.586+0000] {dag.py:2693} INFO - Sync 3 DAGs
[2023-03-29T03:26:55.620+0000] {logging_mixin.py:137} INFO - [2023-03-29T03:26:55.620+0000] {dag.py:3444} INFO - Setting next_dagrun for example_subdag_operator to 2022-01-01T00:00:00+00:00, run_after=2022-01-01T00:00:00+00:00
[2023-03-29T03:26:55.625+0000] {logging_mixin.py:137} INFO - [2023-03-29T03:26:55.625+0000] {dag.py:3444} INFO - Setting next_dagrun for example_subdag_operator.section-1 to None, run_after=None
[2023-03-29T03:26:55.626+0000] {logging_mixin.py:137} INFO - [2023-03-29T03:26:55.626+0000] {dag.py:3444} INFO - Setting next_dagrun for example_subdag_operator.section-2 to None, run_after=None
[2023-03-29T03:26:55.633+0000] {logging_mixin.py:137} INFO - [2023-03-29T03:26:55.633+0000] {dag.py:2693} INFO - Sync 2 DAGs
[2023-03-29T03:26:55.638+0000] {logging_mixin.py:137} INFO - [2023-03-29T03:26:55.638+0000] {dag.py:3444} INFO - Setting next_dagrun for example_subdag_operator.section-1 to None, run_after=None
[2023-03-29T03:26:55.641+0000] {logging_mixin.py:137} INFO - [2023-03-29T03:26:55.641+0000] {dag.py:3444} INFO - Setting next_dagrun for example_subdag_operator.section-2 to None, run_after=None
[2023-03-29T03:26:55.652+0000] {processor.py:175} INFO - Processing /home/airflow/.local/lib/python3.7/site-packages/airflow/example_dags/example_subdag_operator.py took 0.135 seconds
[2023-03-29T03:27:26.020+0000] {processor.py:153} INFO - Started process (PID=134) to work on /home/airflow/.local/lib/python3.7/site-packages/airflow/example_dags/example_subdag_operator.py
[2023-03-29T03:27:26.023+0000] {processor.py:743} INFO - Processing file /home/airflow/.local/lib/python3.7/site-packages/airflow/example_dags/example_subdag_operator.py for tasks to queue
[2023-03-29T03:27:26.025+0000] {logging_mixin.py:137} INFO - [2023-03-29T03:27:26.025+0000] {dagbag.py:532} INFO - Filling up the DagBag from /home/airflow/.local/lib/python3.7/site-packages/airflow/example_dags/example_subdag_operator.py
[2023-03-29T03:27:26.076+0000] {processor.py:753} INFO - DAG(s) dict_keys(['example_subdag_operator.section-1', 'example_subdag_operator.section-2', 'example_subdag_operator']) retrieved from /home/airflow/.local/lib/python3.7/site-packages/airflow/example_dags/example_subdag_operator.py
[2023-03-29T03:27:26.094+0000] {logging_mixin.py:137} INFO - [2023-03-29T03:27:26.093+0000] {dag.py:2693} INFO - Sync 3 DAGs
[2023-03-29T03:27:26.117+0000] {logging_mixin.py:137} INFO - [2023-03-29T03:27:26.117+0000] {dag.py:3444} INFO - Setting next_dagrun for example_subdag_operator to 2022-01-01T00:00:00+00:00, run_after=2022-01-01T00:00:00+00:00
[2023-03-29T03:27:26.122+0000] {logging_mixin.py:137} INFO - [2023-03-29T03:27:26.122+0000] {dag.py:3444} INFO - Setting next_dagrun for example_subdag_operator.section-1 to None, run_after=None
[2023-03-29T03:27:26.125+0000] {logging_mixin.py:137} INFO - [2023-03-29T03:27:26.125+0000] {dag.py:3444} INFO - Setting next_dagrun for example_subdag_operator.section-2 to None, run_after=None
[2023-03-29T03:27:26.133+0000] {logging_mixin.py:137} INFO - [2023-03-29T03:27:26.133+0000] {dag.py:2693} INFO - Sync 2 DAGs
[2023-03-29T03:27:26.138+0000] {logging_mixin.py:137} INFO - [2023-03-29T03:27:26.138+0000] {dag.py:3444} INFO - Setting next_dagrun for example_subdag_operator.section-1 to None, run_after=None
[2023-03-29T03:27:26.139+0000] {logging_mixin.py:137} INFO - [2023-03-29T03:27:26.139+0000] {dag.py:3444} INFO - Setting next_dagrun for example_subdag_operator.section-2 to None, run_after=None
[2023-03-29T03:27:26.150+0000] {processor.py:175} INFO - Processing /home/airflow/.local/lib/python3.7/site-packages/airflow/example_dags/example_subdag_operator.py took 0.141 seconds
[2023-03-29T03:27:56.828+0000] {processor.py:153} INFO - Started process (PID=183) to work on /home/airflow/.local/lib/python3.7/site-packages/airflow/example_dags/example_subdag_operator.py
[2023-03-29T03:27:56.831+0000] {processor.py:743} INFO - Processing file /home/airflow/.local/lib/python3.7/site-packages/airflow/example_dags/example_subdag_operator.py for tasks to queue
[2023-03-29T03:27:56.834+0000] {logging_mixin.py:137} INFO - [2023-03-29T03:27:56.834+0000] {dagbag.py:532} INFO - Filling up the DagBag from /home/airflow/.local/lib/python3.7/site-packages/airflow/example_dags/example_subdag_operator.py
[2023-03-29T03:27:56.875+0000] {processor.py:753} INFO - DAG(s) dict_keys(['example_subdag_operator.section-1', 'example_subdag_operator.section-2', 'example_subdag_operator']) retrieved from /home/airflow/.local/lib/python3.7/site-packages/airflow/example_dags/example_subdag_operator.py
[2023-03-29T03:27:56.893+0000] {logging_mixin.py:137} INFO - [2023-03-29T03:27:56.892+0000] {dag.py:2693} INFO - Sync 3 DAGs
[2023-03-29T03:27:56.911+0000] {logging_mixin.py:137} INFO - [2023-03-29T03:27:56.911+0000] {dag.py:3444} INFO - Setting next_dagrun for example_subdag_operator to 2022-01-01T00:00:00+00:00, run_after=2022-01-01T00:00:00+00:00
[2023-03-29T03:27:56.917+0000] {logging_mixin.py:137} INFO - [2023-03-29T03:27:56.917+0000] {dag.py:3444} INFO - Setting next_dagrun for example_subdag_operator.section-1 to None, run_after=None
[2023-03-29T03:27:56.919+0000] {logging_mixin.py:137} INFO - [2023-03-29T03:27:56.919+0000] {dag.py:3444} INFO - Setting next_dagrun for example_subdag_operator.section-2 to None, run_after=None
[2023-03-29T03:27:56.925+0000] {logging_mixin.py:137} INFO - [2023-03-29T03:27:56.924+0000] {dag.py:2693} INFO - Sync 2 DAGs
[2023-03-29T03:27:56.929+0000] {logging_mixin.py:137} INFO - [2023-03-29T03:27:56.929+0000] {dag.py:3444} INFO - Setting next_dagrun for example_subdag_operator.section-1 to None, run_after=None
[2023-03-29T03:27:56.930+0000] {logging_mixin.py:137} INFO - [2023-03-29T03:27:56.930+0000] {dag.py:3444} INFO - Setting next_dagrun for example_subdag_operator.section-2 to None, run_after=None
[2023-03-29T03:27:56.939+0000] {processor.py:175} INFO - Processing /home/airflow/.local/lib/python3.7/site-packages/airflow/example_dags/example_subdag_operator.py took 0.119 seconds
[2023-03-29T03:28:27.236+0000] {processor.py:153} INFO - Started process (PID=232) to work on /home/airflow/.local/lib/python3.7/site-packages/airflow/example_dags/example_subdag_operator.py
[2023-03-29T03:28:27.243+0000] {processor.py:743} INFO - Processing file /home/airflow/.local/lib/python3.7/site-packages/airflow/example_dags/example_subdag_operator.py for tasks to queue
[2023-03-29T03:28:27.247+0000] {logging_mixin.py:137} INFO - [2023-03-29T03:28:27.246+0000] {dagbag.py:532} INFO - Filling up the DagBag from /home/airflow/.local/lib/python3.7/site-packages/airflow/example_dags/example_subdag_operator.py
[2023-03-29T03:28:27.290+0000] {processor.py:753} INFO - DAG(s) dict_keys(['example_subdag_operator.section-1', 'example_subdag_operator.section-2', 'example_subdag_operator']) retrieved from /home/airflow/.local/lib/python3.7/site-packages/airflow/example_dags/example_subdag_operator.py
[2023-03-29T03:28:27.308+0000] {logging_mixin.py:137} INFO - [2023-03-29T03:28:27.308+0000] {dag.py:2693} INFO - Sync 3 DAGs
[2023-03-29T03:28:27.333+0000] {logging_mixin.py:137} INFO - [2023-03-29T03:28:27.333+0000] {dag.py:3444} INFO - Setting next_dagrun for example_subdag_operator to 2022-01-01T00:00:00+00:00, run_after=2022-01-01T00:00:00+00:00
[2023-03-29T03:28:27.337+0000] {logging_mixin.py:137} INFO - [2023-03-29T03:28:27.337+0000] {dag.py:3444} INFO - Setting next_dagrun for example_subdag_operator.section-1 to None, run_after=None
[2023-03-29T03:28:27.339+0000] {logging_mixin.py:137} INFO - [2023-03-29T03:28:27.339+0000] {dag.py:3444} INFO - Setting next_dagrun for example_subdag_operator.section-2 to None, run_after=None
[2023-03-29T03:28:27.346+0000] {logging_mixin.py:137} INFO - [2023-03-29T03:28:27.346+0000] {dag.py:2693} INFO - Sync 2 DAGs
[2023-03-29T03:28:27.351+0000] {logging_mixin.py:137} INFO - [2023-03-29T03:28:27.351+0000] {dag.py:3444} INFO - Setting next_dagrun for example_subdag_operator.section-1 to None, run_after=None
[2023-03-29T03:28:27.352+0000] {logging_mixin.py:137} INFO - [2023-03-29T03:28:27.352+0000] {dag.py:3444} INFO - Setting next_dagrun for example_subdag_operator.section-2 to None, run_after=None
[2023-03-29T03:28:27.365+0000] {processor.py:175} INFO - Processing /home/airflow/.local/lib/python3.7/site-packages/airflow/example_dags/example_subdag_operator.py took 0.135 seconds
[2023-03-29T03:28:57.799+0000] {processor.py:153} INFO - Started process (PID=281) to work on /home/airflow/.local/lib/python3.7/site-packages/airflow/example_dags/example_subdag_operator.py
[2023-03-29T03:28:57.803+0000] {processor.py:743} INFO - Processing file /home/airflow/.local/lib/python3.7/site-packages/airflow/example_dags/example_subdag_operator.py for tasks to queue
[2023-03-29T03:28:57.804+0000] {logging_mixin.py:137} INFO - [2023-03-29T03:28:57.804+0000] {dagbag.py:532} INFO - Filling up the DagBag from /home/airflow/.local/lib/python3.7/site-packages/airflow/example_dags/example_subdag_operator.py
[2023-03-29T03:28:57.844+0000] {processor.py:753} INFO - DAG(s) dict_keys(['example_subdag_operator.section-1', 'example_subdag_operator.section-2', 'example_subdag_operator']) retrieved from /home/airflow/.local/lib/python3.7/site-packages/airflow/example_dags/example_subdag_operator.py
[2023-03-29T03:28:57.859+0000] {logging_mixin.py:137} INFO - [2023-03-29T03:28:57.859+0000] {dag.py:2693} INFO - Sync 3 DAGs
[2023-03-29T03:28:57.893+0000] {logging_mixin.py:137} INFO - [2023-03-29T03:28:57.893+0000] {dag.py:3444} INFO - Setting next_dagrun for example_subdag_operator to 2022-01-01T00:00:00+00:00, run_after=2022-01-01T00:00:00+00:00
[2023-03-29T03:28:57.897+0000] {logging_mixin.py:137} INFO - [2023-03-29T03:28:57.897+0000] {dag.py:3444} INFO - Setting next_dagrun for example_subdag_operator.section-1 to None, run_after=None
[2023-03-29T03:28:57.899+0000] {logging_mixin.py:137} INFO - [2023-03-29T03:28:57.899+0000] {dag.py:3444} INFO - Setting next_dagrun for example_subdag_operator.section-2 to None, run_after=None
[2023-03-29T03:28:57.904+0000] {logging_mixin.py:137} INFO - [2023-03-29T03:28:57.904+0000] {dag.py:2693} INFO - Sync 2 DAGs
[2023-03-29T03:28:57.909+0000] {logging_mixin.py:137} INFO - [2023-03-29T03:28:57.909+0000] {dag.py:3444} INFO - Setting next_dagrun for example_subdag_operator.section-1 to None, run_after=None
[2023-03-29T03:28:57.910+0000] {logging_mixin.py:137} INFO - [2023-03-29T03:28:57.910+0000] {dag.py:3444} INFO - Setting next_dagrun for example_subdag_operator.section-2 to None, run_after=None
[2023-03-29T03:28:57.918+0000] {processor.py:175} INFO - Processing /home/airflow/.local/lib/python3.7/site-packages/airflow/example_dags/example_subdag_operator.py took 0.127 seconds
[2023-03-29T03:29:28.250+0000] {processor.py:153} INFO - Started process (PID=330) to work on /home/airflow/.local/lib/python3.7/site-packages/airflow/example_dags/example_subdag_operator.py
[2023-03-29T03:29:28.254+0000] {processor.py:743} INFO - Processing file /home/airflow/.local/lib/python3.7/site-packages/airflow/example_dags/example_subdag_operator.py for tasks to queue
[2023-03-29T03:29:28.256+0000] {logging_mixin.py:137} INFO - [2023-03-29T03:29:28.255+0000] {dagbag.py:532} INFO - Filling up the DagBag from /home/airflow/.local/lib/python3.7/site-packages/airflow/example_dags/example_subdag_operator.py
[2023-03-29T03:29:28.294+0000] {processor.py:753} INFO - DAG(s) dict_keys(['example_subdag_operator.section-1', 'example_subdag_operator.section-2', 'example_subdag_operator']) retrieved from /home/airflow/.local/lib/python3.7/site-packages/airflow/example_dags/example_subdag_operator.py
[2023-03-29T03:29:28.313+0000] {logging_mixin.py:137} INFO - [2023-03-29T03:29:28.313+0000] {dag.py:2693} INFO - Sync 3 DAGs
[2023-03-29T03:29:28.333+0000] {logging_mixin.py:137} INFO - [2023-03-29T03:29:28.333+0000] {dag.py:3444} INFO - Setting next_dagrun for example_subdag_operator to 2022-01-01T00:00:00+00:00, run_after=2022-01-01T00:00:00+00:00
[2023-03-29T03:29:28.337+0000] {logging_mixin.py:137} INFO - [2023-03-29T03:29:28.336+0000] {dag.py:3444} INFO - Setting next_dagrun for example_subdag_operator.section-1 to None, run_after=None
[2023-03-29T03:29:28.338+0000] {logging_mixin.py:137} INFO - [2023-03-29T03:29:28.338+0000] {dag.py:3444} INFO - Setting next_dagrun for example_subdag_operator.section-2 to None, run_after=None
[2023-03-29T03:29:28.344+0000] {logging_mixin.py:137} INFO - [2023-03-29T03:29:28.344+0000] {dag.py:2693} INFO - Sync 2 DAGs
[2023-03-29T03:29:28.348+0000] {logging_mixin.py:137} INFO - [2023-03-29T03:29:28.348+0000] {dag.py:3444} INFO - Setting next_dagrun for example_subdag_operator.section-1 to None, run_after=None
[2023-03-29T03:29:28.349+0000] {logging_mixin.py:137} INFO - [2023-03-29T03:29:28.349+0000] {dag.py:3444} INFO - Setting next_dagrun for example_subdag_operator.section-2 to None, run_after=None
[2023-03-29T03:29:28.363+0000] {processor.py:175} INFO - Processing /home/airflow/.local/lib/python3.7/site-packages/airflow/example_dags/example_subdag_operator.py took 0.117 seconds
[2023-03-29T03:29:58.982+0000] {processor.py:153} INFO - Started process (PID=379) to work on /home/airflow/.local/lib/python3.7/site-packages/airflow/example_dags/example_subdag_operator.py
[2023-03-29T03:29:58.984+0000] {processor.py:743} INFO - Processing file /home/airflow/.local/lib/python3.7/site-packages/airflow/example_dags/example_subdag_operator.py for tasks to queue
[2023-03-29T03:29:58.986+0000] {logging_mixin.py:137} INFO - [2023-03-29T03:29:58.986+0000] {dagbag.py:532} INFO - Filling up the DagBag from /home/airflow/.local/lib/python3.7/site-packages/airflow/example_dags/example_subdag_operator.py
[2023-03-29T03:29:59.043+0000] {processor.py:753} INFO - DAG(s) dict_keys(['example_subdag_operator.section-1', 'example_subdag_operator.section-2', 'example_subdag_operator']) retrieved from /home/airflow/.local/lib/python3.7/site-packages/airflow/example_dags/example_subdag_operator.py
[2023-03-29T03:29:59.061+0000] {logging_mixin.py:137} INFO - [2023-03-29T03:29:59.061+0000] {dag.py:2693} INFO - Sync 3 DAGs
[2023-03-29T03:29:59.083+0000] {logging_mixin.py:137} INFO - [2023-03-29T03:29:59.083+0000] {dag.py:3444} INFO - Setting next_dagrun for example_subdag_operator to 2022-01-01T00:00:00+00:00, run_after=2022-01-01T00:00:00+00:00
[2023-03-29T03:29:59.087+0000] {logging_mixin.py:137} INFO - [2023-03-29T03:29:59.087+0000] {dag.py:3444} INFO - Setting next_dagrun for example_subdag_operator.section-1 to None, run_after=None
[2023-03-29T03:29:59.089+0000] {logging_mixin.py:137} INFO - [2023-03-29T03:29:59.089+0000] {dag.py:3444} INFO - Setting next_dagrun for example_subdag_operator.section-2 to None, run_after=None
[2023-03-29T03:29:59.095+0000] {logging_mixin.py:137} INFO - [2023-03-29T03:29:59.095+0000] {dag.py:2693} INFO - Sync 2 DAGs
[2023-03-29T03:29:59.103+0000] {logging_mixin.py:137} INFO - [2023-03-29T03:29:59.102+0000] {dag.py:3444} INFO - Setting next_dagrun for example_subdag_operator.section-1 to None, run_after=None
[2023-03-29T03:29:59.104+0000] {logging_mixin.py:137} INFO - [2023-03-29T03:29:59.104+0000] {dag.py:3444} INFO - Setting next_dagrun for example_subdag_operator.section-2 to None, run_after=None
[2023-03-29T03:29:59.122+0000] {processor.py:175} INFO - Processing /home/airflow/.local/lib/python3.7/site-packages/airflow/example_dags/example_subdag_operator.py took 0.150 seconds
[2023-03-29T03:30:29.224+0000] {processor.py:153} INFO - Started process (PID=428) to work on /home/airflow/.local/lib/python3.7/site-packages/airflow/example_dags/example_subdag_operator.py
[2023-03-29T03:30:29.227+0000] {processor.py:743} INFO - Processing file /home/airflow/.local/lib/python3.7/site-packages/airflow/example_dags/example_subdag_operator.py for tasks to queue
[2023-03-29T03:30:29.229+0000] {logging_mixin.py:137} INFO - [2023-03-29T03:30:29.228+0000] {dagbag.py:532} INFO - Filling up the DagBag from /home/airflow/.local/lib/python3.7/site-packages/airflow/example_dags/example_subdag_operator.py
[2023-03-29T03:30:29.293+0000] {processor.py:753} INFO - DAG(s) dict_keys(['example_subdag_operator.section-1', 'example_subdag_operator.section-2', 'example_subdag_operator']) retrieved from /home/airflow/.local/lib/python3.7/site-packages/airflow/example_dags/example_subdag_operator.py
[2023-03-29T03:30:29.328+0000] {logging_mixin.py:137} INFO - [2023-03-29T03:30:29.328+0000] {dag.py:2693} INFO - Sync 3 DAGs
[2023-03-29T03:30:29.361+0000] {logging_mixin.py:137} INFO - [2023-03-29T03:30:29.361+0000] {dag.py:3444} INFO - Setting next_dagrun for example_subdag_operator to 2022-01-01T00:00:00+00:00, run_after=2022-01-01T00:00:00+00:00
[2023-03-29T03:30:29.368+0000] {logging_mixin.py:137} INFO - [2023-03-29T03:30:29.368+0000] {dag.py:3444} INFO - Setting next_dagrun for example_subdag_operator.section-1 to None, run_after=None
[2023-03-29T03:30:29.371+0000] {logging_mixin.py:137} INFO - [2023-03-29T03:30:29.370+0000] {dag.py:3444} INFO - Setting next_dagrun for example_subdag_operator.section-2 to None, run_after=None
[2023-03-29T03:30:29.379+0000] {logging_mixin.py:137} INFO - [2023-03-29T03:30:29.379+0000] {dag.py:2693} INFO - Sync 2 DAGs
[2023-03-29T03:30:29.387+0000] {logging_mixin.py:137} INFO - [2023-03-29T03:30:29.387+0000] {dag.py:3444} INFO - Setting next_dagrun for example_subdag_operator.section-1 to None, run_after=None
[2023-03-29T03:30:29.388+0000] {logging_mixin.py:137} INFO - [2023-03-29T03:30:29.388+0000] {dag.py:3444} INFO - Setting next_dagrun for example_subdag_operator.section-2 to None, run_after=None
[2023-03-29T03:30:29.397+0000] {processor.py:175} INFO - Processing /home/airflow/.local/lib/python3.7/site-packages/airflow/example_dags/example_subdag_operator.py took 0.183 seconds
[2023-03-29T03:31:00.389+0000] {processor.py:153} INFO - Started process (PID=477) to work on /home/airflow/.local/lib/python3.7/site-packages/airflow/example_dags/example_subdag_operator.py
[2023-03-29T03:31:00.391+0000] {processor.py:743} INFO - Processing file /home/airflow/.local/lib/python3.7/site-packages/airflow/example_dags/example_subdag_operator.py for tasks to queue
[2023-03-29T03:31:00.392+0000] {logging_mixin.py:137} INFO - [2023-03-29T03:31:00.392+0000] {dagbag.py:532} INFO - Filling up the DagBag from /home/airflow/.local/lib/python3.7/site-packages/airflow/example_dags/example_subdag_operator.py
[2023-03-29T03:31:00.460+0000] {processor.py:753} INFO - DAG(s) dict_keys(['example_subdag_operator.section-1', 'example_subdag_operator.section-2', 'example_subdag_operator']) retrieved from /home/airflow/.local/lib/python3.7/site-packages/airflow/example_dags/example_subdag_operator.py
[2023-03-29T03:31:00.490+0000] {logging_mixin.py:137} INFO - [2023-03-29T03:31:00.490+0000] {dag.py:2693} INFO - Sync 3 DAGs
[2023-03-29T03:31:00.631+0000] {logging_mixin.py:137} INFO - [2023-03-29T03:31:00.631+0000] {dag.py:3444} INFO - Setting next_dagrun for example_subdag_operator to 2022-01-01T00:00:00+00:00, run_after=2022-01-01T00:00:00+00:00
[2023-03-29T03:31:00.653+0000] {logging_mixin.py:137} INFO - [2023-03-29T03:31:00.653+0000] {dag.py:3444} INFO - Setting next_dagrun for example_subdag_operator.section-1 to None, run_after=None
[2023-03-29T03:31:00.666+0000] {logging_mixin.py:137} INFO - [2023-03-29T03:31:00.666+0000] {dag.py:3444} INFO - Setting next_dagrun for example_subdag_operator.section-2 to None, run_after=None
[2023-03-29T03:31:00.696+0000] {logging_mixin.py:137} INFO - [2023-03-29T03:31:00.696+0000] {dag.py:2693} INFO - Sync 2 DAGs
[2023-03-29T03:31:00.716+0000] {logging_mixin.py:137} INFO - [2023-03-29T03:31:00.715+0000] {dag.py:3444} INFO - Setting next_dagrun for example_subdag_operator.section-1 to None, run_after=None
[2023-03-29T03:31:00.719+0000] {logging_mixin.py:137} INFO - [2023-03-29T03:31:00.719+0000] {dag.py:3444} INFO - Setting next_dagrun for example_subdag_operator.section-2 to None, run_after=None
[2023-03-29T03:31:00.738+0000] {processor.py:175} INFO - Processing /home/airflow/.local/lib/python3.7/site-packages/airflow/example_dags/example_subdag_operator.py took 0.352 seconds
[2023-03-29T03:31:31.461+0000] {processor.py:153} INFO - Started process (PID=526) to work on /home/airflow/.local/lib/python3.7/site-packages/airflow/example_dags/example_subdag_operator.py
[2023-03-29T03:31:31.463+0000] {processor.py:743} INFO - Processing file /home/airflow/.local/lib/python3.7/site-packages/airflow/example_dags/example_subdag_operator.py for tasks to queue
[2023-03-29T03:31:31.466+0000] {logging_mixin.py:137} INFO - [2023-03-29T03:31:31.466+0000] {dagbag.py:532} INFO - Filling up the DagBag from /home/airflow/.local/lib/python3.7/site-packages/airflow/example_dags/example_subdag_operator.py
[2023-03-29T03:31:31.522+0000] {processor.py:753} INFO - DAG(s) dict_keys(['example_subdag_operator.section-1', 'example_subdag_operator.section-2', 'example_subdag_operator']) retrieved from /home/airflow/.local/lib/python3.7/site-packages/airflow/example_dags/example_subdag_operator.py
[2023-03-29T03:31:31.543+0000] {logging_mixin.py:137} INFO - [2023-03-29T03:31:31.543+0000] {dag.py:2693} INFO - Sync 3 DAGs
[2023-03-29T03:31:31.570+0000] {logging_mixin.py:137} INFO - [2023-03-29T03:31:31.570+0000] {dag.py:3444} INFO - Setting next_dagrun for example_subdag_operator to 2022-01-01T00:00:00+00:00, run_after=2022-01-01T00:00:00+00:00
[2023-03-29T03:31:31.582+0000] {logging_mixin.py:137} INFO - [2023-03-29T03:31:31.581+0000] {dag.py:3444} INFO - Setting next_dagrun for example_subdag_operator.section-1 to None, run_after=None
[2023-03-29T03:31:31.586+0000] {logging_mixin.py:137} INFO - [2023-03-29T03:31:31.586+0000] {dag.py:3444} INFO - Setting next_dagrun for example_subdag_operator.section-2 to None, run_after=None
[2023-03-29T03:31:31.606+0000] {logging_mixin.py:137} INFO - [2023-03-29T03:31:31.606+0000] {dag.py:2693} INFO - Sync 2 DAGs
[2023-03-29T03:31:31.615+0000] {logging_mixin.py:137} INFO - [2023-03-29T03:31:31.614+0000] {dag.py:3444} INFO - Setting next_dagrun for example_subdag_operator.section-1 to None, run_after=None
[2023-03-29T03:31:31.617+0000] {logging_mixin.py:137} INFO - [2023-03-29T03:31:31.617+0000] {dag.py:3444} INFO - Setting next_dagrun for example_subdag_operator.section-2 to None, run_after=None
[2023-03-29T03:31:31.641+0000] {processor.py:175} INFO - Processing /home/airflow/.local/lib/python3.7/site-packages/airflow/example_dags/example_subdag_operator.py took 0.186 seconds
[2023-03-29T03:32:02.255+0000] {processor.py:153} INFO - Started process (PID=575) to work on /home/airflow/.local/lib/python3.7/site-packages/airflow/example_dags/example_subdag_operator.py
[2023-03-29T03:32:02.257+0000] {processor.py:743} INFO - Processing file /home/airflow/.local/lib/python3.7/site-packages/airflow/example_dags/example_subdag_operator.py for tasks to queue
[2023-03-29T03:32:02.258+0000] {logging_mixin.py:137} INFO - [2023-03-29T03:32:02.258+0000] {dagbag.py:532} INFO - Filling up the DagBag from /home/airflow/.local/lib/python3.7/site-packages/airflow/example_dags/example_subdag_operator.py
[2023-03-29T03:32:02.309+0000] {processor.py:753} INFO - DAG(s) dict_keys(['example_subdag_operator.section-1', 'example_subdag_operator.section-2', 'example_subdag_operator']) retrieved from /home/airflow/.local/lib/python3.7/site-packages/airflow/example_dags/example_subdag_operator.py
[2023-03-29T03:32:02.336+0000] {logging_mixin.py:137} INFO - [2023-03-29T03:32:02.336+0000] {dag.py:2693} INFO - Sync 3 DAGs
[2023-03-29T03:32:02.372+0000] {logging_mixin.py:137} INFO - [2023-03-29T03:32:02.372+0000] {dag.py:3444} INFO - Setting next_dagrun for example_subdag_operator to 2022-01-01T00:00:00+00:00, run_after=2022-01-01T00:00:00+00:00
[2023-03-29T03:32:02.378+0000] {logging_mixin.py:137} INFO - [2023-03-29T03:32:02.378+0000] {dag.py:3444} INFO - Setting next_dagrun for example_subdag_operator.section-1 to None, run_after=None
[2023-03-29T03:32:02.379+0000] {logging_mixin.py:137} INFO - [2023-03-29T03:32:02.379+0000] {dag.py:3444} INFO - Setting next_dagrun for example_subdag_operator.section-2 to None, run_after=None
[2023-03-29T03:32:02.385+0000] {logging_mixin.py:137} INFO - [2023-03-29T03:32:02.385+0000] {dag.py:2693} INFO - Sync 2 DAGs
[2023-03-29T03:32:02.390+0000] {logging_mixin.py:137} INFO - [2023-03-29T03:32:02.390+0000] {dag.py:3444} INFO - Setting next_dagrun for example_subdag_operator.section-1 to None, run_after=None
[2023-03-29T03:32:02.391+0000] {logging_mixin.py:137} INFO - [2023-03-29T03:32:02.391+0000] {dag.py:3444} INFO - Setting next_dagrun for example_subdag_operator.section-2 to None, run_after=None
[2023-03-29T03:32:02.401+0000] {processor.py:175} INFO - Processing /home/airflow/.local/lib/python3.7/site-packages/airflow/example_dags/example_subdag_operator.py took 0.148 seconds
[2023-03-29T03:32:32.920+0000] {processor.py:153} INFO - Started process (PID=625) to work on /home/airflow/.local/lib/python3.7/site-packages/airflow/example_dags/example_subdag_operator.py
[2023-03-29T03:32:32.922+0000] {processor.py:743} INFO - Processing file /home/airflow/.local/lib/python3.7/site-packages/airflow/example_dags/example_subdag_operator.py for tasks to queue
[2023-03-29T03:32:32.924+0000] {logging_mixin.py:137} INFO - [2023-03-29T03:32:32.924+0000] {dagbag.py:532} INFO - Filling up the DagBag from /home/airflow/.local/lib/python3.7/site-packages/airflow/example_dags/example_subdag_operator.py
[2023-03-29T03:32:33.040+0000] {processor.py:753} INFO - DAG(s) dict_keys(['example_subdag_operator.section-1', 'example_subdag_operator.section-2', 'example_subdag_operator']) retrieved from /home/airflow/.local/lib/python3.7/site-packages/airflow/example_dags/example_subdag_operator.py
[2023-03-29T03:32:33.067+0000] {logging_mixin.py:137} INFO - [2023-03-29T03:32:33.067+0000] {dag.py:2693} INFO - Sync 3 DAGs
[2023-03-29T03:32:33.101+0000] {logging_mixin.py:137} INFO - [2023-03-29T03:32:33.101+0000] {dag.py:3444} INFO - Setting next_dagrun for example_subdag_operator to 2022-01-01T00:00:00+00:00, run_after=2022-01-01T00:00:00+00:00
[2023-03-29T03:32:33.105+0000] {logging_mixin.py:137} INFO - [2023-03-29T03:32:33.105+0000] {dag.py:3444} INFO - Setting next_dagrun for example_subdag_operator.section-1 to None, run_after=None
[2023-03-29T03:32:33.106+0000] {logging_mixin.py:137} INFO - [2023-03-29T03:32:33.106+0000] {dag.py:3444} INFO - Setting next_dagrun for example_subdag_operator.section-2 to None, run_after=None
[2023-03-29T03:32:33.116+0000] {logging_mixin.py:137} INFO - [2023-03-29T03:32:33.116+0000] {dag.py:2693} INFO - Sync 2 DAGs
[2023-03-29T03:32:33.121+0000] {logging_mixin.py:137} INFO - [2023-03-29T03:32:33.121+0000] {dag.py:3444} INFO - Setting next_dagrun for example_subdag_operator.section-1 to None, run_after=None
[2023-03-29T03:32:33.122+0000] {logging_mixin.py:137} INFO - [2023-03-29T03:32:33.122+0000] {dag.py:3444} INFO - Setting next_dagrun for example_subdag_operator.section-2 to None, run_after=None
[2023-03-29T03:32:33.131+0000] {processor.py:175} INFO - Processing /home/airflow/.local/lib/python3.7/site-packages/airflow/example_dags/example_subdag_operator.py took 0.220 seconds
[2023-03-29T03:33:03.968+0000] {processor.py:153} INFO - Started process (PID=674) to work on /home/airflow/.local/lib/python3.7/site-packages/airflow/example_dags/example_subdag_operator.py
[2023-03-29T03:33:03.971+0000] {processor.py:743} INFO - Processing file /home/airflow/.local/lib/python3.7/site-packages/airflow/example_dags/example_subdag_operator.py for tasks to queue
[2023-03-29T03:33:03.973+0000] {logging_mixin.py:137} INFO - [2023-03-29T03:33:03.973+0000] {dagbag.py:532} INFO - Filling up the DagBag from /home/airflow/.local/lib/python3.7/site-packages/airflow/example_dags/example_subdag_operator.py
[2023-03-29T03:33:04.038+0000] {processor.py:753} INFO - DAG(s) dict_keys(['example_subdag_operator.section-1', 'example_subdag_operator.section-2', 'example_subdag_operator']) retrieved from /home/airflow/.local/lib/python3.7/site-packages/airflow/example_dags/example_subdag_operator.py
[2023-03-29T03:33:04.065+0000] {logging_mixin.py:137} INFO - [2023-03-29T03:33:04.065+0000] {dag.py:2693} INFO - Sync 3 DAGs
[2023-03-29T03:33:04.091+0000] {logging_mixin.py:137} INFO - [2023-03-29T03:33:04.091+0000] {dag.py:3444} INFO - Setting next_dagrun for example_subdag_operator to 2022-01-01T00:00:00+00:00, run_after=2022-01-01T00:00:00+00:00
[2023-03-29T03:33:04.094+0000] {logging_mixin.py:137} INFO - [2023-03-29T03:33:04.094+0000] {dag.py:3444} INFO - Setting next_dagrun for example_subdag_operator.section-1 to None, run_after=None
[2023-03-29T03:33:04.096+0000] {logging_mixin.py:137} INFO - [2023-03-29T03:33:04.096+0000] {dag.py:3444} INFO - Setting next_dagrun for example_subdag_operator.section-2 to None, run_after=None
[2023-03-29T03:33:04.102+0000] {logging_mixin.py:137} INFO - [2023-03-29T03:33:04.102+0000] {dag.py:2693} INFO - Sync 2 DAGs
[2023-03-29T03:33:04.107+0000] {logging_mixin.py:137} INFO - [2023-03-29T03:33:04.107+0000] {dag.py:3444} INFO - Setting next_dagrun for example_subdag_operator.section-1 to None, run_after=None
[2023-03-29T03:33:04.108+0000] {logging_mixin.py:137} INFO - [2023-03-29T03:33:04.108+0000] {dag.py:3444} INFO - Setting next_dagrun for example_subdag_operator.section-2 to None, run_after=None
[2023-03-29T03:33:04.118+0000] {processor.py:175} INFO - Processing /home/airflow/.local/lib/python3.7/site-packages/airflow/example_dags/example_subdag_operator.py took 0.158 seconds
[2023-03-29T03:33:34.642+0000] {processor.py:153} INFO - Started process (PID=723) to work on /home/airflow/.local/lib/python3.7/site-packages/airflow/example_dags/example_subdag_operator.py
[2023-03-29T03:33:34.645+0000] {processor.py:743} INFO - Processing file /home/airflow/.local/lib/python3.7/site-packages/airflow/example_dags/example_subdag_operator.py for tasks to queue
[2023-03-29T03:33:34.647+0000] {logging_mixin.py:137} INFO - [2023-03-29T03:33:34.647+0000] {dagbag.py:532} INFO - Filling up the DagBag from /home/airflow/.local/lib/python3.7/site-packages/airflow/example_dags/example_subdag_operator.py
[2023-03-29T03:33:34.718+0000] {processor.py:753} INFO - DAG(s) dict_keys(['example_subdag_operator.section-1', 'example_subdag_operator.section-2', 'example_subdag_operator']) retrieved from /home/airflow/.local/lib/python3.7/site-packages/airflow/example_dags/example_subdag_operator.py
[2023-03-29T03:33:34.747+0000] {logging_mixin.py:137} INFO - [2023-03-29T03:33:34.747+0000] {dag.py:2693} INFO - Sync 3 DAGs
[2023-03-29T03:33:34.776+0000] {logging_mixin.py:137} INFO - [2023-03-29T03:33:34.776+0000] {dag.py:3444} INFO - Setting next_dagrun for example_subdag_operator to 2022-01-01T00:00:00+00:00, run_after=2022-01-01T00:00:00+00:00
[2023-03-29T03:33:34.784+0000] {logging_mixin.py:137} INFO - [2023-03-29T03:33:34.783+0000] {dag.py:3444} INFO - Setting next_dagrun for example_subdag_operator.section-1 to None, run_after=None
[2023-03-29T03:33:34.785+0000] {logging_mixin.py:137} INFO - [2023-03-29T03:33:34.785+0000] {dag.py:3444} INFO - Setting next_dagrun for example_subdag_operator.section-2 to None, run_after=None
[2023-03-29T03:33:34.791+0000] {logging_mixin.py:137} INFO - [2023-03-29T03:33:34.791+0000] {dag.py:2693} INFO - Sync 2 DAGs
[2023-03-29T03:33:34.796+0000] {logging_mixin.py:137} INFO - [2023-03-29T03:33:34.796+0000] {dag.py:3444} INFO - Setting next_dagrun for example_subdag_operator.section-1 to None, run_after=None
[2023-03-29T03:33:34.797+0000] {logging_mixin.py:137} INFO - [2023-03-29T03:33:34.797+0000] {dag.py:3444} INFO - Setting next_dagrun for example_subdag_operator.section-2 to None, run_after=None
[2023-03-29T03:33:34.808+0000] {processor.py:175} INFO - Processing /home/airflow/.local/lib/python3.7/site-packages/airflow/example_dags/example_subdag_operator.py took 0.171 seconds
[2023-03-29T03:34:05.457+0000] {processor.py:153} INFO - Started process (PID=772) to work on /home/airflow/.local/lib/python3.7/site-packages/airflow/example_dags/example_subdag_operator.py
[2023-03-29T03:34:05.459+0000] {processor.py:743} INFO - Processing file /home/airflow/.local/lib/python3.7/site-packages/airflow/example_dags/example_subdag_operator.py for tasks to queue
[2023-03-29T03:34:05.460+0000] {logging_mixin.py:137} INFO - [2023-03-29T03:34:05.460+0000] {dagbag.py:532} INFO - Filling up the DagBag from /home/airflow/.local/lib/python3.7/site-packages/airflow/example_dags/example_subdag_operator.py
[2023-03-29T03:34:05.524+0000] {processor.py:753} INFO - DAG(s) dict_keys(['example_subdag_operator.section-1', 'example_subdag_operator.section-2', 'example_subdag_operator']) retrieved from /home/airflow/.local/lib/python3.7/site-packages/airflow/example_dags/example_subdag_operator.py
[2023-03-29T03:34:05.551+0000] {logging_mixin.py:137} INFO - [2023-03-29T03:34:05.551+0000] {dag.py:2693} INFO - Sync 3 DAGs
[2023-03-29T03:34:05.583+0000] {logging_mixin.py:137} INFO - [2023-03-29T03:34:05.583+0000] {dag.py:3444} INFO - Setting next_dagrun for example_subdag_operator to 2022-01-01T00:00:00+00:00, run_after=2022-01-01T00:00:00+00:00
[2023-03-29T03:34:05.587+0000] {logging_mixin.py:137} INFO - [2023-03-29T03:34:05.587+0000] {dag.py:3444} INFO - Setting next_dagrun for example_subdag_operator.section-1 to None, run_after=None
[2023-03-29T03:34:05.589+0000] {logging_mixin.py:137} INFO - [2023-03-29T03:34:05.589+0000] {dag.py:3444} INFO - Setting next_dagrun for example_subdag_operator.section-2 to None, run_after=None
[2023-03-29T03:34:05.601+0000] {logging_mixin.py:137} INFO - [2023-03-29T03:34:05.601+0000] {dag.py:2693} INFO - Sync 2 DAGs
[2023-03-29T03:34:05.606+0000] {logging_mixin.py:137} INFO - [2023-03-29T03:34:05.606+0000] {dag.py:3444} INFO - Setting next_dagrun for example_subdag_operator.section-1 to None, run_after=None
[2023-03-29T03:34:05.607+0000] {logging_mixin.py:137} INFO - [2023-03-29T03:34:05.607+0000] {dag.py:3444} INFO - Setting next_dagrun for example_subdag_operator.section-2 to None, run_after=None
[2023-03-29T03:34:05.617+0000] {processor.py:175} INFO - Processing /home/airflow/.local/lib/python3.7/site-packages/airflow/example_dags/example_subdag_operator.py took 0.163 seconds
[2023-03-29T03:34:36.131+0000] {processor.py:153} INFO - Started process (PID=822) to work on /home/airflow/.local/lib/python3.7/site-packages/airflow/example_dags/example_subdag_operator.py
[2023-03-29T03:34:36.133+0000] {processor.py:743} INFO - Processing file /home/airflow/.local/lib/python3.7/site-packages/airflow/example_dags/example_subdag_operator.py for tasks to queue
[2023-03-29T03:34:36.134+0000] {logging_mixin.py:137} INFO - [2023-03-29T03:34:36.134+0000] {dagbag.py:532} INFO - Filling up the DagBag from /home/airflow/.local/lib/python3.7/site-packages/airflow/example_dags/example_subdag_operator.py
[2023-03-29T03:34:36.210+0000] {processor.py:753} INFO - DAG(s) dict_keys(['example_subdag_operator.section-1', 'example_subdag_operator.section-2', 'example_subdag_operator']) retrieved from /home/airflow/.local/lib/python3.7/site-packages/airflow/example_dags/example_subdag_operator.py
[2023-03-29T03:34:36.239+0000] {logging_mixin.py:137} INFO - [2023-03-29T03:34:36.238+0000] {dag.py:2693} INFO - Sync 3 DAGs
[2023-03-29T03:34:36.266+0000] {logging_mixin.py:137} INFO - [2023-03-29T03:34:36.266+0000] {dag.py:3444} INFO - Setting next_dagrun for example_subdag_operator to 2022-01-01T00:00:00+00:00, run_after=2022-01-01T00:00:00+00:00
[2023-03-29T03:34:36.270+0000] {logging_mixin.py:137} INFO - [2023-03-29T03:34:36.270+0000] {dag.py:3444} INFO - Setting next_dagrun for example_subdag_operator.section-1 to None, run_after=None
[2023-03-29T03:34:36.272+0000] {logging_mixin.py:137} INFO - [2023-03-29T03:34:36.272+0000] {dag.py:3444} INFO - Setting next_dagrun for example_subdag_operator.section-2 to None, run_after=None
[2023-03-29T03:34:36.283+0000] {logging_mixin.py:137} INFO - [2023-03-29T03:34:36.283+0000] {dag.py:2693} INFO - Sync 2 DAGs
[2023-03-29T03:34:36.287+0000] {logging_mixin.py:137} INFO - [2023-03-29T03:34:36.287+0000] {dag.py:3444} INFO - Setting next_dagrun for example_subdag_operator.section-1 to None, run_after=None
[2023-03-29T03:34:36.289+0000] {logging_mixin.py:137} INFO - [2023-03-29T03:34:36.289+0000] {dag.py:3444} INFO - Setting next_dagrun for example_subdag_operator.section-2 to None, run_after=None
[2023-03-29T03:34:36.302+0000] {processor.py:175} INFO - Processing /home/airflow/.local/lib/python3.7/site-packages/airflow/example_dags/example_subdag_operator.py took 0.176 seconds
[2023-03-29T03:35:06.735+0000] {processor.py:153} INFO - Started process (PID=871) to work on /home/airflow/.local/lib/python3.7/site-packages/airflow/example_dags/example_subdag_operator.py
[2023-03-29T03:35:06.737+0000] {processor.py:743} INFO - Processing file /home/airflow/.local/lib/python3.7/site-packages/airflow/example_dags/example_subdag_operator.py for tasks to queue
[2023-03-29T03:35:06.738+0000] {logging_mixin.py:137} INFO - [2023-03-29T03:35:06.738+0000] {dagbag.py:532} INFO - Filling up the DagBag from /home/airflow/.local/lib/python3.7/site-packages/airflow/example_dags/example_subdag_operator.py
[2023-03-29T03:35:06.814+0000] {processor.py:753} INFO - DAG(s) dict_keys(['example_subdag_operator.section-1', 'example_subdag_operator.section-2', 'example_subdag_operator']) retrieved from /home/airflow/.local/lib/python3.7/site-packages/airflow/example_dags/example_subdag_operator.py
[2023-03-29T03:35:06.844+0000] {logging_mixin.py:137} INFO - [2023-03-29T03:35:06.844+0000] {dag.py:2693} INFO - Sync 3 DAGs
[2023-03-29T03:35:06.872+0000] {logging_mixin.py:137} INFO - [2023-03-29T03:35:06.872+0000] {dag.py:3444} INFO - Setting next_dagrun for example_subdag_operator to 2022-01-01T00:00:00+00:00, run_after=2022-01-01T00:00:00+00:00
[2023-03-29T03:35:06.875+0000] {logging_mixin.py:137} INFO - [2023-03-29T03:35:06.875+0000] {dag.py:3444} INFO - Setting next_dagrun for example_subdag_operator.section-1 to None, run_after=None
[2023-03-29T03:35:06.877+0000] {logging_mixin.py:137} INFO - [2023-03-29T03:35:06.877+0000] {dag.py:3444} INFO - Setting next_dagrun for example_subdag_operator.section-2 to None, run_after=None
[2023-03-29T03:35:06.887+0000] {logging_mixin.py:137} INFO - [2023-03-29T03:35:06.887+0000] {dag.py:2693} INFO - Sync 2 DAGs
[2023-03-29T03:35:06.893+0000] {logging_mixin.py:137} INFO - [2023-03-29T03:35:06.893+0000] {dag.py:3444} INFO - Setting next_dagrun for example_subdag_operator.section-1 to None, run_after=None
[2023-03-29T03:35:06.895+0000] {logging_mixin.py:137} INFO - [2023-03-29T03:35:06.895+0000] {dag.py:3444} INFO - Setting next_dagrun for example_subdag_operator.section-2 to None, run_after=None
[2023-03-29T03:35:06.906+0000] {processor.py:175} INFO - Processing /home/airflow/.local/lib/python3.7/site-packages/airflow/example_dags/example_subdag_operator.py took 0.174 seconds
[2023-03-29T03:35:37.357+0000] {processor.py:153} INFO - Started process (PID=920) to work on /home/airflow/.local/lib/python3.7/site-packages/airflow/example_dags/example_subdag_operator.py
[2023-03-29T03:35:37.360+0000] {processor.py:743} INFO - Processing file /home/airflow/.local/lib/python3.7/site-packages/airflow/example_dags/example_subdag_operator.py for tasks to queue
[2023-03-29T03:35:37.361+0000] {logging_mixin.py:137} INFO - [2023-03-29T03:35:37.361+0000] {dagbag.py:532} INFO - Filling up the DagBag from /home/airflow/.local/lib/python3.7/site-packages/airflow/example_dags/example_subdag_operator.py
[2023-03-29T03:35:37.437+0000] {processor.py:753} INFO - DAG(s) dict_keys(['example_subdag_operator.section-1', 'example_subdag_operator.section-2', 'example_subdag_operator']) retrieved from /home/airflow/.local/lib/python3.7/site-packages/airflow/example_dags/example_subdag_operator.py
[2023-03-29T03:35:37.469+0000] {logging_mixin.py:137} INFO - [2023-03-29T03:35:37.469+0000] {dag.py:2693} INFO - Sync 3 DAGs
[2023-03-29T03:35:37.498+0000] {logging_mixin.py:137} INFO - [2023-03-29T03:35:37.498+0000] {dag.py:3444} INFO - Setting next_dagrun for example_subdag_operator to 2022-01-01T00:00:00+00:00, run_after=2022-01-01T00:00:00+00:00
[2023-03-29T03:35:37.502+0000] {logging_mixin.py:137} INFO - [2023-03-29T03:35:37.502+0000] {dag.py:3444} INFO - Setting next_dagrun for example_subdag_operator.section-1 to None, run_after=None
[2023-03-29T03:35:37.503+0000] {logging_mixin.py:137} INFO - [2023-03-29T03:35:37.503+0000] {dag.py:3444} INFO - Setting next_dagrun for example_subdag_operator.section-2 to None, run_after=None
[2023-03-29T03:35:37.517+0000] {logging_mixin.py:137} INFO - [2023-03-29T03:35:37.517+0000] {dag.py:2693} INFO - Sync 2 DAGs
[2023-03-29T03:35:37.522+0000] {logging_mixin.py:137} INFO - [2023-03-29T03:35:37.522+0000] {dag.py:3444} INFO - Setting next_dagrun for example_subdag_operator.section-1 to None, run_after=None
[2023-03-29T03:35:37.523+0000] {logging_mixin.py:137} INFO - [2023-03-29T03:35:37.523+0000] {dag.py:3444} INFO - Setting next_dagrun for example_subdag_operator.section-2 to None, run_after=None
[2023-03-29T03:35:37.534+0000] {processor.py:175} INFO - Processing /home/airflow/.local/lib/python3.7/site-packages/airflow/example_dags/example_subdag_operator.py took 0.181 seconds
[2023-03-29T03:36:08.066+0000] {processor.py:153} INFO - Started process (PID=969) to work on /home/airflow/.local/lib/python3.7/site-packages/airflow/example_dags/example_subdag_operator.py
[2023-03-29T03:36:08.068+0000] {processor.py:743} INFO - Processing file /home/airflow/.local/lib/python3.7/site-packages/airflow/example_dags/example_subdag_operator.py for tasks to queue
[2023-03-29T03:36:08.069+0000] {logging_mixin.py:137} INFO - [2023-03-29T03:36:08.069+0000] {dagbag.py:532} INFO - Filling up the DagBag from /home/airflow/.local/lib/python3.7/site-packages/airflow/example_dags/example_subdag_operator.py
[2023-03-29T03:36:08.133+0000] {processor.py:753} INFO - DAG(s) dict_keys(['example_subdag_operator.section-1', 'example_subdag_operator.section-2', 'example_subdag_operator']) retrieved from /home/airflow/.local/lib/python3.7/site-packages/airflow/example_dags/example_subdag_operator.py
[2023-03-29T03:36:08.161+0000] {logging_mixin.py:137} INFO - [2023-03-29T03:36:08.161+0000] {dag.py:2693} INFO - Sync 3 DAGs
[2023-03-29T03:36:08.186+0000] {logging_mixin.py:137} INFO - [2023-03-29T03:36:08.186+0000] {dag.py:3444} INFO - Setting next_dagrun for example_subdag_operator to 2022-01-01T00:00:00+00:00, run_after=2022-01-01T00:00:00+00:00
[2023-03-29T03:36:08.192+0000] {logging_mixin.py:137} INFO - [2023-03-29T03:36:08.191+0000] {dag.py:3444} INFO - Setting next_dagrun for example_subdag_operator.section-1 to None, run_after=None
[2023-03-29T03:36:08.193+0000] {logging_mixin.py:137} INFO - [2023-03-29T03:36:08.193+0000] {dag.py:3444} INFO - Setting next_dagrun for example_subdag_operator.section-2 to None, run_after=None
[2023-03-29T03:36:08.200+0000] {logging_mixin.py:137} INFO - [2023-03-29T03:36:08.199+0000] {dag.py:2693} INFO - Sync 2 DAGs
[2023-03-29T03:36:08.204+0000] {logging_mixin.py:137} INFO - [2023-03-29T03:36:08.204+0000] {dag.py:3444} INFO - Setting next_dagrun for example_subdag_operator.section-1 to None, run_after=None
[2023-03-29T03:36:08.205+0000] {logging_mixin.py:137} INFO - [2023-03-29T03:36:08.205+0000] {dag.py:3444} INFO - Setting next_dagrun for example_subdag_operator.section-2 to None, run_after=None
[2023-03-29T03:36:08.217+0000] {processor.py:175} INFO - Processing /home/airflow/.local/lib/python3.7/site-packages/airflow/example_dags/example_subdag_operator.py took 0.155 seconds
[2023-03-29T03:36:38.915+0000] {processor.py:153} INFO - Started process (PID=1019) to work on /home/airflow/.local/lib/python3.7/site-packages/airflow/example_dags/example_subdag_operator.py
[2023-03-29T03:36:38.917+0000] {processor.py:743} INFO - Processing file /home/airflow/.local/lib/python3.7/site-packages/airflow/example_dags/example_subdag_operator.py for tasks to queue
[2023-03-29T03:36:38.919+0000] {logging_mixin.py:137} INFO - [2023-03-29T03:36:38.918+0000] {dagbag.py:532} INFO - Filling up the DagBag from /home/airflow/.local/lib/python3.7/site-packages/airflow/example_dags/example_subdag_operator.py
[2023-03-29T03:36:38.979+0000] {processor.py:753} INFO - DAG(s) dict_keys(['example_subdag_operator.section-1', 'example_subdag_operator.section-2', 'example_subdag_operator']) retrieved from /home/airflow/.local/lib/python3.7/site-packages/airflow/example_dags/example_subdag_operator.py
[2023-03-29T03:36:39.007+0000] {logging_mixin.py:137} INFO - [2023-03-29T03:36:39.006+0000] {dag.py:2693} INFO - Sync 3 DAGs
[2023-03-29T03:36:39.034+0000] {logging_mixin.py:137} INFO - [2023-03-29T03:36:39.034+0000] {dag.py:3444} INFO - Setting next_dagrun for example_subdag_operator to 2022-01-01T00:00:00+00:00, run_after=2022-01-01T00:00:00+00:00
[2023-03-29T03:36:39.039+0000] {logging_mixin.py:137} INFO - [2023-03-29T03:36:39.039+0000] {dag.py:3444} INFO - Setting next_dagrun for example_subdag_operator.section-1 to None, run_after=None
[2023-03-29T03:36:39.040+0000] {logging_mixin.py:137} INFO - [2023-03-29T03:36:39.040+0000] {dag.py:3444} INFO - Setting next_dagrun for example_subdag_operator.section-2 to None, run_after=None
[2023-03-29T03:36:39.051+0000] {logging_mixin.py:137} INFO - [2023-03-29T03:36:39.051+0000] {dag.py:2693} INFO - Sync 2 DAGs
[2023-03-29T03:36:39.056+0000] {logging_mixin.py:137} INFO - [2023-03-29T03:36:39.056+0000] {dag.py:3444} INFO - Setting next_dagrun for example_subdag_operator.section-1 to None, run_after=None
[2023-03-29T03:36:39.057+0000] {logging_mixin.py:137} INFO - [2023-03-29T03:36:39.056+0000] {dag.py:3444} INFO - Setting next_dagrun for example_subdag_operator.section-2 to None, run_after=None
[2023-03-29T03:36:39.075+0000] {processor.py:175} INFO - Processing /home/airflow/.local/lib/python3.7/site-packages/airflow/example_dags/example_subdag_operator.py took 0.164 seconds
[2023-03-29T03:37:09.504+0000] {processor.py:153} INFO - Started process (PID=1068) to work on /home/airflow/.local/lib/python3.7/site-packages/airflow/example_dags/example_subdag_operator.py
[2023-03-29T03:37:09.507+0000] {processor.py:743} INFO - Processing file /home/airflow/.local/lib/python3.7/site-packages/airflow/example_dags/example_subdag_operator.py for tasks to queue
[2023-03-29T03:37:09.508+0000] {logging_mixin.py:137} INFO - [2023-03-29T03:37:09.508+0000] {dagbag.py:532} INFO - Filling up the DagBag from /home/airflow/.local/lib/python3.7/site-packages/airflow/example_dags/example_subdag_operator.py
[2023-03-29T03:37:09.575+0000] {processor.py:753} INFO - DAG(s) dict_keys(['example_subdag_operator.section-1', 'example_subdag_operator.section-2', 'example_subdag_operator']) retrieved from /home/airflow/.local/lib/python3.7/site-packages/airflow/example_dags/example_subdag_operator.py
[2023-03-29T03:37:09.608+0000] {logging_mixin.py:137} INFO - [2023-03-29T03:37:09.608+0000] {dag.py:2693} INFO - Sync 3 DAGs
[2023-03-29T03:37:09.662+0000] {logging_mixin.py:137} INFO - [2023-03-29T03:37:09.662+0000] {dag.py:3444} INFO - Setting next_dagrun for example_subdag_operator to 2022-01-01T00:00:00+00:00, run_after=2022-01-01T00:00:00+00:00
[2023-03-29T03:37:09.670+0000] {logging_mixin.py:137} INFO - [2023-03-29T03:37:09.670+0000] {dag.py:3444} INFO - Setting next_dagrun for example_subdag_operator.section-1 to None, run_after=None
[2023-03-29T03:37:09.675+0000] {logging_mixin.py:137} INFO - [2023-03-29T03:37:09.675+0000] {dag.py:3444} INFO - Setting next_dagrun for example_subdag_operator.section-2 to None, run_after=None
[2023-03-29T03:37:09.685+0000] {logging_mixin.py:137} INFO - [2023-03-29T03:37:09.685+0000] {dag.py:2693} INFO - Sync 2 DAGs
[2023-03-29T03:37:09.690+0000] {logging_mixin.py:137} INFO - [2023-03-29T03:37:09.690+0000] {dag.py:3444} INFO - Setting next_dagrun for example_subdag_operator.section-1 to None, run_after=None
[2023-03-29T03:37:09.691+0000] {logging_mixin.py:137} INFO - [2023-03-29T03:37:09.691+0000] {dag.py:3444} INFO - Setting next_dagrun for example_subdag_operator.section-2 to None, run_after=None
[2023-03-29T03:37:09.701+0000] {processor.py:175} INFO - Processing /home/airflow/.local/lib/python3.7/site-packages/airflow/example_dags/example_subdag_operator.py took 0.202 seconds
[2023-03-29T03:37:40.185+0000] {processor.py:153} INFO - Started process (PID=1117) to work on /home/airflow/.local/lib/python3.7/site-packages/airflow/example_dags/example_subdag_operator.py
[2023-03-29T03:37:40.187+0000] {processor.py:743} INFO - Processing file /home/airflow/.local/lib/python3.7/site-packages/airflow/example_dags/example_subdag_operator.py for tasks to queue
[2023-03-29T03:37:40.189+0000] {logging_mixin.py:137} INFO - [2023-03-29T03:37:40.189+0000] {dagbag.py:532} INFO - Filling up the DagBag from /home/airflow/.local/lib/python3.7/site-packages/airflow/example_dags/example_subdag_operator.py
[2023-03-29T03:37:40.247+0000] {processor.py:753} INFO - DAG(s) dict_keys(['example_subdag_operator.section-1', 'example_subdag_operator.section-2', 'example_subdag_operator']) retrieved from /home/airflow/.local/lib/python3.7/site-packages/airflow/example_dags/example_subdag_operator.py
[2023-03-29T03:37:40.282+0000] {logging_mixin.py:137} INFO - [2023-03-29T03:37:40.282+0000] {dag.py:2693} INFO - Sync 3 DAGs
[2023-03-29T03:37:40.365+0000] {logging_mixin.py:137} INFO - [2023-03-29T03:37:40.365+0000] {dag.py:3444} INFO - Setting next_dagrun for example_subdag_operator to 2022-01-01T00:00:00+00:00, run_after=2022-01-01T00:00:00+00:00
[2023-03-29T03:37:40.369+0000] {logging_mixin.py:137} INFO - [2023-03-29T03:37:40.369+0000] {dag.py:3444} INFO - Setting next_dagrun for example_subdag_operator.section-1 to None, run_after=None
[2023-03-29T03:37:40.372+0000] {logging_mixin.py:137} INFO - [2023-03-29T03:37:40.371+0000] {dag.py:3444} INFO - Setting next_dagrun for example_subdag_operator.section-2 to None, run_after=None
[2023-03-29T03:37:40.381+0000] {logging_mixin.py:137} INFO - [2023-03-29T03:37:40.381+0000] {dag.py:2693} INFO - Sync 2 DAGs
[2023-03-29T03:37:40.387+0000] {logging_mixin.py:137} INFO - [2023-03-29T03:37:40.387+0000] {dag.py:3444} INFO - Setting next_dagrun for example_subdag_operator.section-1 to None, run_after=None
[2023-03-29T03:37:40.388+0000] {logging_mixin.py:137} INFO - [2023-03-29T03:37:40.388+0000] {dag.py:3444} INFO - Setting next_dagrun for example_subdag_operator.section-2 to None, run_after=None
[2023-03-29T03:37:40.399+0000] {processor.py:175} INFO - Processing /home/airflow/.local/lib/python3.7/site-packages/airflow/example_dags/example_subdag_operator.py took 0.219 seconds
[2023-03-29T03:38:10.720+0000] {processor.py:153} INFO - Started process (PID=1166) to work on /home/airflow/.local/lib/python3.7/site-packages/airflow/example_dags/example_subdag_operator.py
[2023-03-29T03:38:10.722+0000] {processor.py:743} INFO - Processing file /home/airflow/.local/lib/python3.7/site-packages/airflow/example_dags/example_subdag_operator.py for tasks to queue
[2023-03-29T03:38:10.724+0000] {logging_mixin.py:137} INFO - [2023-03-29T03:38:10.724+0000] {dagbag.py:532} INFO - Filling up the DagBag from /home/airflow/.local/lib/python3.7/site-packages/airflow/example_dags/example_subdag_operator.py
[2023-03-29T03:38:10.787+0000] {processor.py:753} INFO - DAG(s) dict_keys(['example_subdag_operator.section-1', 'example_subdag_operator.section-2', 'example_subdag_operator']) retrieved from /home/airflow/.local/lib/python3.7/site-packages/airflow/example_dags/example_subdag_operator.py
[2023-03-29T03:38:10.815+0000] {logging_mixin.py:137} INFO - [2023-03-29T03:38:10.815+0000] {dag.py:2693} INFO - Sync 3 DAGs
[2023-03-29T03:38:10.849+0000] {logging_mixin.py:137} INFO - [2023-03-29T03:38:10.849+0000] {dag.py:3444} INFO - Setting next_dagrun for example_subdag_operator to 2022-01-01T00:00:00+00:00, run_after=2022-01-01T00:00:00+00:00
[2023-03-29T03:38:10.856+0000] {logging_mixin.py:137} INFO - [2023-03-29T03:38:10.855+0000] {dag.py:3444} INFO - Setting next_dagrun for example_subdag_operator.section-1 to None, run_after=None
[2023-03-29T03:38:10.860+0000] {logging_mixin.py:137} INFO - [2023-03-29T03:38:10.859+0000] {dag.py:3444} INFO - Setting next_dagrun for example_subdag_operator.section-2 to None, run_after=None
[2023-03-29T03:38:10.878+0000] {logging_mixin.py:137} INFO - [2023-03-29T03:38:10.878+0000] {dag.py:2693} INFO - Sync 2 DAGs
[2023-03-29T03:38:10.888+0000] {logging_mixin.py:137} INFO - [2023-03-29T03:38:10.887+0000] {dag.py:3444} INFO - Setting next_dagrun for example_subdag_operator.section-1 to None, run_after=None
[2023-03-29T03:38:10.891+0000] {logging_mixin.py:137} INFO - [2023-03-29T03:38:10.891+0000] {dag.py:3444} INFO - Setting next_dagrun for example_subdag_operator.section-2 to None, run_after=None
[2023-03-29T03:38:10.946+0000] {processor.py:175} INFO - Processing /home/airflow/.local/lib/python3.7/site-packages/airflow/example_dags/example_subdag_operator.py took 0.230 seconds
[2023-03-29T03:38:41.345+0000] {processor.py:153} INFO - Started process (PID=1215) to work on /home/airflow/.local/lib/python3.7/site-packages/airflow/example_dags/example_subdag_operator.py
[2023-03-29T03:38:41.348+0000] {processor.py:743} INFO - Processing file /home/airflow/.local/lib/python3.7/site-packages/airflow/example_dags/example_subdag_operator.py for tasks to queue
[2023-03-29T03:38:41.350+0000] {logging_mixin.py:137} INFO - [2023-03-29T03:38:41.350+0000] {dagbag.py:532} INFO - Filling up the DagBag from /home/airflow/.local/lib/python3.7/site-packages/airflow/example_dags/example_subdag_operator.py
[2023-03-29T03:38:41.420+0000] {processor.py:753} INFO - DAG(s) dict_keys(['example_subdag_operator.section-1', 'example_subdag_operator.section-2', 'example_subdag_operator']) retrieved from /home/airflow/.local/lib/python3.7/site-packages/airflow/example_dags/example_subdag_operator.py
[2023-03-29T03:38:41.464+0000] {logging_mixin.py:137} INFO - [2023-03-29T03:38:41.464+0000] {dag.py:2693} INFO - Sync 3 DAGs
[2023-03-29T03:38:41.490+0000] {logging_mixin.py:137} INFO - [2023-03-29T03:38:41.490+0000] {dag.py:3444} INFO - Setting next_dagrun for example_subdag_operator to 2022-01-01T00:00:00+00:00, run_after=2022-01-01T00:00:00+00:00
[2023-03-29T03:38:41.495+0000] {logging_mixin.py:137} INFO - [2023-03-29T03:38:41.495+0000] {dag.py:3444} INFO - Setting next_dagrun for example_subdag_operator.section-1 to None, run_after=None
[2023-03-29T03:38:41.497+0000] {logging_mixin.py:137} INFO - [2023-03-29T03:38:41.497+0000] {dag.py:3444} INFO - Setting next_dagrun for example_subdag_operator.section-2 to None, run_after=None
[2023-03-29T03:38:41.503+0000] {logging_mixin.py:137} INFO - [2023-03-29T03:38:41.503+0000] {dag.py:2693} INFO - Sync 2 DAGs
[2023-03-29T03:38:41.509+0000] {logging_mixin.py:137} INFO - [2023-03-29T03:38:41.508+0000] {dag.py:3444} INFO - Setting next_dagrun for example_subdag_operator.section-1 to None, run_after=None
[2023-03-29T03:38:41.511+0000] {logging_mixin.py:137} INFO - [2023-03-29T03:38:41.511+0000] {dag.py:3444} INFO - Setting next_dagrun for example_subdag_operator.section-2 to None, run_after=None
[2023-03-29T03:38:41.527+0000] {processor.py:175} INFO - Processing /home/airflow/.local/lib/python3.7/site-packages/airflow/example_dags/example_subdag_operator.py took 0.188 seconds
[2023-03-29T03:39:12.044+0000] {processor.py:153} INFO - Started process (PID=1265) to work on /home/airflow/.local/lib/python3.7/site-packages/airflow/example_dags/example_subdag_operator.py
[2023-03-29T03:39:12.046+0000] {processor.py:743} INFO - Processing file /home/airflow/.local/lib/python3.7/site-packages/airflow/example_dags/example_subdag_operator.py for tasks to queue
[2023-03-29T03:39:12.047+0000] {logging_mixin.py:137} INFO - [2023-03-29T03:39:12.047+0000] {dagbag.py:532} INFO - Filling up the DagBag from /home/airflow/.local/lib/python3.7/site-packages/airflow/example_dags/example_subdag_operator.py
[2023-03-29T03:39:12.109+0000] {processor.py:753} INFO - DAG(s) dict_keys(['example_subdag_operator.section-1', 'example_subdag_operator.section-2', 'example_subdag_operator']) retrieved from /home/airflow/.local/lib/python3.7/site-packages/airflow/example_dags/example_subdag_operator.py
[2023-03-29T03:39:12.133+0000] {logging_mixin.py:137} INFO - [2023-03-29T03:39:12.133+0000] {dag.py:2693} INFO - Sync 3 DAGs
[2023-03-29T03:39:12.163+0000] {logging_mixin.py:137} INFO - [2023-03-29T03:39:12.163+0000] {dag.py:3444} INFO - Setting next_dagrun for example_subdag_operator to 2022-01-01T00:00:00+00:00, run_after=2022-01-01T00:00:00+00:00
[2023-03-29T03:39:12.168+0000] {logging_mixin.py:137} INFO - [2023-03-29T03:39:12.168+0000] {dag.py:3444} INFO - Setting next_dagrun for example_subdag_operator.section-1 to None, run_after=None
[2023-03-29T03:39:12.169+0000] {logging_mixin.py:137} INFO - [2023-03-29T03:39:12.169+0000] {dag.py:3444} INFO - Setting next_dagrun for example_subdag_operator.section-2 to None, run_after=None
[2023-03-29T03:39:12.176+0000] {logging_mixin.py:137} INFO - [2023-03-29T03:39:12.176+0000] {dag.py:2693} INFO - Sync 2 DAGs
[2023-03-29T03:39:12.182+0000] {logging_mixin.py:137} INFO - [2023-03-29T03:39:12.182+0000] {dag.py:3444} INFO - Setting next_dagrun for example_subdag_operator.section-1 to None, run_after=None
[2023-03-29T03:39:12.183+0000] {logging_mixin.py:137} INFO - [2023-03-29T03:39:12.183+0000] {dag.py:3444} INFO - Setting next_dagrun for example_subdag_operator.section-2 to None, run_after=None
[2023-03-29T03:39:12.195+0000] {processor.py:175} INFO - Processing /home/airflow/.local/lib/python3.7/site-packages/airflow/example_dags/example_subdag_operator.py took 0.156 seconds
[2023-03-29T03:39:42.642+0000] {processor.py:153} INFO - Started process (PID=1314) to work on /home/airflow/.local/lib/python3.7/site-packages/airflow/example_dags/example_subdag_operator.py
[2023-03-29T03:39:42.644+0000] {processor.py:743} INFO - Processing file /home/airflow/.local/lib/python3.7/site-packages/airflow/example_dags/example_subdag_operator.py for tasks to queue
[2023-03-29T03:39:42.650+0000] {logging_mixin.py:137} INFO - [2023-03-29T03:39:42.649+0000] {dagbag.py:532} INFO - Filling up the DagBag from /home/airflow/.local/lib/python3.7/site-packages/airflow/example_dags/example_subdag_operator.py
[2023-03-29T03:39:42.716+0000] {processor.py:753} INFO - DAG(s) dict_keys(['example_subdag_operator.section-1', 'example_subdag_operator.section-2', 'example_subdag_operator']) retrieved from /home/airflow/.local/lib/python3.7/site-packages/airflow/example_dags/example_subdag_operator.py
[2023-03-29T03:39:42.740+0000] {logging_mixin.py:137} INFO - [2023-03-29T03:39:42.740+0000] {dag.py:2693} INFO - Sync 3 DAGs
[2023-03-29T03:39:42.767+0000] {logging_mixin.py:137} INFO - [2023-03-29T03:39:42.767+0000] {dag.py:3444} INFO - Setting next_dagrun for example_subdag_operator to 2022-01-01T00:00:00+00:00, run_after=2022-01-01T00:00:00+00:00
[2023-03-29T03:39:42.777+0000] {logging_mixin.py:137} INFO - [2023-03-29T03:39:42.776+0000] {dag.py:3444} INFO - Setting next_dagrun for example_subdag_operator.section-1 to None, run_after=None
[2023-03-29T03:39:42.779+0000] {logging_mixin.py:137} INFO - [2023-03-29T03:39:42.778+0000] {dag.py:3444} INFO - Setting next_dagrun for example_subdag_operator.section-2 to None, run_after=None
[2023-03-29T03:39:42.785+0000] {logging_mixin.py:137} INFO - [2023-03-29T03:39:42.785+0000] {dag.py:2693} INFO - Sync 2 DAGs
[2023-03-29T03:39:42.789+0000] {logging_mixin.py:137} INFO - [2023-03-29T03:39:42.789+0000] {dag.py:3444} INFO - Setting next_dagrun for example_subdag_operator.section-1 to None, run_after=None
[2023-03-29T03:39:42.790+0000] {logging_mixin.py:137} INFO - [2023-03-29T03:39:42.790+0000] {dag.py:3444} INFO - Setting next_dagrun for example_subdag_operator.section-2 to None, run_after=None
[2023-03-29T03:39:42.800+0000] {processor.py:175} INFO - Processing /home/airflow/.local/lib/python3.7/site-packages/airflow/example_dags/example_subdag_operator.py took 0.163 seconds
[2023-03-29T03:40:13.148+0000] {processor.py:153} INFO - Started process (PID=1363) to work on /home/airflow/.local/lib/python3.7/site-packages/airflow/example_dags/example_subdag_operator.py
[2023-03-29T03:40:13.150+0000] {processor.py:743} INFO - Processing file /home/airflow/.local/lib/python3.7/site-packages/airflow/example_dags/example_subdag_operator.py for tasks to queue
[2023-03-29T03:40:13.152+0000] {logging_mixin.py:137} INFO - [2023-03-29T03:40:13.152+0000] {dagbag.py:532} INFO - Filling up the DagBag from /home/airflow/.local/lib/python3.7/site-packages/airflow/example_dags/example_subdag_operator.py
[2023-03-29T03:40:13.215+0000] {processor.py:753} INFO - DAG(s) dict_keys(['example_subdag_operator.section-1', 'example_subdag_operator.section-2', 'example_subdag_operator']) retrieved from /home/airflow/.local/lib/python3.7/site-packages/airflow/example_dags/example_subdag_operator.py
[2023-03-29T03:40:13.246+0000] {logging_mixin.py:137} INFO - [2023-03-29T03:40:13.246+0000] {dag.py:2693} INFO - Sync 3 DAGs
[2023-03-29T03:40:13.292+0000] {logging_mixin.py:137} INFO - [2023-03-29T03:40:13.292+0000] {dag.py:3444} INFO - Setting next_dagrun for example_subdag_operator to 2022-01-01T00:00:00+00:00, run_after=2022-01-01T00:00:00+00:00
[2023-03-29T03:40:13.297+0000] {logging_mixin.py:137} INFO - [2023-03-29T03:40:13.297+0000] {dag.py:3444} INFO - Setting next_dagrun for example_subdag_operator.section-1 to None, run_after=None
[2023-03-29T03:40:13.298+0000] {logging_mixin.py:137} INFO - [2023-03-29T03:40:13.298+0000] {dag.py:3444} INFO - Setting next_dagrun for example_subdag_operator.section-2 to None, run_after=None
[2023-03-29T03:40:13.315+0000] {logging_mixin.py:137} INFO - [2023-03-29T03:40:13.314+0000] {dag.py:2693} INFO - Sync 2 DAGs
[2023-03-29T03:40:13.320+0000] {logging_mixin.py:137} INFO - [2023-03-29T03:40:13.320+0000] {dag.py:3444} INFO - Setting next_dagrun for example_subdag_operator.section-1 to None, run_after=None
[2023-03-29T03:40:13.321+0000] {logging_mixin.py:137} INFO - [2023-03-29T03:40:13.321+0000] {dag.py:3444} INFO - Setting next_dagrun for example_subdag_operator.section-2 to None, run_after=None
[2023-03-29T03:40:13.332+0000] {processor.py:175} INFO - Processing /home/airflow/.local/lib/python3.7/site-packages/airflow/example_dags/example_subdag_operator.py took 0.187 seconds
[2023-03-29T03:40:44.072+0000] {processor.py:153} INFO - Started process (PID=1412) to work on /home/airflow/.local/lib/python3.7/site-packages/airflow/example_dags/example_subdag_operator.py
[2023-03-29T03:40:44.074+0000] {processor.py:743} INFO - Processing file /home/airflow/.local/lib/python3.7/site-packages/airflow/example_dags/example_subdag_operator.py for tasks to queue
[2023-03-29T03:40:44.075+0000] {logging_mixin.py:137} INFO - [2023-03-29T03:40:44.075+0000] {dagbag.py:532} INFO - Filling up the DagBag from /home/airflow/.local/lib/python3.7/site-packages/airflow/example_dags/example_subdag_operator.py
[2023-03-29T03:40:44.136+0000] {processor.py:753} INFO - DAG(s) dict_keys(['example_subdag_operator.section-1', 'example_subdag_operator.section-2', 'example_subdag_operator']) retrieved from /home/airflow/.local/lib/python3.7/site-packages/airflow/example_dags/example_subdag_operator.py
[2023-03-29T03:40:44.161+0000] {logging_mixin.py:137} INFO - [2023-03-29T03:40:44.161+0000] {dag.py:2693} INFO - Sync 3 DAGs
[2023-03-29T03:40:44.187+0000] {logging_mixin.py:137} INFO - [2023-03-29T03:40:44.187+0000] {dag.py:3444} INFO - Setting next_dagrun for example_subdag_operator to 2022-01-01T00:00:00+00:00, run_after=2022-01-01T00:00:00+00:00
[2023-03-29T03:40:44.191+0000] {logging_mixin.py:137} INFO - [2023-03-29T03:40:44.191+0000] {dag.py:3444} INFO - Setting next_dagrun for example_subdag_operator.section-1 to None, run_after=None
[2023-03-29T03:40:44.192+0000] {logging_mixin.py:137} INFO - [2023-03-29T03:40:44.192+0000] {dag.py:3444} INFO - Setting next_dagrun for example_subdag_operator.section-2 to None, run_after=None
[2023-03-29T03:40:44.203+0000] {logging_mixin.py:137} INFO - [2023-03-29T03:40:44.202+0000] {dag.py:2693} INFO - Sync 2 DAGs
[2023-03-29T03:40:44.208+0000] {logging_mixin.py:137} INFO - [2023-03-29T03:40:44.208+0000] {dag.py:3444} INFO - Setting next_dagrun for example_subdag_operator.section-1 to None, run_after=None
[2023-03-29T03:40:44.209+0000] {logging_mixin.py:137} INFO - [2023-03-29T03:40:44.209+0000] {dag.py:3444} INFO - Setting next_dagrun for example_subdag_operator.section-2 to None, run_after=None
[2023-03-29T03:40:44.218+0000] {processor.py:175} INFO - Processing /home/airflow/.local/lib/python3.7/site-packages/airflow/example_dags/example_subdag_operator.py took 0.150 seconds
[2023-03-29T03:41:14.775+0000] {processor.py:153} INFO - Started process (PID=1461) to work on /home/airflow/.local/lib/python3.7/site-packages/airflow/example_dags/example_subdag_operator.py
[2023-03-29T03:41:14.778+0000] {processor.py:743} INFO - Processing file /home/airflow/.local/lib/python3.7/site-packages/airflow/example_dags/example_subdag_operator.py for tasks to queue
[2023-03-29T03:41:14.779+0000] {logging_mixin.py:137} INFO - [2023-03-29T03:41:14.779+0000] {dagbag.py:532} INFO - Filling up the DagBag from /home/airflow/.local/lib/python3.7/site-packages/airflow/example_dags/example_subdag_operator.py
[2023-03-29T03:41:14.821+0000] {processor.py:753} INFO - DAG(s) dict_keys(['example_subdag_operator.section-1', 'example_subdag_operator.section-2', 'example_subdag_operator']) retrieved from /home/airflow/.local/lib/python3.7/site-packages/airflow/example_dags/example_subdag_operator.py
[2023-03-29T03:41:14.839+0000] {logging_mixin.py:137} INFO - [2023-03-29T03:41:14.839+0000] {dag.py:2693} INFO - Sync 3 DAGs
[2023-03-29T03:41:14.863+0000] {logging_mixin.py:137} INFO - [2023-03-29T03:41:14.863+0000] {dag.py:3444} INFO - Setting next_dagrun for example_subdag_operator to 2022-01-01T00:00:00+00:00, run_after=2022-01-01T00:00:00+00:00
[2023-03-29T03:41:14.869+0000] {logging_mixin.py:137} INFO - [2023-03-29T03:41:14.869+0000] {dag.py:3444} INFO - Setting next_dagrun for example_subdag_operator.section-1 to None, run_after=None
[2023-03-29T03:41:14.871+0000] {logging_mixin.py:137} INFO - [2023-03-29T03:41:14.871+0000] {dag.py:3444} INFO - Setting next_dagrun for example_subdag_operator.section-2 to None, run_after=None
[2023-03-29T03:41:14.878+0000] {logging_mixin.py:137} INFO - [2023-03-29T03:41:14.878+0000] {dag.py:2693} INFO - Sync 2 DAGs
[2023-03-29T03:41:14.883+0000] {logging_mixin.py:137} INFO - [2023-03-29T03:41:14.882+0000] {dag.py:3444} INFO - Setting next_dagrun for example_subdag_operator.section-1 to None, run_after=None
[2023-03-29T03:41:14.884+0000] {logging_mixin.py:137} INFO - [2023-03-29T03:41:14.884+0000] {dag.py:3444} INFO - Setting next_dagrun for example_subdag_operator.section-2 to None, run_after=None
[2023-03-29T03:41:14.896+0000] {processor.py:175} INFO - Processing /home/airflow/.local/lib/python3.7/site-packages/airflow/example_dags/example_subdag_operator.py took 0.125 seconds
[2023-03-29T03:41:45.454+0000] {processor.py:153} INFO - Started process (PID=1510) to work on /home/airflow/.local/lib/python3.7/site-packages/airflow/example_dags/example_subdag_operator.py
[2023-03-29T03:41:45.457+0000] {processor.py:743} INFO - Processing file /home/airflow/.local/lib/python3.7/site-packages/airflow/example_dags/example_subdag_operator.py for tasks to queue
[2023-03-29T03:41:45.459+0000] {logging_mixin.py:137} INFO - [2023-03-29T03:41:45.459+0000] {dagbag.py:532} INFO - Filling up the DagBag from /home/airflow/.local/lib/python3.7/site-packages/airflow/example_dags/example_subdag_operator.py
[2023-03-29T03:41:45.520+0000] {processor.py:753} INFO - DAG(s) dict_keys(['example_subdag_operator.section-1', 'example_subdag_operator.section-2', 'example_subdag_operator']) retrieved from /home/airflow/.local/lib/python3.7/site-packages/airflow/example_dags/example_subdag_operator.py
[2023-03-29T03:41:45.548+0000] {logging_mixin.py:137} INFO - [2023-03-29T03:41:45.547+0000] {dag.py:2693} INFO - Sync 3 DAGs
[2023-03-29T03:41:45.572+0000] {logging_mixin.py:137} INFO - [2023-03-29T03:41:45.572+0000] {dag.py:3444} INFO - Setting next_dagrun for example_subdag_operator to 2022-01-01T00:00:00+00:00, run_after=2022-01-01T00:00:00+00:00
[2023-03-29T03:41:45.576+0000] {logging_mixin.py:137} INFO - [2023-03-29T03:41:45.576+0000] {dag.py:3444} INFO - Setting next_dagrun for example_subdag_operator.section-1 to None, run_after=None
[2023-03-29T03:41:45.579+0000] {logging_mixin.py:137} INFO - [2023-03-29T03:41:45.579+0000] {dag.py:3444} INFO - Setting next_dagrun for example_subdag_operator.section-2 to None, run_after=None
[2023-03-29T03:41:45.587+0000] {logging_mixin.py:137} INFO - [2023-03-29T03:41:45.587+0000] {dag.py:2693} INFO - Sync 2 DAGs
[2023-03-29T03:41:45.592+0000] {logging_mixin.py:137} INFO - [2023-03-29T03:41:45.592+0000] {dag.py:3444} INFO - Setting next_dagrun for example_subdag_operator.section-1 to None, run_after=None
[2023-03-29T03:41:45.593+0000] {logging_mixin.py:137} INFO - [2023-03-29T03:41:45.593+0000] {dag.py:3444} INFO - Setting next_dagrun for example_subdag_operator.section-2 to None, run_after=None
[2023-03-29T03:41:45.602+0000] {processor.py:175} INFO - Processing /home/airflow/.local/lib/python3.7/site-packages/airflow/example_dags/example_subdag_operator.py took 0.152 seconds
[2023-03-29T03:42:16.035+0000] {processor.py:153} INFO - Started process (PID=1561) to work on /home/airflow/.local/lib/python3.7/site-packages/airflow/example_dags/example_subdag_operator.py
[2023-03-29T03:42:16.037+0000] {processor.py:743} INFO - Processing file /home/airflow/.local/lib/python3.7/site-packages/airflow/example_dags/example_subdag_operator.py for tasks to queue
[2023-03-29T03:42:16.038+0000] {logging_mixin.py:137} INFO - [2023-03-29T03:42:16.038+0000] {dagbag.py:532} INFO - Filling up the DagBag from /home/airflow/.local/lib/python3.7/site-packages/airflow/example_dags/example_subdag_operator.py
[2023-03-29T03:42:16.077+0000] {processor.py:753} INFO - DAG(s) dict_keys(['example_subdag_operator.section-1', 'example_subdag_operator.section-2', 'example_subdag_operator']) retrieved from /home/airflow/.local/lib/python3.7/site-packages/airflow/example_dags/example_subdag_operator.py
[2023-03-29T03:42:16.096+0000] {logging_mixin.py:137} INFO - [2023-03-29T03:42:16.096+0000] {dag.py:2693} INFO - Sync 3 DAGs
[2023-03-29T03:42:16.120+0000] {logging_mixin.py:137} INFO - [2023-03-29T03:42:16.120+0000] {dag.py:3444} INFO - Setting next_dagrun for example_subdag_operator to 2022-01-01T00:00:00+00:00, run_after=2022-01-01T00:00:00+00:00
[2023-03-29T03:42:16.124+0000] {logging_mixin.py:137} INFO - [2023-03-29T03:42:16.124+0000] {dag.py:3444} INFO - Setting next_dagrun for example_subdag_operator.section-1 to None, run_after=None
[2023-03-29T03:42:16.127+0000] {logging_mixin.py:137} INFO - [2023-03-29T03:42:16.127+0000] {dag.py:3444} INFO - Setting next_dagrun for example_subdag_operator.section-2 to None, run_after=None
[2023-03-29T03:42:16.133+0000] {logging_mixin.py:137} INFO - [2023-03-29T03:42:16.132+0000] {dag.py:2693} INFO - Sync 2 DAGs
[2023-03-29T03:42:16.137+0000] {logging_mixin.py:137} INFO - [2023-03-29T03:42:16.137+0000] {dag.py:3444} INFO - Setting next_dagrun for example_subdag_operator.section-1 to None, run_after=None
[2023-03-29T03:42:16.138+0000] {logging_mixin.py:137} INFO - [2023-03-29T03:42:16.138+0000] {dag.py:3444} INFO - Setting next_dagrun for example_subdag_operator.section-2 to None, run_after=None
[2023-03-29T03:42:16.147+0000] {processor.py:175} INFO - Processing /home/airflow/.local/lib/python3.7/site-packages/airflow/example_dags/example_subdag_operator.py took 0.116 seconds
[2023-03-29T03:42:46.622+0000] {processor.py:153} INFO - Started process (PID=1610) to work on /home/airflow/.local/lib/python3.7/site-packages/airflow/example_dags/example_subdag_operator.py
[2023-03-29T03:42:46.624+0000] {processor.py:743} INFO - Processing file /home/airflow/.local/lib/python3.7/site-packages/airflow/example_dags/example_subdag_operator.py for tasks to queue
[2023-03-29T03:42:46.625+0000] {logging_mixin.py:137} INFO - [2023-03-29T03:42:46.625+0000] {dagbag.py:532} INFO - Filling up the DagBag from /home/airflow/.local/lib/python3.7/site-packages/airflow/example_dags/example_subdag_operator.py
[2023-03-29T03:42:46.706+0000] {processor.py:753} INFO - DAG(s) dict_keys(['example_subdag_operator.section-1', 'example_subdag_operator.section-2', 'example_subdag_operator']) retrieved from /home/airflow/.local/lib/python3.7/site-packages/airflow/example_dags/example_subdag_operator.py
[2023-03-29T03:42:46.731+0000] {logging_mixin.py:137} INFO - [2023-03-29T03:42:46.731+0000] {dag.py:2693} INFO - Sync 3 DAGs
[2023-03-29T03:42:46.758+0000] {logging_mixin.py:137} INFO - [2023-03-29T03:42:46.758+0000] {dag.py:3444} INFO - Setting next_dagrun for example_subdag_operator to 2022-01-01T00:00:00+00:00, run_after=2022-01-01T00:00:00+00:00
[2023-03-29T03:42:46.762+0000] {logging_mixin.py:137} INFO - [2023-03-29T03:42:46.762+0000] {dag.py:3444} INFO - Setting next_dagrun for example_subdag_operator.section-1 to None, run_after=None
[2023-03-29T03:42:46.763+0000] {logging_mixin.py:137} INFO - [2023-03-29T03:42:46.763+0000] {dag.py:3444} INFO - Setting next_dagrun for example_subdag_operator.section-2 to None, run_after=None
[2023-03-29T03:42:46.770+0000] {logging_mixin.py:137} INFO - [2023-03-29T03:42:46.770+0000] {dag.py:2693} INFO - Sync 2 DAGs
[2023-03-29T03:42:46.775+0000] {logging_mixin.py:137} INFO - [2023-03-29T03:42:46.775+0000] {dag.py:3444} INFO - Setting next_dagrun for example_subdag_operator.section-1 to None, run_after=None
[2023-03-29T03:42:46.776+0000] {logging_mixin.py:137} INFO - [2023-03-29T03:42:46.776+0000] {dag.py:3444} INFO - Setting next_dagrun for example_subdag_operator.section-2 to None, run_after=None
[2023-03-29T03:42:46.788+0000] {processor.py:175} INFO - Processing /home/airflow/.local/lib/python3.7/site-packages/airflow/example_dags/example_subdag_operator.py took 0.170 seconds
[2023-03-29T03:43:17.201+0000] {processor.py:153} INFO - Started process (PID=1659) to work on /home/airflow/.local/lib/python3.7/site-packages/airflow/example_dags/example_subdag_operator.py
[2023-03-29T03:43:17.203+0000] {processor.py:743} INFO - Processing file /home/airflow/.local/lib/python3.7/site-packages/airflow/example_dags/example_subdag_operator.py for tasks to queue
[2023-03-29T03:43:17.206+0000] {logging_mixin.py:137} INFO - [2023-03-29T03:43:17.206+0000] {dagbag.py:532} INFO - Filling up the DagBag from /home/airflow/.local/lib/python3.7/site-packages/airflow/example_dags/example_subdag_operator.py
[2023-03-29T03:43:17.233+0000] {processor.py:753} INFO - DAG(s) dict_keys(['example_subdag_operator.section-1', 'example_subdag_operator.section-2', 'example_subdag_operator']) retrieved from /home/airflow/.local/lib/python3.7/site-packages/airflow/example_dags/example_subdag_operator.py
[2023-03-29T03:43:17.252+0000] {logging_mixin.py:137} INFO - [2023-03-29T03:43:17.252+0000] {dag.py:2693} INFO - Sync 3 DAGs
[2023-03-29T03:43:17.275+0000] {logging_mixin.py:137} INFO - [2023-03-29T03:43:17.275+0000] {dag.py:3444} INFO - Setting next_dagrun for example_subdag_operator to 2022-01-01T00:00:00+00:00, run_after=2022-01-01T00:00:00+00:00
[2023-03-29T03:43:17.279+0000] {logging_mixin.py:137} INFO - [2023-03-29T03:43:17.279+0000] {dag.py:3444} INFO - Setting next_dagrun for example_subdag_operator.section-1 to None, run_after=None
[2023-03-29T03:43:17.280+0000] {logging_mixin.py:137} INFO - [2023-03-29T03:43:17.280+0000] {dag.py:3444} INFO - Setting next_dagrun for example_subdag_operator.section-2 to None, run_after=None
[2023-03-29T03:43:17.285+0000] {logging_mixin.py:137} INFO - [2023-03-29T03:43:17.285+0000] {dag.py:2693} INFO - Sync 2 DAGs
[2023-03-29T03:43:17.290+0000] {logging_mixin.py:137} INFO - [2023-03-29T03:43:17.290+0000] {dag.py:3444} INFO - Setting next_dagrun for example_subdag_operator.section-1 to None, run_after=None
[2023-03-29T03:43:17.291+0000] {logging_mixin.py:137} INFO - [2023-03-29T03:43:17.291+0000] {dag.py:3444} INFO - Setting next_dagrun for example_subdag_operator.section-2 to None, run_after=None
[2023-03-29T03:43:17.299+0000] {processor.py:175} INFO - Processing /home/airflow/.local/lib/python3.7/site-packages/airflow/example_dags/example_subdag_operator.py took 0.101 seconds
[2023-03-29T03:43:48.005+0000] {processor.py:153} INFO - Started process (PID=1708) to work on /home/airflow/.local/lib/python3.7/site-packages/airflow/example_dags/example_subdag_operator.py
[2023-03-29T03:43:48.011+0000] {processor.py:743} INFO - Processing file /home/airflow/.local/lib/python3.7/site-packages/airflow/example_dags/example_subdag_operator.py for tasks to queue
[2023-03-29T03:43:48.013+0000] {logging_mixin.py:137} INFO - [2023-03-29T03:43:48.013+0000] {dagbag.py:532} INFO - Filling up the DagBag from /home/airflow/.local/lib/python3.7/site-packages/airflow/example_dags/example_subdag_operator.py
[2023-03-29T03:43:48.052+0000] {processor.py:753} INFO - DAG(s) dict_keys(['example_subdag_operator.section-1', 'example_subdag_operator.section-2', 'example_subdag_operator']) retrieved from /home/airflow/.local/lib/python3.7/site-packages/airflow/example_dags/example_subdag_operator.py
[2023-03-29T03:43:48.071+0000] {logging_mixin.py:137} INFO - [2023-03-29T03:43:48.071+0000] {dag.py:2693} INFO - Sync 3 DAGs
[2023-03-29T03:43:48.091+0000] {logging_mixin.py:137} INFO - [2023-03-29T03:43:48.091+0000] {dag.py:3444} INFO - Setting next_dagrun for example_subdag_operator to 2022-01-01T00:00:00+00:00, run_after=2022-01-01T00:00:00+00:00
[2023-03-29T03:43:48.097+0000] {logging_mixin.py:137} INFO - [2023-03-29T03:43:48.097+0000] {dag.py:3444} INFO - Setting next_dagrun for example_subdag_operator.section-1 to None, run_after=None
[2023-03-29T03:43:48.099+0000] {logging_mixin.py:137} INFO - [2023-03-29T03:43:48.099+0000] {dag.py:3444} INFO - Setting next_dagrun for example_subdag_operator.section-2 to None, run_after=None
[2023-03-29T03:43:48.104+0000] {logging_mixin.py:137} INFO - [2023-03-29T03:43:48.104+0000] {dag.py:2693} INFO - Sync 2 DAGs
[2023-03-29T03:43:48.110+0000] {logging_mixin.py:137} INFO - [2023-03-29T03:43:48.109+0000] {dag.py:3444} INFO - Setting next_dagrun for example_subdag_operator.section-1 to None, run_after=None
[2023-03-29T03:43:48.111+0000] {logging_mixin.py:137} INFO - [2023-03-29T03:43:48.110+0000] {dag.py:3444} INFO - Setting next_dagrun for example_subdag_operator.section-2 to None, run_after=None
[2023-03-29T03:43:48.123+0000] {processor.py:175} INFO - Processing /home/airflow/.local/lib/python3.7/site-packages/airflow/example_dags/example_subdag_operator.py took 0.122 seconds
[2023-03-29T03:44:18.691+0000] {processor.py:153} INFO - Started process (PID=1757) to work on /home/airflow/.local/lib/python3.7/site-packages/airflow/example_dags/example_subdag_operator.py
[2023-03-29T03:44:18.694+0000] {processor.py:743} INFO - Processing file /home/airflow/.local/lib/python3.7/site-packages/airflow/example_dags/example_subdag_operator.py for tasks to queue
[2023-03-29T03:44:18.695+0000] {logging_mixin.py:137} INFO - [2023-03-29T03:44:18.695+0000] {dagbag.py:532} INFO - Filling up the DagBag from /home/airflow/.local/lib/python3.7/site-packages/airflow/example_dags/example_subdag_operator.py
[2023-03-29T03:44:18.739+0000] {processor.py:753} INFO - DAG(s) dict_keys(['example_subdag_operator.section-1', 'example_subdag_operator.section-2', 'example_subdag_operator']) retrieved from /home/airflow/.local/lib/python3.7/site-packages/airflow/example_dags/example_subdag_operator.py
[2023-03-29T03:44:18.765+0000] {logging_mixin.py:137} INFO - [2023-03-29T03:44:18.765+0000] {dag.py:2693} INFO - Sync 3 DAGs
[2023-03-29T03:44:18.798+0000] {logging_mixin.py:137} INFO - [2023-03-29T03:44:18.798+0000] {dag.py:3444} INFO - Setting next_dagrun for example_subdag_operator to 2022-01-01T00:00:00+00:00, run_after=2022-01-01T00:00:00+00:00
[2023-03-29T03:44:18.803+0000] {logging_mixin.py:137} INFO - [2023-03-29T03:44:18.802+0000] {dag.py:3444} INFO - Setting next_dagrun for example_subdag_operator.section-1 to None, run_after=None
[2023-03-29T03:44:18.806+0000] {logging_mixin.py:137} INFO - [2023-03-29T03:44:18.806+0000] {dag.py:3444} INFO - Setting next_dagrun for example_subdag_operator.section-2 to None, run_after=None
[2023-03-29T03:44:18.817+0000] {logging_mixin.py:137} INFO - [2023-03-29T03:44:18.816+0000] {dag.py:2693} INFO - Sync 2 DAGs
[2023-03-29T03:44:18.824+0000] {logging_mixin.py:137} INFO - [2023-03-29T03:44:18.823+0000] {dag.py:3444} INFO - Setting next_dagrun for example_subdag_operator.section-1 to None, run_after=None
[2023-03-29T03:44:18.826+0000] {logging_mixin.py:137} INFO - [2023-03-29T03:44:18.826+0000] {dag.py:3444} INFO - Setting next_dagrun for example_subdag_operator.section-2 to None, run_after=None
[2023-03-29T03:44:18.847+0000] {processor.py:175} INFO - Processing /home/airflow/.local/lib/python3.7/site-packages/airflow/example_dags/example_subdag_operator.py took 0.159 seconds
[2023-03-29T03:44:49.079+0000] {processor.py:153} INFO - Started process (PID=1806) to work on /home/airflow/.local/lib/python3.7/site-packages/airflow/example_dags/example_subdag_operator.py
[2023-03-29T03:44:49.081+0000] {processor.py:743} INFO - Processing file /home/airflow/.local/lib/python3.7/site-packages/airflow/example_dags/example_subdag_operator.py for tasks to queue
[2023-03-29T03:44:49.083+0000] {logging_mixin.py:137} INFO - [2023-03-29T03:44:49.083+0000] {dagbag.py:532} INFO - Filling up the DagBag from /home/airflow/.local/lib/python3.7/site-packages/airflow/example_dags/example_subdag_operator.py
[2023-03-29T03:44:49.152+0000] {processor.py:753} INFO - DAG(s) dict_keys(['example_subdag_operator.section-1', 'example_subdag_operator.section-2', 'example_subdag_operator']) retrieved from /home/airflow/.local/lib/python3.7/site-packages/airflow/example_dags/example_subdag_operator.py
[2023-03-29T03:44:49.177+0000] {logging_mixin.py:137} INFO - [2023-03-29T03:44:49.177+0000] {dag.py:2693} INFO - Sync 3 DAGs
[2023-03-29T03:44:49.205+0000] {logging_mixin.py:137} INFO - [2023-03-29T03:44:49.205+0000] {dag.py:3444} INFO - Setting next_dagrun for example_subdag_operator to 2022-01-01T00:00:00+00:00, run_after=2022-01-01T00:00:00+00:00
[2023-03-29T03:44:49.209+0000] {logging_mixin.py:137} INFO - [2023-03-29T03:44:49.209+0000] {dag.py:3444} INFO - Setting next_dagrun for example_subdag_operator.section-1 to None, run_after=None
[2023-03-29T03:44:49.212+0000] {logging_mixin.py:137} INFO - [2023-03-29T03:44:49.212+0000] {dag.py:3444} INFO - Setting next_dagrun for example_subdag_operator.section-2 to None, run_after=None
[2023-03-29T03:44:49.221+0000] {logging_mixin.py:137} INFO - [2023-03-29T03:44:49.221+0000] {dag.py:2693} INFO - Sync 2 DAGs
[2023-03-29T03:44:49.226+0000] {logging_mixin.py:137} INFO - [2023-03-29T03:44:49.226+0000] {dag.py:3444} INFO - Setting next_dagrun for example_subdag_operator.section-1 to None, run_after=None
[2023-03-29T03:44:49.227+0000] {logging_mixin.py:137} INFO - [2023-03-29T03:44:49.227+0000] {dag.py:3444} INFO - Setting next_dagrun for example_subdag_operator.section-2 to None, run_after=None
[2023-03-29T03:44:49.237+0000] {processor.py:175} INFO - Processing /home/airflow/.local/lib/python3.7/site-packages/airflow/example_dags/example_subdag_operator.py took 0.164 seconds
[2023-03-29T03:45:20.075+0000] {processor.py:153} INFO - Started process (PID=1855) to work on /home/airflow/.local/lib/python3.7/site-packages/airflow/example_dags/example_subdag_operator.py
[2023-03-29T03:45:20.078+0000] {processor.py:743} INFO - Processing file /home/airflow/.local/lib/python3.7/site-packages/airflow/example_dags/example_subdag_operator.py for tasks to queue
[2023-03-29T03:45:20.086+0000] {logging_mixin.py:137} INFO - [2023-03-29T03:45:20.086+0000] {dagbag.py:532} INFO - Filling up the DagBag from /home/airflow/.local/lib/python3.7/site-packages/airflow/example_dags/example_subdag_operator.py
[2023-03-29T03:45:20.159+0000] {processor.py:753} INFO - DAG(s) dict_keys(['example_subdag_operator.section-1', 'example_subdag_operator.section-2', 'example_subdag_operator']) retrieved from /home/airflow/.local/lib/python3.7/site-packages/airflow/example_dags/example_subdag_operator.py
[2023-03-29T03:45:20.190+0000] {logging_mixin.py:137} INFO - [2023-03-29T03:45:20.190+0000] {dag.py:2693} INFO - Sync 3 DAGs
[2023-03-29T03:45:20.216+0000] {logging_mixin.py:137} INFO - [2023-03-29T03:45:20.216+0000] {dag.py:3444} INFO - Setting next_dagrun for example_subdag_operator to 2022-01-01T00:00:00+00:00, run_after=2022-01-01T00:00:00+00:00
[2023-03-29T03:45:20.220+0000] {logging_mixin.py:137} INFO - [2023-03-29T03:45:20.220+0000] {dag.py:3444} INFO - Setting next_dagrun for example_subdag_operator.section-1 to None, run_after=None
[2023-03-29T03:45:20.223+0000] {logging_mixin.py:137} INFO - [2023-03-29T03:45:20.223+0000] {dag.py:3444} INFO - Setting next_dagrun for example_subdag_operator.section-2 to None, run_after=None
[2023-03-29T03:45:20.229+0000] {logging_mixin.py:137} INFO - [2023-03-29T03:45:20.229+0000] {dag.py:2693} INFO - Sync 2 DAGs
[2023-03-29T03:45:20.241+0000] {logging_mixin.py:137} INFO - [2023-03-29T03:45:20.241+0000] {dag.py:3444} INFO - Setting next_dagrun for example_subdag_operator.section-1 to None, run_after=None
[2023-03-29T03:45:20.242+0000] {logging_mixin.py:137} INFO - [2023-03-29T03:45:20.242+0000] {dag.py:3444} INFO - Setting next_dagrun for example_subdag_operator.section-2 to None, run_after=None
[2023-03-29T03:45:20.254+0000] {processor.py:175} INFO - Processing /home/airflow/.local/lib/python3.7/site-packages/airflow/example_dags/example_subdag_operator.py took 0.183 seconds
[2023-03-29T03:45:50.592+0000] {processor.py:153} INFO - Started process (PID=1904) to work on /home/airflow/.local/lib/python3.7/site-packages/airflow/example_dags/example_subdag_operator.py
[2023-03-29T03:45:50.595+0000] {processor.py:743} INFO - Processing file /home/airflow/.local/lib/python3.7/site-packages/airflow/example_dags/example_subdag_operator.py for tasks to queue
[2023-03-29T03:45:50.598+0000] {logging_mixin.py:137} INFO - [2023-03-29T03:45:50.597+0000] {dagbag.py:532} INFO - Filling up the DagBag from /home/airflow/.local/lib/python3.7/site-packages/airflow/example_dags/example_subdag_operator.py
[2023-03-29T03:45:50.673+0000] {processor.py:753} INFO - DAG(s) dict_keys(['example_subdag_operator.section-1', 'example_subdag_operator.section-2', 'example_subdag_operator']) retrieved from /home/airflow/.local/lib/python3.7/site-packages/airflow/example_dags/example_subdag_operator.py
[2023-03-29T03:45:50.699+0000] {logging_mixin.py:137} INFO - [2023-03-29T03:45:50.699+0000] {dag.py:2693} INFO - Sync 3 DAGs
[2023-03-29T03:45:50.724+0000] {logging_mixin.py:137} INFO - [2023-03-29T03:45:50.724+0000] {dag.py:3444} INFO - Setting next_dagrun for example_subdag_operator to 2022-01-01T00:00:00+00:00, run_after=2022-01-01T00:00:00+00:00
[2023-03-29T03:45:50.728+0000] {logging_mixin.py:137} INFO - [2023-03-29T03:45:50.728+0000] {dag.py:3444} INFO - Setting next_dagrun for example_subdag_operator.section-1 to None, run_after=None
[2023-03-29T03:45:50.729+0000] {logging_mixin.py:137} INFO - [2023-03-29T03:45:50.729+0000] {dag.py:3444} INFO - Setting next_dagrun for example_subdag_operator.section-2 to None, run_after=None
[2023-03-29T03:45:50.739+0000] {logging_mixin.py:137} INFO - [2023-03-29T03:45:50.739+0000] {dag.py:2693} INFO - Sync 2 DAGs
[2023-03-29T03:45:50.744+0000] {logging_mixin.py:137} INFO - [2023-03-29T03:45:50.744+0000] {dag.py:3444} INFO - Setting next_dagrun for example_subdag_operator.section-1 to None, run_after=None
[2023-03-29T03:45:50.745+0000] {logging_mixin.py:137} INFO - [2023-03-29T03:45:50.745+0000] {dag.py:3444} INFO - Setting next_dagrun for example_subdag_operator.section-2 to None, run_after=None
[2023-03-29T03:45:50.754+0000] {processor.py:175} INFO - Processing /home/airflow/.local/lib/python3.7/site-packages/airflow/example_dags/example_subdag_operator.py took 0.166 seconds
[2023-03-29T03:46:21.213+0000] {processor.py:153} INFO - Started process (PID=1954) to work on /home/airflow/.local/lib/python3.7/site-packages/airflow/example_dags/example_subdag_operator.py
[2023-03-29T03:46:21.217+0000] {processor.py:743} INFO - Processing file /home/airflow/.local/lib/python3.7/site-packages/airflow/example_dags/example_subdag_operator.py for tasks to queue
[2023-03-29T03:46:21.218+0000] {logging_mixin.py:137} INFO - [2023-03-29T03:46:21.218+0000] {dagbag.py:532} INFO - Filling up the DagBag from /home/airflow/.local/lib/python3.7/site-packages/airflow/example_dags/example_subdag_operator.py
[2023-03-29T03:46:21.282+0000] {processor.py:753} INFO - DAG(s) dict_keys(['example_subdag_operator.section-1', 'example_subdag_operator.section-2', 'example_subdag_operator']) retrieved from /home/airflow/.local/lib/python3.7/site-packages/airflow/example_dags/example_subdag_operator.py
[2023-03-29T03:46:21.305+0000] {logging_mixin.py:137} INFO - [2023-03-29T03:46:21.305+0000] {dag.py:2693} INFO - Sync 3 DAGs
[2023-03-29T03:46:21.333+0000] {logging_mixin.py:137} INFO - [2023-03-29T03:46:21.333+0000] {dag.py:3444} INFO - Setting next_dagrun for example_subdag_operator to 2022-01-01T00:00:00+00:00, run_after=2022-01-01T00:00:00+00:00
[2023-03-29T03:46:21.340+0000] {logging_mixin.py:137} INFO - [2023-03-29T03:46:21.340+0000] {dag.py:3444} INFO - Setting next_dagrun for example_subdag_operator.section-1 to None, run_after=None
[2023-03-29T03:46:21.342+0000] {logging_mixin.py:137} INFO - [2023-03-29T03:46:21.342+0000] {dag.py:3444} INFO - Setting next_dagrun for example_subdag_operator.section-2 to None, run_after=None
[2023-03-29T03:46:21.352+0000] {logging_mixin.py:137} INFO - [2023-03-29T03:46:21.351+0000] {dag.py:2693} INFO - Sync 2 DAGs
[2023-03-29T03:46:21.360+0000] {logging_mixin.py:137} INFO - [2023-03-29T03:46:21.360+0000] {dag.py:3444} INFO - Setting next_dagrun for example_subdag_operator.section-1 to None, run_after=None
[2023-03-29T03:46:21.363+0000] {logging_mixin.py:137} INFO - [2023-03-29T03:46:21.362+0000] {dag.py:3444} INFO - Setting next_dagrun for example_subdag_operator.section-2 to None, run_after=None
[2023-03-29T03:46:21.374+0000] {processor.py:175} INFO - Processing /home/airflow/.local/lib/python3.7/site-packages/airflow/example_dags/example_subdag_operator.py took 0.167 seconds
[2023-03-29T03:46:51.897+0000] {processor.py:153} INFO - Started process (PID=2011) to work on /home/airflow/.local/lib/python3.7/site-packages/airflow/example_dags/example_subdag_operator.py
[2023-03-29T03:46:51.912+0000] {processor.py:743} INFO - Processing file /home/airflow/.local/lib/python3.7/site-packages/airflow/example_dags/example_subdag_operator.py for tasks to queue
[2023-03-29T03:46:51.914+0000] {logging_mixin.py:137} INFO - [2023-03-29T03:46:51.914+0000] {dagbag.py:532} INFO - Filling up the DagBag from /home/airflow/.local/lib/python3.7/site-packages/airflow/example_dags/example_subdag_operator.py
[2023-03-29T03:46:51.995+0000] {processor.py:753} INFO - DAG(s) dict_keys(['example_subdag_operator.section-1', 'example_subdag_operator.section-2', 'example_subdag_operator']) retrieved from /home/airflow/.local/lib/python3.7/site-packages/airflow/example_dags/example_subdag_operator.py
[2023-03-29T03:46:52.024+0000] {logging_mixin.py:137} INFO - [2023-03-29T03:46:52.024+0000] {dag.py:2693} INFO - Sync 3 DAGs
[2023-03-29T03:46:52.059+0000] {logging_mixin.py:137} INFO - [2023-03-29T03:46:52.059+0000] {dag.py:3444} INFO - Setting next_dagrun for example_subdag_operator to 2022-01-01T00:00:00+00:00, run_after=2022-01-01T00:00:00+00:00
[2023-03-29T03:46:52.063+0000] {logging_mixin.py:137} INFO - [2023-03-29T03:46:52.063+0000] {dag.py:3444} INFO - Setting next_dagrun for example_subdag_operator.section-1 to None, run_after=None
[2023-03-29T03:46:52.064+0000] {logging_mixin.py:137} INFO - [2023-03-29T03:46:52.064+0000] {dag.py:3444} INFO - Setting next_dagrun for example_subdag_operator.section-2 to None, run_after=None
[2023-03-29T03:46:52.073+0000] {logging_mixin.py:137} INFO - [2023-03-29T03:46:52.073+0000] {dag.py:2693} INFO - Sync 2 DAGs
[2023-03-29T03:46:52.078+0000] {logging_mixin.py:137} INFO - [2023-03-29T03:46:52.078+0000] {dag.py:3444} INFO - Setting next_dagrun for example_subdag_operator.section-1 to None, run_after=None
[2023-03-29T03:46:52.080+0000] {logging_mixin.py:137} INFO - [2023-03-29T03:46:52.080+0000] {dag.py:3444} INFO - Setting next_dagrun for example_subdag_operator.section-2 to None, run_after=None
[2023-03-29T03:46:52.089+0000] {processor.py:175} INFO - Processing /home/airflow/.local/lib/python3.7/site-packages/airflow/example_dags/example_subdag_operator.py took 0.196 seconds
[2023-03-29T03:47:22.551+0000] {processor.py:153} INFO - Started process (PID=2061) to work on /home/airflow/.local/lib/python3.7/site-packages/airflow/example_dags/example_subdag_operator.py
[2023-03-29T03:47:22.553+0000] {processor.py:743} INFO - Processing file /home/airflow/.local/lib/python3.7/site-packages/airflow/example_dags/example_subdag_operator.py for tasks to queue
[2023-03-29T03:47:22.555+0000] {logging_mixin.py:137} INFO - [2023-03-29T03:47:22.555+0000] {dagbag.py:532} INFO - Filling up the DagBag from /home/airflow/.local/lib/python3.7/site-packages/airflow/example_dags/example_subdag_operator.py
[2023-03-29T03:47:22.624+0000] {processor.py:753} INFO - DAG(s) dict_keys(['example_subdag_operator.section-1', 'example_subdag_operator.section-2', 'example_subdag_operator']) retrieved from /home/airflow/.local/lib/python3.7/site-packages/airflow/example_dags/example_subdag_operator.py
[2023-03-29T03:47:22.648+0000] {logging_mixin.py:137} INFO - [2023-03-29T03:47:22.648+0000] {dag.py:2693} INFO - Sync 3 DAGs
[2023-03-29T03:47:22.679+0000] {logging_mixin.py:137} INFO - [2023-03-29T03:47:22.679+0000] {dag.py:3444} INFO - Setting next_dagrun for example_subdag_operator to 2022-01-01T00:00:00+00:00, run_after=2022-01-01T00:00:00+00:00
[2023-03-29T03:47:22.683+0000] {logging_mixin.py:137} INFO - [2023-03-29T03:47:22.683+0000] {dag.py:3444} INFO - Setting next_dagrun for example_subdag_operator.section-1 to None, run_after=None
[2023-03-29T03:47:22.686+0000] {logging_mixin.py:137} INFO - [2023-03-29T03:47:22.686+0000] {dag.py:3444} INFO - Setting next_dagrun for example_subdag_operator.section-2 to None, run_after=None
[2023-03-29T03:47:22.692+0000] {logging_mixin.py:137} INFO - [2023-03-29T03:47:22.692+0000] {dag.py:2693} INFO - Sync 2 DAGs
[2023-03-29T03:47:22.696+0000] {logging_mixin.py:137} INFO - [2023-03-29T03:47:22.696+0000] {dag.py:3444} INFO - Setting next_dagrun for example_subdag_operator.section-1 to None, run_after=None
[2023-03-29T03:47:22.698+0000] {logging_mixin.py:137} INFO - [2023-03-29T03:47:22.697+0000] {dag.py:3444} INFO - Setting next_dagrun for example_subdag_operator.section-2 to None, run_after=None
[2023-03-29T03:47:22.707+0000] {processor.py:175} INFO - Processing /home/airflow/.local/lib/python3.7/site-packages/airflow/example_dags/example_subdag_operator.py took 0.159 seconds
