[2023-03-29T03:26:26.550+0000] {processor.py:153} INFO - Started process (PID=53) to work on /home/airflow/.local/lib/python3.7/site-packages/airflow/example_dags/example_latest_only_with_trigger.py
[2023-03-29T03:26:26.554+0000] {processor.py:743} INFO - Processing file /home/airflow/.local/lib/python3.7/site-packages/airflow/example_dags/example_latest_only_with_trigger.py for tasks to queue
[2023-03-29T03:26:26.557+0000] {logging_mixin.py:137} INFO - [2023-03-29T03:26:26.556+0000] {dagbag.py:532} INFO - Filling up the DagBag from /home/airflow/.local/lib/python3.7/site-packages/airflow/example_dags/example_latest_only_with_trigger.py
[2023-03-29T03:26:26.590+0000] {processor.py:753} INFO - DAG(s) dict_keys(['latest_only_with_trigger']) retrieved from /home/airflow/.local/lib/python3.7/site-packages/airflow/example_dags/example_latest_only_with_trigger.py
[2023-03-29T03:26:26.626+0000] {logging_mixin.py:137} INFO - [2023-03-29T03:26:26.626+0000] {dag.py:2693} INFO - Sync 1 DAGs
[2023-03-29T03:26:26.685+0000] {logging_mixin.py:137} INFO - [2023-03-29T03:26:26.685+0000] {dag.py:3444} INFO - Setting next_dagrun for latest_only_with_trigger to 2023-03-28T23:26:26.685251+00:00, run_after=2023-03-29T03:26:26.685251+00:00
[2023-03-29T03:26:26.721+0000] {processor.py:175} INFO - Processing /home/airflow/.local/lib/python3.7/site-packages/airflow/example_dags/example_latest_only_with_trigger.py took 0.176 seconds
[2023-03-29T03:26:57.510+0000] {processor.py:153} INFO - Started process (PID=102) to work on /home/airflow/.local/lib/python3.7/site-packages/airflow/example_dags/example_latest_only_with_trigger.py
[2023-03-29T03:26:57.512+0000] {processor.py:743} INFO - Processing file /home/airflow/.local/lib/python3.7/site-packages/airflow/example_dags/example_latest_only_with_trigger.py for tasks to queue
[2023-03-29T03:26:57.513+0000] {logging_mixin.py:137} INFO - [2023-03-29T03:26:57.513+0000] {dagbag.py:532} INFO - Filling up the DagBag from /home/airflow/.local/lib/python3.7/site-packages/airflow/example_dags/example_latest_only_with_trigger.py
[2023-03-29T03:26:57.524+0000] {processor.py:753} INFO - DAG(s) dict_keys(['latest_only_with_trigger']) retrieved from /home/airflow/.local/lib/python3.7/site-packages/airflow/example_dags/example_latest_only_with_trigger.py
[2023-03-29T03:26:57.543+0000] {logging_mixin.py:137} INFO - [2023-03-29T03:26:57.543+0000] {dag.py:2693} INFO - Sync 1 DAGs
[2023-03-29T03:26:57.563+0000] {logging_mixin.py:137} INFO - [2023-03-29T03:26:57.563+0000] {dag.py:3444} INFO - Setting next_dagrun for latest_only_with_trigger to 2023-03-28T23:26:57.562823+00:00, run_after=2023-03-29T03:26:57.562823+00:00
[2023-03-29T03:26:57.576+0000] {processor.py:175} INFO - Processing /home/airflow/.local/lib/python3.7/site-packages/airflow/example_dags/example_latest_only_with_trigger.py took 0.068 seconds
[2023-03-29T03:27:28.060+0000] {processor.py:153} INFO - Started process (PID=151) to work on /home/airflow/.local/lib/python3.7/site-packages/airflow/example_dags/example_latest_only_with_trigger.py
[2023-03-29T03:27:28.062+0000] {processor.py:743} INFO - Processing file /home/airflow/.local/lib/python3.7/site-packages/airflow/example_dags/example_latest_only_with_trigger.py for tasks to queue
[2023-03-29T03:27:28.063+0000] {logging_mixin.py:137} INFO - [2023-03-29T03:27:28.063+0000] {dagbag.py:532} INFO - Filling up the DagBag from /home/airflow/.local/lib/python3.7/site-packages/airflow/example_dags/example_latest_only_with_trigger.py
[2023-03-29T03:27:28.077+0000] {processor.py:753} INFO - DAG(s) dict_keys(['latest_only_with_trigger']) retrieved from /home/airflow/.local/lib/python3.7/site-packages/airflow/example_dags/example_latest_only_with_trigger.py
[2023-03-29T03:27:28.102+0000] {logging_mixin.py:137} INFO - [2023-03-29T03:27:28.102+0000] {dag.py:2693} INFO - Sync 1 DAGs
[2023-03-29T03:27:28.122+0000] {logging_mixin.py:137} INFO - [2023-03-29T03:27:28.122+0000] {dag.py:3444} INFO - Setting next_dagrun for latest_only_with_trigger to 2023-03-28T23:27:28.122217+00:00, run_after=2023-03-29T03:27:28.122217+00:00
[2023-03-29T03:27:28.138+0000] {processor.py:175} INFO - Processing /home/airflow/.local/lib/python3.7/site-packages/airflow/example_dags/example_latest_only_with_trigger.py took 0.081 seconds
[2023-03-29T03:27:58.753+0000] {processor.py:153} INFO - Started process (PID=200) to work on /home/airflow/.local/lib/python3.7/site-packages/airflow/example_dags/example_latest_only_with_trigger.py
[2023-03-29T03:27:58.754+0000] {processor.py:743} INFO - Processing file /home/airflow/.local/lib/python3.7/site-packages/airflow/example_dags/example_latest_only_with_trigger.py for tasks to queue
[2023-03-29T03:27:58.755+0000] {logging_mixin.py:137} INFO - [2023-03-29T03:27:58.755+0000] {dagbag.py:532} INFO - Filling up the DagBag from /home/airflow/.local/lib/python3.7/site-packages/airflow/example_dags/example_latest_only_with_trigger.py
[2023-03-29T03:27:58.766+0000] {processor.py:753} INFO - DAG(s) dict_keys(['latest_only_with_trigger']) retrieved from /home/airflow/.local/lib/python3.7/site-packages/airflow/example_dags/example_latest_only_with_trigger.py
[2023-03-29T03:27:58.787+0000] {logging_mixin.py:137} INFO - [2023-03-29T03:27:58.787+0000] {dag.py:2693} INFO - Sync 1 DAGs
[2023-03-29T03:27:58.809+0000] {logging_mixin.py:137} INFO - [2023-03-29T03:27:58.809+0000] {dag.py:3444} INFO - Setting next_dagrun for latest_only_with_trigger to 2023-03-28T23:27:58.809224+00:00, run_after=2023-03-29T03:27:58.809224+00:00
[2023-03-29T03:27:58.823+0000] {processor.py:175} INFO - Processing /home/airflow/.local/lib/python3.7/site-packages/airflow/example_dags/example_latest_only_with_trigger.py took 0.073 seconds
[2023-03-29T03:28:29.222+0000] {processor.py:153} INFO - Started process (PID=249) to work on /home/airflow/.local/lib/python3.7/site-packages/airflow/example_dags/example_latest_only_with_trigger.py
[2023-03-29T03:28:29.224+0000] {processor.py:743} INFO - Processing file /home/airflow/.local/lib/python3.7/site-packages/airflow/example_dags/example_latest_only_with_trigger.py for tasks to queue
[2023-03-29T03:28:29.225+0000] {logging_mixin.py:137} INFO - [2023-03-29T03:28:29.225+0000] {dagbag.py:532} INFO - Filling up the DagBag from /home/airflow/.local/lib/python3.7/site-packages/airflow/example_dags/example_latest_only_with_trigger.py
[2023-03-29T03:28:29.236+0000] {processor.py:753} INFO - DAG(s) dict_keys(['latest_only_with_trigger']) retrieved from /home/airflow/.local/lib/python3.7/site-packages/airflow/example_dags/example_latest_only_with_trigger.py
[2023-03-29T03:28:29.255+0000] {logging_mixin.py:137} INFO - [2023-03-29T03:28:29.255+0000] {dag.py:2693} INFO - Sync 1 DAGs
[2023-03-29T03:28:29.276+0000] {logging_mixin.py:137} INFO - [2023-03-29T03:28:29.276+0000] {dag.py:3444} INFO - Setting next_dagrun for latest_only_with_trigger to 2023-03-28T23:28:29.275914+00:00, run_after=2023-03-29T03:28:29.275914+00:00
[2023-03-29T03:28:29.292+0000] {processor.py:175} INFO - Processing /home/airflow/.local/lib/python3.7/site-packages/airflow/example_dags/example_latest_only_with_trigger.py took 0.072 seconds
[2023-03-29T03:28:59.781+0000] {processor.py:153} INFO - Started process (PID=298) to work on /home/airflow/.local/lib/python3.7/site-packages/airflow/example_dags/example_latest_only_with_trigger.py
[2023-03-29T03:28:59.782+0000] {processor.py:743} INFO - Processing file /home/airflow/.local/lib/python3.7/site-packages/airflow/example_dags/example_latest_only_with_trigger.py for tasks to queue
[2023-03-29T03:28:59.784+0000] {logging_mixin.py:137} INFO - [2023-03-29T03:28:59.783+0000] {dagbag.py:532} INFO - Filling up the DagBag from /home/airflow/.local/lib/python3.7/site-packages/airflow/example_dags/example_latest_only_with_trigger.py
[2023-03-29T03:28:59.795+0000] {processor.py:753} INFO - DAG(s) dict_keys(['latest_only_with_trigger']) retrieved from /home/airflow/.local/lib/python3.7/site-packages/airflow/example_dags/example_latest_only_with_trigger.py
[2023-03-29T03:28:59.816+0000] {logging_mixin.py:137} INFO - [2023-03-29T03:28:59.816+0000] {dag.py:2693} INFO - Sync 1 DAGs
[2023-03-29T03:28:59.834+0000] {logging_mixin.py:137} INFO - [2023-03-29T03:28:59.833+0000] {dag.py:3444} INFO - Setting next_dagrun for latest_only_with_trigger to 2023-03-28T23:28:59.833809+00:00, run_after=2023-03-29T03:28:59.833809+00:00
[2023-03-29T03:28:59.849+0000] {processor.py:175} INFO - Processing /home/airflow/.local/lib/python3.7/site-packages/airflow/example_dags/example_latest_only_with_trigger.py took 0.070 seconds
[2023-03-29T03:29:30.428+0000] {processor.py:153} INFO - Started process (PID=347) to work on /home/airflow/.local/lib/python3.7/site-packages/airflow/example_dags/example_latest_only_with_trigger.py
[2023-03-29T03:29:30.429+0000] {processor.py:743} INFO - Processing file /home/airflow/.local/lib/python3.7/site-packages/airflow/example_dags/example_latest_only_with_trigger.py for tasks to queue
[2023-03-29T03:29:30.430+0000] {logging_mixin.py:137} INFO - [2023-03-29T03:29:30.430+0000] {dagbag.py:532} INFO - Filling up the DagBag from /home/airflow/.local/lib/python3.7/site-packages/airflow/example_dags/example_latest_only_with_trigger.py
[2023-03-29T03:29:30.440+0000] {processor.py:753} INFO - DAG(s) dict_keys(['latest_only_with_trigger']) retrieved from /home/airflow/.local/lib/python3.7/site-packages/airflow/example_dags/example_latest_only_with_trigger.py
[2023-03-29T03:29:30.465+0000] {logging_mixin.py:137} INFO - [2023-03-29T03:29:30.464+0000] {dag.py:2693} INFO - Sync 1 DAGs
[2023-03-29T03:29:30.488+0000] {logging_mixin.py:137} INFO - [2023-03-29T03:29:30.488+0000] {dag.py:3444} INFO - Setting next_dagrun for latest_only_with_trigger to 2023-03-28T23:29:30.488444+00:00, run_after=2023-03-29T03:29:30.488444+00:00
[2023-03-29T03:29:30.507+0000] {processor.py:175} INFO - Processing /home/airflow/.local/lib/python3.7/site-packages/airflow/example_dags/example_latest_only_with_trigger.py took 0.084 seconds
[2023-03-29T03:30:01.548+0000] {processor.py:153} INFO - Started process (PID=396) to work on /home/airflow/.local/lib/python3.7/site-packages/airflow/example_dags/example_latest_only_with_trigger.py
[2023-03-29T03:30:01.550+0000] {processor.py:743} INFO - Processing file /home/airflow/.local/lib/python3.7/site-packages/airflow/example_dags/example_latest_only_with_trigger.py for tasks to queue
[2023-03-29T03:30:01.551+0000] {logging_mixin.py:137} INFO - [2023-03-29T03:30:01.551+0000] {dagbag.py:532} INFO - Filling up the DagBag from /home/airflow/.local/lib/python3.7/site-packages/airflow/example_dags/example_latest_only_with_trigger.py
[2023-03-29T03:30:01.560+0000] {processor.py:753} INFO - DAG(s) dict_keys(['latest_only_with_trigger']) retrieved from /home/airflow/.local/lib/python3.7/site-packages/airflow/example_dags/example_latest_only_with_trigger.py
[2023-03-29T03:30:01.580+0000] {logging_mixin.py:137} INFO - [2023-03-29T03:30:01.580+0000] {dag.py:2693} INFO - Sync 1 DAGs
[2023-03-29T03:30:01.601+0000] {logging_mixin.py:137} INFO - [2023-03-29T03:30:01.600+0000] {dag.py:3444} INFO - Setting next_dagrun for latest_only_with_trigger to 2023-03-28T23:30:01.600673+00:00, run_after=2023-03-29T03:30:01.600673+00:00
[2023-03-29T03:30:01.614+0000] {processor.py:175} INFO - Processing /home/airflow/.local/lib/python3.7/site-packages/airflow/example_dags/example_latest_only_with_trigger.py took 0.069 seconds
[2023-03-29T03:30:32.521+0000] {processor.py:153} INFO - Started process (PID=445) to work on /home/airflow/.local/lib/python3.7/site-packages/airflow/example_dags/example_latest_only_with_trigger.py
[2023-03-29T03:30:32.523+0000] {processor.py:743} INFO - Processing file /home/airflow/.local/lib/python3.7/site-packages/airflow/example_dags/example_latest_only_with_trigger.py for tasks to queue
[2023-03-29T03:30:32.525+0000] {logging_mixin.py:137} INFO - [2023-03-29T03:30:32.525+0000] {dagbag.py:532} INFO - Filling up the DagBag from /home/airflow/.local/lib/python3.7/site-packages/airflow/example_dags/example_latest_only_with_trigger.py
[2023-03-29T03:30:32.538+0000] {processor.py:753} INFO - DAG(s) dict_keys(['latest_only_with_trigger']) retrieved from /home/airflow/.local/lib/python3.7/site-packages/airflow/example_dags/example_latest_only_with_trigger.py
[2023-03-29T03:30:32.559+0000] {logging_mixin.py:137} INFO - [2023-03-29T03:30:32.559+0000] {dag.py:2693} INFO - Sync 1 DAGs
[2023-03-29T03:30:32.578+0000] {logging_mixin.py:137} INFO - [2023-03-29T03:30:32.578+0000] {dag.py:3444} INFO - Setting next_dagrun for latest_only_with_trigger to 2023-03-28T23:30:32.577906+00:00, run_after=2023-03-29T03:30:32.577906+00:00
[2023-03-29T03:30:32.592+0000] {processor.py:175} INFO - Processing /home/airflow/.local/lib/python3.7/site-packages/airflow/example_dags/example_latest_only_with_trigger.py took 0.074 seconds
[2023-03-29T03:31:02.994+0000] {processor.py:153} INFO - Started process (PID=494) to work on /home/airflow/.local/lib/python3.7/site-packages/airflow/example_dags/example_latest_only_with_trigger.py
[2023-03-29T03:31:02.997+0000] {processor.py:743} INFO - Processing file /home/airflow/.local/lib/python3.7/site-packages/airflow/example_dags/example_latest_only_with_trigger.py for tasks to queue
[2023-03-29T03:31:03.002+0000] {logging_mixin.py:137} INFO - [2023-03-29T03:31:03.001+0000] {dagbag.py:532} INFO - Filling up the DagBag from /home/airflow/.local/lib/python3.7/site-packages/airflow/example_dags/example_latest_only_with_trigger.py
[2023-03-29T03:31:03.015+0000] {processor.py:753} INFO - DAG(s) dict_keys(['latest_only_with_trigger']) retrieved from /home/airflow/.local/lib/python3.7/site-packages/airflow/example_dags/example_latest_only_with_trigger.py
[2023-03-29T03:31:03.065+0000] {logging_mixin.py:137} INFO - [2023-03-29T03:31:03.065+0000] {dag.py:2693} INFO - Sync 1 DAGs
[2023-03-29T03:31:03.097+0000] {logging_mixin.py:137} INFO - [2023-03-29T03:31:03.097+0000] {dag.py:3444} INFO - Setting next_dagrun for latest_only_with_trigger to 2023-03-28T23:31:03.096809+00:00, run_after=2023-03-29T03:31:03.096809+00:00
[2023-03-29T03:31:03.125+0000] {processor.py:175} INFO - Processing /home/airflow/.local/lib/python3.7/site-packages/airflow/example_dags/example_latest_only_with_trigger.py took 0.135 seconds
[2023-03-29T03:31:33.651+0000] {processor.py:153} INFO - Started process (PID=543) to work on /home/airflow/.local/lib/python3.7/site-packages/airflow/example_dags/example_latest_only_with_trigger.py
[2023-03-29T03:31:33.652+0000] {processor.py:743} INFO - Processing file /home/airflow/.local/lib/python3.7/site-packages/airflow/example_dags/example_latest_only_with_trigger.py for tasks to queue
[2023-03-29T03:31:33.653+0000] {logging_mixin.py:137} INFO - [2023-03-29T03:31:33.653+0000] {dagbag.py:532} INFO - Filling up the DagBag from /home/airflow/.local/lib/python3.7/site-packages/airflow/example_dags/example_latest_only_with_trigger.py
[2023-03-29T03:31:33.664+0000] {processor.py:753} INFO - DAG(s) dict_keys(['latest_only_with_trigger']) retrieved from /home/airflow/.local/lib/python3.7/site-packages/airflow/example_dags/example_latest_only_with_trigger.py
[2023-03-29T03:31:33.684+0000] {logging_mixin.py:137} INFO - [2023-03-29T03:31:33.684+0000] {dag.py:2693} INFO - Sync 1 DAGs
[2023-03-29T03:31:33.701+0000] {logging_mixin.py:137} INFO - [2023-03-29T03:31:33.701+0000] {dag.py:3444} INFO - Setting next_dagrun for latest_only_with_trigger to 2023-03-28T23:31:33.700921+00:00, run_after=2023-03-29T03:31:33.700921+00:00
[2023-03-29T03:31:33.713+0000] {processor.py:175} INFO - Processing /home/airflow/.local/lib/python3.7/site-packages/airflow/example_dags/example_latest_only_with_trigger.py took 0.064 seconds
[2023-03-29T03:32:04.226+0000] {processor.py:153} INFO - Started process (PID=592) to work on /home/airflow/.local/lib/python3.7/site-packages/airflow/example_dags/example_latest_only_with_trigger.py
[2023-03-29T03:32:04.228+0000] {processor.py:743} INFO - Processing file /home/airflow/.local/lib/python3.7/site-packages/airflow/example_dags/example_latest_only_with_trigger.py for tasks to queue
[2023-03-29T03:32:04.229+0000] {logging_mixin.py:137} INFO - [2023-03-29T03:32:04.229+0000] {dagbag.py:532} INFO - Filling up the DagBag from /home/airflow/.local/lib/python3.7/site-packages/airflow/example_dags/example_latest_only_with_trigger.py
[2023-03-29T03:32:04.242+0000] {processor.py:753} INFO - DAG(s) dict_keys(['latest_only_with_trigger']) retrieved from /home/airflow/.local/lib/python3.7/site-packages/airflow/example_dags/example_latest_only_with_trigger.py
[2023-03-29T03:32:04.260+0000] {logging_mixin.py:137} INFO - [2023-03-29T03:32:04.260+0000] {dag.py:2693} INFO - Sync 1 DAGs
[2023-03-29T03:32:04.277+0000] {logging_mixin.py:137} INFO - [2023-03-29T03:32:04.277+0000] {dag.py:3444} INFO - Setting next_dagrun for latest_only_with_trigger to 2023-03-28T23:32:04.277513+00:00, run_after=2023-03-29T03:32:04.277513+00:00
[2023-03-29T03:32:04.325+0000] {processor.py:175} INFO - Processing /home/airflow/.local/lib/python3.7/site-packages/airflow/example_dags/example_latest_only_with_trigger.py took 0.102 seconds
[2023-03-29T03:32:35.265+0000] {processor.py:153} INFO - Started process (PID=642) to work on /home/airflow/.local/lib/python3.7/site-packages/airflow/example_dags/example_latest_only_with_trigger.py
[2023-03-29T03:32:35.267+0000] {processor.py:743} INFO - Processing file /home/airflow/.local/lib/python3.7/site-packages/airflow/example_dags/example_latest_only_with_trigger.py for tasks to queue
[2023-03-29T03:32:35.268+0000] {logging_mixin.py:137} INFO - [2023-03-29T03:32:35.267+0000] {dagbag.py:532} INFO - Filling up the DagBag from /home/airflow/.local/lib/python3.7/site-packages/airflow/example_dags/example_latest_only_with_trigger.py
[2023-03-29T03:32:35.282+0000] {processor.py:753} INFO - DAG(s) dict_keys(['latest_only_with_trigger']) retrieved from /home/airflow/.local/lib/python3.7/site-packages/airflow/example_dags/example_latest_only_with_trigger.py
[2023-03-29T03:32:35.306+0000] {logging_mixin.py:137} INFO - [2023-03-29T03:32:35.306+0000] {dag.py:2693} INFO - Sync 1 DAGs
[2023-03-29T03:32:35.323+0000] {logging_mixin.py:137} INFO - [2023-03-29T03:32:35.323+0000] {dag.py:3444} INFO - Setting next_dagrun for latest_only_with_trigger to 2023-03-28T23:32:35.323121+00:00, run_after=2023-03-29T03:32:35.323121+00:00
[2023-03-29T03:32:35.336+0000] {processor.py:175} INFO - Processing /home/airflow/.local/lib/python3.7/site-packages/airflow/example_dags/example_latest_only_with_trigger.py took 0.074 seconds
[2023-03-29T03:33:05.938+0000] {processor.py:153} INFO - Started process (PID=691) to work on /home/airflow/.local/lib/python3.7/site-packages/airflow/example_dags/example_latest_only_with_trigger.py
[2023-03-29T03:33:05.940+0000] {processor.py:743} INFO - Processing file /home/airflow/.local/lib/python3.7/site-packages/airflow/example_dags/example_latest_only_with_trigger.py for tasks to queue
[2023-03-29T03:33:05.941+0000] {logging_mixin.py:137} INFO - [2023-03-29T03:33:05.941+0000] {dagbag.py:532} INFO - Filling up the DagBag from /home/airflow/.local/lib/python3.7/site-packages/airflow/example_dags/example_latest_only_with_trigger.py
[2023-03-29T03:33:05.951+0000] {processor.py:753} INFO - DAG(s) dict_keys(['latest_only_with_trigger']) retrieved from /home/airflow/.local/lib/python3.7/site-packages/airflow/example_dags/example_latest_only_with_trigger.py
[2023-03-29T03:33:05.972+0000] {logging_mixin.py:137} INFO - [2023-03-29T03:33:05.972+0000] {dag.py:2693} INFO - Sync 1 DAGs
[2023-03-29T03:33:05.992+0000] {logging_mixin.py:137} INFO - [2023-03-29T03:33:05.992+0000] {dag.py:3444} INFO - Setting next_dagrun for latest_only_with_trigger to 2023-03-28T23:33:05.992576+00:00, run_after=2023-03-29T03:33:05.992576+00:00
[2023-03-29T03:33:06.004+0000] {processor.py:175} INFO - Processing /home/airflow/.local/lib/python3.7/site-packages/airflow/example_dags/example_latest_only_with_trigger.py took 0.068 seconds
[2023-03-29T03:33:36.793+0000] {processor.py:153} INFO - Started process (PID=740) to work on /home/airflow/.local/lib/python3.7/site-packages/airflow/example_dags/example_latest_only_with_trigger.py
[2023-03-29T03:33:36.795+0000] {processor.py:743} INFO - Processing file /home/airflow/.local/lib/python3.7/site-packages/airflow/example_dags/example_latest_only_with_trigger.py for tasks to queue
[2023-03-29T03:33:36.797+0000] {logging_mixin.py:137} INFO - [2023-03-29T03:33:36.797+0000] {dagbag.py:532} INFO - Filling up the DagBag from /home/airflow/.local/lib/python3.7/site-packages/airflow/example_dags/example_latest_only_with_trigger.py
[2023-03-29T03:33:36.812+0000] {processor.py:753} INFO - DAG(s) dict_keys(['latest_only_with_trigger']) retrieved from /home/airflow/.local/lib/python3.7/site-packages/airflow/example_dags/example_latest_only_with_trigger.py
[2023-03-29T03:33:36.834+0000] {logging_mixin.py:137} INFO - [2023-03-29T03:33:36.834+0000] {dag.py:2693} INFO - Sync 1 DAGs
[2023-03-29T03:33:36.855+0000] {logging_mixin.py:137} INFO - [2023-03-29T03:33:36.855+0000] {dag.py:3444} INFO - Setting next_dagrun for latest_only_with_trigger to 2023-03-28T23:33:36.855134+00:00, run_after=2023-03-29T03:33:36.855134+00:00
[2023-03-29T03:33:36.870+0000] {processor.py:175} INFO - Processing /home/airflow/.local/lib/python3.7/site-packages/airflow/example_dags/example_latest_only_with_trigger.py took 0.080 seconds
[2023-03-29T03:34:07.516+0000] {processor.py:153} INFO - Started process (PID=789) to work on /home/airflow/.local/lib/python3.7/site-packages/airflow/example_dags/example_latest_only_with_trigger.py
[2023-03-29T03:34:07.517+0000] {processor.py:743} INFO - Processing file /home/airflow/.local/lib/python3.7/site-packages/airflow/example_dags/example_latest_only_with_trigger.py for tasks to queue
[2023-03-29T03:34:07.518+0000] {logging_mixin.py:137} INFO - [2023-03-29T03:34:07.518+0000] {dagbag.py:532} INFO - Filling up the DagBag from /home/airflow/.local/lib/python3.7/site-packages/airflow/example_dags/example_latest_only_with_trigger.py
[2023-03-29T03:34:07.530+0000] {processor.py:753} INFO - DAG(s) dict_keys(['latest_only_with_trigger']) retrieved from /home/airflow/.local/lib/python3.7/site-packages/airflow/example_dags/example_latest_only_with_trigger.py
[2023-03-29T03:34:07.551+0000] {logging_mixin.py:137} INFO - [2023-03-29T03:34:07.550+0000] {dag.py:2693} INFO - Sync 1 DAGs
[2023-03-29T03:34:07.570+0000] {logging_mixin.py:137} INFO - [2023-03-29T03:34:07.570+0000] {dag.py:3444} INFO - Setting next_dagrun for latest_only_with_trigger to 2023-03-28T23:34:07.570068+00:00, run_after=2023-03-29T03:34:07.570068+00:00
[2023-03-29T03:34:07.584+0000] {processor.py:175} INFO - Processing /home/airflow/.local/lib/python3.7/site-packages/airflow/example_dags/example_latest_only_with_trigger.py took 0.071 seconds
[2023-03-29T03:34:38.136+0000] {processor.py:153} INFO - Started process (PID=839) to work on /home/airflow/.local/lib/python3.7/site-packages/airflow/example_dags/example_latest_only_with_trigger.py
[2023-03-29T03:34:38.138+0000] {processor.py:743} INFO - Processing file /home/airflow/.local/lib/python3.7/site-packages/airflow/example_dags/example_latest_only_with_trigger.py for tasks to queue
[2023-03-29T03:34:38.139+0000] {logging_mixin.py:137} INFO - [2023-03-29T03:34:38.139+0000] {dagbag.py:532} INFO - Filling up the DagBag from /home/airflow/.local/lib/python3.7/site-packages/airflow/example_dags/example_latest_only_with_trigger.py
[2023-03-29T03:34:38.154+0000] {processor.py:753} INFO - DAG(s) dict_keys(['latest_only_with_trigger']) retrieved from /home/airflow/.local/lib/python3.7/site-packages/airflow/example_dags/example_latest_only_with_trigger.py
[2023-03-29T03:34:38.175+0000] {logging_mixin.py:137} INFO - [2023-03-29T03:34:38.175+0000] {dag.py:2693} INFO - Sync 1 DAGs
[2023-03-29T03:34:38.192+0000] {logging_mixin.py:137} INFO - [2023-03-29T03:34:38.192+0000] {dag.py:3444} INFO - Setting next_dagrun for latest_only_with_trigger to 2023-03-28T23:34:38.192210+00:00, run_after=2023-03-29T03:34:38.192210+00:00
[2023-03-29T03:34:38.207+0000] {processor.py:175} INFO - Processing /home/airflow/.local/lib/python3.7/site-packages/airflow/example_dags/example_latest_only_with_trigger.py took 0.073 seconds
[2023-03-29T03:35:08.721+0000] {processor.py:153} INFO - Started process (PID=888) to work on /home/airflow/.local/lib/python3.7/site-packages/airflow/example_dags/example_latest_only_with_trigger.py
[2023-03-29T03:35:08.722+0000] {processor.py:743} INFO - Processing file /home/airflow/.local/lib/python3.7/site-packages/airflow/example_dags/example_latest_only_with_trigger.py for tasks to queue
[2023-03-29T03:35:08.724+0000] {logging_mixin.py:137} INFO - [2023-03-29T03:35:08.724+0000] {dagbag.py:532} INFO - Filling up the DagBag from /home/airflow/.local/lib/python3.7/site-packages/airflow/example_dags/example_latest_only_with_trigger.py
[2023-03-29T03:35:08.737+0000] {processor.py:753} INFO - DAG(s) dict_keys(['latest_only_with_trigger']) retrieved from /home/airflow/.local/lib/python3.7/site-packages/airflow/example_dags/example_latest_only_with_trigger.py
[2023-03-29T03:35:08.756+0000] {logging_mixin.py:137} INFO - [2023-03-29T03:35:08.756+0000] {dag.py:2693} INFO - Sync 1 DAGs
[2023-03-29T03:35:08.772+0000] {logging_mixin.py:137} INFO - [2023-03-29T03:35:08.772+0000] {dag.py:3444} INFO - Setting next_dagrun for latest_only_with_trigger to 2023-03-28T23:35:08.772296+00:00, run_after=2023-03-29T03:35:08.772296+00:00
[2023-03-29T03:35:08.784+0000] {processor.py:175} INFO - Processing /home/airflow/.local/lib/python3.7/site-packages/airflow/example_dags/example_latest_only_with_trigger.py took 0.066 seconds
[2023-03-29T03:35:39.405+0000] {processor.py:153} INFO - Started process (PID=937) to work on /home/airflow/.local/lib/python3.7/site-packages/airflow/example_dags/example_latest_only_with_trigger.py
[2023-03-29T03:35:39.407+0000] {processor.py:743} INFO - Processing file /home/airflow/.local/lib/python3.7/site-packages/airflow/example_dags/example_latest_only_with_trigger.py for tasks to queue
[2023-03-29T03:35:39.410+0000] {logging_mixin.py:137} INFO - [2023-03-29T03:35:39.410+0000] {dagbag.py:532} INFO - Filling up the DagBag from /home/airflow/.local/lib/python3.7/site-packages/airflow/example_dags/example_latest_only_with_trigger.py
[2023-03-29T03:35:39.422+0000] {processor.py:753} INFO - DAG(s) dict_keys(['latest_only_with_trigger']) retrieved from /home/airflow/.local/lib/python3.7/site-packages/airflow/example_dags/example_latest_only_with_trigger.py
[2023-03-29T03:35:39.443+0000] {logging_mixin.py:137} INFO - [2023-03-29T03:35:39.443+0000] {dag.py:2693} INFO - Sync 1 DAGs
[2023-03-29T03:35:39.461+0000] {logging_mixin.py:137} INFO - [2023-03-29T03:35:39.460+0000] {dag.py:3444} INFO - Setting next_dagrun for latest_only_with_trigger to 2023-03-28T23:35:39.460834+00:00, run_after=2023-03-29T03:35:39.460834+00:00
[2023-03-29T03:35:39.474+0000] {processor.py:175} INFO - Processing /home/airflow/.local/lib/python3.7/site-packages/airflow/example_dags/example_latest_only_with_trigger.py took 0.072 seconds
[2023-03-29T03:36:10.180+0000] {processor.py:153} INFO - Started process (PID=986) to work on /home/airflow/.local/lib/python3.7/site-packages/airflow/example_dags/example_latest_only_with_trigger.py
[2023-03-29T03:36:10.182+0000] {processor.py:743} INFO - Processing file /home/airflow/.local/lib/python3.7/site-packages/airflow/example_dags/example_latest_only_with_trigger.py for tasks to queue
[2023-03-29T03:36:10.183+0000] {logging_mixin.py:137} INFO - [2023-03-29T03:36:10.183+0000] {dagbag.py:532} INFO - Filling up the DagBag from /home/airflow/.local/lib/python3.7/site-packages/airflow/example_dags/example_latest_only_with_trigger.py
[2023-03-29T03:36:10.196+0000] {processor.py:753} INFO - DAG(s) dict_keys(['latest_only_with_trigger']) retrieved from /home/airflow/.local/lib/python3.7/site-packages/airflow/example_dags/example_latest_only_with_trigger.py
[2023-03-29T03:36:10.216+0000] {logging_mixin.py:137} INFO - [2023-03-29T03:36:10.216+0000] {dag.py:2693} INFO - Sync 1 DAGs
[2023-03-29T03:36:10.234+0000] {logging_mixin.py:137} INFO - [2023-03-29T03:36:10.234+0000] {dag.py:3444} INFO - Setting next_dagrun for latest_only_with_trigger to 2023-03-28T23:36:10.234768+00:00, run_after=2023-03-29T03:36:10.234768+00:00
[2023-03-29T03:36:10.247+0000] {processor.py:175} INFO - Processing /home/airflow/.local/lib/python3.7/site-packages/airflow/example_dags/example_latest_only_with_trigger.py took 0.071 seconds
[2023-03-29T03:36:40.922+0000] {processor.py:153} INFO - Started process (PID=1036) to work on /home/airflow/.local/lib/python3.7/site-packages/airflow/example_dags/example_latest_only_with_trigger.py
[2023-03-29T03:36:40.924+0000] {processor.py:743} INFO - Processing file /home/airflow/.local/lib/python3.7/site-packages/airflow/example_dags/example_latest_only_with_trigger.py for tasks to queue
[2023-03-29T03:36:40.925+0000] {logging_mixin.py:137} INFO - [2023-03-29T03:36:40.925+0000] {dagbag.py:532} INFO - Filling up the DagBag from /home/airflow/.local/lib/python3.7/site-packages/airflow/example_dags/example_latest_only_with_trigger.py
[2023-03-29T03:36:40.937+0000] {processor.py:753} INFO - DAG(s) dict_keys(['latest_only_with_trigger']) retrieved from /home/airflow/.local/lib/python3.7/site-packages/airflow/example_dags/example_latest_only_with_trigger.py
[2023-03-29T03:36:40.959+0000] {logging_mixin.py:137} INFO - [2023-03-29T03:36:40.958+0000] {dag.py:2693} INFO - Sync 1 DAGs
[2023-03-29T03:36:40.975+0000] {logging_mixin.py:137} INFO - [2023-03-29T03:36:40.975+0000] {dag.py:3444} INFO - Setting next_dagrun for latest_only_with_trigger to 2023-03-28T23:36:40.974973+00:00, run_after=2023-03-29T03:36:40.974973+00:00
[2023-03-29T03:36:40.989+0000] {processor.py:175} INFO - Processing /home/airflow/.local/lib/python3.7/site-packages/airflow/example_dags/example_latest_only_with_trigger.py took 0.069 seconds
[2023-03-29T03:37:11.596+0000] {processor.py:153} INFO - Started process (PID=1085) to work on /home/airflow/.local/lib/python3.7/site-packages/airflow/example_dags/example_latest_only_with_trigger.py
[2023-03-29T03:37:11.598+0000] {processor.py:743} INFO - Processing file /home/airflow/.local/lib/python3.7/site-packages/airflow/example_dags/example_latest_only_with_trigger.py for tasks to queue
[2023-03-29T03:37:11.599+0000] {logging_mixin.py:137} INFO - [2023-03-29T03:37:11.599+0000] {dagbag.py:532} INFO - Filling up the DagBag from /home/airflow/.local/lib/python3.7/site-packages/airflow/example_dags/example_latest_only_with_trigger.py
[2023-03-29T03:37:11.610+0000] {processor.py:753} INFO - DAG(s) dict_keys(['latest_only_with_trigger']) retrieved from /home/airflow/.local/lib/python3.7/site-packages/airflow/example_dags/example_latest_only_with_trigger.py
[2023-03-29T03:37:11.629+0000] {logging_mixin.py:137} INFO - [2023-03-29T03:37:11.629+0000] {dag.py:2693} INFO - Sync 1 DAGs
[2023-03-29T03:37:11.647+0000] {logging_mixin.py:137} INFO - [2023-03-29T03:37:11.647+0000] {dag.py:3444} INFO - Setting next_dagrun for latest_only_with_trigger to 2023-03-28T23:37:11.646990+00:00, run_after=2023-03-29T03:37:11.646990+00:00
[2023-03-29T03:37:11.660+0000] {processor.py:175} INFO - Processing /home/airflow/.local/lib/python3.7/site-packages/airflow/example_dags/example_latest_only_with_trigger.py took 0.069 seconds
[2023-03-29T03:37:42.224+0000] {processor.py:153} INFO - Started process (PID=1134) to work on /home/airflow/.local/lib/python3.7/site-packages/airflow/example_dags/example_latest_only_with_trigger.py
[2023-03-29T03:37:42.225+0000] {processor.py:743} INFO - Processing file /home/airflow/.local/lib/python3.7/site-packages/airflow/example_dags/example_latest_only_with_trigger.py for tasks to queue
[2023-03-29T03:37:42.226+0000] {logging_mixin.py:137} INFO - [2023-03-29T03:37:42.226+0000] {dagbag.py:532} INFO - Filling up the DagBag from /home/airflow/.local/lib/python3.7/site-packages/airflow/example_dags/example_latest_only_with_trigger.py
[2023-03-29T03:37:42.237+0000] {processor.py:753} INFO - DAG(s) dict_keys(['latest_only_with_trigger']) retrieved from /home/airflow/.local/lib/python3.7/site-packages/airflow/example_dags/example_latest_only_with_trigger.py
[2023-03-29T03:37:42.256+0000] {logging_mixin.py:137} INFO - [2023-03-29T03:37:42.256+0000] {dag.py:2693} INFO - Sync 1 DAGs
[2023-03-29T03:37:42.273+0000] {logging_mixin.py:137} INFO - [2023-03-29T03:37:42.273+0000] {dag.py:3444} INFO - Setting next_dagrun for latest_only_with_trigger to 2023-03-28T23:37:42.273312+00:00, run_after=2023-03-29T03:37:42.273312+00:00
[2023-03-29T03:37:42.286+0000] {processor.py:175} INFO - Processing /home/airflow/.local/lib/python3.7/site-packages/airflow/example_dags/example_latest_only_with_trigger.py took 0.064 seconds
[2023-03-29T03:38:12.769+0000] {processor.py:153} INFO - Started process (PID=1183) to work on /home/airflow/.local/lib/python3.7/site-packages/airflow/example_dags/example_latest_only_with_trigger.py
[2023-03-29T03:38:12.772+0000] {processor.py:743} INFO - Processing file /home/airflow/.local/lib/python3.7/site-packages/airflow/example_dags/example_latest_only_with_trigger.py for tasks to queue
[2023-03-29T03:38:12.773+0000] {logging_mixin.py:137} INFO - [2023-03-29T03:38:12.773+0000] {dagbag.py:532} INFO - Filling up the DagBag from /home/airflow/.local/lib/python3.7/site-packages/airflow/example_dags/example_latest_only_with_trigger.py
[2023-03-29T03:38:12.785+0000] {processor.py:753} INFO - DAG(s) dict_keys(['latest_only_with_trigger']) retrieved from /home/airflow/.local/lib/python3.7/site-packages/airflow/example_dags/example_latest_only_with_trigger.py
[2023-03-29T03:38:12.808+0000] {logging_mixin.py:137} INFO - [2023-03-29T03:38:12.808+0000] {dag.py:2693} INFO - Sync 1 DAGs
[2023-03-29T03:38:12.830+0000] {logging_mixin.py:137} INFO - [2023-03-29T03:38:12.830+0000] {dag.py:3444} INFO - Setting next_dagrun for latest_only_with_trigger to 2023-03-28T23:38:12.830077+00:00, run_after=2023-03-29T03:38:12.830077+00:00
[2023-03-29T03:38:12.845+0000] {processor.py:175} INFO - Processing /home/airflow/.local/lib/python3.7/site-packages/airflow/example_dags/example_latest_only_with_trigger.py took 0.078 seconds
[2023-03-29T03:38:43.417+0000] {processor.py:153} INFO - Started process (PID=1232) to work on /home/airflow/.local/lib/python3.7/site-packages/airflow/example_dags/example_latest_only_with_trigger.py
[2023-03-29T03:38:43.418+0000] {processor.py:743} INFO - Processing file /home/airflow/.local/lib/python3.7/site-packages/airflow/example_dags/example_latest_only_with_trigger.py for tasks to queue
[2023-03-29T03:38:43.420+0000] {logging_mixin.py:137} INFO - [2023-03-29T03:38:43.419+0000] {dagbag.py:532} INFO - Filling up the DagBag from /home/airflow/.local/lib/python3.7/site-packages/airflow/example_dags/example_latest_only_with_trigger.py
[2023-03-29T03:38:43.434+0000] {processor.py:753} INFO - DAG(s) dict_keys(['latest_only_with_trigger']) retrieved from /home/airflow/.local/lib/python3.7/site-packages/airflow/example_dags/example_latest_only_with_trigger.py
[2023-03-29T03:38:43.455+0000] {logging_mixin.py:137} INFO - [2023-03-29T03:38:43.455+0000] {dag.py:2693} INFO - Sync 1 DAGs
[2023-03-29T03:38:43.472+0000] {logging_mixin.py:137} INFO - [2023-03-29T03:38:43.472+0000] {dag.py:3444} INFO - Setting next_dagrun for latest_only_with_trigger to 2023-03-28T23:38:43.472046+00:00, run_after=2023-03-29T03:38:43.472046+00:00
[2023-03-29T03:38:43.484+0000] {processor.py:175} INFO - Processing /home/airflow/.local/lib/python3.7/site-packages/airflow/example_dags/example_latest_only_with_trigger.py took 0.071 seconds
[2023-03-29T03:39:14.053+0000] {processor.py:153} INFO - Started process (PID=1282) to work on /home/airflow/.local/lib/python3.7/site-packages/airflow/example_dags/example_latest_only_with_trigger.py
[2023-03-29T03:39:14.055+0000] {processor.py:743} INFO - Processing file /home/airflow/.local/lib/python3.7/site-packages/airflow/example_dags/example_latest_only_with_trigger.py for tasks to queue
[2023-03-29T03:39:14.056+0000] {logging_mixin.py:137} INFO - [2023-03-29T03:39:14.056+0000] {dagbag.py:532} INFO - Filling up the DagBag from /home/airflow/.local/lib/python3.7/site-packages/airflow/example_dags/example_latest_only_with_trigger.py
[2023-03-29T03:39:14.067+0000] {processor.py:753} INFO - DAG(s) dict_keys(['latest_only_with_trigger']) retrieved from /home/airflow/.local/lib/python3.7/site-packages/airflow/example_dags/example_latest_only_with_trigger.py
[2023-03-29T03:39:14.088+0000] {logging_mixin.py:137} INFO - [2023-03-29T03:39:14.088+0000] {dag.py:2693} INFO - Sync 1 DAGs
[2023-03-29T03:39:14.105+0000] {logging_mixin.py:137} INFO - [2023-03-29T03:39:14.105+0000] {dag.py:3444} INFO - Setting next_dagrun for latest_only_with_trigger to 2023-03-28T23:39:14.105565+00:00, run_after=2023-03-29T03:39:14.105565+00:00
[2023-03-29T03:39:14.118+0000] {processor.py:175} INFO - Processing /home/airflow/.local/lib/python3.7/site-packages/airflow/example_dags/example_latest_only_with_trigger.py took 0.068 seconds
[2023-03-29T03:39:44.612+0000] {processor.py:153} INFO - Started process (PID=1331) to work on /home/airflow/.local/lib/python3.7/site-packages/airflow/example_dags/example_latest_only_with_trigger.py
[2023-03-29T03:39:44.614+0000] {processor.py:743} INFO - Processing file /home/airflow/.local/lib/python3.7/site-packages/airflow/example_dags/example_latest_only_with_trigger.py for tasks to queue
[2023-03-29T03:39:44.615+0000] {logging_mixin.py:137} INFO - [2023-03-29T03:39:44.615+0000] {dagbag.py:532} INFO - Filling up the DagBag from /home/airflow/.local/lib/python3.7/site-packages/airflow/example_dags/example_latest_only_with_trigger.py
[2023-03-29T03:39:44.626+0000] {processor.py:753} INFO - DAG(s) dict_keys(['latest_only_with_trigger']) retrieved from /home/airflow/.local/lib/python3.7/site-packages/airflow/example_dags/example_latest_only_with_trigger.py
[2023-03-29T03:39:44.650+0000] {logging_mixin.py:137} INFO - [2023-03-29T03:39:44.650+0000] {dag.py:2693} INFO - Sync 1 DAGs
[2023-03-29T03:39:44.669+0000] {logging_mixin.py:137} INFO - [2023-03-29T03:39:44.668+0000] {dag.py:3444} INFO - Setting next_dagrun for latest_only_with_trigger to 2023-03-28T23:39:44.668824+00:00, run_after=2023-03-29T03:39:44.668824+00:00
[2023-03-29T03:39:44.681+0000] {processor.py:175} INFO - Processing /home/airflow/.local/lib/python3.7/site-packages/airflow/example_dags/example_latest_only_with_trigger.py took 0.072 seconds
[2023-03-29T03:40:15.354+0000] {processor.py:153} INFO - Started process (PID=1380) to work on /home/airflow/.local/lib/python3.7/site-packages/airflow/example_dags/example_latest_only_with_trigger.py
[2023-03-29T03:40:15.357+0000] {processor.py:743} INFO - Processing file /home/airflow/.local/lib/python3.7/site-packages/airflow/example_dags/example_latest_only_with_trigger.py for tasks to queue
[2023-03-29T03:40:15.358+0000] {logging_mixin.py:137} INFO - [2023-03-29T03:40:15.358+0000] {dagbag.py:532} INFO - Filling up the DagBag from /home/airflow/.local/lib/python3.7/site-packages/airflow/example_dags/example_latest_only_with_trigger.py
[2023-03-29T03:40:15.373+0000] {processor.py:753} INFO - DAG(s) dict_keys(['latest_only_with_trigger']) retrieved from /home/airflow/.local/lib/python3.7/site-packages/airflow/example_dags/example_latest_only_with_trigger.py
[2023-03-29T03:40:15.420+0000] {logging_mixin.py:137} INFO - [2023-03-29T03:40:15.420+0000] {dag.py:2693} INFO - Sync 1 DAGs
[2023-03-29T03:40:15.448+0000] {logging_mixin.py:137} INFO - [2023-03-29T03:40:15.448+0000] {dag.py:3444} INFO - Setting next_dagrun for latest_only_with_trigger to 2023-03-28T23:40:15.447919+00:00, run_after=2023-03-29T03:40:15.447919+00:00
[2023-03-29T03:40:15.468+0000] {processor.py:175} INFO - Processing /home/airflow/.local/lib/python3.7/site-packages/airflow/example_dags/example_latest_only_with_trigger.py took 0.116 seconds
[2023-03-29T03:40:46.070+0000] {processor.py:153} INFO - Started process (PID=1429) to work on /home/airflow/.local/lib/python3.7/site-packages/airflow/example_dags/example_latest_only_with_trigger.py
[2023-03-29T03:40:46.092+0000] {processor.py:743} INFO - Processing file /home/airflow/.local/lib/python3.7/site-packages/airflow/example_dags/example_latest_only_with_trigger.py for tasks to queue
[2023-03-29T03:40:46.126+0000] {logging_mixin.py:137} INFO - [2023-03-29T03:40:46.126+0000] {dagbag.py:532} INFO - Filling up the DagBag from /home/airflow/.local/lib/python3.7/site-packages/airflow/example_dags/example_latest_only_with_trigger.py
[2023-03-29T03:40:46.157+0000] {processor.py:753} INFO - DAG(s) dict_keys(['latest_only_with_trigger']) retrieved from /home/airflow/.local/lib/python3.7/site-packages/airflow/example_dags/example_latest_only_with_trigger.py
[2023-03-29T03:40:46.182+0000] {logging_mixin.py:137} INFO - [2023-03-29T03:40:46.182+0000] {dag.py:2693} INFO - Sync 1 DAGs
[2023-03-29T03:40:46.200+0000] {logging_mixin.py:137} INFO - [2023-03-29T03:40:46.200+0000] {dag.py:3444} INFO - Setting next_dagrun for latest_only_with_trigger to 2023-03-28T23:40:46.200649+00:00, run_after=2023-03-29T03:40:46.200649+00:00
[2023-03-29T03:40:46.214+0000] {processor.py:175} INFO - Processing /home/airflow/.local/lib/python3.7/site-packages/airflow/example_dags/example_latest_only_with_trigger.py took 0.152 seconds
[2023-03-29T03:41:16.776+0000] {processor.py:153} INFO - Started process (PID=1478) to work on /home/airflow/.local/lib/python3.7/site-packages/airflow/example_dags/example_latest_only_with_trigger.py
[2023-03-29T03:41:16.778+0000] {processor.py:743} INFO - Processing file /home/airflow/.local/lib/python3.7/site-packages/airflow/example_dags/example_latest_only_with_trigger.py for tasks to queue
[2023-03-29T03:41:16.779+0000] {logging_mixin.py:137} INFO - [2023-03-29T03:41:16.779+0000] {dagbag.py:532} INFO - Filling up the DagBag from /home/airflow/.local/lib/python3.7/site-packages/airflow/example_dags/example_latest_only_with_trigger.py
[2023-03-29T03:41:16.789+0000] {processor.py:753} INFO - DAG(s) dict_keys(['latest_only_with_trigger']) retrieved from /home/airflow/.local/lib/python3.7/site-packages/airflow/example_dags/example_latest_only_with_trigger.py
[2023-03-29T03:41:16.808+0000] {logging_mixin.py:137} INFO - [2023-03-29T03:41:16.808+0000] {dag.py:2693} INFO - Sync 1 DAGs
[2023-03-29T03:41:16.825+0000] {logging_mixin.py:137} INFO - [2023-03-29T03:41:16.824+0000] {dag.py:3444} INFO - Setting next_dagrun for latest_only_with_trigger to 2023-03-28T23:41:16.824829+00:00, run_after=2023-03-29T03:41:16.824829+00:00
[2023-03-29T03:41:16.837+0000] {processor.py:175} INFO - Processing /home/airflow/.local/lib/python3.7/site-packages/airflow/example_dags/example_latest_only_with_trigger.py took 0.063 seconds
[2023-03-29T03:41:47.539+0000] {processor.py:153} INFO - Started process (PID=1527) to work on /home/airflow/.local/lib/python3.7/site-packages/airflow/example_dags/example_latest_only_with_trigger.py
[2023-03-29T03:41:47.541+0000] {processor.py:743} INFO - Processing file /home/airflow/.local/lib/python3.7/site-packages/airflow/example_dags/example_latest_only_with_trigger.py for tasks to queue
[2023-03-29T03:41:47.542+0000] {logging_mixin.py:137} INFO - [2023-03-29T03:41:47.542+0000] {dagbag.py:532} INFO - Filling up the DagBag from /home/airflow/.local/lib/python3.7/site-packages/airflow/example_dags/example_latest_only_with_trigger.py
[2023-03-29T03:41:47.553+0000] {processor.py:753} INFO - DAG(s) dict_keys(['latest_only_with_trigger']) retrieved from /home/airflow/.local/lib/python3.7/site-packages/airflow/example_dags/example_latest_only_with_trigger.py
[2023-03-29T03:41:47.570+0000] {logging_mixin.py:137} INFO - [2023-03-29T03:41:47.570+0000] {dag.py:2693} INFO - Sync 1 DAGs
[2023-03-29T03:41:47.584+0000] {logging_mixin.py:137} INFO - [2023-03-29T03:41:47.584+0000] {dag.py:3444} INFO - Setting next_dagrun for latest_only_with_trigger to 2023-03-28T23:41:47.584458+00:00, run_after=2023-03-29T03:41:47.584458+00:00
[2023-03-29T03:41:47.595+0000] {processor.py:175} INFO - Processing /home/airflow/.local/lib/python3.7/site-packages/airflow/example_dags/example_latest_only_with_trigger.py took 0.060 seconds
[2023-03-29T03:42:18.041+0000] {processor.py:153} INFO - Started process (PID=1578) to work on /home/airflow/.local/lib/python3.7/site-packages/airflow/example_dags/example_latest_only_with_trigger.py
[2023-03-29T03:42:18.043+0000] {processor.py:743} INFO - Processing file /home/airflow/.local/lib/python3.7/site-packages/airflow/example_dags/example_latest_only_with_trigger.py for tasks to queue
[2023-03-29T03:42:18.044+0000] {logging_mixin.py:137} INFO - [2023-03-29T03:42:18.044+0000] {dagbag.py:532} INFO - Filling up the DagBag from /home/airflow/.local/lib/python3.7/site-packages/airflow/example_dags/example_latest_only_with_trigger.py
[2023-03-29T03:42:18.055+0000] {processor.py:753} INFO - DAG(s) dict_keys(['latest_only_with_trigger']) retrieved from /home/airflow/.local/lib/python3.7/site-packages/airflow/example_dags/example_latest_only_with_trigger.py
[2023-03-29T03:42:18.078+0000] {logging_mixin.py:137} INFO - [2023-03-29T03:42:18.078+0000] {dag.py:2693} INFO - Sync 1 DAGs
[2023-03-29T03:42:18.095+0000] {logging_mixin.py:137} INFO - [2023-03-29T03:42:18.094+0000] {dag.py:3444} INFO - Setting next_dagrun for latest_only_with_trigger to 2023-03-28T23:42:18.094812+00:00, run_after=2023-03-29T03:42:18.094812+00:00
[2023-03-29T03:42:18.107+0000] {processor.py:175} INFO - Processing /home/airflow/.local/lib/python3.7/site-packages/airflow/example_dags/example_latest_only_with_trigger.py took 0.069 seconds
[2023-03-29T03:42:48.618+0000] {processor.py:153} INFO - Started process (PID=1627) to work on /home/airflow/.local/lib/python3.7/site-packages/airflow/example_dags/example_latest_only_with_trigger.py
[2023-03-29T03:42:48.620+0000] {processor.py:743} INFO - Processing file /home/airflow/.local/lib/python3.7/site-packages/airflow/example_dags/example_latest_only_with_trigger.py for tasks to queue
[2023-03-29T03:42:48.621+0000] {logging_mixin.py:137} INFO - [2023-03-29T03:42:48.621+0000] {dagbag.py:532} INFO - Filling up the DagBag from /home/airflow/.local/lib/python3.7/site-packages/airflow/example_dags/example_latest_only_with_trigger.py
[2023-03-29T03:42:48.632+0000] {processor.py:753} INFO - DAG(s) dict_keys(['latest_only_with_trigger']) retrieved from /home/airflow/.local/lib/python3.7/site-packages/airflow/example_dags/example_latest_only_with_trigger.py
[2023-03-29T03:42:48.650+0000] {logging_mixin.py:137} INFO - [2023-03-29T03:42:48.650+0000] {dag.py:2693} INFO - Sync 1 DAGs
[2023-03-29T03:42:48.666+0000] {logging_mixin.py:137} INFO - [2023-03-29T03:42:48.666+0000] {dag.py:3444} INFO - Setting next_dagrun for latest_only_with_trigger to 2023-03-28T23:42:48.666528+00:00, run_after=2023-03-29T03:42:48.666528+00:00
[2023-03-29T03:42:48.678+0000] {processor.py:175} INFO - Processing /home/airflow/.local/lib/python3.7/site-packages/airflow/example_dags/example_latest_only_with_trigger.py took 0.063 seconds
[2023-03-29T03:43:19.134+0000] {processor.py:153} INFO - Started process (PID=1676) to work on /home/airflow/.local/lib/python3.7/site-packages/airflow/example_dags/example_latest_only_with_trigger.py
[2023-03-29T03:43:19.137+0000] {processor.py:743} INFO - Processing file /home/airflow/.local/lib/python3.7/site-packages/airflow/example_dags/example_latest_only_with_trigger.py for tasks to queue
[2023-03-29T03:43:19.139+0000] {logging_mixin.py:137} INFO - [2023-03-29T03:43:19.138+0000] {dagbag.py:532} INFO - Filling up the DagBag from /home/airflow/.local/lib/python3.7/site-packages/airflow/example_dags/example_latest_only_with_trigger.py
[2023-03-29T03:43:19.153+0000] {processor.py:753} INFO - DAG(s) dict_keys(['latest_only_with_trigger']) retrieved from /home/airflow/.local/lib/python3.7/site-packages/airflow/example_dags/example_latest_only_with_trigger.py
[2023-03-29T03:43:19.187+0000] {logging_mixin.py:137} INFO - [2023-03-29T03:43:19.187+0000] {dag.py:2693} INFO - Sync 1 DAGs
[2023-03-29T03:43:19.208+0000] {logging_mixin.py:137} INFO - [2023-03-29T03:43:19.208+0000] {dag.py:3444} INFO - Setting next_dagrun for latest_only_with_trigger to 2023-03-28T23:43:19.208365+00:00, run_after=2023-03-29T03:43:19.208365+00:00
[2023-03-29T03:43:19.223+0000] {processor.py:175} INFO - Processing /home/airflow/.local/lib/python3.7/site-packages/airflow/example_dags/example_latest_only_with_trigger.py took 0.092 seconds
[2023-03-29T03:43:50.093+0000] {processor.py:153} INFO - Started process (PID=1725) to work on /home/airflow/.local/lib/python3.7/site-packages/airflow/example_dags/example_latest_only_with_trigger.py
[2023-03-29T03:43:50.095+0000] {processor.py:743} INFO - Processing file /home/airflow/.local/lib/python3.7/site-packages/airflow/example_dags/example_latest_only_with_trigger.py for tasks to queue
[2023-03-29T03:43:50.096+0000] {logging_mixin.py:137} INFO - [2023-03-29T03:43:50.096+0000] {dagbag.py:532} INFO - Filling up the DagBag from /home/airflow/.local/lib/python3.7/site-packages/airflow/example_dags/example_latest_only_with_trigger.py
[2023-03-29T03:43:50.108+0000] {processor.py:753} INFO - DAG(s) dict_keys(['latest_only_with_trigger']) retrieved from /home/airflow/.local/lib/python3.7/site-packages/airflow/example_dags/example_latest_only_with_trigger.py
[2023-03-29T03:43:50.127+0000] {logging_mixin.py:137} INFO - [2023-03-29T03:43:50.127+0000] {dag.py:2693} INFO - Sync 1 DAGs
[2023-03-29T03:43:50.144+0000] {logging_mixin.py:137} INFO - [2023-03-29T03:43:50.144+0000] {dag.py:3444} INFO - Setting next_dagrun for latest_only_with_trigger to 2023-03-28T23:43:50.144509+00:00, run_after=2023-03-29T03:43:50.144509+00:00
[2023-03-29T03:43:50.157+0000] {processor.py:175} INFO - Processing /home/airflow/.local/lib/python3.7/site-packages/airflow/example_dags/example_latest_only_with_trigger.py took 0.067 seconds
[2023-03-29T03:44:21.198+0000] {processor.py:153} INFO - Started process (PID=1781) to work on /home/airflow/.local/lib/python3.7/site-packages/airflow/example_dags/example_latest_only_with_trigger.py
[2023-03-29T03:44:21.199+0000] {processor.py:743} INFO - Processing file /home/airflow/.local/lib/python3.7/site-packages/airflow/example_dags/example_latest_only_with_trigger.py for tasks to queue
[2023-03-29T03:44:21.200+0000] {logging_mixin.py:137} INFO - [2023-03-29T03:44:21.200+0000] {dagbag.py:532} INFO - Filling up the DagBag from /home/airflow/.local/lib/python3.7/site-packages/airflow/example_dags/example_latest_only_with_trigger.py
[2023-03-29T03:44:21.213+0000] {processor.py:753} INFO - DAG(s) dict_keys(['latest_only_with_trigger']) retrieved from /home/airflow/.local/lib/python3.7/site-packages/airflow/example_dags/example_latest_only_with_trigger.py
[2023-03-29T03:44:21.237+0000] {logging_mixin.py:137} INFO - [2023-03-29T03:44:21.237+0000] {dag.py:2693} INFO - Sync 1 DAGs
[2023-03-29T03:44:21.271+0000] {logging_mixin.py:137} INFO - [2023-03-29T03:44:21.271+0000] {dag.py:3444} INFO - Setting next_dagrun for latest_only_with_trigger to 2023-03-28T23:44:21.271196+00:00, run_after=2023-03-29T03:44:21.271196+00:00
[2023-03-29T03:44:21.292+0000] {processor.py:175} INFO - Processing /home/airflow/.local/lib/python3.7/site-packages/airflow/example_dags/example_latest_only_with_trigger.py took 0.098 seconds
[2023-03-29T03:44:51.710+0000] {processor.py:153} INFO - Started process (PID=1830) to work on /home/airflow/.local/lib/python3.7/site-packages/airflow/example_dags/example_latest_only_with_trigger.py
[2023-03-29T03:44:51.716+0000] {processor.py:743} INFO - Processing file /home/airflow/.local/lib/python3.7/site-packages/airflow/example_dags/example_latest_only_with_trigger.py for tasks to queue
[2023-03-29T03:44:51.721+0000] {logging_mixin.py:137} INFO - [2023-03-29T03:44:51.720+0000] {dagbag.py:532} INFO - Filling up the DagBag from /home/airflow/.local/lib/python3.7/site-packages/airflow/example_dags/example_latest_only_with_trigger.py
[2023-03-29T03:44:51.772+0000] {processor.py:753} INFO - DAG(s) dict_keys(['latest_only_with_trigger']) retrieved from /home/airflow/.local/lib/python3.7/site-packages/airflow/example_dags/example_latest_only_with_trigger.py
[2023-03-29T03:44:51.829+0000] {logging_mixin.py:137} INFO - [2023-03-29T03:44:51.828+0000] {dag.py:2693} INFO - Sync 1 DAGs
[2023-03-29T03:44:51.871+0000] {logging_mixin.py:137} INFO - [2023-03-29T03:44:51.870+0000] {dag.py:3444} INFO - Setting next_dagrun for latest_only_with_trigger to 2023-03-28T23:44:51.870508+00:00, run_after=2023-03-29T03:44:51.870508+00:00
[2023-03-29T03:44:51.907+0000] {processor.py:175} INFO - Processing /home/airflow/.local/lib/python3.7/site-packages/airflow/example_dags/example_latest_only_with_trigger.py took 0.202 seconds
[2023-03-29T03:45:22.195+0000] {processor.py:153} INFO - Started process (PID=1879) to work on /home/airflow/.local/lib/python3.7/site-packages/airflow/example_dags/example_latest_only_with_trigger.py
[2023-03-29T03:45:22.225+0000] {processor.py:743} INFO - Processing file /home/airflow/.local/lib/python3.7/site-packages/airflow/example_dags/example_latest_only_with_trigger.py for tasks to queue
[2023-03-29T03:45:22.228+0000] {logging_mixin.py:137} INFO - [2023-03-29T03:45:22.228+0000] {dagbag.py:532} INFO - Filling up the DagBag from /home/airflow/.local/lib/python3.7/site-packages/airflow/example_dags/example_latest_only_with_trigger.py
[2023-03-29T03:45:22.250+0000] {processor.py:753} INFO - DAG(s) dict_keys(['latest_only_with_trigger']) retrieved from /home/airflow/.local/lib/python3.7/site-packages/airflow/example_dags/example_latest_only_with_trigger.py
[2023-03-29T03:45:22.289+0000] {logging_mixin.py:137} INFO - [2023-03-29T03:45:22.289+0000] {dag.py:2693} INFO - Sync 1 DAGs
[2023-03-29T03:45:22.308+0000] {logging_mixin.py:137} INFO - [2023-03-29T03:45:22.307+0000] {dag.py:3444} INFO - Setting next_dagrun for latest_only_with_trigger to 2023-03-28T23:45:22.307706+00:00, run_after=2023-03-29T03:45:22.307706+00:00
[2023-03-29T03:45:22.330+0000] {processor.py:175} INFO - Processing /home/airflow/.local/lib/python3.7/site-packages/airflow/example_dags/example_latest_only_with_trigger.py took 0.138 seconds
[2023-03-29T03:45:52.651+0000] {processor.py:153} INFO - Started process (PID=1929) to work on /home/airflow/.local/lib/python3.7/site-packages/airflow/example_dags/example_latest_only_with_trigger.py
[2023-03-29T03:45:52.653+0000] {processor.py:743} INFO - Processing file /home/airflow/.local/lib/python3.7/site-packages/airflow/example_dags/example_latest_only_with_trigger.py for tasks to queue
[2023-03-29T03:45:52.653+0000] {logging_mixin.py:137} INFO - [2023-03-29T03:45:52.653+0000] {dagbag.py:532} INFO - Filling up the DagBag from /home/airflow/.local/lib/python3.7/site-packages/airflow/example_dags/example_latest_only_with_trigger.py
[2023-03-29T03:45:52.664+0000] {processor.py:753} INFO - DAG(s) dict_keys(['latest_only_with_trigger']) retrieved from /home/airflow/.local/lib/python3.7/site-packages/airflow/example_dags/example_latest_only_with_trigger.py
[2023-03-29T03:45:52.685+0000] {logging_mixin.py:137} INFO - [2023-03-29T03:45:52.684+0000] {dag.py:2693} INFO - Sync 1 DAGs
[2023-03-29T03:45:52.705+0000] {logging_mixin.py:137} INFO - [2023-03-29T03:45:52.705+0000] {dag.py:3444} INFO - Setting next_dagrun for latest_only_with_trigger to 2023-03-28T23:45:52.705451+00:00, run_after=2023-03-29T03:45:52.705451+00:00
[2023-03-29T03:45:52.719+0000] {processor.py:175} INFO - Processing /home/airflow/.local/lib/python3.7/site-packages/airflow/example_dags/example_latest_only_with_trigger.py took 0.072 seconds
[2023-03-29T03:46:23.379+0000] {processor.py:153} INFO - Started process (PID=1978) to work on /home/airflow/.local/lib/python3.7/site-packages/airflow/example_dags/example_latest_only_with_trigger.py
[2023-03-29T03:46:23.381+0000] {processor.py:743} INFO - Processing file /home/airflow/.local/lib/python3.7/site-packages/airflow/example_dags/example_latest_only_with_trigger.py for tasks to queue
[2023-03-29T03:46:23.382+0000] {logging_mixin.py:137} INFO - [2023-03-29T03:46:23.382+0000] {dagbag.py:532} INFO - Filling up the DagBag from /home/airflow/.local/lib/python3.7/site-packages/airflow/example_dags/example_latest_only_with_trigger.py
[2023-03-29T03:46:23.395+0000] {processor.py:753} INFO - DAG(s) dict_keys(['latest_only_with_trigger']) retrieved from /home/airflow/.local/lib/python3.7/site-packages/airflow/example_dags/example_latest_only_with_trigger.py
[2023-03-29T03:46:23.414+0000] {logging_mixin.py:137} INFO - [2023-03-29T03:46:23.414+0000] {dag.py:2693} INFO - Sync 1 DAGs
[2023-03-29T03:46:23.432+0000] {logging_mixin.py:137} INFO - [2023-03-29T03:46:23.432+0000] {dag.py:3444} INFO - Setting next_dagrun for latest_only_with_trigger to 2023-03-28T23:46:23.432115+00:00, run_after=2023-03-29T03:46:23.432115+00:00
[2023-03-29T03:46:23.446+0000] {processor.py:175} INFO - Processing /home/airflow/.local/lib/python3.7/site-packages/airflow/example_dags/example_latest_only_with_trigger.py took 0.069 seconds
[2023-03-29T03:46:53.985+0000] {processor.py:153} INFO - Started process (PID=2028) to work on /home/airflow/.local/lib/python3.7/site-packages/airflow/example_dags/example_latest_only_with_trigger.py
[2023-03-29T03:46:53.987+0000] {processor.py:743} INFO - Processing file /home/airflow/.local/lib/python3.7/site-packages/airflow/example_dags/example_latest_only_with_trigger.py for tasks to queue
[2023-03-29T03:46:53.989+0000] {logging_mixin.py:137} INFO - [2023-03-29T03:46:53.989+0000] {dagbag.py:532} INFO - Filling up the DagBag from /home/airflow/.local/lib/python3.7/site-packages/airflow/example_dags/example_latest_only_with_trigger.py
[2023-03-29T03:46:54.000+0000] {processor.py:753} INFO - DAG(s) dict_keys(['latest_only_with_trigger']) retrieved from /home/airflow/.local/lib/python3.7/site-packages/airflow/example_dags/example_latest_only_with_trigger.py
[2023-03-29T03:46:54.022+0000] {logging_mixin.py:137} INFO - [2023-03-29T03:46:54.022+0000] {dag.py:2693} INFO - Sync 1 DAGs
[2023-03-29T03:46:54.040+0000] {logging_mixin.py:137} INFO - [2023-03-29T03:46:54.040+0000] {dag.py:3444} INFO - Setting next_dagrun for latest_only_with_trigger to 2023-03-28T23:46:54.039971+00:00, run_after=2023-03-29T03:46:54.039971+00:00
[2023-03-29T03:46:54.053+0000] {processor.py:175} INFO - Processing /home/airflow/.local/lib/python3.7/site-packages/airflow/example_dags/example_latest_only_with_trigger.py took 0.071 seconds
[2023-03-29T03:47:24.553+0000] {processor.py:153} INFO - Started process (PID=2078) to work on /home/airflow/.local/lib/python3.7/site-packages/airflow/example_dags/example_latest_only_with_trigger.py
[2023-03-29T03:47:24.555+0000] {processor.py:743} INFO - Processing file /home/airflow/.local/lib/python3.7/site-packages/airflow/example_dags/example_latest_only_with_trigger.py for tasks to queue
[2023-03-29T03:47:24.556+0000] {logging_mixin.py:137} INFO - [2023-03-29T03:47:24.556+0000] {dagbag.py:532} INFO - Filling up the DagBag from /home/airflow/.local/lib/python3.7/site-packages/airflow/example_dags/example_latest_only_with_trigger.py
[2023-03-29T03:47:24.568+0000] {processor.py:753} INFO - DAG(s) dict_keys(['latest_only_with_trigger']) retrieved from /home/airflow/.local/lib/python3.7/site-packages/airflow/example_dags/example_latest_only_with_trigger.py
[2023-03-29T03:47:24.593+0000] {logging_mixin.py:137} INFO - [2023-03-29T03:47:24.593+0000] {dag.py:2693} INFO - Sync 1 DAGs
[2023-03-29T03:47:24.621+0000] {logging_mixin.py:137} INFO - [2023-03-29T03:47:24.620+0000] {dag.py:3444} INFO - Setting next_dagrun for latest_only_with_trigger to 2023-03-28T23:47:24.620448+00:00, run_after=2023-03-29T03:47:24.620448+00:00
[2023-03-29T03:47:24.641+0000] {processor.py:175} INFO - Processing /home/airflow/.local/lib/python3.7/site-packages/airflow/example_dags/example_latest_only_with_trigger.py took 0.090 seconds
