[2023-03-29T03:26:26.542+0000] {processor.py:153} INFO - Started process (PID=52) to work on /home/airflow/.local/lib/python3.7/site-packages/airflow/example_dags/example_bash_operator.py
[2023-03-29T03:26:26.544+0000] {processor.py:743} INFO - Processing file /home/airflow/.local/lib/python3.7/site-packages/airflow/example_dags/example_bash_operator.py for tasks to queue
[2023-03-29T03:26:26.545+0000] {logging_mixin.py:137} INFO - [2023-03-29T03:26:26.545+0000] {dagbag.py:532} INFO - Filling up the DagBag from /home/airflow/.local/lib/python3.7/site-packages/airflow/example_dags/example_bash_operator.py
[2023-03-29T03:26:26.596+0000] {processor.py:753} INFO - DAG(s) dict_keys(['example_bash_operator']) retrieved from /home/airflow/.local/lib/python3.7/site-packages/airflow/example_dags/example_bash_operator.py
[2023-03-29T03:26:26.632+0000] {logging_mixin.py:137} INFO - [2023-03-29T03:26:26.632+0000] {dag.py:2693} INFO - Sync 1 DAGs
[2023-03-29T03:26:26.667+0000] {logging_mixin.py:137} INFO - [2023-03-29T03:26:26.667+0000] {dag.py:3444} INFO - Setting next_dagrun for example_bash_operator to 2023-03-28T00:00:00+00:00, run_after=2023-03-29T00:00:00+00:00
[2023-03-29T03:26:26.702+0000] {processor.py:175} INFO - Processing /home/airflow/.local/lib/python3.7/site-packages/airflow/example_dags/example_bash_operator.py took 0.164 seconds
[2023-03-29T03:26:57.406+0000] {processor.py:153} INFO - Started process (PID=101) to work on /home/airflow/.local/lib/python3.7/site-packages/airflow/example_dags/example_bash_operator.py
[2023-03-29T03:26:57.408+0000] {processor.py:743} INFO - Processing file /home/airflow/.local/lib/python3.7/site-packages/airflow/example_dags/example_bash_operator.py for tasks to queue
[2023-03-29T03:26:57.409+0000] {logging_mixin.py:137} INFO - [2023-03-29T03:26:57.409+0000] {dagbag.py:532} INFO - Filling up the DagBag from /home/airflow/.local/lib/python3.7/site-packages/airflow/example_dags/example_bash_operator.py
[2023-03-29T03:26:57.429+0000] {processor.py:753} INFO - DAG(s) dict_keys(['example_bash_operator']) retrieved from /home/airflow/.local/lib/python3.7/site-packages/airflow/example_dags/example_bash_operator.py
[2023-03-29T03:26:57.459+0000] {logging_mixin.py:137} INFO - [2023-03-29T03:26:57.458+0000] {dag.py:2693} INFO - Sync 1 DAGs
[2023-03-29T03:26:57.476+0000] {logging_mixin.py:137} INFO - [2023-03-29T03:26:57.476+0000] {dag.py:3444} INFO - Setting next_dagrun for example_bash_operator to 2023-03-28T00:00:00+00:00, run_after=2023-03-29T00:00:00+00:00
[2023-03-29T03:26:57.490+0000] {processor.py:175} INFO - Processing /home/airflow/.local/lib/python3.7/site-packages/airflow/example_dags/example_bash_operator.py took 0.087 seconds
[2023-03-29T03:27:27.925+0000] {processor.py:153} INFO - Started process (PID=150) to work on /home/airflow/.local/lib/python3.7/site-packages/airflow/example_dags/example_bash_operator.py
[2023-03-29T03:27:27.928+0000] {processor.py:743} INFO - Processing file /home/airflow/.local/lib/python3.7/site-packages/airflow/example_dags/example_bash_operator.py for tasks to queue
[2023-03-29T03:27:27.930+0000] {logging_mixin.py:137} INFO - [2023-03-29T03:27:27.930+0000] {dagbag.py:532} INFO - Filling up the DagBag from /home/airflow/.local/lib/python3.7/site-packages/airflow/example_dags/example_bash_operator.py
[2023-03-29T03:27:27.953+0000] {processor.py:753} INFO - DAG(s) dict_keys(['example_bash_operator']) retrieved from /home/airflow/.local/lib/python3.7/site-packages/airflow/example_dags/example_bash_operator.py
[2023-03-29T03:27:27.991+0000] {logging_mixin.py:137} INFO - [2023-03-29T03:27:27.990+0000] {dag.py:2693} INFO - Sync 1 DAGs
[2023-03-29T03:27:28.014+0000] {logging_mixin.py:137} INFO - [2023-03-29T03:27:28.014+0000] {dag.py:3444} INFO - Setting next_dagrun for example_bash_operator to 2023-03-28T00:00:00+00:00, run_after=2023-03-29T00:00:00+00:00
[2023-03-29T03:27:28.030+0000] {processor.py:175} INFO - Processing /home/airflow/.local/lib/python3.7/site-packages/airflow/example_dags/example_bash_operator.py took 0.108 seconds
[2023-03-29T03:27:58.632+0000] {processor.py:153} INFO - Started process (PID=199) to work on /home/airflow/.local/lib/python3.7/site-packages/airflow/example_dags/example_bash_operator.py
[2023-03-29T03:27:58.635+0000] {processor.py:743} INFO - Processing file /home/airflow/.local/lib/python3.7/site-packages/airflow/example_dags/example_bash_operator.py for tasks to queue
[2023-03-29T03:27:58.636+0000] {logging_mixin.py:137} INFO - [2023-03-29T03:27:58.636+0000] {dagbag.py:532} INFO - Filling up the DagBag from /home/airflow/.local/lib/python3.7/site-packages/airflow/example_dags/example_bash_operator.py
[2023-03-29T03:27:58.652+0000] {processor.py:753} INFO - DAG(s) dict_keys(['example_bash_operator']) retrieved from /home/airflow/.local/lib/python3.7/site-packages/airflow/example_dags/example_bash_operator.py
[2023-03-29T03:27:58.690+0000] {logging_mixin.py:137} INFO - [2023-03-29T03:27:58.690+0000] {dag.py:2693} INFO - Sync 1 DAGs
[2023-03-29T03:27:58.713+0000] {logging_mixin.py:137} INFO - [2023-03-29T03:27:58.713+0000] {dag.py:3444} INFO - Setting next_dagrun for example_bash_operator to 2023-03-28T00:00:00+00:00, run_after=2023-03-29T00:00:00+00:00
[2023-03-29T03:27:58.729+0000] {processor.py:175} INFO - Processing /home/airflow/.local/lib/python3.7/site-packages/airflow/example_dags/example_bash_operator.py took 0.100 seconds
[2023-03-29T03:28:29.127+0000] {processor.py:153} INFO - Started process (PID=248) to work on /home/airflow/.local/lib/python3.7/site-packages/airflow/example_dags/example_bash_operator.py
[2023-03-29T03:28:29.128+0000] {processor.py:743} INFO - Processing file /home/airflow/.local/lib/python3.7/site-packages/airflow/example_dags/example_bash_operator.py for tasks to queue
[2023-03-29T03:28:29.129+0000] {logging_mixin.py:137} INFO - [2023-03-29T03:28:29.129+0000] {dagbag.py:532} INFO - Filling up the DagBag from /home/airflow/.local/lib/python3.7/site-packages/airflow/example_dags/example_bash_operator.py
[2023-03-29T03:28:29.143+0000] {processor.py:753} INFO - DAG(s) dict_keys(['example_bash_operator']) retrieved from /home/airflow/.local/lib/python3.7/site-packages/airflow/example_dags/example_bash_operator.py
[2023-03-29T03:28:29.168+0000] {logging_mixin.py:137} INFO - [2023-03-29T03:28:29.167+0000] {dag.py:2693} INFO - Sync 1 DAGs
[2023-03-29T03:28:29.184+0000] {logging_mixin.py:137} INFO - [2023-03-29T03:28:29.184+0000] {dag.py:3444} INFO - Setting next_dagrun for example_bash_operator to 2023-03-28T00:00:00+00:00, run_after=2023-03-29T00:00:00+00:00
[2023-03-29T03:28:29.196+0000] {processor.py:175} INFO - Processing /home/airflow/.local/lib/python3.7/site-packages/airflow/example_dags/example_bash_operator.py took 0.072 seconds
[2023-03-29T03:28:59.694+0000] {processor.py:153} INFO - Started process (PID=297) to work on /home/airflow/.local/lib/python3.7/site-packages/airflow/example_dags/example_bash_operator.py
[2023-03-29T03:28:59.695+0000] {processor.py:743} INFO - Processing file /home/airflow/.local/lib/python3.7/site-packages/airflow/example_dags/example_bash_operator.py for tasks to queue
[2023-03-29T03:28:59.696+0000] {logging_mixin.py:137} INFO - [2023-03-29T03:28:59.696+0000] {dagbag.py:532} INFO - Filling up the DagBag from /home/airflow/.local/lib/python3.7/site-packages/airflow/example_dags/example_bash_operator.py
[2023-03-29T03:28:59.709+0000] {processor.py:753} INFO - DAG(s) dict_keys(['example_bash_operator']) retrieved from /home/airflow/.local/lib/python3.7/site-packages/airflow/example_dags/example_bash_operator.py
[2023-03-29T03:28:59.733+0000] {logging_mixin.py:137} INFO - [2023-03-29T03:28:59.733+0000] {dag.py:2693} INFO - Sync 1 DAGs
[2023-03-29T03:28:59.749+0000] {logging_mixin.py:137} INFO - [2023-03-29T03:28:59.748+0000] {dag.py:3444} INFO - Setting next_dagrun for example_bash_operator to 2023-03-28T00:00:00+00:00, run_after=2023-03-29T00:00:00+00:00
[2023-03-29T03:28:59.761+0000] {processor.py:175} INFO - Processing /home/airflow/.local/lib/python3.7/site-packages/airflow/example_dags/example_bash_operator.py took 0.069 seconds
[2023-03-29T03:29:30.421+0000] {processor.py:153} INFO - Started process (PID=346) to work on /home/airflow/.local/lib/python3.7/site-packages/airflow/example_dags/example_bash_operator.py
[2023-03-29T03:29:30.424+0000] {processor.py:743} INFO - Processing file /home/airflow/.local/lib/python3.7/site-packages/airflow/example_dags/example_bash_operator.py for tasks to queue
[2023-03-29T03:29:30.425+0000] {logging_mixin.py:137} INFO - [2023-03-29T03:29:30.425+0000] {dagbag.py:532} INFO - Filling up the DagBag from /home/airflow/.local/lib/python3.7/site-packages/airflow/example_dags/example_bash_operator.py
[2023-03-29T03:29:30.441+0000] {processor.py:753} INFO - DAG(s) dict_keys(['example_bash_operator']) retrieved from /home/airflow/.local/lib/python3.7/site-packages/airflow/example_dags/example_bash_operator.py
[2023-03-29T03:29:30.474+0000] {logging_mixin.py:137} INFO - [2023-03-29T03:29:30.474+0000] {dag.py:2693} INFO - Sync 1 DAGs
[2023-03-29T03:29:30.498+0000] {logging_mixin.py:137} INFO - [2023-03-29T03:29:30.498+0000] {dag.py:3444} INFO - Setting next_dagrun for example_bash_operator to 2023-03-28T00:00:00+00:00, run_after=2023-03-29T00:00:00+00:00
[2023-03-29T03:29:30.516+0000] {processor.py:175} INFO - Processing /home/airflow/.local/lib/python3.7/site-packages/airflow/example_dags/example_bash_operator.py took 0.099 seconds
[2023-03-29T03:30:01.435+0000] {processor.py:153} INFO - Started process (PID=395) to work on /home/airflow/.local/lib/python3.7/site-packages/airflow/example_dags/example_bash_operator.py
[2023-03-29T03:30:01.437+0000] {processor.py:743} INFO - Processing file /home/airflow/.local/lib/python3.7/site-packages/airflow/example_dags/example_bash_operator.py for tasks to queue
[2023-03-29T03:30:01.438+0000] {logging_mixin.py:137} INFO - [2023-03-29T03:30:01.438+0000] {dagbag.py:532} INFO - Filling up the DagBag from /home/airflow/.local/lib/python3.7/site-packages/airflow/example_dags/example_bash_operator.py
[2023-03-29T03:30:01.457+0000] {processor.py:753} INFO - DAG(s) dict_keys(['example_bash_operator']) retrieved from /home/airflow/.local/lib/python3.7/site-packages/airflow/example_dags/example_bash_operator.py
[2023-03-29T03:30:01.485+0000] {logging_mixin.py:137} INFO - [2023-03-29T03:30:01.485+0000] {dag.py:2693} INFO - Sync 1 DAGs
[2023-03-29T03:30:01.509+0000] {logging_mixin.py:137} INFO - [2023-03-29T03:30:01.509+0000] {dag.py:3444} INFO - Setting next_dagrun for example_bash_operator to 2023-03-28T00:00:00+00:00, run_after=2023-03-29T00:00:00+00:00
[2023-03-29T03:30:01.525+0000] {processor.py:175} INFO - Processing /home/airflow/.local/lib/python3.7/site-packages/airflow/example_dags/example_bash_operator.py took 0.092 seconds
[2023-03-29T03:30:32.395+0000] {processor.py:153} INFO - Started process (PID=444) to work on /home/airflow/.local/lib/python3.7/site-packages/airflow/example_dags/example_bash_operator.py
[2023-03-29T03:30:32.396+0000] {processor.py:743} INFO - Processing file /home/airflow/.local/lib/python3.7/site-packages/airflow/example_dags/example_bash_operator.py for tasks to queue
[2023-03-29T03:30:32.398+0000] {logging_mixin.py:137} INFO - [2023-03-29T03:30:32.397+0000] {dagbag.py:532} INFO - Filling up the DagBag from /home/airflow/.local/lib/python3.7/site-packages/airflow/example_dags/example_bash_operator.py
[2023-03-29T03:30:32.415+0000] {processor.py:753} INFO - DAG(s) dict_keys(['example_bash_operator']) retrieved from /home/airflow/.local/lib/python3.7/site-packages/airflow/example_dags/example_bash_operator.py
[2023-03-29T03:30:32.446+0000] {logging_mixin.py:137} INFO - [2023-03-29T03:30:32.446+0000] {dag.py:2693} INFO - Sync 1 DAGs
[2023-03-29T03:30:32.472+0000] {logging_mixin.py:137} INFO - [2023-03-29T03:30:32.471+0000] {dag.py:3444} INFO - Setting next_dagrun for example_bash_operator to 2023-03-28T00:00:00+00:00, run_after=2023-03-29T00:00:00+00:00
[2023-03-29T03:30:32.492+0000] {processor.py:175} INFO - Processing /home/airflow/.local/lib/python3.7/site-packages/airflow/example_dags/example_bash_operator.py took 0.101 seconds
[2023-03-29T03:31:02.706+0000] {processor.py:153} INFO - Started process (PID=492) to work on /home/airflow/.local/lib/python3.7/site-packages/airflow/example_dags/example_bash_operator.py
[2023-03-29T03:31:02.717+0000] {processor.py:743} INFO - Processing file /home/airflow/.local/lib/python3.7/site-packages/airflow/example_dags/example_bash_operator.py for tasks to queue
[2023-03-29T03:31:02.723+0000] {logging_mixin.py:137} INFO - [2023-03-29T03:31:02.723+0000] {dagbag.py:532} INFO - Filling up the DagBag from /home/airflow/.local/lib/python3.7/site-packages/airflow/example_dags/example_bash_operator.py
[2023-03-29T03:31:02.770+0000] {processor.py:753} INFO - DAG(s) dict_keys(['example_bash_operator']) retrieved from /home/airflow/.local/lib/python3.7/site-packages/airflow/example_dags/example_bash_operator.py
[2023-03-29T03:31:02.863+0000] {logging_mixin.py:137} INFO - [2023-03-29T03:31:02.863+0000] {dag.py:2693} INFO - Sync 1 DAGs
[2023-03-29T03:31:02.915+0000] {logging_mixin.py:137} INFO - [2023-03-29T03:31:02.915+0000] {dag.py:3444} INFO - Setting next_dagrun for example_bash_operator to 2023-03-28T00:00:00+00:00, run_after=2023-03-29T00:00:00+00:00
[2023-03-29T03:31:02.945+0000] {processor.py:175} INFO - Processing /home/airflow/.local/lib/python3.7/site-packages/airflow/example_dags/example_bash_operator.py took 0.244 seconds
[2023-03-29T03:31:33.557+0000] {processor.py:153} INFO - Started process (PID=542) to work on /home/airflow/.local/lib/python3.7/site-packages/airflow/example_dags/example_bash_operator.py
[2023-03-29T03:31:33.559+0000] {processor.py:743} INFO - Processing file /home/airflow/.local/lib/python3.7/site-packages/airflow/example_dags/example_bash_operator.py for tasks to queue
[2023-03-29T03:31:33.560+0000] {logging_mixin.py:137} INFO - [2023-03-29T03:31:33.560+0000] {dagbag.py:532} INFO - Filling up the DagBag from /home/airflow/.local/lib/python3.7/site-packages/airflow/example_dags/example_bash_operator.py
[2023-03-29T03:31:33.575+0000] {processor.py:753} INFO - DAG(s) dict_keys(['example_bash_operator']) retrieved from /home/airflow/.local/lib/python3.7/site-packages/airflow/example_dags/example_bash_operator.py
[2023-03-29T03:31:33.599+0000] {logging_mixin.py:137} INFO - [2023-03-29T03:31:33.598+0000] {dag.py:2693} INFO - Sync 1 DAGs
[2023-03-29T03:31:33.616+0000] {logging_mixin.py:137} INFO - [2023-03-29T03:31:33.616+0000] {dag.py:3444} INFO - Setting next_dagrun for example_bash_operator to 2023-03-28T00:00:00+00:00, run_after=2023-03-29T00:00:00+00:00
[2023-03-29T03:31:33.629+0000] {processor.py:175} INFO - Processing /home/airflow/.local/lib/python3.7/site-packages/airflow/example_dags/example_bash_operator.py took 0.074 seconds
[2023-03-29T03:32:04.124+0000] {processor.py:153} INFO - Started process (PID=591) to work on /home/airflow/.local/lib/python3.7/site-packages/airflow/example_dags/example_bash_operator.py
[2023-03-29T03:32:04.126+0000] {processor.py:743} INFO - Processing file /home/airflow/.local/lib/python3.7/site-packages/airflow/example_dags/example_bash_operator.py for tasks to queue
[2023-03-29T03:32:04.127+0000] {logging_mixin.py:137} INFO - [2023-03-29T03:32:04.127+0000] {dagbag.py:532} INFO - Filling up the DagBag from /home/airflow/.local/lib/python3.7/site-packages/airflow/example_dags/example_bash_operator.py
[2023-03-29T03:32:04.141+0000] {processor.py:753} INFO - DAG(s) dict_keys(['example_bash_operator']) retrieved from /home/airflow/.local/lib/python3.7/site-packages/airflow/example_dags/example_bash_operator.py
[2023-03-29T03:32:04.171+0000] {logging_mixin.py:137} INFO - [2023-03-29T03:32:04.171+0000] {dag.py:2693} INFO - Sync 1 DAGs
[2023-03-29T03:32:04.190+0000] {logging_mixin.py:137} INFO - [2023-03-29T03:32:04.190+0000] {dag.py:3444} INFO - Setting next_dagrun for example_bash_operator to 2023-03-28T00:00:00+00:00, run_after=2023-03-29T00:00:00+00:00
[2023-03-29T03:32:04.203+0000] {processor.py:175} INFO - Processing /home/airflow/.local/lib/python3.7/site-packages/airflow/example_dags/example_bash_operator.py took 0.081 seconds
[2023-03-29T03:32:35.120+0000] {processor.py:153} INFO - Started process (PID=641) to work on /home/airflow/.local/lib/python3.7/site-packages/airflow/example_dags/example_bash_operator.py
[2023-03-29T03:32:35.122+0000] {processor.py:743} INFO - Processing file /home/airflow/.local/lib/python3.7/site-packages/airflow/example_dags/example_bash_operator.py for tasks to queue
[2023-03-29T03:32:35.124+0000] {logging_mixin.py:137} INFO - [2023-03-29T03:32:35.124+0000] {dagbag.py:532} INFO - Filling up the DagBag from /home/airflow/.local/lib/python3.7/site-packages/airflow/example_dags/example_bash_operator.py
[2023-03-29T03:32:35.144+0000] {processor.py:753} INFO - DAG(s) dict_keys(['example_bash_operator']) retrieved from /home/airflow/.local/lib/python3.7/site-packages/airflow/example_dags/example_bash_operator.py
[2023-03-29T03:32:35.194+0000] {logging_mixin.py:137} INFO - [2023-03-29T03:32:35.194+0000] {dag.py:2693} INFO - Sync 1 DAGs
[2023-03-29T03:32:35.218+0000] {logging_mixin.py:137} INFO - [2023-03-29T03:32:35.218+0000] {dag.py:3444} INFO - Setting next_dagrun for example_bash_operator to 2023-03-28T00:00:00+00:00, run_after=2023-03-29T00:00:00+00:00
[2023-03-29T03:32:35.235+0000] {processor.py:175} INFO - Processing /home/airflow/.local/lib/python3.7/site-packages/airflow/example_dags/example_bash_operator.py took 0.117 seconds
[2023-03-29T03:33:05.833+0000] {processor.py:153} INFO - Started process (PID=690) to work on /home/airflow/.local/lib/python3.7/site-packages/airflow/example_dags/example_bash_operator.py
[2023-03-29T03:33:05.835+0000] {processor.py:743} INFO - Processing file /home/airflow/.local/lib/python3.7/site-packages/airflow/example_dags/example_bash_operator.py for tasks to queue
[2023-03-29T03:33:05.836+0000] {logging_mixin.py:137} INFO - [2023-03-29T03:33:05.836+0000] {dagbag.py:532} INFO - Filling up the DagBag from /home/airflow/.local/lib/python3.7/site-packages/airflow/example_dags/example_bash_operator.py
[2023-03-29T03:33:05.852+0000] {processor.py:753} INFO - DAG(s) dict_keys(['example_bash_operator']) retrieved from /home/airflow/.local/lib/python3.7/site-packages/airflow/example_dags/example_bash_operator.py
[2023-03-29T03:33:05.882+0000] {logging_mixin.py:137} INFO - [2023-03-29T03:33:05.882+0000] {dag.py:2693} INFO - Sync 1 DAGs
[2023-03-29T03:33:05.902+0000] {logging_mixin.py:137} INFO - [2023-03-29T03:33:05.902+0000] {dag.py:3444} INFO - Setting next_dagrun for example_bash_operator to 2023-03-28T00:00:00+00:00, run_after=2023-03-29T00:00:00+00:00
[2023-03-29T03:33:05.915+0000] {processor.py:175} INFO - Processing /home/airflow/.local/lib/python3.7/site-packages/airflow/example_dags/example_bash_operator.py took 0.086 seconds
[2023-03-29T03:33:36.671+0000] {processor.py:153} INFO - Started process (PID=739) to work on /home/airflow/.local/lib/python3.7/site-packages/airflow/example_dags/example_bash_operator.py
[2023-03-29T03:33:36.673+0000] {processor.py:743} INFO - Processing file /home/airflow/.local/lib/python3.7/site-packages/airflow/example_dags/example_bash_operator.py for tasks to queue
[2023-03-29T03:33:36.674+0000] {logging_mixin.py:137} INFO - [2023-03-29T03:33:36.674+0000] {dagbag.py:532} INFO - Filling up the DagBag from /home/airflow/.local/lib/python3.7/site-packages/airflow/example_dags/example_bash_operator.py
[2023-03-29T03:33:36.697+0000] {processor.py:753} INFO - DAG(s) dict_keys(['example_bash_operator']) retrieved from /home/airflow/.local/lib/python3.7/site-packages/airflow/example_dags/example_bash_operator.py
[2023-03-29T03:33:36.730+0000] {logging_mixin.py:137} INFO - [2023-03-29T03:33:36.730+0000] {dag.py:2693} INFO - Sync 1 DAGs
[2023-03-29T03:33:36.749+0000] {logging_mixin.py:137} INFO - [2023-03-29T03:33:36.749+0000] {dag.py:3444} INFO - Setting next_dagrun for example_bash_operator to 2023-03-28T00:00:00+00:00, run_after=2023-03-29T00:00:00+00:00
[2023-03-29T03:33:36.766+0000] {processor.py:175} INFO - Processing /home/airflow/.local/lib/python3.7/site-packages/airflow/example_dags/example_bash_operator.py took 0.097 seconds
[2023-03-29T03:34:07.403+0000] {processor.py:153} INFO - Started process (PID=788) to work on /home/airflow/.local/lib/python3.7/site-packages/airflow/example_dags/example_bash_operator.py
[2023-03-29T03:34:07.405+0000] {processor.py:743} INFO - Processing file /home/airflow/.local/lib/python3.7/site-packages/airflow/example_dags/example_bash_operator.py for tasks to queue
[2023-03-29T03:34:07.406+0000] {logging_mixin.py:137} INFO - [2023-03-29T03:34:07.406+0000] {dagbag.py:532} INFO - Filling up the DagBag from /home/airflow/.local/lib/python3.7/site-packages/airflow/example_dags/example_bash_operator.py
[2023-03-29T03:34:07.421+0000] {processor.py:753} INFO - DAG(s) dict_keys(['example_bash_operator']) retrieved from /home/airflow/.local/lib/python3.7/site-packages/airflow/example_dags/example_bash_operator.py
[2023-03-29T03:34:07.450+0000] {logging_mixin.py:137} INFO - [2023-03-29T03:34:07.450+0000] {dag.py:2693} INFO - Sync 1 DAGs
[2023-03-29T03:34:07.472+0000] {logging_mixin.py:137} INFO - [2023-03-29T03:34:07.472+0000] {dag.py:3444} INFO - Setting next_dagrun for example_bash_operator to 2023-03-28T00:00:00+00:00, run_after=2023-03-29T00:00:00+00:00
[2023-03-29T03:34:07.488+0000] {processor.py:175} INFO - Processing /home/airflow/.local/lib/python3.7/site-packages/airflow/example_dags/example_bash_operator.py took 0.089 seconds
[2023-03-29T03:34:38.039+0000] {processor.py:153} INFO - Started process (PID=838) to work on /home/airflow/.local/lib/python3.7/site-packages/airflow/example_dags/example_bash_operator.py
[2023-03-29T03:34:38.041+0000] {processor.py:743} INFO - Processing file /home/airflow/.local/lib/python3.7/site-packages/airflow/example_dags/example_bash_operator.py for tasks to queue
[2023-03-29T03:34:38.042+0000] {logging_mixin.py:137} INFO - [2023-03-29T03:34:38.042+0000] {dagbag.py:532} INFO - Filling up the DagBag from /home/airflow/.local/lib/python3.7/site-packages/airflow/example_dags/example_bash_operator.py
[2023-03-29T03:34:38.056+0000] {processor.py:753} INFO - DAG(s) dict_keys(['example_bash_operator']) retrieved from /home/airflow/.local/lib/python3.7/site-packages/airflow/example_dags/example_bash_operator.py
[2023-03-29T03:34:38.082+0000] {logging_mixin.py:137} INFO - [2023-03-29T03:34:38.081+0000] {dag.py:2693} INFO - Sync 1 DAGs
[2023-03-29T03:34:38.100+0000] {logging_mixin.py:137} INFO - [2023-03-29T03:34:38.100+0000] {dag.py:3444} INFO - Setting next_dagrun for example_bash_operator to 2023-03-28T00:00:00+00:00, run_after=2023-03-29T00:00:00+00:00
[2023-03-29T03:34:38.114+0000] {processor.py:175} INFO - Processing /home/airflow/.local/lib/python3.7/site-packages/airflow/example_dags/example_bash_operator.py took 0.077 seconds
[2023-03-29T03:35:08.613+0000] {processor.py:153} INFO - Started process (PID=887) to work on /home/airflow/.local/lib/python3.7/site-packages/airflow/example_dags/example_bash_operator.py
[2023-03-29T03:35:08.615+0000] {processor.py:743} INFO - Processing file /home/airflow/.local/lib/python3.7/site-packages/airflow/example_dags/example_bash_operator.py for tasks to queue
[2023-03-29T03:35:08.616+0000] {logging_mixin.py:137} INFO - [2023-03-29T03:35:08.616+0000] {dagbag.py:532} INFO - Filling up the DagBag from /home/airflow/.local/lib/python3.7/site-packages/airflow/example_dags/example_bash_operator.py
[2023-03-29T03:35:08.629+0000] {processor.py:753} INFO - DAG(s) dict_keys(['example_bash_operator']) retrieved from /home/airflow/.local/lib/python3.7/site-packages/airflow/example_dags/example_bash_operator.py
[2023-03-29T03:35:08.654+0000] {logging_mixin.py:137} INFO - [2023-03-29T03:35:08.654+0000] {dag.py:2693} INFO - Sync 1 DAGs
[2023-03-29T03:35:08.677+0000] {logging_mixin.py:137} INFO - [2023-03-29T03:35:08.677+0000] {dag.py:3444} INFO - Setting next_dagrun for example_bash_operator to 2023-03-28T00:00:00+00:00, run_after=2023-03-29T00:00:00+00:00
[2023-03-29T03:35:08.695+0000] {processor.py:175} INFO - Processing /home/airflow/.local/lib/python3.7/site-packages/airflow/example_dags/example_bash_operator.py took 0.084 seconds
[2023-03-29T03:35:39.272+0000] {processor.py:153} INFO - Started process (PID=936) to work on /home/airflow/.local/lib/python3.7/site-packages/airflow/example_dags/example_bash_operator.py
[2023-03-29T03:35:39.276+0000] {processor.py:743} INFO - Processing file /home/airflow/.local/lib/python3.7/site-packages/airflow/example_dags/example_bash_operator.py for tasks to queue
[2023-03-29T03:35:39.278+0000] {logging_mixin.py:137} INFO - [2023-03-29T03:35:39.278+0000] {dagbag.py:532} INFO - Filling up the DagBag from /home/airflow/.local/lib/python3.7/site-packages/airflow/example_dags/example_bash_operator.py
[2023-03-29T03:35:39.298+0000] {processor.py:753} INFO - DAG(s) dict_keys(['example_bash_operator']) retrieved from /home/airflow/.local/lib/python3.7/site-packages/airflow/example_dags/example_bash_operator.py
[2023-03-29T03:35:39.342+0000] {logging_mixin.py:137} INFO - [2023-03-29T03:35:39.342+0000] {dag.py:2693} INFO - Sync 1 DAGs
[2023-03-29T03:35:39.365+0000] {logging_mixin.py:137} INFO - [2023-03-29T03:35:39.365+0000] {dag.py:3444} INFO - Setting next_dagrun for example_bash_operator to 2023-03-28T00:00:00+00:00, run_after=2023-03-29T00:00:00+00:00
[2023-03-29T03:35:39.381+0000] {processor.py:175} INFO - Processing /home/airflow/.local/lib/python3.7/site-packages/airflow/example_dags/example_bash_operator.py took 0.112 seconds
[2023-03-29T03:36:10.005+0000] {processor.py:153} INFO - Started process (PID=985) to work on /home/airflow/.local/lib/python3.7/site-packages/airflow/example_dags/example_bash_operator.py
[2023-03-29T03:36:10.008+0000] {processor.py:743} INFO - Processing file /home/airflow/.local/lib/python3.7/site-packages/airflow/example_dags/example_bash_operator.py for tasks to queue
[2023-03-29T03:36:10.010+0000] {logging_mixin.py:137} INFO - [2023-03-29T03:36:10.010+0000] {dagbag.py:532} INFO - Filling up the DagBag from /home/airflow/.local/lib/python3.7/site-packages/airflow/example_dags/example_bash_operator.py
[2023-03-29T03:36:10.072+0000] {processor.py:753} INFO - DAG(s) dict_keys(['example_bash_operator']) retrieved from /home/airflow/.local/lib/python3.7/site-packages/airflow/example_dags/example_bash_operator.py
[2023-03-29T03:36:10.114+0000] {logging_mixin.py:137} INFO - [2023-03-29T03:36:10.114+0000] {dag.py:2693} INFO - Sync 1 DAGs
[2023-03-29T03:36:10.135+0000] {logging_mixin.py:137} INFO - [2023-03-29T03:36:10.135+0000] {dag.py:3444} INFO - Setting next_dagrun for example_bash_operator to 2023-03-28T00:00:00+00:00, run_after=2023-03-29T00:00:00+00:00
[2023-03-29T03:36:10.153+0000] {processor.py:175} INFO - Processing /home/airflow/.local/lib/python3.7/site-packages/airflow/example_dags/example_bash_operator.py took 0.150 seconds
[2023-03-29T03:36:40.780+0000] {processor.py:153} INFO - Started process (PID=1035) to work on /home/airflow/.local/lib/python3.7/site-packages/airflow/example_dags/example_bash_operator.py
[2023-03-29T03:36:40.782+0000] {processor.py:743} INFO - Processing file /home/airflow/.local/lib/python3.7/site-packages/airflow/example_dags/example_bash_operator.py for tasks to queue
[2023-03-29T03:36:40.783+0000] {logging_mixin.py:137} INFO - [2023-03-29T03:36:40.783+0000] {dagbag.py:532} INFO - Filling up the DagBag from /home/airflow/.local/lib/python3.7/site-packages/airflow/example_dags/example_bash_operator.py
[2023-03-29T03:36:40.798+0000] {processor.py:753} INFO - DAG(s) dict_keys(['example_bash_operator']) retrieved from /home/airflow/.local/lib/python3.7/site-packages/airflow/example_dags/example_bash_operator.py
[2023-03-29T03:36:40.836+0000] {logging_mixin.py:137} INFO - [2023-03-29T03:36:40.835+0000] {dag.py:2693} INFO - Sync 1 DAGs
[2023-03-29T03:36:40.879+0000] {logging_mixin.py:137} INFO - [2023-03-29T03:36:40.879+0000] {dag.py:3444} INFO - Setting next_dagrun for example_bash_operator to 2023-03-28T00:00:00+00:00, run_after=2023-03-29T00:00:00+00:00
[2023-03-29T03:36:40.895+0000] {processor.py:175} INFO - Processing /home/airflow/.local/lib/python3.7/site-packages/airflow/example_dags/example_bash_operator.py took 0.116 seconds
[2023-03-29T03:37:11.478+0000] {processor.py:153} INFO - Started process (PID=1084) to work on /home/airflow/.local/lib/python3.7/site-packages/airflow/example_dags/example_bash_operator.py
[2023-03-29T03:37:11.480+0000] {processor.py:743} INFO - Processing file /home/airflow/.local/lib/python3.7/site-packages/airflow/example_dags/example_bash_operator.py for tasks to queue
[2023-03-29T03:37:11.482+0000] {logging_mixin.py:137} INFO - [2023-03-29T03:37:11.482+0000] {dagbag.py:532} INFO - Filling up the DagBag from /home/airflow/.local/lib/python3.7/site-packages/airflow/example_dags/example_bash_operator.py
[2023-03-29T03:37:11.496+0000] {processor.py:753} INFO - DAG(s) dict_keys(['example_bash_operator']) retrieved from /home/airflow/.local/lib/python3.7/site-packages/airflow/example_dags/example_bash_operator.py
[2023-03-29T03:37:11.532+0000] {logging_mixin.py:137} INFO - [2023-03-29T03:37:11.532+0000] {dag.py:2693} INFO - Sync 1 DAGs
[2023-03-29T03:37:11.554+0000] {logging_mixin.py:137} INFO - [2023-03-29T03:37:11.554+0000] {dag.py:3444} INFO - Setting next_dagrun for example_bash_operator to 2023-03-28T00:00:00+00:00, run_after=2023-03-29T00:00:00+00:00
[2023-03-29T03:37:11.569+0000] {processor.py:175} INFO - Processing /home/airflow/.local/lib/python3.7/site-packages/airflow/example_dags/example_bash_operator.py took 0.094 seconds
[2023-03-29T03:37:42.127+0000] {processor.py:153} INFO - Started process (PID=1133) to work on /home/airflow/.local/lib/python3.7/site-packages/airflow/example_dags/example_bash_operator.py
[2023-03-29T03:37:42.129+0000] {processor.py:743} INFO - Processing file /home/airflow/.local/lib/python3.7/site-packages/airflow/example_dags/example_bash_operator.py for tasks to queue
[2023-03-29T03:37:42.133+0000] {logging_mixin.py:137} INFO - [2023-03-29T03:37:42.133+0000] {dagbag.py:532} INFO - Filling up the DagBag from /home/airflow/.local/lib/python3.7/site-packages/airflow/example_dags/example_bash_operator.py
[2023-03-29T03:37:42.147+0000] {processor.py:753} INFO - DAG(s) dict_keys(['example_bash_operator']) retrieved from /home/airflow/.local/lib/python3.7/site-packages/airflow/example_dags/example_bash_operator.py
[2023-03-29T03:37:42.173+0000] {logging_mixin.py:137} INFO - [2023-03-29T03:37:42.172+0000] {dag.py:2693} INFO - Sync 1 DAGs
[2023-03-29T03:37:42.189+0000] {logging_mixin.py:137} INFO - [2023-03-29T03:37:42.189+0000] {dag.py:3444} INFO - Setting next_dagrun for example_bash_operator to 2023-03-28T00:00:00+00:00, run_after=2023-03-29T00:00:00+00:00
[2023-03-29T03:37:42.201+0000] {processor.py:175} INFO - Processing /home/airflow/.local/lib/python3.7/site-packages/airflow/example_dags/example_bash_operator.py took 0.076 seconds
[2023-03-29T03:38:12.668+0000] {processor.py:153} INFO - Started process (PID=1182) to work on /home/airflow/.local/lib/python3.7/site-packages/airflow/example_dags/example_bash_operator.py
[2023-03-29T03:38:12.669+0000] {processor.py:743} INFO - Processing file /home/airflow/.local/lib/python3.7/site-packages/airflow/example_dags/example_bash_operator.py for tasks to queue
[2023-03-29T03:38:12.670+0000] {logging_mixin.py:137} INFO - [2023-03-29T03:38:12.670+0000] {dagbag.py:532} INFO - Filling up the DagBag from /home/airflow/.local/lib/python3.7/site-packages/airflow/example_dags/example_bash_operator.py
[2023-03-29T03:38:12.684+0000] {processor.py:753} INFO - DAG(s) dict_keys(['example_bash_operator']) retrieved from /home/airflow/.local/lib/python3.7/site-packages/airflow/example_dags/example_bash_operator.py
[2023-03-29T03:38:12.708+0000] {logging_mixin.py:137} INFO - [2023-03-29T03:38:12.708+0000] {dag.py:2693} INFO - Sync 1 DAGs
[2023-03-29T03:38:12.724+0000] {logging_mixin.py:137} INFO - [2023-03-29T03:38:12.724+0000] {dag.py:3444} INFO - Setting next_dagrun for example_bash_operator to 2023-03-28T00:00:00+00:00, run_after=2023-03-29T00:00:00+00:00
[2023-03-29T03:38:12.738+0000] {processor.py:175} INFO - Processing /home/airflow/.local/lib/python3.7/site-packages/airflow/example_dags/example_bash_operator.py took 0.072 seconds
[2023-03-29T03:38:43.294+0000] {processor.py:153} INFO - Started process (PID=1231) to work on /home/airflow/.local/lib/python3.7/site-packages/airflow/example_dags/example_bash_operator.py
[2023-03-29T03:38:43.296+0000] {processor.py:743} INFO - Processing file /home/airflow/.local/lib/python3.7/site-packages/airflow/example_dags/example_bash_operator.py for tasks to queue
[2023-03-29T03:38:43.298+0000] {logging_mixin.py:137} INFO - [2023-03-29T03:38:43.298+0000] {dagbag.py:532} INFO - Filling up the DagBag from /home/airflow/.local/lib/python3.7/site-packages/airflow/example_dags/example_bash_operator.py
[2023-03-29T03:38:43.313+0000] {processor.py:753} INFO - DAG(s) dict_keys(['example_bash_operator']) retrieved from /home/airflow/.local/lib/python3.7/site-packages/airflow/example_dags/example_bash_operator.py
[2023-03-29T03:38:43.343+0000] {logging_mixin.py:137} INFO - [2023-03-29T03:38:43.343+0000] {dag.py:2693} INFO - Sync 1 DAGs
[2023-03-29T03:38:43.365+0000] {logging_mixin.py:137} INFO - [2023-03-29T03:38:43.365+0000] {dag.py:3444} INFO - Setting next_dagrun for example_bash_operator to 2023-03-28T00:00:00+00:00, run_after=2023-03-29T00:00:00+00:00
[2023-03-29T03:38:43.386+0000] {processor.py:175} INFO - Processing /home/airflow/.local/lib/python3.7/site-packages/airflow/example_dags/example_bash_operator.py took 0.094 seconds
[2023-03-29T03:39:13.920+0000] {processor.py:153} INFO - Started process (PID=1281) to work on /home/airflow/.local/lib/python3.7/site-packages/airflow/example_dags/example_bash_operator.py
[2023-03-29T03:39:13.921+0000] {processor.py:743} INFO - Processing file /home/airflow/.local/lib/python3.7/site-packages/airflow/example_dags/example_bash_operator.py for tasks to queue
[2023-03-29T03:39:13.922+0000] {logging_mixin.py:137} INFO - [2023-03-29T03:39:13.922+0000] {dagbag.py:532} INFO - Filling up the DagBag from /home/airflow/.local/lib/python3.7/site-packages/airflow/example_dags/example_bash_operator.py
[2023-03-29T03:39:13.940+0000] {processor.py:753} INFO - DAG(s) dict_keys(['example_bash_operator']) retrieved from /home/airflow/.local/lib/python3.7/site-packages/airflow/example_dags/example_bash_operator.py
[2023-03-29T03:39:13.974+0000] {logging_mixin.py:137} INFO - [2023-03-29T03:39:13.974+0000] {dag.py:2693} INFO - Sync 1 DAGs
[2023-03-29T03:39:13.999+0000] {logging_mixin.py:137} INFO - [2023-03-29T03:39:13.999+0000] {dag.py:3444} INFO - Setting next_dagrun for example_bash_operator to 2023-03-28T00:00:00+00:00, run_after=2023-03-29T00:00:00+00:00
[2023-03-29T03:39:14.025+0000] {processor.py:175} INFO - Processing /home/airflow/.local/lib/python3.7/site-packages/airflow/example_dags/example_bash_operator.py took 0.109 seconds
[2023-03-29T03:39:44.502+0000] {processor.py:153} INFO - Started process (PID=1330) to work on /home/airflow/.local/lib/python3.7/site-packages/airflow/example_dags/example_bash_operator.py
[2023-03-29T03:39:44.503+0000] {processor.py:743} INFO - Processing file /home/airflow/.local/lib/python3.7/site-packages/airflow/example_dags/example_bash_operator.py for tasks to queue
[2023-03-29T03:39:44.506+0000] {logging_mixin.py:137} INFO - [2023-03-29T03:39:44.506+0000] {dagbag.py:532} INFO - Filling up the DagBag from /home/airflow/.local/lib/python3.7/site-packages/airflow/example_dags/example_bash_operator.py
[2023-03-29T03:39:44.520+0000] {processor.py:753} INFO - DAG(s) dict_keys(['example_bash_operator']) retrieved from /home/airflow/.local/lib/python3.7/site-packages/airflow/example_dags/example_bash_operator.py
[2023-03-29T03:39:44.550+0000] {logging_mixin.py:137} INFO - [2023-03-29T03:39:44.550+0000] {dag.py:2693} INFO - Sync 1 DAGs
[2023-03-29T03:39:44.569+0000] {logging_mixin.py:137} INFO - [2023-03-29T03:39:44.569+0000] {dag.py:3444} INFO - Setting next_dagrun for example_bash_operator to 2023-03-28T00:00:00+00:00, run_after=2023-03-29T00:00:00+00:00
[2023-03-29T03:39:44.586+0000] {processor.py:175} INFO - Processing /home/airflow/.local/lib/python3.7/site-packages/airflow/example_dags/example_bash_operator.py took 0.087 seconds
[2023-03-29T03:40:15.228+0000] {processor.py:153} INFO - Started process (PID=1379) to work on /home/airflow/.local/lib/python3.7/site-packages/airflow/example_dags/example_bash_operator.py
[2023-03-29T03:40:15.230+0000] {processor.py:743} INFO - Processing file /home/airflow/.local/lib/python3.7/site-packages/airflow/example_dags/example_bash_operator.py for tasks to queue
[2023-03-29T03:40:15.233+0000] {logging_mixin.py:137} INFO - [2023-03-29T03:40:15.233+0000] {dagbag.py:532} INFO - Filling up the DagBag from /home/airflow/.local/lib/python3.7/site-packages/airflow/example_dags/example_bash_operator.py
[2023-03-29T03:40:15.250+0000] {processor.py:753} INFO - DAG(s) dict_keys(['example_bash_operator']) retrieved from /home/airflow/.local/lib/python3.7/site-packages/airflow/example_dags/example_bash_operator.py
[2023-03-29T03:40:15.280+0000] {logging_mixin.py:137} INFO - [2023-03-29T03:40:15.280+0000] {dag.py:2693} INFO - Sync 1 DAGs
[2023-03-29T03:40:15.300+0000] {logging_mixin.py:137} INFO - [2023-03-29T03:40:15.300+0000] {dag.py:3444} INFO - Setting next_dagrun for example_bash_operator to 2023-03-28T00:00:00+00:00, run_after=2023-03-29T00:00:00+00:00
[2023-03-29T03:40:15.324+0000] {processor.py:175} INFO - Processing /home/airflow/.local/lib/python3.7/site-packages/airflow/example_dags/example_bash_operator.py took 0.098 seconds
[2023-03-29T03:40:45.965+0000] {processor.py:153} INFO - Started process (PID=1428) to work on /home/airflow/.local/lib/python3.7/site-packages/airflow/example_dags/example_bash_operator.py
[2023-03-29T03:40:45.966+0000] {processor.py:743} INFO - Processing file /home/airflow/.local/lib/python3.7/site-packages/airflow/example_dags/example_bash_operator.py for tasks to queue
[2023-03-29T03:40:45.968+0000] {logging_mixin.py:137} INFO - [2023-03-29T03:40:45.968+0000] {dagbag.py:532} INFO - Filling up the DagBag from /home/airflow/.local/lib/python3.7/site-packages/airflow/example_dags/example_bash_operator.py
[2023-03-29T03:40:45.985+0000] {processor.py:753} INFO - DAG(s) dict_keys(['example_bash_operator']) retrieved from /home/airflow/.local/lib/python3.7/site-packages/airflow/example_dags/example_bash_operator.py
[2023-03-29T03:40:46.012+0000] {logging_mixin.py:137} INFO - [2023-03-29T03:40:46.012+0000] {dag.py:2693} INFO - Sync 1 DAGs
[2023-03-29T03:40:46.030+0000] {logging_mixin.py:137} INFO - [2023-03-29T03:40:46.029+0000] {dag.py:3444} INFO - Setting next_dagrun for example_bash_operator to 2023-03-28T00:00:00+00:00, run_after=2023-03-29T00:00:00+00:00
[2023-03-29T03:40:46.042+0000] {processor.py:175} INFO - Processing /home/airflow/.local/lib/python3.7/site-packages/airflow/example_dags/example_bash_operator.py took 0.080 seconds
[2023-03-29T03:41:16.682+0000] {processor.py:153} INFO - Started process (PID=1477) to work on /home/airflow/.local/lib/python3.7/site-packages/airflow/example_dags/example_bash_operator.py
[2023-03-29T03:41:16.684+0000] {processor.py:743} INFO - Processing file /home/airflow/.local/lib/python3.7/site-packages/airflow/example_dags/example_bash_operator.py for tasks to queue
[2023-03-29T03:41:16.685+0000] {logging_mixin.py:137} INFO - [2023-03-29T03:41:16.685+0000] {dagbag.py:532} INFO - Filling up the DagBag from /home/airflow/.local/lib/python3.7/site-packages/airflow/example_dags/example_bash_operator.py
[2023-03-29T03:41:16.699+0000] {processor.py:753} INFO - DAG(s) dict_keys(['example_bash_operator']) retrieved from /home/airflow/.local/lib/python3.7/site-packages/airflow/example_dags/example_bash_operator.py
[2023-03-29T03:41:16.724+0000] {logging_mixin.py:137} INFO - [2023-03-29T03:41:16.724+0000] {dag.py:2693} INFO - Sync 1 DAGs
[2023-03-29T03:41:16.741+0000] {logging_mixin.py:137} INFO - [2023-03-29T03:41:16.741+0000] {dag.py:3444} INFO - Setting next_dagrun for example_bash_operator to 2023-03-28T00:00:00+00:00, run_after=2023-03-29T00:00:00+00:00
[2023-03-29T03:41:16.755+0000] {processor.py:175} INFO - Processing /home/airflow/.local/lib/python3.7/site-packages/airflow/example_dags/example_bash_operator.py took 0.075 seconds
[2023-03-29T03:41:47.376+0000] {processor.py:153} INFO - Started process (PID=1526) to work on /home/airflow/.local/lib/python3.7/site-packages/airflow/example_dags/example_bash_operator.py
[2023-03-29T03:41:47.377+0000] {processor.py:743} INFO - Processing file /home/airflow/.local/lib/python3.7/site-packages/airflow/example_dags/example_bash_operator.py for tasks to queue
[2023-03-29T03:41:47.379+0000] {logging_mixin.py:137} INFO - [2023-03-29T03:41:47.379+0000] {dagbag.py:532} INFO - Filling up the DagBag from /home/airflow/.local/lib/python3.7/site-packages/airflow/example_dags/example_bash_operator.py
[2023-03-29T03:41:47.394+0000] {processor.py:753} INFO - DAG(s) dict_keys(['example_bash_operator']) retrieved from /home/airflow/.local/lib/python3.7/site-packages/airflow/example_dags/example_bash_operator.py
[2023-03-29T03:41:47.425+0000] {logging_mixin.py:137} INFO - [2023-03-29T03:41:47.425+0000] {dag.py:2693} INFO - Sync 1 DAGs
[2023-03-29T03:41:47.445+0000] {logging_mixin.py:137} INFO - [2023-03-29T03:41:47.444+0000] {dag.py:3444} INFO - Setting next_dagrun for example_bash_operator to 2023-03-28T00:00:00+00:00, run_after=2023-03-29T00:00:00+00:00
[2023-03-29T03:41:47.484+0000] {processor.py:175} INFO - Processing /home/airflow/.local/lib/python3.7/site-packages/airflow/example_dags/example_bash_operator.py took 0.111 seconds
[2023-03-29T03:42:17.937+0000] {processor.py:153} INFO - Started process (PID=1577) to work on /home/airflow/.local/lib/python3.7/site-packages/airflow/example_dags/example_bash_operator.py
[2023-03-29T03:42:17.938+0000] {processor.py:743} INFO - Processing file /home/airflow/.local/lib/python3.7/site-packages/airflow/example_dags/example_bash_operator.py for tasks to queue
[2023-03-29T03:42:17.940+0000] {logging_mixin.py:137} INFO - [2023-03-29T03:42:17.940+0000] {dagbag.py:532} INFO - Filling up the DagBag from /home/airflow/.local/lib/python3.7/site-packages/airflow/example_dags/example_bash_operator.py
[2023-03-29T03:42:17.956+0000] {processor.py:753} INFO - DAG(s) dict_keys(['example_bash_operator']) retrieved from /home/airflow/.local/lib/python3.7/site-packages/airflow/example_dags/example_bash_operator.py
[2023-03-29T03:42:17.984+0000] {logging_mixin.py:137} INFO - [2023-03-29T03:42:17.984+0000] {dag.py:2693} INFO - Sync 1 DAGs
[2023-03-29T03:42:18.001+0000] {logging_mixin.py:137} INFO - [2023-03-29T03:42:18.001+0000] {dag.py:3444} INFO - Setting next_dagrun for example_bash_operator to 2023-03-28T00:00:00+00:00, run_after=2023-03-29T00:00:00+00:00
[2023-03-29T03:42:18.015+0000] {processor.py:175} INFO - Processing /home/airflow/.local/lib/python3.7/site-packages/airflow/example_dags/example_bash_operator.py took 0.080 seconds
[2023-03-29T03:42:48.501+0000] {processor.py:153} INFO - Started process (PID=1626) to work on /home/airflow/.local/lib/python3.7/site-packages/airflow/example_dags/example_bash_operator.py
[2023-03-29T03:42:48.503+0000] {processor.py:743} INFO - Processing file /home/airflow/.local/lib/python3.7/site-packages/airflow/example_dags/example_bash_operator.py for tasks to queue
[2023-03-29T03:42:48.504+0000] {logging_mixin.py:137} INFO - [2023-03-29T03:42:48.504+0000] {dagbag.py:532} INFO - Filling up the DagBag from /home/airflow/.local/lib/python3.7/site-packages/airflow/example_dags/example_bash_operator.py
[2023-03-29T03:42:48.521+0000] {processor.py:753} INFO - DAG(s) dict_keys(['example_bash_operator']) retrieved from /home/airflow/.local/lib/python3.7/site-packages/airflow/example_dags/example_bash_operator.py
[2023-03-29T03:42:48.558+0000] {logging_mixin.py:137} INFO - [2023-03-29T03:42:48.558+0000] {dag.py:2693} INFO - Sync 1 DAGs
[2023-03-29T03:42:48.581+0000] {logging_mixin.py:137} INFO - [2023-03-29T03:42:48.581+0000] {dag.py:3444} INFO - Setting next_dagrun for example_bash_operator to 2023-03-28T00:00:00+00:00, run_after=2023-03-29T00:00:00+00:00
[2023-03-29T03:42:48.595+0000] {processor.py:175} INFO - Processing /home/airflow/.local/lib/python3.7/site-packages/airflow/example_dags/example_bash_operator.py took 0.096 seconds
[2023-03-29T03:43:19.020+0000] {processor.py:153} INFO - Started process (PID=1675) to work on /home/airflow/.local/lib/python3.7/site-packages/airflow/example_dags/example_bash_operator.py
[2023-03-29T03:43:19.021+0000] {processor.py:743} INFO - Processing file /home/airflow/.local/lib/python3.7/site-packages/airflow/example_dags/example_bash_operator.py for tasks to queue
[2023-03-29T03:43:19.023+0000] {logging_mixin.py:137} INFO - [2023-03-29T03:43:19.023+0000] {dagbag.py:532} INFO - Filling up the DagBag from /home/airflow/.local/lib/python3.7/site-packages/airflow/example_dags/example_bash_operator.py
[2023-03-29T03:43:19.042+0000] {processor.py:753} INFO - DAG(s) dict_keys(['example_bash_operator']) retrieved from /home/airflow/.local/lib/python3.7/site-packages/airflow/example_dags/example_bash_operator.py
[2023-03-29T03:43:19.068+0000] {logging_mixin.py:137} INFO - [2023-03-29T03:43:19.068+0000] {dag.py:2693} INFO - Sync 1 DAGs
[2023-03-29T03:43:19.089+0000] {logging_mixin.py:137} INFO - [2023-03-29T03:43:19.089+0000] {dag.py:3444} INFO - Setting next_dagrun for example_bash_operator to 2023-03-28T00:00:00+00:00, run_after=2023-03-29T00:00:00+00:00
[2023-03-29T03:43:19.104+0000] {processor.py:175} INFO - Processing /home/airflow/.local/lib/python3.7/site-packages/airflow/example_dags/example_bash_operator.py took 0.087 seconds
[2023-03-29T03:43:49.977+0000] {processor.py:153} INFO - Started process (PID=1724) to work on /home/airflow/.local/lib/python3.7/site-packages/airflow/example_dags/example_bash_operator.py
[2023-03-29T03:43:49.980+0000] {processor.py:743} INFO - Processing file /home/airflow/.local/lib/python3.7/site-packages/airflow/example_dags/example_bash_operator.py for tasks to queue
[2023-03-29T03:43:49.981+0000] {logging_mixin.py:137} INFO - [2023-03-29T03:43:49.981+0000] {dagbag.py:532} INFO - Filling up the DagBag from /home/airflow/.local/lib/python3.7/site-packages/airflow/example_dags/example_bash_operator.py
[2023-03-29T03:43:50.000+0000] {processor.py:753} INFO - DAG(s) dict_keys(['example_bash_operator']) retrieved from /home/airflow/.local/lib/python3.7/site-packages/airflow/example_dags/example_bash_operator.py
[2023-03-29T03:43:50.030+0000] {logging_mixin.py:137} INFO - [2023-03-29T03:43:50.030+0000] {dag.py:2693} INFO - Sync 1 DAGs
[2023-03-29T03:43:50.050+0000] {logging_mixin.py:137} INFO - [2023-03-29T03:43:50.050+0000] {dag.py:3444} INFO - Setting next_dagrun for example_bash_operator to 2023-03-28T00:00:00+00:00, run_after=2023-03-29T00:00:00+00:00
[2023-03-29T03:43:50.069+0000] {processor.py:175} INFO - Processing /home/airflow/.local/lib/python3.7/site-packages/airflow/example_dags/example_bash_operator.py took 0.095 seconds
[2023-03-29T03:44:21.089+0000] {processor.py:153} INFO - Started process (PID=1780) to work on /home/airflow/.local/lib/python3.7/site-packages/airflow/example_dags/example_bash_operator.py
[2023-03-29T03:44:21.090+0000] {processor.py:743} INFO - Processing file /home/airflow/.local/lib/python3.7/site-packages/airflow/example_dags/example_bash_operator.py for tasks to queue
[2023-03-29T03:44:21.091+0000] {logging_mixin.py:137} INFO - [2023-03-29T03:44:21.091+0000] {dagbag.py:532} INFO - Filling up the DagBag from /home/airflow/.local/lib/python3.7/site-packages/airflow/example_dags/example_bash_operator.py
[2023-03-29T03:44:21.108+0000] {processor.py:753} INFO - DAG(s) dict_keys(['example_bash_operator']) retrieved from /home/airflow/.local/lib/python3.7/site-packages/airflow/example_dags/example_bash_operator.py
[2023-03-29T03:44:21.136+0000] {logging_mixin.py:137} INFO - [2023-03-29T03:44:21.136+0000] {dag.py:2693} INFO - Sync 1 DAGs
[2023-03-29T03:44:21.156+0000] {logging_mixin.py:137} INFO - [2023-03-29T03:44:21.155+0000] {dag.py:3444} INFO - Setting next_dagrun for example_bash_operator to 2023-03-28T00:00:00+00:00, run_after=2023-03-29T00:00:00+00:00
[2023-03-29T03:44:21.173+0000] {processor.py:175} INFO - Processing /home/airflow/.local/lib/python3.7/site-packages/airflow/example_dags/example_bash_operator.py took 0.086 seconds
[2023-03-29T03:44:51.387+0000] {processor.py:153} INFO - Started process (PID=1828) to work on /home/airflow/.local/lib/python3.7/site-packages/airflow/example_dags/example_bash_operator.py
[2023-03-29T03:44:51.398+0000] {processor.py:743} INFO - Processing file /home/airflow/.local/lib/python3.7/site-packages/airflow/example_dags/example_bash_operator.py for tasks to queue
[2023-03-29T03:44:51.405+0000] {logging_mixin.py:137} INFO - [2023-03-29T03:44:51.405+0000] {dagbag.py:532} INFO - Filling up the DagBag from /home/airflow/.local/lib/python3.7/site-packages/airflow/example_dags/example_bash_operator.py
[2023-03-29T03:44:51.459+0000] {processor.py:753} INFO - DAG(s) dict_keys(['example_bash_operator']) retrieved from /home/airflow/.local/lib/python3.7/site-packages/airflow/example_dags/example_bash_operator.py
[2023-03-29T03:44:51.558+0000] {logging_mixin.py:137} INFO - [2023-03-29T03:44:51.558+0000] {dag.py:2693} INFO - Sync 1 DAGs
[2023-03-29T03:44:51.619+0000] {logging_mixin.py:137} INFO - [2023-03-29T03:44:51.618+0000] {dag.py:3444} INFO - Setting next_dagrun for example_bash_operator to 2023-03-28T00:00:00+00:00, run_after=2023-03-29T00:00:00+00:00
[2023-03-29T03:44:51.649+0000] {processor.py:175} INFO - Processing /home/airflow/.local/lib/python3.7/site-packages/airflow/example_dags/example_bash_operator.py took 0.283 seconds
[2023-03-29T03:45:22.013+0000] {processor.py:153} INFO - Started process (PID=1878) to work on /home/airflow/.local/lib/python3.7/site-packages/airflow/example_dags/example_bash_operator.py
[2023-03-29T03:45:22.016+0000] {processor.py:743} INFO - Processing file /home/airflow/.local/lib/python3.7/site-packages/airflow/example_dags/example_bash_operator.py for tasks to queue
[2023-03-29T03:45:22.018+0000] {logging_mixin.py:137} INFO - [2023-03-29T03:45:22.018+0000] {dagbag.py:532} INFO - Filling up the DagBag from /home/airflow/.local/lib/python3.7/site-packages/airflow/example_dags/example_bash_operator.py
[2023-03-29T03:45:22.052+0000] {processor.py:753} INFO - DAG(s) dict_keys(['example_bash_operator']) retrieved from /home/airflow/.local/lib/python3.7/site-packages/airflow/example_dags/example_bash_operator.py
[2023-03-29T03:45:22.099+0000] {logging_mixin.py:137} INFO - [2023-03-29T03:45:22.099+0000] {dag.py:2693} INFO - Sync 1 DAGs
[2023-03-29T03:45:22.128+0000] {logging_mixin.py:137} INFO - [2023-03-29T03:45:22.128+0000] {dag.py:3444} INFO - Setting next_dagrun for example_bash_operator to 2023-03-28T00:00:00+00:00, run_after=2023-03-29T00:00:00+00:00
[2023-03-29T03:45:22.152+0000] {processor.py:175} INFO - Processing /home/airflow/.local/lib/python3.7/site-packages/airflow/example_dags/example_bash_operator.py took 0.144 seconds
[2023-03-29T03:45:52.535+0000] {processor.py:153} INFO - Started process (PID=1928) to work on /home/airflow/.local/lib/python3.7/site-packages/airflow/example_dags/example_bash_operator.py
[2023-03-29T03:45:52.537+0000] {processor.py:743} INFO - Processing file /home/airflow/.local/lib/python3.7/site-packages/airflow/example_dags/example_bash_operator.py for tasks to queue
[2023-03-29T03:45:52.538+0000] {logging_mixin.py:137} INFO - [2023-03-29T03:45:52.538+0000] {dagbag.py:532} INFO - Filling up the DagBag from /home/airflow/.local/lib/python3.7/site-packages/airflow/example_dags/example_bash_operator.py
[2023-03-29T03:45:52.559+0000] {processor.py:753} INFO - DAG(s) dict_keys(['example_bash_operator']) retrieved from /home/airflow/.local/lib/python3.7/site-packages/airflow/example_dags/example_bash_operator.py
[2023-03-29T03:45:52.589+0000] {logging_mixin.py:137} INFO - [2023-03-29T03:45:52.588+0000] {dag.py:2693} INFO - Sync 1 DAGs
[2023-03-29T03:45:52.612+0000] {logging_mixin.py:137} INFO - [2023-03-29T03:45:52.612+0000] {dag.py:3444} INFO - Setting next_dagrun for example_bash_operator to 2023-03-28T00:00:00+00:00, run_after=2023-03-29T00:00:00+00:00
[2023-03-29T03:45:52.627+0000] {processor.py:175} INFO - Processing /home/airflow/.local/lib/python3.7/site-packages/airflow/example_dags/example_bash_operator.py took 0.096 seconds
[2023-03-29T03:46:23.251+0000] {processor.py:153} INFO - Started process (PID=1977) to work on /home/airflow/.local/lib/python3.7/site-packages/airflow/example_dags/example_bash_operator.py
[2023-03-29T03:46:23.253+0000] {processor.py:743} INFO - Processing file /home/airflow/.local/lib/python3.7/site-packages/airflow/example_dags/example_bash_operator.py for tasks to queue
[2023-03-29T03:46:23.256+0000] {logging_mixin.py:137} INFO - [2023-03-29T03:46:23.256+0000] {dagbag.py:532} INFO - Filling up the DagBag from /home/airflow/.local/lib/python3.7/site-packages/airflow/example_dags/example_bash_operator.py
[2023-03-29T03:46:23.279+0000] {processor.py:753} INFO - DAG(s) dict_keys(['example_bash_operator']) retrieved from /home/airflow/.local/lib/python3.7/site-packages/airflow/example_dags/example_bash_operator.py
[2023-03-29T03:46:23.319+0000] {logging_mixin.py:137} INFO - [2023-03-29T03:46:23.319+0000] {dag.py:2693} INFO - Sync 1 DAGs
[2023-03-29T03:46:23.341+0000] {logging_mixin.py:137} INFO - [2023-03-29T03:46:23.341+0000] {dag.py:3444} INFO - Setting next_dagrun for example_bash_operator to 2023-03-28T00:00:00+00:00, run_after=2023-03-29T00:00:00+00:00
[2023-03-29T03:46:23.357+0000] {processor.py:175} INFO - Processing /home/airflow/.local/lib/python3.7/site-packages/airflow/example_dags/example_bash_operator.py took 0.111 seconds
[2023-03-29T03:46:53.876+0000] {processor.py:153} INFO - Started process (PID=2027) to work on /home/airflow/.local/lib/python3.7/site-packages/airflow/example_dags/example_bash_operator.py
[2023-03-29T03:46:53.878+0000] {processor.py:743} INFO - Processing file /home/airflow/.local/lib/python3.7/site-packages/airflow/example_dags/example_bash_operator.py for tasks to queue
[2023-03-29T03:46:53.881+0000] {logging_mixin.py:137} INFO - [2023-03-29T03:46:53.881+0000] {dagbag.py:532} INFO - Filling up the DagBag from /home/airflow/.local/lib/python3.7/site-packages/airflow/example_dags/example_bash_operator.py
[2023-03-29T03:46:53.900+0000] {processor.py:753} INFO - DAG(s) dict_keys(['example_bash_operator']) retrieved from /home/airflow/.local/lib/python3.7/site-packages/airflow/example_dags/example_bash_operator.py
[2023-03-29T03:46:53.927+0000] {logging_mixin.py:137} INFO - [2023-03-29T03:46:53.927+0000] {dag.py:2693} INFO - Sync 1 DAGs
[2023-03-29T03:46:53.945+0000] {logging_mixin.py:137} INFO - [2023-03-29T03:46:53.945+0000] {dag.py:3444} INFO - Setting next_dagrun for example_bash_operator to 2023-03-28T00:00:00+00:00, run_after=2023-03-29T00:00:00+00:00
[2023-03-29T03:46:53.960+0000] {processor.py:175} INFO - Processing /home/airflow/.local/lib/python3.7/site-packages/airflow/example_dags/example_bash_operator.py took 0.088 seconds
[2023-03-29T03:47:24.453+0000] {processor.py:153} INFO - Started process (PID=2077) to work on /home/airflow/.local/lib/python3.7/site-packages/airflow/example_dags/example_bash_operator.py
[2023-03-29T03:47:24.455+0000] {processor.py:743} INFO - Processing file /home/airflow/.local/lib/python3.7/site-packages/airflow/example_dags/example_bash_operator.py for tasks to queue
[2023-03-29T03:47:24.456+0000] {logging_mixin.py:137} INFO - [2023-03-29T03:47:24.456+0000] {dagbag.py:532} INFO - Filling up the DagBag from /home/airflow/.local/lib/python3.7/site-packages/airflow/example_dags/example_bash_operator.py
[2023-03-29T03:47:24.476+0000] {processor.py:753} INFO - DAG(s) dict_keys(['example_bash_operator']) retrieved from /home/airflow/.local/lib/python3.7/site-packages/airflow/example_dags/example_bash_operator.py
[2023-03-29T03:47:24.501+0000] {logging_mixin.py:137} INFO - [2023-03-29T03:47:24.501+0000] {dag.py:2693} INFO - Sync 1 DAGs
[2023-03-29T03:47:24.518+0000] {logging_mixin.py:137} INFO - [2023-03-29T03:47:24.518+0000] {dag.py:3444} INFO - Setting next_dagrun for example_bash_operator to 2023-03-28T00:00:00+00:00, run_after=2023-03-29T00:00:00+00:00
[2023-03-29T03:47:24.532+0000] {processor.py:175} INFO - Processing /home/airflow/.local/lib/python3.7/site-packages/airflow/example_dags/example_bash_operator.py took 0.083 seconds
