[2023-03-29T03:26:26.986+0000] {processor.py:153} INFO - Started process (PID=56) to work on /home/airflow/.local/lib/python3.7/site-packages/airflow/example_dags/example_task_group.py
[2023-03-29T03:26:26.995+0000] {processor.py:743} INFO - Processing file /home/airflow/.local/lib/python3.7/site-packages/airflow/example_dags/example_task_group.py for tasks to queue
[2023-03-29T03:26:26.997+0000] {logging_mixin.py:137} INFO - [2023-03-29T03:26:26.997+0000] {dagbag.py:532} INFO - Filling up the DagBag from /home/airflow/.local/lib/python3.7/site-packages/airflow/example_dags/example_task_group.py
[2023-03-29T03:26:27.039+0000] {processor.py:753} INFO - DAG(s) dict_keys(['example_task_group']) retrieved from /home/airflow/.local/lib/python3.7/site-packages/airflow/example_dags/example_task_group.py
[2023-03-29T03:26:27.054+0000] {logging_mixin.py:137} INFO - [2023-03-29T03:26:27.054+0000] {dag.py:2693} INFO - Sync 1 DAGs
[2023-03-29T03:26:27.085+0000] {logging_mixin.py:137} INFO - [2023-03-29T03:26:27.085+0000] {dag.py:3444} INFO - Setting next_dagrun for example_task_group to 2023-03-28T03:26:27.085128+00:00, run_after=2023-03-29T03:26:27.085128+00:00
[2023-03-29T03:26:27.109+0000] {processor.py:175} INFO - Processing /home/airflow/.local/lib/python3.7/site-packages/airflow/example_dags/example_task_group.py took 0.131 seconds
[2023-03-29T03:26:57.638+0000] {processor.py:153} INFO - Started process (PID=105) to work on /home/airflow/.local/lib/python3.7/site-packages/airflow/example_dags/example_task_group.py
[2023-03-29T03:26:57.639+0000] {processor.py:743} INFO - Processing file /home/airflow/.local/lib/python3.7/site-packages/airflow/example_dags/example_task_group.py for tasks to queue
[2023-03-29T03:26:57.640+0000] {logging_mixin.py:137} INFO - [2023-03-29T03:26:57.640+0000] {dagbag.py:532} INFO - Filling up the DagBag from /home/airflow/.local/lib/python3.7/site-packages/airflow/example_dags/example_task_group.py
[2023-03-29T03:26:57.650+0000] {processor.py:753} INFO - DAG(s) dict_keys(['example_task_group']) retrieved from /home/airflow/.local/lib/python3.7/site-packages/airflow/example_dags/example_task_group.py
[2023-03-29T03:26:57.667+0000] {logging_mixin.py:137} INFO - [2023-03-29T03:26:57.667+0000] {dag.py:2693} INFO - Sync 1 DAGs
[2023-03-29T03:26:57.685+0000] {logging_mixin.py:137} INFO - [2023-03-29T03:26:57.685+0000] {dag.py:3444} INFO - Setting next_dagrun for example_task_group to 2023-03-28T03:26:57.685096+00:00, run_after=2023-03-29T03:26:57.685096+00:00
[2023-03-29T03:26:57.700+0000] {processor.py:175} INFO - Processing /home/airflow/.local/lib/python3.7/site-packages/airflow/example_dags/example_task_group.py took 0.065 seconds
[2023-03-29T03:27:28.223+0000] {processor.py:153} INFO - Started process (PID=154) to work on /home/airflow/.local/lib/python3.7/site-packages/airflow/example_dags/example_task_group.py
[2023-03-29T03:27:28.232+0000] {processor.py:743} INFO - Processing file /home/airflow/.local/lib/python3.7/site-packages/airflow/example_dags/example_task_group.py for tasks to queue
[2023-03-29T03:27:28.234+0000] {logging_mixin.py:137} INFO - [2023-03-29T03:27:28.234+0000] {dagbag.py:532} INFO - Filling up the DagBag from /home/airflow/.local/lib/python3.7/site-packages/airflow/example_dags/example_task_group.py
[2023-03-29T03:27:28.248+0000] {processor.py:753} INFO - DAG(s) dict_keys(['example_task_group']) retrieved from /home/airflow/.local/lib/python3.7/site-packages/airflow/example_dags/example_task_group.py
[2023-03-29T03:27:28.272+0000] {logging_mixin.py:137} INFO - [2023-03-29T03:27:28.272+0000] {dag.py:2693} INFO - Sync 1 DAGs
[2023-03-29T03:27:28.292+0000] {logging_mixin.py:137} INFO - [2023-03-29T03:27:28.292+0000] {dag.py:3444} INFO - Setting next_dagrun for example_task_group to 2023-03-28T03:27:28.292057+00:00, run_after=2023-03-29T03:27:28.292057+00:00
[2023-03-29T03:27:28.312+0000] {processor.py:175} INFO - Processing /home/airflow/.local/lib/python3.7/site-packages/airflow/example_dags/example_task_group.py took 0.092 seconds
[2023-03-29T03:27:58.875+0000] {processor.py:153} INFO - Started process (PID=203) to work on /home/airflow/.local/lib/python3.7/site-packages/airflow/example_dags/example_task_group.py
[2023-03-29T03:27:58.878+0000] {processor.py:743} INFO - Processing file /home/airflow/.local/lib/python3.7/site-packages/airflow/example_dags/example_task_group.py for tasks to queue
[2023-03-29T03:27:58.879+0000] {logging_mixin.py:137} INFO - [2023-03-29T03:27:58.879+0000] {dagbag.py:532} INFO - Filling up the DagBag from /home/airflow/.local/lib/python3.7/site-packages/airflow/example_dags/example_task_group.py
[2023-03-29T03:27:58.889+0000] {processor.py:753} INFO - DAG(s) dict_keys(['example_task_group']) retrieved from /home/airflow/.local/lib/python3.7/site-packages/airflow/example_dags/example_task_group.py
[2023-03-29T03:27:58.910+0000] {logging_mixin.py:137} INFO - [2023-03-29T03:27:58.910+0000] {dag.py:2693} INFO - Sync 1 DAGs
[2023-03-29T03:27:58.927+0000] {logging_mixin.py:137} INFO - [2023-03-29T03:27:58.927+0000] {dag.py:3444} INFO - Setting next_dagrun for example_task_group to 2023-03-28T03:27:58.926927+00:00, run_after=2023-03-29T03:27:58.926927+00:00
[2023-03-29T03:27:58.939+0000] {processor.py:175} INFO - Processing /home/airflow/.local/lib/python3.7/site-packages/airflow/example_dags/example_task_group.py took 0.067 seconds
[2023-03-29T03:28:29.350+0000] {processor.py:153} INFO - Started process (PID=252) to work on /home/airflow/.local/lib/python3.7/site-packages/airflow/example_dags/example_task_group.py
[2023-03-29T03:28:29.351+0000] {processor.py:743} INFO - Processing file /home/airflow/.local/lib/python3.7/site-packages/airflow/example_dags/example_task_group.py for tasks to queue
[2023-03-29T03:28:29.352+0000] {logging_mixin.py:137} INFO - [2023-03-29T03:28:29.352+0000] {dagbag.py:532} INFO - Filling up the DagBag from /home/airflow/.local/lib/python3.7/site-packages/airflow/example_dags/example_task_group.py
[2023-03-29T03:28:29.363+0000] {processor.py:753} INFO - DAG(s) dict_keys(['example_task_group']) retrieved from /home/airflow/.local/lib/python3.7/site-packages/airflow/example_dags/example_task_group.py
[2023-03-29T03:28:29.380+0000] {logging_mixin.py:137} INFO - [2023-03-29T03:28:29.380+0000] {dag.py:2693} INFO - Sync 1 DAGs
[2023-03-29T03:28:29.397+0000] {logging_mixin.py:137} INFO - [2023-03-29T03:28:29.397+0000] {dag.py:3444} INFO - Setting next_dagrun for example_task_group to 2023-03-28T03:28:29.397524+00:00, run_after=2023-03-29T03:28:29.397524+00:00
[2023-03-29T03:28:29.410+0000] {processor.py:175} INFO - Processing /home/airflow/.local/lib/python3.7/site-packages/airflow/example_dags/example_task_group.py took 0.063 seconds
[2023-03-29T03:28:59.909+0000] {processor.py:153} INFO - Started process (PID=301) to work on /home/airflow/.local/lib/python3.7/site-packages/airflow/example_dags/example_task_group.py
[2023-03-29T03:28:59.914+0000] {processor.py:743} INFO - Processing file /home/airflow/.local/lib/python3.7/site-packages/airflow/example_dags/example_task_group.py for tasks to queue
[2023-03-29T03:28:59.916+0000] {logging_mixin.py:137} INFO - [2023-03-29T03:28:59.916+0000] {dagbag.py:532} INFO - Filling up the DagBag from /home/airflow/.local/lib/python3.7/site-packages/airflow/example_dags/example_task_group.py
[2023-03-29T03:28:59.937+0000] {processor.py:753} INFO - DAG(s) dict_keys(['example_task_group']) retrieved from /home/airflow/.local/lib/python3.7/site-packages/airflow/example_dags/example_task_group.py
[2023-03-29T03:28:59.985+0000] {logging_mixin.py:137} INFO - [2023-03-29T03:28:59.984+0000] {dag.py:2693} INFO - Sync 1 DAGs
[2023-03-29T03:29:00.008+0000] {logging_mixin.py:137} INFO - [2023-03-29T03:29:00.008+0000] {dag.py:3444} INFO - Setting next_dagrun for example_task_group to 2023-03-28T03:29:00.008269+00:00, run_after=2023-03-29T03:29:00.008269+00:00
[2023-03-29T03:29:00.024+0000] {processor.py:175} INFO - Processing /home/airflow/.local/lib/python3.7/site-packages/airflow/example_dags/example_task_group.py took 0.118 seconds
[2023-03-29T03:29:30.626+0000] {processor.py:153} INFO - Started process (PID=350) to work on /home/airflow/.local/lib/python3.7/site-packages/airflow/example_dags/example_task_group.py
[2023-03-29T03:29:30.628+0000] {processor.py:743} INFO - Processing file /home/airflow/.local/lib/python3.7/site-packages/airflow/example_dags/example_task_group.py for tasks to queue
[2023-03-29T03:29:30.629+0000] {logging_mixin.py:137} INFO - [2023-03-29T03:29:30.629+0000] {dagbag.py:532} INFO - Filling up the DagBag from /home/airflow/.local/lib/python3.7/site-packages/airflow/example_dags/example_task_group.py
[2023-03-29T03:29:30.641+0000] {processor.py:753} INFO - DAG(s) dict_keys(['example_task_group']) retrieved from /home/airflow/.local/lib/python3.7/site-packages/airflow/example_dags/example_task_group.py
[2023-03-29T03:29:30.659+0000] {logging_mixin.py:137} INFO - [2023-03-29T03:29:30.659+0000] {dag.py:2693} INFO - Sync 1 DAGs
[2023-03-29T03:29:30.675+0000] {logging_mixin.py:137} INFO - [2023-03-29T03:29:30.675+0000] {dag.py:3444} INFO - Setting next_dagrun for example_task_group to 2023-03-28T03:29:30.675723+00:00, run_after=2023-03-29T03:29:30.675723+00:00
[2023-03-29T03:29:30.688+0000] {processor.py:175} INFO - Processing /home/airflow/.local/lib/python3.7/site-packages/airflow/example_dags/example_task_group.py took 0.064 seconds
[2023-03-29T03:30:01.711+0000] {processor.py:153} INFO - Started process (PID=399) to work on /home/airflow/.local/lib/python3.7/site-packages/airflow/example_dags/example_task_group.py
[2023-03-29T03:30:01.713+0000] {processor.py:743} INFO - Processing file /home/airflow/.local/lib/python3.7/site-packages/airflow/example_dags/example_task_group.py for tasks to queue
[2023-03-29T03:30:01.714+0000] {logging_mixin.py:137} INFO - [2023-03-29T03:30:01.714+0000] {dagbag.py:532} INFO - Filling up the DagBag from /home/airflow/.local/lib/python3.7/site-packages/airflow/example_dags/example_task_group.py
[2023-03-29T03:30:01.726+0000] {processor.py:753} INFO - DAG(s) dict_keys(['example_task_group']) retrieved from /home/airflow/.local/lib/python3.7/site-packages/airflow/example_dags/example_task_group.py
[2023-03-29T03:30:01.745+0000] {logging_mixin.py:137} INFO - [2023-03-29T03:30:01.745+0000] {dag.py:2693} INFO - Sync 1 DAGs
[2023-03-29T03:30:01.765+0000] {logging_mixin.py:137} INFO - [2023-03-29T03:30:01.764+0000] {dag.py:3444} INFO - Setting next_dagrun for example_task_group to 2023-03-28T03:30:01.764817+00:00, run_after=2023-03-29T03:30:01.764817+00:00
[2023-03-29T03:30:01.780+0000] {processor.py:175} INFO - Processing /home/airflow/.local/lib/python3.7/site-packages/airflow/example_dags/example_task_group.py took 0.071 seconds
[2023-03-29T03:30:32.647+0000] {processor.py:153} INFO - Started process (PID=448) to work on /home/airflow/.local/lib/python3.7/site-packages/airflow/example_dags/example_task_group.py
[2023-03-29T03:30:32.649+0000] {processor.py:743} INFO - Processing file /home/airflow/.local/lib/python3.7/site-packages/airflow/example_dags/example_task_group.py for tasks to queue
[2023-03-29T03:30:32.650+0000] {logging_mixin.py:137} INFO - [2023-03-29T03:30:32.649+0000] {dagbag.py:532} INFO - Filling up the DagBag from /home/airflow/.local/lib/python3.7/site-packages/airflow/example_dags/example_task_group.py
[2023-03-29T03:30:32.662+0000] {processor.py:753} INFO - DAG(s) dict_keys(['example_task_group']) retrieved from /home/airflow/.local/lib/python3.7/site-packages/airflow/example_dags/example_task_group.py
[2023-03-29T03:30:32.683+0000] {logging_mixin.py:137} INFO - [2023-03-29T03:30:32.683+0000] {dag.py:2693} INFO - Sync 1 DAGs
[2023-03-29T03:30:32.721+0000] {logging_mixin.py:137} INFO - [2023-03-29T03:30:32.721+0000] {dag.py:3444} INFO - Setting next_dagrun for example_task_group to 2023-03-28T03:30:32.721272+00:00, run_after=2023-03-29T03:30:32.721272+00:00
[2023-03-29T03:30:32.744+0000] {processor.py:175} INFO - Processing /home/airflow/.local/lib/python3.7/site-packages/airflow/example_dags/example_task_group.py took 0.101 seconds
[2023-03-29T03:31:03.267+0000] {processor.py:153} INFO - Started process (PID=497) to work on /home/airflow/.local/lib/python3.7/site-packages/airflow/example_dags/example_task_group.py
[2023-03-29T03:31:03.270+0000] {processor.py:743} INFO - Processing file /home/airflow/.local/lib/python3.7/site-packages/airflow/example_dags/example_task_group.py for tasks to queue
[2023-03-29T03:31:03.272+0000] {logging_mixin.py:137} INFO - [2023-03-29T03:31:03.271+0000] {dagbag.py:532} INFO - Filling up the DagBag from /home/airflow/.local/lib/python3.7/site-packages/airflow/example_dags/example_task_group.py
[2023-03-29T03:31:03.284+0000] {processor.py:753} INFO - DAG(s) dict_keys(['example_task_group']) retrieved from /home/airflow/.local/lib/python3.7/site-packages/airflow/example_dags/example_task_group.py
[2023-03-29T03:31:03.312+0000] {logging_mixin.py:137} INFO - [2023-03-29T03:31:03.311+0000] {dag.py:2693} INFO - Sync 1 DAGs
[2023-03-29T03:31:03.332+0000] {logging_mixin.py:137} INFO - [2023-03-29T03:31:03.332+0000] {dag.py:3444} INFO - Setting next_dagrun for example_task_group to 2023-03-28T03:31:03.332463+00:00, run_after=2023-03-29T03:31:03.332463+00:00
[2023-03-29T03:31:03.349+0000] {processor.py:175} INFO - Processing /home/airflow/.local/lib/python3.7/site-packages/airflow/example_dags/example_task_group.py took 0.088 seconds
[2023-03-29T03:31:33.759+0000] {processor.py:153} INFO - Started process (PID=546) to work on /home/airflow/.local/lib/python3.7/site-packages/airflow/example_dags/example_task_group.py
[2023-03-29T03:31:33.761+0000] {processor.py:743} INFO - Processing file /home/airflow/.local/lib/python3.7/site-packages/airflow/example_dags/example_task_group.py for tasks to queue
[2023-03-29T03:31:33.763+0000] {logging_mixin.py:137} INFO - [2023-03-29T03:31:33.763+0000] {dagbag.py:532} INFO - Filling up the DagBag from /home/airflow/.local/lib/python3.7/site-packages/airflow/example_dags/example_task_group.py
[2023-03-29T03:31:33.775+0000] {processor.py:753} INFO - DAG(s) dict_keys(['example_task_group']) retrieved from /home/airflow/.local/lib/python3.7/site-packages/airflow/example_dags/example_task_group.py
[2023-03-29T03:31:33.795+0000] {logging_mixin.py:137} INFO - [2023-03-29T03:31:33.795+0000] {dag.py:2693} INFO - Sync 1 DAGs
[2023-03-29T03:31:33.811+0000] {logging_mixin.py:137} INFO - [2023-03-29T03:31:33.811+0000] {dag.py:3444} INFO - Setting next_dagrun for example_task_group to 2023-03-28T03:31:33.811696+00:00, run_after=2023-03-29T03:31:33.811696+00:00
[2023-03-29T03:31:33.824+0000] {processor.py:175} INFO - Processing /home/airflow/.local/lib/python3.7/site-packages/airflow/example_dags/example_task_group.py took 0.069 seconds
[2023-03-29T03:32:04.372+0000] {processor.py:153} INFO - Started process (PID=595) to work on /home/airflow/.local/lib/python3.7/site-packages/airflow/example_dags/example_task_group.py
[2023-03-29T03:32:04.373+0000] {processor.py:743} INFO - Processing file /home/airflow/.local/lib/python3.7/site-packages/airflow/example_dags/example_task_group.py for tasks to queue
[2023-03-29T03:32:04.374+0000] {logging_mixin.py:137} INFO - [2023-03-29T03:32:04.374+0000] {dagbag.py:532} INFO - Filling up the DagBag from /home/airflow/.local/lib/python3.7/site-packages/airflow/example_dags/example_task_group.py
[2023-03-29T03:32:04.385+0000] {processor.py:753} INFO - DAG(s) dict_keys(['example_task_group']) retrieved from /home/airflow/.local/lib/python3.7/site-packages/airflow/example_dags/example_task_group.py
[2023-03-29T03:32:04.403+0000] {logging_mixin.py:137} INFO - [2023-03-29T03:32:04.403+0000] {dag.py:2693} INFO - Sync 1 DAGs
[2023-03-29T03:32:04.421+0000] {logging_mixin.py:137} INFO - [2023-03-29T03:32:04.421+0000] {dag.py:3444} INFO - Setting next_dagrun for example_task_group to 2023-03-28T03:32:04.421650+00:00, run_after=2023-03-29T03:32:04.421650+00:00
[2023-03-29T03:32:04.436+0000] {processor.py:175} INFO - Processing /home/airflow/.local/lib/python3.7/site-packages/airflow/example_dags/example_task_group.py took 0.066 seconds
[2023-03-29T03:32:35.413+0000] {processor.py:153} INFO - Started process (PID=645) to work on /home/airflow/.local/lib/python3.7/site-packages/airflow/example_dags/example_task_group.py
[2023-03-29T03:32:35.414+0000] {processor.py:743} INFO - Processing file /home/airflow/.local/lib/python3.7/site-packages/airflow/example_dags/example_task_group.py for tasks to queue
[2023-03-29T03:32:35.416+0000] {logging_mixin.py:137} INFO - [2023-03-29T03:32:35.416+0000] {dagbag.py:532} INFO - Filling up the DagBag from /home/airflow/.local/lib/python3.7/site-packages/airflow/example_dags/example_task_group.py
[2023-03-29T03:32:35.428+0000] {processor.py:753} INFO - DAG(s) dict_keys(['example_task_group']) retrieved from /home/airflow/.local/lib/python3.7/site-packages/airflow/example_dags/example_task_group.py
[2023-03-29T03:32:35.448+0000] {logging_mixin.py:137} INFO - [2023-03-29T03:32:35.448+0000] {dag.py:2693} INFO - Sync 1 DAGs
[2023-03-29T03:32:35.467+0000] {logging_mixin.py:137} INFO - [2023-03-29T03:32:35.467+0000] {dag.py:3444} INFO - Setting next_dagrun for example_task_group to 2023-03-28T03:32:35.467415+00:00, run_after=2023-03-29T03:32:35.467415+00:00
[2023-03-29T03:32:35.482+0000] {processor.py:175} INFO - Processing /home/airflow/.local/lib/python3.7/site-packages/airflow/example_dags/example_task_group.py took 0.072 seconds
[2023-03-29T03:33:06.056+0000] {processor.py:153} INFO - Started process (PID=694) to work on /home/airflow/.local/lib/python3.7/site-packages/airflow/example_dags/example_task_group.py
[2023-03-29T03:33:06.058+0000] {processor.py:743} INFO - Processing file /home/airflow/.local/lib/python3.7/site-packages/airflow/example_dags/example_task_group.py for tasks to queue
[2023-03-29T03:33:06.059+0000] {logging_mixin.py:137} INFO - [2023-03-29T03:33:06.059+0000] {dagbag.py:532} INFO - Filling up the DagBag from /home/airflow/.local/lib/python3.7/site-packages/airflow/example_dags/example_task_group.py
[2023-03-29T03:33:06.069+0000] {processor.py:753} INFO - DAG(s) dict_keys(['example_task_group']) retrieved from /home/airflow/.local/lib/python3.7/site-packages/airflow/example_dags/example_task_group.py
[2023-03-29T03:33:06.087+0000] {logging_mixin.py:137} INFO - [2023-03-29T03:33:06.087+0000] {dag.py:2693} INFO - Sync 1 DAGs
[2023-03-29T03:33:06.103+0000] {logging_mixin.py:137} INFO - [2023-03-29T03:33:06.103+0000] {dag.py:3444} INFO - Setting next_dagrun for example_task_group to 2023-03-28T03:33:06.102898+00:00, run_after=2023-03-29T03:33:06.102898+00:00
[2023-03-29T03:33:06.116+0000] {processor.py:175} INFO - Processing /home/airflow/.local/lib/python3.7/site-packages/airflow/example_dags/example_task_group.py took 0.062 seconds
[2023-03-29T03:33:36.933+0000] {processor.py:153} INFO - Started process (PID=743) to work on /home/airflow/.local/lib/python3.7/site-packages/airflow/example_dags/example_task_group.py
[2023-03-29T03:33:36.934+0000] {processor.py:743} INFO - Processing file /home/airflow/.local/lib/python3.7/site-packages/airflow/example_dags/example_task_group.py for tasks to queue
[2023-03-29T03:33:36.937+0000] {logging_mixin.py:137} INFO - [2023-03-29T03:33:36.936+0000] {dagbag.py:532} INFO - Filling up the DagBag from /home/airflow/.local/lib/python3.7/site-packages/airflow/example_dags/example_task_group.py
[2023-03-29T03:33:36.950+0000] {processor.py:753} INFO - DAG(s) dict_keys(['example_task_group']) retrieved from /home/airflow/.local/lib/python3.7/site-packages/airflow/example_dags/example_task_group.py
[2023-03-29T03:33:36.970+0000] {logging_mixin.py:137} INFO - [2023-03-29T03:33:36.970+0000] {dag.py:2693} INFO - Sync 1 DAGs
[2023-03-29T03:33:36.991+0000] {logging_mixin.py:137} INFO - [2023-03-29T03:33:36.991+0000] {dag.py:3444} INFO - Setting next_dagrun for example_task_group to 2023-03-28T03:33:36.991635+00:00, run_after=2023-03-29T03:33:36.991635+00:00
[2023-03-29T03:33:37.006+0000] {processor.py:175} INFO - Processing /home/airflow/.local/lib/python3.7/site-packages/airflow/example_dags/example_task_group.py took 0.075 seconds
[2023-03-29T03:34:07.645+0000] {processor.py:153} INFO - Started process (PID=792) to work on /home/airflow/.local/lib/python3.7/site-packages/airflow/example_dags/example_task_group.py
[2023-03-29T03:34:07.648+0000] {processor.py:743} INFO - Processing file /home/airflow/.local/lib/python3.7/site-packages/airflow/example_dags/example_task_group.py for tasks to queue
[2023-03-29T03:34:07.651+0000] {logging_mixin.py:137} INFO - [2023-03-29T03:34:07.651+0000] {dagbag.py:532} INFO - Filling up the DagBag from /home/airflow/.local/lib/python3.7/site-packages/airflow/example_dags/example_task_group.py
[2023-03-29T03:34:07.668+0000] {processor.py:753} INFO - DAG(s) dict_keys(['example_task_group']) retrieved from /home/airflow/.local/lib/python3.7/site-packages/airflow/example_dags/example_task_group.py
[2023-03-29T03:34:07.695+0000] {logging_mixin.py:137} INFO - [2023-03-29T03:34:07.695+0000] {dag.py:2693} INFO - Sync 1 DAGs
[2023-03-29T03:34:07.722+0000] {logging_mixin.py:137} INFO - [2023-03-29T03:34:07.722+0000] {dag.py:3444} INFO - Setting next_dagrun for example_task_group to 2023-03-28T03:34:07.721808+00:00, run_after=2023-03-29T03:34:07.721808+00:00
[2023-03-29T03:34:07.741+0000] {processor.py:175} INFO - Processing /home/airflow/.local/lib/python3.7/site-packages/airflow/example_dags/example_task_group.py took 0.098 seconds
[2023-03-29T03:34:38.254+0000] {processor.py:153} INFO - Started process (PID=842) to work on /home/airflow/.local/lib/python3.7/site-packages/airflow/example_dags/example_task_group.py
[2023-03-29T03:34:38.256+0000] {processor.py:743} INFO - Processing file /home/airflow/.local/lib/python3.7/site-packages/airflow/example_dags/example_task_group.py for tasks to queue
[2023-03-29T03:34:38.256+0000] {logging_mixin.py:137} INFO - [2023-03-29T03:34:38.256+0000] {dagbag.py:532} INFO - Filling up the DagBag from /home/airflow/.local/lib/python3.7/site-packages/airflow/example_dags/example_task_group.py
[2023-03-29T03:34:38.267+0000] {processor.py:753} INFO - DAG(s) dict_keys(['example_task_group']) retrieved from /home/airflow/.local/lib/python3.7/site-packages/airflow/example_dags/example_task_group.py
[2023-03-29T03:34:38.285+0000] {logging_mixin.py:137} INFO - [2023-03-29T03:34:38.285+0000] {dag.py:2693} INFO - Sync 1 DAGs
[2023-03-29T03:34:38.302+0000] {logging_mixin.py:137} INFO - [2023-03-29T03:34:38.302+0000] {dag.py:3444} INFO - Setting next_dagrun for example_task_group to 2023-03-28T03:34:38.301845+00:00, run_after=2023-03-29T03:34:38.301845+00:00
[2023-03-29T03:34:38.315+0000] {processor.py:175} INFO - Processing /home/airflow/.local/lib/python3.7/site-packages/airflow/example_dags/example_task_group.py took 0.063 seconds
[2023-03-29T03:35:08.829+0000] {processor.py:153} INFO - Started process (PID=891) to work on /home/airflow/.local/lib/python3.7/site-packages/airflow/example_dags/example_task_group.py
[2023-03-29T03:35:08.831+0000] {processor.py:743} INFO - Processing file /home/airflow/.local/lib/python3.7/site-packages/airflow/example_dags/example_task_group.py for tasks to queue
[2023-03-29T03:35:08.832+0000] {logging_mixin.py:137} INFO - [2023-03-29T03:35:08.832+0000] {dagbag.py:532} INFO - Filling up the DagBag from /home/airflow/.local/lib/python3.7/site-packages/airflow/example_dags/example_task_group.py
[2023-03-29T03:35:08.843+0000] {processor.py:753} INFO - DAG(s) dict_keys(['example_task_group']) retrieved from /home/airflow/.local/lib/python3.7/site-packages/airflow/example_dags/example_task_group.py
[2023-03-29T03:35:08.862+0000] {logging_mixin.py:137} INFO - [2023-03-29T03:35:08.862+0000] {dag.py:2693} INFO - Sync 1 DAGs
[2023-03-29T03:35:08.878+0000] {logging_mixin.py:137} INFO - [2023-03-29T03:35:08.878+0000] {dag.py:3444} INFO - Setting next_dagrun for example_task_group to 2023-03-28T03:35:08.877850+00:00, run_after=2023-03-29T03:35:08.877850+00:00
[2023-03-29T03:35:08.892+0000] {processor.py:175} INFO - Processing /home/airflow/.local/lib/python3.7/site-packages/airflow/example_dags/example_task_group.py took 0.065 seconds
[2023-03-29T03:35:39.528+0000] {processor.py:153} INFO - Started process (PID=940) to work on /home/airflow/.local/lib/python3.7/site-packages/airflow/example_dags/example_task_group.py
[2023-03-29T03:35:39.530+0000] {processor.py:743} INFO - Processing file /home/airflow/.local/lib/python3.7/site-packages/airflow/example_dags/example_task_group.py for tasks to queue
[2023-03-29T03:35:39.532+0000] {logging_mixin.py:137} INFO - [2023-03-29T03:35:39.532+0000] {dagbag.py:532} INFO - Filling up the DagBag from /home/airflow/.local/lib/python3.7/site-packages/airflow/example_dags/example_task_group.py
[2023-03-29T03:35:39.543+0000] {processor.py:753} INFO - DAG(s) dict_keys(['example_task_group']) retrieved from /home/airflow/.local/lib/python3.7/site-packages/airflow/example_dags/example_task_group.py
[2023-03-29T03:35:39.561+0000] {logging_mixin.py:137} INFO - [2023-03-29T03:35:39.561+0000] {dag.py:2693} INFO - Sync 1 DAGs
[2023-03-29T03:35:39.579+0000] {logging_mixin.py:137} INFO - [2023-03-29T03:35:39.579+0000] {dag.py:3444} INFO - Setting next_dagrun for example_task_group to 2023-03-28T03:35:39.579679+00:00, run_after=2023-03-29T03:35:39.579679+00:00
[2023-03-29T03:35:39.595+0000] {processor.py:175} INFO - Processing /home/airflow/.local/lib/python3.7/site-packages/airflow/example_dags/example_task_group.py took 0.069 seconds
[2023-03-29T03:36:10.287+0000] {processor.py:153} INFO - Started process (PID=989) to work on /home/airflow/.local/lib/python3.7/site-packages/airflow/example_dags/example_task_group.py
[2023-03-29T03:36:10.289+0000] {processor.py:743} INFO - Processing file /home/airflow/.local/lib/python3.7/site-packages/airflow/example_dags/example_task_group.py for tasks to queue
[2023-03-29T03:36:10.290+0000] {logging_mixin.py:137} INFO - [2023-03-29T03:36:10.290+0000] {dagbag.py:532} INFO - Filling up the DagBag from /home/airflow/.local/lib/python3.7/site-packages/airflow/example_dags/example_task_group.py
[2023-03-29T03:36:10.301+0000] {processor.py:753} INFO - DAG(s) dict_keys(['example_task_group']) retrieved from /home/airflow/.local/lib/python3.7/site-packages/airflow/example_dags/example_task_group.py
[2023-03-29T03:36:10.320+0000] {logging_mixin.py:137} INFO - [2023-03-29T03:36:10.320+0000] {dag.py:2693} INFO - Sync 1 DAGs
[2023-03-29T03:36:10.338+0000] {logging_mixin.py:137} INFO - [2023-03-29T03:36:10.338+0000] {dag.py:3444} INFO - Setting next_dagrun for example_task_group to 2023-03-28T03:36:10.338228+00:00, run_after=2023-03-29T03:36:10.338228+00:00
[2023-03-29T03:36:10.351+0000] {processor.py:175} INFO - Processing /home/airflow/.local/lib/python3.7/site-packages/airflow/example_dags/example_task_group.py took 0.066 seconds
[2023-03-29T03:36:41.037+0000] {processor.py:153} INFO - Started process (PID=1039) to work on /home/airflow/.local/lib/python3.7/site-packages/airflow/example_dags/example_task_group.py
[2023-03-29T03:36:41.038+0000] {processor.py:743} INFO - Processing file /home/airflow/.local/lib/python3.7/site-packages/airflow/example_dags/example_task_group.py for tasks to queue
[2023-03-29T03:36:41.039+0000] {logging_mixin.py:137} INFO - [2023-03-29T03:36:41.039+0000] {dagbag.py:532} INFO - Filling up the DagBag from /home/airflow/.local/lib/python3.7/site-packages/airflow/example_dags/example_task_group.py
[2023-03-29T03:36:41.050+0000] {processor.py:753} INFO - DAG(s) dict_keys(['example_task_group']) retrieved from /home/airflow/.local/lib/python3.7/site-packages/airflow/example_dags/example_task_group.py
[2023-03-29T03:36:41.070+0000] {logging_mixin.py:137} INFO - [2023-03-29T03:36:41.070+0000] {dag.py:2693} INFO - Sync 1 DAGs
[2023-03-29T03:36:41.086+0000] {logging_mixin.py:137} INFO - [2023-03-29T03:36:41.086+0000] {dag.py:3444} INFO - Setting next_dagrun for example_task_group to 2023-03-28T03:36:41.086126+00:00, run_after=2023-03-29T03:36:41.086126+00:00
[2023-03-29T03:36:41.100+0000] {processor.py:175} INFO - Processing /home/airflow/.local/lib/python3.7/site-packages/airflow/example_dags/example_task_group.py took 0.066 seconds
[2023-03-29T03:37:11.712+0000] {processor.py:153} INFO - Started process (PID=1088) to work on /home/airflow/.local/lib/python3.7/site-packages/airflow/example_dags/example_task_group.py
[2023-03-29T03:37:11.713+0000] {processor.py:743} INFO - Processing file /home/airflow/.local/lib/python3.7/site-packages/airflow/example_dags/example_task_group.py for tasks to queue
[2023-03-29T03:37:11.715+0000] {logging_mixin.py:137} INFO - [2023-03-29T03:37:11.715+0000] {dagbag.py:532} INFO - Filling up the DagBag from /home/airflow/.local/lib/python3.7/site-packages/airflow/example_dags/example_task_group.py
[2023-03-29T03:37:11.726+0000] {processor.py:753} INFO - DAG(s) dict_keys(['example_task_group']) retrieved from /home/airflow/.local/lib/python3.7/site-packages/airflow/example_dags/example_task_group.py
[2023-03-29T03:37:11.744+0000] {logging_mixin.py:137} INFO - [2023-03-29T03:37:11.744+0000] {dag.py:2693} INFO - Sync 1 DAGs
[2023-03-29T03:37:11.760+0000] {logging_mixin.py:137} INFO - [2023-03-29T03:37:11.760+0000] {dag.py:3444} INFO - Setting next_dagrun for example_task_group to 2023-03-28T03:37:11.760620+00:00, run_after=2023-03-29T03:37:11.760620+00:00
[2023-03-29T03:37:11.774+0000] {processor.py:175} INFO - Processing /home/airflow/.local/lib/python3.7/site-packages/airflow/example_dags/example_task_group.py took 0.065 seconds
[2023-03-29T03:37:42.337+0000] {processor.py:153} INFO - Started process (PID=1137) to work on /home/airflow/.local/lib/python3.7/site-packages/airflow/example_dags/example_task_group.py
[2023-03-29T03:37:42.339+0000] {processor.py:743} INFO - Processing file /home/airflow/.local/lib/python3.7/site-packages/airflow/example_dags/example_task_group.py for tasks to queue
[2023-03-29T03:37:42.339+0000] {logging_mixin.py:137} INFO - [2023-03-29T03:37:42.339+0000] {dagbag.py:532} INFO - Filling up the DagBag from /home/airflow/.local/lib/python3.7/site-packages/airflow/example_dags/example_task_group.py
[2023-03-29T03:37:42.350+0000] {processor.py:753} INFO - DAG(s) dict_keys(['example_task_group']) retrieved from /home/airflow/.local/lib/python3.7/site-packages/airflow/example_dags/example_task_group.py
[2023-03-29T03:37:42.367+0000] {logging_mixin.py:137} INFO - [2023-03-29T03:37:42.367+0000] {dag.py:2693} INFO - Sync 1 DAGs
[2023-03-29T03:37:42.384+0000] {logging_mixin.py:137} INFO - [2023-03-29T03:37:42.384+0000] {dag.py:3444} INFO - Setting next_dagrun for example_task_group to 2023-03-28T03:37:42.384311+00:00, run_after=2023-03-29T03:37:42.384311+00:00
[2023-03-29T03:37:42.398+0000] {processor.py:175} INFO - Processing /home/airflow/.local/lib/python3.7/site-packages/airflow/example_dags/example_task_group.py took 0.064 seconds
[2023-03-29T03:38:12.895+0000] {processor.py:153} INFO - Started process (PID=1186) to work on /home/airflow/.local/lib/python3.7/site-packages/airflow/example_dags/example_task_group.py
[2023-03-29T03:38:12.897+0000] {processor.py:743} INFO - Processing file /home/airflow/.local/lib/python3.7/site-packages/airflow/example_dags/example_task_group.py for tasks to queue
[2023-03-29T03:38:12.898+0000] {logging_mixin.py:137} INFO - [2023-03-29T03:38:12.898+0000] {dagbag.py:532} INFO - Filling up the DagBag from /home/airflow/.local/lib/python3.7/site-packages/airflow/example_dags/example_task_group.py
[2023-03-29T03:38:12.908+0000] {processor.py:753} INFO - DAG(s) dict_keys(['example_task_group']) retrieved from /home/airflow/.local/lib/python3.7/site-packages/airflow/example_dags/example_task_group.py
[2023-03-29T03:38:12.926+0000] {logging_mixin.py:137} INFO - [2023-03-29T03:38:12.926+0000] {dag.py:2693} INFO - Sync 1 DAGs
[2023-03-29T03:38:12.944+0000] {logging_mixin.py:137} INFO - [2023-03-29T03:38:12.944+0000] {dag.py:3444} INFO - Setting next_dagrun for example_task_group to 2023-03-28T03:38:12.944450+00:00, run_after=2023-03-29T03:38:12.944450+00:00
[2023-03-29T03:38:12.958+0000] {processor.py:175} INFO - Processing /home/airflow/.local/lib/python3.7/site-packages/airflow/example_dags/example_task_group.py took 0.065 seconds
[2023-03-29T03:38:43.528+0000] {processor.py:153} INFO - Started process (PID=1235) to work on /home/airflow/.local/lib/python3.7/site-packages/airflow/example_dags/example_task_group.py
[2023-03-29T03:38:43.530+0000] {processor.py:743} INFO - Processing file /home/airflow/.local/lib/python3.7/site-packages/airflow/example_dags/example_task_group.py for tasks to queue
[2023-03-29T03:38:43.532+0000] {logging_mixin.py:137} INFO - [2023-03-29T03:38:43.532+0000] {dagbag.py:532} INFO - Filling up the DagBag from /home/airflow/.local/lib/python3.7/site-packages/airflow/example_dags/example_task_group.py
[2023-03-29T03:38:43.549+0000] {processor.py:753} INFO - DAG(s) dict_keys(['example_task_group']) retrieved from /home/airflow/.local/lib/python3.7/site-packages/airflow/example_dags/example_task_group.py
[2023-03-29T03:38:43.569+0000] {logging_mixin.py:137} INFO - [2023-03-29T03:38:43.569+0000] {dag.py:2693} INFO - Sync 1 DAGs
[2023-03-29T03:38:43.587+0000] {logging_mixin.py:137} INFO - [2023-03-29T03:38:43.586+0000] {dag.py:3444} INFO - Setting next_dagrun for example_task_group to 2023-03-28T03:38:43.586754+00:00, run_after=2023-03-29T03:38:43.586754+00:00
[2023-03-29T03:38:43.604+0000] {processor.py:175} INFO - Processing /home/airflow/.local/lib/python3.7/site-packages/airflow/example_dags/example_task_group.py took 0.079 seconds
[2023-03-29T03:39:14.163+0000] {processor.py:153} INFO - Started process (PID=1285) to work on /home/airflow/.local/lib/python3.7/site-packages/airflow/example_dags/example_task_group.py
[2023-03-29T03:39:14.164+0000] {processor.py:743} INFO - Processing file /home/airflow/.local/lib/python3.7/site-packages/airflow/example_dags/example_task_group.py for tasks to queue
[2023-03-29T03:39:14.165+0000] {logging_mixin.py:137} INFO - [2023-03-29T03:39:14.165+0000] {dagbag.py:532} INFO - Filling up the DagBag from /home/airflow/.local/lib/python3.7/site-packages/airflow/example_dags/example_task_group.py
[2023-03-29T03:39:14.176+0000] {processor.py:753} INFO - DAG(s) dict_keys(['example_task_group']) retrieved from /home/airflow/.local/lib/python3.7/site-packages/airflow/example_dags/example_task_group.py
[2023-03-29T03:39:14.194+0000] {logging_mixin.py:137} INFO - [2023-03-29T03:39:14.194+0000] {dag.py:2693} INFO - Sync 1 DAGs
[2023-03-29T03:39:14.211+0000] {logging_mixin.py:137} INFO - [2023-03-29T03:39:14.210+0000] {dag.py:3444} INFO - Setting next_dagrun for example_task_group to 2023-03-28T03:39:14.210785+00:00, run_after=2023-03-29T03:39:14.210785+00:00
[2023-03-29T03:39:14.224+0000] {processor.py:175} INFO - Processing /home/airflow/.local/lib/python3.7/site-packages/airflow/example_dags/example_task_group.py took 0.064 seconds
[2023-03-29T03:39:44.729+0000] {processor.py:153} INFO - Started process (PID=1334) to work on /home/airflow/.local/lib/python3.7/site-packages/airflow/example_dags/example_task_group.py
[2023-03-29T03:39:44.730+0000] {processor.py:743} INFO - Processing file /home/airflow/.local/lib/python3.7/site-packages/airflow/example_dags/example_task_group.py for tasks to queue
[2023-03-29T03:39:44.731+0000] {logging_mixin.py:137} INFO - [2023-03-29T03:39:44.731+0000] {dagbag.py:532} INFO - Filling up the DagBag from /home/airflow/.local/lib/python3.7/site-packages/airflow/example_dags/example_task_group.py
[2023-03-29T03:39:44.742+0000] {processor.py:753} INFO - DAG(s) dict_keys(['example_task_group']) retrieved from /home/airflow/.local/lib/python3.7/site-packages/airflow/example_dags/example_task_group.py
[2023-03-29T03:39:44.760+0000] {logging_mixin.py:137} INFO - [2023-03-29T03:39:44.760+0000] {dag.py:2693} INFO - Sync 1 DAGs
[2023-03-29T03:39:44.776+0000] {logging_mixin.py:137} INFO - [2023-03-29T03:39:44.776+0000] {dag.py:3444} INFO - Setting next_dagrun for example_task_group to 2023-03-28T03:39:44.776061+00:00, run_after=2023-03-29T03:39:44.776061+00:00
[2023-03-29T03:39:44.790+0000] {processor.py:175} INFO - Processing /home/airflow/.local/lib/python3.7/site-packages/airflow/example_dags/example_task_group.py took 0.064 seconds
[2023-03-29T03:40:15.541+0000] {processor.py:153} INFO - Started process (PID=1383) to work on /home/airflow/.local/lib/python3.7/site-packages/airflow/example_dags/example_task_group.py
[2023-03-29T03:40:15.543+0000] {processor.py:743} INFO - Processing file /home/airflow/.local/lib/python3.7/site-packages/airflow/example_dags/example_task_group.py for tasks to queue
[2023-03-29T03:40:15.544+0000] {logging_mixin.py:137} INFO - [2023-03-29T03:40:15.544+0000] {dagbag.py:532} INFO - Filling up the DagBag from /home/airflow/.local/lib/python3.7/site-packages/airflow/example_dags/example_task_group.py
[2023-03-29T03:40:15.556+0000] {processor.py:753} INFO - DAG(s) dict_keys(['example_task_group']) retrieved from /home/airflow/.local/lib/python3.7/site-packages/airflow/example_dags/example_task_group.py
[2023-03-29T03:40:15.575+0000] {logging_mixin.py:137} INFO - [2023-03-29T03:40:15.575+0000] {dag.py:2693} INFO - Sync 1 DAGs
[2023-03-29T03:40:15.592+0000] {logging_mixin.py:137} INFO - [2023-03-29T03:40:15.592+0000] {dag.py:3444} INFO - Setting next_dagrun for example_task_group to 2023-03-28T03:40:15.592083+00:00, run_after=2023-03-29T03:40:15.592083+00:00
[2023-03-29T03:40:15.634+0000] {processor.py:175} INFO - Processing /home/airflow/.local/lib/python3.7/site-packages/airflow/example_dags/example_task_group.py took 0.096 seconds
[2023-03-29T03:40:46.262+0000] {processor.py:153} INFO - Started process (PID=1432) to work on /home/airflow/.local/lib/python3.7/site-packages/airflow/example_dags/example_task_group.py
[2023-03-29T03:40:46.264+0000] {processor.py:743} INFO - Processing file /home/airflow/.local/lib/python3.7/site-packages/airflow/example_dags/example_task_group.py for tasks to queue
[2023-03-29T03:40:46.265+0000] {logging_mixin.py:137} INFO - [2023-03-29T03:40:46.265+0000] {dagbag.py:532} INFO - Filling up the DagBag from /home/airflow/.local/lib/python3.7/site-packages/airflow/example_dags/example_task_group.py
[2023-03-29T03:40:46.276+0000] {processor.py:753} INFO - DAG(s) dict_keys(['example_task_group']) retrieved from /home/airflow/.local/lib/python3.7/site-packages/airflow/example_dags/example_task_group.py
[2023-03-29T03:40:46.296+0000] {logging_mixin.py:137} INFO - [2023-03-29T03:40:46.296+0000] {dag.py:2693} INFO - Sync 1 DAGs
[2023-03-29T03:40:46.313+0000] {logging_mixin.py:137} INFO - [2023-03-29T03:40:46.313+0000] {dag.py:3444} INFO - Setting next_dagrun for example_task_group to 2023-03-28T03:40:46.313538+00:00, run_after=2023-03-29T03:40:46.313538+00:00
[2023-03-29T03:40:46.333+0000] {processor.py:175} INFO - Processing /home/airflow/.local/lib/python3.7/site-packages/airflow/example_dags/example_task_group.py took 0.073 seconds
[2023-03-29T03:41:16.885+0000] {processor.py:153} INFO - Started process (PID=1481) to work on /home/airflow/.local/lib/python3.7/site-packages/airflow/example_dags/example_task_group.py
[2023-03-29T03:41:16.887+0000] {processor.py:743} INFO - Processing file /home/airflow/.local/lib/python3.7/site-packages/airflow/example_dags/example_task_group.py for tasks to queue
[2023-03-29T03:41:16.888+0000] {logging_mixin.py:137} INFO - [2023-03-29T03:41:16.888+0000] {dagbag.py:532} INFO - Filling up the DagBag from /home/airflow/.local/lib/python3.7/site-packages/airflow/example_dags/example_task_group.py
[2023-03-29T03:41:16.900+0000] {processor.py:753} INFO - DAG(s) dict_keys(['example_task_group']) retrieved from /home/airflow/.local/lib/python3.7/site-packages/airflow/example_dags/example_task_group.py
[2023-03-29T03:41:16.918+0000] {logging_mixin.py:137} INFO - [2023-03-29T03:41:16.918+0000] {dag.py:2693} INFO - Sync 1 DAGs
[2023-03-29T03:41:16.935+0000] {logging_mixin.py:137} INFO - [2023-03-29T03:41:16.935+0000] {dag.py:3444} INFO - Setting next_dagrun for example_task_group to 2023-03-28T03:41:16.935501+00:00, run_after=2023-03-29T03:41:16.935501+00:00
[2023-03-29T03:41:16.949+0000] {processor.py:175} INFO - Processing /home/airflow/.local/lib/python3.7/site-packages/airflow/example_dags/example_task_group.py took 0.067 seconds
[2023-03-29T03:41:47.696+0000] {processor.py:153} INFO - Started process (PID=1530) to work on /home/airflow/.local/lib/python3.7/site-packages/airflow/example_dags/example_task_group.py
[2023-03-29T03:41:47.697+0000] {processor.py:743} INFO - Processing file /home/airflow/.local/lib/python3.7/site-packages/airflow/example_dags/example_task_group.py for tasks to queue
[2023-03-29T03:41:47.698+0000] {logging_mixin.py:137} INFO - [2023-03-29T03:41:47.698+0000] {dagbag.py:532} INFO - Filling up the DagBag from /home/airflow/.local/lib/python3.7/site-packages/airflow/example_dags/example_task_group.py
[2023-03-29T03:41:47.710+0000] {processor.py:753} INFO - DAG(s) dict_keys(['example_task_group']) retrieved from /home/airflow/.local/lib/python3.7/site-packages/airflow/example_dags/example_task_group.py
[2023-03-29T03:41:47.728+0000] {logging_mixin.py:137} INFO - [2023-03-29T03:41:47.728+0000] {dag.py:2693} INFO - Sync 1 DAGs
[2023-03-29T03:41:47.748+0000] {logging_mixin.py:137} INFO - [2023-03-29T03:41:47.748+0000] {dag.py:3444} INFO - Setting next_dagrun for example_task_group to 2023-03-28T03:41:47.747925+00:00, run_after=2023-03-29T03:41:47.747925+00:00
[2023-03-29T03:41:47.760+0000] {processor.py:175} INFO - Processing /home/airflow/.local/lib/python3.7/site-packages/airflow/example_dags/example_task_group.py took 0.066 seconds
[2023-03-29T03:42:18.156+0000] {processor.py:153} INFO - Started process (PID=1581) to work on /home/airflow/.local/lib/python3.7/site-packages/airflow/example_dags/example_task_group.py
[2023-03-29T03:42:18.158+0000] {processor.py:743} INFO - Processing file /home/airflow/.local/lib/python3.7/site-packages/airflow/example_dags/example_task_group.py for tasks to queue
[2023-03-29T03:42:18.159+0000] {logging_mixin.py:137} INFO - [2023-03-29T03:42:18.159+0000] {dagbag.py:532} INFO - Filling up the DagBag from /home/airflow/.local/lib/python3.7/site-packages/airflow/example_dags/example_task_group.py
[2023-03-29T03:42:18.170+0000] {processor.py:753} INFO - DAG(s) dict_keys(['example_task_group']) retrieved from /home/airflow/.local/lib/python3.7/site-packages/airflow/example_dags/example_task_group.py
[2023-03-29T03:42:18.188+0000] {logging_mixin.py:137} INFO - [2023-03-29T03:42:18.188+0000] {dag.py:2693} INFO - Sync 1 DAGs
[2023-03-29T03:42:18.204+0000] {logging_mixin.py:137} INFO - [2023-03-29T03:42:18.204+0000] {dag.py:3444} INFO - Setting next_dagrun for example_task_group to 2023-03-28T03:42:18.204399+00:00, run_after=2023-03-29T03:42:18.204399+00:00
[2023-03-29T03:42:18.218+0000] {processor.py:175} INFO - Processing /home/airflow/.local/lib/python3.7/site-packages/airflow/example_dags/example_task_group.py took 0.064 seconds
[2023-03-29T03:42:48.729+0000] {processor.py:153} INFO - Started process (PID=1630) to work on /home/airflow/.local/lib/python3.7/site-packages/airflow/example_dags/example_task_group.py
[2023-03-29T03:42:48.730+0000] {processor.py:743} INFO - Processing file /home/airflow/.local/lib/python3.7/site-packages/airflow/example_dags/example_task_group.py for tasks to queue
[2023-03-29T03:42:48.731+0000] {logging_mixin.py:137} INFO - [2023-03-29T03:42:48.731+0000] {dagbag.py:532} INFO - Filling up the DagBag from /home/airflow/.local/lib/python3.7/site-packages/airflow/example_dags/example_task_group.py
[2023-03-29T03:42:48.744+0000] {processor.py:753} INFO - DAG(s) dict_keys(['example_task_group']) retrieved from /home/airflow/.local/lib/python3.7/site-packages/airflow/example_dags/example_task_group.py
[2023-03-29T03:42:48.762+0000] {logging_mixin.py:137} INFO - [2023-03-29T03:42:48.762+0000] {dag.py:2693} INFO - Sync 1 DAGs
[2023-03-29T03:42:48.781+0000] {logging_mixin.py:137} INFO - [2023-03-29T03:42:48.781+0000] {dag.py:3444} INFO - Setting next_dagrun for example_task_group to 2023-03-28T03:42:48.780932+00:00, run_after=2023-03-29T03:42:48.780932+00:00
[2023-03-29T03:42:48.797+0000] {processor.py:175} INFO - Processing /home/airflow/.local/lib/python3.7/site-packages/airflow/example_dags/example_task_group.py took 0.071 seconds
[2023-03-29T03:43:19.351+0000] {processor.py:153} INFO - Started process (PID=1679) to work on /home/airflow/.local/lib/python3.7/site-packages/airflow/example_dags/example_task_group.py
[2023-03-29T03:43:19.353+0000] {processor.py:743} INFO - Processing file /home/airflow/.local/lib/python3.7/site-packages/airflow/example_dags/example_task_group.py for tasks to queue
[2023-03-29T03:43:19.354+0000] {logging_mixin.py:137} INFO - [2023-03-29T03:43:19.354+0000] {dagbag.py:532} INFO - Filling up the DagBag from /home/airflow/.local/lib/python3.7/site-packages/airflow/example_dags/example_task_group.py
[2023-03-29T03:43:19.366+0000] {processor.py:753} INFO - DAG(s) dict_keys(['example_task_group']) retrieved from /home/airflow/.local/lib/python3.7/site-packages/airflow/example_dags/example_task_group.py
[2023-03-29T03:43:19.386+0000] {logging_mixin.py:137} INFO - [2023-03-29T03:43:19.386+0000] {dag.py:2693} INFO - Sync 1 DAGs
[2023-03-29T03:43:19.407+0000] {logging_mixin.py:137} INFO - [2023-03-29T03:43:19.407+0000] {dag.py:3444} INFO - Setting next_dagrun for example_task_group to 2023-03-28T03:43:19.407732+00:00, run_after=2023-03-29T03:43:19.407732+00:00
[2023-03-29T03:43:19.423+0000] {processor.py:175} INFO - Processing /home/airflow/.local/lib/python3.7/site-packages/airflow/example_dags/example_task_group.py took 0.075 seconds
[2023-03-29T03:43:50.221+0000] {processor.py:153} INFO - Started process (PID=1728) to work on /home/airflow/.local/lib/python3.7/site-packages/airflow/example_dags/example_task_group.py
[2023-03-29T03:43:50.227+0000] {processor.py:743} INFO - Processing file /home/airflow/.local/lib/python3.7/site-packages/airflow/example_dags/example_task_group.py for tasks to queue
[2023-03-29T03:43:50.231+0000] {logging_mixin.py:137} INFO - [2023-03-29T03:43:50.230+0000] {dagbag.py:532} INFO - Filling up the DagBag from /home/airflow/.local/lib/python3.7/site-packages/airflow/example_dags/example_task_group.py
[2023-03-29T03:43:50.246+0000] {processor.py:753} INFO - DAG(s) dict_keys(['example_task_group']) retrieved from /home/airflow/.local/lib/python3.7/site-packages/airflow/example_dags/example_task_group.py
[2023-03-29T03:43:50.264+0000] {logging_mixin.py:137} INFO - [2023-03-29T03:43:50.264+0000] {dag.py:2693} INFO - Sync 1 DAGs
[2023-03-29T03:43:50.280+0000] {logging_mixin.py:137} INFO - [2023-03-29T03:43:50.280+0000] {dag.py:3444} INFO - Setting next_dagrun for example_task_group to 2023-03-28T03:43:50.280367+00:00, run_after=2023-03-29T03:43:50.280367+00:00
[2023-03-29T03:43:50.297+0000] {processor.py:175} INFO - Processing /home/airflow/.local/lib/python3.7/site-packages/airflow/example_dags/example_task_group.py took 0.078 seconds
[2023-03-29T03:44:21.355+0000] {processor.py:153} INFO - Started process (PID=1784) to work on /home/airflow/.local/lib/python3.7/site-packages/airflow/example_dags/example_task_group.py
[2023-03-29T03:44:21.357+0000] {processor.py:743} INFO - Processing file /home/airflow/.local/lib/python3.7/site-packages/airflow/example_dags/example_task_group.py for tasks to queue
[2023-03-29T03:44:21.358+0000] {logging_mixin.py:137} INFO - [2023-03-29T03:44:21.358+0000] {dagbag.py:532} INFO - Filling up the DagBag from /home/airflow/.local/lib/python3.7/site-packages/airflow/example_dags/example_task_group.py
[2023-03-29T03:44:21.368+0000] {processor.py:753} INFO - DAG(s) dict_keys(['example_task_group']) retrieved from /home/airflow/.local/lib/python3.7/site-packages/airflow/example_dags/example_task_group.py
[2023-03-29T03:44:21.392+0000] {logging_mixin.py:137} INFO - [2023-03-29T03:44:21.392+0000] {dag.py:2693} INFO - Sync 1 DAGs
[2023-03-29T03:44:21.418+0000] {logging_mixin.py:137} INFO - [2023-03-29T03:44:21.418+0000] {dag.py:3444} INFO - Setting next_dagrun for example_task_group to 2023-03-28T03:44:21.418188+00:00, run_after=2023-03-29T03:44:21.418188+00:00
[2023-03-29T03:44:21.438+0000] {processor.py:175} INFO - Processing /home/airflow/.local/lib/python3.7/site-packages/airflow/example_dags/example_task_group.py took 0.086 seconds
[2023-03-29T03:44:52.046+0000] {processor.py:153} INFO - Started process (PID=1833) to work on /home/airflow/.local/lib/python3.7/site-packages/airflow/example_dags/example_task_group.py
[2023-03-29T03:44:52.048+0000] {processor.py:743} INFO - Processing file /home/airflow/.local/lib/python3.7/site-packages/airflow/example_dags/example_task_group.py for tasks to queue
[2023-03-29T03:44:52.052+0000] {logging_mixin.py:137} INFO - [2023-03-29T03:44:52.052+0000] {dagbag.py:532} INFO - Filling up the DagBag from /home/airflow/.local/lib/python3.7/site-packages/airflow/example_dags/example_task_group.py
[2023-03-29T03:44:52.075+0000] {processor.py:753} INFO - DAG(s) dict_keys(['example_task_group']) retrieved from /home/airflow/.local/lib/python3.7/site-packages/airflow/example_dags/example_task_group.py
[2023-03-29T03:44:52.105+0000] {logging_mixin.py:137} INFO - [2023-03-29T03:44:52.104+0000] {dag.py:2693} INFO - Sync 1 DAGs
[2023-03-29T03:44:52.140+0000] {logging_mixin.py:137} INFO - [2023-03-29T03:44:52.140+0000] {dag.py:3444} INFO - Setting next_dagrun for example_task_group to 2023-03-28T03:44:52.139828+00:00, run_after=2023-03-29T03:44:52.139828+00:00
[2023-03-29T03:44:52.178+0000] {processor.py:175} INFO - Processing /home/airflow/.local/lib/python3.7/site-packages/airflow/example_dags/example_task_group.py took 0.137 seconds
[2023-03-29T03:45:22.411+0000] {processor.py:153} INFO - Started process (PID=1882) to work on /home/airflow/.local/lib/python3.7/site-packages/airflow/example_dags/example_task_group.py
[2023-03-29T03:45:22.413+0000] {processor.py:743} INFO - Processing file /home/airflow/.local/lib/python3.7/site-packages/airflow/example_dags/example_task_group.py for tasks to queue
[2023-03-29T03:45:22.414+0000] {logging_mixin.py:137} INFO - [2023-03-29T03:45:22.414+0000] {dagbag.py:532} INFO - Filling up the DagBag from /home/airflow/.local/lib/python3.7/site-packages/airflow/example_dags/example_task_group.py
[2023-03-29T03:45:22.426+0000] {processor.py:753} INFO - DAG(s) dict_keys(['example_task_group']) retrieved from /home/airflow/.local/lib/python3.7/site-packages/airflow/example_dags/example_task_group.py
[2023-03-29T03:45:22.459+0000] {logging_mixin.py:137} INFO - [2023-03-29T03:45:22.458+0000] {dag.py:2693} INFO - Sync 1 DAGs
[2023-03-29T03:45:22.486+0000] {logging_mixin.py:137} INFO - [2023-03-29T03:45:22.486+0000] {dag.py:3444} INFO - Setting next_dagrun for example_task_group to 2023-03-28T03:45:22.486040+00:00, run_after=2023-03-29T03:45:22.486040+00:00
[2023-03-29T03:45:22.513+0000] {processor.py:175} INFO - Processing /home/airflow/.local/lib/python3.7/site-packages/airflow/example_dags/example_task_group.py took 0.104 seconds
[2023-03-29T03:45:52.781+0000] {processor.py:153} INFO - Started process (PID=1932) to work on /home/airflow/.local/lib/python3.7/site-packages/airflow/example_dags/example_task_group.py
[2023-03-29T03:45:52.782+0000] {processor.py:743} INFO - Processing file /home/airflow/.local/lib/python3.7/site-packages/airflow/example_dags/example_task_group.py for tasks to queue
[2023-03-29T03:45:52.783+0000] {logging_mixin.py:137} INFO - [2023-03-29T03:45:52.783+0000] {dagbag.py:532} INFO - Filling up the DagBag from /home/airflow/.local/lib/python3.7/site-packages/airflow/example_dags/example_task_group.py
[2023-03-29T03:45:52.794+0000] {processor.py:753} INFO - DAG(s) dict_keys(['example_task_group']) retrieved from /home/airflow/.local/lib/python3.7/site-packages/airflow/example_dags/example_task_group.py
[2023-03-29T03:45:52.815+0000] {logging_mixin.py:137} INFO - [2023-03-29T03:45:52.815+0000] {dag.py:2693} INFO - Sync 1 DAGs
[2023-03-29T03:45:52.835+0000] {logging_mixin.py:137} INFO - [2023-03-29T03:45:52.835+0000] {dag.py:3444} INFO - Setting next_dagrun for example_task_group to 2023-03-28T03:45:52.835032+00:00, run_after=2023-03-29T03:45:52.835032+00:00
[2023-03-29T03:45:52.851+0000] {processor.py:175} INFO - Processing /home/airflow/.local/lib/python3.7/site-packages/airflow/example_dags/example_task_group.py took 0.073 seconds
[2023-03-29T03:46:23.501+0000] {processor.py:153} INFO - Started process (PID=1981) to work on /home/airflow/.local/lib/python3.7/site-packages/airflow/example_dags/example_task_group.py
[2023-03-29T03:46:23.503+0000] {processor.py:743} INFO - Processing file /home/airflow/.local/lib/python3.7/site-packages/airflow/example_dags/example_task_group.py for tasks to queue
[2023-03-29T03:46:23.504+0000] {logging_mixin.py:137} INFO - [2023-03-29T03:46:23.504+0000] {dagbag.py:532} INFO - Filling up the DagBag from /home/airflow/.local/lib/python3.7/site-packages/airflow/example_dags/example_task_group.py
[2023-03-29T03:46:23.515+0000] {processor.py:753} INFO - DAG(s) dict_keys(['example_task_group']) retrieved from /home/airflow/.local/lib/python3.7/site-packages/airflow/example_dags/example_task_group.py
[2023-03-29T03:46:23.536+0000] {logging_mixin.py:137} INFO - [2023-03-29T03:46:23.536+0000] {dag.py:2693} INFO - Sync 1 DAGs
[2023-03-29T03:46:23.554+0000] {logging_mixin.py:137} INFO - [2023-03-29T03:46:23.554+0000] {dag.py:3444} INFO - Setting next_dagrun for example_task_group to 2023-03-28T03:46:23.554060+00:00, run_after=2023-03-29T03:46:23.554060+00:00
[2023-03-29T03:46:23.571+0000] {processor.py:175} INFO - Processing /home/airflow/.local/lib/python3.7/site-packages/airflow/example_dags/example_task_group.py took 0.072 seconds
[2023-03-29T03:46:54.108+0000] {processor.py:153} INFO - Started process (PID=2031) to work on /home/airflow/.local/lib/python3.7/site-packages/airflow/example_dags/example_task_group.py
[2023-03-29T03:46:54.110+0000] {processor.py:743} INFO - Processing file /home/airflow/.local/lib/python3.7/site-packages/airflow/example_dags/example_task_group.py for tasks to queue
[2023-03-29T03:46:54.111+0000] {logging_mixin.py:137} INFO - [2023-03-29T03:46:54.110+0000] {dagbag.py:532} INFO - Filling up the DagBag from /home/airflow/.local/lib/python3.7/site-packages/airflow/example_dags/example_task_group.py
[2023-03-29T03:46:54.121+0000] {processor.py:753} INFO - DAG(s) dict_keys(['example_task_group']) retrieved from /home/airflow/.local/lib/python3.7/site-packages/airflow/example_dags/example_task_group.py
[2023-03-29T03:46:54.139+0000] {logging_mixin.py:137} INFO - [2023-03-29T03:46:54.139+0000] {dag.py:2693} INFO - Sync 1 DAGs
[2023-03-29T03:46:54.156+0000] {logging_mixin.py:137} INFO - [2023-03-29T03:46:54.155+0000] {dag.py:3444} INFO - Setting next_dagrun for example_task_group to 2023-03-28T03:46:54.155754+00:00, run_after=2023-03-29T03:46:54.155754+00:00
[2023-03-29T03:46:54.170+0000] {processor.py:175} INFO - Processing /home/airflow/.local/lib/python3.7/site-packages/airflow/example_dags/example_task_group.py took 0.064 seconds
[2023-03-29T03:47:24.720+0000] {processor.py:153} INFO - Started process (PID=2081) to work on /home/airflow/.local/lib/python3.7/site-packages/airflow/example_dags/example_task_group.py
[2023-03-29T03:47:24.721+0000] {processor.py:743} INFO - Processing file /home/airflow/.local/lib/python3.7/site-packages/airflow/example_dags/example_task_group.py for tasks to queue
[2023-03-29T03:47:24.722+0000] {logging_mixin.py:137} INFO - [2023-03-29T03:47:24.722+0000] {dagbag.py:532} INFO - Filling up the DagBag from /home/airflow/.local/lib/python3.7/site-packages/airflow/example_dags/example_task_group.py
[2023-03-29T03:47:24.733+0000] {processor.py:753} INFO - DAG(s) dict_keys(['example_task_group']) retrieved from /home/airflow/.local/lib/python3.7/site-packages/airflow/example_dags/example_task_group.py
[2023-03-29T03:47:24.756+0000] {logging_mixin.py:137} INFO - [2023-03-29T03:47:24.756+0000] {dag.py:2693} INFO - Sync 1 DAGs
[2023-03-29T03:47:24.774+0000] {logging_mixin.py:137} INFO - [2023-03-29T03:47:24.774+0000] {dag.py:3444} INFO - Setting next_dagrun for example_task_group to 2023-03-28T03:47:24.774304+00:00, run_after=2023-03-29T03:47:24.774304+00:00
[2023-03-29T03:47:24.788+0000] {processor.py:175} INFO - Processing /home/airflow/.local/lib/python3.7/site-packages/airflow/example_dags/example_task_group.py took 0.072 seconds
