[2023-03-29T03:26:28.874+0000] {processor.py:153} INFO - Started process (PID=72) to work on /home/airflow/.local/lib/python3.7/site-packages/airflow/example_dags/example_short_circuit_decorator.py
[2023-03-29T03:26:28.875+0000] {processor.py:743} INFO - Processing file /home/airflow/.local/lib/python3.7/site-packages/airflow/example_dags/example_short_circuit_decorator.py for tasks to queue
[2023-03-29T03:26:28.876+0000] {logging_mixin.py:137} INFO - [2023-03-29T03:26:28.876+0000] {dagbag.py:532} INFO - Filling up the DagBag from /home/airflow/.local/lib/python3.7/site-packages/airflow/example_dags/example_short_circuit_decorator.py
[2023-03-29T03:26:28.898+0000] {processor.py:753} INFO - DAG(s) dict_keys(['example_short_circuit_decorator']) retrieved from /home/airflow/.local/lib/python3.7/site-packages/airflow/example_dags/example_short_circuit_decorator.py
[2023-03-29T03:26:28.909+0000] {logging_mixin.py:137} INFO - [2023-03-29T03:26:28.909+0000] {dag.py:2693} INFO - Sync 1 DAGs
[2023-03-29T03:26:28.928+0000] {logging_mixin.py:137} INFO - [2023-03-29T03:26:28.928+0000] {dag.py:3444} INFO - Setting next_dagrun for example_short_circuit_decorator to 2023-03-28T03:26:28.927853+00:00, run_after=2023-03-29T03:26:28.927853+00:00
[2023-03-29T03:26:28.962+0000] {processor.py:175} INFO - Processing /home/airflow/.local/lib/python3.7/site-packages/airflow/example_dags/example_short_circuit_decorator.py took 0.091 seconds
[2023-03-29T03:26:59.441+0000] {processor.py:153} INFO - Started process (PID=121) to work on /home/airflow/.local/lib/python3.7/site-packages/airflow/example_dags/example_short_circuit_decorator.py
[2023-03-29T03:26:59.443+0000] {processor.py:743} INFO - Processing file /home/airflow/.local/lib/python3.7/site-packages/airflow/example_dags/example_short_circuit_decorator.py for tasks to queue
[2023-03-29T03:26:59.444+0000] {logging_mixin.py:137} INFO - [2023-03-29T03:26:59.444+0000] {dagbag.py:532} INFO - Filling up the DagBag from /home/airflow/.local/lib/python3.7/site-packages/airflow/example_dags/example_short_circuit_decorator.py
[2023-03-29T03:26:59.460+0000] {processor.py:753} INFO - DAG(s) dict_keys(['example_short_circuit_decorator']) retrieved from /home/airflow/.local/lib/python3.7/site-packages/airflow/example_dags/example_short_circuit_decorator.py
[2023-03-29T03:26:59.478+0000] {logging_mixin.py:137} INFO - [2023-03-29T03:26:59.477+0000] {dag.py:2693} INFO - Sync 1 DAGs
[2023-03-29T03:26:59.493+0000] {logging_mixin.py:137} INFO - [2023-03-29T03:26:59.493+0000] {dag.py:3444} INFO - Setting next_dagrun for example_short_circuit_decorator to 2023-03-28T03:26:59.493604+00:00, run_after=2023-03-29T03:26:59.493604+00:00
[2023-03-29T03:26:59.506+0000] {processor.py:175} INFO - Processing /home/airflow/.local/lib/python3.7/site-packages/airflow/example_dags/example_short_circuit_decorator.py took 0.067 seconds
[2023-03-29T03:27:30.261+0000] {processor.py:153} INFO - Started process (PID=170) to work on /home/airflow/.local/lib/python3.7/site-packages/airflow/example_dags/example_short_circuit_decorator.py
[2023-03-29T03:27:30.263+0000] {processor.py:743} INFO - Processing file /home/airflow/.local/lib/python3.7/site-packages/airflow/example_dags/example_short_circuit_decorator.py for tasks to queue
[2023-03-29T03:27:30.265+0000] {logging_mixin.py:137} INFO - [2023-03-29T03:27:30.265+0000] {dagbag.py:532} INFO - Filling up the DagBag from /home/airflow/.local/lib/python3.7/site-packages/airflow/example_dags/example_short_circuit_decorator.py
[2023-03-29T03:27:30.290+0000] {processor.py:753} INFO - DAG(s) dict_keys(['example_short_circuit_decorator']) retrieved from /home/airflow/.local/lib/python3.7/site-packages/airflow/example_dags/example_short_circuit_decorator.py
[2023-03-29T03:27:30.316+0000] {logging_mixin.py:137} INFO - [2023-03-29T03:27:30.316+0000] {dag.py:2693} INFO - Sync 1 DAGs
[2023-03-29T03:27:30.338+0000] {logging_mixin.py:137} INFO - [2023-03-29T03:27:30.338+0000] {dag.py:3444} INFO - Setting next_dagrun for example_short_circuit_decorator to 2023-03-28T03:27:30.337812+00:00, run_after=2023-03-29T03:27:30.337812+00:00
[2023-03-29T03:27:30.363+0000] {processor.py:175} INFO - Processing /home/airflow/.local/lib/python3.7/site-packages/airflow/example_dags/example_short_circuit_decorator.py took 0.105 seconds
[2023-03-29T03:28:00.679+0000] {processor.py:153} INFO - Started process (PID=219) to work on /home/airflow/.local/lib/python3.7/site-packages/airflow/example_dags/example_short_circuit_decorator.py
[2023-03-29T03:28:00.680+0000] {processor.py:743} INFO - Processing file /home/airflow/.local/lib/python3.7/site-packages/airflow/example_dags/example_short_circuit_decorator.py for tasks to queue
[2023-03-29T03:28:00.681+0000] {logging_mixin.py:137} INFO - [2023-03-29T03:28:00.681+0000] {dagbag.py:532} INFO - Filling up the DagBag from /home/airflow/.local/lib/python3.7/site-packages/airflow/example_dags/example_short_circuit_decorator.py
[2023-03-29T03:28:00.697+0000] {processor.py:753} INFO - DAG(s) dict_keys(['example_short_circuit_decorator']) retrieved from /home/airflow/.local/lib/python3.7/site-packages/airflow/example_dags/example_short_circuit_decorator.py
[2023-03-29T03:28:00.715+0000] {logging_mixin.py:137} INFO - [2023-03-29T03:28:00.715+0000] {dag.py:2693} INFO - Sync 1 DAGs
[2023-03-29T03:28:00.730+0000] {logging_mixin.py:137} INFO - [2023-03-29T03:28:00.730+0000] {dag.py:3444} INFO - Setting next_dagrun for example_short_circuit_decorator to 2023-03-28T03:28:00.730248+00:00, run_after=2023-03-29T03:28:00.730248+00:00
[2023-03-29T03:28:00.743+0000] {processor.py:175} INFO - Processing /home/airflow/.local/lib/python3.7/site-packages/airflow/example_dags/example_short_circuit_decorator.py took 0.067 seconds
[2023-03-29T03:28:31.216+0000] {processor.py:153} INFO - Started process (PID=268) to work on /home/airflow/.local/lib/python3.7/site-packages/airflow/example_dags/example_short_circuit_decorator.py
[2023-03-29T03:28:31.218+0000] {processor.py:743} INFO - Processing file /home/airflow/.local/lib/python3.7/site-packages/airflow/example_dags/example_short_circuit_decorator.py for tasks to queue
[2023-03-29T03:28:31.219+0000] {logging_mixin.py:137} INFO - [2023-03-29T03:28:31.219+0000] {dagbag.py:532} INFO - Filling up the DagBag from /home/airflow/.local/lib/python3.7/site-packages/airflow/example_dags/example_short_circuit_decorator.py
[2023-03-29T03:28:31.238+0000] {processor.py:753} INFO - DAG(s) dict_keys(['example_short_circuit_decorator']) retrieved from /home/airflow/.local/lib/python3.7/site-packages/airflow/example_dags/example_short_circuit_decorator.py
[2023-03-29T03:28:31.258+0000] {logging_mixin.py:137} INFO - [2023-03-29T03:28:31.258+0000] {dag.py:2693} INFO - Sync 1 DAGs
[2023-03-29T03:28:31.282+0000] {logging_mixin.py:137} INFO - [2023-03-29T03:28:31.281+0000] {dag.py:3444} INFO - Setting next_dagrun for example_short_circuit_decorator to 2023-03-28T03:28:31.281678+00:00, run_after=2023-03-29T03:28:31.281678+00:00
[2023-03-29T03:28:31.301+0000] {processor.py:175} INFO - Processing /home/airflow/.local/lib/python3.7/site-packages/airflow/example_dags/example_short_circuit_decorator.py took 0.089 seconds
[2023-03-29T03:29:01.713+0000] {processor.py:153} INFO - Started process (PID=317) to work on /home/airflow/.local/lib/python3.7/site-packages/airflow/example_dags/example_short_circuit_decorator.py
[2023-03-29T03:29:01.715+0000] {processor.py:743} INFO - Processing file /home/airflow/.local/lib/python3.7/site-packages/airflow/example_dags/example_short_circuit_decorator.py for tasks to queue
[2023-03-29T03:29:01.716+0000] {logging_mixin.py:137} INFO - [2023-03-29T03:29:01.716+0000] {dagbag.py:532} INFO - Filling up the DagBag from /home/airflow/.local/lib/python3.7/site-packages/airflow/example_dags/example_short_circuit_decorator.py
[2023-03-29T03:29:01.732+0000] {processor.py:753} INFO - DAG(s) dict_keys(['example_short_circuit_decorator']) retrieved from /home/airflow/.local/lib/python3.7/site-packages/airflow/example_dags/example_short_circuit_decorator.py
[2023-03-29T03:29:01.750+0000] {logging_mixin.py:137} INFO - [2023-03-29T03:29:01.750+0000] {dag.py:2693} INFO - Sync 1 DAGs
[2023-03-29T03:29:01.768+0000] {logging_mixin.py:137} INFO - [2023-03-29T03:29:01.768+0000] {dag.py:3444} INFO - Setting next_dagrun for example_short_circuit_decorator to 2023-03-28T03:29:01.767939+00:00, run_after=2023-03-29T03:29:01.767939+00:00
[2023-03-29T03:29:01.783+0000] {processor.py:175} INFO - Processing /home/airflow/.local/lib/python3.7/site-packages/airflow/example_dags/example_short_circuit_decorator.py took 0.071 seconds
[2023-03-29T03:29:32.402+0000] {processor.py:153} INFO - Started process (PID=366) to work on /home/airflow/.local/lib/python3.7/site-packages/airflow/example_dags/example_short_circuit_decorator.py
[2023-03-29T03:29:32.404+0000] {processor.py:743} INFO - Processing file /home/airflow/.local/lib/python3.7/site-packages/airflow/example_dags/example_short_circuit_decorator.py for tasks to queue
[2023-03-29T03:29:32.405+0000] {logging_mixin.py:137} INFO - [2023-03-29T03:29:32.405+0000] {dagbag.py:532} INFO - Filling up the DagBag from /home/airflow/.local/lib/python3.7/site-packages/airflow/example_dags/example_short_circuit_decorator.py
[2023-03-29T03:29:32.422+0000] {processor.py:753} INFO - DAG(s) dict_keys(['example_short_circuit_decorator']) retrieved from /home/airflow/.local/lib/python3.7/site-packages/airflow/example_dags/example_short_circuit_decorator.py
[2023-03-29T03:29:32.441+0000] {logging_mixin.py:137} INFO - [2023-03-29T03:29:32.441+0000] {dag.py:2693} INFO - Sync 1 DAGs
[2023-03-29T03:29:32.458+0000] {logging_mixin.py:137} INFO - [2023-03-29T03:29:32.458+0000] {dag.py:3444} INFO - Setting next_dagrun for example_short_circuit_decorator to 2023-03-28T03:29:32.457896+00:00, run_after=2023-03-29T03:29:32.457896+00:00
[2023-03-29T03:29:32.474+0000] {processor.py:175} INFO - Processing /home/airflow/.local/lib/python3.7/site-packages/airflow/example_dags/example_short_circuit_decorator.py took 0.083 seconds
[2023-03-29T03:30:02.611+0000] {processor.py:153} INFO - Started process (PID=415) to work on /home/airflow/.local/lib/python3.7/site-packages/airflow/example_dags/example_short_circuit_decorator.py
[2023-03-29T03:30:02.613+0000] {processor.py:743} INFO - Processing file /home/airflow/.local/lib/python3.7/site-packages/airflow/example_dags/example_short_circuit_decorator.py for tasks to queue
[2023-03-29T03:30:02.614+0000] {logging_mixin.py:137} INFO - [2023-03-29T03:30:02.614+0000] {dagbag.py:532} INFO - Filling up the DagBag from /home/airflow/.local/lib/python3.7/site-packages/airflow/example_dags/example_short_circuit_decorator.py
[2023-03-29T03:30:02.630+0000] {processor.py:753} INFO - DAG(s) dict_keys(['example_short_circuit_decorator']) retrieved from /home/airflow/.local/lib/python3.7/site-packages/airflow/example_dags/example_short_circuit_decorator.py
[2023-03-29T03:30:02.651+0000] {logging_mixin.py:137} INFO - [2023-03-29T03:30:02.651+0000] {dag.py:2693} INFO - Sync 1 DAGs
[2023-03-29T03:30:02.675+0000] {logging_mixin.py:137} INFO - [2023-03-29T03:30:02.675+0000] {dag.py:3444} INFO - Setting next_dagrun for example_short_circuit_decorator to 2023-03-28T03:30:02.675282+00:00, run_after=2023-03-29T03:30:02.675282+00:00
[2023-03-29T03:30:02.691+0000] {processor.py:175} INFO - Processing /home/airflow/.local/lib/python3.7/site-packages/airflow/example_dags/example_short_circuit_decorator.py took 0.082 seconds
[2023-03-29T03:30:33.736+0000] {processor.py:153} INFO - Started process (PID=464) to work on /home/airflow/.local/lib/python3.7/site-packages/airflow/example_dags/example_short_circuit_decorator.py
[2023-03-29T03:30:33.737+0000] {processor.py:743} INFO - Processing file /home/airflow/.local/lib/python3.7/site-packages/airflow/example_dags/example_short_circuit_decorator.py for tasks to queue
[2023-03-29T03:30:33.739+0000] {logging_mixin.py:137} INFO - [2023-03-29T03:30:33.739+0000] {dagbag.py:532} INFO - Filling up the DagBag from /home/airflow/.local/lib/python3.7/site-packages/airflow/example_dags/example_short_circuit_decorator.py
[2023-03-29T03:30:33.756+0000] {processor.py:753} INFO - DAG(s) dict_keys(['example_short_circuit_decorator']) retrieved from /home/airflow/.local/lib/python3.7/site-packages/airflow/example_dags/example_short_circuit_decorator.py
[2023-03-29T03:30:33.783+0000] {logging_mixin.py:137} INFO - [2023-03-29T03:30:33.783+0000] {dag.py:2693} INFO - Sync 1 DAGs
[2023-03-29T03:30:33.807+0000] {logging_mixin.py:137} INFO - [2023-03-29T03:30:33.807+0000] {dag.py:3444} INFO - Setting next_dagrun for example_short_circuit_decorator to 2023-03-28T03:30:33.807047+00:00, run_after=2023-03-29T03:30:33.807047+00:00
[2023-03-29T03:30:33.822+0000] {processor.py:175} INFO - Processing /home/airflow/.local/lib/python3.7/site-packages/airflow/example_dags/example_short_circuit_decorator.py took 0.088 seconds
[2023-03-29T03:31:04.691+0000] {processor.py:153} INFO - Started process (PID=513) to work on /home/airflow/.local/lib/python3.7/site-packages/airflow/example_dags/example_short_circuit_decorator.py
[2023-03-29T03:31:04.694+0000] {processor.py:743} INFO - Processing file /home/airflow/.local/lib/python3.7/site-packages/airflow/example_dags/example_short_circuit_decorator.py for tasks to queue
[2023-03-29T03:31:04.695+0000] {logging_mixin.py:137} INFO - [2023-03-29T03:31:04.695+0000] {dagbag.py:532} INFO - Filling up the DagBag from /home/airflow/.local/lib/python3.7/site-packages/airflow/example_dags/example_short_circuit_decorator.py
[2023-03-29T03:31:04.729+0000] {processor.py:753} INFO - DAG(s) dict_keys(['example_short_circuit_decorator']) retrieved from /home/airflow/.local/lib/python3.7/site-packages/airflow/example_dags/example_short_circuit_decorator.py
[2023-03-29T03:31:04.790+0000] {logging_mixin.py:137} INFO - [2023-03-29T03:31:04.790+0000] {dag.py:2693} INFO - Sync 1 DAGs
[2023-03-29T03:31:04.831+0000] {logging_mixin.py:137} INFO - [2023-03-29T03:31:04.831+0000] {dag.py:3444} INFO - Setting next_dagrun for example_short_circuit_decorator to 2023-03-28T03:31:04.831311+00:00, run_after=2023-03-29T03:31:04.831311+00:00
[2023-03-29T03:31:04.849+0000] {processor.py:175} INFO - Processing /home/airflow/.local/lib/python3.7/site-packages/airflow/example_dags/example_short_circuit_decorator.py took 0.161 seconds
[2023-03-29T03:31:35.591+0000] {processor.py:153} INFO - Started process (PID=562) to work on /home/airflow/.local/lib/python3.7/site-packages/airflow/example_dags/example_short_circuit_decorator.py
[2023-03-29T03:31:35.594+0000] {processor.py:743} INFO - Processing file /home/airflow/.local/lib/python3.7/site-packages/airflow/example_dags/example_short_circuit_decorator.py for tasks to queue
[2023-03-29T03:31:35.597+0000] {logging_mixin.py:137} INFO - [2023-03-29T03:31:35.596+0000] {dagbag.py:532} INFO - Filling up the DagBag from /home/airflow/.local/lib/python3.7/site-packages/airflow/example_dags/example_short_circuit_decorator.py
[2023-03-29T03:31:35.628+0000] {processor.py:753} INFO - DAG(s) dict_keys(['example_short_circuit_decorator']) retrieved from /home/airflow/.local/lib/python3.7/site-packages/airflow/example_dags/example_short_circuit_decorator.py
[2023-03-29T03:31:35.657+0000] {logging_mixin.py:137} INFO - [2023-03-29T03:31:35.656+0000] {dag.py:2693} INFO - Sync 1 DAGs
[2023-03-29T03:31:35.679+0000] {logging_mixin.py:137} INFO - [2023-03-29T03:31:35.679+0000] {dag.py:3444} INFO - Setting next_dagrun for example_short_circuit_decorator to 2023-03-28T03:31:35.679649+00:00, run_after=2023-03-29T03:31:35.679649+00:00
[2023-03-29T03:31:35.697+0000] {processor.py:175} INFO - Processing /home/airflow/.local/lib/python3.7/site-packages/airflow/example_dags/example_short_circuit_decorator.py took 0.111 seconds
[2023-03-29T03:32:06.221+0000] {processor.py:153} INFO - Started process (PID=611) to work on /home/airflow/.local/lib/python3.7/site-packages/airflow/example_dags/example_short_circuit_decorator.py
[2023-03-29T03:32:06.222+0000] {processor.py:743} INFO - Processing file /home/airflow/.local/lib/python3.7/site-packages/airflow/example_dags/example_short_circuit_decorator.py for tasks to queue
[2023-03-29T03:32:06.223+0000] {logging_mixin.py:137} INFO - [2023-03-29T03:32:06.223+0000] {dagbag.py:532} INFO - Filling up the DagBag from /home/airflow/.local/lib/python3.7/site-packages/airflow/example_dags/example_short_circuit_decorator.py
[2023-03-29T03:32:06.241+0000] {processor.py:753} INFO - DAG(s) dict_keys(['example_short_circuit_decorator']) retrieved from /home/airflow/.local/lib/python3.7/site-packages/airflow/example_dags/example_short_circuit_decorator.py
[2023-03-29T03:32:06.259+0000] {logging_mixin.py:137} INFO - [2023-03-29T03:32:06.259+0000] {dag.py:2693} INFO - Sync 1 DAGs
[2023-03-29T03:32:06.276+0000] {logging_mixin.py:137} INFO - [2023-03-29T03:32:06.276+0000] {dag.py:3444} INFO - Setting next_dagrun for example_short_circuit_decorator to 2023-03-28T03:32:06.276158+00:00, run_after=2023-03-29T03:32:06.276158+00:00
[2023-03-29T03:32:06.291+0000] {processor.py:175} INFO - Processing /home/airflow/.local/lib/python3.7/site-packages/airflow/example_dags/example_short_circuit_decorator.py took 0.072 seconds
[2023-03-29T03:32:37.294+0000] {processor.py:153} INFO - Started process (PID=661) to work on /home/airflow/.local/lib/python3.7/site-packages/airflow/example_dags/example_short_circuit_decorator.py
[2023-03-29T03:32:37.295+0000] {processor.py:743} INFO - Processing file /home/airflow/.local/lib/python3.7/site-packages/airflow/example_dags/example_short_circuit_decorator.py for tasks to queue
[2023-03-29T03:32:37.297+0000] {logging_mixin.py:137} INFO - [2023-03-29T03:32:37.297+0000] {dagbag.py:532} INFO - Filling up the DagBag from /home/airflow/.local/lib/python3.7/site-packages/airflow/example_dags/example_short_circuit_decorator.py
[2023-03-29T03:32:37.314+0000] {processor.py:753} INFO - DAG(s) dict_keys(['example_short_circuit_decorator']) retrieved from /home/airflow/.local/lib/python3.7/site-packages/airflow/example_dags/example_short_circuit_decorator.py
[2023-03-29T03:32:37.340+0000] {logging_mixin.py:137} INFO - [2023-03-29T03:32:37.340+0000] {dag.py:2693} INFO - Sync 1 DAGs
[2023-03-29T03:32:37.365+0000] {logging_mixin.py:137} INFO - [2023-03-29T03:32:37.365+0000] {dag.py:3444} INFO - Setting next_dagrun for example_short_circuit_decorator to 2023-03-28T03:32:37.364934+00:00, run_after=2023-03-29T03:32:37.364934+00:00
[2023-03-29T03:32:37.385+0000] {processor.py:175} INFO - Processing /home/airflow/.local/lib/python3.7/site-packages/airflow/example_dags/example_short_circuit_decorator.py took 0.094 seconds
[2023-03-29T03:33:07.984+0000] {processor.py:153} INFO - Started process (PID=710) to work on /home/airflow/.local/lib/python3.7/site-packages/airflow/example_dags/example_short_circuit_decorator.py
[2023-03-29T03:33:07.985+0000] {processor.py:743} INFO - Processing file /home/airflow/.local/lib/python3.7/site-packages/airflow/example_dags/example_short_circuit_decorator.py for tasks to queue
[2023-03-29T03:33:07.987+0000] {logging_mixin.py:137} INFO - [2023-03-29T03:33:07.987+0000] {dagbag.py:532} INFO - Filling up the DagBag from /home/airflow/.local/lib/python3.7/site-packages/airflow/example_dags/example_short_circuit_decorator.py
[2023-03-29T03:33:08.006+0000] {processor.py:753} INFO - DAG(s) dict_keys(['example_short_circuit_decorator']) retrieved from /home/airflow/.local/lib/python3.7/site-packages/airflow/example_dags/example_short_circuit_decorator.py
[2023-03-29T03:33:08.029+0000] {logging_mixin.py:137} INFO - [2023-03-29T03:33:08.029+0000] {dag.py:2693} INFO - Sync 1 DAGs
[2023-03-29T03:33:08.047+0000] {logging_mixin.py:137} INFO - [2023-03-29T03:33:08.047+0000] {dag.py:3444} INFO - Setting next_dagrun for example_short_circuit_decorator to 2023-03-28T03:33:08.047114+00:00, run_after=2023-03-29T03:33:08.047114+00:00
[2023-03-29T03:33:08.063+0000] {processor.py:175} INFO - Processing /home/airflow/.local/lib/python3.7/site-packages/airflow/example_dags/example_short_circuit_decorator.py took 0.082 seconds
[2023-03-29T03:33:38.869+0000] {processor.py:153} INFO - Started process (PID=759) to work on /home/airflow/.local/lib/python3.7/site-packages/airflow/example_dags/example_short_circuit_decorator.py
[2023-03-29T03:33:38.870+0000] {processor.py:743} INFO - Processing file /home/airflow/.local/lib/python3.7/site-packages/airflow/example_dags/example_short_circuit_decorator.py for tasks to queue
[2023-03-29T03:33:38.873+0000] {logging_mixin.py:137} INFO - [2023-03-29T03:33:38.873+0000] {dagbag.py:532} INFO - Filling up the DagBag from /home/airflow/.local/lib/python3.7/site-packages/airflow/example_dags/example_short_circuit_decorator.py
[2023-03-29T03:33:38.888+0000] {processor.py:753} INFO - DAG(s) dict_keys(['example_short_circuit_decorator']) retrieved from /home/airflow/.local/lib/python3.7/site-packages/airflow/example_dags/example_short_circuit_decorator.py
[2023-03-29T03:33:38.909+0000] {logging_mixin.py:137} INFO - [2023-03-29T03:33:38.909+0000] {dag.py:2693} INFO - Sync 1 DAGs
[2023-03-29T03:33:38.928+0000] {logging_mixin.py:137} INFO - [2023-03-29T03:33:38.928+0000] {dag.py:3444} INFO - Setting next_dagrun for example_short_circuit_decorator to 2023-03-28T03:33:38.928256+00:00, run_after=2023-03-29T03:33:38.928256+00:00
[2023-03-29T03:33:38.941+0000] {processor.py:175} INFO - Processing /home/airflow/.local/lib/python3.7/site-packages/airflow/example_dags/example_short_circuit_decorator.py took 0.074 seconds
[2023-03-29T03:34:09.511+0000] {processor.py:153} INFO - Started process (PID=808) to work on /home/airflow/.local/lib/python3.7/site-packages/airflow/example_dags/example_short_circuit_decorator.py
[2023-03-29T03:34:09.513+0000] {processor.py:743} INFO - Processing file /home/airflow/.local/lib/python3.7/site-packages/airflow/example_dags/example_short_circuit_decorator.py for tasks to queue
[2023-03-29T03:34:09.514+0000] {logging_mixin.py:137} INFO - [2023-03-29T03:34:09.513+0000] {dagbag.py:532} INFO - Filling up the DagBag from /home/airflow/.local/lib/python3.7/site-packages/airflow/example_dags/example_short_circuit_decorator.py
[2023-03-29T03:34:09.532+0000] {processor.py:753} INFO - DAG(s) dict_keys(['example_short_circuit_decorator']) retrieved from /home/airflow/.local/lib/python3.7/site-packages/airflow/example_dags/example_short_circuit_decorator.py
[2023-03-29T03:34:09.554+0000] {logging_mixin.py:137} INFO - [2023-03-29T03:34:09.554+0000] {dag.py:2693} INFO - Sync 1 DAGs
[2023-03-29T03:34:09.575+0000] {logging_mixin.py:137} INFO - [2023-03-29T03:34:09.575+0000] {dag.py:3444} INFO - Setting next_dagrun for example_short_circuit_decorator to 2023-03-28T03:34:09.575631+00:00, run_after=2023-03-29T03:34:09.575631+00:00
[2023-03-29T03:34:09.595+0000] {processor.py:175} INFO - Processing /home/airflow/.local/lib/python3.7/site-packages/airflow/example_dags/example_short_circuit_decorator.py took 0.086 seconds
[2023-03-29T03:34:40.111+0000] {processor.py:153} INFO - Started process (PID=858) to work on /home/airflow/.local/lib/python3.7/site-packages/airflow/example_dags/example_short_circuit_decorator.py
[2023-03-29T03:34:40.113+0000] {processor.py:743} INFO - Processing file /home/airflow/.local/lib/python3.7/site-packages/airflow/example_dags/example_short_circuit_decorator.py for tasks to queue
[2023-03-29T03:34:40.114+0000] {logging_mixin.py:137} INFO - [2023-03-29T03:34:40.114+0000] {dagbag.py:532} INFO - Filling up the DagBag from /home/airflow/.local/lib/python3.7/site-packages/airflow/example_dags/example_short_circuit_decorator.py
[2023-03-29T03:34:40.131+0000] {processor.py:753} INFO - DAG(s) dict_keys(['example_short_circuit_decorator']) retrieved from /home/airflow/.local/lib/python3.7/site-packages/airflow/example_dags/example_short_circuit_decorator.py
[2023-03-29T03:34:40.151+0000] {logging_mixin.py:137} INFO - [2023-03-29T03:34:40.150+0000] {dag.py:2693} INFO - Sync 1 DAGs
[2023-03-29T03:34:40.170+0000] {logging_mixin.py:137} INFO - [2023-03-29T03:34:40.170+0000] {dag.py:3444} INFO - Setting next_dagrun for example_short_circuit_decorator to 2023-03-28T03:34:40.170094+00:00, run_after=2023-03-29T03:34:40.170094+00:00
[2023-03-29T03:34:40.189+0000] {processor.py:175} INFO - Processing /home/airflow/.local/lib/python3.7/site-packages/airflow/example_dags/example_short_circuit_decorator.py took 0.080 seconds
[2023-03-29T03:35:10.696+0000] {processor.py:153} INFO - Started process (PID=907) to work on /home/airflow/.local/lib/python3.7/site-packages/airflow/example_dags/example_short_circuit_decorator.py
[2023-03-29T03:35:10.698+0000] {processor.py:743} INFO - Processing file /home/airflow/.local/lib/python3.7/site-packages/airflow/example_dags/example_short_circuit_decorator.py for tasks to queue
[2023-03-29T03:35:10.698+0000] {logging_mixin.py:137} INFO - [2023-03-29T03:35:10.698+0000] {dagbag.py:532} INFO - Filling up the DagBag from /home/airflow/.local/lib/python3.7/site-packages/airflow/example_dags/example_short_circuit_decorator.py
[2023-03-29T03:35:10.718+0000] {processor.py:753} INFO - DAG(s) dict_keys(['example_short_circuit_decorator']) retrieved from /home/airflow/.local/lib/python3.7/site-packages/airflow/example_dags/example_short_circuit_decorator.py
[2023-03-29T03:35:10.740+0000] {logging_mixin.py:137} INFO - [2023-03-29T03:35:10.740+0000] {dag.py:2693} INFO - Sync 1 DAGs
[2023-03-29T03:35:10.758+0000] {logging_mixin.py:137} INFO - [2023-03-29T03:35:10.758+0000] {dag.py:3444} INFO - Setting next_dagrun for example_short_circuit_decorator to 2023-03-28T03:35:10.758106+00:00, run_after=2023-03-29T03:35:10.758106+00:00
[2023-03-29T03:35:10.773+0000] {processor.py:175} INFO - Processing /home/airflow/.local/lib/python3.7/site-packages/airflow/example_dags/example_short_circuit_decorator.py took 0.080 seconds
[2023-03-29T03:35:41.470+0000] {processor.py:153} INFO - Started process (PID=956) to work on /home/airflow/.local/lib/python3.7/site-packages/airflow/example_dags/example_short_circuit_decorator.py
[2023-03-29T03:35:41.473+0000] {processor.py:743} INFO - Processing file /home/airflow/.local/lib/python3.7/site-packages/airflow/example_dags/example_short_circuit_decorator.py for tasks to queue
[2023-03-29T03:35:41.474+0000] {logging_mixin.py:137} INFO - [2023-03-29T03:35:41.474+0000] {dagbag.py:532} INFO - Filling up the DagBag from /home/airflow/.local/lib/python3.7/site-packages/airflow/example_dags/example_short_circuit_decorator.py
[2023-03-29T03:35:41.492+0000] {processor.py:753} INFO - DAG(s) dict_keys(['example_short_circuit_decorator']) retrieved from /home/airflow/.local/lib/python3.7/site-packages/airflow/example_dags/example_short_circuit_decorator.py
[2023-03-29T03:35:41.512+0000] {logging_mixin.py:137} INFO - [2023-03-29T03:35:41.512+0000] {dag.py:2693} INFO - Sync 1 DAGs
[2023-03-29T03:35:41.535+0000] {logging_mixin.py:137} INFO - [2023-03-29T03:35:41.535+0000] {dag.py:3444} INFO - Setting next_dagrun for example_short_circuit_decorator to 2023-03-28T03:35:41.535612+00:00, run_after=2023-03-29T03:35:41.535612+00:00
[2023-03-29T03:35:41.550+0000] {processor.py:175} INFO - Processing /home/airflow/.local/lib/python3.7/site-packages/airflow/example_dags/example_short_circuit_decorator.py took 0.084 seconds
[2023-03-29T03:36:12.208+0000] {processor.py:153} INFO - Started process (PID=1005) to work on /home/airflow/.local/lib/python3.7/site-packages/airflow/example_dags/example_short_circuit_decorator.py
[2023-03-29T03:36:12.211+0000] {processor.py:743} INFO - Processing file /home/airflow/.local/lib/python3.7/site-packages/airflow/example_dags/example_short_circuit_decorator.py for tasks to queue
[2023-03-29T03:36:12.213+0000] {logging_mixin.py:137} INFO - [2023-03-29T03:36:12.213+0000] {dagbag.py:532} INFO - Filling up the DagBag from /home/airflow/.local/lib/python3.7/site-packages/airflow/example_dags/example_short_circuit_decorator.py
[2023-03-29T03:36:12.233+0000] {processor.py:753} INFO - DAG(s) dict_keys(['example_short_circuit_decorator']) retrieved from /home/airflow/.local/lib/python3.7/site-packages/airflow/example_dags/example_short_circuit_decorator.py
[2023-03-29T03:36:12.255+0000] {logging_mixin.py:137} INFO - [2023-03-29T03:36:12.255+0000] {dag.py:2693} INFO - Sync 1 DAGs
[2023-03-29T03:36:12.282+0000] {logging_mixin.py:137} INFO - [2023-03-29T03:36:12.281+0000] {dag.py:3444} INFO - Setting next_dagrun for example_short_circuit_decorator to 2023-03-28T03:36:12.281703+00:00, run_after=2023-03-29T03:36:12.281703+00:00
[2023-03-29T03:36:12.297+0000] {processor.py:175} INFO - Processing /home/airflow/.local/lib/python3.7/site-packages/airflow/example_dags/example_short_circuit_decorator.py took 0.092 seconds
[2023-03-29T03:36:42.899+0000] {processor.py:153} INFO - Started process (PID=1055) to work on /home/airflow/.local/lib/python3.7/site-packages/airflow/example_dags/example_short_circuit_decorator.py
[2023-03-29T03:36:42.901+0000] {processor.py:743} INFO - Processing file /home/airflow/.local/lib/python3.7/site-packages/airflow/example_dags/example_short_circuit_decorator.py for tasks to queue
[2023-03-29T03:36:42.902+0000] {logging_mixin.py:137} INFO - [2023-03-29T03:36:42.902+0000] {dagbag.py:532} INFO - Filling up the DagBag from /home/airflow/.local/lib/python3.7/site-packages/airflow/example_dags/example_short_circuit_decorator.py
[2023-03-29T03:36:42.920+0000] {processor.py:753} INFO - DAG(s) dict_keys(['example_short_circuit_decorator']) retrieved from /home/airflow/.local/lib/python3.7/site-packages/airflow/example_dags/example_short_circuit_decorator.py
[2023-03-29T03:36:42.939+0000] {logging_mixin.py:137} INFO - [2023-03-29T03:36:42.939+0000] {dag.py:2693} INFO - Sync 1 DAGs
[2023-03-29T03:36:42.957+0000] {logging_mixin.py:137} INFO - [2023-03-29T03:36:42.957+0000] {dag.py:3444} INFO - Setting next_dagrun for example_short_circuit_decorator to 2023-03-28T03:36:42.956956+00:00, run_after=2023-03-29T03:36:42.956956+00:00
[2023-03-29T03:36:42.972+0000] {processor.py:175} INFO - Processing /home/airflow/.local/lib/python3.7/site-packages/airflow/example_dags/example_short_circuit_decorator.py took 0.075 seconds
[2023-03-29T03:37:13.542+0000] {processor.py:153} INFO - Started process (PID=1104) to work on /home/airflow/.local/lib/python3.7/site-packages/airflow/example_dags/example_short_circuit_decorator.py
[2023-03-29T03:37:13.545+0000] {processor.py:743} INFO - Processing file /home/airflow/.local/lib/python3.7/site-packages/airflow/example_dags/example_short_circuit_decorator.py for tasks to queue
[2023-03-29T03:37:13.546+0000] {logging_mixin.py:137} INFO - [2023-03-29T03:37:13.546+0000] {dagbag.py:532} INFO - Filling up the DagBag from /home/airflow/.local/lib/python3.7/site-packages/airflow/example_dags/example_short_circuit_decorator.py
[2023-03-29T03:37:13.569+0000] {processor.py:753} INFO - DAG(s) dict_keys(['example_short_circuit_decorator']) retrieved from /home/airflow/.local/lib/python3.7/site-packages/airflow/example_dags/example_short_circuit_decorator.py
[2023-03-29T03:37:13.592+0000] {logging_mixin.py:137} INFO - [2023-03-29T03:37:13.592+0000] {dag.py:2693} INFO - Sync 1 DAGs
[2023-03-29T03:37:13.613+0000] {logging_mixin.py:137} INFO - [2023-03-29T03:37:13.613+0000] {dag.py:3444} INFO - Setting next_dagrun for example_short_circuit_decorator to 2023-03-28T03:37:13.612843+00:00, run_after=2023-03-29T03:37:13.612843+00:00
[2023-03-29T03:37:13.635+0000] {processor.py:175} INFO - Processing /home/airflow/.local/lib/python3.7/site-packages/airflow/example_dags/example_short_circuit_decorator.py took 0.095 seconds
[2023-03-29T03:37:44.111+0000] {processor.py:153} INFO - Started process (PID=1153) to work on /home/airflow/.local/lib/python3.7/site-packages/airflow/example_dags/example_short_circuit_decorator.py
[2023-03-29T03:37:44.112+0000] {processor.py:743} INFO - Processing file /home/airflow/.local/lib/python3.7/site-packages/airflow/example_dags/example_short_circuit_decorator.py for tasks to queue
[2023-03-29T03:37:44.114+0000] {logging_mixin.py:137} INFO - [2023-03-29T03:37:44.114+0000] {dagbag.py:532} INFO - Filling up the DagBag from /home/airflow/.local/lib/python3.7/site-packages/airflow/example_dags/example_short_circuit_decorator.py
[2023-03-29T03:37:44.137+0000] {processor.py:753} INFO - DAG(s) dict_keys(['example_short_circuit_decorator']) retrieved from /home/airflow/.local/lib/python3.7/site-packages/airflow/example_dags/example_short_circuit_decorator.py
[2023-03-29T03:37:44.162+0000] {logging_mixin.py:137} INFO - [2023-03-29T03:37:44.162+0000] {dag.py:2693} INFO - Sync 1 DAGs
[2023-03-29T03:37:44.183+0000] {logging_mixin.py:137} INFO - [2023-03-29T03:37:44.183+0000] {dag.py:3444} INFO - Setting next_dagrun for example_short_circuit_decorator to 2023-03-28T03:37:44.183364+00:00, run_after=2023-03-29T03:37:44.183364+00:00
[2023-03-29T03:37:44.204+0000] {processor.py:175} INFO - Processing /home/airflow/.local/lib/python3.7/site-packages/airflow/example_dags/example_short_circuit_decorator.py took 0.095 seconds
[2023-03-29T03:38:14.691+0000] {processor.py:153} INFO - Started process (PID=1202) to work on /home/airflow/.local/lib/python3.7/site-packages/airflow/example_dags/example_short_circuit_decorator.py
[2023-03-29T03:38:14.693+0000] {processor.py:743} INFO - Processing file /home/airflow/.local/lib/python3.7/site-packages/airflow/example_dags/example_short_circuit_decorator.py for tasks to queue
[2023-03-29T03:38:14.695+0000] {logging_mixin.py:137} INFO - [2023-03-29T03:38:14.695+0000] {dagbag.py:532} INFO - Filling up the DagBag from /home/airflow/.local/lib/python3.7/site-packages/airflow/example_dags/example_short_circuit_decorator.py
[2023-03-29T03:38:14.717+0000] {processor.py:753} INFO - DAG(s) dict_keys(['example_short_circuit_decorator']) retrieved from /home/airflow/.local/lib/python3.7/site-packages/airflow/example_dags/example_short_circuit_decorator.py
[2023-03-29T03:38:14.741+0000] {logging_mixin.py:137} INFO - [2023-03-29T03:38:14.741+0000] {dag.py:2693} INFO - Sync 1 DAGs
[2023-03-29T03:38:14.760+0000] {logging_mixin.py:137} INFO - [2023-03-29T03:38:14.760+0000] {dag.py:3444} INFO - Setting next_dagrun for example_short_circuit_decorator to 2023-03-28T03:38:14.760019+00:00, run_after=2023-03-29T03:38:14.760019+00:00
[2023-03-29T03:38:14.774+0000] {processor.py:175} INFO - Processing /home/airflow/.local/lib/python3.7/site-packages/airflow/example_dags/example_short_circuit_decorator.py took 0.087 seconds
[2023-03-29T03:38:45.425+0000] {processor.py:153} INFO - Started process (PID=1251) to work on /home/airflow/.local/lib/python3.7/site-packages/airflow/example_dags/example_short_circuit_decorator.py
[2023-03-29T03:38:45.426+0000] {processor.py:743} INFO - Processing file /home/airflow/.local/lib/python3.7/site-packages/airflow/example_dags/example_short_circuit_decorator.py for tasks to queue
[2023-03-29T03:38:45.427+0000] {logging_mixin.py:137} INFO - [2023-03-29T03:38:45.427+0000] {dagbag.py:532} INFO - Filling up the DagBag from /home/airflow/.local/lib/python3.7/site-packages/airflow/example_dags/example_short_circuit_decorator.py
[2023-03-29T03:38:45.446+0000] {processor.py:753} INFO - DAG(s) dict_keys(['example_short_circuit_decorator']) retrieved from /home/airflow/.local/lib/python3.7/site-packages/airflow/example_dags/example_short_circuit_decorator.py
[2023-03-29T03:38:45.465+0000] {logging_mixin.py:137} INFO - [2023-03-29T03:38:45.465+0000] {dag.py:2693} INFO - Sync 1 DAGs
[2023-03-29T03:38:45.483+0000] {logging_mixin.py:137} INFO - [2023-03-29T03:38:45.483+0000] {dag.py:3444} INFO - Setting next_dagrun for example_short_circuit_decorator to 2023-03-28T03:38:45.483653+00:00, run_after=2023-03-29T03:38:45.483653+00:00
[2023-03-29T03:38:45.499+0000] {processor.py:175} INFO - Processing /home/airflow/.local/lib/python3.7/site-packages/airflow/example_dags/example_short_circuit_decorator.py took 0.077 seconds
[2023-03-29T03:39:16.056+0000] {processor.py:153} INFO - Started process (PID=1301) to work on /home/airflow/.local/lib/python3.7/site-packages/airflow/example_dags/example_short_circuit_decorator.py
[2023-03-29T03:39:16.058+0000] {processor.py:743} INFO - Processing file /home/airflow/.local/lib/python3.7/site-packages/airflow/example_dags/example_short_circuit_decorator.py for tasks to queue
[2023-03-29T03:39:16.059+0000] {logging_mixin.py:137} INFO - [2023-03-29T03:39:16.059+0000] {dagbag.py:532} INFO - Filling up the DagBag from /home/airflow/.local/lib/python3.7/site-packages/airflow/example_dags/example_short_circuit_decorator.py
[2023-03-29T03:39:16.077+0000] {processor.py:753} INFO - DAG(s) dict_keys(['example_short_circuit_decorator']) retrieved from /home/airflow/.local/lib/python3.7/site-packages/airflow/example_dags/example_short_circuit_decorator.py
[2023-03-29T03:39:16.097+0000] {logging_mixin.py:137} INFO - [2023-03-29T03:39:16.096+0000] {dag.py:2693} INFO - Sync 1 DAGs
[2023-03-29T03:39:16.116+0000] {logging_mixin.py:137} INFO - [2023-03-29T03:39:16.116+0000] {dag.py:3444} INFO - Setting next_dagrun for example_short_circuit_decorator to 2023-03-28T03:39:16.116230+00:00, run_after=2023-03-29T03:39:16.116230+00:00
[2023-03-29T03:39:16.130+0000] {processor.py:175} INFO - Processing /home/airflow/.local/lib/python3.7/site-packages/airflow/example_dags/example_short_circuit_decorator.py took 0.077 seconds
[2023-03-29T03:39:46.590+0000] {processor.py:153} INFO - Started process (PID=1350) to work on /home/airflow/.local/lib/python3.7/site-packages/airflow/example_dags/example_short_circuit_decorator.py
[2023-03-29T03:39:46.593+0000] {processor.py:743} INFO - Processing file /home/airflow/.local/lib/python3.7/site-packages/airflow/example_dags/example_short_circuit_decorator.py for tasks to queue
[2023-03-29T03:39:46.594+0000] {logging_mixin.py:137} INFO - [2023-03-29T03:39:46.594+0000] {dagbag.py:532} INFO - Filling up the DagBag from /home/airflow/.local/lib/python3.7/site-packages/airflow/example_dags/example_short_circuit_decorator.py
[2023-03-29T03:39:46.616+0000] {processor.py:753} INFO - DAG(s) dict_keys(['example_short_circuit_decorator']) retrieved from /home/airflow/.local/lib/python3.7/site-packages/airflow/example_dags/example_short_circuit_decorator.py
[2023-03-29T03:39:46.643+0000] {logging_mixin.py:137} INFO - [2023-03-29T03:39:46.643+0000] {dag.py:2693} INFO - Sync 1 DAGs
[2023-03-29T03:39:46.661+0000] {logging_mixin.py:137} INFO - [2023-03-29T03:39:46.661+0000] {dag.py:3444} INFO - Setting next_dagrun for example_short_circuit_decorator to 2023-03-28T03:39:46.661244+00:00, run_after=2023-03-29T03:39:46.661244+00:00
[2023-03-29T03:39:46.673+0000] {processor.py:175} INFO - Processing /home/airflow/.local/lib/python3.7/site-packages/airflow/example_dags/example_short_circuit_decorator.py took 0.089 seconds
[2023-03-29T03:40:17.464+0000] {processor.py:153} INFO - Started process (PID=1399) to work on /home/airflow/.local/lib/python3.7/site-packages/airflow/example_dags/example_short_circuit_decorator.py
[2023-03-29T03:40:17.466+0000] {processor.py:743} INFO - Processing file /home/airflow/.local/lib/python3.7/site-packages/airflow/example_dags/example_short_circuit_decorator.py for tasks to queue
[2023-03-29T03:40:17.467+0000] {logging_mixin.py:137} INFO - [2023-03-29T03:40:17.467+0000] {dagbag.py:532} INFO - Filling up the DagBag from /home/airflow/.local/lib/python3.7/site-packages/airflow/example_dags/example_short_circuit_decorator.py
[2023-03-29T03:40:17.486+0000] {processor.py:753} INFO - DAG(s) dict_keys(['example_short_circuit_decorator']) retrieved from /home/airflow/.local/lib/python3.7/site-packages/airflow/example_dags/example_short_circuit_decorator.py
[2023-03-29T03:40:17.507+0000] {logging_mixin.py:137} INFO - [2023-03-29T03:40:17.507+0000] {dag.py:2693} INFO - Sync 1 DAGs
[2023-03-29T03:40:17.525+0000] {logging_mixin.py:137} INFO - [2023-03-29T03:40:17.525+0000] {dag.py:3444} INFO - Setting next_dagrun for example_short_circuit_decorator to 2023-03-28T03:40:17.525745+00:00, run_after=2023-03-29T03:40:17.525745+00:00
[2023-03-29T03:40:17.539+0000] {processor.py:175} INFO - Processing /home/airflow/.local/lib/python3.7/site-packages/airflow/example_dags/example_short_circuit_decorator.py took 0.077 seconds
[2023-03-29T03:40:48.231+0000] {processor.py:153} INFO - Started process (PID=1448) to work on /home/airflow/.local/lib/python3.7/site-packages/airflow/example_dags/example_short_circuit_decorator.py
[2023-03-29T03:40:48.233+0000] {processor.py:743} INFO - Processing file /home/airflow/.local/lib/python3.7/site-packages/airflow/example_dags/example_short_circuit_decorator.py for tasks to queue
[2023-03-29T03:40:48.237+0000] {logging_mixin.py:137} INFO - [2023-03-29T03:40:48.236+0000] {dagbag.py:532} INFO - Filling up the DagBag from /home/airflow/.local/lib/python3.7/site-packages/airflow/example_dags/example_short_circuit_decorator.py
[2023-03-29T03:40:48.265+0000] {processor.py:753} INFO - DAG(s) dict_keys(['example_short_circuit_decorator']) retrieved from /home/airflow/.local/lib/python3.7/site-packages/airflow/example_dags/example_short_circuit_decorator.py
[2023-03-29T03:40:48.320+0000] {logging_mixin.py:137} INFO - [2023-03-29T03:40:48.319+0000] {dag.py:2693} INFO - Sync 1 DAGs
[2023-03-29T03:40:48.354+0000] {logging_mixin.py:137} INFO - [2023-03-29T03:40:48.354+0000] {dag.py:3444} INFO - Setting next_dagrun for example_short_circuit_decorator to 2023-03-28T03:40:48.353665+00:00, run_after=2023-03-29T03:40:48.353665+00:00
[2023-03-29T03:40:48.377+0000] {processor.py:175} INFO - Processing /home/airflow/.local/lib/python3.7/site-packages/airflow/example_dags/example_short_circuit_decorator.py took 0.150 seconds
[2023-03-29T03:41:18.735+0000] {processor.py:153} INFO - Started process (PID=1497) to work on /home/airflow/.local/lib/python3.7/site-packages/airflow/example_dags/example_short_circuit_decorator.py
[2023-03-29T03:41:18.737+0000] {processor.py:743} INFO - Processing file /home/airflow/.local/lib/python3.7/site-packages/airflow/example_dags/example_short_circuit_decorator.py for tasks to queue
[2023-03-29T03:41:18.739+0000] {logging_mixin.py:137} INFO - [2023-03-29T03:41:18.739+0000] {dagbag.py:532} INFO - Filling up the DagBag from /home/airflow/.local/lib/python3.7/site-packages/airflow/example_dags/example_short_circuit_decorator.py
[2023-03-29T03:41:18.766+0000] {processor.py:753} INFO - DAG(s) dict_keys(['example_short_circuit_decorator']) retrieved from /home/airflow/.local/lib/python3.7/site-packages/airflow/example_dags/example_short_circuit_decorator.py
[2023-03-29T03:41:18.792+0000] {logging_mixin.py:137} INFO - [2023-03-29T03:41:18.792+0000] {dag.py:2693} INFO - Sync 1 DAGs
[2023-03-29T03:41:18.815+0000] {logging_mixin.py:137} INFO - [2023-03-29T03:41:18.815+0000] {dag.py:3444} INFO - Setting next_dagrun for example_short_circuit_decorator to 2023-03-28T03:41:18.815124+00:00, run_after=2023-03-29T03:41:18.815124+00:00
[2023-03-29T03:41:18.831+0000] {processor.py:175} INFO - Processing /home/airflow/.local/lib/python3.7/site-packages/airflow/example_dags/example_short_circuit_decorator.py took 0.100 seconds
[2023-03-29T03:41:49.465+0000] {processor.py:153} INFO - Started process (PID=1546) to work on /home/airflow/.local/lib/python3.7/site-packages/airflow/example_dags/example_short_circuit_decorator.py
[2023-03-29T03:41:49.468+0000] {processor.py:743} INFO - Processing file /home/airflow/.local/lib/python3.7/site-packages/airflow/example_dags/example_short_circuit_decorator.py for tasks to queue
[2023-03-29T03:41:49.471+0000] {logging_mixin.py:137} INFO - [2023-03-29T03:41:49.471+0000] {dagbag.py:532} INFO - Filling up the DagBag from /home/airflow/.local/lib/python3.7/site-packages/airflow/example_dags/example_short_circuit_decorator.py
[2023-03-29T03:41:49.494+0000] {processor.py:753} INFO - DAG(s) dict_keys(['example_short_circuit_decorator']) retrieved from /home/airflow/.local/lib/python3.7/site-packages/airflow/example_dags/example_short_circuit_decorator.py
[2023-03-29T03:41:49.518+0000] {logging_mixin.py:137} INFO - [2023-03-29T03:41:49.518+0000] {dag.py:2693} INFO - Sync 1 DAGs
[2023-03-29T03:41:49.540+0000] {logging_mixin.py:137} INFO - [2023-03-29T03:41:49.540+0000] {dag.py:3444} INFO - Setting next_dagrun for example_short_circuit_decorator to 2023-03-28T03:41:49.539825+00:00, run_after=2023-03-29T03:41:49.539825+00:00
[2023-03-29T03:41:49.553+0000] {processor.py:175} INFO - Processing /home/airflow/.local/lib/python3.7/site-packages/airflow/example_dags/example_short_circuit_decorator.py took 0.091 seconds
[2023-03-29T03:42:19.988+0000] {processor.py:153} INFO - Started process (PID=1597) to work on /home/airflow/.local/lib/python3.7/site-packages/airflow/example_dags/example_short_circuit_decorator.py
[2023-03-29T03:42:19.990+0000] {processor.py:743} INFO - Processing file /home/airflow/.local/lib/python3.7/site-packages/airflow/example_dags/example_short_circuit_decorator.py for tasks to queue
[2023-03-29T03:42:19.991+0000] {logging_mixin.py:137} INFO - [2023-03-29T03:42:19.991+0000] {dagbag.py:532} INFO - Filling up the DagBag from /home/airflow/.local/lib/python3.7/site-packages/airflow/example_dags/example_short_circuit_decorator.py
[2023-03-29T03:42:20.012+0000] {processor.py:753} INFO - DAG(s) dict_keys(['example_short_circuit_decorator']) retrieved from /home/airflow/.local/lib/python3.7/site-packages/airflow/example_dags/example_short_circuit_decorator.py
[2023-03-29T03:42:20.033+0000] {logging_mixin.py:137} INFO - [2023-03-29T03:42:20.033+0000] {dag.py:2693} INFO - Sync 1 DAGs
[2023-03-29T03:42:20.056+0000] {logging_mixin.py:137} INFO - [2023-03-29T03:42:20.056+0000] {dag.py:3444} INFO - Setting next_dagrun for example_short_circuit_decorator to 2023-03-28T03:42:20.056476+00:00, run_after=2023-03-29T03:42:20.056476+00:00
[2023-03-29T03:42:20.071+0000] {processor.py:175} INFO - Processing /home/airflow/.local/lib/python3.7/site-packages/airflow/example_dags/example_short_circuit_decorator.py took 0.086 seconds
[2023-03-29T03:42:50.621+0000] {processor.py:153} INFO - Started process (PID=1653) to work on /home/airflow/.local/lib/python3.7/site-packages/airflow/example_dags/example_short_circuit_decorator.py
[2023-03-29T03:42:50.624+0000] {processor.py:743} INFO - Processing file /home/airflow/.local/lib/python3.7/site-packages/airflow/example_dags/example_short_circuit_decorator.py for tasks to queue
[2023-03-29T03:42:50.626+0000] {logging_mixin.py:137} INFO - [2023-03-29T03:42:50.626+0000] {dagbag.py:532} INFO - Filling up the DagBag from /home/airflow/.local/lib/python3.7/site-packages/airflow/example_dags/example_short_circuit_decorator.py
[2023-03-29T03:42:50.666+0000] {processor.py:753} INFO - DAG(s) dict_keys(['example_short_circuit_decorator']) retrieved from /home/airflow/.local/lib/python3.7/site-packages/airflow/example_dags/example_short_circuit_decorator.py
[2023-03-29T03:42:50.694+0000] {logging_mixin.py:137} INFO - [2023-03-29T03:42:50.694+0000] {dag.py:2693} INFO - Sync 1 DAGs
[2023-03-29T03:42:50.725+0000] {logging_mixin.py:137} INFO - [2023-03-29T03:42:50.725+0000] {dag.py:3444} INFO - Setting next_dagrun for example_short_circuit_decorator to 2023-03-28T03:42:50.724940+00:00, run_after=2023-03-29T03:42:50.724940+00:00
[2023-03-29T03:42:50.755+0000] {processor.py:175} INFO - Processing /home/airflow/.local/lib/python3.7/site-packages/airflow/example_dags/example_short_circuit_decorator.py took 0.140 seconds
[2023-03-29T03:43:21.385+0000] {processor.py:153} INFO - Started process (PID=1702) to work on /home/airflow/.local/lib/python3.7/site-packages/airflow/example_dags/example_short_circuit_decorator.py
[2023-03-29T03:43:21.387+0000] {processor.py:743} INFO - Processing file /home/airflow/.local/lib/python3.7/site-packages/airflow/example_dags/example_short_circuit_decorator.py for tasks to queue
[2023-03-29T03:43:21.388+0000] {logging_mixin.py:137} INFO - [2023-03-29T03:43:21.388+0000] {dagbag.py:532} INFO - Filling up the DagBag from /home/airflow/.local/lib/python3.7/site-packages/airflow/example_dags/example_short_circuit_decorator.py
[2023-03-29T03:43:21.407+0000] {processor.py:753} INFO - DAG(s) dict_keys(['example_short_circuit_decorator']) retrieved from /home/airflow/.local/lib/python3.7/site-packages/airflow/example_dags/example_short_circuit_decorator.py
[2023-03-29T03:43:21.428+0000] {logging_mixin.py:137} INFO - [2023-03-29T03:43:21.427+0000] {dag.py:2693} INFO - Sync 1 DAGs
[2023-03-29T03:43:21.451+0000] {logging_mixin.py:137} INFO - [2023-03-29T03:43:21.451+0000] {dag.py:3444} INFO - Setting next_dagrun for example_short_circuit_decorator to 2023-03-28T03:43:21.451284+00:00, run_after=2023-03-29T03:43:21.451284+00:00
[2023-03-29T03:43:21.467+0000] {processor.py:175} INFO - Processing /home/airflow/.local/lib/python3.7/site-packages/airflow/example_dags/example_short_circuit_decorator.py took 0.085 seconds
[2023-03-29T03:43:52.066+0000] {processor.py:153} INFO - Started process (PID=1751) to work on /home/airflow/.local/lib/python3.7/site-packages/airflow/example_dags/example_short_circuit_decorator.py
[2023-03-29T03:43:52.069+0000] {processor.py:743} INFO - Processing file /home/airflow/.local/lib/python3.7/site-packages/airflow/example_dags/example_short_circuit_decorator.py for tasks to queue
[2023-03-29T03:43:52.070+0000] {logging_mixin.py:137} INFO - [2023-03-29T03:43:52.070+0000] {dagbag.py:532} INFO - Filling up the DagBag from /home/airflow/.local/lib/python3.7/site-packages/airflow/example_dags/example_short_circuit_decorator.py
[2023-03-29T03:43:52.086+0000] {processor.py:753} INFO - DAG(s) dict_keys(['example_short_circuit_decorator']) retrieved from /home/airflow/.local/lib/python3.7/site-packages/airflow/example_dags/example_short_circuit_decorator.py
[2023-03-29T03:43:52.106+0000] {logging_mixin.py:137} INFO - [2023-03-29T03:43:52.106+0000] {dag.py:2693} INFO - Sync 1 DAGs
[2023-03-29T03:43:52.124+0000] {logging_mixin.py:137} INFO - [2023-03-29T03:43:52.124+0000] {dag.py:3444} INFO - Setting next_dagrun for example_short_circuit_decorator to 2023-03-28T03:43:52.123880+00:00, run_after=2023-03-29T03:43:52.123880+00:00
[2023-03-29T03:43:52.137+0000] {processor.py:175} INFO - Processing /home/airflow/.local/lib/python3.7/site-packages/airflow/example_dags/example_short_circuit_decorator.py took 0.073 seconds
[2023-03-29T03:44:22.395+0000] {processor.py:153} INFO - Started process (PID=1800) to work on /home/airflow/.local/lib/python3.7/site-packages/airflow/example_dags/example_short_circuit_decorator.py
[2023-03-29T03:44:22.396+0000] {processor.py:743} INFO - Processing file /home/airflow/.local/lib/python3.7/site-packages/airflow/example_dags/example_short_circuit_decorator.py for tasks to queue
[2023-03-29T03:44:22.397+0000] {logging_mixin.py:137} INFO - [2023-03-29T03:44:22.397+0000] {dagbag.py:532} INFO - Filling up the DagBag from /home/airflow/.local/lib/python3.7/site-packages/airflow/example_dags/example_short_circuit_decorator.py
[2023-03-29T03:44:22.415+0000] {processor.py:753} INFO - DAG(s) dict_keys(['example_short_circuit_decorator']) retrieved from /home/airflow/.local/lib/python3.7/site-packages/airflow/example_dags/example_short_circuit_decorator.py
[2023-03-29T03:44:22.439+0000] {logging_mixin.py:137} INFO - [2023-03-29T03:44:22.439+0000] {dag.py:2693} INFO - Sync 1 DAGs
[2023-03-29T03:44:22.462+0000] {logging_mixin.py:137} INFO - [2023-03-29T03:44:22.462+0000] {dag.py:3444} INFO - Setting next_dagrun for example_short_circuit_decorator to 2023-03-28T03:44:22.461991+00:00, run_after=2023-03-29T03:44:22.461991+00:00
[2023-03-29T03:44:22.477+0000] {processor.py:175} INFO - Processing /home/airflow/.local/lib/python3.7/site-packages/airflow/example_dags/example_short_circuit_decorator.py took 0.085 seconds
[2023-03-29T03:44:53.489+0000] {processor.py:153} INFO - Started process (PID=1849) to work on /home/airflow/.local/lib/python3.7/site-packages/airflow/example_dags/example_short_circuit_decorator.py
[2023-03-29T03:44:53.491+0000] {processor.py:743} INFO - Processing file /home/airflow/.local/lib/python3.7/site-packages/airflow/example_dags/example_short_circuit_decorator.py for tasks to queue
[2023-03-29T03:44:53.492+0000] {logging_mixin.py:137} INFO - [2023-03-29T03:44:53.492+0000] {dagbag.py:532} INFO - Filling up the DagBag from /home/airflow/.local/lib/python3.7/site-packages/airflow/example_dags/example_short_circuit_decorator.py
[2023-03-29T03:44:53.515+0000] {processor.py:753} INFO - DAG(s) dict_keys(['example_short_circuit_decorator']) retrieved from /home/airflow/.local/lib/python3.7/site-packages/airflow/example_dags/example_short_circuit_decorator.py
[2023-03-29T03:44:53.544+0000] {logging_mixin.py:137} INFO - [2023-03-29T03:44:53.544+0000] {dag.py:2693} INFO - Sync 1 DAGs
[2023-03-29T03:44:53.576+0000] {logging_mixin.py:137} INFO - [2023-03-29T03:44:53.576+0000] {dag.py:3444} INFO - Setting next_dagrun for example_short_circuit_decorator to 2023-03-28T03:44:53.576107+00:00, run_after=2023-03-29T03:44:53.576107+00:00
[2023-03-29T03:44:53.591+0000] {processor.py:175} INFO - Processing /home/airflow/.local/lib/python3.7/site-packages/airflow/example_dags/example_short_circuit_decorator.py took 0.107 seconds
[2023-03-29T03:45:23.944+0000] {processor.py:153} INFO - Started process (PID=1898) to work on /home/airflow/.local/lib/python3.7/site-packages/airflow/example_dags/example_short_circuit_decorator.py
[2023-03-29T03:45:23.946+0000] {processor.py:743} INFO - Processing file /home/airflow/.local/lib/python3.7/site-packages/airflow/example_dags/example_short_circuit_decorator.py for tasks to queue
[2023-03-29T03:45:23.949+0000] {logging_mixin.py:137} INFO - [2023-03-29T03:45:23.948+0000] {dagbag.py:532} INFO - Filling up the DagBag from /home/airflow/.local/lib/python3.7/site-packages/airflow/example_dags/example_short_circuit_decorator.py
[2023-03-29T03:45:23.982+0000] {processor.py:753} INFO - DAG(s) dict_keys(['example_short_circuit_decorator']) retrieved from /home/airflow/.local/lib/python3.7/site-packages/airflow/example_dags/example_short_circuit_decorator.py
[2023-03-29T03:45:24.012+0000] {logging_mixin.py:137} INFO - [2023-03-29T03:45:24.011+0000] {dag.py:2693} INFO - Sync 1 DAGs
[2023-03-29T03:45:24.036+0000] {logging_mixin.py:137} INFO - [2023-03-29T03:45:24.036+0000] {dag.py:3444} INFO - Setting next_dagrun for example_short_circuit_decorator to 2023-03-28T03:45:24.036253+00:00, run_after=2023-03-29T03:45:24.036253+00:00
[2023-03-29T03:45:24.052+0000] {processor.py:175} INFO - Processing /home/airflow/.local/lib/python3.7/site-packages/airflow/example_dags/example_short_circuit_decorator.py took 0.113 seconds
[2023-03-29T03:45:54.581+0000] {processor.py:153} INFO - Started process (PID=1948) to work on /home/airflow/.local/lib/python3.7/site-packages/airflow/example_dags/example_short_circuit_decorator.py
[2023-03-29T03:45:54.583+0000] {processor.py:743} INFO - Processing file /home/airflow/.local/lib/python3.7/site-packages/airflow/example_dags/example_short_circuit_decorator.py for tasks to queue
[2023-03-29T03:45:54.586+0000] {logging_mixin.py:137} INFO - [2023-03-29T03:45:54.586+0000] {dagbag.py:532} INFO - Filling up the DagBag from /home/airflow/.local/lib/python3.7/site-packages/airflow/example_dags/example_short_circuit_decorator.py
[2023-03-29T03:45:54.607+0000] {processor.py:753} INFO - DAG(s) dict_keys(['example_short_circuit_decorator']) retrieved from /home/airflow/.local/lib/python3.7/site-packages/airflow/example_dags/example_short_circuit_decorator.py
[2023-03-29T03:45:54.627+0000] {logging_mixin.py:137} INFO - [2023-03-29T03:45:54.627+0000] {dag.py:2693} INFO - Sync 1 DAGs
[2023-03-29T03:45:54.646+0000] {logging_mixin.py:137} INFO - [2023-03-29T03:45:54.646+0000] {dag.py:3444} INFO - Setting next_dagrun for example_short_circuit_decorator to 2023-03-28T03:45:54.646374+00:00, run_after=2023-03-29T03:45:54.646374+00:00
[2023-03-29T03:45:54.663+0000] {processor.py:175} INFO - Processing /home/airflow/.local/lib/python3.7/site-packages/airflow/example_dags/example_short_circuit_decorator.py took 0.086 seconds
[2023-03-29T03:46:25.389+0000] {processor.py:153} INFO - Started process (PID=1997) to work on /home/airflow/.local/lib/python3.7/site-packages/airflow/example_dags/example_short_circuit_decorator.py
[2023-03-29T03:46:25.391+0000] {processor.py:743} INFO - Processing file /home/airflow/.local/lib/python3.7/site-packages/airflow/example_dags/example_short_circuit_decorator.py for tasks to queue
[2023-03-29T03:46:25.392+0000] {logging_mixin.py:137} INFO - [2023-03-29T03:46:25.392+0000] {dagbag.py:532} INFO - Filling up the DagBag from /home/airflow/.local/lib/python3.7/site-packages/airflow/example_dags/example_short_circuit_decorator.py
[2023-03-29T03:46:25.408+0000] {processor.py:753} INFO - DAG(s) dict_keys(['example_short_circuit_decorator']) retrieved from /home/airflow/.local/lib/python3.7/site-packages/airflow/example_dags/example_short_circuit_decorator.py
[2023-03-29T03:46:25.428+0000] {logging_mixin.py:137} INFO - [2023-03-29T03:46:25.428+0000] {dag.py:2693} INFO - Sync 1 DAGs
[2023-03-29T03:46:25.456+0000] {logging_mixin.py:137} INFO - [2023-03-29T03:46:25.455+0000] {dag.py:3444} INFO - Setting next_dagrun for example_short_circuit_decorator to 2023-03-28T03:46:25.455050+00:00, run_after=2023-03-29T03:46:25.455050+00:00
[2023-03-29T03:46:25.486+0000] {processor.py:175} INFO - Processing /home/airflow/.local/lib/python3.7/site-packages/airflow/example_dags/example_short_circuit_decorator.py took 0.099 seconds
[2023-03-29T03:46:55.874+0000] {processor.py:153} INFO - Started process (PID=2047) to work on /home/airflow/.local/lib/python3.7/site-packages/airflow/example_dags/example_short_circuit_decorator.py
[2023-03-29T03:46:55.875+0000] {processor.py:743} INFO - Processing file /home/airflow/.local/lib/python3.7/site-packages/airflow/example_dags/example_short_circuit_decorator.py for tasks to queue
[2023-03-29T03:46:55.876+0000] {logging_mixin.py:137} INFO - [2023-03-29T03:46:55.876+0000] {dagbag.py:532} INFO - Filling up the DagBag from /home/airflow/.local/lib/python3.7/site-packages/airflow/example_dags/example_short_circuit_decorator.py
[2023-03-29T03:46:55.892+0000] {processor.py:753} INFO - DAG(s) dict_keys(['example_short_circuit_decorator']) retrieved from /home/airflow/.local/lib/python3.7/site-packages/airflow/example_dags/example_short_circuit_decorator.py
[2023-03-29T03:46:55.910+0000] {logging_mixin.py:137} INFO - [2023-03-29T03:46:55.910+0000] {dag.py:2693} INFO - Sync 1 DAGs
[2023-03-29T03:46:55.926+0000] {logging_mixin.py:137} INFO - [2023-03-29T03:46:55.926+0000] {dag.py:3444} INFO - Setting next_dagrun for example_short_circuit_decorator to 2023-03-28T03:46:55.926450+00:00, run_after=2023-03-29T03:46:55.926450+00:00
[2023-03-29T03:46:55.939+0000] {processor.py:175} INFO - Processing /home/airflow/.local/lib/python3.7/site-packages/airflow/example_dags/example_short_circuit_decorator.py took 0.068 seconds
[2023-03-29T03:47:26.644+0000] {processor.py:153} INFO - Started process (PID=2097) to work on /home/airflow/.local/lib/python3.7/site-packages/airflow/example_dags/example_short_circuit_decorator.py
[2023-03-29T03:47:26.646+0000] {processor.py:743} INFO - Processing file /home/airflow/.local/lib/python3.7/site-packages/airflow/example_dags/example_short_circuit_decorator.py for tasks to queue
[2023-03-29T03:47:26.646+0000] {logging_mixin.py:137} INFO - [2023-03-29T03:47:26.646+0000] {dagbag.py:532} INFO - Filling up the DagBag from /home/airflow/.local/lib/python3.7/site-packages/airflow/example_dags/example_short_circuit_decorator.py
[2023-03-29T03:47:26.665+0000] {processor.py:753} INFO - DAG(s) dict_keys(['example_short_circuit_decorator']) retrieved from /home/airflow/.local/lib/python3.7/site-packages/airflow/example_dags/example_short_circuit_decorator.py
[2023-03-29T03:47:26.685+0000] {logging_mixin.py:137} INFO - [2023-03-29T03:47:26.685+0000] {dag.py:2693} INFO - Sync 1 DAGs
[2023-03-29T03:47:26.700+0000] {logging_mixin.py:137} INFO - [2023-03-29T03:47:26.700+0000] {dag.py:3444} INFO - Setting next_dagrun for example_short_circuit_decorator to 2023-03-28T03:47:26.700630+00:00, run_after=2023-03-29T03:47:26.700630+00:00
[2023-03-29T03:47:26.715+0000] {processor.py:175} INFO - Processing /home/airflow/.local/lib/python3.7/site-packages/airflow/example_dags/example_short_circuit_decorator.py took 0.073 seconds
