[2023-03-29T03:26:28.731+0000] {processor.py:153} INFO - Started process (PID=69) to work on /home/airflow/.local/lib/python3.7/site-packages/airflow/example_dags/example_dag_decorator.py
[2023-03-29T03:26:28.733+0000] {processor.py:743} INFO - Processing file /home/airflow/.local/lib/python3.7/site-packages/airflow/example_dags/example_dag_decorator.py for tasks to queue
[2023-03-29T03:26:28.735+0000] {logging_mixin.py:137} INFO - [2023-03-29T03:26:28.735+0000] {dagbag.py:532} INFO - Filling up the DagBag from /home/airflow/.local/lib/python3.7/site-packages/airflow/example_dags/example_dag_decorator.py
[2023-03-29T03:26:28.753+0000] {logging_mixin.py:137} INFO - [2023-03-29T03:26:28.753+0000] {taskmixin.py:211} WARNING - Dependency <Task(_PythonDecoratedOperator): prepare_email>, send_email already registered for DAG: example_dag_decorator
[2023-03-29T03:26:28.755+0000] {logging_mixin.py:137} INFO - [2023-03-29T03:26:28.755+0000] {taskmixin.py:211} WARNING - Dependency <Task(EmailOperator): send_email>, prepare_email already registered for DAG: example_dag_decorator
[2023-03-29T03:26:28.769+0000] {processor.py:753} INFO - DAG(s) dict_keys(['example_dag_decorator']) retrieved from /home/airflow/.local/lib/python3.7/site-packages/airflow/example_dags/example_dag_decorator.py
[2023-03-29T03:26:28.779+0000] {logging_mixin.py:137} INFO - [2023-03-29T03:26:28.779+0000] {dag.py:2693} INFO - Sync 1 DAGs
[2023-03-29T03:26:28.803+0000] {logging_mixin.py:137} INFO - [2023-03-29T03:26:28.803+0000] {dag.py:3444} INFO - Setting next_dagrun for example_dag_decorator to None, run_after=None
[2023-03-29T03:26:28.824+0000] {processor.py:175} INFO - Processing /home/airflow/.local/lib/python3.7/site-packages/airflow/example_dags/example_dag_decorator.py took 0.096 seconds
[2023-03-29T03:26:59.293+0000] {processor.py:153} INFO - Started process (PID=118) to work on /home/airflow/.local/lib/python3.7/site-packages/airflow/example_dags/example_dag_decorator.py
[2023-03-29T03:26:59.295+0000] {processor.py:743} INFO - Processing file /home/airflow/.local/lib/python3.7/site-packages/airflow/example_dags/example_dag_decorator.py for tasks to queue
[2023-03-29T03:26:59.296+0000] {logging_mixin.py:137} INFO - [2023-03-29T03:26:59.296+0000] {dagbag.py:532} INFO - Filling up the DagBag from /home/airflow/.local/lib/python3.7/site-packages/airflow/example_dags/example_dag_decorator.py
[2023-03-29T03:26:59.308+0000] {logging_mixin.py:137} INFO - [2023-03-29T03:26:59.308+0000] {taskmixin.py:211} WARNING - Dependency <Task(_PythonDecoratedOperator): prepare_email>, send_email already registered for DAG: example_dag_decorator
[2023-03-29T03:26:59.309+0000] {logging_mixin.py:137} INFO - [2023-03-29T03:26:59.309+0000] {taskmixin.py:211} WARNING - Dependency <Task(EmailOperator): send_email>, prepare_email already registered for DAG: example_dag_decorator
[2023-03-29T03:26:59.317+0000] {processor.py:753} INFO - DAG(s) dict_keys(['example_dag_decorator']) retrieved from /home/airflow/.local/lib/python3.7/site-packages/airflow/example_dags/example_dag_decorator.py
[2023-03-29T03:26:59.362+0000] {logging_mixin.py:137} INFO - [2023-03-29T03:26:59.362+0000] {dag.py:2693} INFO - Sync 1 DAGs
[2023-03-29T03:26:59.376+0000] {logging_mixin.py:137} INFO - [2023-03-29T03:26:59.376+0000] {dag.py:3444} INFO - Setting next_dagrun for example_dag_decorator to None, run_after=None
[2023-03-29T03:26:59.390+0000] {processor.py:175} INFO - Processing /home/airflow/.local/lib/python3.7/site-packages/airflow/example_dags/example_dag_decorator.py took 0.099 seconds
[2023-03-29T03:27:30.105+0000] {processor.py:153} INFO - Started process (PID=167) to work on /home/airflow/.local/lib/python3.7/site-packages/airflow/example_dags/example_dag_decorator.py
[2023-03-29T03:27:30.107+0000] {processor.py:743} INFO - Processing file /home/airflow/.local/lib/python3.7/site-packages/airflow/example_dags/example_dag_decorator.py for tasks to queue
[2023-03-29T03:27:30.108+0000] {logging_mixin.py:137} INFO - [2023-03-29T03:27:30.108+0000] {dagbag.py:532} INFO - Filling up the DagBag from /home/airflow/.local/lib/python3.7/site-packages/airflow/example_dags/example_dag_decorator.py
[2023-03-29T03:27:30.124+0000] {logging_mixin.py:137} INFO - [2023-03-29T03:27:30.124+0000] {taskmixin.py:211} WARNING - Dependency <Task(_PythonDecoratedOperator): prepare_email>, send_email already registered for DAG: example_dag_decorator
[2023-03-29T03:27:30.125+0000] {logging_mixin.py:137} INFO - [2023-03-29T03:27:30.125+0000] {taskmixin.py:211} WARNING - Dependency <Task(EmailOperator): send_email>, prepare_email already registered for DAG: example_dag_decorator
[2023-03-29T03:27:30.137+0000] {processor.py:753} INFO - DAG(s) dict_keys(['example_dag_decorator']) retrieved from /home/airflow/.local/lib/python3.7/site-packages/airflow/example_dags/example_dag_decorator.py
[2023-03-29T03:27:30.185+0000] {logging_mixin.py:137} INFO - [2023-03-29T03:27:30.185+0000] {dag.py:2693} INFO - Sync 1 DAGs
[2023-03-29T03:27:30.210+0000] {logging_mixin.py:137} INFO - [2023-03-29T03:27:30.210+0000] {dag.py:3444} INFO - Setting next_dagrun for example_dag_decorator to None, run_after=None
[2023-03-29T03:27:30.229+0000] {processor.py:175} INFO - Processing /home/airflow/.local/lib/python3.7/site-packages/airflow/example_dags/example_dag_decorator.py took 0.127 seconds
[2023-03-29T03:28:00.536+0000] {processor.py:153} INFO - Started process (PID=216) to work on /home/airflow/.local/lib/python3.7/site-packages/airflow/example_dags/example_dag_decorator.py
[2023-03-29T03:28:00.537+0000] {processor.py:743} INFO - Processing file /home/airflow/.local/lib/python3.7/site-packages/airflow/example_dags/example_dag_decorator.py for tasks to queue
[2023-03-29T03:28:00.539+0000] {logging_mixin.py:137} INFO - [2023-03-29T03:28:00.539+0000] {dagbag.py:532} INFO - Filling up the DagBag from /home/airflow/.local/lib/python3.7/site-packages/airflow/example_dags/example_dag_decorator.py
[2023-03-29T03:28:00.550+0000] {logging_mixin.py:137} INFO - [2023-03-29T03:28:00.550+0000] {taskmixin.py:211} WARNING - Dependency <Task(_PythonDecoratedOperator): prepare_email>, send_email already registered for DAG: example_dag_decorator
[2023-03-29T03:28:00.551+0000] {logging_mixin.py:137} INFO - [2023-03-29T03:28:00.551+0000] {taskmixin.py:211} WARNING - Dependency <Task(EmailOperator): send_email>, prepare_email already registered for DAG: example_dag_decorator
[2023-03-29T03:28:00.559+0000] {processor.py:753} INFO - DAG(s) dict_keys(['example_dag_decorator']) retrieved from /home/airflow/.local/lib/python3.7/site-packages/airflow/example_dags/example_dag_decorator.py
[2023-03-29T03:28:00.609+0000] {logging_mixin.py:137} INFO - [2023-03-29T03:28:00.609+0000] {dag.py:2693} INFO - Sync 1 DAGs
[2023-03-29T03:28:00.624+0000] {logging_mixin.py:137} INFO - [2023-03-29T03:28:00.623+0000] {dag.py:3444} INFO - Setting next_dagrun for example_dag_decorator to None, run_after=None
[2023-03-29T03:28:00.637+0000] {processor.py:175} INFO - Processing /home/airflow/.local/lib/python3.7/site-packages/airflow/example_dags/example_dag_decorator.py took 0.104 seconds
[2023-03-29T03:28:31.044+0000] {processor.py:153} INFO - Started process (PID=265) to work on /home/airflow/.local/lib/python3.7/site-packages/airflow/example_dags/example_dag_decorator.py
[2023-03-29T03:28:31.046+0000] {processor.py:743} INFO - Processing file /home/airflow/.local/lib/python3.7/site-packages/airflow/example_dags/example_dag_decorator.py for tasks to queue
[2023-03-29T03:28:31.046+0000] {logging_mixin.py:137} INFO - [2023-03-29T03:28:31.046+0000] {dagbag.py:532} INFO - Filling up the DagBag from /home/airflow/.local/lib/python3.7/site-packages/airflow/example_dags/example_dag_decorator.py
[2023-03-29T03:28:31.061+0000] {logging_mixin.py:137} INFO - [2023-03-29T03:28:31.061+0000] {taskmixin.py:211} WARNING - Dependency <Task(_PythonDecoratedOperator): prepare_email>, send_email already registered for DAG: example_dag_decorator
[2023-03-29T03:28:31.062+0000] {logging_mixin.py:137} INFO - [2023-03-29T03:28:31.062+0000] {taskmixin.py:211} WARNING - Dependency <Task(EmailOperator): send_email>, prepare_email already registered for DAG: example_dag_decorator
[2023-03-29T03:28:31.071+0000] {processor.py:753} INFO - DAG(s) dict_keys(['example_dag_decorator']) retrieved from /home/airflow/.local/lib/python3.7/site-packages/airflow/example_dags/example_dag_decorator.py
[2023-03-29T03:28:31.118+0000] {logging_mixin.py:137} INFO - [2023-03-29T03:28:31.118+0000] {dag.py:2693} INFO - Sync 1 DAGs
[2023-03-29T03:28:31.134+0000] {logging_mixin.py:137} INFO - [2023-03-29T03:28:31.134+0000] {dag.py:3444} INFO - Setting next_dagrun for example_dag_decorator to None, run_after=None
[2023-03-29T03:28:31.147+0000] {processor.py:175} INFO - Processing /home/airflow/.local/lib/python3.7/site-packages/airflow/example_dags/example_dag_decorator.py took 0.106 seconds
[2023-03-29T03:29:01.562+0000] {processor.py:153} INFO - Started process (PID=314) to work on /home/airflow/.local/lib/python3.7/site-packages/airflow/example_dags/example_dag_decorator.py
[2023-03-29T03:29:01.563+0000] {processor.py:743} INFO - Processing file /home/airflow/.local/lib/python3.7/site-packages/airflow/example_dags/example_dag_decorator.py for tasks to queue
[2023-03-29T03:29:01.564+0000] {logging_mixin.py:137} INFO - [2023-03-29T03:29:01.564+0000] {dagbag.py:532} INFO - Filling up the DagBag from /home/airflow/.local/lib/python3.7/site-packages/airflow/example_dags/example_dag_decorator.py
[2023-03-29T03:29:01.575+0000] {logging_mixin.py:137} INFO - [2023-03-29T03:29:01.575+0000] {taskmixin.py:211} WARNING - Dependency <Task(_PythonDecoratedOperator): prepare_email>, send_email already registered for DAG: example_dag_decorator
[2023-03-29T03:29:01.576+0000] {logging_mixin.py:137} INFO - [2023-03-29T03:29:01.576+0000] {taskmixin.py:211} WARNING - Dependency <Task(EmailOperator): send_email>, prepare_email already registered for DAG: example_dag_decorator
[2023-03-29T03:29:01.585+0000] {processor.py:753} INFO - DAG(s) dict_keys(['example_dag_decorator']) retrieved from /home/airflow/.local/lib/python3.7/site-packages/airflow/example_dags/example_dag_decorator.py
[2023-03-29T03:29:01.635+0000] {logging_mixin.py:137} INFO - [2023-03-29T03:29:01.635+0000] {dag.py:2693} INFO - Sync 1 DAGs
[2023-03-29T03:29:01.650+0000] {logging_mixin.py:137} INFO - [2023-03-29T03:29:01.650+0000] {dag.py:3444} INFO - Setting next_dagrun for example_dag_decorator to None, run_after=None
[2023-03-29T03:29:01.665+0000] {processor.py:175} INFO - Processing /home/airflow/.local/lib/python3.7/site-packages/airflow/example_dags/example_dag_decorator.py took 0.105 seconds
[2023-03-29T03:29:32.243+0000] {processor.py:153} INFO - Started process (PID=363) to work on /home/airflow/.local/lib/python3.7/site-packages/airflow/example_dags/example_dag_decorator.py
[2023-03-29T03:29:32.244+0000] {processor.py:743} INFO - Processing file /home/airflow/.local/lib/python3.7/site-packages/airflow/example_dags/example_dag_decorator.py for tasks to queue
[2023-03-29T03:29:32.246+0000] {logging_mixin.py:137} INFO - [2023-03-29T03:29:32.245+0000] {dagbag.py:532} INFO - Filling up the DagBag from /home/airflow/.local/lib/python3.7/site-packages/airflow/example_dags/example_dag_decorator.py
[2023-03-29T03:29:32.257+0000] {logging_mixin.py:137} INFO - [2023-03-29T03:29:32.257+0000] {taskmixin.py:211} WARNING - Dependency <Task(_PythonDecoratedOperator): prepare_email>, send_email already registered for DAG: example_dag_decorator
[2023-03-29T03:29:32.259+0000] {logging_mixin.py:137} INFO - [2023-03-29T03:29:32.259+0000] {taskmixin.py:211} WARNING - Dependency <Task(EmailOperator): send_email>, prepare_email already registered for DAG: example_dag_decorator
[2023-03-29T03:29:32.267+0000] {processor.py:753} INFO - DAG(s) dict_keys(['example_dag_decorator']) retrieved from /home/airflow/.local/lib/python3.7/site-packages/airflow/example_dags/example_dag_decorator.py
[2023-03-29T03:29:32.313+0000] {logging_mixin.py:137} INFO - [2023-03-29T03:29:32.313+0000] {dag.py:2693} INFO - Sync 1 DAGs
[2023-03-29T03:29:32.329+0000] {logging_mixin.py:137} INFO - [2023-03-29T03:29:32.329+0000] {dag.py:3444} INFO - Setting next_dagrun for example_dag_decorator to None, run_after=None
[2023-03-29T03:29:32.343+0000] {processor.py:175} INFO - Processing /home/airflow/.local/lib/python3.7/site-packages/airflow/example_dags/example_dag_decorator.py took 0.102 seconds
[2023-03-29T03:30:02.437+0000] {processor.py:153} INFO - Started process (PID=412) to work on /home/airflow/.local/lib/python3.7/site-packages/airflow/example_dags/example_dag_decorator.py
[2023-03-29T03:30:02.439+0000] {processor.py:743} INFO - Processing file /home/airflow/.local/lib/python3.7/site-packages/airflow/example_dags/example_dag_decorator.py for tasks to queue
[2023-03-29T03:30:02.440+0000] {logging_mixin.py:137} INFO - [2023-03-29T03:30:02.440+0000] {dagbag.py:532} INFO - Filling up the DagBag from /home/airflow/.local/lib/python3.7/site-packages/airflow/example_dags/example_dag_decorator.py
[2023-03-29T03:30:02.455+0000] {logging_mixin.py:137} INFO - [2023-03-29T03:30:02.455+0000] {taskmixin.py:211} WARNING - Dependency <Task(_PythonDecoratedOperator): prepare_email>, send_email already registered for DAG: example_dag_decorator
[2023-03-29T03:30:02.456+0000] {logging_mixin.py:137} INFO - [2023-03-29T03:30:02.456+0000] {taskmixin.py:211} WARNING - Dependency <Task(EmailOperator): send_email>, prepare_email already registered for DAG: example_dag_decorator
[2023-03-29T03:30:02.466+0000] {processor.py:753} INFO - DAG(s) dict_keys(['example_dag_decorator']) retrieved from /home/airflow/.local/lib/python3.7/site-packages/airflow/example_dags/example_dag_decorator.py
[2023-03-29T03:30:02.522+0000] {logging_mixin.py:137} INFO - [2023-03-29T03:30:02.522+0000] {dag.py:2693} INFO - Sync 1 DAGs
[2023-03-29T03:30:02.538+0000] {logging_mixin.py:137} INFO - [2023-03-29T03:30:02.538+0000] {dag.py:3444} INFO - Setting next_dagrun for example_dag_decorator to None, run_after=None
[2023-03-29T03:30:02.553+0000] {processor.py:175} INFO - Processing /home/airflow/.local/lib/python3.7/site-packages/airflow/example_dags/example_dag_decorator.py took 0.118 seconds
[2023-03-29T03:30:33.577+0000] {processor.py:153} INFO - Started process (PID=461) to work on /home/airflow/.local/lib/python3.7/site-packages/airflow/example_dags/example_dag_decorator.py
[2023-03-29T03:30:33.579+0000] {processor.py:743} INFO - Processing file /home/airflow/.local/lib/python3.7/site-packages/airflow/example_dags/example_dag_decorator.py for tasks to queue
[2023-03-29T03:30:33.581+0000] {logging_mixin.py:137} INFO - [2023-03-29T03:30:33.580+0000] {dagbag.py:532} INFO - Filling up the DagBag from /home/airflow/.local/lib/python3.7/site-packages/airflow/example_dags/example_dag_decorator.py
[2023-03-29T03:30:33.598+0000] {logging_mixin.py:137} INFO - [2023-03-29T03:30:33.598+0000] {taskmixin.py:211} WARNING - Dependency <Task(_PythonDecoratedOperator): prepare_email>, send_email already registered for DAG: example_dag_decorator
[2023-03-29T03:30:33.599+0000] {logging_mixin.py:137} INFO - [2023-03-29T03:30:33.599+0000] {taskmixin.py:211} WARNING - Dependency <Task(EmailOperator): send_email>, prepare_email already registered for DAG: example_dag_decorator
[2023-03-29T03:30:33.613+0000] {processor.py:753} INFO - DAG(s) dict_keys(['example_dag_decorator']) retrieved from /home/airflow/.local/lib/python3.7/site-packages/airflow/example_dags/example_dag_decorator.py
[2023-03-29T03:30:33.670+0000] {logging_mixin.py:137} INFO - [2023-03-29T03:30:33.670+0000] {dag.py:2693} INFO - Sync 1 DAGs
[2023-03-29T03:30:33.689+0000] {logging_mixin.py:137} INFO - [2023-03-29T03:30:33.689+0000] {dag.py:3444} INFO - Setting next_dagrun for example_dag_decorator to None, run_after=None
[2023-03-29T03:30:33.707+0000] {processor.py:175} INFO - Processing /home/airflow/.local/lib/python3.7/site-packages/airflow/example_dags/example_dag_decorator.py took 0.135 seconds
[2023-03-29T03:31:04.276+0000] {processor.py:153} INFO - Started process (PID=510) to work on /home/airflow/.local/lib/python3.7/site-packages/airflow/example_dags/example_dag_decorator.py
[2023-03-29T03:31:04.279+0000] {processor.py:743} INFO - Processing file /home/airflow/.local/lib/python3.7/site-packages/airflow/example_dags/example_dag_decorator.py for tasks to queue
[2023-03-29T03:31:04.282+0000] {logging_mixin.py:137} INFO - [2023-03-29T03:31:04.282+0000] {dagbag.py:532} INFO - Filling up the DagBag from /home/airflow/.local/lib/python3.7/site-packages/airflow/example_dags/example_dag_decorator.py
[2023-03-29T03:31:04.304+0000] {logging_mixin.py:137} INFO - [2023-03-29T03:31:04.304+0000] {taskmixin.py:211} WARNING - Dependency <Task(_PythonDecoratedOperator): prepare_email>, send_email already registered for DAG: example_dag_decorator
[2023-03-29T03:31:04.305+0000] {logging_mixin.py:137} INFO - [2023-03-29T03:31:04.305+0000] {taskmixin.py:211} WARNING - Dependency <Task(EmailOperator): send_email>, prepare_email already registered for DAG: example_dag_decorator
[2023-03-29T03:31:04.323+0000] {processor.py:753} INFO - DAG(s) dict_keys(['example_dag_decorator']) retrieved from /home/airflow/.local/lib/python3.7/site-packages/airflow/example_dags/example_dag_decorator.py
[2023-03-29T03:31:04.407+0000] {logging_mixin.py:137} INFO - [2023-03-29T03:31:04.407+0000] {dag.py:2693} INFO - Sync 1 DAGs
[2023-03-29T03:31:04.434+0000] {logging_mixin.py:137} INFO - [2023-03-29T03:31:04.434+0000] {dag.py:3444} INFO - Setting next_dagrun for example_dag_decorator to None, run_after=None
[2023-03-29T03:31:04.471+0000] {processor.py:175} INFO - Processing /home/airflow/.local/lib/python3.7/site-packages/airflow/example_dags/example_dag_decorator.py took 0.198 seconds
[2023-03-29T03:31:35.389+0000] {processor.py:153} INFO - Started process (PID=559) to work on /home/airflow/.local/lib/python3.7/site-packages/airflow/example_dags/example_dag_decorator.py
[2023-03-29T03:31:35.392+0000] {processor.py:743} INFO - Processing file /home/airflow/.local/lib/python3.7/site-packages/airflow/example_dags/example_dag_decorator.py for tasks to queue
[2023-03-29T03:31:35.393+0000] {logging_mixin.py:137} INFO - [2023-03-29T03:31:35.393+0000] {dagbag.py:532} INFO - Filling up the DagBag from /home/airflow/.local/lib/python3.7/site-packages/airflow/example_dags/example_dag_decorator.py
[2023-03-29T03:31:35.417+0000] {logging_mixin.py:137} INFO - [2023-03-29T03:31:35.417+0000] {taskmixin.py:211} WARNING - Dependency <Task(_PythonDecoratedOperator): prepare_email>, send_email already registered for DAG: example_dag_decorator
[2023-03-29T03:31:35.422+0000] {logging_mixin.py:137} INFO - [2023-03-29T03:31:35.422+0000] {taskmixin.py:211} WARNING - Dependency <Task(EmailOperator): send_email>, prepare_email already registered for DAG: example_dag_decorator
[2023-03-29T03:31:35.440+0000] {processor.py:753} INFO - DAG(s) dict_keys(['example_dag_decorator']) retrieved from /home/airflow/.local/lib/python3.7/site-packages/airflow/example_dags/example_dag_decorator.py
[2023-03-29T03:31:35.514+0000] {logging_mixin.py:137} INFO - [2023-03-29T03:31:35.513+0000] {dag.py:2693} INFO - Sync 1 DAGs
[2023-03-29T03:31:35.535+0000] {logging_mixin.py:137} INFO - [2023-03-29T03:31:35.535+0000] {dag.py:3444} INFO - Setting next_dagrun for example_dag_decorator to None, run_after=None
[2023-03-29T03:31:35.553+0000] {processor.py:175} INFO - Processing /home/airflow/.local/lib/python3.7/site-packages/airflow/example_dags/example_dag_decorator.py took 0.168 seconds
[2023-03-29T03:32:06.043+0000] {processor.py:153} INFO - Started process (PID=608) to work on /home/airflow/.local/lib/python3.7/site-packages/airflow/example_dags/example_dag_decorator.py
[2023-03-29T03:32:06.046+0000] {processor.py:743} INFO - Processing file /home/airflow/.local/lib/python3.7/site-packages/airflow/example_dags/example_dag_decorator.py for tasks to queue
[2023-03-29T03:32:06.048+0000] {logging_mixin.py:137} INFO - [2023-03-29T03:32:06.048+0000] {dagbag.py:532} INFO - Filling up the DagBag from /home/airflow/.local/lib/python3.7/site-packages/airflow/example_dags/example_dag_decorator.py
[2023-03-29T03:32:06.067+0000] {logging_mixin.py:137} INFO - [2023-03-29T03:32:06.067+0000] {taskmixin.py:211} WARNING - Dependency <Task(_PythonDecoratedOperator): prepare_email>, send_email already registered for DAG: example_dag_decorator
[2023-03-29T03:32:06.070+0000] {logging_mixin.py:137} INFO - [2023-03-29T03:32:06.070+0000] {taskmixin.py:211} WARNING - Dependency <Task(EmailOperator): send_email>, prepare_email already registered for DAG: example_dag_decorator
[2023-03-29T03:32:06.099+0000] {processor.py:753} INFO - DAG(s) dict_keys(['example_dag_decorator']) retrieved from /home/airflow/.local/lib/python3.7/site-packages/airflow/example_dags/example_dag_decorator.py
[2023-03-29T03:32:06.162+0000] {logging_mixin.py:137} INFO - [2023-03-29T03:32:06.162+0000] {dag.py:2693} INFO - Sync 1 DAGs
[2023-03-29T03:32:06.180+0000] {logging_mixin.py:137} INFO - [2023-03-29T03:32:06.180+0000] {dag.py:3444} INFO - Setting next_dagrun for example_dag_decorator to None, run_after=None
[2023-03-29T03:32:06.194+0000] {processor.py:175} INFO - Processing /home/airflow/.local/lib/python3.7/site-packages/airflow/example_dags/example_dag_decorator.py took 0.157 seconds
[2023-03-29T03:32:37.097+0000] {processor.py:153} INFO - Started process (PID=658) to work on /home/airflow/.local/lib/python3.7/site-packages/airflow/example_dags/example_dag_decorator.py
[2023-03-29T03:32:37.100+0000] {processor.py:743} INFO - Processing file /home/airflow/.local/lib/python3.7/site-packages/airflow/example_dags/example_dag_decorator.py for tasks to queue
[2023-03-29T03:32:37.102+0000] {logging_mixin.py:137} INFO - [2023-03-29T03:32:37.102+0000] {dagbag.py:532} INFO - Filling up the DagBag from /home/airflow/.local/lib/python3.7/site-packages/airflow/example_dags/example_dag_decorator.py
[2023-03-29T03:32:37.124+0000] {logging_mixin.py:137} INFO - [2023-03-29T03:32:37.124+0000] {taskmixin.py:211} WARNING - Dependency <Task(_PythonDecoratedOperator): prepare_email>, send_email already registered for DAG: example_dag_decorator
[2023-03-29T03:32:37.126+0000] {logging_mixin.py:137} INFO - [2023-03-29T03:32:37.126+0000] {taskmixin.py:211} WARNING - Dependency <Task(EmailOperator): send_email>, prepare_email already registered for DAG: example_dag_decorator
[2023-03-29T03:32:37.151+0000] {processor.py:753} INFO - DAG(s) dict_keys(['example_dag_decorator']) retrieved from /home/airflow/.local/lib/python3.7/site-packages/airflow/example_dags/example_dag_decorator.py
[2023-03-29T03:32:37.228+0000] {logging_mixin.py:137} INFO - [2023-03-29T03:32:37.227+0000] {dag.py:2693} INFO - Sync 1 DAGs
[2023-03-29T03:32:37.248+0000] {logging_mixin.py:137} INFO - [2023-03-29T03:32:37.248+0000] {dag.py:3444} INFO - Setting next_dagrun for example_dag_decorator to None, run_after=None
[2023-03-29T03:32:37.268+0000] {processor.py:175} INFO - Processing /home/airflow/.local/lib/python3.7/site-packages/airflow/example_dags/example_dag_decorator.py took 0.179 seconds
[2023-03-29T03:33:07.768+0000] {processor.py:153} INFO - Started process (PID=707) to work on /home/airflow/.local/lib/python3.7/site-packages/airflow/example_dags/example_dag_decorator.py
[2023-03-29T03:33:07.772+0000] {processor.py:743} INFO - Processing file /home/airflow/.local/lib/python3.7/site-packages/airflow/example_dags/example_dag_decorator.py for tasks to queue
[2023-03-29T03:33:07.773+0000] {logging_mixin.py:137} INFO - [2023-03-29T03:33:07.773+0000] {dagbag.py:532} INFO - Filling up the DagBag from /home/airflow/.local/lib/python3.7/site-packages/airflow/example_dags/example_dag_decorator.py
[2023-03-29T03:33:07.805+0000] {logging_mixin.py:137} INFO - [2023-03-29T03:33:07.805+0000] {taskmixin.py:211} WARNING - Dependency <Task(_PythonDecoratedOperator): prepare_email>, send_email already registered for DAG: example_dag_decorator
[2023-03-29T03:33:07.807+0000] {logging_mixin.py:137} INFO - [2023-03-29T03:33:07.807+0000] {taskmixin.py:211} WARNING - Dependency <Task(EmailOperator): send_email>, prepare_email already registered for DAG: example_dag_decorator
[2023-03-29T03:33:07.837+0000] {processor.py:753} INFO - DAG(s) dict_keys(['example_dag_decorator']) retrieved from /home/airflow/.local/lib/python3.7/site-packages/airflow/example_dags/example_dag_decorator.py
[2023-03-29T03:33:07.906+0000] {logging_mixin.py:137} INFO - [2023-03-29T03:33:07.905+0000] {dag.py:2693} INFO - Sync 1 DAGs
[2023-03-29T03:33:07.927+0000] {logging_mixin.py:137} INFO - [2023-03-29T03:33:07.927+0000] {dag.py:3444} INFO - Setting next_dagrun for example_dag_decorator to None, run_after=None
[2023-03-29T03:33:07.943+0000] {processor.py:175} INFO - Processing /home/airflow/.local/lib/python3.7/site-packages/airflow/example_dags/example_dag_decorator.py took 0.179 seconds
[2023-03-29T03:33:38.678+0000] {processor.py:153} INFO - Started process (PID=756) to work on /home/airflow/.local/lib/python3.7/site-packages/airflow/example_dags/example_dag_decorator.py
[2023-03-29T03:33:38.682+0000] {processor.py:743} INFO - Processing file /home/airflow/.local/lib/python3.7/site-packages/airflow/example_dags/example_dag_decorator.py for tasks to queue
[2023-03-29T03:33:38.684+0000] {logging_mixin.py:137} INFO - [2023-03-29T03:33:38.684+0000] {dagbag.py:532} INFO - Filling up the DagBag from /home/airflow/.local/lib/python3.7/site-packages/airflow/example_dags/example_dag_decorator.py
[2023-03-29T03:33:38.704+0000] {logging_mixin.py:137} INFO - [2023-03-29T03:33:38.704+0000] {taskmixin.py:211} WARNING - Dependency <Task(_PythonDecoratedOperator): prepare_email>, send_email already registered for DAG: example_dag_decorator
[2023-03-29T03:33:38.705+0000] {logging_mixin.py:137} INFO - [2023-03-29T03:33:38.705+0000] {taskmixin.py:211} WARNING - Dependency <Task(EmailOperator): send_email>, prepare_email already registered for DAG: example_dag_decorator
[2023-03-29T03:33:38.725+0000] {processor.py:753} INFO - DAG(s) dict_keys(['example_dag_decorator']) retrieved from /home/airflow/.local/lib/python3.7/site-packages/airflow/example_dags/example_dag_decorator.py
[2023-03-29T03:33:38.805+0000] {logging_mixin.py:137} INFO - [2023-03-29T03:33:38.804+0000] {dag.py:2693} INFO - Sync 1 DAGs
[2023-03-29T03:33:38.823+0000] {logging_mixin.py:137} INFO - [2023-03-29T03:33:38.822+0000] {dag.py:3444} INFO - Setting next_dagrun for example_dag_decorator to None, run_after=None
[2023-03-29T03:33:38.844+0000] {processor.py:175} INFO - Processing /home/airflow/.local/lib/python3.7/site-packages/airflow/example_dags/example_dag_decorator.py took 0.173 seconds
[2023-03-29T03:34:09.343+0000] {processor.py:153} INFO - Started process (PID=805) to work on /home/airflow/.local/lib/python3.7/site-packages/airflow/example_dags/example_dag_decorator.py
[2023-03-29T03:34:09.345+0000] {processor.py:743} INFO - Processing file /home/airflow/.local/lib/python3.7/site-packages/airflow/example_dags/example_dag_decorator.py for tasks to queue
[2023-03-29T03:34:09.346+0000] {logging_mixin.py:137} INFO - [2023-03-29T03:34:09.346+0000] {dagbag.py:532} INFO - Filling up the DagBag from /home/airflow/.local/lib/python3.7/site-packages/airflow/example_dags/example_dag_decorator.py
[2023-03-29T03:34:09.358+0000] {logging_mixin.py:137} INFO - [2023-03-29T03:34:09.358+0000] {taskmixin.py:211} WARNING - Dependency <Task(_PythonDecoratedOperator): prepare_email>, send_email already registered for DAG: example_dag_decorator
[2023-03-29T03:34:09.359+0000] {logging_mixin.py:137} INFO - [2023-03-29T03:34:09.359+0000] {taskmixin.py:211} WARNING - Dependency <Task(EmailOperator): send_email>, prepare_email already registered for DAG: example_dag_decorator
[2023-03-29T03:34:09.380+0000] {processor.py:753} INFO - DAG(s) dict_keys(['example_dag_decorator']) retrieved from /home/airflow/.local/lib/python3.7/site-packages/airflow/example_dags/example_dag_decorator.py
[2023-03-29T03:34:09.450+0000] {logging_mixin.py:137} INFO - [2023-03-29T03:34:09.449+0000] {dag.py:2693} INFO - Sync 1 DAGs
[2023-03-29T03:34:09.472+0000] {logging_mixin.py:137} INFO - [2023-03-29T03:34:09.471+0000] {dag.py:3444} INFO - Setting next_dagrun for example_dag_decorator to None, run_after=None
[2023-03-29T03:34:09.486+0000] {processor.py:175} INFO - Processing /home/airflow/.local/lib/python3.7/site-packages/airflow/example_dags/example_dag_decorator.py took 0.146 seconds
[2023-03-29T03:34:39.920+0000] {processor.py:153} INFO - Started process (PID=855) to work on /home/airflow/.local/lib/python3.7/site-packages/airflow/example_dags/example_dag_decorator.py
[2023-03-29T03:34:39.926+0000] {processor.py:743} INFO - Processing file /home/airflow/.local/lib/python3.7/site-packages/airflow/example_dags/example_dag_decorator.py for tasks to queue
[2023-03-29T03:34:39.930+0000] {logging_mixin.py:137} INFO - [2023-03-29T03:34:39.929+0000] {dagbag.py:532} INFO - Filling up the DagBag from /home/airflow/.local/lib/python3.7/site-packages/airflow/example_dags/example_dag_decorator.py
[2023-03-29T03:34:39.955+0000] {logging_mixin.py:137} INFO - [2023-03-29T03:34:39.955+0000] {taskmixin.py:211} WARNING - Dependency <Task(_PythonDecoratedOperator): prepare_email>, send_email already registered for DAG: example_dag_decorator
[2023-03-29T03:34:39.957+0000] {logging_mixin.py:137} INFO - [2023-03-29T03:34:39.957+0000] {taskmixin.py:211} WARNING - Dependency <Task(EmailOperator): send_email>, prepare_email already registered for DAG: example_dag_decorator
[2023-03-29T03:34:39.971+0000] {processor.py:753} INFO - DAG(s) dict_keys(['example_dag_decorator']) retrieved from /home/airflow/.local/lib/python3.7/site-packages/airflow/example_dags/example_dag_decorator.py
[2023-03-29T03:34:40.021+0000] {logging_mixin.py:137} INFO - [2023-03-29T03:34:40.021+0000] {dag.py:2693} INFO - Sync 1 DAGs
[2023-03-29T03:34:40.038+0000] {logging_mixin.py:137} INFO - [2023-03-29T03:34:40.038+0000] {dag.py:3444} INFO - Setting next_dagrun for example_dag_decorator to None, run_after=None
[2023-03-29T03:34:40.084+0000] {processor.py:175} INFO - Processing /home/airflow/.local/lib/python3.7/site-packages/airflow/example_dags/example_dag_decorator.py took 0.171 seconds
[2023-03-29T03:35:10.552+0000] {processor.py:153} INFO - Started process (PID=904) to work on /home/airflow/.local/lib/python3.7/site-packages/airflow/example_dags/example_dag_decorator.py
[2023-03-29T03:35:10.555+0000] {processor.py:743} INFO - Processing file /home/airflow/.local/lib/python3.7/site-packages/airflow/example_dags/example_dag_decorator.py for tasks to queue
[2023-03-29T03:35:10.558+0000] {logging_mixin.py:137} INFO - [2023-03-29T03:35:10.558+0000] {dagbag.py:532} INFO - Filling up the DagBag from /home/airflow/.local/lib/python3.7/site-packages/airflow/example_dags/example_dag_decorator.py
[2023-03-29T03:35:10.580+0000] {logging_mixin.py:137} INFO - [2023-03-29T03:35:10.579+0000] {taskmixin.py:211} WARNING - Dependency <Task(_PythonDecoratedOperator): prepare_email>, send_email already registered for DAG: example_dag_decorator
[2023-03-29T03:35:10.581+0000] {logging_mixin.py:137} INFO - [2023-03-29T03:35:10.581+0000] {taskmixin.py:211} WARNING - Dependency <Task(EmailOperator): send_email>, prepare_email already registered for DAG: example_dag_decorator
[2023-03-29T03:35:10.592+0000] {processor.py:753} INFO - DAG(s) dict_keys(['example_dag_decorator']) retrieved from /home/airflow/.local/lib/python3.7/site-packages/airflow/example_dags/example_dag_decorator.py
[2023-03-29T03:35:10.638+0000] {logging_mixin.py:137} INFO - [2023-03-29T03:35:10.638+0000] {dag.py:2693} INFO - Sync 1 DAGs
[2023-03-29T03:35:10.656+0000] {logging_mixin.py:137} INFO - [2023-03-29T03:35:10.656+0000] {dag.py:3444} INFO - Setting next_dagrun for example_dag_decorator to None, run_after=None
[2023-03-29T03:35:10.672+0000] {processor.py:175} INFO - Processing /home/airflow/.local/lib/python3.7/site-packages/airflow/example_dags/example_dag_decorator.py took 0.126 seconds
[2023-03-29T03:35:41.313+0000] {processor.py:153} INFO - Started process (PID=953) to work on /home/airflow/.local/lib/python3.7/site-packages/airflow/example_dags/example_dag_decorator.py
[2023-03-29T03:35:41.316+0000] {processor.py:743} INFO - Processing file /home/airflow/.local/lib/python3.7/site-packages/airflow/example_dags/example_dag_decorator.py for tasks to queue
[2023-03-29T03:35:41.318+0000] {logging_mixin.py:137} INFO - [2023-03-29T03:35:41.318+0000] {dagbag.py:532} INFO - Filling up the DagBag from /home/airflow/.local/lib/python3.7/site-packages/airflow/example_dags/example_dag_decorator.py
[2023-03-29T03:35:41.338+0000] {logging_mixin.py:137} INFO - [2023-03-29T03:35:41.338+0000] {taskmixin.py:211} WARNING - Dependency <Task(_PythonDecoratedOperator): prepare_email>, send_email already registered for DAG: example_dag_decorator
[2023-03-29T03:35:41.340+0000] {logging_mixin.py:137} INFO - [2023-03-29T03:35:41.340+0000] {taskmixin.py:211} WARNING - Dependency <Task(EmailOperator): send_email>, prepare_email already registered for DAG: example_dag_decorator
[2023-03-29T03:35:41.353+0000] {processor.py:753} INFO - DAG(s) dict_keys(['example_dag_decorator']) retrieved from /home/airflow/.local/lib/python3.7/site-packages/airflow/example_dags/example_dag_decorator.py
[2023-03-29T03:35:41.403+0000] {logging_mixin.py:137} INFO - [2023-03-29T03:35:41.403+0000] {dag.py:2693} INFO - Sync 1 DAGs
[2023-03-29T03:35:41.424+0000] {logging_mixin.py:137} INFO - [2023-03-29T03:35:41.424+0000] {dag.py:3444} INFO - Setting next_dagrun for example_dag_decorator to None, run_after=None
[2023-03-29T03:35:41.441+0000] {processor.py:175} INFO - Processing /home/airflow/.local/lib/python3.7/site-packages/airflow/example_dags/example_dag_decorator.py took 0.133 seconds
[2023-03-29T03:36:12.052+0000] {processor.py:153} INFO - Started process (PID=1002) to work on /home/airflow/.local/lib/python3.7/site-packages/airflow/example_dags/example_dag_decorator.py
[2023-03-29T03:36:12.055+0000] {processor.py:743} INFO - Processing file /home/airflow/.local/lib/python3.7/site-packages/airflow/example_dags/example_dag_decorator.py for tasks to queue
[2023-03-29T03:36:12.057+0000] {logging_mixin.py:137} INFO - [2023-03-29T03:36:12.057+0000] {dagbag.py:532} INFO - Filling up the DagBag from /home/airflow/.local/lib/python3.7/site-packages/airflow/example_dags/example_dag_decorator.py
[2023-03-29T03:36:12.076+0000] {logging_mixin.py:137} INFO - [2023-03-29T03:36:12.075+0000] {taskmixin.py:211} WARNING - Dependency <Task(_PythonDecoratedOperator): prepare_email>, send_email already registered for DAG: example_dag_decorator
[2023-03-29T03:36:12.077+0000] {logging_mixin.py:137} INFO - [2023-03-29T03:36:12.077+0000] {taskmixin.py:211} WARNING - Dependency <Task(EmailOperator): send_email>, prepare_email already registered for DAG: example_dag_decorator
[2023-03-29T03:36:12.089+0000] {processor.py:753} INFO - DAG(s) dict_keys(['example_dag_decorator']) retrieved from /home/airflow/.local/lib/python3.7/site-packages/airflow/example_dags/example_dag_decorator.py
[2023-03-29T03:36:12.144+0000] {logging_mixin.py:137} INFO - [2023-03-29T03:36:12.144+0000] {dag.py:2693} INFO - Sync 1 DAGs
[2023-03-29T03:36:12.161+0000] {logging_mixin.py:137} INFO - [2023-03-29T03:36:12.161+0000] {dag.py:3444} INFO - Setting next_dagrun for example_dag_decorator to None, run_after=None
[2023-03-29T03:36:12.175+0000] {processor.py:175} INFO - Processing /home/airflow/.local/lib/python3.7/site-packages/airflow/example_dags/example_dag_decorator.py took 0.129 seconds
[2023-03-29T03:36:42.710+0000] {processor.py:153} INFO - Started process (PID=1052) to work on /home/airflow/.local/lib/python3.7/site-packages/airflow/example_dags/example_dag_decorator.py
[2023-03-29T03:36:42.713+0000] {processor.py:743} INFO - Processing file /home/airflow/.local/lib/python3.7/site-packages/airflow/example_dags/example_dag_decorator.py for tasks to queue
[2023-03-29T03:36:42.715+0000] {logging_mixin.py:137} INFO - [2023-03-29T03:36:42.715+0000] {dagbag.py:532} INFO - Filling up the DagBag from /home/airflow/.local/lib/python3.7/site-packages/airflow/example_dags/example_dag_decorator.py
[2023-03-29T03:36:42.734+0000] {logging_mixin.py:137} INFO - [2023-03-29T03:36:42.734+0000] {taskmixin.py:211} WARNING - Dependency <Task(_PythonDecoratedOperator): prepare_email>, send_email already registered for DAG: example_dag_decorator
[2023-03-29T03:36:42.735+0000] {logging_mixin.py:137} INFO - [2023-03-29T03:36:42.735+0000] {taskmixin.py:211} WARNING - Dependency <Task(EmailOperator): send_email>, prepare_email already registered for DAG: example_dag_decorator
[2023-03-29T03:36:42.750+0000] {processor.py:753} INFO - DAG(s) dict_keys(['example_dag_decorator']) retrieved from /home/airflow/.local/lib/python3.7/site-packages/airflow/example_dags/example_dag_decorator.py
[2023-03-29T03:36:42.827+0000] {logging_mixin.py:137} INFO - [2023-03-29T03:36:42.827+0000] {dag.py:2693} INFO - Sync 1 DAGs
[2023-03-29T03:36:42.853+0000] {logging_mixin.py:137} INFO - [2023-03-29T03:36:42.853+0000] {dag.py:3444} INFO - Setting next_dagrun for example_dag_decorator to None, run_after=None
[2023-03-29T03:36:42.870+0000] {processor.py:175} INFO - Processing /home/airflow/.local/lib/python3.7/site-packages/airflow/example_dags/example_dag_decorator.py took 0.168 seconds
[2023-03-29T03:37:13.377+0000] {processor.py:153} INFO - Started process (PID=1101) to work on /home/airflow/.local/lib/python3.7/site-packages/airflow/example_dags/example_dag_decorator.py
[2023-03-29T03:37:13.380+0000] {processor.py:743} INFO - Processing file /home/airflow/.local/lib/python3.7/site-packages/airflow/example_dags/example_dag_decorator.py for tasks to queue
[2023-03-29T03:37:13.382+0000] {logging_mixin.py:137} INFO - [2023-03-29T03:37:13.382+0000] {dagbag.py:532} INFO - Filling up the DagBag from /home/airflow/.local/lib/python3.7/site-packages/airflow/example_dags/example_dag_decorator.py
[2023-03-29T03:37:13.406+0000] {logging_mixin.py:137} INFO - [2023-03-29T03:37:13.406+0000] {taskmixin.py:211} WARNING - Dependency <Task(_PythonDecoratedOperator): prepare_email>, send_email already registered for DAG: example_dag_decorator
[2023-03-29T03:37:13.408+0000] {logging_mixin.py:137} INFO - [2023-03-29T03:37:13.408+0000] {taskmixin.py:211} WARNING - Dependency <Task(EmailOperator): send_email>, prepare_email already registered for DAG: example_dag_decorator
[2023-03-29T03:37:13.422+0000] {processor.py:753} INFO - DAG(s) dict_keys(['example_dag_decorator']) retrieved from /home/airflow/.local/lib/python3.7/site-packages/airflow/example_dags/example_dag_decorator.py
[2023-03-29T03:37:13.478+0000] {logging_mixin.py:137} INFO - [2023-03-29T03:37:13.477+0000] {dag.py:2693} INFO - Sync 1 DAGs
[2023-03-29T03:37:13.495+0000] {logging_mixin.py:137} INFO - [2023-03-29T03:37:13.494+0000] {dag.py:3444} INFO - Setting next_dagrun for example_dag_decorator to None, run_after=None
[2023-03-29T03:37:13.508+0000] {processor.py:175} INFO - Processing /home/airflow/.local/lib/python3.7/site-packages/airflow/example_dags/example_dag_decorator.py took 0.139 seconds
[2023-03-29T03:37:43.974+0000] {processor.py:153} INFO - Started process (PID=1150) to work on /home/airflow/.local/lib/python3.7/site-packages/airflow/example_dags/example_dag_decorator.py
[2023-03-29T03:37:43.976+0000] {processor.py:743} INFO - Processing file /home/airflow/.local/lib/python3.7/site-packages/airflow/example_dags/example_dag_decorator.py for tasks to queue
[2023-03-29T03:37:43.977+0000] {logging_mixin.py:137} INFO - [2023-03-29T03:37:43.977+0000] {dagbag.py:532} INFO - Filling up the DagBag from /home/airflow/.local/lib/python3.7/site-packages/airflow/example_dags/example_dag_decorator.py
[2023-03-29T03:37:43.994+0000] {logging_mixin.py:137} INFO - [2023-03-29T03:37:43.994+0000] {taskmixin.py:211} WARNING - Dependency <Task(_PythonDecoratedOperator): prepare_email>, send_email already registered for DAG: example_dag_decorator
[2023-03-29T03:37:43.996+0000] {logging_mixin.py:137} INFO - [2023-03-29T03:37:43.996+0000] {taskmixin.py:211} WARNING - Dependency <Task(EmailOperator): send_email>, prepare_email already registered for DAG: example_dag_decorator
[2023-03-29T03:37:44.005+0000] {processor.py:753} INFO - DAG(s) dict_keys(['example_dag_decorator']) retrieved from /home/airflow/.local/lib/python3.7/site-packages/airflow/example_dags/example_dag_decorator.py
[2023-03-29T03:37:44.052+0000] {logging_mixin.py:137} INFO - [2023-03-29T03:37:44.052+0000] {dag.py:2693} INFO - Sync 1 DAGs
[2023-03-29T03:37:44.069+0000] {logging_mixin.py:137} INFO - [2023-03-29T03:37:44.069+0000] {dag.py:3444} INFO - Setting next_dagrun for example_dag_decorator to None, run_after=None
[2023-03-29T03:37:44.083+0000] {processor.py:175} INFO - Processing /home/airflow/.local/lib/python3.7/site-packages/airflow/example_dags/example_dag_decorator.py took 0.113 seconds
[2023-03-29T03:38:14.533+0000] {processor.py:153} INFO - Started process (PID=1199) to work on /home/airflow/.local/lib/python3.7/site-packages/airflow/example_dags/example_dag_decorator.py
[2023-03-29T03:38:14.535+0000] {processor.py:743} INFO - Processing file /home/airflow/.local/lib/python3.7/site-packages/airflow/example_dags/example_dag_decorator.py for tasks to queue
[2023-03-29T03:38:14.536+0000] {logging_mixin.py:137} INFO - [2023-03-29T03:38:14.536+0000] {dagbag.py:532} INFO - Filling up the DagBag from /home/airflow/.local/lib/python3.7/site-packages/airflow/example_dags/example_dag_decorator.py
[2023-03-29T03:38:14.555+0000] {logging_mixin.py:137} INFO - [2023-03-29T03:38:14.555+0000] {taskmixin.py:211} WARNING - Dependency <Task(_PythonDecoratedOperator): prepare_email>, send_email already registered for DAG: example_dag_decorator
[2023-03-29T03:38:14.557+0000] {logging_mixin.py:137} INFO - [2023-03-29T03:38:14.557+0000] {taskmixin.py:211} WARNING - Dependency <Task(EmailOperator): send_email>, prepare_email already registered for DAG: example_dag_decorator
[2023-03-29T03:38:14.571+0000] {processor.py:753} INFO - DAG(s) dict_keys(['example_dag_decorator']) retrieved from /home/airflow/.local/lib/python3.7/site-packages/airflow/example_dags/example_dag_decorator.py
[2023-03-29T03:38:14.624+0000] {logging_mixin.py:137} INFO - [2023-03-29T03:38:14.623+0000] {dag.py:2693} INFO - Sync 1 DAGs
[2023-03-29T03:38:14.645+0000] {logging_mixin.py:137} INFO - [2023-03-29T03:38:14.645+0000] {dag.py:3444} INFO - Setting next_dagrun for example_dag_decorator to None, run_after=None
[2023-03-29T03:38:14.658+0000] {processor.py:175} INFO - Processing /home/airflow/.local/lib/python3.7/site-packages/airflow/example_dags/example_dag_decorator.py took 0.130 seconds
[2023-03-29T03:38:45.241+0000] {processor.py:153} INFO - Started process (PID=1248) to work on /home/airflow/.local/lib/python3.7/site-packages/airflow/example_dags/example_dag_decorator.py
[2023-03-29T03:38:45.245+0000] {processor.py:743} INFO - Processing file /home/airflow/.local/lib/python3.7/site-packages/airflow/example_dags/example_dag_decorator.py for tasks to queue
[2023-03-29T03:38:45.247+0000] {logging_mixin.py:137} INFO - [2023-03-29T03:38:45.247+0000] {dagbag.py:532} INFO - Filling up the DagBag from /home/airflow/.local/lib/python3.7/site-packages/airflow/example_dags/example_dag_decorator.py
[2023-03-29T03:38:45.271+0000] {logging_mixin.py:137} INFO - [2023-03-29T03:38:45.271+0000] {taskmixin.py:211} WARNING - Dependency <Task(_PythonDecoratedOperator): prepare_email>, send_email already registered for DAG: example_dag_decorator
[2023-03-29T03:38:45.274+0000] {logging_mixin.py:137} INFO - [2023-03-29T03:38:45.274+0000] {taskmixin.py:211} WARNING - Dependency <Task(EmailOperator): send_email>, prepare_email already registered for DAG: example_dag_decorator
[2023-03-29T03:38:45.292+0000] {processor.py:753} INFO - DAG(s) dict_keys(['example_dag_decorator']) retrieved from /home/airflow/.local/lib/python3.7/site-packages/airflow/example_dags/example_dag_decorator.py
[2023-03-29T03:38:45.351+0000] {logging_mixin.py:137} INFO - [2023-03-29T03:38:45.351+0000] {dag.py:2693} INFO - Sync 1 DAGs
[2023-03-29T03:38:45.370+0000] {logging_mixin.py:137} INFO - [2023-03-29T03:38:45.370+0000] {dag.py:3444} INFO - Setting next_dagrun for example_dag_decorator to None, run_after=None
[2023-03-29T03:38:45.391+0000] {processor.py:175} INFO - Processing /home/airflow/.local/lib/python3.7/site-packages/airflow/example_dags/example_dag_decorator.py took 0.157 seconds
[2023-03-29T03:39:15.825+0000] {processor.py:153} INFO - Started process (PID=1298) to work on /home/airflow/.local/lib/python3.7/site-packages/airflow/example_dags/example_dag_decorator.py
[2023-03-29T03:39:15.830+0000] {processor.py:743} INFO - Processing file /home/airflow/.local/lib/python3.7/site-packages/airflow/example_dags/example_dag_decorator.py for tasks to queue
[2023-03-29T03:39:15.832+0000] {logging_mixin.py:137} INFO - [2023-03-29T03:39:15.832+0000] {dagbag.py:532} INFO - Filling up the DagBag from /home/airflow/.local/lib/python3.7/site-packages/airflow/example_dags/example_dag_decorator.py
[2023-03-29T03:39:15.860+0000] {logging_mixin.py:137} INFO - [2023-03-29T03:39:15.860+0000] {taskmixin.py:211} WARNING - Dependency <Task(_PythonDecoratedOperator): prepare_email>, send_email already registered for DAG: example_dag_decorator
[2023-03-29T03:39:15.861+0000] {logging_mixin.py:137} INFO - [2023-03-29T03:39:15.861+0000] {taskmixin.py:211} WARNING - Dependency <Task(EmailOperator): send_email>, prepare_email already registered for DAG: example_dag_decorator
[2023-03-29T03:39:15.886+0000] {processor.py:753} INFO - DAG(s) dict_keys(['example_dag_decorator']) retrieved from /home/airflow/.local/lib/python3.7/site-packages/airflow/example_dags/example_dag_decorator.py
[2023-03-29T03:39:15.984+0000] {logging_mixin.py:137} INFO - [2023-03-29T03:39:15.984+0000] {dag.py:2693} INFO - Sync 1 DAGs
[2023-03-29T03:39:16.009+0000] {logging_mixin.py:137} INFO - [2023-03-29T03:39:16.008+0000] {dag.py:3444} INFO - Setting next_dagrun for example_dag_decorator to None, run_after=None
[2023-03-29T03:39:16.026+0000] {processor.py:175} INFO - Processing /home/airflow/.local/lib/python3.7/site-packages/airflow/example_dags/example_dag_decorator.py took 0.208 seconds
[2023-03-29T03:39:46.393+0000] {processor.py:153} INFO - Started process (PID=1347) to work on /home/airflow/.local/lib/python3.7/site-packages/airflow/example_dags/example_dag_decorator.py
[2023-03-29T03:39:46.396+0000] {processor.py:743} INFO - Processing file /home/airflow/.local/lib/python3.7/site-packages/airflow/example_dags/example_dag_decorator.py for tasks to queue
[2023-03-29T03:39:46.398+0000] {logging_mixin.py:137} INFO - [2023-03-29T03:39:46.398+0000] {dagbag.py:532} INFO - Filling up the DagBag from /home/airflow/.local/lib/python3.7/site-packages/airflow/example_dags/example_dag_decorator.py
[2023-03-29T03:39:46.425+0000] {logging_mixin.py:137} INFO - [2023-03-29T03:39:46.425+0000] {taskmixin.py:211} WARNING - Dependency <Task(_PythonDecoratedOperator): prepare_email>, send_email already registered for DAG: example_dag_decorator
[2023-03-29T03:39:46.430+0000] {logging_mixin.py:137} INFO - [2023-03-29T03:39:46.427+0000] {taskmixin.py:211} WARNING - Dependency <Task(EmailOperator): send_email>, prepare_email already registered for DAG: example_dag_decorator
[2023-03-29T03:39:46.446+0000] {processor.py:753} INFO - DAG(s) dict_keys(['example_dag_decorator']) retrieved from /home/airflow/.local/lib/python3.7/site-packages/airflow/example_dags/example_dag_decorator.py
[2023-03-29T03:39:46.508+0000] {logging_mixin.py:137} INFO - [2023-03-29T03:39:46.507+0000] {dag.py:2693} INFO - Sync 1 DAGs
[2023-03-29T03:39:46.530+0000] {logging_mixin.py:137} INFO - [2023-03-29T03:39:46.530+0000] {dag.py:3444} INFO - Setting next_dagrun for example_dag_decorator to None, run_after=None
[2023-03-29T03:39:46.547+0000] {processor.py:175} INFO - Processing /home/airflow/.local/lib/python3.7/site-packages/airflow/example_dags/example_dag_decorator.py took 0.161 seconds
[2023-03-29T03:40:17.313+0000] {processor.py:153} INFO - Started process (PID=1396) to work on /home/airflow/.local/lib/python3.7/site-packages/airflow/example_dags/example_dag_decorator.py
[2023-03-29T03:40:17.316+0000] {processor.py:743} INFO - Processing file /home/airflow/.local/lib/python3.7/site-packages/airflow/example_dags/example_dag_decorator.py for tasks to queue
[2023-03-29T03:40:17.318+0000] {logging_mixin.py:137} INFO - [2023-03-29T03:40:17.318+0000] {dagbag.py:532} INFO - Filling up the DagBag from /home/airflow/.local/lib/python3.7/site-packages/airflow/example_dags/example_dag_decorator.py
[2023-03-29T03:40:17.343+0000] {logging_mixin.py:137} INFO - [2023-03-29T03:40:17.342+0000] {taskmixin.py:211} WARNING - Dependency <Task(_PythonDecoratedOperator): prepare_email>, send_email already registered for DAG: example_dag_decorator
[2023-03-29T03:40:17.344+0000] {logging_mixin.py:137} INFO - [2023-03-29T03:40:17.344+0000] {taskmixin.py:211} WARNING - Dependency <Task(EmailOperator): send_email>, prepare_email already registered for DAG: example_dag_decorator
[2023-03-29T03:40:17.357+0000] {processor.py:753} INFO - DAG(s) dict_keys(['example_dag_decorator']) retrieved from /home/airflow/.local/lib/python3.7/site-packages/airflow/example_dags/example_dag_decorator.py
[2023-03-29T03:40:17.407+0000] {logging_mixin.py:137} INFO - [2023-03-29T03:40:17.407+0000] {dag.py:2693} INFO - Sync 1 DAGs
[2023-03-29T03:40:17.425+0000] {logging_mixin.py:137} INFO - [2023-03-29T03:40:17.425+0000] {dag.py:3444} INFO - Setting next_dagrun for example_dag_decorator to None, run_after=None
[2023-03-29T03:40:17.439+0000] {processor.py:175} INFO - Processing /home/airflow/.local/lib/python3.7/site-packages/airflow/example_dags/example_dag_decorator.py took 0.131 seconds
[2023-03-29T03:40:48.039+0000] {processor.py:153} INFO - Started process (PID=1445) to work on /home/airflow/.local/lib/python3.7/site-packages/airflow/example_dags/example_dag_decorator.py
[2023-03-29T03:40:48.043+0000] {processor.py:743} INFO - Processing file /home/airflow/.local/lib/python3.7/site-packages/airflow/example_dags/example_dag_decorator.py for tasks to queue
[2023-03-29T03:40:48.046+0000] {logging_mixin.py:137} INFO - [2023-03-29T03:40:48.046+0000] {dagbag.py:532} INFO - Filling up the DagBag from /home/airflow/.local/lib/python3.7/site-packages/airflow/example_dags/example_dag_decorator.py
[2023-03-29T03:40:48.070+0000] {logging_mixin.py:137} INFO - [2023-03-29T03:40:48.070+0000] {taskmixin.py:211} WARNING - Dependency <Task(_PythonDecoratedOperator): prepare_email>, send_email already registered for DAG: example_dag_decorator
[2023-03-29T03:40:48.072+0000] {logging_mixin.py:137} INFO - [2023-03-29T03:40:48.071+0000] {taskmixin.py:211} WARNING - Dependency <Task(EmailOperator): send_email>, prepare_email already registered for DAG: example_dag_decorator
[2023-03-29T03:40:48.088+0000] {processor.py:753} INFO - DAG(s) dict_keys(['example_dag_decorator']) retrieved from /home/airflow/.local/lib/python3.7/site-packages/airflow/example_dags/example_dag_decorator.py
[2023-03-29T03:40:48.150+0000] {logging_mixin.py:137} INFO - [2023-03-29T03:40:48.149+0000] {dag.py:2693} INFO - Sync 1 DAGs
[2023-03-29T03:40:48.168+0000] {logging_mixin.py:137} INFO - [2023-03-29T03:40:48.168+0000] {dag.py:3444} INFO - Setting next_dagrun for example_dag_decorator to None, run_after=None
[2023-03-29T03:40:48.186+0000] {processor.py:175} INFO - Processing /home/airflow/.local/lib/python3.7/site-packages/airflow/example_dags/example_dag_decorator.py took 0.158 seconds
[2023-03-29T03:41:18.534+0000] {processor.py:153} INFO - Started process (PID=1494) to work on /home/airflow/.local/lib/python3.7/site-packages/airflow/example_dags/example_dag_decorator.py
[2023-03-29T03:41:18.545+0000] {processor.py:743} INFO - Processing file /home/airflow/.local/lib/python3.7/site-packages/airflow/example_dags/example_dag_decorator.py for tasks to queue
[2023-03-29T03:41:18.548+0000] {logging_mixin.py:137} INFO - [2023-03-29T03:41:18.548+0000] {dagbag.py:532} INFO - Filling up the DagBag from /home/airflow/.local/lib/python3.7/site-packages/airflow/example_dags/example_dag_decorator.py
[2023-03-29T03:41:18.570+0000] {logging_mixin.py:137} INFO - [2023-03-29T03:41:18.569+0000] {taskmixin.py:211} WARNING - Dependency <Task(_PythonDecoratedOperator): prepare_email>, send_email already registered for DAG: example_dag_decorator
[2023-03-29T03:41:18.572+0000] {logging_mixin.py:137} INFO - [2023-03-29T03:41:18.572+0000] {taskmixin.py:211} WARNING - Dependency <Task(EmailOperator): send_email>, prepare_email already registered for DAG: example_dag_decorator
[2023-03-29T03:41:18.584+0000] {processor.py:753} INFO - DAG(s) dict_keys(['example_dag_decorator']) retrieved from /home/airflow/.local/lib/python3.7/site-packages/airflow/example_dags/example_dag_decorator.py
[2023-03-29T03:41:18.668+0000] {logging_mixin.py:137} INFO - [2023-03-29T03:41:18.668+0000] {dag.py:2693} INFO - Sync 1 DAGs
[2023-03-29T03:41:18.691+0000] {logging_mixin.py:137} INFO - [2023-03-29T03:41:18.691+0000] {dag.py:3444} INFO - Setting next_dagrun for example_dag_decorator to None, run_after=None
[2023-03-29T03:41:18.706+0000] {processor.py:175} INFO - Processing /home/airflow/.local/lib/python3.7/site-packages/airflow/example_dags/example_dag_decorator.py took 0.178 seconds
[2023-03-29T03:41:49.315+0000] {processor.py:153} INFO - Started process (PID=1543) to work on /home/airflow/.local/lib/python3.7/site-packages/airflow/example_dags/example_dag_decorator.py
[2023-03-29T03:41:49.321+0000] {processor.py:743} INFO - Processing file /home/airflow/.local/lib/python3.7/site-packages/airflow/example_dags/example_dag_decorator.py for tasks to queue
[2023-03-29T03:41:49.324+0000] {logging_mixin.py:137} INFO - [2023-03-29T03:41:49.324+0000] {dagbag.py:532} INFO - Filling up the DagBag from /home/airflow/.local/lib/python3.7/site-packages/airflow/example_dags/example_dag_decorator.py
[2023-03-29T03:41:49.343+0000] {logging_mixin.py:137} INFO - [2023-03-29T03:41:49.343+0000] {taskmixin.py:211} WARNING - Dependency <Task(_PythonDecoratedOperator): prepare_email>, send_email already registered for DAG: example_dag_decorator
[2023-03-29T03:41:49.344+0000] {logging_mixin.py:137} INFO - [2023-03-29T03:41:49.344+0000] {taskmixin.py:211} WARNING - Dependency <Task(EmailOperator): send_email>, prepare_email already registered for DAG: example_dag_decorator
[2023-03-29T03:41:49.356+0000] {processor.py:753} INFO - DAG(s) dict_keys(['example_dag_decorator']) retrieved from /home/airflow/.local/lib/python3.7/site-packages/airflow/example_dags/example_dag_decorator.py
[2023-03-29T03:41:49.399+0000] {logging_mixin.py:137} INFO - [2023-03-29T03:41:49.399+0000] {dag.py:2693} INFO - Sync 1 DAGs
[2023-03-29T03:41:49.419+0000] {logging_mixin.py:137} INFO - [2023-03-29T03:41:49.419+0000] {dag.py:3444} INFO - Setting next_dagrun for example_dag_decorator to None, run_after=None
[2023-03-29T03:41:49.431+0000] {processor.py:175} INFO - Processing /home/airflow/.local/lib/python3.7/site-packages/airflow/example_dags/example_dag_decorator.py took 0.124 seconds
[2023-03-29T03:42:19.812+0000] {processor.py:153} INFO - Started process (PID=1594) to work on /home/airflow/.local/lib/python3.7/site-packages/airflow/example_dags/example_dag_decorator.py
[2023-03-29T03:42:19.815+0000] {processor.py:743} INFO - Processing file /home/airflow/.local/lib/python3.7/site-packages/airflow/example_dags/example_dag_decorator.py for tasks to queue
[2023-03-29T03:42:19.817+0000] {logging_mixin.py:137} INFO - [2023-03-29T03:42:19.817+0000] {dagbag.py:532} INFO - Filling up the DagBag from /home/airflow/.local/lib/python3.7/site-packages/airflow/example_dags/example_dag_decorator.py
[2023-03-29T03:42:19.841+0000] {logging_mixin.py:137} INFO - [2023-03-29T03:42:19.840+0000] {taskmixin.py:211} WARNING - Dependency <Task(_PythonDecoratedOperator): prepare_email>, send_email already registered for DAG: example_dag_decorator
[2023-03-29T03:42:19.842+0000] {logging_mixin.py:137} INFO - [2023-03-29T03:42:19.842+0000] {taskmixin.py:211} WARNING - Dependency <Task(EmailOperator): send_email>, prepare_email already registered for DAG: example_dag_decorator
[2023-03-29T03:42:19.856+0000] {processor.py:753} INFO - DAG(s) dict_keys(['example_dag_decorator']) retrieved from /home/airflow/.local/lib/python3.7/site-packages/airflow/example_dags/example_dag_decorator.py
[2023-03-29T03:42:19.919+0000] {logging_mixin.py:137} INFO - [2023-03-29T03:42:19.919+0000] {dag.py:2693} INFO - Sync 1 DAGs
[2023-03-29T03:42:19.941+0000] {logging_mixin.py:137} INFO - [2023-03-29T03:42:19.941+0000] {dag.py:3444} INFO - Setting next_dagrun for example_dag_decorator to None, run_after=None
[2023-03-29T03:42:19.959+0000] {processor.py:175} INFO - Processing /home/airflow/.local/lib/python3.7/site-packages/airflow/example_dags/example_dag_decorator.py took 0.155 seconds
[2023-03-29T03:42:50.418+0000] {processor.py:153} INFO - Started process (PID=1643) to work on /home/airflow/.local/lib/python3.7/site-packages/airflow/example_dags/example_dag_decorator.py
[2023-03-29T03:42:50.422+0000] {processor.py:743} INFO - Processing file /home/airflow/.local/lib/python3.7/site-packages/airflow/example_dags/example_dag_decorator.py for tasks to queue
[2023-03-29T03:42:50.424+0000] {logging_mixin.py:137} INFO - [2023-03-29T03:42:50.424+0000] {dagbag.py:532} INFO - Filling up the DagBag from /home/airflow/.local/lib/python3.7/site-packages/airflow/example_dags/example_dag_decorator.py
[2023-03-29T03:42:50.450+0000] {logging_mixin.py:137} INFO - [2023-03-29T03:42:50.449+0000] {taskmixin.py:211} WARNING - Dependency <Task(_PythonDecoratedOperator): prepare_email>, send_email already registered for DAG: example_dag_decorator
[2023-03-29T03:42:50.451+0000] {logging_mixin.py:137} INFO - [2023-03-29T03:42:50.451+0000] {taskmixin.py:211} WARNING - Dependency <Task(EmailOperator): send_email>, prepare_email already registered for DAG: example_dag_decorator
[2023-03-29T03:42:50.466+0000] {processor.py:753} INFO - DAG(s) dict_keys(['example_dag_decorator']) retrieved from /home/airflow/.local/lib/python3.7/site-packages/airflow/example_dags/example_dag_decorator.py
[2023-03-29T03:42:50.518+0000] {logging_mixin.py:137} INFO - [2023-03-29T03:42:50.517+0000] {dag.py:2693} INFO - Sync 1 DAGs
[2023-03-29T03:42:50.540+0000] {logging_mixin.py:137} INFO - [2023-03-29T03:42:50.539+0000] {dag.py:3444} INFO - Setting next_dagrun for example_dag_decorator to None, run_after=None
[2023-03-29T03:42:50.566+0000] {processor.py:175} INFO - Processing /home/airflow/.local/lib/python3.7/site-packages/airflow/example_dags/example_dag_decorator.py took 0.154 seconds
[2023-03-29T03:43:21.209+0000] {processor.py:153} INFO - Started process (PID=1699) to work on /home/airflow/.local/lib/python3.7/site-packages/airflow/example_dags/example_dag_decorator.py
[2023-03-29T03:43:21.211+0000] {processor.py:743} INFO - Processing file /home/airflow/.local/lib/python3.7/site-packages/airflow/example_dags/example_dag_decorator.py for tasks to queue
[2023-03-29T03:43:21.213+0000] {logging_mixin.py:137} INFO - [2023-03-29T03:43:21.212+0000] {dagbag.py:532} INFO - Filling up the DagBag from /home/airflow/.local/lib/python3.7/site-packages/airflow/example_dags/example_dag_decorator.py
[2023-03-29T03:43:21.241+0000] {logging_mixin.py:137} INFO - [2023-03-29T03:43:21.241+0000] {taskmixin.py:211} WARNING - Dependency <Task(_PythonDecoratedOperator): prepare_email>, send_email already registered for DAG: example_dag_decorator
[2023-03-29T03:43:21.244+0000] {logging_mixin.py:137} INFO - [2023-03-29T03:43:21.244+0000] {taskmixin.py:211} WARNING - Dependency <Task(EmailOperator): send_email>, prepare_email already registered for DAG: example_dag_decorator
[2023-03-29T03:43:21.261+0000] {processor.py:753} INFO - DAG(s) dict_keys(['example_dag_decorator']) retrieved from /home/airflow/.local/lib/python3.7/site-packages/airflow/example_dags/example_dag_decorator.py
[2023-03-29T03:43:21.318+0000] {logging_mixin.py:137} INFO - [2023-03-29T03:43:21.318+0000] {dag.py:2693} INFO - Sync 1 DAGs
[2023-03-29T03:43:21.339+0000] {logging_mixin.py:137} INFO - [2023-03-29T03:43:21.339+0000] {dag.py:3444} INFO - Setting next_dagrun for example_dag_decorator to None, run_after=None
[2023-03-29T03:43:21.356+0000] {processor.py:175} INFO - Processing /home/airflow/.local/lib/python3.7/site-packages/airflow/example_dags/example_dag_decorator.py took 0.154 seconds
[2023-03-29T03:43:51.906+0000] {processor.py:153} INFO - Started process (PID=1748) to work on /home/airflow/.local/lib/python3.7/site-packages/airflow/example_dags/example_dag_decorator.py
[2023-03-29T03:43:51.910+0000] {processor.py:743} INFO - Processing file /home/airflow/.local/lib/python3.7/site-packages/airflow/example_dags/example_dag_decorator.py for tasks to queue
[2023-03-29T03:43:51.912+0000] {logging_mixin.py:137} INFO - [2023-03-29T03:43:51.912+0000] {dagbag.py:532} INFO - Filling up the DagBag from /home/airflow/.local/lib/python3.7/site-packages/airflow/example_dags/example_dag_decorator.py
[2023-03-29T03:43:51.934+0000] {logging_mixin.py:137} INFO - [2023-03-29T03:43:51.934+0000] {taskmixin.py:211} WARNING - Dependency <Task(_PythonDecoratedOperator): prepare_email>, send_email already registered for DAG: example_dag_decorator
[2023-03-29T03:43:51.938+0000] {logging_mixin.py:137} INFO - [2023-03-29T03:43:51.938+0000] {taskmixin.py:211} WARNING - Dependency <Task(EmailOperator): send_email>, prepare_email already registered for DAG: example_dag_decorator
[2023-03-29T03:43:51.951+0000] {processor.py:753} INFO - DAG(s) dict_keys(['example_dag_decorator']) retrieved from /home/airflow/.local/lib/python3.7/site-packages/airflow/example_dags/example_dag_decorator.py
[2023-03-29T03:43:52.001+0000] {logging_mixin.py:137} INFO - [2023-03-29T03:43:52.000+0000] {dag.py:2693} INFO - Sync 1 DAGs
[2023-03-29T03:43:52.020+0000] {logging_mixin.py:137} INFO - [2023-03-29T03:43:52.019+0000] {dag.py:3444} INFO - Setting next_dagrun for example_dag_decorator to None, run_after=None
[2023-03-29T03:43:52.038+0000] {processor.py:175} INFO - Processing /home/airflow/.local/lib/python3.7/site-packages/airflow/example_dags/example_dag_decorator.py took 0.139 seconds
[2023-03-29T03:44:22.207+0000] {processor.py:153} INFO - Started process (PID=1797) to work on /home/airflow/.local/lib/python3.7/site-packages/airflow/example_dags/example_dag_decorator.py
[2023-03-29T03:44:22.209+0000] {processor.py:743} INFO - Processing file /home/airflow/.local/lib/python3.7/site-packages/airflow/example_dags/example_dag_decorator.py for tasks to queue
[2023-03-29T03:44:22.210+0000] {logging_mixin.py:137} INFO - [2023-03-29T03:44:22.210+0000] {dagbag.py:532} INFO - Filling up the DagBag from /home/airflow/.local/lib/python3.7/site-packages/airflow/example_dags/example_dag_decorator.py
[2023-03-29T03:44:22.222+0000] {logging_mixin.py:137} INFO - [2023-03-29T03:44:22.222+0000] {taskmixin.py:211} WARNING - Dependency <Task(_PythonDecoratedOperator): prepare_email>, send_email already registered for DAG: example_dag_decorator
[2023-03-29T03:44:22.223+0000] {logging_mixin.py:137} INFO - [2023-03-29T03:44:22.223+0000] {taskmixin.py:211} WARNING - Dependency <Task(EmailOperator): send_email>, prepare_email already registered for DAG: example_dag_decorator
[2023-03-29T03:44:22.231+0000] {processor.py:753} INFO - DAG(s) dict_keys(['example_dag_decorator']) retrieved from /home/airflow/.local/lib/python3.7/site-packages/airflow/example_dags/example_dag_decorator.py
[2023-03-29T03:44:22.295+0000] {logging_mixin.py:137} INFO - [2023-03-29T03:44:22.295+0000] {dag.py:2693} INFO - Sync 1 DAGs
[2023-03-29T03:44:22.315+0000] {logging_mixin.py:137} INFO - [2023-03-29T03:44:22.315+0000] {dag.py:3444} INFO - Setting next_dagrun for example_dag_decorator to None, run_after=None
[2023-03-29T03:44:22.329+0000] {processor.py:175} INFO - Processing /home/airflow/.local/lib/python3.7/site-packages/airflow/example_dags/example_dag_decorator.py took 0.124 seconds
[2023-03-29T03:44:53.204+0000] {processor.py:153} INFO - Started process (PID=1846) to work on /home/airflow/.local/lib/python3.7/site-packages/airflow/example_dags/example_dag_decorator.py
[2023-03-29T03:44:53.206+0000] {processor.py:743} INFO - Processing file /home/airflow/.local/lib/python3.7/site-packages/airflow/example_dags/example_dag_decorator.py for tasks to queue
[2023-03-29T03:44:53.207+0000] {logging_mixin.py:137} INFO - [2023-03-29T03:44:53.207+0000] {dagbag.py:532} INFO - Filling up the DagBag from /home/airflow/.local/lib/python3.7/site-packages/airflow/example_dags/example_dag_decorator.py
[2023-03-29T03:44:53.223+0000] {logging_mixin.py:137} INFO - [2023-03-29T03:44:53.222+0000] {taskmixin.py:211} WARNING - Dependency <Task(_PythonDecoratedOperator): prepare_email>, send_email already registered for DAG: example_dag_decorator
[2023-03-29T03:44:53.224+0000] {logging_mixin.py:137} INFO - [2023-03-29T03:44:53.224+0000] {taskmixin.py:211} WARNING - Dependency <Task(EmailOperator): send_email>, prepare_email already registered for DAG: example_dag_decorator
[2023-03-29T03:44:53.235+0000] {processor.py:753} INFO - DAG(s) dict_keys(['example_dag_decorator']) retrieved from /home/airflow/.local/lib/python3.7/site-packages/airflow/example_dags/example_dag_decorator.py
[2023-03-29T03:44:53.304+0000] {logging_mixin.py:137} INFO - [2023-03-29T03:44:53.304+0000] {dag.py:2693} INFO - Sync 1 DAGs
[2023-03-29T03:44:53.323+0000] {logging_mixin.py:137} INFO - [2023-03-29T03:44:53.323+0000] {dag.py:3444} INFO - Setting next_dagrun for example_dag_decorator to None, run_after=None
[2023-03-29T03:44:53.342+0000] {processor.py:175} INFO - Processing /home/airflow/.local/lib/python3.7/site-packages/airflow/example_dags/example_dag_decorator.py took 0.141 seconds
[2023-03-29T03:45:23.513+0000] {processor.py:153} INFO - Started process (PID=1895) to work on /home/airflow/.local/lib/python3.7/site-packages/airflow/example_dags/example_dag_decorator.py
[2023-03-29T03:45:23.516+0000] {processor.py:743} INFO - Processing file /home/airflow/.local/lib/python3.7/site-packages/airflow/example_dags/example_dag_decorator.py for tasks to queue
[2023-03-29T03:45:23.518+0000] {logging_mixin.py:137} INFO - [2023-03-29T03:45:23.518+0000] {dagbag.py:532} INFO - Filling up the DagBag from /home/airflow/.local/lib/python3.7/site-packages/airflow/example_dags/example_dag_decorator.py
[2023-03-29T03:45:23.534+0000] {logging_mixin.py:137} INFO - [2023-03-29T03:45:23.534+0000] {taskmixin.py:211} WARNING - Dependency <Task(_PythonDecoratedOperator): prepare_email>, send_email already registered for DAG: example_dag_decorator
[2023-03-29T03:45:23.537+0000] {logging_mixin.py:137} INFO - [2023-03-29T03:45:23.537+0000] {taskmixin.py:211} WARNING - Dependency <Task(EmailOperator): send_email>, prepare_email already registered for DAG: example_dag_decorator
[2023-03-29T03:45:23.552+0000] {processor.py:753} INFO - DAG(s) dict_keys(['example_dag_decorator']) retrieved from /home/airflow/.local/lib/python3.7/site-packages/airflow/example_dags/example_dag_decorator.py
[2023-03-29T03:45:23.678+0000] {logging_mixin.py:137} INFO - [2023-03-29T03:45:23.677+0000] {dag.py:2693} INFO - Sync 1 DAGs
[2023-03-29T03:45:23.712+0000] {logging_mixin.py:137} INFO - [2023-03-29T03:45:23.711+0000] {dag.py:3444} INFO - Setting next_dagrun for example_dag_decorator to None, run_after=None
[2023-03-29T03:45:23.730+0000] {processor.py:175} INFO - Processing /home/airflow/.local/lib/python3.7/site-packages/airflow/example_dags/example_dag_decorator.py took 0.220 seconds
[2023-03-29T03:45:54.449+0000] {processor.py:153} INFO - Started process (PID=1945) to work on /home/airflow/.local/lib/python3.7/site-packages/airflow/example_dags/example_dag_decorator.py
[2023-03-29T03:45:54.450+0000] {processor.py:743} INFO - Processing file /home/airflow/.local/lib/python3.7/site-packages/airflow/example_dags/example_dag_decorator.py for tasks to queue
[2023-03-29T03:45:54.455+0000] {logging_mixin.py:137} INFO - [2023-03-29T03:45:54.454+0000] {dagbag.py:532} INFO - Filling up the DagBag from /home/airflow/.local/lib/python3.7/site-packages/airflow/example_dags/example_dag_decorator.py
[2023-03-29T03:45:54.468+0000] {logging_mixin.py:137} INFO - [2023-03-29T03:45:54.468+0000] {taskmixin.py:211} WARNING - Dependency <Task(_PythonDecoratedOperator): prepare_email>, send_email already registered for DAG: example_dag_decorator
[2023-03-29T03:45:54.469+0000] {logging_mixin.py:137} INFO - [2023-03-29T03:45:54.469+0000] {taskmixin.py:211} WARNING - Dependency <Task(EmailOperator): send_email>, prepare_email already registered for DAG: example_dag_decorator
[2023-03-29T03:45:54.478+0000] {processor.py:753} INFO - DAG(s) dict_keys(['example_dag_decorator']) retrieved from /home/airflow/.local/lib/python3.7/site-packages/airflow/example_dags/example_dag_decorator.py
[2023-03-29T03:45:54.519+0000] {logging_mixin.py:137} INFO - [2023-03-29T03:45:54.519+0000] {dag.py:2693} INFO - Sync 1 DAGs
[2023-03-29T03:45:54.535+0000] {logging_mixin.py:137} INFO - [2023-03-29T03:45:54.535+0000] {dag.py:3444} INFO - Setting next_dagrun for example_dag_decorator to None, run_after=None
[2023-03-29T03:45:54.552+0000] {processor.py:175} INFO - Processing /home/airflow/.local/lib/python3.7/site-packages/airflow/example_dags/example_dag_decorator.py took 0.105 seconds
[2023-03-29T03:46:25.199+0000] {processor.py:153} INFO - Started process (PID=1994) to work on /home/airflow/.local/lib/python3.7/site-packages/airflow/example_dags/example_dag_decorator.py
[2023-03-29T03:46:25.200+0000] {processor.py:743} INFO - Processing file /home/airflow/.local/lib/python3.7/site-packages/airflow/example_dags/example_dag_decorator.py for tasks to queue
[2023-03-29T03:46:25.201+0000] {logging_mixin.py:137} INFO - [2023-03-29T03:46:25.201+0000] {dagbag.py:532} INFO - Filling up the DagBag from /home/airflow/.local/lib/python3.7/site-packages/airflow/example_dags/example_dag_decorator.py
[2023-03-29T03:46:25.213+0000] {logging_mixin.py:137} INFO - [2023-03-29T03:46:25.213+0000] {taskmixin.py:211} WARNING - Dependency <Task(_PythonDecoratedOperator): prepare_email>, send_email already registered for DAG: example_dag_decorator
[2023-03-29T03:46:25.214+0000] {logging_mixin.py:137} INFO - [2023-03-29T03:46:25.214+0000] {taskmixin.py:211} WARNING - Dependency <Task(EmailOperator): send_email>, prepare_email already registered for DAG: example_dag_decorator
[2023-03-29T03:46:25.224+0000] {processor.py:753} INFO - DAG(s) dict_keys(['example_dag_decorator']) retrieved from /home/airflow/.local/lib/python3.7/site-packages/airflow/example_dags/example_dag_decorator.py
[2023-03-29T03:46:25.278+0000] {logging_mixin.py:137} INFO - [2023-03-29T03:46:25.278+0000] {dag.py:2693} INFO - Sync 1 DAGs
[2023-03-29T03:46:25.295+0000] {logging_mixin.py:137} INFO - [2023-03-29T03:46:25.295+0000] {dag.py:3444} INFO - Setting next_dagrun for example_dag_decorator to None, run_after=None
[2023-03-29T03:46:25.307+0000] {processor.py:175} INFO - Processing /home/airflow/.local/lib/python3.7/site-packages/airflow/example_dags/example_dag_decorator.py took 0.110 seconds
[2023-03-29T03:46:55.752+0000] {processor.py:153} INFO - Started process (PID=2044) to work on /home/airflow/.local/lib/python3.7/site-packages/airflow/example_dags/example_dag_decorator.py
[2023-03-29T03:46:55.753+0000] {processor.py:743} INFO - Processing file /home/airflow/.local/lib/python3.7/site-packages/airflow/example_dags/example_dag_decorator.py for tasks to queue
[2023-03-29T03:46:55.754+0000] {logging_mixin.py:137} INFO - [2023-03-29T03:46:55.754+0000] {dagbag.py:532} INFO - Filling up the DagBag from /home/airflow/.local/lib/python3.7/site-packages/airflow/example_dags/example_dag_decorator.py
[2023-03-29T03:46:55.766+0000] {logging_mixin.py:137} INFO - [2023-03-29T03:46:55.766+0000] {taskmixin.py:211} WARNING - Dependency <Task(_PythonDecoratedOperator): prepare_email>, send_email already registered for DAG: example_dag_decorator
[2023-03-29T03:46:55.766+0000] {logging_mixin.py:137} INFO - [2023-03-29T03:46:55.766+0000] {taskmixin.py:211} WARNING - Dependency <Task(EmailOperator): send_email>, prepare_email already registered for DAG: example_dag_decorator
[2023-03-29T03:46:55.776+0000] {processor.py:753} INFO - DAG(s) dict_keys(['example_dag_decorator']) retrieved from /home/airflow/.local/lib/python3.7/site-packages/airflow/example_dags/example_dag_decorator.py
[2023-03-29T03:46:55.818+0000] {logging_mixin.py:137} INFO - [2023-03-29T03:46:55.818+0000] {dag.py:2693} INFO - Sync 1 DAGs
[2023-03-29T03:46:55.838+0000] {logging_mixin.py:137} INFO - [2023-03-29T03:46:55.838+0000] {dag.py:3444} INFO - Setting next_dagrun for example_dag_decorator to None, run_after=None
[2023-03-29T03:46:55.853+0000] {processor.py:175} INFO - Processing /home/airflow/.local/lib/python3.7/site-packages/airflow/example_dags/example_dag_decorator.py took 0.103 seconds
[2023-03-29T03:47:26.519+0000] {processor.py:153} INFO - Started process (PID=2094) to work on /home/airflow/.local/lib/python3.7/site-packages/airflow/example_dags/example_dag_decorator.py
[2023-03-29T03:47:26.521+0000] {processor.py:743} INFO - Processing file /home/airflow/.local/lib/python3.7/site-packages/airflow/example_dags/example_dag_decorator.py for tasks to queue
[2023-03-29T03:47:26.522+0000] {logging_mixin.py:137} INFO - [2023-03-29T03:47:26.522+0000] {dagbag.py:532} INFO - Filling up the DagBag from /home/airflow/.local/lib/python3.7/site-packages/airflow/example_dags/example_dag_decorator.py
[2023-03-29T03:47:26.535+0000] {logging_mixin.py:137} INFO - [2023-03-29T03:47:26.535+0000] {taskmixin.py:211} WARNING - Dependency <Task(_PythonDecoratedOperator): prepare_email>, send_email already registered for DAG: example_dag_decorator
[2023-03-29T03:47:26.536+0000] {logging_mixin.py:137} INFO - [2023-03-29T03:47:26.535+0000] {taskmixin.py:211} WARNING - Dependency <Task(EmailOperator): send_email>, prepare_email already registered for DAG: example_dag_decorator
[2023-03-29T03:47:26.544+0000] {processor.py:753} INFO - DAG(s) dict_keys(['example_dag_decorator']) retrieved from /home/airflow/.local/lib/python3.7/site-packages/airflow/example_dags/example_dag_decorator.py
[2023-03-29T03:47:26.590+0000] {logging_mixin.py:137} INFO - [2023-03-29T03:47:26.590+0000] {dag.py:2693} INFO - Sync 1 DAGs
[2023-03-29T03:47:26.608+0000] {logging_mixin.py:137} INFO - [2023-03-29T03:47:26.608+0000] {dag.py:3444} INFO - Setting next_dagrun for example_dag_decorator to None, run_after=None
[2023-03-29T03:47:26.622+0000] {processor.py:175} INFO - Processing /home/airflow/.local/lib/python3.7/site-packages/airflow/example_dags/example_dag_decorator.py took 0.105 seconds
