[2023-03-29T03:26:27.792+0000] {processor.py:153} INFO - Started process (PID=64) to work on /home/airflow/.local/lib/python3.7/site-packages/airflow/example_dags/example_sensors.py
[2023-03-29T03:26:27.804+0000] {processor.py:743} INFO - Processing file /home/airflow/.local/lib/python3.7/site-packages/airflow/example_dags/example_sensors.py for tasks to queue
[2023-03-29T03:26:27.806+0000] {logging_mixin.py:137} INFO - [2023-03-29T03:26:27.806+0000] {dagbag.py:532} INFO - Filling up the DagBag from /home/airflow/.local/lib/python3.7/site-packages/airflow/example_dags/example_sensors.py
[2023-03-29T03:26:27.914+0000] {processor.py:753} INFO - DAG(s) dict_keys(['example_sensors']) retrieved from /home/airflow/.local/lib/python3.7/site-packages/airflow/example_dags/example_sensors.py
[2023-03-29T03:26:28.087+0000] {logging_mixin.py:137} INFO - [2023-03-29T03:26:28.086+0000] {dag.py:2693} INFO - Sync 1 DAGs
[2023-03-29T03:26:28.314+0000] {logging_mixin.py:137} INFO - [2023-03-29T03:26:28.314+0000] {dag.py:3444} INFO - Setting next_dagrun for example_sensors to None, run_after=None
[2023-03-29T03:26:28.371+0000] {processor.py:175} INFO - Processing /home/airflow/.local/lib/python3.7/site-packages/airflow/example_dags/example_sensors.py took 0.583 seconds
[2023-03-29T03:26:59.057+0000] {processor.py:153} INFO - Started process (PID=113) to work on /home/airflow/.local/lib/python3.7/site-packages/airflow/example_dags/example_sensors.py
[2023-03-29T03:26:59.060+0000] {processor.py:743} INFO - Processing file /home/airflow/.local/lib/python3.7/site-packages/airflow/example_dags/example_sensors.py for tasks to queue
[2023-03-29T03:26:59.061+0000] {logging_mixin.py:137} INFO - [2023-03-29T03:26:59.061+0000] {dagbag.py:532} INFO - Filling up the DagBag from /home/airflow/.local/lib/python3.7/site-packages/airflow/example_dags/example_sensors.py
[2023-03-29T03:26:59.082+0000] {processor.py:753} INFO - DAG(s) dict_keys(['example_sensors']) retrieved from /home/airflow/.local/lib/python3.7/site-packages/airflow/example_dags/example_sensors.py
[2023-03-29T03:26:59.113+0000] {logging_mixin.py:137} INFO - [2023-03-29T03:26:59.113+0000] {dag.py:2693} INFO - Sync 1 DAGs
[2023-03-29T03:26:59.136+0000] {logging_mixin.py:137} INFO - [2023-03-29T03:26:59.136+0000] {dag.py:3444} INFO - Setting next_dagrun for example_sensors to None, run_after=None
[2023-03-29T03:26:59.155+0000] {processor.py:175} INFO - Processing /home/airflow/.local/lib/python3.7/site-packages/airflow/example_dags/example_sensors.py took 0.101 seconds
[2023-03-29T03:27:29.761+0000] {processor.py:153} INFO - Started process (PID=162) to work on /home/airflow/.local/lib/python3.7/site-packages/airflow/example_dags/example_sensors.py
[2023-03-29T03:27:29.766+0000] {processor.py:743} INFO - Processing file /home/airflow/.local/lib/python3.7/site-packages/airflow/example_dags/example_sensors.py for tasks to queue
[2023-03-29T03:27:29.768+0000] {logging_mixin.py:137} INFO - [2023-03-29T03:27:29.767+0000] {dagbag.py:532} INFO - Filling up the DagBag from /home/airflow/.local/lib/python3.7/site-packages/airflow/example_dags/example_sensors.py
[2023-03-29T03:27:29.785+0000] {processor.py:753} INFO - DAG(s) dict_keys(['example_sensors']) retrieved from /home/airflow/.local/lib/python3.7/site-packages/airflow/example_dags/example_sensors.py
[2023-03-29T03:27:29.812+0000] {logging_mixin.py:137} INFO - [2023-03-29T03:27:29.812+0000] {dag.py:2693} INFO - Sync 1 DAGs
[2023-03-29T03:27:29.831+0000] {logging_mixin.py:137} INFO - [2023-03-29T03:27:29.831+0000] {dag.py:3444} INFO - Setting next_dagrun for example_sensors to None, run_after=None
[2023-03-29T03:27:29.848+0000] {processor.py:175} INFO - Processing /home/airflow/.local/lib/python3.7/site-packages/airflow/example_dags/example_sensors.py took 0.091 seconds
[2023-03-29T03:28:00.321+0000] {processor.py:153} INFO - Started process (PID=211) to work on /home/airflow/.local/lib/python3.7/site-packages/airflow/example_dags/example_sensors.py
[2023-03-29T03:28:00.326+0000] {processor.py:743} INFO - Processing file /home/airflow/.local/lib/python3.7/site-packages/airflow/example_dags/example_sensors.py for tasks to queue
[2023-03-29T03:28:00.328+0000] {logging_mixin.py:137} INFO - [2023-03-29T03:28:00.328+0000] {dagbag.py:532} INFO - Filling up the DagBag from /home/airflow/.local/lib/python3.7/site-packages/airflow/example_dags/example_sensors.py
[2023-03-29T03:28:00.352+0000] {processor.py:753} INFO - DAG(s) dict_keys(['example_sensors']) retrieved from /home/airflow/.local/lib/python3.7/site-packages/airflow/example_dags/example_sensors.py
[2023-03-29T03:28:00.374+0000] {logging_mixin.py:137} INFO - [2023-03-29T03:28:00.374+0000] {dag.py:2693} INFO - Sync 1 DAGs
[2023-03-29T03:28:00.391+0000] {logging_mixin.py:137} INFO - [2023-03-29T03:28:00.391+0000] {dag.py:3444} INFO - Setting next_dagrun for example_sensors to None, run_after=None
[2023-03-29T03:28:00.404+0000] {processor.py:175} INFO - Processing /home/airflow/.local/lib/python3.7/site-packages/airflow/example_dags/example_sensors.py took 0.089 seconds
[2023-03-29T03:28:30.807+0000] {processor.py:153} INFO - Started process (PID=260) to work on /home/airflow/.local/lib/python3.7/site-packages/airflow/example_dags/example_sensors.py
[2023-03-29T03:28:30.810+0000] {processor.py:743} INFO - Processing file /home/airflow/.local/lib/python3.7/site-packages/airflow/example_dags/example_sensors.py for tasks to queue
[2023-03-29T03:28:30.813+0000] {logging_mixin.py:137} INFO - [2023-03-29T03:28:30.813+0000] {dagbag.py:532} INFO - Filling up the DagBag from /home/airflow/.local/lib/python3.7/site-packages/airflow/example_dags/example_sensors.py
[2023-03-29T03:28:30.835+0000] {processor.py:753} INFO - DAG(s) dict_keys(['example_sensors']) retrieved from /home/airflow/.local/lib/python3.7/site-packages/airflow/example_dags/example_sensors.py
[2023-03-29T03:28:30.864+0000] {logging_mixin.py:137} INFO - [2023-03-29T03:28:30.864+0000] {dag.py:2693} INFO - Sync 1 DAGs
[2023-03-29T03:28:30.884+0000] {logging_mixin.py:137} INFO - [2023-03-29T03:28:30.884+0000] {dag.py:3444} INFO - Setting next_dagrun for example_sensors to None, run_after=None
[2023-03-29T03:28:30.899+0000] {processor.py:175} INFO - Processing /home/airflow/.local/lib/python3.7/site-packages/airflow/example_dags/example_sensors.py took 0.097 seconds
[2023-03-29T03:29:01.356+0000] {processor.py:153} INFO - Started process (PID=309) to work on /home/airflow/.local/lib/python3.7/site-packages/airflow/example_dags/example_sensors.py
[2023-03-29T03:29:01.360+0000] {processor.py:743} INFO - Processing file /home/airflow/.local/lib/python3.7/site-packages/airflow/example_dags/example_sensors.py for tasks to queue
[2023-03-29T03:29:01.362+0000] {logging_mixin.py:137} INFO - [2023-03-29T03:29:01.361+0000] {dagbag.py:532} INFO - Filling up the DagBag from /home/airflow/.local/lib/python3.7/site-packages/airflow/example_dags/example_sensors.py
[2023-03-29T03:29:01.380+0000] {processor.py:753} INFO - DAG(s) dict_keys(['example_sensors']) retrieved from /home/airflow/.local/lib/python3.7/site-packages/airflow/example_dags/example_sensors.py
[2023-03-29T03:29:01.402+0000] {logging_mixin.py:137} INFO - [2023-03-29T03:29:01.402+0000] {dag.py:2693} INFO - Sync 1 DAGs
[2023-03-29T03:29:01.419+0000] {logging_mixin.py:137} INFO - [2023-03-29T03:29:01.419+0000] {dag.py:3444} INFO - Setting next_dagrun for example_sensors to None, run_after=None
[2023-03-29T03:29:01.431+0000] {processor.py:175} INFO - Processing /home/airflow/.local/lib/python3.7/site-packages/airflow/example_dags/example_sensors.py took 0.080 seconds
[2023-03-29T03:29:32.044+0000] {processor.py:153} INFO - Started process (PID=358) to work on /home/airflow/.local/lib/python3.7/site-packages/airflow/example_dags/example_sensors.py
[2023-03-29T03:29:32.047+0000] {processor.py:743} INFO - Processing file /home/airflow/.local/lib/python3.7/site-packages/airflow/example_dags/example_sensors.py for tasks to queue
[2023-03-29T03:29:32.050+0000] {logging_mixin.py:137} INFO - [2023-03-29T03:29:32.050+0000] {dagbag.py:532} INFO - Filling up the DagBag from /home/airflow/.local/lib/python3.7/site-packages/airflow/example_dags/example_sensors.py
[2023-03-29T03:29:32.070+0000] {processor.py:753} INFO - DAG(s) dict_keys(['example_sensors']) retrieved from /home/airflow/.local/lib/python3.7/site-packages/airflow/example_dags/example_sensors.py
[2023-03-29T03:29:32.094+0000] {logging_mixin.py:137} INFO - [2023-03-29T03:29:32.094+0000] {dag.py:2693} INFO - Sync 1 DAGs
[2023-03-29T03:29:32.110+0000] {logging_mixin.py:137} INFO - [2023-03-29T03:29:32.110+0000] {dag.py:3444} INFO - Setting next_dagrun for example_sensors to None, run_after=None
[2023-03-29T03:29:32.123+0000] {processor.py:175} INFO - Processing /home/airflow/.local/lib/python3.7/site-packages/airflow/example_dags/example_sensors.py took 0.084 seconds
[2023-03-29T03:30:02.154+0000] {processor.py:153} INFO - Started process (PID=407) to work on /home/airflow/.local/lib/python3.7/site-packages/airflow/example_dags/example_sensors.py
[2023-03-29T03:30:02.155+0000] {processor.py:743} INFO - Processing file /home/airflow/.local/lib/python3.7/site-packages/airflow/example_dags/example_sensors.py for tasks to queue
[2023-03-29T03:30:02.156+0000] {logging_mixin.py:137} INFO - [2023-03-29T03:30:02.156+0000] {dagbag.py:532} INFO - Filling up the DagBag from /home/airflow/.local/lib/python3.7/site-packages/airflow/example_dags/example_sensors.py
[2023-03-29T03:30:02.176+0000] {processor.py:753} INFO - DAG(s) dict_keys(['example_sensors']) retrieved from /home/airflow/.local/lib/python3.7/site-packages/airflow/example_dags/example_sensors.py
[2023-03-29T03:30:02.201+0000] {logging_mixin.py:137} INFO - [2023-03-29T03:30:02.201+0000] {dag.py:2693} INFO - Sync 1 DAGs
[2023-03-29T03:30:02.258+0000] {logging_mixin.py:137} INFO - [2023-03-29T03:30:02.258+0000] {dag.py:3444} INFO - Setting next_dagrun for example_sensors to None, run_after=None
[2023-03-29T03:30:02.285+0000] {processor.py:175} INFO - Processing /home/airflow/.local/lib/python3.7/site-packages/airflow/example_dags/example_sensors.py took 0.135 seconds
[2023-03-29T03:30:33.206+0000] {processor.py:153} INFO - Started process (PID=456) to work on /home/airflow/.local/lib/python3.7/site-packages/airflow/example_dags/example_sensors.py
[2023-03-29T03:30:33.209+0000] {processor.py:743} INFO - Processing file /home/airflow/.local/lib/python3.7/site-packages/airflow/example_dags/example_sensors.py for tasks to queue
[2023-03-29T03:30:33.210+0000] {logging_mixin.py:137} INFO - [2023-03-29T03:30:33.210+0000] {dagbag.py:532} INFO - Filling up the DagBag from /home/airflow/.local/lib/python3.7/site-packages/airflow/example_dags/example_sensors.py
[2023-03-29T03:30:33.225+0000] {processor.py:753} INFO - DAG(s) dict_keys(['example_sensors']) retrieved from /home/airflow/.local/lib/python3.7/site-packages/airflow/example_dags/example_sensors.py
[2023-03-29T03:30:33.259+0000] {logging_mixin.py:137} INFO - [2023-03-29T03:30:33.259+0000] {dag.py:2693} INFO - Sync 1 DAGs
[2023-03-29T03:30:33.290+0000] {logging_mixin.py:137} INFO - [2023-03-29T03:30:33.289+0000] {dag.py:3444} INFO - Setting next_dagrun for example_sensors to None, run_after=None
[2023-03-29T03:30:33.314+0000] {processor.py:175} INFO - Processing /home/airflow/.local/lib/python3.7/site-packages/airflow/example_dags/example_sensors.py took 0.111 seconds
[2023-03-29T03:31:03.829+0000] {processor.py:153} INFO - Started process (PID=505) to work on /home/airflow/.local/lib/python3.7/site-packages/airflow/example_dags/example_sensors.py
[2023-03-29T03:31:03.832+0000] {processor.py:743} INFO - Processing file /home/airflow/.local/lib/python3.7/site-packages/airflow/example_dags/example_sensors.py for tasks to queue
[2023-03-29T03:31:03.834+0000] {logging_mixin.py:137} INFO - [2023-03-29T03:31:03.833+0000] {dagbag.py:532} INFO - Filling up the DagBag from /home/airflow/.local/lib/python3.7/site-packages/airflow/example_dags/example_sensors.py
[2023-03-29T03:31:03.857+0000] {processor.py:753} INFO - DAG(s) dict_keys(['example_sensors']) retrieved from /home/airflow/.local/lib/python3.7/site-packages/airflow/example_dags/example_sensors.py
[2023-03-29T03:31:03.888+0000] {logging_mixin.py:137} INFO - [2023-03-29T03:31:03.888+0000] {dag.py:2693} INFO - Sync 1 DAGs
[2023-03-29T03:31:03.914+0000] {logging_mixin.py:137} INFO - [2023-03-29T03:31:03.914+0000] {dag.py:3444} INFO - Setting next_dagrun for example_sensors to None, run_after=None
[2023-03-29T03:31:03.934+0000] {processor.py:175} INFO - Processing /home/airflow/.local/lib/python3.7/site-packages/airflow/example_dags/example_sensors.py took 0.114 seconds
[2023-03-29T03:31:34.141+0000] {processor.py:153} INFO - Started process (PID=554) to work on /home/airflow/.local/lib/python3.7/site-packages/airflow/example_dags/example_sensors.py
[2023-03-29T03:31:34.143+0000] {processor.py:743} INFO - Processing file /home/airflow/.local/lib/python3.7/site-packages/airflow/example_dags/example_sensors.py for tasks to queue
[2023-03-29T03:31:34.144+0000] {logging_mixin.py:137} INFO - [2023-03-29T03:31:34.144+0000] {dagbag.py:532} INFO - Filling up the DagBag from /home/airflow/.local/lib/python3.7/site-packages/airflow/example_dags/example_sensors.py
[2023-03-29T03:31:34.161+0000] {processor.py:753} INFO - DAG(s) dict_keys(['example_sensors']) retrieved from /home/airflow/.local/lib/python3.7/site-packages/airflow/example_dags/example_sensors.py
[2023-03-29T03:31:34.185+0000] {logging_mixin.py:137} INFO - [2023-03-29T03:31:34.185+0000] {dag.py:2693} INFO - Sync 1 DAGs
[2023-03-29T03:31:34.206+0000] {logging_mixin.py:137} INFO - [2023-03-29T03:31:34.205+0000] {dag.py:3444} INFO - Setting next_dagrun for example_sensors to None, run_after=None
[2023-03-29T03:31:34.218+0000] {processor.py:175} INFO - Processing /home/airflow/.local/lib/python3.7/site-packages/airflow/example_dags/example_sensors.py took 0.079 seconds
[2023-03-29T03:32:04.782+0000] {processor.py:153} INFO - Started process (PID=603) to work on /home/airflow/.local/lib/python3.7/site-packages/airflow/example_dags/example_sensors.py
[2023-03-29T03:32:04.784+0000] {processor.py:743} INFO - Processing file /home/airflow/.local/lib/python3.7/site-packages/airflow/example_dags/example_sensors.py for tasks to queue
[2023-03-29T03:32:04.786+0000] {logging_mixin.py:137} INFO - [2023-03-29T03:32:04.786+0000] {dagbag.py:532} INFO - Filling up the DagBag from /home/airflow/.local/lib/python3.7/site-packages/airflow/example_dags/example_sensors.py
[2023-03-29T03:32:04.810+0000] {processor.py:753} INFO - DAG(s) dict_keys(['example_sensors']) retrieved from /home/airflow/.local/lib/python3.7/site-packages/airflow/example_dags/example_sensors.py
[2023-03-29T03:32:04.832+0000] {logging_mixin.py:137} INFO - [2023-03-29T03:32:04.832+0000] {dag.py:2693} INFO - Sync 1 DAGs
[2023-03-29T03:32:04.875+0000] {logging_mixin.py:137} INFO - [2023-03-29T03:32:04.874+0000] {dag.py:3444} INFO - Setting next_dagrun for example_sensors to None, run_after=None
[2023-03-29T03:32:04.893+0000] {processor.py:175} INFO - Processing /home/airflow/.local/lib/python3.7/site-packages/airflow/example_dags/example_sensors.py took 0.114 seconds
[2023-03-29T03:32:35.819+0000] {processor.py:153} INFO - Started process (PID=653) to work on /home/airflow/.local/lib/python3.7/site-packages/airflow/example_dags/example_sensors.py
[2023-03-29T03:32:35.821+0000] {processor.py:743} INFO - Processing file /home/airflow/.local/lib/python3.7/site-packages/airflow/example_dags/example_sensors.py for tasks to queue
[2023-03-29T03:32:35.822+0000] {logging_mixin.py:137} INFO - [2023-03-29T03:32:35.822+0000] {dagbag.py:532} INFO - Filling up the DagBag from /home/airflow/.local/lib/python3.7/site-packages/airflow/example_dags/example_sensors.py
[2023-03-29T03:32:35.836+0000] {processor.py:753} INFO - DAG(s) dict_keys(['example_sensors']) retrieved from /home/airflow/.local/lib/python3.7/site-packages/airflow/example_dags/example_sensors.py
[2023-03-29T03:32:35.857+0000] {logging_mixin.py:137} INFO - [2023-03-29T03:32:35.857+0000] {dag.py:2693} INFO - Sync 1 DAGs
[2023-03-29T03:32:35.883+0000] {logging_mixin.py:137} INFO - [2023-03-29T03:32:35.882+0000] {dag.py:3444} INFO - Setting next_dagrun for example_sensors to None, run_after=None
[2023-03-29T03:32:35.895+0000] {processor.py:175} INFO - Processing /home/airflow/.local/lib/python3.7/site-packages/airflow/example_dags/example_sensors.py took 0.080 seconds
[2023-03-29T03:33:06.422+0000] {processor.py:153} INFO - Started process (PID=702) to work on /home/airflow/.local/lib/python3.7/site-packages/airflow/example_dags/example_sensors.py
[2023-03-29T03:33:06.424+0000] {processor.py:743} INFO - Processing file /home/airflow/.local/lib/python3.7/site-packages/airflow/example_dags/example_sensors.py for tasks to queue
[2023-03-29T03:33:06.425+0000] {logging_mixin.py:137} INFO - [2023-03-29T03:33:06.425+0000] {dagbag.py:532} INFO - Filling up the DagBag from /home/airflow/.local/lib/python3.7/site-packages/airflow/example_dags/example_sensors.py
[2023-03-29T03:33:06.438+0000] {processor.py:753} INFO - DAG(s) dict_keys(['example_sensors']) retrieved from /home/airflow/.local/lib/python3.7/site-packages/airflow/example_dags/example_sensors.py
[2023-03-29T03:33:06.460+0000] {logging_mixin.py:137} INFO - [2023-03-29T03:33:06.460+0000] {dag.py:2693} INFO - Sync 1 DAGs
[2023-03-29T03:33:06.476+0000] {logging_mixin.py:137} INFO - [2023-03-29T03:33:06.476+0000] {dag.py:3444} INFO - Setting next_dagrun for example_sensors to None, run_after=None
[2023-03-29T03:33:06.488+0000] {processor.py:175} INFO - Processing /home/airflow/.local/lib/python3.7/site-packages/airflow/example_dags/example_sensors.py took 0.069 seconds
[2023-03-29T03:33:37.368+0000] {processor.py:153} INFO - Started process (PID=751) to work on /home/airflow/.local/lib/python3.7/site-packages/airflow/example_dags/example_sensors.py
[2023-03-29T03:33:37.370+0000] {processor.py:743} INFO - Processing file /home/airflow/.local/lib/python3.7/site-packages/airflow/example_dags/example_sensors.py for tasks to queue
[2023-03-29T03:33:37.371+0000] {logging_mixin.py:137} INFO - [2023-03-29T03:33:37.370+0000] {dagbag.py:532} INFO - Filling up the DagBag from /home/airflow/.local/lib/python3.7/site-packages/airflow/example_dags/example_sensors.py
[2023-03-29T03:33:37.387+0000] {processor.py:753} INFO - DAG(s) dict_keys(['example_sensors']) retrieved from /home/airflow/.local/lib/python3.7/site-packages/airflow/example_dags/example_sensors.py
[2023-03-29T03:33:37.409+0000] {logging_mixin.py:137} INFO - [2023-03-29T03:33:37.409+0000] {dag.py:2693} INFO - Sync 1 DAGs
[2023-03-29T03:33:37.426+0000] {logging_mixin.py:137} INFO - [2023-03-29T03:33:37.426+0000] {dag.py:3444} INFO - Setting next_dagrun for example_sensors to None, run_after=None
[2023-03-29T03:33:37.443+0000] {processor.py:175} INFO - Processing /home/airflow/.local/lib/python3.7/site-packages/airflow/example_dags/example_sensors.py took 0.077 seconds
[2023-03-29T03:34:08.090+0000] {processor.py:153} INFO - Started process (PID=800) to work on /home/airflow/.local/lib/python3.7/site-packages/airflow/example_dags/example_sensors.py
[2023-03-29T03:34:08.092+0000] {processor.py:743} INFO - Processing file /home/airflow/.local/lib/python3.7/site-packages/airflow/example_dags/example_sensors.py for tasks to queue
[2023-03-29T03:34:08.093+0000] {logging_mixin.py:137} INFO - [2023-03-29T03:34:08.093+0000] {dagbag.py:532} INFO - Filling up the DagBag from /home/airflow/.local/lib/python3.7/site-packages/airflow/example_dags/example_sensors.py
[2023-03-29T03:34:08.107+0000] {processor.py:753} INFO - DAG(s) dict_keys(['example_sensors']) retrieved from /home/airflow/.local/lib/python3.7/site-packages/airflow/example_dags/example_sensors.py
[2023-03-29T03:34:08.130+0000] {logging_mixin.py:137} INFO - [2023-03-29T03:34:08.130+0000] {dag.py:2693} INFO - Sync 1 DAGs
[2023-03-29T03:34:08.147+0000] {logging_mixin.py:137} INFO - [2023-03-29T03:34:08.147+0000] {dag.py:3444} INFO - Setting next_dagrun for example_sensors to None, run_after=None
[2023-03-29T03:34:08.162+0000] {processor.py:175} INFO - Processing /home/airflow/.local/lib/python3.7/site-packages/airflow/example_dags/example_sensors.py took 0.074 seconds
[2023-03-29T03:34:38.629+0000] {processor.py:153} INFO - Started process (PID=850) to work on /home/airflow/.local/lib/python3.7/site-packages/airflow/example_dags/example_sensors.py
[2023-03-29T03:34:38.631+0000] {processor.py:743} INFO - Processing file /home/airflow/.local/lib/python3.7/site-packages/airflow/example_dags/example_sensors.py for tasks to queue
[2023-03-29T03:34:38.632+0000] {logging_mixin.py:137} INFO - [2023-03-29T03:34:38.632+0000] {dagbag.py:532} INFO - Filling up the DagBag from /home/airflow/.local/lib/python3.7/site-packages/airflow/example_dags/example_sensors.py
[2023-03-29T03:34:38.645+0000] {processor.py:753} INFO - DAG(s) dict_keys(['example_sensors']) retrieved from /home/airflow/.local/lib/python3.7/site-packages/airflow/example_dags/example_sensors.py
[2023-03-29T03:34:38.666+0000] {logging_mixin.py:137} INFO - [2023-03-29T03:34:38.666+0000] {dag.py:2693} INFO - Sync 1 DAGs
[2023-03-29T03:34:38.682+0000] {logging_mixin.py:137} INFO - [2023-03-29T03:34:38.682+0000] {dag.py:3444} INFO - Setting next_dagrun for example_sensors to None, run_after=None
[2023-03-29T03:34:38.693+0000] {processor.py:175} INFO - Processing /home/airflow/.local/lib/python3.7/site-packages/airflow/example_dags/example_sensors.py took 0.067 seconds
[2023-03-29T03:35:09.258+0000] {processor.py:153} INFO - Started process (PID=899) to work on /home/airflow/.local/lib/python3.7/site-packages/airflow/example_dags/example_sensors.py
[2023-03-29T03:35:09.260+0000] {processor.py:743} INFO - Processing file /home/airflow/.local/lib/python3.7/site-packages/airflow/example_dags/example_sensors.py for tasks to queue
[2023-03-29T03:35:09.261+0000] {logging_mixin.py:137} INFO - [2023-03-29T03:35:09.261+0000] {dagbag.py:532} INFO - Filling up the DagBag from /home/airflow/.local/lib/python3.7/site-packages/airflow/example_dags/example_sensors.py
[2023-03-29T03:35:09.273+0000] {processor.py:753} INFO - DAG(s) dict_keys(['example_sensors']) retrieved from /home/airflow/.local/lib/python3.7/site-packages/airflow/example_dags/example_sensors.py
[2023-03-29T03:35:09.296+0000] {logging_mixin.py:137} INFO - [2023-03-29T03:35:09.296+0000] {dag.py:2693} INFO - Sync 1 DAGs
[2023-03-29T03:35:09.312+0000] {logging_mixin.py:137} INFO - [2023-03-29T03:35:09.312+0000] {dag.py:3444} INFO - Setting next_dagrun for example_sensors to None, run_after=None
[2023-03-29T03:35:09.326+0000] {processor.py:175} INFO - Processing /home/airflow/.local/lib/python3.7/site-packages/airflow/example_dags/example_sensors.py took 0.070 seconds
[2023-03-29T03:35:40.068+0000] {processor.py:153} INFO - Started process (PID=948) to work on /home/airflow/.local/lib/python3.7/site-packages/airflow/example_dags/example_sensors.py
[2023-03-29T03:35:40.070+0000] {processor.py:743} INFO - Processing file /home/airflow/.local/lib/python3.7/site-packages/airflow/example_dags/example_sensors.py for tasks to queue
[2023-03-29T03:35:40.071+0000] {logging_mixin.py:137} INFO - [2023-03-29T03:35:40.071+0000] {dagbag.py:532} INFO - Filling up the DagBag from /home/airflow/.local/lib/python3.7/site-packages/airflow/example_dags/example_sensors.py
[2023-03-29T03:35:40.086+0000] {processor.py:753} INFO - DAG(s) dict_keys(['example_sensors']) retrieved from /home/airflow/.local/lib/python3.7/site-packages/airflow/example_dags/example_sensors.py
[2023-03-29T03:35:40.106+0000] {logging_mixin.py:137} INFO - [2023-03-29T03:35:40.106+0000] {dag.py:2693} INFO - Sync 1 DAGs
[2023-03-29T03:35:40.127+0000] {logging_mixin.py:137} INFO - [2023-03-29T03:35:40.127+0000] {dag.py:3444} INFO - Setting next_dagrun for example_sensors to None, run_after=None
[2023-03-29T03:35:40.141+0000] {processor.py:175} INFO - Processing /home/airflow/.local/lib/python3.7/site-packages/airflow/example_dags/example_sensors.py took 0.077 seconds
[2023-03-29T03:36:10.691+0000] {processor.py:153} INFO - Started process (PID=997) to work on /home/airflow/.local/lib/python3.7/site-packages/airflow/example_dags/example_sensors.py
[2023-03-29T03:36:10.693+0000] {processor.py:743} INFO - Processing file /home/airflow/.local/lib/python3.7/site-packages/airflow/example_dags/example_sensors.py for tasks to queue
[2023-03-29T03:36:10.694+0000] {logging_mixin.py:137} INFO - [2023-03-29T03:36:10.693+0000] {dagbag.py:532} INFO - Filling up the DagBag from /home/airflow/.local/lib/python3.7/site-packages/airflow/example_dags/example_sensors.py
[2023-03-29T03:36:10.708+0000] {processor.py:753} INFO - DAG(s) dict_keys(['example_sensors']) retrieved from /home/airflow/.local/lib/python3.7/site-packages/airflow/example_dags/example_sensors.py
[2023-03-29T03:36:10.729+0000] {logging_mixin.py:137} INFO - [2023-03-29T03:36:10.729+0000] {dag.py:2693} INFO - Sync 1 DAGs
[2023-03-29T03:36:10.745+0000] {logging_mixin.py:137} INFO - [2023-03-29T03:36:10.745+0000] {dag.py:3444} INFO - Setting next_dagrun for example_sensors to None, run_after=None
[2023-03-29T03:36:10.757+0000] {processor.py:175} INFO - Processing /home/airflow/.local/lib/python3.7/site-packages/airflow/example_dags/example_sensors.py took 0.069 seconds
[2023-03-29T03:36:41.416+0000] {processor.py:153} INFO - Started process (PID=1047) to work on /home/airflow/.local/lib/python3.7/site-packages/airflow/example_dags/example_sensors.py
[2023-03-29T03:36:41.417+0000] {processor.py:743} INFO - Processing file /home/airflow/.local/lib/python3.7/site-packages/airflow/example_dags/example_sensors.py for tasks to queue
[2023-03-29T03:36:41.419+0000] {logging_mixin.py:137} INFO - [2023-03-29T03:36:41.418+0000] {dagbag.py:532} INFO - Filling up the DagBag from /home/airflow/.local/lib/python3.7/site-packages/airflow/example_dags/example_sensors.py
[2023-03-29T03:36:41.433+0000] {processor.py:753} INFO - DAG(s) dict_keys(['example_sensors']) retrieved from /home/airflow/.local/lib/python3.7/site-packages/airflow/example_dags/example_sensors.py
[2023-03-29T03:36:41.457+0000] {logging_mixin.py:137} INFO - [2023-03-29T03:36:41.457+0000] {dag.py:2693} INFO - Sync 1 DAGs
[2023-03-29T03:36:41.475+0000] {logging_mixin.py:137} INFO - [2023-03-29T03:36:41.475+0000] {dag.py:3444} INFO - Setting next_dagrun for example_sensors to None, run_after=None
[2023-03-29T03:36:41.490+0000] {processor.py:175} INFO - Processing /home/airflow/.local/lib/python3.7/site-packages/airflow/example_dags/example_sensors.py took 0.076 seconds
[2023-03-29T03:37:12.105+0000] {processor.py:153} INFO - Started process (PID=1096) to work on /home/airflow/.local/lib/python3.7/site-packages/airflow/example_dags/example_sensors.py
[2023-03-29T03:37:12.107+0000] {processor.py:743} INFO - Processing file /home/airflow/.local/lib/python3.7/site-packages/airflow/example_dags/example_sensors.py for tasks to queue
[2023-03-29T03:37:12.108+0000] {logging_mixin.py:137} INFO - [2023-03-29T03:37:12.108+0000] {dagbag.py:532} INFO - Filling up the DagBag from /home/airflow/.local/lib/python3.7/site-packages/airflow/example_dags/example_sensors.py
[2023-03-29T03:37:12.122+0000] {processor.py:753} INFO - DAG(s) dict_keys(['example_sensors']) retrieved from /home/airflow/.local/lib/python3.7/site-packages/airflow/example_dags/example_sensors.py
[2023-03-29T03:37:12.142+0000] {logging_mixin.py:137} INFO - [2023-03-29T03:37:12.142+0000] {dag.py:2693} INFO - Sync 1 DAGs
[2023-03-29T03:37:12.159+0000] {logging_mixin.py:137} INFO - [2023-03-29T03:37:12.159+0000] {dag.py:3444} INFO - Setting next_dagrun for example_sensors to None, run_after=None
[2023-03-29T03:37:12.171+0000] {processor.py:175} INFO - Processing /home/airflow/.local/lib/python3.7/site-packages/airflow/example_dags/example_sensors.py took 0.068 seconds
[2023-03-29T03:37:42.704+0000] {processor.py:153} INFO - Started process (PID=1145) to work on /home/airflow/.local/lib/python3.7/site-packages/airflow/example_dags/example_sensors.py
[2023-03-29T03:37:42.705+0000] {processor.py:743} INFO - Processing file /home/airflow/.local/lib/python3.7/site-packages/airflow/example_dags/example_sensors.py for tasks to queue
[2023-03-29T03:37:42.706+0000] {logging_mixin.py:137} INFO - [2023-03-29T03:37:42.706+0000] {dagbag.py:532} INFO - Filling up the DagBag from /home/airflow/.local/lib/python3.7/site-packages/airflow/example_dags/example_sensors.py
[2023-03-29T03:37:42.721+0000] {processor.py:753} INFO - DAG(s) dict_keys(['example_sensors']) retrieved from /home/airflow/.local/lib/python3.7/site-packages/airflow/example_dags/example_sensors.py
[2023-03-29T03:37:42.744+0000] {logging_mixin.py:137} INFO - [2023-03-29T03:37:42.743+0000] {dag.py:2693} INFO - Sync 1 DAGs
[2023-03-29T03:37:42.760+0000] {logging_mixin.py:137} INFO - [2023-03-29T03:37:42.760+0000] {dag.py:3444} INFO - Setting next_dagrun for example_sensors to None, run_after=None
[2023-03-29T03:37:42.773+0000] {processor.py:175} INFO - Processing /home/airflow/.local/lib/python3.7/site-packages/airflow/example_dags/example_sensors.py took 0.071 seconds
[2023-03-29T03:38:13.281+0000] {processor.py:153} INFO - Started process (PID=1194) to work on /home/airflow/.local/lib/python3.7/site-packages/airflow/example_dags/example_sensors.py
[2023-03-29T03:38:13.283+0000] {processor.py:743} INFO - Processing file /home/airflow/.local/lib/python3.7/site-packages/airflow/example_dags/example_sensors.py for tasks to queue
[2023-03-29T03:38:13.284+0000] {logging_mixin.py:137} INFO - [2023-03-29T03:38:13.284+0000] {dagbag.py:532} INFO - Filling up the DagBag from /home/airflow/.local/lib/python3.7/site-packages/airflow/example_dags/example_sensors.py
[2023-03-29T03:38:13.297+0000] {processor.py:753} INFO - DAG(s) dict_keys(['example_sensors']) retrieved from /home/airflow/.local/lib/python3.7/site-packages/airflow/example_dags/example_sensors.py
[2023-03-29T03:38:13.322+0000] {logging_mixin.py:137} INFO - [2023-03-29T03:38:13.322+0000] {dag.py:2693} INFO - Sync 1 DAGs
[2023-03-29T03:38:13.340+0000] {logging_mixin.py:137} INFO - [2023-03-29T03:38:13.340+0000] {dag.py:3444} INFO - Setting next_dagrun for example_sensors to None, run_after=None
[2023-03-29T03:38:13.353+0000] {processor.py:175} INFO - Processing /home/airflow/.local/lib/python3.7/site-packages/airflow/example_dags/example_sensors.py took 0.074 seconds
[2023-03-29T03:38:43.951+0000] {processor.py:153} INFO - Started process (PID=1243) to work on /home/airflow/.local/lib/python3.7/site-packages/airflow/example_dags/example_sensors.py
[2023-03-29T03:38:43.953+0000] {processor.py:743} INFO - Processing file /home/airflow/.local/lib/python3.7/site-packages/airflow/example_dags/example_sensors.py for tasks to queue
[2023-03-29T03:38:43.954+0000] {logging_mixin.py:137} INFO - [2023-03-29T03:38:43.953+0000] {dagbag.py:532} INFO - Filling up the DagBag from /home/airflow/.local/lib/python3.7/site-packages/airflow/example_dags/example_sensors.py
[2023-03-29T03:38:43.971+0000] {processor.py:753} INFO - DAG(s) dict_keys(['example_sensors']) retrieved from /home/airflow/.local/lib/python3.7/site-packages/airflow/example_dags/example_sensors.py
[2023-03-29T03:38:43.996+0000] {logging_mixin.py:137} INFO - [2023-03-29T03:38:43.996+0000] {dag.py:2693} INFO - Sync 1 DAGs
[2023-03-29T03:38:44.013+0000] {logging_mixin.py:137} INFO - [2023-03-29T03:38:44.013+0000] {dag.py:3444} INFO - Setting next_dagrun for example_sensors to None, run_after=None
[2023-03-29T03:38:44.026+0000] {processor.py:175} INFO - Processing /home/airflow/.local/lib/python3.7/site-packages/airflow/example_dags/example_sensors.py took 0.078 seconds
[2023-03-29T03:39:14.532+0000] {processor.py:153} INFO - Started process (PID=1293) to work on /home/airflow/.local/lib/python3.7/site-packages/airflow/example_dags/example_sensors.py
[2023-03-29T03:39:14.535+0000] {processor.py:743} INFO - Processing file /home/airflow/.local/lib/python3.7/site-packages/airflow/example_dags/example_sensors.py for tasks to queue
[2023-03-29T03:39:14.538+0000] {logging_mixin.py:137} INFO - [2023-03-29T03:39:14.538+0000] {dagbag.py:532} INFO - Filling up the DagBag from /home/airflow/.local/lib/python3.7/site-packages/airflow/example_dags/example_sensors.py
[2023-03-29T03:39:14.551+0000] {processor.py:753} INFO - DAG(s) dict_keys(['example_sensors']) retrieved from /home/airflow/.local/lib/python3.7/site-packages/airflow/example_dags/example_sensors.py
[2023-03-29T03:39:14.572+0000] {logging_mixin.py:137} INFO - [2023-03-29T03:39:14.572+0000] {dag.py:2693} INFO - Sync 1 DAGs
[2023-03-29T03:39:14.593+0000] {logging_mixin.py:137} INFO - [2023-03-29T03:39:14.593+0000] {dag.py:3444} INFO - Setting next_dagrun for example_sensors to None, run_after=None
[2023-03-29T03:39:14.607+0000] {processor.py:175} INFO - Processing /home/airflow/.local/lib/python3.7/site-packages/airflow/example_dags/example_sensors.py took 0.078 seconds
[2023-03-29T03:39:45.112+0000] {processor.py:153} INFO - Started process (PID=1342) to work on /home/airflow/.local/lib/python3.7/site-packages/airflow/example_dags/example_sensors.py
[2023-03-29T03:39:45.114+0000] {processor.py:743} INFO - Processing file /home/airflow/.local/lib/python3.7/site-packages/airflow/example_dags/example_sensors.py for tasks to queue
[2023-03-29T03:39:45.115+0000] {logging_mixin.py:137} INFO - [2023-03-29T03:39:45.115+0000] {dagbag.py:532} INFO - Filling up the DagBag from /home/airflow/.local/lib/python3.7/site-packages/airflow/example_dags/example_sensors.py
[2023-03-29T03:39:45.129+0000] {processor.py:753} INFO - DAG(s) dict_keys(['example_sensors']) retrieved from /home/airflow/.local/lib/python3.7/site-packages/airflow/example_dags/example_sensors.py
[2023-03-29T03:39:45.152+0000] {logging_mixin.py:137} INFO - [2023-03-29T03:39:45.152+0000] {dag.py:2693} INFO - Sync 1 DAGs
[2023-03-29T03:39:45.169+0000] {logging_mixin.py:137} INFO - [2023-03-29T03:39:45.169+0000] {dag.py:3444} INFO - Setting next_dagrun for example_sensors to None, run_after=None
[2023-03-29T03:39:45.183+0000] {processor.py:175} INFO - Processing /home/airflow/.local/lib/python3.7/site-packages/airflow/example_dags/example_sensors.py took 0.074 seconds
[2023-03-29T03:40:15.979+0000] {processor.py:153} INFO - Started process (PID=1391) to work on /home/airflow/.local/lib/python3.7/site-packages/airflow/example_dags/example_sensors.py
[2023-03-29T03:40:15.980+0000] {processor.py:743} INFO - Processing file /home/airflow/.local/lib/python3.7/site-packages/airflow/example_dags/example_sensors.py for tasks to queue
[2023-03-29T03:40:15.981+0000] {logging_mixin.py:137} INFO - [2023-03-29T03:40:15.981+0000] {dagbag.py:532} INFO - Filling up the DagBag from /home/airflow/.local/lib/python3.7/site-packages/airflow/example_dags/example_sensors.py
[2023-03-29T03:40:15.994+0000] {processor.py:753} INFO - DAG(s) dict_keys(['example_sensors']) retrieved from /home/airflow/.local/lib/python3.7/site-packages/airflow/example_dags/example_sensors.py
[2023-03-29T03:40:16.016+0000] {logging_mixin.py:137} INFO - [2023-03-29T03:40:16.016+0000] {dag.py:2693} INFO - Sync 1 DAGs
[2023-03-29T03:40:16.042+0000] {logging_mixin.py:137} INFO - [2023-03-29T03:40:16.042+0000] {dag.py:3444} INFO - Setting next_dagrun for example_sensors to None, run_after=None
[2023-03-29T03:40:16.063+0000] {processor.py:175} INFO - Processing /home/airflow/.local/lib/python3.7/site-packages/airflow/example_dags/example_sensors.py took 0.087 seconds
[2023-03-29T03:40:46.748+0000] {processor.py:153} INFO - Started process (PID=1440) to work on /home/airflow/.local/lib/python3.7/site-packages/airflow/example_dags/example_sensors.py
[2023-03-29T03:40:46.749+0000] {processor.py:743} INFO - Processing file /home/airflow/.local/lib/python3.7/site-packages/airflow/example_dags/example_sensors.py for tasks to queue
[2023-03-29T03:40:46.750+0000] {logging_mixin.py:137} INFO - [2023-03-29T03:40:46.750+0000] {dagbag.py:532} INFO - Filling up the DagBag from /home/airflow/.local/lib/python3.7/site-packages/airflow/example_dags/example_sensors.py
[2023-03-29T03:40:46.765+0000] {processor.py:753} INFO - DAG(s) dict_keys(['example_sensors']) retrieved from /home/airflow/.local/lib/python3.7/site-packages/airflow/example_dags/example_sensors.py
[2023-03-29T03:40:46.793+0000] {logging_mixin.py:137} INFO - [2023-03-29T03:40:46.793+0000] {dag.py:2693} INFO - Sync 1 DAGs
[2023-03-29T03:40:46.810+0000] {logging_mixin.py:137} INFO - [2023-03-29T03:40:46.810+0000] {dag.py:3444} INFO - Setting next_dagrun for example_sensors to None, run_after=None
[2023-03-29T03:40:46.826+0000] {processor.py:175} INFO - Processing /home/airflow/.local/lib/python3.7/site-packages/airflow/example_dags/example_sensors.py took 0.080 seconds
[2023-03-29T03:41:17.274+0000] {processor.py:153} INFO - Started process (PID=1489) to work on /home/airflow/.local/lib/python3.7/site-packages/airflow/example_dags/example_sensors.py
[2023-03-29T03:41:17.277+0000] {processor.py:743} INFO - Processing file /home/airflow/.local/lib/python3.7/site-packages/airflow/example_dags/example_sensors.py for tasks to queue
[2023-03-29T03:41:17.278+0000] {logging_mixin.py:137} INFO - [2023-03-29T03:41:17.278+0000] {dagbag.py:532} INFO - Filling up the DagBag from /home/airflow/.local/lib/python3.7/site-packages/airflow/example_dags/example_sensors.py
[2023-03-29T03:41:17.291+0000] {processor.py:753} INFO - DAG(s) dict_keys(['example_sensors']) retrieved from /home/airflow/.local/lib/python3.7/site-packages/airflow/example_dags/example_sensors.py
[2023-03-29T03:41:17.314+0000] {logging_mixin.py:137} INFO - [2023-03-29T03:41:17.314+0000] {dag.py:2693} INFO - Sync 1 DAGs
[2023-03-29T03:41:17.331+0000] {logging_mixin.py:137} INFO - [2023-03-29T03:41:17.331+0000] {dag.py:3444} INFO - Setting next_dagrun for example_sensors to None, run_after=None
[2023-03-29T03:41:17.343+0000] {processor.py:175} INFO - Processing /home/airflow/.local/lib/python3.7/site-packages/airflow/example_dags/example_sensors.py took 0.071 seconds
[2023-03-29T03:41:48.058+0000] {processor.py:153} INFO - Started process (PID=1538) to work on /home/airflow/.local/lib/python3.7/site-packages/airflow/example_dags/example_sensors.py
[2023-03-29T03:41:48.059+0000] {processor.py:743} INFO - Processing file /home/airflow/.local/lib/python3.7/site-packages/airflow/example_dags/example_sensors.py for tasks to queue
[2023-03-29T03:41:48.060+0000] {logging_mixin.py:137} INFO - [2023-03-29T03:41:48.060+0000] {dagbag.py:532} INFO - Filling up the DagBag from /home/airflow/.local/lib/python3.7/site-packages/airflow/example_dags/example_sensors.py
[2023-03-29T03:41:48.076+0000] {processor.py:753} INFO - DAG(s) dict_keys(['example_sensors']) retrieved from /home/airflow/.local/lib/python3.7/site-packages/airflow/example_dags/example_sensors.py
[2023-03-29T03:41:48.096+0000] {logging_mixin.py:137} INFO - [2023-03-29T03:41:48.096+0000] {dag.py:2693} INFO - Sync 1 DAGs
[2023-03-29T03:41:48.112+0000] {logging_mixin.py:137} INFO - [2023-03-29T03:41:48.112+0000] {dag.py:3444} INFO - Setting next_dagrun for example_sensors to None, run_after=None
[2023-03-29T03:41:48.126+0000] {processor.py:175} INFO - Processing /home/airflow/.local/lib/python3.7/site-packages/airflow/example_dags/example_sensors.py took 0.070 seconds
[2023-03-29T03:42:18.535+0000] {processor.py:153} INFO - Started process (PID=1589) to work on /home/airflow/.local/lib/python3.7/site-packages/airflow/example_dags/example_sensors.py
[2023-03-29T03:42:18.537+0000] {processor.py:743} INFO - Processing file /home/airflow/.local/lib/python3.7/site-packages/airflow/example_dags/example_sensors.py for tasks to queue
[2023-03-29T03:42:18.538+0000] {logging_mixin.py:137} INFO - [2023-03-29T03:42:18.538+0000] {dagbag.py:532} INFO - Filling up the DagBag from /home/airflow/.local/lib/python3.7/site-packages/airflow/example_dags/example_sensors.py
[2023-03-29T03:42:18.551+0000] {processor.py:753} INFO - DAG(s) dict_keys(['example_sensors']) retrieved from /home/airflow/.local/lib/python3.7/site-packages/airflow/example_dags/example_sensors.py
[2023-03-29T03:42:18.573+0000] {logging_mixin.py:137} INFO - [2023-03-29T03:42:18.573+0000] {dag.py:2693} INFO - Sync 1 DAGs
[2023-03-29T03:42:18.589+0000] {logging_mixin.py:137} INFO - [2023-03-29T03:42:18.589+0000] {dag.py:3444} INFO - Setting next_dagrun for example_sensors to None, run_after=None
[2023-03-29T03:42:18.602+0000] {processor.py:175} INFO - Processing /home/airflow/.local/lib/python3.7/site-packages/airflow/example_dags/example_sensors.py took 0.069 seconds
[2023-03-29T03:42:49.111+0000] {processor.py:153} INFO - Started process (PID=1638) to work on /home/airflow/.local/lib/python3.7/site-packages/airflow/example_dags/example_sensors.py
[2023-03-29T03:42:49.112+0000] {processor.py:743} INFO - Processing file /home/airflow/.local/lib/python3.7/site-packages/airflow/example_dags/example_sensors.py for tasks to queue
[2023-03-29T03:42:49.114+0000] {logging_mixin.py:137} INFO - [2023-03-29T03:42:49.114+0000] {dagbag.py:532} INFO - Filling up the DagBag from /home/airflow/.local/lib/python3.7/site-packages/airflow/example_dags/example_sensors.py
[2023-03-29T03:42:49.129+0000] {processor.py:753} INFO - DAG(s) dict_keys(['example_sensors']) retrieved from /home/airflow/.local/lib/python3.7/site-packages/airflow/example_dags/example_sensors.py
[2023-03-29T03:42:49.161+0000] {logging_mixin.py:137} INFO - [2023-03-29T03:42:49.161+0000] {dag.py:2693} INFO - Sync 1 DAGs
[2023-03-29T03:42:49.178+0000] {logging_mixin.py:137} INFO - [2023-03-29T03:42:49.178+0000] {dag.py:3444} INFO - Setting next_dagrun for example_sensors to None, run_after=None
[2023-03-29T03:42:49.193+0000] {processor.py:175} INFO - Processing /home/airflow/.local/lib/python3.7/site-packages/airflow/example_dags/example_sensors.py took 0.085 seconds
[2023-03-29T03:43:19.829+0000] {processor.py:153} INFO - Started process (PID=1687) to work on /home/airflow/.local/lib/python3.7/site-packages/airflow/example_dags/example_sensors.py
[2023-03-29T03:43:19.831+0000] {processor.py:743} INFO - Processing file /home/airflow/.local/lib/python3.7/site-packages/airflow/example_dags/example_sensors.py for tasks to queue
[2023-03-29T03:43:19.833+0000] {logging_mixin.py:137} INFO - [2023-03-29T03:43:19.833+0000] {dagbag.py:532} INFO - Filling up the DagBag from /home/airflow/.local/lib/python3.7/site-packages/airflow/example_dags/example_sensors.py
[2023-03-29T03:43:19.861+0000] {processor.py:753} INFO - DAG(s) dict_keys(['example_sensors']) retrieved from /home/airflow/.local/lib/python3.7/site-packages/airflow/example_dags/example_sensors.py
[2023-03-29T03:43:19.896+0000] {logging_mixin.py:137} INFO - [2023-03-29T03:43:19.896+0000] {dag.py:2693} INFO - Sync 1 DAGs
[2023-03-29T03:43:19.919+0000] {logging_mixin.py:137} INFO - [2023-03-29T03:43:19.919+0000] {dag.py:3444} INFO - Setting next_dagrun for example_sensors to None, run_after=None
[2023-03-29T03:43:19.935+0000] {processor.py:175} INFO - Processing /home/airflow/.local/lib/python3.7/site-packages/airflow/example_dags/example_sensors.py took 0.109 seconds
[2023-03-29T03:43:50.675+0000] {processor.py:153} INFO - Started process (PID=1736) to work on /home/airflow/.local/lib/python3.7/site-packages/airflow/example_dags/example_sensors.py
[2023-03-29T03:43:50.677+0000] {processor.py:743} INFO - Processing file /home/airflow/.local/lib/python3.7/site-packages/airflow/example_dags/example_sensors.py for tasks to queue
[2023-03-29T03:43:50.678+0000] {logging_mixin.py:137} INFO - [2023-03-29T03:43:50.678+0000] {dagbag.py:532} INFO - Filling up the DagBag from /home/airflow/.local/lib/python3.7/site-packages/airflow/example_dags/example_sensors.py
[2023-03-29T03:43:50.691+0000] {processor.py:753} INFO - DAG(s) dict_keys(['example_sensors']) retrieved from /home/airflow/.local/lib/python3.7/site-packages/airflow/example_dags/example_sensors.py
[2023-03-29T03:43:50.711+0000] {logging_mixin.py:137} INFO - [2023-03-29T03:43:50.711+0000] {dag.py:2693} INFO - Sync 1 DAGs
[2023-03-29T03:43:50.730+0000] {logging_mixin.py:137} INFO - [2023-03-29T03:43:50.730+0000] {dag.py:3444} INFO - Setting next_dagrun for example_sensors to None, run_after=None
[2023-03-29T03:43:50.742+0000] {processor.py:175} INFO - Processing /home/airflow/.local/lib/python3.7/site-packages/airflow/example_dags/example_sensors.py took 0.070 seconds
[2023-03-29T03:44:21.974+0000] {processor.py:153} INFO - Started process (PID=1792) to work on /home/airflow/.local/lib/python3.7/site-packages/airflow/example_dags/example_sensors.py
[2023-03-29T03:44:21.975+0000] {processor.py:743} INFO - Processing file /home/airflow/.local/lib/python3.7/site-packages/airflow/example_dags/example_sensors.py for tasks to queue
[2023-03-29T03:44:21.977+0000] {logging_mixin.py:137} INFO - [2023-03-29T03:44:21.976+0000] {dagbag.py:532} INFO - Filling up the DagBag from /home/airflow/.local/lib/python3.7/site-packages/airflow/example_dags/example_sensors.py
[2023-03-29T03:44:21.994+0000] {processor.py:753} INFO - DAG(s) dict_keys(['example_sensors']) retrieved from /home/airflow/.local/lib/python3.7/site-packages/airflow/example_dags/example_sensors.py
[2023-03-29T03:44:22.013+0000] {logging_mixin.py:137} INFO - [2023-03-29T03:44:22.013+0000] {dag.py:2693} INFO - Sync 1 DAGs
[2023-03-29T03:44:22.031+0000] {logging_mixin.py:137} INFO - [2023-03-29T03:44:22.031+0000] {dag.py:3444} INFO - Setting next_dagrun for example_sensors to None, run_after=None
[2023-03-29T03:44:22.044+0000] {processor.py:175} INFO - Processing /home/airflow/.local/lib/python3.7/site-packages/airflow/example_dags/example_sensors.py took 0.073 seconds
[2023-03-29T03:44:52.787+0000] {processor.py:153} INFO - Started process (PID=1841) to work on /home/airflow/.local/lib/python3.7/site-packages/airflow/example_dags/example_sensors.py
[2023-03-29T03:44:52.789+0000] {processor.py:743} INFO - Processing file /home/airflow/.local/lib/python3.7/site-packages/airflow/example_dags/example_sensors.py for tasks to queue
[2023-03-29T03:44:52.790+0000] {logging_mixin.py:137} INFO - [2023-03-29T03:44:52.790+0000] {dagbag.py:532} INFO - Filling up the DagBag from /home/airflow/.local/lib/python3.7/site-packages/airflow/example_dags/example_sensors.py
[2023-03-29T03:44:52.814+0000] {processor.py:753} INFO - DAG(s) dict_keys(['example_sensors']) retrieved from /home/airflow/.local/lib/python3.7/site-packages/airflow/example_dags/example_sensors.py
[2023-03-29T03:44:52.854+0000] {logging_mixin.py:137} INFO - [2023-03-29T03:44:52.854+0000] {dag.py:2693} INFO - Sync 1 DAGs
[2023-03-29T03:44:52.886+0000] {logging_mixin.py:137} INFO - [2023-03-29T03:44:52.886+0000] {dag.py:3444} INFO - Setting next_dagrun for example_sensors to None, run_after=None
[2023-03-29T03:44:52.950+0000] {processor.py:175} INFO - Processing /home/airflow/.local/lib/python3.7/site-packages/airflow/example_dags/example_sensors.py took 0.167 seconds
[2023-03-29T03:45:23.039+0000] {processor.py:153} INFO - Started process (PID=1890) to work on /home/airflow/.local/lib/python3.7/site-packages/airflow/example_dags/example_sensors.py
[2023-03-29T03:45:23.041+0000] {processor.py:743} INFO - Processing file /home/airflow/.local/lib/python3.7/site-packages/airflow/example_dags/example_sensors.py for tasks to queue
[2023-03-29T03:45:23.043+0000] {logging_mixin.py:137} INFO - [2023-03-29T03:45:23.043+0000] {dagbag.py:532} INFO - Filling up the DagBag from /home/airflow/.local/lib/python3.7/site-packages/airflow/example_dags/example_sensors.py
[2023-03-29T03:45:23.062+0000] {processor.py:753} INFO - DAG(s) dict_keys(['example_sensors']) retrieved from /home/airflow/.local/lib/python3.7/site-packages/airflow/example_dags/example_sensors.py
[2023-03-29T03:45:23.092+0000] {logging_mixin.py:137} INFO - [2023-03-29T03:45:23.091+0000] {dag.py:2693} INFO - Sync 1 DAGs
[2023-03-29T03:45:23.112+0000] {logging_mixin.py:137} INFO - [2023-03-29T03:45:23.112+0000] {dag.py:3444} INFO - Setting next_dagrun for example_sensors to None, run_after=None
[2023-03-29T03:45:23.130+0000] {processor.py:175} INFO - Processing /home/airflow/.local/lib/python3.7/site-packages/airflow/example_dags/example_sensors.py took 0.094 seconds
[2023-03-29T03:45:53.166+0000] {processor.py:153} INFO - Started process (PID=1940) to work on /home/airflow/.local/lib/python3.7/site-packages/airflow/example_dags/example_sensors.py
[2023-03-29T03:45:53.168+0000] {processor.py:743} INFO - Processing file /home/airflow/.local/lib/python3.7/site-packages/airflow/example_dags/example_sensors.py for tasks to queue
[2023-03-29T03:45:53.169+0000] {logging_mixin.py:137} INFO - [2023-03-29T03:45:53.169+0000] {dagbag.py:532} INFO - Filling up the DagBag from /home/airflow/.local/lib/python3.7/site-packages/airflow/example_dags/example_sensors.py
[2023-03-29T03:45:53.181+0000] {processor.py:753} INFO - DAG(s) dict_keys(['example_sensors']) retrieved from /home/airflow/.local/lib/python3.7/site-packages/airflow/example_dags/example_sensors.py
[2023-03-29T03:45:53.205+0000] {logging_mixin.py:137} INFO - [2023-03-29T03:45:53.205+0000] {dag.py:2693} INFO - Sync 1 DAGs
[2023-03-29T03:45:53.219+0000] {logging_mixin.py:137} INFO - [2023-03-29T03:45:53.219+0000] {dag.py:3444} INFO - Setting next_dagrun for example_sensors to None, run_after=None
[2023-03-29T03:45:53.231+0000] {processor.py:175} INFO - Processing /home/airflow/.local/lib/python3.7/site-packages/airflow/example_dags/example_sensors.py took 0.066 seconds
[2023-03-29T03:46:23.880+0000] {processor.py:153} INFO - Started process (PID=1989) to work on /home/airflow/.local/lib/python3.7/site-packages/airflow/example_dags/example_sensors.py
[2023-03-29T03:46:23.882+0000] {processor.py:743} INFO - Processing file /home/airflow/.local/lib/python3.7/site-packages/airflow/example_dags/example_sensors.py for tasks to queue
[2023-03-29T03:46:23.883+0000] {logging_mixin.py:137} INFO - [2023-03-29T03:46:23.882+0000] {dagbag.py:532} INFO - Filling up the DagBag from /home/airflow/.local/lib/python3.7/site-packages/airflow/example_dags/example_sensors.py
[2023-03-29T03:46:23.895+0000] {processor.py:753} INFO - DAG(s) dict_keys(['example_sensors']) retrieved from /home/airflow/.local/lib/python3.7/site-packages/airflow/example_dags/example_sensors.py
[2023-03-29T03:46:23.916+0000] {logging_mixin.py:137} INFO - [2023-03-29T03:46:23.916+0000] {dag.py:2693} INFO - Sync 1 DAGs
[2023-03-29T03:46:23.931+0000] {logging_mixin.py:137} INFO - [2023-03-29T03:46:23.931+0000] {dag.py:3444} INFO - Setting next_dagrun for example_sensors to None, run_after=None
[2023-03-29T03:46:23.942+0000] {processor.py:175} INFO - Processing /home/airflow/.local/lib/python3.7/site-packages/airflow/example_dags/example_sensors.py took 0.065 seconds
[2023-03-29T03:46:54.490+0000] {processor.py:153} INFO - Started process (PID=2039) to work on /home/airflow/.local/lib/python3.7/site-packages/airflow/example_dags/example_sensors.py
[2023-03-29T03:46:54.491+0000] {processor.py:743} INFO - Processing file /home/airflow/.local/lib/python3.7/site-packages/airflow/example_dags/example_sensors.py for tasks to queue
[2023-03-29T03:46:54.492+0000] {logging_mixin.py:137} INFO - [2023-03-29T03:46:54.492+0000] {dagbag.py:532} INFO - Filling up the DagBag from /home/airflow/.local/lib/python3.7/site-packages/airflow/example_dags/example_sensors.py
[2023-03-29T03:46:54.506+0000] {processor.py:753} INFO - DAG(s) dict_keys(['example_sensors']) retrieved from /home/airflow/.local/lib/python3.7/site-packages/airflow/example_dags/example_sensors.py
[2023-03-29T03:46:54.525+0000] {logging_mixin.py:137} INFO - [2023-03-29T03:46:54.525+0000] {dag.py:2693} INFO - Sync 1 DAGs
[2023-03-29T03:46:54.539+0000] {logging_mixin.py:137} INFO - [2023-03-29T03:46:54.539+0000] {dag.py:3444} INFO - Setting next_dagrun for example_sensors to None, run_after=None
[2023-03-29T03:46:54.550+0000] {processor.py:175} INFO - Processing /home/airflow/.local/lib/python3.7/site-packages/airflow/example_dags/example_sensors.py took 0.063 seconds
[2023-03-29T03:47:25.117+0000] {processor.py:153} INFO - Started process (PID=2089) to work on /home/airflow/.local/lib/python3.7/site-packages/airflow/example_dags/example_sensors.py
[2023-03-29T03:47:25.119+0000] {processor.py:743} INFO - Processing file /home/airflow/.local/lib/python3.7/site-packages/airflow/example_dags/example_sensors.py for tasks to queue
[2023-03-29T03:47:25.121+0000] {logging_mixin.py:137} INFO - [2023-03-29T03:47:25.121+0000] {dagbag.py:532} INFO - Filling up the DagBag from /home/airflow/.local/lib/python3.7/site-packages/airflow/example_dags/example_sensors.py
[2023-03-29T03:47:25.172+0000] {processor.py:753} INFO - DAG(s) dict_keys(['example_sensors']) retrieved from /home/airflow/.local/lib/python3.7/site-packages/airflow/example_dags/example_sensors.py
[2023-03-29T03:47:25.209+0000] {logging_mixin.py:137} INFO - [2023-03-29T03:47:25.209+0000] {dag.py:2693} INFO - Sync 1 DAGs
[2023-03-29T03:47:25.230+0000] {logging_mixin.py:137} INFO - [2023-03-29T03:47:25.230+0000] {dag.py:3444} INFO - Setting next_dagrun for example_sensors to None, run_after=None
[2023-03-29T03:47:25.243+0000] {processor.py:175} INFO - Processing /home/airflow/.local/lib/python3.7/site-packages/airflow/example_dags/example_sensors.py took 0.128 seconds
