[2023-03-29T03:26:25.062+0000] {processor.py:153} INFO - Started process (PID=41) to work on /home/airflow/.local/lib/python3.7/site-packages/airflow/example_dags/example_sensor_decorator.py
[2023-03-29T03:26:25.064+0000] {processor.py:743} INFO - Processing file /home/airflow/.local/lib/python3.7/site-packages/airflow/example_dags/example_sensor_decorator.py for tasks to queue
[2023-03-29T03:26:25.067+0000] {logging_mixin.py:137} INFO - [2023-03-29T03:26:25.067+0000] {dagbag.py:532} INFO - Filling up the DagBag from /home/airflow/.local/lib/python3.7/site-packages/airflow/example_dags/example_sensor_decorator.py
[2023-03-29T03:26:25.088+0000] {processor.py:753} INFO - DAG(s) dict_keys(['example_sensor_decorator']) retrieved from /home/airflow/.local/lib/python3.7/site-packages/airflow/example_dags/example_sensor_decorator.py
[2023-03-29T03:26:25.104+0000] {logging_mixin.py:137} INFO - [2023-03-29T03:26:25.104+0000] {dag.py:2693} INFO - Sync 1 DAGs
[2023-03-29T03:26:25.126+0000] {logging_mixin.py:137} INFO - [2023-03-29T03:26:25.126+0000] {dag.py:3444} INFO - Setting next_dagrun for example_sensor_decorator to None, run_after=None
[2023-03-29T03:26:25.161+0000] {processor.py:175} INFO - Processing /home/airflow/.local/lib/python3.7/site-packages/airflow/example_dags/example_sensor_decorator.py took 0.101 seconds
[2023-03-29T03:26:55.843+0000] {processor.py:153} INFO - Started process (PID=90) to work on /home/airflow/.local/lib/python3.7/site-packages/airflow/example_dags/example_sensor_decorator.py
[2023-03-29T03:26:55.844+0000] {processor.py:743} INFO - Processing file /home/airflow/.local/lib/python3.7/site-packages/airflow/example_dags/example_sensor_decorator.py for tasks to queue
[2023-03-29T03:26:55.845+0000] {logging_mixin.py:137} INFO - [2023-03-29T03:26:55.845+0000] {dagbag.py:532} INFO - Filling up the DagBag from /home/airflow/.local/lib/python3.7/site-packages/airflow/example_dags/example_sensor_decorator.py
[2023-03-29T03:26:55.860+0000] {processor.py:753} INFO - DAG(s) dict_keys(['example_sensor_decorator']) retrieved from /home/airflow/.local/lib/python3.7/site-packages/airflow/example_dags/example_sensor_decorator.py
[2023-03-29T03:26:55.876+0000] {logging_mixin.py:137} INFO - [2023-03-29T03:26:55.876+0000] {dag.py:2693} INFO - Sync 1 DAGs
[2023-03-29T03:26:55.890+0000] {logging_mixin.py:137} INFO - [2023-03-29T03:26:55.890+0000] {dag.py:3444} INFO - Setting next_dagrun for example_sensor_decorator to None, run_after=None
[2023-03-29T03:26:55.901+0000] {processor.py:175} INFO - Processing /home/airflow/.local/lib/python3.7/site-packages/airflow/example_dags/example_sensor_decorator.py took 0.060 seconds
[2023-03-29T03:27:26.367+0000] {processor.py:153} INFO - Started process (PID=139) to work on /home/airflow/.local/lib/python3.7/site-packages/airflow/example_dags/example_sensor_decorator.py
[2023-03-29T03:27:26.369+0000] {processor.py:743} INFO - Processing file /home/airflow/.local/lib/python3.7/site-packages/airflow/example_dags/example_sensor_decorator.py for tasks to queue
[2023-03-29T03:27:26.370+0000] {logging_mixin.py:137} INFO - [2023-03-29T03:27:26.370+0000] {dagbag.py:532} INFO - Filling up the DagBag from /home/airflow/.local/lib/python3.7/site-packages/airflow/example_dags/example_sensor_decorator.py
[2023-03-29T03:27:26.388+0000] {processor.py:753} INFO - DAG(s) dict_keys(['example_sensor_decorator']) retrieved from /home/airflow/.local/lib/python3.7/site-packages/airflow/example_dags/example_sensor_decorator.py
[2023-03-29T03:27:26.404+0000] {logging_mixin.py:137} INFO - [2023-03-29T03:27:26.404+0000] {dag.py:2693} INFO - Sync 1 DAGs
[2023-03-29T03:27:26.423+0000] {logging_mixin.py:137} INFO - [2023-03-29T03:27:26.422+0000] {dag.py:3444} INFO - Setting next_dagrun for example_sensor_decorator to None, run_after=None
[2023-03-29T03:27:26.439+0000] {processor.py:175} INFO - Processing /home/airflow/.local/lib/python3.7/site-packages/airflow/example_dags/example_sensor_decorator.py took 0.075 seconds
[2023-03-29T03:27:57.117+0000] {processor.py:153} INFO - Started process (PID=188) to work on /home/airflow/.local/lib/python3.7/site-packages/airflow/example_dags/example_sensor_decorator.py
[2023-03-29T03:27:57.119+0000] {processor.py:743} INFO - Processing file /home/airflow/.local/lib/python3.7/site-packages/airflow/example_dags/example_sensor_decorator.py for tasks to queue
[2023-03-29T03:27:57.120+0000] {logging_mixin.py:137} INFO - [2023-03-29T03:27:57.120+0000] {dagbag.py:532} INFO - Filling up the DagBag from /home/airflow/.local/lib/python3.7/site-packages/airflow/example_dags/example_sensor_decorator.py
[2023-03-29T03:27:57.135+0000] {processor.py:753} INFO - DAG(s) dict_keys(['example_sensor_decorator']) retrieved from /home/airflow/.local/lib/python3.7/site-packages/airflow/example_dags/example_sensor_decorator.py
[2023-03-29T03:27:57.151+0000] {logging_mixin.py:137} INFO - [2023-03-29T03:27:57.151+0000] {dag.py:2693} INFO - Sync 1 DAGs
[2023-03-29T03:27:57.167+0000] {logging_mixin.py:137} INFO - [2023-03-29T03:27:57.167+0000] {dag.py:3444} INFO - Setting next_dagrun for example_sensor_decorator to None, run_after=None
[2023-03-29T03:27:57.179+0000] {processor.py:175} INFO - Processing /home/airflow/.local/lib/python3.7/site-packages/airflow/example_dags/example_sensor_decorator.py took 0.064 seconds
[2023-03-29T03:28:27.563+0000] {processor.py:153} INFO - Started process (PID=237) to work on /home/airflow/.local/lib/python3.7/site-packages/airflow/example_dags/example_sensor_decorator.py
[2023-03-29T03:28:27.565+0000] {processor.py:743} INFO - Processing file /home/airflow/.local/lib/python3.7/site-packages/airflow/example_dags/example_sensor_decorator.py for tasks to queue
[2023-03-29T03:28:27.566+0000] {logging_mixin.py:137} INFO - [2023-03-29T03:28:27.566+0000] {dagbag.py:532} INFO - Filling up the DagBag from /home/airflow/.local/lib/python3.7/site-packages/airflow/example_dags/example_sensor_decorator.py
[2023-03-29T03:28:27.582+0000] {processor.py:753} INFO - DAG(s) dict_keys(['example_sensor_decorator']) retrieved from /home/airflow/.local/lib/python3.7/site-packages/airflow/example_dags/example_sensor_decorator.py
[2023-03-29T03:28:27.601+0000] {logging_mixin.py:137} INFO - [2023-03-29T03:28:27.600+0000] {dag.py:2693} INFO - Sync 1 DAGs
[2023-03-29T03:28:27.618+0000] {logging_mixin.py:137} INFO - [2023-03-29T03:28:27.618+0000] {dag.py:3444} INFO - Setting next_dagrun for example_sensor_decorator to None, run_after=None
[2023-03-29T03:28:27.633+0000] {processor.py:175} INFO - Processing /home/airflow/.local/lib/python3.7/site-packages/airflow/example_dags/example_sensor_decorator.py took 0.072 seconds
[2023-03-29T03:28:58.121+0000] {processor.py:153} INFO - Started process (PID=286) to work on /home/airflow/.local/lib/python3.7/site-packages/airflow/example_dags/example_sensor_decorator.py
[2023-03-29T03:28:58.123+0000] {processor.py:743} INFO - Processing file /home/airflow/.local/lib/python3.7/site-packages/airflow/example_dags/example_sensor_decorator.py for tasks to queue
[2023-03-29T03:28:58.124+0000] {logging_mixin.py:137} INFO - [2023-03-29T03:28:58.123+0000] {dagbag.py:532} INFO - Filling up the DagBag from /home/airflow/.local/lib/python3.7/site-packages/airflow/example_dags/example_sensor_decorator.py
[2023-03-29T03:28:58.138+0000] {processor.py:753} INFO - DAG(s) dict_keys(['example_sensor_decorator']) retrieved from /home/airflow/.local/lib/python3.7/site-packages/airflow/example_dags/example_sensor_decorator.py
[2023-03-29T03:28:58.155+0000] {logging_mixin.py:137} INFO - [2023-03-29T03:28:58.155+0000] {dag.py:2693} INFO - Sync 1 DAGs
[2023-03-29T03:28:58.170+0000] {logging_mixin.py:137} INFO - [2023-03-29T03:28:58.170+0000] {dag.py:3444} INFO - Setting next_dagrun for example_sensor_decorator to None, run_after=None
[2023-03-29T03:28:58.182+0000] {processor.py:175} INFO - Processing /home/airflow/.local/lib/python3.7/site-packages/airflow/example_dags/example_sensor_decorator.py took 0.064 seconds
[2023-03-29T03:29:28.716+0000] {processor.py:153} INFO - Started process (PID=335) to work on /home/airflow/.local/lib/python3.7/site-packages/airflow/example_dags/example_sensor_decorator.py
[2023-03-29T03:29:28.718+0000] {processor.py:743} INFO - Processing file /home/airflow/.local/lib/python3.7/site-packages/airflow/example_dags/example_sensor_decorator.py for tasks to queue
[2023-03-29T03:29:28.720+0000] {logging_mixin.py:137} INFO - [2023-03-29T03:29:28.720+0000] {dagbag.py:532} INFO - Filling up the DagBag from /home/airflow/.local/lib/python3.7/site-packages/airflow/example_dags/example_sensor_decorator.py
[2023-03-29T03:29:28.740+0000] {processor.py:753} INFO - DAG(s) dict_keys(['example_sensor_decorator']) retrieved from /home/airflow/.local/lib/python3.7/site-packages/airflow/example_dags/example_sensor_decorator.py
[2023-03-29T03:29:28.761+0000] {logging_mixin.py:137} INFO - [2023-03-29T03:29:28.761+0000] {dag.py:2693} INFO - Sync 1 DAGs
[2023-03-29T03:29:28.781+0000] {logging_mixin.py:137} INFO - [2023-03-29T03:29:28.781+0000] {dag.py:3444} INFO - Setting next_dagrun for example_sensor_decorator to None, run_after=None
[2023-03-29T03:29:28.800+0000] {processor.py:175} INFO - Processing /home/airflow/.local/lib/python3.7/site-packages/airflow/example_dags/example_sensor_decorator.py took 0.087 seconds
[2023-03-29T03:29:59.425+0000] {processor.py:153} INFO - Started process (PID=384) to work on /home/airflow/.local/lib/python3.7/site-packages/airflow/example_dags/example_sensor_decorator.py
[2023-03-29T03:29:59.427+0000] {processor.py:743} INFO - Processing file /home/airflow/.local/lib/python3.7/site-packages/airflow/example_dags/example_sensor_decorator.py for tasks to queue
[2023-03-29T03:29:59.429+0000] {logging_mixin.py:137} INFO - [2023-03-29T03:29:59.428+0000] {dagbag.py:532} INFO - Filling up the DagBag from /home/airflow/.local/lib/python3.7/site-packages/airflow/example_dags/example_sensor_decorator.py
[2023-03-29T03:29:59.448+0000] {processor.py:753} INFO - DAG(s) dict_keys(['example_sensor_decorator']) retrieved from /home/airflow/.local/lib/python3.7/site-packages/airflow/example_dags/example_sensor_decorator.py
[2023-03-29T03:29:59.468+0000] {logging_mixin.py:137} INFO - [2023-03-29T03:29:59.468+0000] {dag.py:2693} INFO - Sync 1 DAGs
[2023-03-29T03:29:59.488+0000] {logging_mixin.py:137} INFO - [2023-03-29T03:29:59.488+0000] {dag.py:3444} INFO - Setting next_dagrun for example_sensor_decorator to None, run_after=None
[2023-03-29T03:29:59.509+0000] {processor.py:175} INFO - Processing /home/airflow/.local/lib/python3.7/site-packages/airflow/example_dags/example_sensor_decorator.py took 0.087 seconds
[2023-03-29T03:30:29.598+0000] {processor.py:153} INFO - Started process (PID=433) to work on /home/airflow/.local/lib/python3.7/site-packages/airflow/example_dags/example_sensor_decorator.py
[2023-03-29T03:30:29.600+0000] {processor.py:743} INFO - Processing file /home/airflow/.local/lib/python3.7/site-packages/airflow/example_dags/example_sensor_decorator.py for tasks to queue
[2023-03-29T03:30:29.601+0000] {logging_mixin.py:137} INFO - [2023-03-29T03:30:29.601+0000] {dagbag.py:532} INFO - Filling up the DagBag from /home/airflow/.local/lib/python3.7/site-packages/airflow/example_dags/example_sensor_decorator.py
[2023-03-29T03:30:29.619+0000] {processor.py:753} INFO - DAG(s) dict_keys(['example_sensor_decorator']) retrieved from /home/airflow/.local/lib/python3.7/site-packages/airflow/example_dags/example_sensor_decorator.py
[2023-03-29T03:30:29.636+0000] {logging_mixin.py:137} INFO - [2023-03-29T03:30:29.636+0000] {dag.py:2693} INFO - Sync 1 DAGs
[2023-03-29T03:30:29.654+0000] {logging_mixin.py:137} INFO - [2023-03-29T03:30:29.654+0000] {dag.py:3444} INFO - Setting next_dagrun for example_sensor_decorator to None, run_after=None
[2023-03-29T03:30:29.667+0000] {processor.py:175} INFO - Processing /home/airflow/.local/lib/python3.7/site-packages/airflow/example_dags/example_sensor_decorator.py took 0.071 seconds
[2023-03-29T03:31:01.027+0000] {processor.py:153} INFO - Started process (PID=482) to work on /home/airflow/.local/lib/python3.7/site-packages/airflow/example_dags/example_sensor_decorator.py
[2023-03-29T03:31:01.033+0000] {processor.py:743} INFO - Processing file /home/airflow/.local/lib/python3.7/site-packages/airflow/example_dags/example_sensor_decorator.py for tasks to queue
[2023-03-29T03:31:01.037+0000] {logging_mixin.py:137} INFO - [2023-03-29T03:31:01.037+0000] {dagbag.py:532} INFO - Filling up the DagBag from /home/airflow/.local/lib/python3.7/site-packages/airflow/example_dags/example_sensor_decorator.py
[2023-03-29T03:31:01.062+0000] {processor.py:753} INFO - DAG(s) dict_keys(['example_sensor_decorator']) retrieved from /home/airflow/.local/lib/python3.7/site-packages/airflow/example_dags/example_sensor_decorator.py
[2023-03-29T03:31:01.089+0000] {logging_mixin.py:137} INFO - [2023-03-29T03:31:01.089+0000] {dag.py:2693} INFO - Sync 1 DAGs
[2023-03-29T03:31:01.113+0000] {logging_mixin.py:137} INFO - [2023-03-29T03:31:01.113+0000] {dag.py:3444} INFO - Setting next_dagrun for example_sensor_decorator to None, run_after=None
[2023-03-29T03:31:01.126+0000] {processor.py:175} INFO - Processing /home/airflow/.local/lib/python3.7/site-packages/airflow/example_dags/example_sensor_decorator.py took 0.107 seconds
[2023-03-29T03:31:31.937+0000] {processor.py:153} INFO - Started process (PID=531) to work on /home/airflow/.local/lib/python3.7/site-packages/airflow/example_dags/example_sensor_decorator.py
[2023-03-29T03:31:31.941+0000] {processor.py:743} INFO - Processing file /home/airflow/.local/lib/python3.7/site-packages/airflow/example_dags/example_sensor_decorator.py for tasks to queue
[2023-03-29T03:31:31.943+0000] {logging_mixin.py:137} INFO - [2023-03-29T03:31:31.943+0000] {dagbag.py:532} INFO - Filling up the DagBag from /home/airflow/.local/lib/python3.7/site-packages/airflow/example_dags/example_sensor_decorator.py
[2023-03-29T03:31:31.966+0000] {processor.py:753} INFO - DAG(s) dict_keys(['example_sensor_decorator']) retrieved from /home/airflow/.local/lib/python3.7/site-packages/airflow/example_dags/example_sensor_decorator.py
[2023-03-29T03:31:31.996+0000] {logging_mixin.py:137} INFO - [2023-03-29T03:31:31.995+0000] {dag.py:2693} INFO - Sync 1 DAGs
[2023-03-29T03:31:32.016+0000] {logging_mixin.py:137} INFO - [2023-03-29T03:31:32.016+0000] {dag.py:3444} INFO - Setting next_dagrun for example_sensor_decorator to None, run_after=None
[2023-03-29T03:31:32.032+0000] {processor.py:175} INFO - Processing /home/airflow/.local/lib/python3.7/site-packages/airflow/example_dags/example_sensor_decorator.py took 0.100 seconds
[2023-03-29T03:32:02.615+0000] {processor.py:153} INFO - Started process (PID=580) to work on /home/airflow/.local/lib/python3.7/site-packages/airflow/example_dags/example_sensor_decorator.py
[2023-03-29T03:32:02.617+0000] {processor.py:743} INFO - Processing file /home/airflow/.local/lib/python3.7/site-packages/airflow/example_dags/example_sensor_decorator.py for tasks to queue
[2023-03-29T03:32:02.618+0000] {logging_mixin.py:137} INFO - [2023-03-29T03:32:02.618+0000] {dagbag.py:532} INFO - Filling up the DagBag from /home/airflow/.local/lib/python3.7/site-packages/airflow/example_dags/example_sensor_decorator.py
[2023-03-29T03:32:02.633+0000] {processor.py:753} INFO - DAG(s) dict_keys(['example_sensor_decorator']) retrieved from /home/airflow/.local/lib/python3.7/site-packages/airflow/example_dags/example_sensor_decorator.py
[2023-03-29T03:32:02.652+0000] {logging_mixin.py:137} INFO - [2023-03-29T03:32:02.652+0000] {dag.py:2693} INFO - Sync 1 DAGs
[2023-03-29T03:32:02.672+0000] {logging_mixin.py:137} INFO - [2023-03-29T03:32:02.672+0000] {dag.py:3444} INFO - Setting next_dagrun for example_sensor_decorator to None, run_after=None
[2023-03-29T03:32:02.684+0000] {processor.py:175} INFO - Processing /home/airflow/.local/lib/python3.7/site-packages/airflow/example_dags/example_sensor_decorator.py took 0.071 seconds
[2023-03-29T03:32:33.338+0000] {processor.py:153} INFO - Started process (PID=630) to work on /home/airflow/.local/lib/python3.7/site-packages/airflow/example_dags/example_sensor_decorator.py
[2023-03-29T03:32:33.339+0000] {processor.py:743} INFO - Processing file /home/airflow/.local/lib/python3.7/site-packages/airflow/example_dags/example_sensor_decorator.py for tasks to queue
[2023-03-29T03:32:33.341+0000] {logging_mixin.py:137} INFO - [2023-03-29T03:32:33.341+0000] {dagbag.py:532} INFO - Filling up the DagBag from /home/airflow/.local/lib/python3.7/site-packages/airflow/example_dags/example_sensor_decorator.py
[2023-03-29T03:32:33.356+0000] {processor.py:753} INFO - DAG(s) dict_keys(['example_sensor_decorator']) retrieved from /home/airflow/.local/lib/python3.7/site-packages/airflow/example_dags/example_sensor_decorator.py
[2023-03-29T03:32:33.374+0000] {logging_mixin.py:137} INFO - [2023-03-29T03:32:33.374+0000] {dag.py:2693} INFO - Sync 1 DAGs
[2023-03-29T03:32:33.390+0000] {logging_mixin.py:137} INFO - [2023-03-29T03:32:33.390+0000] {dag.py:3444} INFO - Setting next_dagrun for example_sensor_decorator to None, run_after=None
[2023-03-29T03:32:33.403+0000] {processor.py:175} INFO - Processing /home/airflow/.local/lib/python3.7/site-packages/airflow/example_dags/example_sensor_decorator.py took 0.067 seconds
[2023-03-29T03:33:04.312+0000] {processor.py:153} INFO - Started process (PID=679) to work on /home/airflow/.local/lib/python3.7/site-packages/airflow/example_dags/example_sensor_decorator.py
[2023-03-29T03:33:04.314+0000] {processor.py:743} INFO - Processing file /home/airflow/.local/lib/python3.7/site-packages/airflow/example_dags/example_sensor_decorator.py for tasks to queue
[2023-03-29T03:33:04.315+0000] {logging_mixin.py:137} INFO - [2023-03-29T03:33:04.315+0000] {dagbag.py:532} INFO - Filling up the DagBag from /home/airflow/.local/lib/python3.7/site-packages/airflow/example_dags/example_sensor_decorator.py
[2023-03-29T03:33:04.330+0000] {processor.py:753} INFO - DAG(s) dict_keys(['example_sensor_decorator']) retrieved from /home/airflow/.local/lib/python3.7/site-packages/airflow/example_dags/example_sensor_decorator.py
[2023-03-29T03:33:04.346+0000] {logging_mixin.py:137} INFO - [2023-03-29T03:33:04.346+0000] {dag.py:2693} INFO - Sync 1 DAGs
[2023-03-29T03:33:04.362+0000] {logging_mixin.py:137} INFO - [2023-03-29T03:33:04.362+0000] {dag.py:3444} INFO - Setting next_dagrun for example_sensor_decorator to None, run_after=None
[2023-03-29T03:33:04.374+0000] {processor.py:175} INFO - Processing /home/airflow/.local/lib/python3.7/site-packages/airflow/example_dags/example_sensor_decorator.py took 0.063 seconds
[2023-03-29T03:33:35.088+0000] {processor.py:153} INFO - Started process (PID=728) to work on /home/airflow/.local/lib/python3.7/site-packages/airflow/example_dags/example_sensor_decorator.py
[2023-03-29T03:33:35.090+0000] {processor.py:743} INFO - Processing file /home/airflow/.local/lib/python3.7/site-packages/airflow/example_dags/example_sensor_decorator.py for tasks to queue
[2023-03-29T03:33:35.091+0000] {logging_mixin.py:137} INFO - [2023-03-29T03:33:35.091+0000] {dagbag.py:532} INFO - Filling up the DagBag from /home/airflow/.local/lib/python3.7/site-packages/airflow/example_dags/example_sensor_decorator.py
[2023-03-29T03:33:35.109+0000] {processor.py:753} INFO - DAG(s) dict_keys(['example_sensor_decorator']) retrieved from /home/airflow/.local/lib/python3.7/site-packages/airflow/example_dags/example_sensor_decorator.py
[2023-03-29T03:33:35.143+0000] {logging_mixin.py:137} INFO - [2023-03-29T03:33:35.143+0000] {dag.py:2693} INFO - Sync 1 DAGs
[2023-03-29T03:33:35.169+0000] {logging_mixin.py:137} INFO - [2023-03-29T03:33:35.169+0000] {dag.py:3444} INFO - Setting next_dagrun for example_sensor_decorator to None, run_after=None
[2023-03-29T03:33:35.188+0000] {processor.py:175} INFO - Processing /home/airflow/.local/lib/python3.7/site-packages/airflow/example_dags/example_sensor_decorator.py took 0.103 seconds
[2023-03-29T03:34:05.853+0000] {processor.py:153} INFO - Started process (PID=777) to work on /home/airflow/.local/lib/python3.7/site-packages/airflow/example_dags/example_sensor_decorator.py
[2023-03-29T03:34:05.855+0000] {processor.py:743} INFO - Processing file /home/airflow/.local/lib/python3.7/site-packages/airflow/example_dags/example_sensor_decorator.py for tasks to queue
[2023-03-29T03:34:05.860+0000] {logging_mixin.py:137} INFO - [2023-03-29T03:34:05.860+0000] {dagbag.py:532} INFO - Filling up the DagBag from /home/airflow/.local/lib/python3.7/site-packages/airflow/example_dags/example_sensor_decorator.py
[2023-03-29T03:34:05.880+0000] {processor.py:753} INFO - DAG(s) dict_keys(['example_sensor_decorator']) retrieved from /home/airflow/.local/lib/python3.7/site-packages/airflow/example_dags/example_sensor_decorator.py
[2023-03-29T03:34:05.899+0000] {logging_mixin.py:137} INFO - [2023-03-29T03:34:05.899+0000] {dag.py:2693} INFO - Sync 1 DAGs
[2023-03-29T03:34:05.917+0000] {logging_mixin.py:137} INFO - [2023-03-29T03:34:05.917+0000] {dag.py:3444} INFO - Setting next_dagrun for example_sensor_decorator to None, run_after=None
[2023-03-29T03:34:05.933+0000] {processor.py:175} INFO - Processing /home/airflow/.local/lib/python3.7/site-packages/airflow/example_dags/example_sensor_decorator.py took 0.082 seconds
[2023-03-29T03:34:36.505+0000] {processor.py:153} INFO - Started process (PID=827) to work on /home/airflow/.local/lib/python3.7/site-packages/airflow/example_dags/example_sensor_decorator.py
[2023-03-29T03:34:36.507+0000] {processor.py:743} INFO - Processing file /home/airflow/.local/lib/python3.7/site-packages/airflow/example_dags/example_sensor_decorator.py for tasks to queue
[2023-03-29T03:34:36.508+0000] {logging_mixin.py:137} INFO - [2023-03-29T03:34:36.508+0000] {dagbag.py:532} INFO - Filling up the DagBag from /home/airflow/.local/lib/python3.7/site-packages/airflow/example_dags/example_sensor_decorator.py
[2023-03-29T03:34:36.528+0000] {processor.py:753} INFO - DAG(s) dict_keys(['example_sensor_decorator']) retrieved from /home/airflow/.local/lib/python3.7/site-packages/airflow/example_dags/example_sensor_decorator.py
[2023-03-29T03:34:36.545+0000] {logging_mixin.py:137} INFO - [2023-03-29T03:34:36.545+0000] {dag.py:2693} INFO - Sync 1 DAGs
[2023-03-29T03:34:36.561+0000] {logging_mixin.py:137} INFO - [2023-03-29T03:34:36.561+0000] {dag.py:3444} INFO - Setting next_dagrun for example_sensor_decorator to None, run_after=None
[2023-03-29T03:34:36.576+0000] {processor.py:175} INFO - Processing /home/airflow/.local/lib/python3.7/site-packages/airflow/example_dags/example_sensor_decorator.py took 0.073 seconds
[2023-03-29T03:35:07.096+0000] {processor.py:153} INFO - Started process (PID=876) to work on /home/airflow/.local/lib/python3.7/site-packages/airflow/example_dags/example_sensor_decorator.py
[2023-03-29T03:35:07.098+0000] {processor.py:743} INFO - Processing file /home/airflow/.local/lib/python3.7/site-packages/airflow/example_dags/example_sensor_decorator.py for tasks to queue
[2023-03-29T03:35:07.100+0000] {logging_mixin.py:137} INFO - [2023-03-29T03:35:07.100+0000] {dagbag.py:532} INFO - Filling up the DagBag from /home/airflow/.local/lib/python3.7/site-packages/airflow/example_dags/example_sensor_decorator.py
[2023-03-29T03:35:07.116+0000] {processor.py:753} INFO - DAG(s) dict_keys(['example_sensor_decorator']) retrieved from /home/airflow/.local/lib/python3.7/site-packages/airflow/example_dags/example_sensor_decorator.py
[2023-03-29T03:35:07.133+0000] {logging_mixin.py:137} INFO - [2023-03-29T03:35:07.133+0000] {dag.py:2693} INFO - Sync 1 DAGs
[2023-03-29T03:35:07.149+0000] {logging_mixin.py:137} INFO - [2023-03-29T03:35:07.149+0000] {dag.py:3444} INFO - Setting next_dagrun for example_sensor_decorator to None, run_after=None
[2023-03-29T03:35:07.161+0000] {processor.py:175} INFO - Processing /home/airflow/.local/lib/python3.7/site-packages/airflow/example_dags/example_sensor_decorator.py took 0.067 seconds
[2023-03-29T03:35:37.736+0000] {processor.py:153} INFO - Started process (PID=925) to work on /home/airflow/.local/lib/python3.7/site-packages/airflow/example_dags/example_sensor_decorator.py
[2023-03-29T03:35:37.737+0000] {processor.py:743} INFO - Processing file /home/airflow/.local/lib/python3.7/site-packages/airflow/example_dags/example_sensor_decorator.py for tasks to queue
[2023-03-29T03:35:37.739+0000] {logging_mixin.py:137} INFO - [2023-03-29T03:35:37.738+0000] {dagbag.py:532} INFO - Filling up the DagBag from /home/airflow/.local/lib/python3.7/site-packages/airflow/example_dags/example_sensor_decorator.py
[2023-03-29T03:35:37.756+0000] {processor.py:753} INFO - DAG(s) dict_keys(['example_sensor_decorator']) retrieved from /home/airflow/.local/lib/python3.7/site-packages/airflow/example_dags/example_sensor_decorator.py
[2023-03-29T03:35:37.772+0000] {logging_mixin.py:137} INFO - [2023-03-29T03:35:37.772+0000] {dag.py:2693} INFO - Sync 1 DAGs
[2023-03-29T03:35:37.789+0000] {logging_mixin.py:137} INFO - [2023-03-29T03:35:37.789+0000] {dag.py:3444} INFO - Setting next_dagrun for example_sensor_decorator to None, run_after=None
[2023-03-29T03:35:37.803+0000] {processor.py:175} INFO - Processing /home/airflow/.local/lib/python3.7/site-packages/airflow/example_dags/example_sensor_decorator.py took 0.069 seconds
[2023-03-29T03:36:08.430+0000] {processor.py:153} INFO - Started process (PID=974) to work on /home/airflow/.local/lib/python3.7/site-packages/airflow/example_dags/example_sensor_decorator.py
[2023-03-29T03:36:08.431+0000] {processor.py:743} INFO - Processing file /home/airflow/.local/lib/python3.7/site-packages/airflow/example_dags/example_sensor_decorator.py for tasks to queue
[2023-03-29T03:36:08.431+0000] {logging_mixin.py:137} INFO - [2023-03-29T03:36:08.431+0000] {dagbag.py:532} INFO - Filling up the DagBag from /home/airflow/.local/lib/python3.7/site-packages/airflow/example_dags/example_sensor_decorator.py
[2023-03-29T03:36:08.445+0000] {processor.py:753} INFO - DAG(s) dict_keys(['example_sensor_decorator']) retrieved from /home/airflow/.local/lib/python3.7/site-packages/airflow/example_dags/example_sensor_decorator.py
[2023-03-29T03:36:08.462+0000] {logging_mixin.py:137} INFO - [2023-03-29T03:36:08.462+0000] {dag.py:2693} INFO - Sync 1 DAGs
[2023-03-29T03:36:08.480+0000] {logging_mixin.py:137} INFO - [2023-03-29T03:36:08.480+0000] {dag.py:3444} INFO - Setting next_dagrun for example_sensor_decorator to None, run_after=None
[2023-03-29T03:36:08.494+0000] {processor.py:175} INFO - Processing /home/airflow/.local/lib/python3.7/site-packages/airflow/example_dags/example_sensor_decorator.py took 0.066 seconds
[2023-03-29T03:36:39.274+0000] {processor.py:153} INFO - Started process (PID=1024) to work on /home/airflow/.local/lib/python3.7/site-packages/airflow/example_dags/example_sensor_decorator.py
[2023-03-29T03:36:39.276+0000] {processor.py:743} INFO - Processing file /home/airflow/.local/lib/python3.7/site-packages/airflow/example_dags/example_sensor_decorator.py for tasks to queue
[2023-03-29T03:36:39.277+0000] {logging_mixin.py:137} INFO - [2023-03-29T03:36:39.277+0000] {dagbag.py:532} INFO - Filling up the DagBag from /home/airflow/.local/lib/python3.7/site-packages/airflow/example_dags/example_sensor_decorator.py
[2023-03-29T03:36:39.293+0000] {processor.py:753} INFO - DAG(s) dict_keys(['example_sensor_decorator']) retrieved from /home/airflow/.local/lib/python3.7/site-packages/airflow/example_dags/example_sensor_decorator.py
[2023-03-29T03:36:39.309+0000] {logging_mixin.py:137} INFO - [2023-03-29T03:36:39.309+0000] {dag.py:2693} INFO - Sync 1 DAGs
[2023-03-29T03:36:39.326+0000] {logging_mixin.py:137} INFO - [2023-03-29T03:36:39.325+0000] {dag.py:3444} INFO - Setting next_dagrun for example_sensor_decorator to None, run_after=None
[2023-03-29T03:36:39.337+0000] {processor.py:175} INFO - Processing /home/airflow/.local/lib/python3.7/site-packages/airflow/example_dags/example_sensor_decorator.py took 0.066 seconds
[2023-03-29T03:37:09.932+0000] {processor.py:153} INFO - Started process (PID=1073) to work on /home/airflow/.local/lib/python3.7/site-packages/airflow/example_dags/example_sensor_decorator.py
[2023-03-29T03:37:09.934+0000] {processor.py:743} INFO - Processing file /home/airflow/.local/lib/python3.7/site-packages/airflow/example_dags/example_sensor_decorator.py for tasks to queue
[2023-03-29T03:37:09.935+0000] {logging_mixin.py:137} INFO - [2023-03-29T03:37:09.935+0000] {dagbag.py:532} INFO - Filling up the DagBag from /home/airflow/.local/lib/python3.7/site-packages/airflow/example_dags/example_sensor_decorator.py
[2023-03-29T03:37:09.956+0000] {processor.py:753} INFO - DAG(s) dict_keys(['example_sensor_decorator']) retrieved from /home/airflow/.local/lib/python3.7/site-packages/airflow/example_dags/example_sensor_decorator.py
[2023-03-29T03:37:09.974+0000] {logging_mixin.py:137} INFO - [2023-03-29T03:37:09.974+0000] {dag.py:2693} INFO - Sync 1 DAGs
[2023-03-29T03:37:09.991+0000] {logging_mixin.py:137} INFO - [2023-03-29T03:37:09.991+0000] {dag.py:3444} INFO - Setting next_dagrun for example_sensor_decorator to None, run_after=None
[2023-03-29T03:37:10.004+0000] {processor.py:175} INFO - Processing /home/airflow/.local/lib/python3.7/site-packages/airflow/example_dags/example_sensor_decorator.py took 0.074 seconds
[2023-03-29T03:37:40.603+0000] {processor.py:153} INFO - Started process (PID=1122) to work on /home/airflow/.local/lib/python3.7/site-packages/airflow/example_dags/example_sensor_decorator.py
[2023-03-29T03:37:40.605+0000] {processor.py:743} INFO - Processing file /home/airflow/.local/lib/python3.7/site-packages/airflow/example_dags/example_sensor_decorator.py for tasks to queue
[2023-03-29T03:37:40.607+0000] {logging_mixin.py:137} INFO - [2023-03-29T03:37:40.607+0000] {dagbag.py:532} INFO - Filling up the DagBag from /home/airflow/.local/lib/python3.7/site-packages/airflow/example_dags/example_sensor_decorator.py
[2023-03-29T03:37:40.624+0000] {processor.py:753} INFO - DAG(s) dict_keys(['example_sensor_decorator']) retrieved from /home/airflow/.local/lib/python3.7/site-packages/airflow/example_dags/example_sensor_decorator.py
[2023-03-29T03:37:40.647+0000] {logging_mixin.py:137} INFO - [2023-03-29T03:37:40.647+0000] {dag.py:2693} INFO - Sync 1 DAGs
[2023-03-29T03:37:40.667+0000] {logging_mixin.py:137} INFO - [2023-03-29T03:37:40.667+0000] {dag.py:3444} INFO - Setting next_dagrun for example_sensor_decorator to None, run_after=None
[2023-03-29T03:37:40.682+0000] {processor.py:175} INFO - Processing /home/airflow/.local/lib/python3.7/site-packages/airflow/example_dags/example_sensor_decorator.py took 0.083 seconds
[2023-03-29T03:38:11.181+0000] {processor.py:153} INFO - Started process (PID=1171) to work on /home/airflow/.local/lib/python3.7/site-packages/airflow/example_dags/example_sensor_decorator.py
[2023-03-29T03:38:11.183+0000] {processor.py:743} INFO - Processing file /home/airflow/.local/lib/python3.7/site-packages/airflow/example_dags/example_sensor_decorator.py for tasks to queue
[2023-03-29T03:38:11.184+0000] {logging_mixin.py:137} INFO - [2023-03-29T03:38:11.184+0000] {dagbag.py:532} INFO - Filling up the DagBag from /home/airflow/.local/lib/python3.7/site-packages/airflow/example_dags/example_sensor_decorator.py
[2023-03-29T03:38:11.203+0000] {processor.py:753} INFO - DAG(s) dict_keys(['example_sensor_decorator']) retrieved from /home/airflow/.local/lib/python3.7/site-packages/airflow/example_dags/example_sensor_decorator.py
[2023-03-29T03:38:11.222+0000] {logging_mixin.py:137} INFO - [2023-03-29T03:38:11.222+0000] {dag.py:2693} INFO - Sync 1 DAGs
[2023-03-29T03:38:11.242+0000] {logging_mixin.py:137} INFO - [2023-03-29T03:38:11.242+0000] {dag.py:3444} INFO - Setting next_dagrun for example_sensor_decorator to None, run_after=None
[2023-03-29T03:38:11.255+0000] {processor.py:175} INFO - Processing /home/airflow/.local/lib/python3.7/site-packages/airflow/example_dags/example_sensor_decorator.py took 0.077 seconds
[2023-03-29T03:38:41.708+0000] {processor.py:153} INFO - Started process (PID=1220) to work on /home/airflow/.local/lib/python3.7/site-packages/airflow/example_dags/example_sensor_decorator.py
[2023-03-29T03:38:41.710+0000] {processor.py:743} INFO - Processing file /home/airflow/.local/lib/python3.7/site-packages/airflow/example_dags/example_sensor_decorator.py for tasks to queue
[2023-03-29T03:38:41.711+0000] {logging_mixin.py:137} INFO - [2023-03-29T03:38:41.711+0000] {dagbag.py:532} INFO - Filling up the DagBag from /home/airflow/.local/lib/python3.7/site-packages/airflow/example_dags/example_sensor_decorator.py
[2023-03-29T03:38:41.728+0000] {processor.py:753} INFO - DAG(s) dict_keys(['example_sensor_decorator']) retrieved from /home/airflow/.local/lib/python3.7/site-packages/airflow/example_dags/example_sensor_decorator.py
[2023-03-29T03:38:41.779+0000] {logging_mixin.py:137} INFO - [2023-03-29T03:38:41.779+0000] {dag.py:2693} INFO - Sync 1 DAGs
[2023-03-29T03:38:41.796+0000] {logging_mixin.py:137} INFO - [2023-03-29T03:38:41.796+0000] {dag.py:3444} INFO - Setting next_dagrun for example_sensor_decorator to None, run_after=None
[2023-03-29T03:38:41.809+0000] {processor.py:175} INFO - Processing /home/airflow/.local/lib/python3.7/site-packages/airflow/example_dags/example_sensor_decorator.py took 0.103 seconds
[2023-03-29T03:39:12.389+0000] {processor.py:153} INFO - Started process (PID=1270) to work on /home/airflow/.local/lib/python3.7/site-packages/airflow/example_dags/example_sensor_decorator.py
[2023-03-29T03:39:12.391+0000] {processor.py:743} INFO - Processing file /home/airflow/.local/lib/python3.7/site-packages/airflow/example_dags/example_sensor_decorator.py for tasks to queue
[2023-03-29T03:39:12.392+0000] {logging_mixin.py:137} INFO - [2023-03-29T03:39:12.392+0000] {dagbag.py:532} INFO - Filling up the DagBag from /home/airflow/.local/lib/python3.7/site-packages/airflow/example_dags/example_sensor_decorator.py
[2023-03-29T03:39:12.407+0000] {processor.py:753} INFO - DAG(s) dict_keys(['example_sensor_decorator']) retrieved from /home/airflow/.local/lib/python3.7/site-packages/airflow/example_dags/example_sensor_decorator.py
[2023-03-29T03:39:12.425+0000] {logging_mixin.py:137} INFO - [2023-03-29T03:39:12.424+0000] {dag.py:2693} INFO - Sync 1 DAGs
[2023-03-29T03:39:12.441+0000] {logging_mixin.py:137} INFO - [2023-03-29T03:39:12.441+0000] {dag.py:3444} INFO - Setting next_dagrun for example_sensor_decorator to None, run_after=None
[2023-03-29T03:39:12.453+0000] {processor.py:175} INFO - Processing /home/airflow/.local/lib/python3.7/site-packages/airflow/example_dags/example_sensor_decorator.py took 0.066 seconds
[2023-03-29T03:39:43.001+0000] {processor.py:153} INFO - Started process (PID=1319) to work on /home/airflow/.local/lib/python3.7/site-packages/airflow/example_dags/example_sensor_decorator.py
[2023-03-29T03:39:43.002+0000] {processor.py:743} INFO - Processing file /home/airflow/.local/lib/python3.7/site-packages/airflow/example_dags/example_sensor_decorator.py for tasks to queue
[2023-03-29T03:39:43.004+0000] {logging_mixin.py:137} INFO - [2023-03-29T03:39:43.004+0000] {dagbag.py:532} INFO - Filling up the DagBag from /home/airflow/.local/lib/python3.7/site-packages/airflow/example_dags/example_sensor_decorator.py
[2023-03-29T03:39:43.020+0000] {processor.py:753} INFO - DAG(s) dict_keys(['example_sensor_decorator']) retrieved from /home/airflow/.local/lib/python3.7/site-packages/airflow/example_dags/example_sensor_decorator.py
[2023-03-29T03:39:43.037+0000] {logging_mixin.py:137} INFO - [2023-03-29T03:39:43.036+0000] {dag.py:2693} INFO - Sync 1 DAGs
[2023-03-29T03:39:43.053+0000] {logging_mixin.py:137} INFO - [2023-03-29T03:39:43.053+0000] {dag.py:3444} INFO - Setting next_dagrun for example_sensor_decorator to None, run_after=None
[2023-03-29T03:39:43.065+0000] {processor.py:175} INFO - Processing /home/airflow/.local/lib/python3.7/site-packages/airflow/example_dags/example_sensor_decorator.py took 0.067 seconds
[2023-03-29T03:40:13.636+0000] {processor.py:153} INFO - Started process (PID=1368) to work on /home/airflow/.local/lib/python3.7/site-packages/airflow/example_dags/example_sensor_decorator.py
[2023-03-29T03:40:13.637+0000] {processor.py:743} INFO - Processing file /home/airflow/.local/lib/python3.7/site-packages/airflow/example_dags/example_sensor_decorator.py for tasks to queue
[2023-03-29T03:40:13.638+0000] {logging_mixin.py:137} INFO - [2023-03-29T03:40:13.638+0000] {dagbag.py:532} INFO - Filling up the DagBag from /home/airflow/.local/lib/python3.7/site-packages/airflow/example_dags/example_sensor_decorator.py
[2023-03-29T03:40:13.653+0000] {processor.py:753} INFO - DAG(s) dict_keys(['example_sensor_decorator']) retrieved from /home/airflow/.local/lib/python3.7/site-packages/airflow/example_dags/example_sensor_decorator.py
[2023-03-29T03:40:13.671+0000] {logging_mixin.py:137} INFO - [2023-03-29T03:40:13.671+0000] {dag.py:2693} INFO - Sync 1 DAGs
[2023-03-29T03:40:13.693+0000] {logging_mixin.py:137} INFO - [2023-03-29T03:40:13.693+0000] {dag.py:3444} INFO - Setting next_dagrun for example_sensor_decorator to None, run_after=None
[2023-03-29T03:40:13.718+0000] {processor.py:175} INFO - Processing /home/airflow/.local/lib/python3.7/site-packages/airflow/example_dags/example_sensor_decorator.py took 0.084 seconds
[2023-03-29T03:40:44.412+0000] {processor.py:153} INFO - Started process (PID=1417) to work on /home/airflow/.local/lib/python3.7/site-packages/airflow/example_dags/example_sensor_decorator.py
[2023-03-29T03:40:44.414+0000] {processor.py:743} INFO - Processing file /home/airflow/.local/lib/python3.7/site-packages/airflow/example_dags/example_sensor_decorator.py for tasks to queue
[2023-03-29T03:40:44.415+0000] {logging_mixin.py:137} INFO - [2023-03-29T03:40:44.415+0000] {dagbag.py:532} INFO - Filling up the DagBag from /home/airflow/.local/lib/python3.7/site-packages/airflow/example_dags/example_sensor_decorator.py
[2023-03-29T03:40:44.430+0000] {processor.py:753} INFO - DAG(s) dict_keys(['example_sensor_decorator']) retrieved from /home/airflow/.local/lib/python3.7/site-packages/airflow/example_dags/example_sensor_decorator.py
[2023-03-29T03:40:44.448+0000] {logging_mixin.py:137} INFO - [2023-03-29T03:40:44.448+0000] {dag.py:2693} INFO - Sync 1 DAGs
[2023-03-29T03:40:44.464+0000] {logging_mixin.py:137} INFO - [2023-03-29T03:40:44.464+0000] {dag.py:3444} INFO - Setting next_dagrun for example_sensor_decorator to None, run_after=None
[2023-03-29T03:40:44.477+0000] {processor.py:175} INFO - Processing /home/airflow/.local/lib/python3.7/site-packages/airflow/example_dags/example_sensor_decorator.py took 0.067 seconds
[2023-03-29T03:41:15.091+0000] {processor.py:153} INFO - Started process (PID=1466) to work on /home/airflow/.local/lib/python3.7/site-packages/airflow/example_dags/example_sensor_decorator.py
[2023-03-29T03:41:15.093+0000] {processor.py:743} INFO - Processing file /home/airflow/.local/lib/python3.7/site-packages/airflow/example_dags/example_sensor_decorator.py for tasks to queue
[2023-03-29T03:41:15.094+0000] {logging_mixin.py:137} INFO - [2023-03-29T03:41:15.094+0000] {dagbag.py:532} INFO - Filling up the DagBag from /home/airflow/.local/lib/python3.7/site-packages/airflow/example_dags/example_sensor_decorator.py
[2023-03-29T03:41:15.112+0000] {processor.py:753} INFO - DAG(s) dict_keys(['example_sensor_decorator']) retrieved from /home/airflow/.local/lib/python3.7/site-packages/airflow/example_dags/example_sensor_decorator.py
[2023-03-29T03:41:15.129+0000] {logging_mixin.py:137} INFO - [2023-03-29T03:41:15.129+0000] {dag.py:2693} INFO - Sync 1 DAGs
[2023-03-29T03:41:15.146+0000] {logging_mixin.py:137} INFO - [2023-03-29T03:41:15.146+0000] {dag.py:3444} INFO - Setting next_dagrun for example_sensor_decorator to None, run_after=None
[2023-03-29T03:41:15.158+0000] {processor.py:175} INFO - Processing /home/airflow/.local/lib/python3.7/site-packages/airflow/example_dags/example_sensor_decorator.py took 0.069 seconds
[2023-03-29T03:41:45.802+0000] {processor.py:153} INFO - Started process (PID=1515) to work on /home/airflow/.local/lib/python3.7/site-packages/airflow/example_dags/example_sensor_decorator.py
[2023-03-29T03:41:45.805+0000] {processor.py:743} INFO - Processing file /home/airflow/.local/lib/python3.7/site-packages/airflow/example_dags/example_sensor_decorator.py for tasks to queue
[2023-03-29T03:41:45.806+0000] {logging_mixin.py:137} INFO - [2023-03-29T03:41:45.806+0000] {dagbag.py:532} INFO - Filling up the DagBag from /home/airflow/.local/lib/python3.7/site-packages/airflow/example_dags/example_sensor_decorator.py
[2023-03-29T03:41:45.822+0000] {processor.py:753} INFO - DAG(s) dict_keys(['example_sensor_decorator']) retrieved from /home/airflow/.local/lib/python3.7/site-packages/airflow/example_dags/example_sensor_decorator.py
[2023-03-29T03:41:45.839+0000] {logging_mixin.py:137} INFO - [2023-03-29T03:41:45.839+0000] {dag.py:2693} INFO - Sync 1 DAGs
[2023-03-29T03:41:45.857+0000] {logging_mixin.py:137} INFO - [2023-03-29T03:41:45.857+0000] {dag.py:3444} INFO - Setting next_dagrun for example_sensor_decorator to None, run_after=None
[2023-03-29T03:41:45.872+0000] {processor.py:175} INFO - Processing /home/airflow/.local/lib/python3.7/site-packages/airflow/example_dags/example_sensor_decorator.py took 0.072 seconds
[2023-03-29T03:42:16.337+0000] {processor.py:153} INFO - Started process (PID=1566) to work on /home/airflow/.local/lib/python3.7/site-packages/airflow/example_dags/example_sensor_decorator.py
[2023-03-29T03:42:16.338+0000] {processor.py:743} INFO - Processing file /home/airflow/.local/lib/python3.7/site-packages/airflow/example_dags/example_sensor_decorator.py for tasks to queue
[2023-03-29T03:42:16.339+0000] {logging_mixin.py:137} INFO - [2023-03-29T03:42:16.339+0000] {dagbag.py:532} INFO - Filling up the DagBag from /home/airflow/.local/lib/python3.7/site-packages/airflow/example_dags/example_sensor_decorator.py
[2023-03-29T03:42:16.355+0000] {processor.py:753} INFO - DAG(s) dict_keys(['example_sensor_decorator']) retrieved from /home/airflow/.local/lib/python3.7/site-packages/airflow/example_dags/example_sensor_decorator.py
[2023-03-29T03:42:16.372+0000] {logging_mixin.py:137} INFO - [2023-03-29T03:42:16.372+0000] {dag.py:2693} INFO - Sync 1 DAGs
[2023-03-29T03:42:16.391+0000] {logging_mixin.py:137} INFO - [2023-03-29T03:42:16.391+0000] {dag.py:3444} INFO - Setting next_dagrun for example_sensor_decorator to None, run_after=None
[2023-03-29T03:42:16.405+0000] {processor.py:175} INFO - Processing /home/airflow/.local/lib/python3.7/site-packages/airflow/example_dags/example_sensor_decorator.py took 0.070 seconds
[2023-03-29T03:42:46.986+0000] {processor.py:153} INFO - Started process (PID=1615) to work on /home/airflow/.local/lib/python3.7/site-packages/airflow/example_dags/example_sensor_decorator.py
[2023-03-29T03:42:46.987+0000] {processor.py:743} INFO - Processing file /home/airflow/.local/lib/python3.7/site-packages/airflow/example_dags/example_sensor_decorator.py for tasks to queue
[2023-03-29T03:42:46.988+0000] {logging_mixin.py:137} INFO - [2023-03-29T03:42:46.988+0000] {dagbag.py:532} INFO - Filling up the DagBag from /home/airflow/.local/lib/python3.7/site-packages/airflow/example_dags/example_sensor_decorator.py
[2023-03-29T03:42:47.004+0000] {processor.py:753} INFO - DAG(s) dict_keys(['example_sensor_decorator']) retrieved from /home/airflow/.local/lib/python3.7/site-packages/airflow/example_dags/example_sensor_decorator.py
[2023-03-29T03:42:47.023+0000] {logging_mixin.py:137} INFO - [2023-03-29T03:42:47.023+0000] {dag.py:2693} INFO - Sync 1 DAGs
[2023-03-29T03:42:47.040+0000] {logging_mixin.py:137} INFO - [2023-03-29T03:42:47.040+0000] {dag.py:3444} INFO - Setting next_dagrun for example_sensor_decorator to None, run_after=None
[2023-03-29T03:42:47.056+0000] {processor.py:175} INFO - Processing /home/airflow/.local/lib/python3.7/site-packages/airflow/example_dags/example_sensor_decorator.py took 0.073 seconds
[2023-03-29T03:43:17.484+0000] {processor.py:153} INFO - Started process (PID=1664) to work on /home/airflow/.local/lib/python3.7/site-packages/airflow/example_dags/example_sensor_decorator.py
[2023-03-29T03:43:17.485+0000] {processor.py:743} INFO - Processing file /home/airflow/.local/lib/python3.7/site-packages/airflow/example_dags/example_sensor_decorator.py for tasks to queue
[2023-03-29T03:43:17.486+0000] {logging_mixin.py:137} INFO - [2023-03-29T03:43:17.486+0000] {dagbag.py:532} INFO - Filling up the DagBag from /home/airflow/.local/lib/python3.7/site-packages/airflow/example_dags/example_sensor_decorator.py
[2023-03-29T03:43:17.504+0000] {processor.py:753} INFO - DAG(s) dict_keys(['example_sensor_decorator']) retrieved from /home/airflow/.local/lib/python3.7/site-packages/airflow/example_dags/example_sensor_decorator.py
[2023-03-29T03:43:17.520+0000] {logging_mixin.py:137} INFO - [2023-03-29T03:43:17.520+0000] {dag.py:2693} INFO - Sync 1 DAGs
[2023-03-29T03:43:17.537+0000] {logging_mixin.py:137} INFO - [2023-03-29T03:43:17.537+0000] {dag.py:3444} INFO - Setting next_dagrun for example_sensor_decorator to None, run_after=None
[2023-03-29T03:43:17.550+0000] {processor.py:175} INFO - Processing /home/airflow/.local/lib/python3.7/site-packages/airflow/example_dags/example_sensor_decorator.py took 0.069 seconds
[2023-03-29T03:43:48.352+0000] {processor.py:153} INFO - Started process (PID=1713) to work on /home/airflow/.local/lib/python3.7/site-packages/airflow/example_dags/example_sensor_decorator.py
[2023-03-29T03:43:48.354+0000] {processor.py:743} INFO - Processing file /home/airflow/.local/lib/python3.7/site-packages/airflow/example_dags/example_sensor_decorator.py for tasks to queue
[2023-03-29T03:43:48.356+0000] {logging_mixin.py:137} INFO - [2023-03-29T03:43:48.356+0000] {dagbag.py:532} INFO - Filling up the DagBag from /home/airflow/.local/lib/python3.7/site-packages/airflow/example_dags/example_sensor_decorator.py
[2023-03-29T03:43:48.373+0000] {processor.py:753} INFO - DAG(s) dict_keys(['example_sensor_decorator']) retrieved from /home/airflow/.local/lib/python3.7/site-packages/airflow/example_dags/example_sensor_decorator.py
[2023-03-29T03:43:48.394+0000] {logging_mixin.py:137} INFO - [2023-03-29T03:43:48.394+0000] {dag.py:2693} INFO - Sync 1 DAGs
[2023-03-29T03:43:48.411+0000] {logging_mixin.py:137} INFO - [2023-03-29T03:43:48.411+0000] {dag.py:3444} INFO - Setting next_dagrun for example_sensor_decorator to None, run_after=None
[2023-03-29T03:43:48.426+0000] {processor.py:175} INFO - Processing /home/airflow/.local/lib/python3.7/site-packages/airflow/example_dags/example_sensor_decorator.py took 0.076 seconds
[2023-03-29T03:44:19.094+0000] {processor.py:153} INFO - Started process (PID=1762) to work on /home/airflow/.local/lib/python3.7/site-packages/airflow/example_dags/example_sensor_decorator.py
[2023-03-29T03:44:19.096+0000] {processor.py:743} INFO - Processing file /home/airflow/.local/lib/python3.7/site-packages/airflow/example_dags/example_sensor_decorator.py for tasks to queue
[2023-03-29T03:44:19.097+0000] {logging_mixin.py:137} INFO - [2023-03-29T03:44:19.097+0000] {dagbag.py:532} INFO - Filling up the DagBag from /home/airflow/.local/lib/python3.7/site-packages/airflow/example_dags/example_sensor_decorator.py
[2023-03-29T03:44:19.124+0000] {processor.py:753} INFO - DAG(s) dict_keys(['example_sensor_decorator']) retrieved from /home/airflow/.local/lib/python3.7/site-packages/airflow/example_dags/example_sensor_decorator.py
[2023-03-29T03:44:19.143+0000] {logging_mixin.py:137} INFO - [2023-03-29T03:44:19.143+0000] {dag.py:2693} INFO - Sync 1 DAGs
[2023-03-29T03:44:19.198+0000] {logging_mixin.py:137} INFO - [2023-03-29T03:44:19.198+0000] {dag.py:3444} INFO - Setting next_dagrun for example_sensor_decorator to None, run_after=None
[2023-03-29T03:44:19.224+0000] {processor.py:175} INFO - Processing /home/airflow/.local/lib/python3.7/site-packages/airflow/example_dags/example_sensor_decorator.py took 0.132 seconds
[2023-03-29T03:44:49.448+0000] {processor.py:153} INFO - Started process (PID=1811) to work on /home/airflow/.local/lib/python3.7/site-packages/airflow/example_dags/example_sensor_decorator.py
[2023-03-29T03:44:49.449+0000] {processor.py:743} INFO - Processing file /home/airflow/.local/lib/python3.7/site-packages/airflow/example_dags/example_sensor_decorator.py for tasks to queue
[2023-03-29T03:44:49.451+0000] {logging_mixin.py:137} INFO - [2023-03-29T03:44:49.451+0000] {dagbag.py:532} INFO - Filling up the DagBag from /home/airflow/.local/lib/python3.7/site-packages/airflow/example_dags/example_sensor_decorator.py
[2023-03-29T03:44:49.467+0000] {processor.py:753} INFO - DAG(s) dict_keys(['example_sensor_decorator']) retrieved from /home/airflow/.local/lib/python3.7/site-packages/airflow/example_dags/example_sensor_decorator.py
[2023-03-29T03:44:49.485+0000] {logging_mixin.py:137} INFO - [2023-03-29T03:44:49.485+0000] {dag.py:2693} INFO - Sync 1 DAGs
[2023-03-29T03:44:49.502+0000] {logging_mixin.py:137} INFO - [2023-03-29T03:44:49.502+0000] {dag.py:3444} INFO - Setting next_dagrun for example_sensor_decorator to None, run_after=None
[2023-03-29T03:44:49.515+0000] {processor.py:175} INFO - Processing /home/airflow/.local/lib/python3.7/site-packages/airflow/example_dags/example_sensor_decorator.py took 0.070 seconds
[2023-03-29T03:45:20.480+0000] {processor.py:153} INFO - Started process (PID=1860) to work on /home/airflow/.local/lib/python3.7/site-packages/airflow/example_dags/example_sensor_decorator.py
[2023-03-29T03:45:20.482+0000] {processor.py:743} INFO - Processing file /home/airflow/.local/lib/python3.7/site-packages/airflow/example_dags/example_sensor_decorator.py for tasks to queue
[2023-03-29T03:45:20.483+0000] {logging_mixin.py:137} INFO - [2023-03-29T03:45:20.483+0000] {dagbag.py:532} INFO - Filling up the DagBag from /home/airflow/.local/lib/python3.7/site-packages/airflow/example_dags/example_sensor_decorator.py
[2023-03-29T03:45:20.500+0000] {processor.py:753} INFO - DAG(s) dict_keys(['example_sensor_decorator']) retrieved from /home/airflow/.local/lib/python3.7/site-packages/airflow/example_dags/example_sensor_decorator.py
[2023-03-29T03:45:20.525+0000] {logging_mixin.py:137} INFO - [2023-03-29T03:45:20.524+0000] {dag.py:2693} INFO - Sync 1 DAGs
[2023-03-29T03:45:20.541+0000] {logging_mixin.py:137} INFO - [2023-03-29T03:45:20.541+0000] {dag.py:3444} INFO - Setting next_dagrun for example_sensor_decorator to None, run_after=None
[2023-03-29T03:45:20.554+0000] {processor.py:175} INFO - Processing /home/airflow/.local/lib/python3.7/site-packages/airflow/example_dags/example_sensor_decorator.py took 0.076 seconds
[2023-03-29T03:45:51.031+0000] {processor.py:153} INFO - Started process (PID=1909) to work on /home/airflow/.local/lib/python3.7/site-packages/airflow/example_dags/example_sensor_decorator.py
[2023-03-29T03:45:51.032+0000] {processor.py:743} INFO - Processing file /home/airflow/.local/lib/python3.7/site-packages/airflow/example_dags/example_sensor_decorator.py for tasks to queue
[2023-03-29T03:45:51.033+0000] {logging_mixin.py:137} INFO - [2023-03-29T03:45:51.033+0000] {dagbag.py:532} INFO - Filling up the DagBag from /home/airflow/.local/lib/python3.7/site-packages/airflow/example_dags/example_sensor_decorator.py
[2023-03-29T03:45:51.047+0000] {processor.py:753} INFO - DAG(s) dict_keys(['example_sensor_decorator']) retrieved from /home/airflow/.local/lib/python3.7/site-packages/airflow/example_dags/example_sensor_decorator.py
[2023-03-29T03:45:51.065+0000] {logging_mixin.py:137} INFO - [2023-03-29T03:45:51.065+0000] {dag.py:2693} INFO - Sync 1 DAGs
[2023-03-29T03:45:51.082+0000] {logging_mixin.py:137} INFO - [2023-03-29T03:45:51.081+0000] {dag.py:3444} INFO - Setting next_dagrun for example_sensor_decorator to None, run_after=None
[2023-03-29T03:45:51.094+0000] {processor.py:175} INFO - Processing /home/airflow/.local/lib/python3.7/site-packages/airflow/example_dags/example_sensor_decorator.py took 0.066 seconds
[2023-03-29T03:46:21.602+0000] {processor.py:153} INFO - Started process (PID=1965) to work on /home/airflow/.local/lib/python3.7/site-packages/airflow/example_dags/example_sensor_decorator.py
[2023-03-29T03:46:21.604+0000] {processor.py:743} INFO - Processing file /home/airflow/.local/lib/python3.7/site-packages/airflow/example_dags/example_sensor_decorator.py for tasks to queue
[2023-03-29T03:46:21.606+0000] {logging_mixin.py:137} INFO - [2023-03-29T03:46:21.606+0000] {dagbag.py:532} INFO - Filling up the DagBag from /home/airflow/.local/lib/python3.7/site-packages/airflow/example_dags/example_sensor_decorator.py
[2023-03-29T03:46:21.645+0000] {processor.py:753} INFO - DAG(s) dict_keys(['example_sensor_decorator']) retrieved from /home/airflow/.local/lib/python3.7/site-packages/airflow/example_dags/example_sensor_decorator.py
[2023-03-29T03:46:21.704+0000] {logging_mixin.py:137} INFO - [2023-03-29T03:46:21.703+0000] {dag.py:2693} INFO - Sync 1 DAGs
[2023-03-29T03:46:21.731+0000] {logging_mixin.py:137} INFO - [2023-03-29T03:46:21.730+0000] {dag.py:3444} INFO - Setting next_dagrun for example_sensor_decorator to None, run_after=None
[2023-03-29T03:46:21.745+0000] {processor.py:175} INFO - Processing /home/airflow/.local/lib/python3.7/site-packages/airflow/example_dags/example_sensor_decorator.py took 0.146 seconds
[2023-03-29T03:46:52.302+0000] {processor.py:153} INFO - Started process (PID=2016) to work on /home/airflow/.local/lib/python3.7/site-packages/airflow/example_dags/example_sensor_decorator.py
[2023-03-29T03:46:52.304+0000] {processor.py:743} INFO - Processing file /home/airflow/.local/lib/python3.7/site-packages/airflow/example_dags/example_sensor_decorator.py for tasks to queue
[2023-03-29T03:46:52.305+0000] {logging_mixin.py:137} INFO - [2023-03-29T03:46:52.305+0000] {dagbag.py:532} INFO - Filling up the DagBag from /home/airflow/.local/lib/python3.7/site-packages/airflow/example_dags/example_sensor_decorator.py
[2023-03-29T03:46:52.320+0000] {processor.py:753} INFO - DAG(s) dict_keys(['example_sensor_decorator']) retrieved from /home/airflow/.local/lib/python3.7/site-packages/airflow/example_dags/example_sensor_decorator.py
[2023-03-29T03:46:52.336+0000] {logging_mixin.py:137} INFO - [2023-03-29T03:46:52.336+0000] {dag.py:2693} INFO - Sync 1 DAGs
[2023-03-29T03:46:52.351+0000] {logging_mixin.py:137} INFO - [2023-03-29T03:46:52.351+0000] {dag.py:3444} INFO - Setting next_dagrun for example_sensor_decorator to None, run_after=None
[2023-03-29T03:46:52.364+0000] {processor.py:175} INFO - Processing /home/airflow/.local/lib/python3.7/site-packages/airflow/example_dags/example_sensor_decorator.py took 0.064 seconds
[2023-03-29T03:47:22.924+0000] {processor.py:153} INFO - Started process (PID=2066) to work on /home/airflow/.local/lib/python3.7/site-packages/airflow/example_dags/example_sensor_decorator.py
[2023-03-29T03:47:22.925+0000] {processor.py:743} INFO - Processing file /home/airflow/.local/lib/python3.7/site-packages/airflow/example_dags/example_sensor_decorator.py for tasks to queue
[2023-03-29T03:47:22.926+0000] {logging_mixin.py:137} INFO - [2023-03-29T03:47:22.926+0000] {dagbag.py:532} INFO - Filling up the DagBag from /home/airflow/.local/lib/python3.7/site-packages/airflow/example_dags/example_sensor_decorator.py
[2023-03-29T03:47:22.941+0000] {processor.py:753} INFO - DAG(s) dict_keys(['example_sensor_decorator']) retrieved from /home/airflow/.local/lib/python3.7/site-packages/airflow/example_dags/example_sensor_decorator.py
[2023-03-29T03:47:22.958+0000] {logging_mixin.py:137} INFO - [2023-03-29T03:47:22.958+0000] {dag.py:2693} INFO - Sync 1 DAGs
[2023-03-29T03:47:22.977+0000] {logging_mixin.py:137} INFO - [2023-03-29T03:47:22.977+0000] {dag.py:3444} INFO - Setting next_dagrun for example_sensor_decorator to None, run_after=None
[2023-03-29T03:47:22.991+0000] {processor.py:175} INFO - Processing /home/airflow/.local/lib/python3.7/site-packages/airflow/example_dags/example_sensor_decorator.py took 0.070 seconds
