[2023-03-29T03:26:25.185+0000] {processor.py:153} INFO - Started process (PID=42) to work on /home/airflow/.local/lib/python3.7/site-packages/airflow/example_dags/example_xcomargs.py
[2023-03-29T03:26:25.188+0000] {processor.py:743} INFO - Processing file /home/airflow/.local/lib/python3.7/site-packages/airflow/example_dags/example_xcomargs.py for tasks to queue
[2023-03-29T03:26:25.191+0000] {logging_mixin.py:137} INFO - [2023-03-29T03:26:25.191+0000] {dagbag.py:532} INFO - Filling up the DagBag from /home/airflow/.local/lib/python3.7/site-packages/airflow/example_dags/example_xcomargs.py
[2023-03-29T03:26:25.245+0000] {processor.py:753} INFO - DAG(s) dict_keys(['example_xcom_args', 'example_xcom_args_with_operators']) retrieved from /home/airflow/.local/lib/python3.7/site-packages/airflow/example_dags/example_xcomargs.py
[2023-03-29T03:26:25.262+0000] {logging_mixin.py:137} INFO - [2023-03-29T03:26:25.262+0000] {dag.py:2693} INFO - Sync 2 DAGs
[2023-03-29T03:26:25.293+0000] {logging_mixin.py:137} INFO - [2023-03-29T03:26:25.293+0000] {dag.py:3444} INFO - Setting next_dagrun for example_xcom_args to None, run_after=None
[2023-03-29T03:26:25.297+0000] {logging_mixin.py:137} INFO - [2023-03-29T03:26:25.297+0000] {dag.py:3444} INFO - Setting next_dagrun for example_xcom_args_with_operators to None, run_after=None
[2023-03-29T03:26:25.316+0000] {processor.py:175} INFO - Processing /home/airflow/.local/lib/python3.7/site-packages/airflow/example_dags/example_xcomargs.py took 0.138 seconds
[2023-03-29T03:26:55.921+0000] {processor.py:153} INFO - Started process (PID=91) to work on /home/airflow/.local/lib/python3.7/site-packages/airflow/example_dags/example_xcomargs.py
[2023-03-29T03:26:55.923+0000] {processor.py:743} INFO - Processing file /home/airflow/.local/lib/python3.7/site-packages/airflow/example_dags/example_xcomargs.py for tasks to queue
[2023-03-29T03:26:55.924+0000] {logging_mixin.py:137} INFO - [2023-03-29T03:26:55.924+0000] {dagbag.py:532} INFO - Filling up the DagBag from /home/airflow/.local/lib/python3.7/site-packages/airflow/example_dags/example_xcomargs.py
[2023-03-29T03:26:55.939+0000] {processor.py:753} INFO - DAG(s) dict_keys(['example_xcom_args', 'example_xcom_args_with_operators']) retrieved from /home/airflow/.local/lib/python3.7/site-packages/airflow/example_dags/example_xcomargs.py
[2023-03-29T03:26:55.958+0000] {logging_mixin.py:137} INFO - [2023-03-29T03:26:55.958+0000] {dag.py:2693} INFO - Sync 2 DAGs
[2023-03-29T03:26:55.980+0000] {logging_mixin.py:137} INFO - [2023-03-29T03:26:55.980+0000] {dag.py:3444} INFO - Setting next_dagrun for example_xcom_args to None, run_after=None
[2023-03-29T03:26:55.983+0000] {logging_mixin.py:137} INFO - [2023-03-29T03:26:55.983+0000] {dag.py:3444} INFO - Setting next_dagrun for example_xcom_args_with_operators to None, run_after=None
[2023-03-29T03:26:55.994+0000] {processor.py:175} INFO - Processing /home/airflow/.local/lib/python3.7/site-packages/airflow/example_dags/example_xcomargs.py took 0.076 seconds
[2023-03-29T03:27:26.383+0000] {processor.py:153} INFO - Started process (PID=140) to work on /home/airflow/.local/lib/python3.7/site-packages/airflow/example_dags/example_xcomargs.py
[2023-03-29T03:27:26.385+0000] {processor.py:743} INFO - Processing file /home/airflow/.local/lib/python3.7/site-packages/airflow/example_dags/example_xcomargs.py for tasks to queue
[2023-03-29T03:27:26.386+0000] {logging_mixin.py:137} INFO - [2023-03-29T03:27:26.386+0000] {dagbag.py:532} INFO - Filling up the DagBag from /home/airflow/.local/lib/python3.7/site-packages/airflow/example_dags/example_xcomargs.py
[2023-03-29T03:27:26.402+0000] {processor.py:753} INFO - DAG(s) dict_keys(['example_xcom_args_with_operators', 'example_xcom_args']) retrieved from /home/airflow/.local/lib/python3.7/site-packages/airflow/example_dags/example_xcomargs.py
[2023-03-29T03:27:26.424+0000] {logging_mixin.py:137} INFO - [2023-03-29T03:27:26.424+0000] {dag.py:2693} INFO - Sync 2 DAGs
[2023-03-29T03:27:26.444+0000] {logging_mixin.py:137} INFO - [2023-03-29T03:27:26.444+0000] {dag.py:3444} INFO - Setting next_dagrun for example_xcom_args to None, run_after=None
[2023-03-29T03:27:26.452+0000] {logging_mixin.py:137} INFO - [2023-03-29T03:27:26.452+0000] {dag.py:3444} INFO - Setting next_dagrun for example_xcom_args_with_operators to None, run_after=None
[2023-03-29T03:27:26.471+0000] {processor.py:175} INFO - Processing /home/airflow/.local/lib/python3.7/site-packages/airflow/example_dags/example_xcomargs.py took 0.091 seconds
[2023-03-29T03:27:57.139+0000] {processor.py:153} INFO - Started process (PID=189) to work on /home/airflow/.local/lib/python3.7/site-packages/airflow/example_dags/example_xcomargs.py
[2023-03-29T03:27:57.141+0000] {processor.py:743} INFO - Processing file /home/airflow/.local/lib/python3.7/site-packages/airflow/example_dags/example_xcomargs.py for tasks to queue
[2023-03-29T03:27:57.142+0000] {logging_mixin.py:137} INFO - [2023-03-29T03:27:57.142+0000] {dagbag.py:532} INFO - Filling up the DagBag from /home/airflow/.local/lib/python3.7/site-packages/airflow/example_dags/example_xcomargs.py
[2023-03-29T03:27:57.157+0000] {processor.py:753} INFO - DAG(s) dict_keys(['example_xcom_args_with_operators', 'example_xcom_args']) retrieved from /home/airflow/.local/lib/python3.7/site-packages/airflow/example_dags/example_xcomargs.py
[2023-03-29T03:27:57.177+0000] {logging_mixin.py:137} INFO - [2023-03-29T03:27:57.177+0000] {dag.py:2693} INFO - Sync 2 DAGs
[2023-03-29T03:27:57.197+0000] {logging_mixin.py:137} INFO - [2023-03-29T03:27:57.197+0000] {dag.py:3444} INFO - Setting next_dagrun for example_xcom_args to None, run_after=None
[2023-03-29T03:27:57.201+0000] {logging_mixin.py:137} INFO - [2023-03-29T03:27:57.201+0000] {dag.py:3444} INFO - Setting next_dagrun for example_xcom_args_with_operators to None, run_after=None
[2023-03-29T03:27:57.212+0000] {processor.py:175} INFO - Processing /home/airflow/.local/lib/python3.7/site-packages/airflow/example_dags/example_xcomargs.py took 0.075 seconds
[2023-03-29T03:28:27.583+0000] {processor.py:153} INFO - Started process (PID=238) to work on /home/airflow/.local/lib/python3.7/site-packages/airflow/example_dags/example_xcomargs.py
[2023-03-29T03:28:27.585+0000] {processor.py:743} INFO - Processing file /home/airflow/.local/lib/python3.7/site-packages/airflow/example_dags/example_xcomargs.py for tasks to queue
[2023-03-29T03:28:27.586+0000] {logging_mixin.py:137} INFO - [2023-03-29T03:28:27.586+0000] {dagbag.py:532} INFO - Filling up the DagBag from /home/airflow/.local/lib/python3.7/site-packages/airflow/example_dags/example_xcomargs.py
[2023-03-29T03:28:27.603+0000] {processor.py:753} INFO - DAG(s) dict_keys(['example_xcom_args', 'example_xcom_args_with_operators']) retrieved from /home/airflow/.local/lib/python3.7/site-packages/airflow/example_dags/example_xcomargs.py
[2023-03-29T03:28:27.625+0000] {logging_mixin.py:137} INFO - [2023-03-29T03:28:27.625+0000] {dag.py:2693} INFO - Sync 2 DAGs
[2023-03-29T03:28:27.644+0000] {logging_mixin.py:137} INFO - [2023-03-29T03:28:27.644+0000] {dag.py:3444} INFO - Setting next_dagrun for example_xcom_args to None, run_after=None
[2023-03-29T03:28:27.647+0000] {logging_mixin.py:137} INFO - [2023-03-29T03:28:27.647+0000] {dag.py:3444} INFO - Setting next_dagrun for example_xcom_args_with_operators to None, run_after=None
[2023-03-29T03:28:27.661+0000] {processor.py:175} INFO - Processing /home/airflow/.local/lib/python3.7/site-packages/airflow/example_dags/example_xcomargs.py took 0.081 seconds
[2023-03-29T03:28:58.202+0000] {processor.py:153} INFO - Started process (PID=287) to work on /home/airflow/.local/lib/python3.7/site-packages/airflow/example_dags/example_xcomargs.py
[2023-03-29T03:28:58.203+0000] {processor.py:743} INFO - Processing file /home/airflow/.local/lib/python3.7/site-packages/airflow/example_dags/example_xcomargs.py for tasks to queue
[2023-03-29T03:28:58.204+0000] {logging_mixin.py:137} INFO - [2023-03-29T03:28:58.204+0000] {dagbag.py:532} INFO - Filling up the DagBag from /home/airflow/.local/lib/python3.7/site-packages/airflow/example_dags/example_xcomargs.py
[2023-03-29T03:28:58.218+0000] {processor.py:753} INFO - DAG(s) dict_keys(['example_xcom_args', 'example_xcom_args_with_operators']) retrieved from /home/airflow/.local/lib/python3.7/site-packages/airflow/example_dags/example_xcomargs.py
[2023-03-29T03:28:58.237+0000] {logging_mixin.py:137} INFO - [2023-03-29T03:28:58.237+0000] {dag.py:2693} INFO - Sync 2 DAGs
[2023-03-29T03:28:58.254+0000] {logging_mixin.py:137} INFO - [2023-03-29T03:28:58.254+0000] {dag.py:3444} INFO - Setting next_dagrun for example_xcom_args to None, run_after=None
[2023-03-29T03:28:58.257+0000] {logging_mixin.py:137} INFO - [2023-03-29T03:28:58.257+0000] {dag.py:3444} INFO - Setting next_dagrun for example_xcom_args_with_operators to None, run_after=None
[2023-03-29T03:28:58.267+0000] {processor.py:175} INFO - Processing /home/airflow/.local/lib/python3.7/site-packages/airflow/example_dags/example_xcomargs.py took 0.067 seconds
[2023-03-29T03:29:28.746+0000] {processor.py:153} INFO - Started process (PID=336) to work on /home/airflow/.local/lib/python3.7/site-packages/airflow/example_dags/example_xcomargs.py
[2023-03-29T03:29:28.748+0000] {processor.py:743} INFO - Processing file /home/airflow/.local/lib/python3.7/site-packages/airflow/example_dags/example_xcomargs.py for tasks to queue
[2023-03-29T03:29:28.749+0000] {logging_mixin.py:137} INFO - [2023-03-29T03:29:28.749+0000] {dagbag.py:532} INFO - Filling up the DagBag from /home/airflow/.local/lib/python3.7/site-packages/airflow/example_dags/example_xcomargs.py
[2023-03-29T03:29:28.768+0000] {processor.py:753} INFO - DAG(s) dict_keys(['example_xcom_args_with_operators', 'example_xcom_args']) retrieved from /home/airflow/.local/lib/python3.7/site-packages/airflow/example_dags/example_xcomargs.py
[2023-03-29T03:29:28.796+0000] {logging_mixin.py:137} INFO - [2023-03-29T03:29:28.796+0000] {dag.py:2693} INFO - Sync 2 DAGs
[2023-03-29T03:29:28.818+0000] {logging_mixin.py:137} INFO - [2023-03-29T03:29:28.818+0000] {dag.py:3444} INFO - Setting next_dagrun for example_xcom_args to None, run_after=None
[2023-03-29T03:29:28.823+0000] {logging_mixin.py:137} INFO - [2023-03-29T03:29:28.823+0000] {dag.py:3444} INFO - Setting next_dagrun for example_xcom_args_with_operators to None, run_after=None
[2023-03-29T03:29:28.839+0000] {processor.py:175} INFO - Processing /home/airflow/.local/lib/python3.7/site-packages/airflow/example_dags/example_xcomargs.py took 0.095 seconds
[2023-03-29T03:29:59.470+0000] {processor.py:153} INFO - Started process (PID=385) to work on /home/airflow/.local/lib/python3.7/site-packages/airflow/example_dags/example_xcomargs.py
[2023-03-29T03:29:59.473+0000] {processor.py:743} INFO - Processing file /home/airflow/.local/lib/python3.7/site-packages/airflow/example_dags/example_xcomargs.py for tasks to queue
[2023-03-29T03:29:59.474+0000] {logging_mixin.py:137} INFO - [2023-03-29T03:29:59.474+0000] {dagbag.py:532} INFO - Filling up the DagBag from /home/airflow/.local/lib/python3.7/site-packages/airflow/example_dags/example_xcomargs.py
[2023-03-29T03:29:59.497+0000] {processor.py:753} INFO - DAG(s) dict_keys(['example_xcom_args', 'example_xcom_args_with_operators']) retrieved from /home/airflow/.local/lib/python3.7/site-packages/airflow/example_dags/example_xcomargs.py
[2023-03-29T03:29:59.531+0000] {logging_mixin.py:137} INFO - [2023-03-29T03:29:59.531+0000] {dag.py:2693} INFO - Sync 2 DAGs
[2023-03-29T03:29:59.552+0000] {logging_mixin.py:137} INFO - [2023-03-29T03:29:59.551+0000] {dag.py:3444} INFO - Setting next_dagrun for example_xcom_args to None, run_after=None
[2023-03-29T03:29:59.556+0000] {logging_mixin.py:137} INFO - [2023-03-29T03:29:59.556+0000] {dag.py:3444} INFO - Setting next_dagrun for example_xcom_args_with_operators to None, run_after=None
[2023-03-29T03:29:59.578+0000] {processor.py:175} INFO - Processing /home/airflow/.local/lib/python3.7/site-packages/airflow/example_dags/example_xcomargs.py took 0.111 seconds
[2023-03-29T03:30:29.619+0000] {processor.py:153} INFO - Started process (PID=434) to work on /home/airflow/.local/lib/python3.7/site-packages/airflow/example_dags/example_xcomargs.py
[2023-03-29T03:30:29.621+0000] {processor.py:743} INFO - Processing file /home/airflow/.local/lib/python3.7/site-packages/airflow/example_dags/example_xcomargs.py for tasks to queue
[2023-03-29T03:30:29.623+0000] {logging_mixin.py:137} INFO - [2023-03-29T03:30:29.623+0000] {dagbag.py:532} INFO - Filling up the DagBag from /home/airflow/.local/lib/python3.7/site-packages/airflow/example_dags/example_xcomargs.py
[2023-03-29T03:30:29.639+0000] {processor.py:753} INFO - DAG(s) dict_keys(['example_xcom_args', 'example_xcom_args_with_operators']) retrieved from /home/airflow/.local/lib/python3.7/site-packages/airflow/example_dags/example_xcomargs.py
[2023-03-29T03:30:29.660+0000] {logging_mixin.py:137} INFO - [2023-03-29T03:30:29.659+0000] {dag.py:2693} INFO - Sync 2 DAGs
[2023-03-29T03:30:29.678+0000] {logging_mixin.py:137} INFO - [2023-03-29T03:30:29.678+0000] {dag.py:3444} INFO - Setting next_dagrun for example_xcom_args to None, run_after=None
[2023-03-29T03:30:29.681+0000] {logging_mixin.py:137} INFO - [2023-03-29T03:30:29.681+0000] {dag.py:3444} INFO - Setting next_dagrun for example_xcom_args_with_operators to None, run_after=None
[2023-03-29T03:30:29.694+0000] {processor.py:175} INFO - Processing /home/airflow/.local/lib/python3.7/site-packages/airflow/example_dags/example_xcomargs.py took 0.078 seconds
[2023-03-29T03:31:01.056+0000] {processor.py:153} INFO - Started process (PID=483) to work on /home/airflow/.local/lib/python3.7/site-packages/airflow/example_dags/example_xcomargs.py
[2023-03-29T03:31:01.058+0000] {processor.py:743} INFO - Processing file /home/airflow/.local/lib/python3.7/site-packages/airflow/example_dags/example_xcomargs.py for tasks to queue
[2023-03-29T03:31:01.059+0000] {logging_mixin.py:137} INFO - [2023-03-29T03:31:01.059+0000] {dagbag.py:532} INFO - Filling up the DagBag from /home/airflow/.local/lib/python3.7/site-packages/airflow/example_dags/example_xcomargs.py
[2023-03-29T03:31:01.080+0000] {processor.py:753} INFO - DAG(s) dict_keys(['example_xcom_args', 'example_xcom_args_with_operators']) retrieved from /home/airflow/.local/lib/python3.7/site-packages/airflow/example_dags/example_xcomargs.py
[2023-03-29T03:31:01.107+0000] {logging_mixin.py:137} INFO - [2023-03-29T03:31:01.107+0000] {dag.py:2693} INFO - Sync 2 DAGs
[2023-03-29T03:31:01.127+0000] {logging_mixin.py:137} INFO - [2023-03-29T03:31:01.127+0000] {dag.py:3444} INFO - Setting next_dagrun for example_xcom_args to None, run_after=None
[2023-03-29T03:31:01.134+0000] {logging_mixin.py:137} INFO - [2023-03-29T03:31:01.134+0000] {dag.py:3444} INFO - Setting next_dagrun for example_xcom_args_with_operators to None, run_after=None
[2023-03-29T03:31:01.149+0000] {processor.py:175} INFO - Processing /home/airflow/.local/lib/python3.7/site-packages/airflow/example_dags/example_xcomargs.py took 0.096 seconds
[2023-03-29T03:31:31.939+0000] {processor.py:153} INFO - Started process (PID=532) to work on /home/airflow/.local/lib/python3.7/site-packages/airflow/example_dags/example_xcomargs.py
[2023-03-29T03:31:31.941+0000] {processor.py:743} INFO - Processing file /home/airflow/.local/lib/python3.7/site-packages/airflow/example_dags/example_xcomargs.py for tasks to queue
[2023-03-29T03:31:31.942+0000] {logging_mixin.py:137} INFO - [2023-03-29T03:31:31.942+0000] {dagbag.py:532} INFO - Filling up the DagBag from /home/airflow/.local/lib/python3.7/site-packages/airflow/example_dags/example_xcomargs.py
[2023-03-29T03:31:31.970+0000] {processor.py:753} INFO - DAG(s) dict_keys(['example_xcom_args_with_operators', 'example_xcom_args']) retrieved from /home/airflow/.local/lib/python3.7/site-packages/airflow/example_dags/example_xcomargs.py
[2023-03-29T03:31:32.000+0000] {logging_mixin.py:137} INFO - [2023-03-29T03:31:32.000+0000] {dag.py:2693} INFO - Sync 2 DAGs
[2023-03-29T03:31:32.019+0000] {logging_mixin.py:137} INFO - [2023-03-29T03:31:32.019+0000] {dag.py:3444} INFO - Setting next_dagrun for example_xcom_args to None, run_after=None
[2023-03-29T03:31:32.022+0000] {logging_mixin.py:137} INFO - [2023-03-29T03:31:32.022+0000] {dag.py:3444} INFO - Setting next_dagrun for example_xcom_args_with_operators to None, run_after=None
[2023-03-29T03:31:32.038+0000] {processor.py:175} INFO - Processing /home/airflow/.local/lib/python3.7/site-packages/airflow/example_dags/example_xcomargs.py took 0.102 seconds
[2023-03-29T03:32:02.626+0000] {processor.py:153} INFO - Started process (PID=581) to work on /home/airflow/.local/lib/python3.7/site-packages/airflow/example_dags/example_xcomargs.py
[2023-03-29T03:32:02.628+0000] {processor.py:743} INFO - Processing file /home/airflow/.local/lib/python3.7/site-packages/airflow/example_dags/example_xcomargs.py for tasks to queue
[2023-03-29T03:32:02.629+0000] {logging_mixin.py:137} INFO - [2023-03-29T03:32:02.629+0000] {dagbag.py:532} INFO - Filling up the DagBag from /home/airflow/.local/lib/python3.7/site-packages/airflow/example_dags/example_xcomargs.py
[2023-03-29T03:32:02.647+0000] {processor.py:753} INFO - DAG(s) dict_keys(['example_xcom_args', 'example_xcom_args_with_operators']) retrieved from /home/airflow/.local/lib/python3.7/site-packages/airflow/example_dags/example_xcomargs.py
[2023-03-29T03:32:02.672+0000] {logging_mixin.py:137} INFO - [2023-03-29T03:32:02.672+0000] {dag.py:2693} INFO - Sync 2 DAGs
[2023-03-29T03:32:02.690+0000] {logging_mixin.py:137} INFO - [2023-03-29T03:32:02.690+0000] {dag.py:3444} INFO - Setting next_dagrun for example_xcom_args to None, run_after=None
[2023-03-29T03:32:02.694+0000] {logging_mixin.py:137} INFO - [2023-03-29T03:32:02.694+0000] {dag.py:3444} INFO - Setting next_dagrun for example_xcom_args_with_operators to None, run_after=None
[2023-03-29T03:32:02.706+0000] {processor.py:175} INFO - Processing /home/airflow/.local/lib/python3.7/site-packages/airflow/example_dags/example_xcomargs.py took 0.082 seconds
[2023-03-29T03:32:33.419+0000] {processor.py:153} INFO - Started process (PID=631) to work on /home/airflow/.local/lib/python3.7/site-packages/airflow/example_dags/example_xcomargs.py
[2023-03-29T03:32:33.420+0000] {processor.py:743} INFO - Processing file /home/airflow/.local/lib/python3.7/site-packages/airflow/example_dags/example_xcomargs.py for tasks to queue
[2023-03-29T03:32:33.421+0000] {logging_mixin.py:137} INFO - [2023-03-29T03:32:33.421+0000] {dagbag.py:532} INFO - Filling up the DagBag from /home/airflow/.local/lib/python3.7/site-packages/airflow/example_dags/example_xcomargs.py
[2023-03-29T03:32:33.435+0000] {processor.py:753} INFO - DAG(s) dict_keys(['example_xcom_args', 'example_xcom_args_with_operators']) retrieved from /home/airflow/.local/lib/python3.7/site-packages/airflow/example_dags/example_xcomargs.py
[2023-03-29T03:32:33.454+0000] {logging_mixin.py:137} INFO - [2023-03-29T03:32:33.454+0000] {dag.py:2693} INFO - Sync 2 DAGs
[2023-03-29T03:32:33.476+0000] {logging_mixin.py:137} INFO - [2023-03-29T03:32:33.476+0000] {dag.py:3444} INFO - Setting next_dagrun for example_xcom_args to None, run_after=None
[2023-03-29T03:32:33.503+0000] {logging_mixin.py:137} INFO - [2023-03-29T03:32:33.502+0000] {dag.py:3444} INFO - Setting next_dagrun for example_xcom_args_with_operators to None, run_after=None
[2023-03-29T03:32:33.543+0000] {processor.py:175} INFO - Processing /home/airflow/.local/lib/python3.7/site-packages/airflow/example_dags/example_xcomargs.py took 0.127 seconds
[2023-03-29T03:33:04.324+0000] {processor.py:153} INFO - Started process (PID=680) to work on /home/airflow/.local/lib/python3.7/site-packages/airflow/example_dags/example_xcomargs.py
[2023-03-29T03:33:04.325+0000] {processor.py:743} INFO - Processing file /home/airflow/.local/lib/python3.7/site-packages/airflow/example_dags/example_xcomargs.py for tasks to queue
[2023-03-29T03:33:04.326+0000] {logging_mixin.py:137} INFO - [2023-03-29T03:33:04.326+0000] {dagbag.py:532} INFO - Filling up the DagBag from /home/airflow/.local/lib/python3.7/site-packages/airflow/example_dags/example_xcomargs.py
[2023-03-29T03:33:04.343+0000] {processor.py:753} INFO - DAG(s) dict_keys(['example_xcom_args_with_operators', 'example_xcom_args']) retrieved from /home/airflow/.local/lib/python3.7/site-packages/airflow/example_dags/example_xcomargs.py
[2023-03-29T03:33:04.364+0000] {logging_mixin.py:137} INFO - [2023-03-29T03:33:04.364+0000] {dag.py:2693} INFO - Sync 2 DAGs
[2023-03-29T03:33:04.382+0000] {logging_mixin.py:137} INFO - [2023-03-29T03:33:04.381+0000] {dag.py:3444} INFO - Setting next_dagrun for example_xcom_args to None, run_after=None
[2023-03-29T03:33:04.385+0000] {logging_mixin.py:137} INFO - [2023-03-29T03:33:04.385+0000] {dag.py:3444} INFO - Setting next_dagrun for example_xcom_args_with_operators to None, run_after=None
[2023-03-29T03:33:04.397+0000] {processor.py:175} INFO - Processing /home/airflow/.local/lib/python3.7/site-packages/airflow/example_dags/example_xcomargs.py took 0.075 seconds
[2023-03-29T03:33:35.088+0000] {processor.py:153} INFO - Started process (PID=729) to work on /home/airflow/.local/lib/python3.7/site-packages/airflow/example_dags/example_xcomargs.py
[2023-03-29T03:33:35.090+0000] {processor.py:743} INFO - Processing file /home/airflow/.local/lib/python3.7/site-packages/airflow/example_dags/example_xcomargs.py for tasks to queue
[2023-03-29T03:33:35.091+0000] {logging_mixin.py:137} INFO - [2023-03-29T03:33:35.091+0000] {dagbag.py:532} INFO - Filling up the DagBag from /home/airflow/.local/lib/python3.7/site-packages/airflow/example_dags/example_xcomargs.py
[2023-03-29T03:33:35.111+0000] {processor.py:753} INFO - DAG(s) dict_keys(['example_xcom_args', 'example_xcom_args_with_operators']) retrieved from /home/airflow/.local/lib/python3.7/site-packages/airflow/example_dags/example_xcomargs.py
[2023-03-29T03:33:35.150+0000] {logging_mixin.py:137} INFO - [2023-03-29T03:33:35.150+0000] {dag.py:2693} INFO - Sync 2 DAGs
[2023-03-29T03:33:35.177+0000] {logging_mixin.py:137} INFO - [2023-03-29T03:33:35.177+0000] {dag.py:3444} INFO - Setting next_dagrun for example_xcom_args to None, run_after=None
[2023-03-29T03:33:35.181+0000] {logging_mixin.py:137} INFO - [2023-03-29T03:33:35.181+0000] {dag.py:3444} INFO - Setting next_dagrun for example_xcom_args_with_operators to None, run_after=None
[2023-03-29T03:33:35.195+0000] {processor.py:175} INFO - Processing /home/airflow/.local/lib/python3.7/site-packages/airflow/example_dags/example_xcomargs.py took 0.109 seconds
[2023-03-29T03:34:05.940+0000] {processor.py:153} INFO - Started process (PID=778) to work on /home/airflow/.local/lib/python3.7/site-packages/airflow/example_dags/example_xcomargs.py
[2023-03-29T03:34:05.941+0000] {processor.py:743} INFO - Processing file /home/airflow/.local/lib/python3.7/site-packages/airflow/example_dags/example_xcomargs.py for tasks to queue
[2023-03-29T03:34:05.943+0000] {logging_mixin.py:137} INFO - [2023-03-29T03:34:05.943+0000] {dagbag.py:532} INFO - Filling up the DagBag from /home/airflow/.local/lib/python3.7/site-packages/airflow/example_dags/example_xcomargs.py
[2023-03-29T03:34:05.961+0000] {processor.py:753} INFO - DAG(s) dict_keys(['example_xcom_args_with_operators', 'example_xcom_args']) retrieved from /home/airflow/.local/lib/python3.7/site-packages/airflow/example_dags/example_xcomargs.py
[2023-03-29T03:34:05.982+0000] {logging_mixin.py:137} INFO - [2023-03-29T03:34:05.982+0000] {dag.py:2693} INFO - Sync 2 DAGs
[2023-03-29T03:34:06.002+0000] {logging_mixin.py:137} INFO - [2023-03-29T03:34:06.002+0000] {dag.py:3444} INFO - Setting next_dagrun for example_xcom_args to None, run_after=None
[2023-03-29T03:34:06.005+0000] {logging_mixin.py:137} INFO - [2023-03-29T03:34:06.005+0000] {dag.py:3444} INFO - Setting next_dagrun for example_xcom_args_with_operators to None, run_after=None
[2023-03-29T03:34:06.018+0000] {processor.py:175} INFO - Processing /home/airflow/.local/lib/python3.7/site-packages/airflow/example_dags/example_xcomargs.py took 0.081 seconds
[2023-03-29T03:34:36.521+0000] {processor.py:153} INFO - Started process (PID=828) to work on /home/airflow/.local/lib/python3.7/site-packages/airflow/example_dags/example_xcomargs.py
[2023-03-29T03:34:36.523+0000] {processor.py:743} INFO - Processing file /home/airflow/.local/lib/python3.7/site-packages/airflow/example_dags/example_xcomargs.py for tasks to queue
[2023-03-29T03:34:36.524+0000] {logging_mixin.py:137} INFO - [2023-03-29T03:34:36.524+0000] {dagbag.py:532} INFO - Filling up the DagBag from /home/airflow/.local/lib/python3.7/site-packages/airflow/example_dags/example_xcomargs.py
[2023-03-29T03:34:36.540+0000] {processor.py:753} INFO - DAG(s) dict_keys(['example_xcom_args_with_operators', 'example_xcom_args']) retrieved from /home/airflow/.local/lib/python3.7/site-packages/airflow/example_dags/example_xcomargs.py
[2023-03-29T03:34:36.562+0000] {logging_mixin.py:137} INFO - [2023-03-29T03:34:36.562+0000] {dag.py:2693} INFO - Sync 2 DAGs
[2023-03-29T03:34:36.585+0000] {logging_mixin.py:137} INFO - [2023-03-29T03:34:36.585+0000] {dag.py:3444} INFO - Setting next_dagrun for example_xcom_args to None, run_after=None
[2023-03-29T03:34:36.589+0000] {logging_mixin.py:137} INFO - [2023-03-29T03:34:36.589+0000] {dag.py:3444} INFO - Setting next_dagrun for example_xcom_args_with_operators to None, run_after=None
[2023-03-29T03:34:36.604+0000] {processor.py:175} INFO - Processing /home/airflow/.local/lib/python3.7/site-packages/airflow/example_dags/example_xcomargs.py took 0.085 seconds
[2023-03-29T03:35:07.119+0000] {processor.py:153} INFO - Started process (PID=877) to work on /home/airflow/.local/lib/python3.7/site-packages/airflow/example_dags/example_xcomargs.py
[2023-03-29T03:35:07.121+0000] {processor.py:743} INFO - Processing file /home/airflow/.local/lib/python3.7/site-packages/airflow/example_dags/example_xcomargs.py for tasks to queue
[2023-03-29T03:35:07.123+0000] {logging_mixin.py:137} INFO - [2023-03-29T03:35:07.122+0000] {dagbag.py:532} INFO - Filling up the DagBag from /home/airflow/.local/lib/python3.7/site-packages/airflow/example_dags/example_xcomargs.py
[2023-03-29T03:35:07.138+0000] {processor.py:753} INFO - DAG(s) dict_keys(['example_xcom_args', 'example_xcom_args_with_operators']) retrieved from /home/airflow/.local/lib/python3.7/site-packages/airflow/example_dags/example_xcomargs.py
[2023-03-29T03:35:07.158+0000] {logging_mixin.py:137} INFO - [2023-03-29T03:35:07.158+0000] {dag.py:2693} INFO - Sync 2 DAGs
[2023-03-29T03:35:07.175+0000] {logging_mixin.py:137} INFO - [2023-03-29T03:35:07.175+0000] {dag.py:3444} INFO - Setting next_dagrun for example_xcom_args to None, run_after=None
[2023-03-29T03:35:07.179+0000] {logging_mixin.py:137} INFO - [2023-03-29T03:35:07.179+0000] {dag.py:3444} INFO - Setting next_dagrun for example_xcom_args_with_operators to None, run_after=None
[2023-03-29T03:35:07.191+0000] {processor.py:175} INFO - Processing /home/airflow/.local/lib/python3.7/site-packages/airflow/example_dags/example_xcomargs.py took 0.074 seconds
[2023-03-29T03:35:37.752+0000] {processor.py:153} INFO - Started process (PID=926) to work on /home/airflow/.local/lib/python3.7/site-packages/airflow/example_dags/example_xcomargs.py
[2023-03-29T03:35:37.754+0000] {processor.py:743} INFO - Processing file /home/airflow/.local/lib/python3.7/site-packages/airflow/example_dags/example_xcomargs.py for tasks to queue
[2023-03-29T03:35:37.755+0000] {logging_mixin.py:137} INFO - [2023-03-29T03:35:37.755+0000] {dagbag.py:532} INFO - Filling up the DagBag from /home/airflow/.local/lib/python3.7/site-packages/airflow/example_dags/example_xcomargs.py
[2023-03-29T03:35:37.770+0000] {processor.py:753} INFO - DAG(s) dict_keys(['example_xcom_args', 'example_xcom_args_with_operators']) retrieved from /home/airflow/.local/lib/python3.7/site-packages/airflow/example_dags/example_xcomargs.py
[2023-03-29T03:35:37.792+0000] {logging_mixin.py:137} INFO - [2023-03-29T03:35:37.791+0000] {dag.py:2693} INFO - Sync 2 DAGs
[2023-03-29T03:35:37.811+0000] {logging_mixin.py:137} INFO - [2023-03-29T03:35:37.810+0000] {dag.py:3444} INFO - Setting next_dagrun for example_xcom_args to None, run_after=None
[2023-03-29T03:35:37.814+0000] {logging_mixin.py:137} INFO - [2023-03-29T03:35:37.814+0000] {dag.py:3444} INFO - Setting next_dagrun for example_xcom_args_with_operators to None, run_after=None
[2023-03-29T03:35:37.827+0000] {processor.py:175} INFO - Processing /home/airflow/.local/lib/python3.7/site-packages/airflow/example_dags/example_xcomargs.py took 0.077 seconds
[2023-03-29T03:36:08.511+0000] {processor.py:153} INFO - Started process (PID=975) to work on /home/airflow/.local/lib/python3.7/site-packages/airflow/example_dags/example_xcomargs.py
[2023-03-29T03:36:08.513+0000] {processor.py:743} INFO - Processing file /home/airflow/.local/lib/python3.7/site-packages/airflow/example_dags/example_xcomargs.py for tasks to queue
[2023-03-29T03:36:08.514+0000] {logging_mixin.py:137} INFO - [2023-03-29T03:36:08.514+0000] {dagbag.py:532} INFO - Filling up the DagBag from /home/airflow/.local/lib/python3.7/site-packages/airflow/example_dags/example_xcomargs.py
[2023-03-29T03:36:08.528+0000] {processor.py:753} INFO - DAG(s) dict_keys(['example_xcom_args', 'example_xcom_args_with_operators']) retrieved from /home/airflow/.local/lib/python3.7/site-packages/airflow/example_dags/example_xcomargs.py
[2023-03-29T03:36:08.548+0000] {logging_mixin.py:137} INFO - [2023-03-29T03:36:08.548+0000] {dag.py:2693} INFO - Sync 2 DAGs
[2023-03-29T03:36:08.562+0000] {logging_mixin.py:137} INFO - [2023-03-29T03:36:08.562+0000] {dag.py:3444} INFO - Setting next_dagrun for example_xcom_args to None, run_after=None
[2023-03-29T03:36:08.565+0000] {logging_mixin.py:137} INFO - [2023-03-29T03:36:08.565+0000] {dag.py:3444} INFO - Setting next_dagrun for example_xcom_args_with_operators to None, run_after=None
[2023-03-29T03:36:08.575+0000] {processor.py:175} INFO - Processing /home/airflow/.local/lib/python3.7/site-packages/airflow/example_dags/example_xcomargs.py took 0.067 seconds
[2023-03-29T03:36:39.291+0000] {processor.py:153} INFO - Started process (PID=1025) to work on /home/airflow/.local/lib/python3.7/site-packages/airflow/example_dags/example_xcomargs.py
[2023-03-29T03:36:39.292+0000] {processor.py:743} INFO - Processing file /home/airflow/.local/lib/python3.7/site-packages/airflow/example_dags/example_xcomargs.py for tasks to queue
[2023-03-29T03:36:39.293+0000] {logging_mixin.py:137} INFO - [2023-03-29T03:36:39.293+0000] {dagbag.py:532} INFO - Filling up the DagBag from /home/airflow/.local/lib/python3.7/site-packages/airflow/example_dags/example_xcomargs.py
[2023-03-29T03:36:39.309+0000] {processor.py:753} INFO - DAG(s) dict_keys(['example_xcom_args', 'example_xcom_args_with_operators']) retrieved from /home/airflow/.local/lib/python3.7/site-packages/airflow/example_dags/example_xcomargs.py
[2023-03-29T03:36:39.329+0000] {logging_mixin.py:137} INFO - [2023-03-29T03:36:39.329+0000] {dag.py:2693} INFO - Sync 2 DAGs
[2023-03-29T03:36:39.345+0000] {logging_mixin.py:137} INFO - [2023-03-29T03:36:39.345+0000] {dag.py:3444} INFO - Setting next_dagrun for example_xcom_args to None, run_after=None
[2023-03-29T03:36:39.348+0000] {logging_mixin.py:137} INFO - [2023-03-29T03:36:39.348+0000] {dag.py:3444} INFO - Setting next_dagrun for example_xcom_args_with_operators to None, run_after=None
[2023-03-29T03:36:39.360+0000] {processor.py:175} INFO - Processing /home/airflow/.local/lib/python3.7/site-packages/airflow/example_dags/example_xcomargs.py took 0.071 seconds
[2023-03-29T03:37:09.958+0000] {processor.py:153} INFO - Started process (PID=1074) to work on /home/airflow/.local/lib/python3.7/site-packages/airflow/example_dags/example_xcomargs.py
[2023-03-29T03:37:09.960+0000] {processor.py:743} INFO - Processing file /home/airflow/.local/lib/python3.7/site-packages/airflow/example_dags/example_xcomargs.py for tasks to queue
[2023-03-29T03:37:09.961+0000] {logging_mixin.py:137} INFO - [2023-03-29T03:37:09.961+0000] {dagbag.py:532} INFO - Filling up the DagBag from /home/airflow/.local/lib/python3.7/site-packages/airflow/example_dags/example_xcomargs.py
[2023-03-29T03:37:09.978+0000] {processor.py:753} INFO - DAG(s) dict_keys(['example_xcom_args_with_operators', 'example_xcom_args']) retrieved from /home/airflow/.local/lib/python3.7/site-packages/airflow/example_dags/example_xcomargs.py
[2023-03-29T03:37:09.999+0000] {logging_mixin.py:137} INFO - [2023-03-29T03:37:09.999+0000] {dag.py:2693} INFO - Sync 2 DAGs
[2023-03-29T03:37:10.017+0000] {logging_mixin.py:137} INFO - [2023-03-29T03:37:10.017+0000] {dag.py:3444} INFO - Setting next_dagrun for example_xcom_args to None, run_after=None
[2023-03-29T03:37:10.021+0000] {logging_mixin.py:137} INFO - [2023-03-29T03:37:10.021+0000] {dag.py:3444} INFO - Setting next_dagrun for example_xcom_args_with_operators to None, run_after=None
[2023-03-29T03:37:10.033+0000] {processor.py:175} INFO - Processing /home/airflow/.local/lib/python3.7/site-packages/airflow/example_dags/example_xcomargs.py took 0.078 seconds
[2023-03-29T03:37:40.626+0000] {processor.py:153} INFO - Started process (PID=1123) to work on /home/airflow/.local/lib/python3.7/site-packages/airflow/example_dags/example_xcomargs.py
[2023-03-29T03:37:40.628+0000] {processor.py:743} INFO - Processing file /home/airflow/.local/lib/python3.7/site-packages/airflow/example_dags/example_xcomargs.py for tasks to queue
[2023-03-29T03:37:40.631+0000] {logging_mixin.py:137} INFO - [2023-03-29T03:37:40.631+0000] {dagbag.py:532} INFO - Filling up the DagBag from /home/airflow/.local/lib/python3.7/site-packages/airflow/example_dags/example_xcomargs.py
[2023-03-29T03:37:40.652+0000] {processor.py:753} INFO - DAG(s) dict_keys(['example_xcom_args_with_operators', 'example_xcom_args']) retrieved from /home/airflow/.local/lib/python3.7/site-packages/airflow/example_dags/example_xcomargs.py
[2023-03-29T03:37:40.676+0000] {logging_mixin.py:137} INFO - [2023-03-29T03:37:40.676+0000] {dag.py:2693} INFO - Sync 2 DAGs
[2023-03-29T03:37:40.699+0000] {logging_mixin.py:137} INFO - [2023-03-29T03:37:40.699+0000] {dag.py:3444} INFO - Setting next_dagrun for example_xcom_args to None, run_after=None
[2023-03-29T03:37:40.702+0000] {logging_mixin.py:137} INFO - [2023-03-29T03:37:40.702+0000] {dag.py:3444} INFO - Setting next_dagrun for example_xcom_args_with_operators to None, run_after=None
[2023-03-29T03:37:40.717+0000] {processor.py:175} INFO - Processing /home/airflow/.local/lib/python3.7/site-packages/airflow/example_dags/example_xcomargs.py took 0.094 seconds
[2023-03-29T03:38:11.197+0000] {processor.py:153} INFO - Started process (PID=1172) to work on /home/airflow/.local/lib/python3.7/site-packages/airflow/example_dags/example_xcomargs.py
[2023-03-29T03:38:11.199+0000] {processor.py:743} INFO - Processing file /home/airflow/.local/lib/python3.7/site-packages/airflow/example_dags/example_xcomargs.py for tasks to queue
[2023-03-29T03:38:11.200+0000] {logging_mixin.py:137} INFO - [2023-03-29T03:38:11.199+0000] {dagbag.py:532} INFO - Filling up the DagBag from /home/airflow/.local/lib/python3.7/site-packages/airflow/example_dags/example_xcomargs.py
[2023-03-29T03:38:11.218+0000] {processor.py:753} INFO - DAG(s) dict_keys(['example_xcom_args', 'example_xcom_args_with_operators']) retrieved from /home/airflow/.local/lib/python3.7/site-packages/airflow/example_dags/example_xcomargs.py
[2023-03-29T03:38:11.245+0000] {logging_mixin.py:137} INFO - [2023-03-29T03:38:11.245+0000] {dag.py:2693} INFO - Sync 2 DAGs
[2023-03-29T03:38:11.263+0000] {logging_mixin.py:137} INFO - [2023-03-29T03:38:11.263+0000] {dag.py:3444} INFO - Setting next_dagrun for example_xcom_args to None, run_after=None
[2023-03-29T03:38:11.266+0000] {logging_mixin.py:137} INFO - [2023-03-29T03:38:11.266+0000] {dag.py:3444} INFO - Setting next_dagrun for example_xcom_args_with_operators to None, run_after=None
[2023-03-29T03:38:11.281+0000] {processor.py:175} INFO - Processing /home/airflow/.local/lib/python3.7/site-packages/airflow/example_dags/example_xcomargs.py took 0.086 seconds
[2023-03-29T03:38:41.770+0000] {processor.py:153} INFO - Started process (PID=1221) to work on /home/airflow/.local/lib/python3.7/site-packages/airflow/example_dags/example_xcomargs.py
[2023-03-29T03:38:41.772+0000] {processor.py:743} INFO - Processing file /home/airflow/.local/lib/python3.7/site-packages/airflow/example_dags/example_xcomargs.py for tasks to queue
[2023-03-29T03:38:41.774+0000] {logging_mixin.py:137} INFO - [2023-03-29T03:38:41.774+0000] {dagbag.py:532} INFO - Filling up the DagBag from /home/airflow/.local/lib/python3.7/site-packages/airflow/example_dags/example_xcomargs.py
[2023-03-29T03:38:41.792+0000] {processor.py:753} INFO - DAG(s) dict_keys(['example_xcom_args', 'example_xcom_args_with_operators']) retrieved from /home/airflow/.local/lib/python3.7/site-packages/airflow/example_dags/example_xcomargs.py
[2023-03-29T03:38:41.815+0000] {logging_mixin.py:137} INFO - [2023-03-29T03:38:41.815+0000] {dag.py:2693} INFO - Sync 2 DAGs
[2023-03-29T03:38:41.835+0000] {logging_mixin.py:137} INFO - [2023-03-29T03:38:41.835+0000] {dag.py:3444} INFO - Setting next_dagrun for example_xcom_args to None, run_after=None
[2023-03-29T03:38:41.838+0000] {logging_mixin.py:137} INFO - [2023-03-29T03:38:41.838+0000] {dag.py:3444} INFO - Setting next_dagrun for example_xcom_args_with_operators to None, run_after=None
[2023-03-29T03:38:41.850+0000] {processor.py:175} INFO - Processing /home/airflow/.local/lib/python3.7/site-packages/airflow/example_dags/example_xcomargs.py took 0.083 seconds
[2023-03-29T03:39:12.417+0000] {processor.py:153} INFO - Started process (PID=1271) to work on /home/airflow/.local/lib/python3.7/site-packages/airflow/example_dags/example_xcomargs.py
[2023-03-29T03:39:12.419+0000] {processor.py:743} INFO - Processing file /home/airflow/.local/lib/python3.7/site-packages/airflow/example_dags/example_xcomargs.py for tasks to queue
[2023-03-29T03:39:12.420+0000] {logging_mixin.py:137} INFO - [2023-03-29T03:39:12.420+0000] {dagbag.py:532} INFO - Filling up the DagBag from /home/airflow/.local/lib/python3.7/site-packages/airflow/example_dags/example_xcomargs.py
[2023-03-29T03:39:12.435+0000] {processor.py:753} INFO - DAG(s) dict_keys(['example_xcom_args_with_operators', 'example_xcom_args']) retrieved from /home/airflow/.local/lib/python3.7/site-packages/airflow/example_dags/example_xcomargs.py
[2023-03-29T03:39:12.455+0000] {logging_mixin.py:137} INFO - [2023-03-29T03:39:12.455+0000] {dag.py:2693} INFO - Sync 2 DAGs
[2023-03-29T03:39:12.475+0000] {logging_mixin.py:137} INFO - [2023-03-29T03:39:12.474+0000] {dag.py:3444} INFO - Setting next_dagrun for example_xcom_args to None, run_after=None
[2023-03-29T03:39:12.478+0000] {logging_mixin.py:137} INFO - [2023-03-29T03:39:12.478+0000] {dag.py:3444} INFO - Setting next_dagrun for example_xcom_args_with_operators to None, run_after=None
[2023-03-29T03:39:12.490+0000] {processor.py:175} INFO - Processing /home/airflow/.local/lib/python3.7/site-packages/airflow/example_dags/example_xcomargs.py took 0.075 seconds
[2023-03-29T03:39:43.018+0000] {processor.py:153} INFO - Started process (PID=1320) to work on /home/airflow/.local/lib/python3.7/site-packages/airflow/example_dags/example_xcomargs.py
[2023-03-29T03:39:43.020+0000] {processor.py:743} INFO - Processing file /home/airflow/.local/lib/python3.7/site-packages/airflow/example_dags/example_xcomargs.py for tasks to queue
[2023-03-29T03:39:43.021+0000] {logging_mixin.py:137} INFO - [2023-03-29T03:39:43.021+0000] {dagbag.py:532} INFO - Filling up the DagBag from /home/airflow/.local/lib/python3.7/site-packages/airflow/example_dags/example_xcomargs.py
[2023-03-29T03:39:43.038+0000] {processor.py:753} INFO - DAG(s) dict_keys(['example_xcom_args', 'example_xcom_args_with_operators']) retrieved from /home/airflow/.local/lib/python3.7/site-packages/airflow/example_dags/example_xcomargs.py
[2023-03-29T03:39:43.058+0000] {logging_mixin.py:137} INFO - [2023-03-29T03:39:43.058+0000] {dag.py:2693} INFO - Sync 2 DAGs
[2023-03-29T03:39:43.078+0000] {logging_mixin.py:137} INFO - [2023-03-29T03:39:43.078+0000] {dag.py:3444} INFO - Setting next_dagrun for example_xcom_args to None, run_after=None
[2023-03-29T03:39:43.082+0000] {logging_mixin.py:137} INFO - [2023-03-29T03:39:43.082+0000] {dag.py:3444} INFO - Setting next_dagrun for example_xcom_args_with_operators to None, run_after=None
[2023-03-29T03:39:43.094+0000] {processor.py:175} INFO - Processing /home/airflow/.local/lib/python3.7/site-packages/airflow/example_dags/example_xcomargs.py took 0.079 seconds
[2023-03-29T03:40:13.638+0000] {processor.py:153} INFO - Started process (PID=1369) to work on /home/airflow/.local/lib/python3.7/site-packages/airflow/example_dags/example_xcomargs.py
[2023-03-29T03:40:13.640+0000] {processor.py:743} INFO - Processing file /home/airflow/.local/lib/python3.7/site-packages/airflow/example_dags/example_xcomargs.py for tasks to queue
[2023-03-29T03:40:13.641+0000] {logging_mixin.py:137} INFO - [2023-03-29T03:40:13.641+0000] {dagbag.py:532} INFO - Filling up the DagBag from /home/airflow/.local/lib/python3.7/site-packages/airflow/example_dags/example_xcomargs.py
[2023-03-29T03:40:13.656+0000] {processor.py:753} INFO - DAG(s) dict_keys(['example_xcom_args_with_operators', 'example_xcom_args']) retrieved from /home/airflow/.local/lib/python3.7/site-packages/airflow/example_dags/example_xcomargs.py
[2023-03-29T03:40:13.674+0000] {logging_mixin.py:137} INFO - [2023-03-29T03:40:13.674+0000] {dag.py:2693} INFO - Sync 2 DAGs
[2023-03-29T03:40:13.698+0000] {logging_mixin.py:137} INFO - [2023-03-29T03:40:13.698+0000] {dag.py:3444} INFO - Setting next_dagrun for example_xcom_args to None, run_after=None
[2023-03-29T03:40:13.703+0000] {logging_mixin.py:137} INFO - [2023-03-29T03:40:13.703+0000] {dag.py:3444} INFO - Setting next_dagrun for example_xcom_args_with_operators to None, run_after=None
[2023-03-29T03:40:13.726+0000] {processor.py:175} INFO - Processing /home/airflow/.local/lib/python3.7/site-packages/airflow/example_dags/example_xcomargs.py took 0.090 seconds
[2023-03-29T03:40:44.432+0000] {processor.py:153} INFO - Started process (PID=1418) to work on /home/airflow/.local/lib/python3.7/site-packages/airflow/example_dags/example_xcomargs.py
[2023-03-29T03:40:44.434+0000] {processor.py:743} INFO - Processing file /home/airflow/.local/lib/python3.7/site-packages/airflow/example_dags/example_xcomargs.py for tasks to queue
[2023-03-29T03:40:44.434+0000] {logging_mixin.py:137} INFO - [2023-03-29T03:40:44.434+0000] {dagbag.py:532} INFO - Filling up the DagBag from /home/airflow/.local/lib/python3.7/site-packages/airflow/example_dags/example_xcomargs.py
[2023-03-29T03:40:44.451+0000] {processor.py:753} INFO - DAG(s) dict_keys(['example_xcom_args_with_operators', 'example_xcom_args']) retrieved from /home/airflow/.local/lib/python3.7/site-packages/airflow/example_dags/example_xcomargs.py
[2023-03-29T03:40:44.470+0000] {logging_mixin.py:137} INFO - [2023-03-29T03:40:44.470+0000] {dag.py:2693} INFO - Sync 2 DAGs
[2023-03-29T03:40:44.488+0000] {logging_mixin.py:137} INFO - [2023-03-29T03:40:44.488+0000] {dag.py:3444} INFO - Setting next_dagrun for example_xcom_args to None, run_after=None
[2023-03-29T03:40:44.491+0000] {logging_mixin.py:137} INFO - [2023-03-29T03:40:44.491+0000] {dag.py:3444} INFO - Setting next_dagrun for example_xcom_args_with_operators to None, run_after=None
[2023-03-29T03:40:44.504+0000] {processor.py:175} INFO - Processing /home/airflow/.local/lib/python3.7/site-packages/airflow/example_dags/example_xcomargs.py took 0.075 seconds
[2023-03-29T03:41:15.115+0000] {processor.py:153} INFO - Started process (PID=1467) to work on /home/airflow/.local/lib/python3.7/site-packages/airflow/example_dags/example_xcomargs.py
[2023-03-29T03:41:15.117+0000] {processor.py:743} INFO - Processing file /home/airflow/.local/lib/python3.7/site-packages/airflow/example_dags/example_xcomargs.py for tasks to queue
[2023-03-29T03:41:15.118+0000] {logging_mixin.py:137} INFO - [2023-03-29T03:41:15.118+0000] {dagbag.py:532} INFO - Filling up the DagBag from /home/airflow/.local/lib/python3.7/site-packages/airflow/example_dags/example_xcomargs.py
[2023-03-29T03:41:15.133+0000] {processor.py:753} INFO - DAG(s) dict_keys(['example_xcom_args', 'example_xcom_args_with_operators']) retrieved from /home/airflow/.local/lib/python3.7/site-packages/airflow/example_dags/example_xcomargs.py
[2023-03-29T03:41:15.153+0000] {logging_mixin.py:137} INFO - [2023-03-29T03:41:15.153+0000] {dag.py:2693} INFO - Sync 2 DAGs
[2023-03-29T03:41:15.172+0000] {logging_mixin.py:137} INFO - [2023-03-29T03:41:15.172+0000] {dag.py:3444} INFO - Setting next_dagrun for example_xcom_args to None, run_after=None
[2023-03-29T03:41:15.177+0000] {logging_mixin.py:137} INFO - [2023-03-29T03:41:15.177+0000] {dag.py:3444} INFO - Setting next_dagrun for example_xcom_args_with_operators to None, run_after=None
[2023-03-29T03:41:15.188+0000] {processor.py:175} INFO - Processing /home/airflow/.local/lib/python3.7/site-packages/airflow/example_dags/example_xcomargs.py took 0.076 seconds
[2023-03-29T03:41:45.889+0000] {processor.py:153} INFO - Started process (PID=1516) to work on /home/airflow/.local/lib/python3.7/site-packages/airflow/example_dags/example_xcomargs.py
[2023-03-29T03:41:45.890+0000] {processor.py:743} INFO - Processing file /home/airflow/.local/lib/python3.7/site-packages/airflow/example_dags/example_xcomargs.py for tasks to queue
[2023-03-29T03:41:45.891+0000] {logging_mixin.py:137} INFO - [2023-03-29T03:41:45.891+0000] {dagbag.py:532} INFO - Filling up the DagBag from /home/airflow/.local/lib/python3.7/site-packages/airflow/example_dags/example_xcomargs.py
[2023-03-29T03:41:45.907+0000] {processor.py:753} INFO - DAG(s) dict_keys(['example_xcom_args', 'example_xcom_args_with_operators']) retrieved from /home/airflow/.local/lib/python3.7/site-packages/airflow/example_dags/example_xcomargs.py
[2023-03-29T03:41:45.926+0000] {logging_mixin.py:137} INFO - [2023-03-29T03:41:45.926+0000] {dag.py:2693} INFO - Sync 2 DAGs
[2023-03-29T03:41:45.940+0000] {logging_mixin.py:137} INFO - [2023-03-29T03:41:45.940+0000] {dag.py:3444} INFO - Setting next_dagrun for example_xcom_args to None, run_after=None
[2023-03-29T03:41:45.943+0000] {logging_mixin.py:137} INFO - [2023-03-29T03:41:45.943+0000] {dag.py:3444} INFO - Setting next_dagrun for example_xcom_args_with_operators to None, run_after=None
[2023-03-29T03:41:45.952+0000] {processor.py:175} INFO - Processing /home/airflow/.local/lib/python3.7/site-packages/airflow/example_dags/example_xcomargs.py took 0.065 seconds
[2023-03-29T03:42:16.359+0000] {processor.py:153} INFO - Started process (PID=1567) to work on /home/airflow/.local/lib/python3.7/site-packages/airflow/example_dags/example_xcomargs.py
[2023-03-29T03:42:16.360+0000] {processor.py:743} INFO - Processing file /home/airflow/.local/lib/python3.7/site-packages/airflow/example_dags/example_xcomargs.py for tasks to queue
[2023-03-29T03:42:16.362+0000] {logging_mixin.py:137} INFO - [2023-03-29T03:42:16.361+0000] {dagbag.py:532} INFO - Filling up the DagBag from /home/airflow/.local/lib/python3.7/site-packages/airflow/example_dags/example_xcomargs.py
[2023-03-29T03:42:16.379+0000] {processor.py:753} INFO - DAG(s) dict_keys(['example_xcom_args', 'example_xcom_args_with_operators']) retrieved from /home/airflow/.local/lib/python3.7/site-packages/airflow/example_dags/example_xcomargs.py
[2023-03-29T03:42:16.400+0000] {logging_mixin.py:137} INFO - [2023-03-29T03:42:16.400+0000] {dag.py:2693} INFO - Sync 2 DAGs
[2023-03-29T03:42:16.419+0000] {logging_mixin.py:137} INFO - [2023-03-29T03:42:16.419+0000] {dag.py:3444} INFO - Setting next_dagrun for example_xcom_args to None, run_after=None
[2023-03-29T03:42:16.423+0000] {logging_mixin.py:137} INFO - [2023-03-29T03:42:16.423+0000] {dag.py:3444} INFO - Setting next_dagrun for example_xcom_args_with_operators to None, run_after=None
[2023-03-29T03:42:16.435+0000] {processor.py:175} INFO - Processing /home/airflow/.local/lib/python3.7/site-packages/airflow/example_dags/example_xcomargs.py took 0.079 seconds
[2023-03-29T03:42:47.074+0000] {processor.py:153} INFO - Started process (PID=1616) to work on /home/airflow/.local/lib/python3.7/site-packages/airflow/example_dags/example_xcomargs.py
[2023-03-29T03:42:47.075+0000] {processor.py:743} INFO - Processing file /home/airflow/.local/lib/python3.7/site-packages/airflow/example_dags/example_xcomargs.py for tasks to queue
[2023-03-29T03:42:47.077+0000] {logging_mixin.py:137} INFO - [2023-03-29T03:42:47.077+0000] {dagbag.py:532} INFO - Filling up the DagBag from /home/airflow/.local/lib/python3.7/site-packages/airflow/example_dags/example_xcomargs.py
[2023-03-29T03:42:47.096+0000] {processor.py:753} INFO - DAG(s) dict_keys(['example_xcom_args_with_operators', 'example_xcom_args']) retrieved from /home/airflow/.local/lib/python3.7/site-packages/airflow/example_dags/example_xcomargs.py
[2023-03-29T03:42:47.117+0000] {logging_mixin.py:137} INFO - [2023-03-29T03:42:47.117+0000] {dag.py:2693} INFO - Sync 2 DAGs
[2023-03-29T03:42:47.136+0000] {logging_mixin.py:137} INFO - [2023-03-29T03:42:47.136+0000] {dag.py:3444} INFO - Setting next_dagrun for example_xcom_args to None, run_after=None
[2023-03-29T03:42:47.140+0000] {logging_mixin.py:137} INFO - [2023-03-29T03:42:47.140+0000] {dag.py:3444} INFO - Setting next_dagrun for example_xcom_args_with_operators to None, run_after=None
[2023-03-29T03:42:47.151+0000] {processor.py:175} INFO - Processing /home/airflow/.local/lib/python3.7/site-packages/airflow/example_dags/example_xcomargs.py took 0.080 seconds
[2023-03-29T03:43:17.503+0000] {processor.py:153} INFO - Started process (PID=1665) to work on /home/airflow/.local/lib/python3.7/site-packages/airflow/example_dags/example_xcomargs.py
[2023-03-29T03:43:17.505+0000] {processor.py:743} INFO - Processing file /home/airflow/.local/lib/python3.7/site-packages/airflow/example_dags/example_xcomargs.py for tasks to queue
[2023-03-29T03:43:17.506+0000] {logging_mixin.py:137} INFO - [2023-03-29T03:43:17.506+0000] {dagbag.py:532} INFO - Filling up the DagBag from /home/airflow/.local/lib/python3.7/site-packages/airflow/example_dags/example_xcomargs.py
[2023-03-29T03:43:17.522+0000] {processor.py:753} INFO - DAG(s) dict_keys(['example_xcom_args_with_operators', 'example_xcom_args']) retrieved from /home/airflow/.local/lib/python3.7/site-packages/airflow/example_dags/example_xcomargs.py
[2023-03-29T03:43:17.543+0000] {logging_mixin.py:137} INFO - [2023-03-29T03:43:17.543+0000] {dag.py:2693} INFO - Sync 2 DAGs
[2023-03-29T03:43:17.563+0000] {logging_mixin.py:137} INFO - [2023-03-29T03:43:17.563+0000] {dag.py:3444} INFO - Setting next_dagrun for example_xcom_args to None, run_after=None
[2023-03-29T03:43:17.568+0000] {logging_mixin.py:137} INFO - [2023-03-29T03:43:17.568+0000] {dag.py:3444} INFO - Setting next_dagrun for example_xcom_args_with_operators to None, run_after=None
[2023-03-29T03:43:17.582+0000] {processor.py:175} INFO - Processing /home/airflow/.local/lib/python3.7/site-packages/airflow/example_dags/example_xcomargs.py took 0.081 seconds
[2023-03-29T03:43:48.453+0000] {processor.py:153} INFO - Started process (PID=1714) to work on /home/airflow/.local/lib/python3.7/site-packages/airflow/example_dags/example_xcomargs.py
[2023-03-29T03:43:48.455+0000] {processor.py:743} INFO - Processing file /home/airflow/.local/lib/python3.7/site-packages/airflow/example_dags/example_xcomargs.py for tasks to queue
[2023-03-29T03:43:48.458+0000] {logging_mixin.py:137} INFO - [2023-03-29T03:43:48.458+0000] {dagbag.py:532} INFO - Filling up the DagBag from /home/airflow/.local/lib/python3.7/site-packages/airflow/example_dags/example_xcomargs.py
[2023-03-29T03:43:48.475+0000] {processor.py:753} INFO - DAG(s) dict_keys(['example_xcom_args_with_operators', 'example_xcom_args']) retrieved from /home/airflow/.local/lib/python3.7/site-packages/airflow/example_dags/example_xcomargs.py
[2023-03-29T03:43:48.495+0000] {logging_mixin.py:137} INFO - [2023-03-29T03:43:48.495+0000] {dag.py:2693} INFO - Sync 2 DAGs
[2023-03-29T03:43:48.509+0000] {logging_mixin.py:137} INFO - [2023-03-29T03:43:48.509+0000] {dag.py:3444} INFO - Setting next_dagrun for example_xcom_args to None, run_after=None
[2023-03-29T03:43:48.512+0000] {logging_mixin.py:137} INFO - [2023-03-29T03:43:48.512+0000] {dag.py:3444} INFO - Setting next_dagrun for example_xcom_args_with_operators to None, run_after=None
[2023-03-29T03:43:48.522+0000] {processor.py:175} INFO - Processing /home/airflow/.local/lib/python3.7/site-packages/airflow/example_dags/example_xcomargs.py took 0.073 seconds
[2023-03-29T03:44:19.123+0000] {processor.py:153} INFO - Started process (PID=1763) to work on /home/airflow/.local/lib/python3.7/site-packages/airflow/example_dags/example_xcomargs.py
[2023-03-29T03:44:19.125+0000] {processor.py:743} INFO - Processing file /home/airflow/.local/lib/python3.7/site-packages/airflow/example_dags/example_xcomargs.py for tasks to queue
[2023-03-29T03:44:19.127+0000] {logging_mixin.py:137} INFO - [2023-03-29T03:44:19.127+0000] {dagbag.py:532} INFO - Filling up the DagBag from /home/airflow/.local/lib/python3.7/site-packages/airflow/example_dags/example_xcomargs.py
[2023-03-29T03:44:19.158+0000] {processor.py:753} INFO - DAG(s) dict_keys(['example_xcom_args', 'example_xcom_args_with_operators']) retrieved from /home/airflow/.local/lib/python3.7/site-packages/airflow/example_dags/example_xcomargs.py
[2023-03-29T03:44:19.197+0000] {logging_mixin.py:137} INFO - [2023-03-29T03:44:19.197+0000] {dag.py:2693} INFO - Sync 2 DAGs
[2023-03-29T03:44:19.235+0000] {logging_mixin.py:137} INFO - [2023-03-29T03:44:19.235+0000] {dag.py:3444} INFO - Setting next_dagrun for example_xcom_args to None, run_after=None
[2023-03-29T03:44:19.241+0000] {logging_mixin.py:137} INFO - [2023-03-29T03:44:19.241+0000] {dag.py:3444} INFO - Setting next_dagrun for example_xcom_args_with_operators to None, run_after=None
[2023-03-29T03:44:19.255+0000] {processor.py:175} INFO - Processing /home/airflow/.local/lib/python3.7/site-packages/airflow/example_dags/example_xcomargs.py took 0.134 seconds
[2023-03-29T03:44:49.531+0000] {processor.py:153} INFO - Started process (PID=1812) to work on /home/airflow/.local/lib/python3.7/site-packages/airflow/example_dags/example_xcomargs.py
[2023-03-29T03:44:49.533+0000] {processor.py:743} INFO - Processing file /home/airflow/.local/lib/python3.7/site-packages/airflow/example_dags/example_xcomargs.py for tasks to queue
[2023-03-29T03:44:49.534+0000] {logging_mixin.py:137} INFO - [2023-03-29T03:44:49.534+0000] {dagbag.py:532} INFO - Filling up the DagBag from /home/airflow/.local/lib/python3.7/site-packages/airflow/example_dags/example_xcomargs.py
[2023-03-29T03:44:49.550+0000] {processor.py:753} INFO - DAG(s) dict_keys(['example_xcom_args_with_operators', 'example_xcom_args']) retrieved from /home/airflow/.local/lib/python3.7/site-packages/airflow/example_dags/example_xcomargs.py
[2023-03-29T03:44:49.580+0000] {logging_mixin.py:137} INFO - [2023-03-29T03:44:49.580+0000] {dag.py:2693} INFO - Sync 2 DAGs
[2023-03-29T03:44:49.599+0000] {logging_mixin.py:137} INFO - [2023-03-29T03:44:49.599+0000] {dag.py:3444} INFO - Setting next_dagrun for example_xcom_args to None, run_after=None
[2023-03-29T03:44:49.602+0000] {logging_mixin.py:137} INFO - [2023-03-29T03:44:49.602+0000] {dag.py:3444} INFO - Setting next_dagrun for example_xcom_args_with_operators to None, run_after=None
[2023-03-29T03:44:49.617+0000] {processor.py:175} INFO - Processing /home/airflow/.local/lib/python3.7/site-packages/airflow/example_dags/example_xcomargs.py took 0.087 seconds
[2023-03-29T03:45:20.509+0000] {processor.py:153} INFO - Started process (PID=1861) to work on /home/airflow/.local/lib/python3.7/site-packages/airflow/example_dags/example_xcomargs.py
[2023-03-29T03:45:20.512+0000] {processor.py:743} INFO - Processing file /home/airflow/.local/lib/python3.7/site-packages/airflow/example_dags/example_xcomargs.py for tasks to queue
[2023-03-29T03:45:20.513+0000] {logging_mixin.py:137} INFO - [2023-03-29T03:45:20.513+0000] {dagbag.py:532} INFO - Filling up the DagBag from /home/airflow/.local/lib/python3.7/site-packages/airflow/example_dags/example_xcomargs.py
[2023-03-29T03:45:20.530+0000] {processor.py:753} INFO - DAG(s) dict_keys(['example_xcom_args', 'example_xcom_args_with_operators']) retrieved from /home/airflow/.local/lib/python3.7/site-packages/airflow/example_dags/example_xcomargs.py
[2023-03-29T03:45:20.552+0000] {logging_mixin.py:137} INFO - [2023-03-29T03:45:20.552+0000] {dag.py:2693} INFO - Sync 2 DAGs
[2023-03-29T03:45:20.571+0000] {logging_mixin.py:137} INFO - [2023-03-29T03:45:20.571+0000] {dag.py:3444} INFO - Setting next_dagrun for example_xcom_args to None, run_after=None
[2023-03-29T03:45:20.574+0000] {logging_mixin.py:137} INFO - [2023-03-29T03:45:20.574+0000] {dag.py:3444} INFO - Setting next_dagrun for example_xcom_args_with_operators to None, run_after=None
[2023-03-29T03:45:20.591+0000] {processor.py:175} INFO - Processing /home/airflow/.local/lib/python3.7/site-packages/airflow/example_dags/example_xcomargs.py took 0.085 seconds
[2023-03-29T03:45:51.035+0000] {processor.py:153} INFO - Started process (PID=1910) to work on /home/airflow/.local/lib/python3.7/site-packages/airflow/example_dags/example_xcomargs.py
[2023-03-29T03:45:51.036+0000] {processor.py:743} INFO - Processing file /home/airflow/.local/lib/python3.7/site-packages/airflow/example_dags/example_xcomargs.py for tasks to queue
[2023-03-29T03:45:51.037+0000] {logging_mixin.py:137} INFO - [2023-03-29T03:45:51.037+0000] {dagbag.py:532} INFO - Filling up the DagBag from /home/airflow/.local/lib/python3.7/site-packages/airflow/example_dags/example_xcomargs.py
[2023-03-29T03:45:51.053+0000] {processor.py:753} INFO - DAG(s) dict_keys(['example_xcom_args_with_operators', 'example_xcom_args']) retrieved from /home/airflow/.local/lib/python3.7/site-packages/airflow/example_dags/example_xcomargs.py
[2023-03-29T03:45:51.073+0000] {logging_mixin.py:137} INFO - [2023-03-29T03:45:51.073+0000] {dag.py:2693} INFO - Sync 2 DAGs
[2023-03-29T03:45:51.088+0000] {logging_mixin.py:137} INFO - [2023-03-29T03:45:51.088+0000] {dag.py:3444} INFO - Setting next_dagrun for example_xcom_args to None, run_after=None
[2023-03-29T03:45:51.091+0000] {logging_mixin.py:137} INFO - [2023-03-29T03:45:51.091+0000] {dag.py:3444} INFO - Setting next_dagrun for example_xcom_args_with_operators to None, run_after=None
[2023-03-29T03:45:51.104+0000] {processor.py:175} INFO - Processing /home/airflow/.local/lib/python3.7/site-packages/airflow/example_dags/example_xcomargs.py took 0.072 seconds
[2023-03-29T03:46:21.656+0000] {processor.py:153} INFO - Started process (PID=1967) to work on /home/airflow/.local/lib/python3.7/site-packages/airflow/example_dags/example_xcomargs.py
[2023-03-29T03:46:21.661+0000] {processor.py:743} INFO - Processing file /home/airflow/.local/lib/python3.7/site-packages/airflow/example_dags/example_xcomargs.py for tasks to queue
[2023-03-29T03:46:21.664+0000] {logging_mixin.py:137} INFO - [2023-03-29T03:46:21.664+0000] {dagbag.py:532} INFO - Filling up the DagBag from /home/airflow/.local/lib/python3.7/site-packages/airflow/example_dags/example_xcomargs.py
[2023-03-29T03:46:21.715+0000] {processor.py:753} INFO - DAG(s) dict_keys(['example_xcom_args', 'example_xcom_args_with_operators']) retrieved from /home/airflow/.local/lib/python3.7/site-packages/airflow/example_dags/example_xcomargs.py
[2023-03-29T03:46:21.737+0000] {logging_mixin.py:137} INFO - [2023-03-29T03:46:21.737+0000] {dag.py:2693} INFO - Sync 2 DAGs
[2023-03-29T03:46:21.756+0000] {logging_mixin.py:137} INFO - [2023-03-29T03:46:21.756+0000] {dag.py:3444} INFO - Setting next_dagrun for example_xcom_args to None, run_after=None
[2023-03-29T03:46:21.760+0000] {logging_mixin.py:137} INFO - [2023-03-29T03:46:21.760+0000] {dag.py:3444} INFO - Setting next_dagrun for example_xcom_args_with_operators to None, run_after=None
[2023-03-29T03:46:21.773+0000] {processor.py:175} INFO - Processing /home/airflow/.local/lib/python3.7/site-packages/airflow/example_dags/example_xcomargs.py took 0.123 seconds
[2023-03-29T03:46:52.380+0000] {processor.py:153} INFO - Started process (PID=2017) to work on /home/airflow/.local/lib/python3.7/site-packages/airflow/example_dags/example_xcomargs.py
[2023-03-29T03:46:52.382+0000] {processor.py:743} INFO - Processing file /home/airflow/.local/lib/python3.7/site-packages/airflow/example_dags/example_xcomargs.py for tasks to queue
[2023-03-29T03:46:52.383+0000] {logging_mixin.py:137} INFO - [2023-03-29T03:46:52.383+0000] {dagbag.py:532} INFO - Filling up the DagBag from /home/airflow/.local/lib/python3.7/site-packages/airflow/example_dags/example_xcomargs.py
[2023-03-29T03:46:52.400+0000] {processor.py:753} INFO - DAG(s) dict_keys(['example_xcom_args', 'example_xcom_args_with_operators']) retrieved from /home/airflow/.local/lib/python3.7/site-packages/airflow/example_dags/example_xcomargs.py
[2023-03-29T03:46:52.420+0000] {logging_mixin.py:137} INFO - [2023-03-29T03:46:52.420+0000] {dag.py:2693} INFO - Sync 2 DAGs
[2023-03-29T03:46:52.441+0000] {logging_mixin.py:137} INFO - [2023-03-29T03:46:52.441+0000] {dag.py:3444} INFO - Setting next_dagrun for example_xcom_args to None, run_after=None
[2023-03-29T03:46:52.446+0000] {logging_mixin.py:137} INFO - [2023-03-29T03:46:52.446+0000] {dag.py:3444} INFO - Setting next_dagrun for example_xcom_args_with_operators to None, run_after=None
[2023-03-29T03:46:52.462+0000] {processor.py:175} INFO - Processing /home/airflow/.local/lib/python3.7/site-packages/airflow/example_dags/example_xcomargs.py took 0.085 seconds
[2023-03-29T03:47:22.947+0000] {processor.py:153} INFO - Started process (PID=2067) to work on /home/airflow/.local/lib/python3.7/site-packages/airflow/example_dags/example_xcomargs.py
[2023-03-29T03:47:22.948+0000] {processor.py:743} INFO - Processing file /home/airflow/.local/lib/python3.7/site-packages/airflow/example_dags/example_xcomargs.py for tasks to queue
[2023-03-29T03:47:22.950+0000] {logging_mixin.py:137} INFO - [2023-03-29T03:47:22.949+0000] {dagbag.py:532} INFO - Filling up the DagBag from /home/airflow/.local/lib/python3.7/site-packages/airflow/example_dags/example_xcomargs.py
[2023-03-29T03:47:22.965+0000] {processor.py:753} INFO - DAG(s) dict_keys(['example_xcom_args_with_operators', 'example_xcom_args']) retrieved from /home/airflow/.local/lib/python3.7/site-packages/airflow/example_dags/example_xcomargs.py
[2023-03-29T03:47:22.989+0000] {logging_mixin.py:137} INFO - [2023-03-29T03:47:22.988+0000] {dag.py:2693} INFO - Sync 2 DAGs
[2023-03-29T03:47:23.006+0000] {logging_mixin.py:137} INFO - [2023-03-29T03:47:23.006+0000] {dag.py:3444} INFO - Setting next_dagrun for example_xcom_args to None, run_after=None
[2023-03-29T03:47:23.009+0000] {logging_mixin.py:137} INFO - [2023-03-29T03:47:23.009+0000] {dag.py:3444} INFO - Setting next_dagrun for example_xcom_args_with_operators to None, run_after=None
[2023-03-29T03:47:23.021+0000] {processor.py:175} INFO - Processing /home/airflow/.local/lib/python3.7/site-packages/airflow/example_dags/example_xcomargs.py took 0.077 seconds
