[2023-03-29T03:26:27.288+0000] {processor.py:153} INFO - Started process (PID=59) to work on /home/airflow/.local/lib/python3.7/site-packages/airflow/example_dags/example_trigger_controller_dag.py
[2023-03-29T03:26:27.291+0000] {processor.py:743} INFO - Processing file /home/airflow/.local/lib/python3.7/site-packages/airflow/example_dags/example_trigger_controller_dag.py for tasks to queue
[2023-03-29T03:26:27.297+0000] {logging_mixin.py:137} INFO - [2023-03-29T03:26:27.297+0000] {dagbag.py:532} INFO - Filling up the DagBag from /home/airflow/.local/lib/python3.7/site-packages/airflow/example_dags/example_trigger_controller_dag.py
[2023-03-29T03:26:27.367+0000] {processor.py:753} INFO - DAG(s) dict_keys(['example_trigger_controller_dag']) retrieved from /home/airflow/.local/lib/python3.7/site-packages/airflow/example_dags/example_trigger_controller_dag.py
[2023-03-29T03:26:27.399+0000] {logging_mixin.py:137} INFO - [2023-03-29T03:26:27.399+0000] {dag.py:2693} INFO - Sync 1 DAGs
[2023-03-29T03:26:27.435+0000] {logging_mixin.py:137} INFO - [2023-03-29T03:26:27.435+0000] {dag.py:3444} INFO - Setting next_dagrun for example_trigger_controller_dag to 2021-01-01T00:00:00+00:00, run_after=2021-01-01T00:00:00+00:00
[2023-03-29T03:26:27.454+0000] {processor.py:175} INFO - Processing /home/airflow/.local/lib/python3.7/site-packages/airflow/example_dags/example_trigger_controller_dag.py took 0.170 seconds
[2023-03-29T03:26:57.788+0000] {processor.py:153} INFO - Started process (PID=108) to work on /home/airflow/.local/lib/python3.7/site-packages/airflow/example_dags/example_trigger_controller_dag.py
[2023-03-29T03:26:57.790+0000] {processor.py:743} INFO - Processing file /home/airflow/.local/lib/python3.7/site-packages/airflow/example_dags/example_trigger_controller_dag.py for tasks to queue
[2023-03-29T03:26:57.790+0000] {logging_mixin.py:137} INFO - [2023-03-29T03:26:57.790+0000] {dagbag.py:532} INFO - Filling up the DagBag from /home/airflow/.local/lib/python3.7/site-packages/airflow/example_dags/example_trigger_controller_dag.py
[2023-03-29T03:26:57.798+0000] {processor.py:753} INFO - DAG(s) dict_keys(['example_trigger_controller_dag']) retrieved from /home/airflow/.local/lib/python3.7/site-packages/airflow/example_dags/example_trigger_controller_dag.py
[2023-03-29T03:26:57.816+0000] {logging_mixin.py:137} INFO - [2023-03-29T03:26:57.816+0000] {dag.py:2693} INFO - Sync 1 DAGs
[2023-03-29T03:26:57.831+0000] {logging_mixin.py:137} INFO - [2023-03-29T03:26:57.831+0000] {dag.py:3444} INFO - Setting next_dagrun for example_trigger_controller_dag to 2021-01-01T00:00:00+00:00, run_after=2021-01-01T00:00:00+00:00
[2023-03-29T03:26:57.844+0000] {processor.py:175} INFO - Processing /home/airflow/.local/lib/python3.7/site-packages/airflow/example_dags/example_trigger_controller_dag.py took 0.058 seconds
[2023-03-29T03:27:28.450+0000] {processor.py:153} INFO - Started process (PID=157) to work on /home/airflow/.local/lib/python3.7/site-packages/airflow/example_dags/example_trigger_controller_dag.py
[2023-03-29T03:27:28.452+0000] {processor.py:743} INFO - Processing file /home/airflow/.local/lib/python3.7/site-packages/airflow/example_dags/example_trigger_controller_dag.py for tasks to queue
[2023-03-29T03:27:28.453+0000] {logging_mixin.py:137} INFO - [2023-03-29T03:27:28.453+0000] {dagbag.py:532} INFO - Filling up the DagBag from /home/airflow/.local/lib/python3.7/site-packages/airflow/example_dags/example_trigger_controller_dag.py
[2023-03-29T03:27:28.461+0000] {processor.py:753} INFO - DAG(s) dict_keys(['example_trigger_controller_dag']) retrieved from /home/airflow/.local/lib/python3.7/site-packages/airflow/example_dags/example_trigger_controller_dag.py
[2023-03-29T03:27:28.487+0000] {logging_mixin.py:137} INFO - [2023-03-29T03:27:28.487+0000] {dag.py:2693} INFO - Sync 1 DAGs
[2023-03-29T03:27:28.506+0000] {logging_mixin.py:137} INFO - [2023-03-29T03:27:28.506+0000] {dag.py:3444} INFO - Setting next_dagrun for example_trigger_controller_dag to 2021-01-01T00:00:00+00:00, run_after=2021-01-01T00:00:00+00:00
[2023-03-29T03:27:28.523+0000] {processor.py:175} INFO - Processing /home/airflow/.local/lib/python3.7/site-packages/airflow/example_dags/example_trigger_controller_dag.py took 0.076 seconds
[2023-03-29T03:27:59.039+0000] {processor.py:153} INFO - Started process (PID=206) to work on /home/airflow/.local/lib/python3.7/site-packages/airflow/example_dags/example_trigger_controller_dag.py
[2023-03-29T03:27:59.041+0000] {processor.py:743} INFO - Processing file /home/airflow/.local/lib/python3.7/site-packages/airflow/example_dags/example_trigger_controller_dag.py for tasks to queue
[2023-03-29T03:27:59.043+0000] {logging_mixin.py:137} INFO - [2023-03-29T03:27:59.043+0000] {dagbag.py:532} INFO - Filling up the DagBag from /home/airflow/.local/lib/python3.7/site-packages/airflow/example_dags/example_trigger_controller_dag.py
[2023-03-29T03:27:59.050+0000] {processor.py:753} INFO - DAG(s) dict_keys(['example_trigger_controller_dag']) retrieved from /home/airflow/.local/lib/python3.7/site-packages/airflow/example_dags/example_trigger_controller_dag.py
[2023-03-29T03:27:59.068+0000] {logging_mixin.py:137} INFO - [2023-03-29T03:27:59.068+0000] {dag.py:2693} INFO - Sync 1 DAGs
[2023-03-29T03:27:59.088+0000] {logging_mixin.py:137} INFO - [2023-03-29T03:27:59.088+0000] {dag.py:3444} INFO - Setting next_dagrun for example_trigger_controller_dag to 2021-01-01T00:00:00+00:00, run_after=2021-01-01T00:00:00+00:00
[2023-03-29T03:27:59.100+0000] {processor.py:175} INFO - Processing /home/airflow/.local/lib/python3.7/site-packages/airflow/example_dags/example_trigger_controller_dag.py took 0.064 seconds
[2023-03-29T03:28:29.493+0000] {processor.py:153} INFO - Started process (PID=255) to work on /home/airflow/.local/lib/python3.7/site-packages/airflow/example_dags/example_trigger_controller_dag.py
[2023-03-29T03:28:29.495+0000] {processor.py:743} INFO - Processing file /home/airflow/.local/lib/python3.7/site-packages/airflow/example_dags/example_trigger_controller_dag.py for tasks to queue
[2023-03-29T03:28:29.496+0000] {logging_mixin.py:137} INFO - [2023-03-29T03:28:29.496+0000] {dagbag.py:532} INFO - Filling up the DagBag from /home/airflow/.local/lib/python3.7/site-packages/airflow/example_dags/example_trigger_controller_dag.py
[2023-03-29T03:28:29.504+0000] {processor.py:753} INFO - DAG(s) dict_keys(['example_trigger_controller_dag']) retrieved from /home/airflow/.local/lib/python3.7/site-packages/airflow/example_dags/example_trigger_controller_dag.py
[2023-03-29T03:28:29.520+0000] {logging_mixin.py:137} INFO - [2023-03-29T03:28:29.520+0000] {dag.py:2693} INFO - Sync 1 DAGs
[2023-03-29T03:28:29.538+0000] {logging_mixin.py:137} INFO - [2023-03-29T03:28:29.538+0000] {dag.py:3444} INFO - Setting next_dagrun for example_trigger_controller_dag to 2021-01-01T00:00:00+00:00, run_after=2021-01-01T00:00:00+00:00
[2023-03-29T03:28:29.551+0000] {processor.py:175} INFO - Processing /home/airflow/.local/lib/python3.7/site-packages/airflow/example_dags/example_trigger_controller_dag.py took 0.060 seconds
[2023-03-29T03:29:00.110+0000] {processor.py:153} INFO - Started process (PID=304) to work on /home/airflow/.local/lib/python3.7/site-packages/airflow/example_dags/example_trigger_controller_dag.py
[2023-03-29T03:29:00.111+0000] {processor.py:743} INFO - Processing file /home/airflow/.local/lib/python3.7/site-packages/airflow/example_dags/example_trigger_controller_dag.py for tasks to queue
[2023-03-29T03:29:00.113+0000] {logging_mixin.py:137} INFO - [2023-03-29T03:29:00.113+0000] {dagbag.py:532} INFO - Filling up the DagBag from /home/airflow/.local/lib/python3.7/site-packages/airflow/example_dags/example_trigger_controller_dag.py
[2023-03-29T03:29:00.121+0000] {processor.py:753} INFO - DAG(s) dict_keys(['example_trigger_controller_dag']) retrieved from /home/airflow/.local/lib/python3.7/site-packages/airflow/example_dags/example_trigger_controller_dag.py
[2023-03-29T03:29:00.138+0000] {logging_mixin.py:137} INFO - [2023-03-29T03:29:00.138+0000] {dag.py:2693} INFO - Sync 1 DAGs
[2023-03-29T03:29:00.157+0000] {logging_mixin.py:137} INFO - [2023-03-29T03:29:00.157+0000] {dag.py:3444} INFO - Setting next_dagrun for example_trigger_controller_dag to 2021-01-01T00:00:00+00:00, run_after=2021-01-01T00:00:00+00:00
[2023-03-29T03:29:00.170+0000] {processor.py:175} INFO - Processing /home/airflow/.local/lib/python3.7/site-packages/airflow/example_dags/example_trigger_controller_dag.py took 0.063 seconds
[2023-03-29T03:29:30.741+0000] {processor.py:153} INFO - Started process (PID=353) to work on /home/airflow/.local/lib/python3.7/site-packages/airflow/example_dags/example_trigger_controller_dag.py
[2023-03-29T03:29:30.743+0000] {processor.py:743} INFO - Processing file /home/airflow/.local/lib/python3.7/site-packages/airflow/example_dags/example_trigger_controller_dag.py for tasks to queue
[2023-03-29T03:29:30.744+0000] {logging_mixin.py:137} INFO - [2023-03-29T03:29:30.744+0000] {dagbag.py:532} INFO - Filling up the DagBag from /home/airflow/.local/lib/python3.7/site-packages/airflow/example_dags/example_trigger_controller_dag.py
[2023-03-29T03:29:30.752+0000] {processor.py:753} INFO - DAG(s) dict_keys(['example_trigger_controller_dag']) retrieved from /home/airflow/.local/lib/python3.7/site-packages/airflow/example_dags/example_trigger_controller_dag.py
[2023-03-29T03:29:30.769+0000] {logging_mixin.py:137} INFO - [2023-03-29T03:29:30.769+0000] {dag.py:2693} INFO - Sync 1 DAGs
[2023-03-29T03:29:30.785+0000] {logging_mixin.py:137} INFO - [2023-03-29T03:29:30.784+0000] {dag.py:3444} INFO - Setting next_dagrun for example_trigger_controller_dag to 2021-01-01T00:00:00+00:00, run_after=2021-01-01T00:00:00+00:00
[2023-03-29T03:29:30.798+0000] {processor.py:175} INFO - Processing /home/airflow/.local/lib/python3.7/site-packages/airflow/example_dags/example_trigger_controller_dag.py took 0.059 seconds
[2023-03-29T03:30:01.860+0000] {processor.py:153} INFO - Started process (PID=402) to work on /home/airflow/.local/lib/python3.7/site-packages/airflow/example_dags/example_trigger_controller_dag.py
[2023-03-29T03:30:01.862+0000] {processor.py:743} INFO - Processing file /home/airflow/.local/lib/python3.7/site-packages/airflow/example_dags/example_trigger_controller_dag.py for tasks to queue
[2023-03-29T03:30:01.864+0000] {logging_mixin.py:137} INFO - [2023-03-29T03:30:01.864+0000] {dagbag.py:532} INFO - Filling up the DagBag from /home/airflow/.local/lib/python3.7/site-packages/airflow/example_dags/example_trigger_controller_dag.py
[2023-03-29T03:30:01.873+0000] {processor.py:753} INFO - DAG(s) dict_keys(['example_trigger_controller_dag']) retrieved from /home/airflow/.local/lib/python3.7/site-packages/airflow/example_dags/example_trigger_controller_dag.py
[2023-03-29T03:30:01.896+0000] {logging_mixin.py:137} INFO - [2023-03-29T03:30:01.895+0000] {dag.py:2693} INFO - Sync 1 DAGs
[2023-03-29T03:30:01.919+0000] {logging_mixin.py:137} INFO - [2023-03-29T03:30:01.919+0000] {dag.py:3444} INFO - Setting next_dagrun for example_trigger_controller_dag to 2021-01-01T00:00:00+00:00, run_after=2021-01-01T00:00:00+00:00
[2023-03-29T03:30:01.937+0000] {processor.py:175} INFO - Processing /home/airflow/.local/lib/python3.7/site-packages/airflow/example_dags/example_trigger_controller_dag.py took 0.079 seconds
[2023-03-29T03:30:32.883+0000] {processor.py:153} INFO - Started process (PID=451) to work on /home/airflow/.local/lib/python3.7/site-packages/airflow/example_dags/example_trigger_controller_dag.py
[2023-03-29T03:30:32.885+0000] {processor.py:743} INFO - Processing file /home/airflow/.local/lib/python3.7/site-packages/airflow/example_dags/example_trigger_controller_dag.py for tasks to queue
[2023-03-29T03:30:32.886+0000] {logging_mixin.py:137} INFO - [2023-03-29T03:30:32.886+0000] {dagbag.py:532} INFO - Filling up the DagBag from /home/airflow/.local/lib/python3.7/site-packages/airflow/example_dags/example_trigger_controller_dag.py
[2023-03-29T03:30:32.895+0000] {processor.py:753} INFO - DAG(s) dict_keys(['example_trigger_controller_dag']) retrieved from /home/airflow/.local/lib/python3.7/site-packages/airflow/example_dags/example_trigger_controller_dag.py
[2023-03-29T03:30:32.917+0000] {logging_mixin.py:137} INFO - [2023-03-29T03:30:32.916+0000] {dag.py:2693} INFO - Sync 1 DAGs
[2023-03-29T03:30:32.947+0000] {logging_mixin.py:137} INFO - [2023-03-29T03:30:32.947+0000] {dag.py:3444} INFO - Setting next_dagrun for example_trigger_controller_dag to 2021-01-01T00:00:00+00:00, run_after=2021-01-01T00:00:00+00:00
[2023-03-29T03:30:32.970+0000] {processor.py:175} INFO - Processing /home/airflow/.local/lib/python3.7/site-packages/airflow/example_dags/example_trigger_controller_dag.py took 0.090 seconds
[2023-03-29T03:31:03.477+0000] {processor.py:153} INFO - Started process (PID=500) to work on /home/airflow/.local/lib/python3.7/site-packages/airflow/example_dags/example_trigger_controller_dag.py
[2023-03-29T03:31:03.479+0000] {processor.py:743} INFO - Processing file /home/airflow/.local/lib/python3.7/site-packages/airflow/example_dags/example_trigger_controller_dag.py for tasks to queue
[2023-03-29T03:31:03.480+0000] {logging_mixin.py:137} INFO - [2023-03-29T03:31:03.480+0000] {dagbag.py:532} INFO - Filling up the DagBag from /home/airflow/.local/lib/python3.7/site-packages/airflow/example_dags/example_trigger_controller_dag.py
[2023-03-29T03:31:03.489+0000] {processor.py:753} INFO - DAG(s) dict_keys(['example_trigger_controller_dag']) retrieved from /home/airflow/.local/lib/python3.7/site-packages/airflow/example_dags/example_trigger_controller_dag.py
[2023-03-29T03:31:03.511+0000] {logging_mixin.py:137} INFO - [2023-03-29T03:31:03.511+0000] {dag.py:2693} INFO - Sync 1 DAGs
[2023-03-29T03:31:03.532+0000] {logging_mixin.py:137} INFO - [2023-03-29T03:31:03.531+0000] {dag.py:3444} INFO - Setting next_dagrun for example_trigger_controller_dag to 2021-01-01T00:00:00+00:00, run_after=2021-01-01T00:00:00+00:00
[2023-03-29T03:31:03.547+0000] {processor.py:175} INFO - Processing /home/airflow/.local/lib/python3.7/site-packages/airflow/example_dags/example_trigger_controller_dag.py took 0.073 seconds
[2023-03-29T03:31:33.917+0000] {processor.py:153} INFO - Started process (PID=549) to work on /home/airflow/.local/lib/python3.7/site-packages/airflow/example_dags/example_trigger_controller_dag.py
[2023-03-29T03:31:33.919+0000] {processor.py:743} INFO - Processing file /home/airflow/.local/lib/python3.7/site-packages/airflow/example_dags/example_trigger_controller_dag.py for tasks to queue
[2023-03-29T03:31:33.920+0000] {logging_mixin.py:137} INFO - [2023-03-29T03:31:33.920+0000] {dagbag.py:532} INFO - Filling up the DagBag from /home/airflow/.local/lib/python3.7/site-packages/airflow/example_dags/example_trigger_controller_dag.py
[2023-03-29T03:31:33.927+0000] {processor.py:753} INFO - DAG(s) dict_keys(['example_trigger_controller_dag']) retrieved from /home/airflow/.local/lib/python3.7/site-packages/airflow/example_dags/example_trigger_controller_dag.py
[2023-03-29T03:31:33.950+0000] {logging_mixin.py:137} INFO - [2023-03-29T03:31:33.950+0000] {dag.py:2693} INFO - Sync 1 DAGs
[2023-03-29T03:31:33.971+0000] {logging_mixin.py:137} INFO - [2023-03-29T03:31:33.970+0000] {dag.py:3444} INFO - Setting next_dagrun for example_trigger_controller_dag to 2021-01-01T00:00:00+00:00, run_after=2021-01-01T00:00:00+00:00
[2023-03-29T03:31:33.984+0000] {processor.py:175} INFO - Processing /home/airflow/.local/lib/python3.7/site-packages/airflow/example_dags/example_trigger_controller_dag.py took 0.069 seconds
[2023-03-29T03:32:04.534+0000] {processor.py:153} INFO - Started process (PID=598) to work on /home/airflow/.local/lib/python3.7/site-packages/airflow/example_dags/example_trigger_controller_dag.py
[2023-03-29T03:32:04.535+0000] {processor.py:743} INFO - Processing file /home/airflow/.local/lib/python3.7/site-packages/airflow/example_dags/example_trigger_controller_dag.py for tasks to queue
[2023-03-29T03:32:04.536+0000] {logging_mixin.py:137} INFO - [2023-03-29T03:32:04.536+0000] {dagbag.py:532} INFO - Filling up the DagBag from /home/airflow/.local/lib/python3.7/site-packages/airflow/example_dags/example_trigger_controller_dag.py
[2023-03-29T03:32:04.544+0000] {processor.py:753} INFO - DAG(s) dict_keys(['example_trigger_controller_dag']) retrieved from /home/airflow/.local/lib/python3.7/site-packages/airflow/example_dags/example_trigger_controller_dag.py
[2023-03-29T03:32:04.563+0000] {logging_mixin.py:137} INFO - [2023-03-29T03:32:04.562+0000] {dag.py:2693} INFO - Sync 1 DAGs
[2023-03-29T03:32:04.579+0000] {logging_mixin.py:137} INFO - [2023-03-29T03:32:04.579+0000] {dag.py:3444} INFO - Setting next_dagrun for example_trigger_controller_dag to 2021-01-01T00:00:00+00:00, run_after=2021-01-01T00:00:00+00:00
[2023-03-29T03:32:04.599+0000] {processor.py:175} INFO - Processing /home/airflow/.local/lib/python3.7/site-packages/airflow/example_dags/example_trigger_controller_dag.py took 0.067 seconds
[2023-03-29T03:32:35.568+0000] {processor.py:153} INFO - Started process (PID=648) to work on /home/airflow/.local/lib/python3.7/site-packages/airflow/example_dags/example_trigger_controller_dag.py
[2023-03-29T03:32:35.570+0000] {processor.py:743} INFO - Processing file /home/airflow/.local/lib/python3.7/site-packages/airflow/example_dags/example_trigger_controller_dag.py for tasks to queue
[2023-03-29T03:32:35.571+0000] {logging_mixin.py:137} INFO - [2023-03-29T03:32:35.571+0000] {dagbag.py:532} INFO - Filling up the DagBag from /home/airflow/.local/lib/python3.7/site-packages/airflow/example_dags/example_trigger_controller_dag.py
[2023-03-29T03:32:35.579+0000] {processor.py:753} INFO - DAG(s) dict_keys(['example_trigger_controller_dag']) retrieved from /home/airflow/.local/lib/python3.7/site-packages/airflow/example_dags/example_trigger_controller_dag.py
[2023-03-29T03:32:35.598+0000] {logging_mixin.py:137} INFO - [2023-03-29T03:32:35.598+0000] {dag.py:2693} INFO - Sync 1 DAGs
[2023-03-29T03:32:35.615+0000] {logging_mixin.py:137} INFO - [2023-03-29T03:32:35.615+0000] {dag.py:3444} INFO - Setting next_dagrun for example_trigger_controller_dag to 2021-01-01T00:00:00+00:00, run_after=2021-01-01T00:00:00+00:00
[2023-03-29T03:32:35.630+0000] {processor.py:175} INFO - Processing /home/airflow/.local/lib/python3.7/site-packages/airflow/example_dags/example_trigger_controller_dag.py took 0.064 seconds
[2023-03-29T03:33:06.210+0000] {processor.py:153} INFO - Started process (PID=697) to work on /home/airflow/.local/lib/python3.7/site-packages/airflow/example_dags/example_trigger_controller_dag.py
[2023-03-29T03:33:06.212+0000] {processor.py:743} INFO - Processing file /home/airflow/.local/lib/python3.7/site-packages/airflow/example_dags/example_trigger_controller_dag.py for tasks to queue
[2023-03-29T03:33:06.214+0000] {logging_mixin.py:137} INFO - [2023-03-29T03:33:06.213+0000] {dagbag.py:532} INFO - Filling up the DagBag from /home/airflow/.local/lib/python3.7/site-packages/airflow/example_dags/example_trigger_controller_dag.py
[2023-03-29T03:33:06.221+0000] {processor.py:753} INFO - DAG(s) dict_keys(['example_trigger_controller_dag']) retrieved from /home/airflow/.local/lib/python3.7/site-packages/airflow/example_dags/example_trigger_controller_dag.py
[2023-03-29T03:33:06.239+0000] {logging_mixin.py:137} INFO - [2023-03-29T03:33:06.239+0000] {dag.py:2693} INFO - Sync 1 DAGs
[2023-03-29T03:33:06.255+0000] {logging_mixin.py:137} INFO - [2023-03-29T03:33:06.255+0000] {dag.py:3444} INFO - Setting next_dagrun for example_trigger_controller_dag to 2021-01-01T00:00:00+00:00, run_after=2021-01-01T00:00:00+00:00
[2023-03-29T03:33:06.267+0000] {processor.py:175} INFO - Processing /home/airflow/.local/lib/python3.7/site-packages/airflow/example_dags/example_trigger_controller_dag.py took 0.059 seconds
[2023-03-29T03:33:37.094+0000] {processor.py:153} INFO - Started process (PID=746) to work on /home/airflow/.local/lib/python3.7/site-packages/airflow/example_dags/example_trigger_controller_dag.py
[2023-03-29T03:33:37.098+0000] {processor.py:743} INFO - Processing file /home/airflow/.local/lib/python3.7/site-packages/airflow/example_dags/example_trigger_controller_dag.py for tasks to queue
[2023-03-29T03:33:37.100+0000] {logging_mixin.py:137} INFO - [2023-03-29T03:33:37.100+0000] {dagbag.py:532} INFO - Filling up the DagBag from /home/airflow/.local/lib/python3.7/site-packages/airflow/example_dags/example_trigger_controller_dag.py
[2023-03-29T03:33:37.114+0000] {processor.py:753} INFO - DAG(s) dict_keys(['example_trigger_controller_dag']) retrieved from /home/airflow/.local/lib/python3.7/site-packages/airflow/example_dags/example_trigger_controller_dag.py
[2023-03-29T03:33:37.133+0000] {logging_mixin.py:137} INFO - [2023-03-29T03:33:37.132+0000] {dag.py:2693} INFO - Sync 1 DAGs
[2023-03-29T03:33:37.150+0000] {logging_mixin.py:137} INFO - [2023-03-29T03:33:37.150+0000] {dag.py:3444} INFO - Setting next_dagrun for example_trigger_controller_dag to 2021-01-01T00:00:00+00:00, run_after=2021-01-01T00:00:00+00:00
[2023-03-29T03:33:37.163+0000] {processor.py:175} INFO - Processing /home/airflow/.local/lib/python3.7/site-packages/airflow/example_dags/example_trigger_controller_dag.py took 0.079 seconds
[2023-03-29T03:34:07.839+0000] {processor.py:153} INFO - Started process (PID=795) to work on /home/airflow/.local/lib/python3.7/site-packages/airflow/example_dags/example_trigger_controller_dag.py
[2023-03-29T03:34:07.841+0000] {processor.py:743} INFO - Processing file /home/airflow/.local/lib/python3.7/site-packages/airflow/example_dags/example_trigger_controller_dag.py for tasks to queue
[2023-03-29T03:34:07.842+0000] {logging_mixin.py:137} INFO - [2023-03-29T03:34:07.842+0000] {dagbag.py:532} INFO - Filling up the DagBag from /home/airflow/.local/lib/python3.7/site-packages/airflow/example_dags/example_trigger_controller_dag.py
[2023-03-29T03:34:07.851+0000] {processor.py:753} INFO - DAG(s) dict_keys(['example_trigger_controller_dag']) retrieved from /home/airflow/.local/lib/python3.7/site-packages/airflow/example_dags/example_trigger_controller_dag.py
[2023-03-29T03:34:07.870+0000] {logging_mixin.py:137} INFO - [2023-03-29T03:34:07.870+0000] {dag.py:2693} INFO - Sync 1 DAGs
[2023-03-29T03:34:07.890+0000] {logging_mixin.py:137} INFO - [2023-03-29T03:34:07.890+0000] {dag.py:3444} INFO - Setting next_dagrun for example_trigger_controller_dag to 2021-01-01T00:00:00+00:00, run_after=2021-01-01T00:00:00+00:00
[2023-03-29T03:34:07.905+0000] {processor.py:175} INFO - Processing /home/airflow/.local/lib/python3.7/site-packages/airflow/example_dags/example_trigger_controller_dag.py took 0.069 seconds
[2023-03-29T03:34:38.412+0000] {processor.py:153} INFO - Started process (PID=845) to work on /home/airflow/.local/lib/python3.7/site-packages/airflow/example_dags/example_trigger_controller_dag.py
[2023-03-29T03:34:38.413+0000] {processor.py:743} INFO - Processing file /home/airflow/.local/lib/python3.7/site-packages/airflow/example_dags/example_trigger_controller_dag.py for tasks to queue
[2023-03-29T03:34:38.414+0000] {logging_mixin.py:137} INFO - [2023-03-29T03:34:38.414+0000] {dagbag.py:532} INFO - Filling up the DagBag from /home/airflow/.local/lib/python3.7/site-packages/airflow/example_dags/example_trigger_controller_dag.py
[2023-03-29T03:34:38.422+0000] {processor.py:753} INFO - DAG(s) dict_keys(['example_trigger_controller_dag']) retrieved from /home/airflow/.local/lib/python3.7/site-packages/airflow/example_dags/example_trigger_controller_dag.py
[2023-03-29T03:34:38.441+0000] {logging_mixin.py:137} INFO - [2023-03-29T03:34:38.441+0000] {dag.py:2693} INFO - Sync 1 DAGs
[2023-03-29T03:34:38.461+0000] {logging_mixin.py:137} INFO - [2023-03-29T03:34:38.461+0000] {dag.py:3444} INFO - Setting next_dagrun for example_trigger_controller_dag to 2021-01-01T00:00:00+00:00, run_after=2021-01-01T00:00:00+00:00
[2023-03-29T03:34:38.474+0000] {processor.py:175} INFO - Processing /home/airflow/.local/lib/python3.7/site-packages/airflow/example_dags/example_trigger_controller_dag.py took 0.065 seconds
[2023-03-29T03:35:09.003+0000] {processor.py:153} INFO - Started process (PID=894) to work on /home/airflow/.local/lib/python3.7/site-packages/airflow/example_dags/example_trigger_controller_dag.py
[2023-03-29T03:35:09.005+0000] {processor.py:743} INFO - Processing file /home/airflow/.local/lib/python3.7/site-packages/airflow/example_dags/example_trigger_controller_dag.py for tasks to queue
[2023-03-29T03:35:09.006+0000] {logging_mixin.py:137} INFO - [2023-03-29T03:35:09.006+0000] {dagbag.py:532} INFO - Filling up the DagBag from /home/airflow/.local/lib/python3.7/site-packages/airflow/example_dags/example_trigger_controller_dag.py
[2023-03-29T03:35:09.015+0000] {processor.py:753} INFO - DAG(s) dict_keys(['example_trigger_controller_dag']) retrieved from /home/airflow/.local/lib/python3.7/site-packages/airflow/example_dags/example_trigger_controller_dag.py
[2023-03-29T03:35:09.038+0000] {logging_mixin.py:137} INFO - [2023-03-29T03:35:09.037+0000] {dag.py:2693} INFO - Sync 1 DAGs
[2023-03-29T03:35:09.067+0000] {logging_mixin.py:137} INFO - [2023-03-29T03:35:09.067+0000] {dag.py:3444} INFO - Setting next_dagrun for example_trigger_controller_dag to 2021-01-01T00:00:00+00:00, run_after=2021-01-01T00:00:00+00:00
[2023-03-29T03:35:09.082+0000] {processor.py:175} INFO - Processing /home/airflow/.local/lib/python3.7/site-packages/airflow/example_dags/example_trigger_controller_dag.py took 0.082 seconds
[2023-03-29T03:35:39.737+0000] {processor.py:153} INFO - Started process (PID=943) to work on /home/airflow/.local/lib/python3.7/site-packages/airflow/example_dags/example_trigger_controller_dag.py
[2023-03-29T03:35:39.739+0000] {processor.py:743} INFO - Processing file /home/airflow/.local/lib/python3.7/site-packages/airflow/example_dags/example_trigger_controller_dag.py for tasks to queue
[2023-03-29T03:35:39.740+0000] {logging_mixin.py:137} INFO - [2023-03-29T03:35:39.740+0000] {dagbag.py:532} INFO - Filling up the DagBag from /home/airflow/.local/lib/python3.7/site-packages/airflow/example_dags/example_trigger_controller_dag.py
[2023-03-29T03:35:39.748+0000] {processor.py:753} INFO - DAG(s) dict_keys(['example_trigger_controller_dag']) retrieved from /home/airflow/.local/lib/python3.7/site-packages/airflow/example_dags/example_trigger_controller_dag.py
[2023-03-29T03:35:39.772+0000] {logging_mixin.py:137} INFO - [2023-03-29T03:35:39.772+0000] {dag.py:2693} INFO - Sync 1 DAGs
[2023-03-29T03:35:39.812+0000] {logging_mixin.py:137} INFO - [2023-03-29T03:35:39.811+0000] {dag.py:3444} INFO - Setting next_dagrun for example_trigger_controller_dag to 2021-01-01T00:00:00+00:00, run_after=2021-01-01T00:00:00+00:00
[2023-03-29T03:35:39.859+0000] {processor.py:175} INFO - Processing /home/airflow/.local/lib/python3.7/site-packages/airflow/example_dags/example_trigger_controller_dag.py took 0.124 seconds
[2023-03-29T03:36:10.451+0000] {processor.py:153} INFO - Started process (PID=992) to work on /home/airflow/.local/lib/python3.7/site-packages/airflow/example_dags/example_trigger_controller_dag.py
[2023-03-29T03:36:10.452+0000] {processor.py:743} INFO - Processing file /home/airflow/.local/lib/python3.7/site-packages/airflow/example_dags/example_trigger_controller_dag.py for tasks to queue
[2023-03-29T03:36:10.453+0000] {logging_mixin.py:137} INFO - [2023-03-29T03:36:10.453+0000] {dagbag.py:532} INFO - Filling up the DagBag from /home/airflow/.local/lib/python3.7/site-packages/airflow/example_dags/example_trigger_controller_dag.py
[2023-03-29T03:36:10.461+0000] {processor.py:753} INFO - DAG(s) dict_keys(['example_trigger_controller_dag']) retrieved from /home/airflow/.local/lib/python3.7/site-packages/airflow/example_dags/example_trigger_controller_dag.py
[2023-03-29T03:36:10.481+0000] {logging_mixin.py:137} INFO - [2023-03-29T03:36:10.481+0000] {dag.py:2693} INFO - Sync 1 DAGs
[2023-03-29T03:36:10.499+0000] {logging_mixin.py:137} INFO - [2023-03-29T03:36:10.499+0000] {dag.py:3444} INFO - Setting next_dagrun for example_trigger_controller_dag to 2021-01-01T00:00:00+00:00, run_after=2021-01-01T00:00:00+00:00
[2023-03-29T03:36:10.512+0000] {processor.py:175} INFO - Processing /home/airflow/.local/lib/python3.7/site-packages/airflow/example_dags/example_trigger_controller_dag.py took 0.064 seconds
[2023-03-29T03:36:41.194+0000] {processor.py:153} INFO - Started process (PID=1042) to work on /home/airflow/.local/lib/python3.7/site-packages/airflow/example_dags/example_trigger_controller_dag.py
[2023-03-29T03:36:41.195+0000] {processor.py:743} INFO - Processing file /home/airflow/.local/lib/python3.7/site-packages/airflow/example_dags/example_trigger_controller_dag.py for tasks to queue
[2023-03-29T03:36:41.197+0000] {logging_mixin.py:137} INFO - [2023-03-29T03:36:41.197+0000] {dagbag.py:532} INFO - Filling up the DagBag from /home/airflow/.local/lib/python3.7/site-packages/airflow/example_dags/example_trigger_controller_dag.py
[2023-03-29T03:36:41.204+0000] {processor.py:753} INFO - DAG(s) dict_keys(['example_trigger_controller_dag']) retrieved from /home/airflow/.local/lib/python3.7/site-packages/airflow/example_dags/example_trigger_controller_dag.py
[2023-03-29T03:36:41.222+0000] {logging_mixin.py:137} INFO - [2023-03-29T03:36:41.222+0000] {dag.py:2693} INFO - Sync 1 DAGs
[2023-03-29T03:36:41.239+0000] {logging_mixin.py:137} INFO - [2023-03-29T03:36:41.239+0000] {dag.py:3444} INFO - Setting next_dagrun for example_trigger_controller_dag to 2021-01-01T00:00:00+00:00, run_after=2021-01-01T00:00:00+00:00
[2023-03-29T03:36:41.251+0000] {processor.py:175} INFO - Processing /home/airflow/.local/lib/python3.7/site-packages/airflow/example_dags/example_trigger_controller_dag.py took 0.059 seconds
[2023-03-29T03:37:11.878+0000] {processor.py:153} INFO - Started process (PID=1091) to work on /home/airflow/.local/lib/python3.7/site-packages/airflow/example_dags/example_trigger_controller_dag.py
[2023-03-29T03:37:11.882+0000] {processor.py:743} INFO - Processing file /home/airflow/.local/lib/python3.7/site-packages/airflow/example_dags/example_trigger_controller_dag.py for tasks to queue
[2023-03-29T03:37:11.885+0000] {logging_mixin.py:137} INFO - [2023-03-29T03:37:11.885+0000] {dagbag.py:532} INFO - Filling up the DagBag from /home/airflow/.local/lib/python3.7/site-packages/airflow/example_dags/example_trigger_controller_dag.py
[2023-03-29T03:37:11.893+0000] {processor.py:753} INFO - DAG(s) dict_keys(['example_trigger_controller_dag']) retrieved from /home/airflow/.local/lib/python3.7/site-packages/airflow/example_dags/example_trigger_controller_dag.py
[2023-03-29T03:37:11.913+0000] {logging_mixin.py:137} INFO - [2023-03-29T03:37:11.913+0000] {dag.py:2693} INFO - Sync 1 DAGs
[2023-03-29T03:37:11.933+0000] {logging_mixin.py:137} INFO - [2023-03-29T03:37:11.933+0000] {dag.py:3444} INFO - Setting next_dagrun for example_trigger_controller_dag to 2021-01-01T00:00:00+00:00, run_after=2021-01-01T00:00:00+00:00
[2023-03-29T03:37:11.945+0000] {processor.py:175} INFO - Processing /home/airflow/.local/lib/python3.7/site-packages/airflow/example_dags/example_trigger_controller_dag.py took 0.070 seconds
[2023-03-29T03:37:42.489+0000] {processor.py:153} INFO - Started process (PID=1140) to work on /home/airflow/.local/lib/python3.7/site-packages/airflow/example_dags/example_trigger_controller_dag.py
[2023-03-29T03:37:42.490+0000] {processor.py:743} INFO - Processing file /home/airflow/.local/lib/python3.7/site-packages/airflow/example_dags/example_trigger_controller_dag.py for tasks to queue
[2023-03-29T03:37:42.491+0000] {logging_mixin.py:137} INFO - [2023-03-29T03:37:42.491+0000] {dagbag.py:532} INFO - Filling up the DagBag from /home/airflow/.local/lib/python3.7/site-packages/airflow/example_dags/example_trigger_controller_dag.py
[2023-03-29T03:37:42.499+0000] {processor.py:753} INFO - DAG(s) dict_keys(['example_trigger_controller_dag']) retrieved from /home/airflow/.local/lib/python3.7/site-packages/airflow/example_dags/example_trigger_controller_dag.py
[2023-03-29T03:37:42.515+0000] {logging_mixin.py:137} INFO - [2023-03-29T03:37:42.515+0000] {dag.py:2693} INFO - Sync 1 DAGs
[2023-03-29T03:37:42.535+0000] {logging_mixin.py:137} INFO - [2023-03-29T03:37:42.535+0000] {dag.py:3444} INFO - Setting next_dagrun for example_trigger_controller_dag to 2021-01-01T00:00:00+00:00, run_after=2021-01-01T00:00:00+00:00
[2023-03-29T03:37:42.547+0000] {processor.py:175} INFO - Processing /home/airflow/.local/lib/python3.7/site-packages/airflow/example_dags/example_trigger_controller_dag.py took 0.061 seconds
[2023-03-29T03:38:13.050+0000] {processor.py:153} INFO - Started process (PID=1189) to work on /home/airflow/.local/lib/python3.7/site-packages/airflow/example_dags/example_trigger_controller_dag.py
[2023-03-29T03:38:13.052+0000] {processor.py:743} INFO - Processing file /home/airflow/.local/lib/python3.7/site-packages/airflow/example_dags/example_trigger_controller_dag.py for tasks to queue
[2023-03-29T03:38:13.053+0000] {logging_mixin.py:137} INFO - [2023-03-29T03:38:13.052+0000] {dagbag.py:532} INFO - Filling up the DagBag from /home/airflow/.local/lib/python3.7/site-packages/airflow/example_dags/example_trigger_controller_dag.py
[2023-03-29T03:38:13.060+0000] {processor.py:753} INFO - DAG(s) dict_keys(['example_trigger_controller_dag']) retrieved from /home/airflow/.local/lib/python3.7/site-packages/airflow/example_dags/example_trigger_controller_dag.py
[2023-03-29T03:38:13.083+0000] {logging_mixin.py:137} INFO - [2023-03-29T03:38:13.082+0000] {dag.py:2693} INFO - Sync 1 DAGs
[2023-03-29T03:38:13.101+0000] {logging_mixin.py:137} INFO - [2023-03-29T03:38:13.101+0000] {dag.py:3444} INFO - Setting next_dagrun for example_trigger_controller_dag to 2021-01-01T00:00:00+00:00, run_after=2021-01-01T00:00:00+00:00
[2023-03-29T03:38:13.113+0000] {processor.py:175} INFO - Processing /home/airflow/.local/lib/python3.7/site-packages/airflow/example_dags/example_trigger_controller_dag.py took 0.065 seconds
[2023-03-29T03:38:43.708+0000] {processor.py:153} INFO - Started process (PID=1238) to work on /home/airflow/.local/lib/python3.7/site-packages/airflow/example_dags/example_trigger_controller_dag.py
[2023-03-29T03:38:43.709+0000] {processor.py:743} INFO - Processing file /home/airflow/.local/lib/python3.7/site-packages/airflow/example_dags/example_trigger_controller_dag.py for tasks to queue
[2023-03-29T03:38:43.711+0000] {logging_mixin.py:137} INFO - [2023-03-29T03:38:43.711+0000] {dagbag.py:532} INFO - Filling up the DagBag from /home/airflow/.local/lib/python3.7/site-packages/airflow/example_dags/example_trigger_controller_dag.py
[2023-03-29T03:38:43.719+0000] {processor.py:753} INFO - DAG(s) dict_keys(['example_trigger_controller_dag']) retrieved from /home/airflow/.local/lib/python3.7/site-packages/airflow/example_dags/example_trigger_controller_dag.py
[2023-03-29T03:38:43.742+0000] {logging_mixin.py:137} INFO - [2023-03-29T03:38:43.742+0000] {dag.py:2693} INFO - Sync 1 DAGs
[2023-03-29T03:38:43.764+0000] {logging_mixin.py:137} INFO - [2023-03-29T03:38:43.763+0000] {dag.py:3444} INFO - Setting next_dagrun for example_trigger_controller_dag to 2021-01-01T00:00:00+00:00, run_after=2021-01-01T00:00:00+00:00
[2023-03-29T03:38:43.776+0000] {processor.py:175} INFO - Processing /home/airflow/.local/lib/python3.7/site-packages/airflow/example_dags/example_trigger_controller_dag.py took 0.071 seconds
[2023-03-29T03:39:14.315+0000] {processor.py:153} INFO - Started process (PID=1288) to work on /home/airflow/.local/lib/python3.7/site-packages/airflow/example_dags/example_trigger_controller_dag.py
[2023-03-29T03:39:14.317+0000] {processor.py:743} INFO - Processing file /home/airflow/.local/lib/python3.7/site-packages/airflow/example_dags/example_trigger_controller_dag.py for tasks to queue
[2023-03-29T03:39:14.318+0000] {logging_mixin.py:137} INFO - [2023-03-29T03:39:14.318+0000] {dagbag.py:532} INFO - Filling up the DagBag from /home/airflow/.local/lib/python3.7/site-packages/airflow/example_dags/example_trigger_controller_dag.py
[2023-03-29T03:39:14.325+0000] {processor.py:753} INFO - DAG(s) dict_keys(['example_trigger_controller_dag']) retrieved from /home/airflow/.local/lib/python3.7/site-packages/airflow/example_dags/example_trigger_controller_dag.py
[2023-03-29T03:39:14.348+0000] {logging_mixin.py:137} INFO - [2023-03-29T03:39:14.348+0000] {dag.py:2693} INFO - Sync 1 DAGs
[2023-03-29T03:39:14.367+0000] {logging_mixin.py:137} INFO - [2023-03-29T03:39:14.367+0000] {dag.py:3444} INFO - Setting next_dagrun for example_trigger_controller_dag to 2021-01-01T00:00:00+00:00, run_after=2021-01-01T00:00:00+00:00
[2023-03-29T03:39:14.379+0000] {processor.py:175} INFO - Processing /home/airflow/.local/lib/python3.7/site-packages/airflow/example_dags/example_trigger_controller_dag.py took 0.066 seconds
[2023-03-29T03:39:44.885+0000] {processor.py:153} INFO - Started process (PID=1337) to work on /home/airflow/.local/lib/python3.7/site-packages/airflow/example_dags/example_trigger_controller_dag.py
[2023-03-29T03:39:44.887+0000] {processor.py:743} INFO - Processing file /home/airflow/.local/lib/python3.7/site-packages/airflow/example_dags/example_trigger_controller_dag.py for tasks to queue
[2023-03-29T03:39:44.888+0000] {logging_mixin.py:137} INFO - [2023-03-29T03:39:44.888+0000] {dagbag.py:532} INFO - Filling up the DagBag from /home/airflow/.local/lib/python3.7/site-packages/airflow/example_dags/example_trigger_controller_dag.py
[2023-03-29T03:39:44.896+0000] {processor.py:753} INFO - DAG(s) dict_keys(['example_trigger_controller_dag']) retrieved from /home/airflow/.local/lib/python3.7/site-packages/airflow/example_dags/example_trigger_controller_dag.py
[2023-03-29T03:39:44.915+0000] {logging_mixin.py:137} INFO - [2023-03-29T03:39:44.915+0000] {dag.py:2693} INFO - Sync 1 DAGs
[2023-03-29T03:39:44.932+0000] {logging_mixin.py:137} INFO - [2023-03-29T03:39:44.932+0000] {dag.py:3444} INFO - Setting next_dagrun for example_trigger_controller_dag to 2021-01-01T00:00:00+00:00, run_after=2021-01-01T00:00:00+00:00
[2023-03-29T03:39:44.944+0000] {processor.py:175} INFO - Processing /home/airflow/.local/lib/python3.7/site-packages/airflow/example_dags/example_trigger_controller_dag.py took 0.061 seconds
[2023-03-29T03:40:15.739+0000] {processor.py:153} INFO - Started process (PID=1386) to work on /home/airflow/.local/lib/python3.7/site-packages/airflow/example_dags/example_trigger_controller_dag.py
[2023-03-29T03:40:15.741+0000] {processor.py:743} INFO - Processing file /home/airflow/.local/lib/python3.7/site-packages/airflow/example_dags/example_trigger_controller_dag.py for tasks to queue
[2023-03-29T03:40:15.742+0000] {logging_mixin.py:137} INFO - [2023-03-29T03:40:15.742+0000] {dagbag.py:532} INFO - Filling up the DagBag from /home/airflow/.local/lib/python3.7/site-packages/airflow/example_dags/example_trigger_controller_dag.py
[2023-03-29T03:40:15.750+0000] {processor.py:753} INFO - DAG(s) dict_keys(['example_trigger_controller_dag']) retrieved from /home/airflow/.local/lib/python3.7/site-packages/airflow/example_dags/example_trigger_controller_dag.py
[2023-03-29T03:40:15.767+0000] {logging_mixin.py:137} INFO - [2023-03-29T03:40:15.767+0000] {dag.py:2693} INFO - Sync 1 DAGs
[2023-03-29T03:40:15.786+0000] {logging_mixin.py:137} INFO - [2023-03-29T03:40:15.786+0000] {dag.py:3444} INFO - Setting next_dagrun for example_trigger_controller_dag to 2021-01-01T00:00:00+00:00, run_after=2021-01-01T00:00:00+00:00
[2023-03-29T03:40:15.802+0000] {processor.py:175} INFO - Processing /home/airflow/.local/lib/python3.7/site-packages/airflow/example_dags/example_trigger_controller_dag.py took 0.066 seconds
[2023-03-29T03:40:46.449+0000] {processor.py:153} INFO - Started process (PID=1435) to work on /home/airflow/.local/lib/python3.7/site-packages/airflow/example_dags/example_trigger_controller_dag.py
[2023-03-29T03:40:46.457+0000] {processor.py:743} INFO - Processing file /home/airflow/.local/lib/python3.7/site-packages/airflow/example_dags/example_trigger_controller_dag.py for tasks to queue
[2023-03-29T03:40:46.473+0000] {logging_mixin.py:137} INFO - [2023-03-29T03:40:46.473+0000] {dagbag.py:532} INFO - Filling up the DagBag from /home/airflow/.local/lib/python3.7/site-packages/airflow/example_dags/example_trigger_controller_dag.py
[2023-03-29T03:40:46.500+0000] {processor.py:753} INFO - DAG(s) dict_keys(['example_trigger_controller_dag']) retrieved from /home/airflow/.local/lib/python3.7/site-packages/airflow/example_dags/example_trigger_controller_dag.py
[2023-03-29T03:40:46.532+0000] {logging_mixin.py:137} INFO - [2023-03-29T03:40:46.532+0000] {dag.py:2693} INFO - Sync 1 DAGs
[2023-03-29T03:40:46.551+0000] {logging_mixin.py:137} INFO - [2023-03-29T03:40:46.551+0000] {dag.py:3444} INFO - Setting next_dagrun for example_trigger_controller_dag to 2021-01-01T00:00:00+00:00, run_after=2021-01-01T00:00:00+00:00
[2023-03-29T03:40:46.568+0000] {processor.py:175} INFO - Processing /home/airflow/.local/lib/python3.7/site-packages/airflow/example_dags/example_trigger_controller_dag.py took 0.123 seconds
[2023-03-29T03:41:17.042+0000] {processor.py:153} INFO - Started process (PID=1484) to work on /home/airflow/.local/lib/python3.7/site-packages/airflow/example_dags/example_trigger_controller_dag.py
[2023-03-29T03:41:17.043+0000] {processor.py:743} INFO - Processing file /home/airflow/.local/lib/python3.7/site-packages/airflow/example_dags/example_trigger_controller_dag.py for tasks to queue
[2023-03-29T03:41:17.044+0000] {logging_mixin.py:137} INFO - [2023-03-29T03:41:17.044+0000] {dagbag.py:532} INFO - Filling up the DagBag from /home/airflow/.local/lib/python3.7/site-packages/airflow/example_dags/example_trigger_controller_dag.py
[2023-03-29T03:41:17.051+0000] {processor.py:753} INFO - DAG(s) dict_keys(['example_trigger_controller_dag']) retrieved from /home/airflow/.local/lib/python3.7/site-packages/airflow/example_dags/example_trigger_controller_dag.py
[2023-03-29T03:41:17.068+0000] {logging_mixin.py:137} INFO - [2023-03-29T03:41:17.068+0000] {dag.py:2693} INFO - Sync 1 DAGs
[2023-03-29T03:41:17.086+0000] {logging_mixin.py:137} INFO - [2023-03-29T03:41:17.086+0000] {dag.py:3444} INFO - Setting next_dagrun for example_trigger_controller_dag to 2021-01-01T00:00:00+00:00, run_after=2021-01-01T00:00:00+00:00
[2023-03-29T03:41:17.098+0000] {processor.py:175} INFO - Processing /home/airflow/.local/lib/python3.7/site-packages/airflow/example_dags/example_trigger_controller_dag.py took 0.059 seconds
[2023-03-29T03:41:47.805+0000] {processor.py:153} INFO - Started process (PID=1533) to work on /home/airflow/.local/lib/python3.7/site-packages/airflow/example_dags/example_trigger_controller_dag.py
[2023-03-29T03:41:47.806+0000] {processor.py:743} INFO - Processing file /home/airflow/.local/lib/python3.7/site-packages/airflow/example_dags/example_trigger_controller_dag.py for tasks to queue
[2023-03-29T03:41:47.807+0000] {logging_mixin.py:137} INFO - [2023-03-29T03:41:47.807+0000] {dagbag.py:532} INFO - Filling up the DagBag from /home/airflow/.local/lib/python3.7/site-packages/airflow/example_dags/example_trigger_controller_dag.py
[2023-03-29T03:41:47.815+0000] {processor.py:753} INFO - DAG(s) dict_keys(['example_trigger_controller_dag']) retrieved from /home/airflow/.local/lib/python3.7/site-packages/airflow/example_dags/example_trigger_controller_dag.py
[2023-03-29T03:41:47.833+0000] {logging_mixin.py:137} INFO - [2023-03-29T03:41:47.833+0000] {dag.py:2693} INFO - Sync 1 DAGs
[2023-03-29T03:41:47.848+0000] {logging_mixin.py:137} INFO - [2023-03-29T03:41:47.848+0000] {dag.py:3444} INFO - Setting next_dagrun for example_trigger_controller_dag to 2021-01-01T00:00:00+00:00, run_after=2021-01-01T00:00:00+00:00
[2023-03-29T03:41:47.859+0000] {processor.py:175} INFO - Processing /home/airflow/.local/lib/python3.7/site-packages/airflow/example_dags/example_trigger_controller_dag.py took 0.057 seconds
[2023-03-29T03:42:18.314+0000] {processor.py:153} INFO - Started process (PID=1584) to work on /home/airflow/.local/lib/python3.7/site-packages/airflow/example_dags/example_trigger_controller_dag.py
[2023-03-29T03:42:18.316+0000] {processor.py:743} INFO - Processing file /home/airflow/.local/lib/python3.7/site-packages/airflow/example_dags/example_trigger_controller_dag.py for tasks to queue
[2023-03-29T03:42:18.317+0000] {logging_mixin.py:137} INFO - [2023-03-29T03:42:18.317+0000] {dagbag.py:532} INFO - Filling up the DagBag from /home/airflow/.local/lib/python3.7/site-packages/airflow/example_dags/example_trigger_controller_dag.py
[2023-03-29T03:42:18.326+0000] {processor.py:753} INFO - DAG(s) dict_keys(['example_trigger_controller_dag']) retrieved from /home/airflow/.local/lib/python3.7/site-packages/airflow/example_dags/example_trigger_controller_dag.py
[2023-03-29T03:42:18.346+0000] {logging_mixin.py:137} INFO - [2023-03-29T03:42:18.346+0000] {dag.py:2693} INFO - Sync 1 DAGs
[2023-03-29T03:42:18.366+0000] {logging_mixin.py:137} INFO - [2023-03-29T03:42:18.365+0000] {dag.py:3444} INFO - Setting next_dagrun for example_trigger_controller_dag to 2021-01-01T00:00:00+00:00, run_after=2021-01-01T00:00:00+00:00
[2023-03-29T03:42:18.380+0000] {processor.py:175} INFO - Processing /home/airflow/.local/lib/python3.7/site-packages/airflow/example_dags/example_trigger_controller_dag.py took 0.067 seconds
[2023-03-29T03:42:48.891+0000] {processor.py:153} INFO - Started process (PID=1633) to work on /home/airflow/.local/lib/python3.7/site-packages/airflow/example_dags/example_trigger_controller_dag.py
[2023-03-29T03:42:48.893+0000] {processor.py:743} INFO - Processing file /home/airflow/.local/lib/python3.7/site-packages/airflow/example_dags/example_trigger_controller_dag.py for tasks to queue
[2023-03-29T03:42:48.893+0000] {logging_mixin.py:137} INFO - [2023-03-29T03:42:48.893+0000] {dagbag.py:532} INFO - Filling up the DagBag from /home/airflow/.local/lib/python3.7/site-packages/airflow/example_dags/example_trigger_controller_dag.py
[2023-03-29T03:42:48.900+0000] {processor.py:753} INFO - DAG(s) dict_keys(['example_trigger_controller_dag']) retrieved from /home/airflow/.local/lib/python3.7/site-packages/airflow/example_dags/example_trigger_controller_dag.py
[2023-03-29T03:42:48.918+0000] {logging_mixin.py:137} INFO - [2023-03-29T03:42:48.918+0000] {dag.py:2693} INFO - Sync 1 DAGs
[2023-03-29T03:42:48.940+0000] {logging_mixin.py:137} INFO - [2023-03-29T03:42:48.940+0000] {dag.py:3444} INFO - Setting next_dagrun for example_trigger_controller_dag to 2021-01-01T00:00:00+00:00, run_after=2021-01-01T00:00:00+00:00
[2023-03-29T03:42:48.951+0000] {processor.py:175} INFO - Processing /home/airflow/.local/lib/python3.7/site-packages/airflow/example_dags/example_trigger_controller_dag.py took 0.063 seconds
[2023-03-29T03:43:19.517+0000] {processor.py:153} INFO - Started process (PID=1682) to work on /home/airflow/.local/lib/python3.7/site-packages/airflow/example_dags/example_trigger_controller_dag.py
[2023-03-29T03:43:19.519+0000] {processor.py:743} INFO - Processing file /home/airflow/.local/lib/python3.7/site-packages/airflow/example_dags/example_trigger_controller_dag.py for tasks to queue
[2023-03-29T03:43:19.520+0000] {logging_mixin.py:137} INFO - [2023-03-29T03:43:19.520+0000] {dagbag.py:532} INFO - Filling up the DagBag from /home/airflow/.local/lib/python3.7/site-packages/airflow/example_dags/example_trigger_controller_dag.py
[2023-03-29T03:43:19.528+0000] {processor.py:753} INFO - DAG(s) dict_keys(['example_trigger_controller_dag']) retrieved from /home/airflow/.local/lib/python3.7/site-packages/airflow/example_dags/example_trigger_controller_dag.py
[2023-03-29T03:43:19.546+0000] {logging_mixin.py:137} INFO - [2023-03-29T03:43:19.546+0000] {dag.py:2693} INFO - Sync 1 DAGs
[2023-03-29T03:43:19.564+0000] {logging_mixin.py:137} INFO - [2023-03-29T03:43:19.564+0000] {dag.py:3444} INFO - Setting next_dagrun for example_trigger_controller_dag to 2021-01-01T00:00:00+00:00, run_after=2021-01-01T00:00:00+00:00
[2023-03-29T03:43:19.578+0000] {processor.py:175} INFO - Processing /home/airflow/.local/lib/python3.7/site-packages/airflow/example_dags/example_trigger_controller_dag.py took 0.063 seconds
[2023-03-29T03:43:50.448+0000] {processor.py:153} INFO - Started process (PID=1731) to work on /home/airflow/.local/lib/python3.7/site-packages/airflow/example_dags/example_trigger_controller_dag.py
[2023-03-29T03:43:50.451+0000] {processor.py:743} INFO - Processing file /home/airflow/.local/lib/python3.7/site-packages/airflow/example_dags/example_trigger_controller_dag.py for tasks to queue
[2023-03-29T03:43:50.452+0000] {logging_mixin.py:137} INFO - [2023-03-29T03:43:50.451+0000] {dagbag.py:532} INFO - Filling up the DagBag from /home/airflow/.local/lib/python3.7/site-packages/airflow/example_dags/example_trigger_controller_dag.py
[2023-03-29T03:43:50.460+0000] {processor.py:753} INFO - DAG(s) dict_keys(['example_trigger_controller_dag']) retrieved from /home/airflow/.local/lib/python3.7/site-packages/airflow/example_dags/example_trigger_controller_dag.py
[2023-03-29T03:43:50.479+0000] {logging_mixin.py:137} INFO - [2023-03-29T03:43:50.479+0000] {dag.py:2693} INFO - Sync 1 DAGs
[2023-03-29T03:43:50.497+0000] {logging_mixin.py:137} INFO - [2023-03-29T03:43:50.497+0000] {dag.py:3444} INFO - Setting next_dagrun for example_trigger_controller_dag to 2021-01-01T00:00:00+00:00, run_after=2021-01-01T00:00:00+00:00
[2023-03-29T03:43:50.509+0000] {processor.py:175} INFO - Processing /home/airflow/.local/lib/python3.7/site-packages/airflow/example_dags/example_trigger_controller_dag.py took 0.064 seconds
[2023-03-29T03:44:21.628+0000] {processor.py:153} INFO - Started process (PID=1787) to work on /home/airflow/.local/lib/python3.7/site-packages/airflow/example_dags/example_trigger_controller_dag.py
[2023-03-29T03:44:21.630+0000] {processor.py:743} INFO - Processing file /home/airflow/.local/lib/python3.7/site-packages/airflow/example_dags/example_trigger_controller_dag.py for tasks to queue
[2023-03-29T03:44:21.631+0000] {logging_mixin.py:137} INFO - [2023-03-29T03:44:21.631+0000] {dagbag.py:532} INFO - Filling up the DagBag from /home/airflow/.local/lib/python3.7/site-packages/airflow/example_dags/example_trigger_controller_dag.py
[2023-03-29T03:44:21.640+0000] {processor.py:753} INFO - DAG(s) dict_keys(['example_trigger_controller_dag']) retrieved from /home/airflow/.local/lib/python3.7/site-packages/airflow/example_dags/example_trigger_controller_dag.py
[2023-03-29T03:44:21.663+0000] {logging_mixin.py:137} INFO - [2023-03-29T03:44:21.663+0000] {dag.py:2693} INFO - Sync 1 DAGs
[2023-03-29T03:44:21.684+0000] {logging_mixin.py:137} INFO - [2023-03-29T03:44:21.684+0000] {dag.py:3444} INFO - Setting next_dagrun for example_trigger_controller_dag to 2021-01-01T00:00:00+00:00, run_after=2021-01-01T00:00:00+00:00
[2023-03-29T03:44:21.697+0000] {processor.py:175} INFO - Processing /home/airflow/.local/lib/python3.7/site-packages/airflow/example_dags/example_trigger_controller_dag.py took 0.073 seconds
[2023-03-29T03:44:52.464+0000] {processor.py:153} INFO - Started process (PID=1836) to work on /home/airflow/.local/lib/python3.7/site-packages/airflow/example_dags/example_trigger_controller_dag.py
[2023-03-29T03:44:52.467+0000] {processor.py:743} INFO - Processing file /home/airflow/.local/lib/python3.7/site-packages/airflow/example_dags/example_trigger_controller_dag.py for tasks to queue
[2023-03-29T03:44:52.470+0000] {logging_mixin.py:137} INFO - [2023-03-29T03:44:52.469+0000] {dagbag.py:532} INFO - Filling up the DagBag from /home/airflow/.local/lib/python3.7/site-packages/airflow/example_dags/example_trigger_controller_dag.py
[2023-03-29T03:44:52.486+0000] {processor.py:753} INFO - DAG(s) dict_keys(['example_trigger_controller_dag']) retrieved from /home/airflow/.local/lib/python3.7/site-packages/airflow/example_dags/example_trigger_controller_dag.py
[2023-03-29T03:44:52.517+0000] {logging_mixin.py:137} INFO - [2023-03-29T03:44:52.517+0000] {dag.py:2693} INFO - Sync 1 DAGs
[2023-03-29T03:44:52.547+0000] {logging_mixin.py:137} INFO - [2023-03-29T03:44:52.547+0000] {dag.py:3444} INFO - Setting next_dagrun for example_trigger_controller_dag to 2021-01-01T00:00:00+00:00, run_after=2021-01-01T00:00:00+00:00
[2023-03-29T03:44:52.566+0000] {processor.py:175} INFO - Processing /home/airflow/.local/lib/python3.7/site-packages/airflow/example_dags/example_trigger_controller_dag.py took 0.107 seconds
[2023-03-29T03:45:22.627+0000] {processor.py:153} INFO - Started process (PID=1885) to work on /home/airflow/.local/lib/python3.7/site-packages/airflow/example_dags/example_trigger_controller_dag.py
[2023-03-29T03:45:22.628+0000] {processor.py:743} INFO - Processing file /home/airflow/.local/lib/python3.7/site-packages/airflow/example_dags/example_trigger_controller_dag.py for tasks to queue
[2023-03-29T03:45:22.629+0000] {logging_mixin.py:137} INFO - [2023-03-29T03:45:22.629+0000] {dagbag.py:532} INFO - Filling up the DagBag from /home/airflow/.local/lib/python3.7/site-packages/airflow/example_dags/example_trigger_controller_dag.py
[2023-03-29T03:45:22.639+0000] {processor.py:753} INFO - DAG(s) dict_keys(['example_trigger_controller_dag']) retrieved from /home/airflow/.local/lib/python3.7/site-packages/airflow/example_dags/example_trigger_controller_dag.py
[2023-03-29T03:45:22.661+0000] {logging_mixin.py:137} INFO - [2023-03-29T03:45:22.661+0000] {dag.py:2693} INFO - Sync 1 DAGs
[2023-03-29T03:45:22.681+0000] {logging_mixin.py:137} INFO - [2023-03-29T03:45:22.681+0000] {dag.py:3444} INFO - Setting next_dagrun for example_trigger_controller_dag to 2021-01-01T00:00:00+00:00, run_after=2021-01-01T00:00:00+00:00
[2023-03-29T03:45:22.705+0000] {processor.py:175} INFO - Processing /home/airflow/.local/lib/python3.7/site-packages/airflow/example_dags/example_trigger_controller_dag.py took 0.082 seconds
[2023-03-29T03:45:52.934+0000] {processor.py:153} INFO - Started process (PID=1935) to work on /home/airflow/.local/lib/python3.7/site-packages/airflow/example_dags/example_trigger_controller_dag.py
[2023-03-29T03:45:52.935+0000] {processor.py:743} INFO - Processing file /home/airflow/.local/lib/python3.7/site-packages/airflow/example_dags/example_trigger_controller_dag.py for tasks to queue
[2023-03-29T03:45:52.936+0000] {logging_mixin.py:137} INFO - [2023-03-29T03:45:52.936+0000] {dagbag.py:532} INFO - Filling up the DagBag from /home/airflow/.local/lib/python3.7/site-packages/airflow/example_dags/example_trigger_controller_dag.py
[2023-03-29T03:45:52.944+0000] {processor.py:753} INFO - DAG(s) dict_keys(['example_trigger_controller_dag']) retrieved from /home/airflow/.local/lib/python3.7/site-packages/airflow/example_dags/example_trigger_controller_dag.py
[2023-03-29T03:45:52.961+0000] {logging_mixin.py:137} INFO - [2023-03-29T03:45:52.961+0000] {dag.py:2693} INFO - Sync 1 DAGs
[2023-03-29T03:45:52.978+0000] {logging_mixin.py:137} INFO - [2023-03-29T03:45:52.978+0000] {dag.py:3444} INFO - Setting next_dagrun for example_trigger_controller_dag to 2021-01-01T00:00:00+00:00, run_after=2021-01-01T00:00:00+00:00
[2023-03-29T03:45:52.993+0000] {processor.py:175} INFO - Processing /home/airflow/.local/lib/python3.7/site-packages/airflow/example_dags/example_trigger_controller_dag.py took 0.062 seconds
[2023-03-29T03:46:23.657+0000] {processor.py:153} INFO - Started process (PID=1984) to work on /home/airflow/.local/lib/python3.7/site-packages/airflow/example_dags/example_trigger_controller_dag.py
[2023-03-29T03:46:23.658+0000] {processor.py:743} INFO - Processing file /home/airflow/.local/lib/python3.7/site-packages/airflow/example_dags/example_trigger_controller_dag.py for tasks to queue
[2023-03-29T03:46:23.660+0000] {logging_mixin.py:137} INFO - [2023-03-29T03:46:23.659+0000] {dagbag.py:532} INFO - Filling up the DagBag from /home/airflow/.local/lib/python3.7/site-packages/airflow/example_dags/example_trigger_controller_dag.py
[2023-03-29T03:46:23.667+0000] {processor.py:753} INFO - DAG(s) dict_keys(['example_trigger_controller_dag']) retrieved from /home/airflow/.local/lib/python3.7/site-packages/airflow/example_dags/example_trigger_controller_dag.py
[2023-03-29T03:46:23.685+0000] {logging_mixin.py:137} INFO - [2023-03-29T03:46:23.685+0000] {dag.py:2693} INFO - Sync 1 DAGs
[2023-03-29T03:46:23.703+0000] {logging_mixin.py:137} INFO - [2023-03-29T03:46:23.703+0000] {dag.py:3444} INFO - Setting next_dagrun for example_trigger_controller_dag to 2021-01-01T00:00:00+00:00, run_after=2021-01-01T00:00:00+00:00
[2023-03-29T03:46:23.716+0000] {processor.py:175} INFO - Processing /home/airflow/.local/lib/python3.7/site-packages/airflow/example_dags/example_trigger_controller_dag.py took 0.062 seconds
[2023-03-29T03:46:54.264+0000] {processor.py:153} INFO - Started process (PID=2034) to work on /home/airflow/.local/lib/python3.7/site-packages/airflow/example_dags/example_trigger_controller_dag.py
[2023-03-29T03:46:54.266+0000] {processor.py:743} INFO - Processing file /home/airflow/.local/lib/python3.7/site-packages/airflow/example_dags/example_trigger_controller_dag.py for tasks to queue
[2023-03-29T03:46:54.267+0000] {logging_mixin.py:137} INFO - [2023-03-29T03:46:54.267+0000] {dagbag.py:532} INFO - Filling up the DagBag from /home/airflow/.local/lib/python3.7/site-packages/airflow/example_dags/example_trigger_controller_dag.py
[2023-03-29T03:46:54.275+0000] {processor.py:753} INFO - DAG(s) dict_keys(['example_trigger_controller_dag']) retrieved from /home/airflow/.local/lib/python3.7/site-packages/airflow/example_dags/example_trigger_controller_dag.py
[2023-03-29T03:46:54.293+0000] {logging_mixin.py:137} INFO - [2023-03-29T03:46:54.293+0000] {dag.py:2693} INFO - Sync 1 DAGs
[2023-03-29T03:46:54.310+0000] {logging_mixin.py:137} INFO - [2023-03-29T03:46:54.310+0000] {dag.py:3444} INFO - Setting next_dagrun for example_trigger_controller_dag to 2021-01-01T00:00:00+00:00, run_after=2021-01-01T00:00:00+00:00
[2023-03-29T03:46:54.322+0000] {processor.py:175} INFO - Processing /home/airflow/.local/lib/python3.7/site-packages/airflow/example_dags/example_trigger_controller_dag.py took 0.060 seconds
[2023-03-29T03:47:24.865+0000] {processor.py:153} INFO - Started process (PID=2084) to work on /home/airflow/.local/lib/python3.7/site-packages/airflow/example_dags/example_trigger_controller_dag.py
[2023-03-29T03:47:24.867+0000] {processor.py:743} INFO - Processing file /home/airflow/.local/lib/python3.7/site-packages/airflow/example_dags/example_trigger_controller_dag.py for tasks to queue
[2023-03-29T03:47:24.868+0000] {logging_mixin.py:137} INFO - [2023-03-29T03:47:24.868+0000] {dagbag.py:532} INFO - Filling up the DagBag from /home/airflow/.local/lib/python3.7/site-packages/airflow/example_dags/example_trigger_controller_dag.py
[2023-03-29T03:47:24.876+0000] {processor.py:753} INFO - DAG(s) dict_keys(['example_trigger_controller_dag']) retrieved from /home/airflow/.local/lib/python3.7/site-packages/airflow/example_dags/example_trigger_controller_dag.py
[2023-03-29T03:47:24.894+0000] {logging_mixin.py:137} INFO - [2023-03-29T03:47:24.894+0000] {dag.py:2693} INFO - Sync 1 DAGs
[2023-03-29T03:47:24.910+0000] {logging_mixin.py:137} INFO - [2023-03-29T03:47:24.910+0000] {dag.py:3444} INFO - Setting next_dagrun for example_trigger_controller_dag to 2021-01-01T00:00:00+00:00, run_after=2021-01-01T00:00:00+00:00
[2023-03-29T03:47:24.923+0000] {processor.py:175} INFO - Processing /home/airflow/.local/lib/python3.7/site-packages/airflow/example_dags/example_trigger_controller_dag.py took 0.060 seconds
