[2023-03-29T03:26:27.440+0000] {processor.py:153} INFO - Started process (PID=60) to work on /home/airflow/.local/lib/python3.7/site-packages/airflow/example_dags/example_short_circuit_operator.py
[2023-03-29T03:26:27.441+0000] {processor.py:743} INFO - Processing file /home/airflow/.local/lib/python3.7/site-packages/airflow/example_dags/example_short_circuit_operator.py for tasks to queue
[2023-03-29T03:26:27.443+0000] {logging_mixin.py:137} INFO - [2023-03-29T03:26:27.443+0000] {dagbag.py:532} INFO - Filling up the DagBag from /home/airflow/.local/lib/python3.7/site-packages/airflow/example_dags/example_short_circuit_operator.py
[2023-03-29T03:26:27.472+0000] {processor.py:753} INFO - DAG(s) dict_keys(['example_short_circuit_operator']) retrieved from /home/airflow/.local/lib/python3.7/site-packages/airflow/example_dags/example_short_circuit_operator.py
[2023-03-29T03:26:27.483+0000] {logging_mixin.py:137} INFO - [2023-03-29T03:26:27.483+0000] {dag.py:2693} INFO - Sync 1 DAGs
[2023-03-29T03:26:27.518+0000] {logging_mixin.py:137} INFO - [2023-03-29T03:26:27.517+0000] {dag.py:3444} INFO - Setting next_dagrun for example_short_circuit_operator to 2023-03-28T03:26:27.516475+00:00, run_after=2023-03-29T03:26:27.516475+00:00
[2023-03-29T03:26:27.547+0000] {processor.py:175} INFO - Processing /home/airflow/.local/lib/python3.7/site-packages/airflow/example_dags/example_short_circuit_operator.py took 0.111 seconds
[2023-03-29T03:26:57.864+0000] {processor.py:153} INFO - Started process (PID=109) to work on /home/airflow/.local/lib/python3.7/site-packages/airflow/example_dags/example_short_circuit_operator.py
[2023-03-29T03:26:57.865+0000] {processor.py:743} INFO - Processing file /home/airflow/.local/lib/python3.7/site-packages/airflow/example_dags/example_short_circuit_operator.py for tasks to queue
[2023-03-29T03:26:57.866+0000] {logging_mixin.py:137} INFO - [2023-03-29T03:26:57.866+0000] {dagbag.py:532} INFO - Filling up the DagBag from /home/airflow/.local/lib/python3.7/site-packages/airflow/example_dags/example_short_circuit_operator.py
[2023-03-29T03:26:57.876+0000] {processor.py:753} INFO - DAG(s) dict_keys(['example_short_circuit_operator']) retrieved from /home/airflow/.local/lib/python3.7/site-packages/airflow/example_dags/example_short_circuit_operator.py
[2023-03-29T03:26:57.894+0000] {logging_mixin.py:137} INFO - [2023-03-29T03:26:57.894+0000] {dag.py:2693} INFO - Sync 1 DAGs
[2023-03-29T03:26:57.909+0000] {logging_mixin.py:137} INFO - [2023-03-29T03:26:57.909+0000] {dag.py:3444} INFO - Setting next_dagrun for example_short_circuit_operator to 2023-03-28T03:26:57.908960+00:00, run_after=2023-03-29T03:26:57.908960+00:00
[2023-03-29T03:26:57.920+0000] {processor.py:175} INFO - Processing /home/airflow/.local/lib/python3.7/site-packages/airflow/example_dags/example_short_circuit_operator.py took 0.059 seconds
[2023-03-29T03:27:28.490+0000] {processor.py:153} INFO - Started process (PID=158) to work on /home/airflow/.local/lib/python3.7/site-packages/airflow/example_dags/example_short_circuit_operator.py
[2023-03-29T03:27:28.492+0000] {processor.py:743} INFO - Processing file /home/airflow/.local/lib/python3.7/site-packages/airflow/example_dags/example_short_circuit_operator.py for tasks to queue
[2023-03-29T03:27:28.493+0000] {logging_mixin.py:137} INFO - [2023-03-29T03:27:28.493+0000] {dagbag.py:532} INFO - Filling up the DagBag from /home/airflow/.local/lib/python3.7/site-packages/airflow/example_dags/example_short_circuit_operator.py
[2023-03-29T03:27:28.506+0000] {processor.py:753} INFO - DAG(s) dict_keys(['example_short_circuit_operator']) retrieved from /home/airflow/.local/lib/python3.7/site-packages/airflow/example_dags/example_short_circuit_operator.py
[2023-03-29T03:27:28.536+0000] {logging_mixin.py:137} INFO - [2023-03-29T03:27:28.536+0000] {dag.py:2693} INFO - Sync 1 DAGs
[2023-03-29T03:27:28.557+0000] {logging_mixin.py:137} INFO - [2023-03-29T03:27:28.557+0000] {dag.py:3444} INFO - Setting next_dagrun for example_short_circuit_operator to 2023-03-28T03:27:28.557530+00:00, run_after=2023-03-29T03:27:28.557530+00:00
[2023-03-29T03:27:28.571+0000] {processor.py:175} INFO - Processing /home/airflow/.local/lib/python3.7/site-packages/airflow/example_dags/example_short_circuit_operator.py took 0.085 seconds
[2023-03-29T03:27:59.079+0000] {processor.py:153} INFO - Started process (PID=207) to work on /home/airflow/.local/lib/python3.7/site-packages/airflow/example_dags/example_short_circuit_operator.py
[2023-03-29T03:27:59.081+0000] {processor.py:743} INFO - Processing file /home/airflow/.local/lib/python3.7/site-packages/airflow/example_dags/example_short_circuit_operator.py for tasks to queue
[2023-03-29T03:27:59.082+0000] {logging_mixin.py:137} INFO - [2023-03-29T03:27:59.082+0000] {dagbag.py:532} INFO - Filling up the DagBag from /home/airflow/.local/lib/python3.7/site-packages/airflow/example_dags/example_short_circuit_operator.py
[2023-03-29T03:27:59.092+0000] {processor.py:753} INFO - DAG(s) dict_keys(['example_short_circuit_operator']) retrieved from /home/airflow/.local/lib/python3.7/site-packages/airflow/example_dags/example_short_circuit_operator.py
[2023-03-29T03:27:59.112+0000] {logging_mixin.py:137} INFO - [2023-03-29T03:27:59.112+0000] {dag.py:2693} INFO - Sync 1 DAGs
[2023-03-29T03:27:59.130+0000] {logging_mixin.py:137} INFO - [2023-03-29T03:27:59.130+0000] {dag.py:3444} INFO - Setting next_dagrun for example_short_circuit_operator to 2023-03-28T03:27:59.130711+00:00, run_after=2023-03-29T03:27:59.130711+00:00
[2023-03-29T03:27:59.143+0000] {processor.py:175} INFO - Processing /home/airflow/.local/lib/python3.7/site-packages/airflow/example_dags/example_short_circuit_operator.py took 0.067 seconds
[2023-03-29T03:28:29.544+0000] {processor.py:153} INFO - Started process (PID=256) to work on /home/airflow/.local/lib/python3.7/site-packages/airflow/example_dags/example_short_circuit_operator.py
[2023-03-29T03:28:29.546+0000] {processor.py:743} INFO - Processing file /home/airflow/.local/lib/python3.7/site-packages/airflow/example_dags/example_short_circuit_operator.py for tasks to queue
[2023-03-29T03:28:29.547+0000] {logging_mixin.py:137} INFO - [2023-03-29T03:28:29.547+0000] {dagbag.py:532} INFO - Filling up the DagBag from /home/airflow/.local/lib/python3.7/site-packages/airflow/example_dags/example_short_circuit_operator.py
[2023-03-29T03:28:29.565+0000] {processor.py:753} INFO - DAG(s) dict_keys(['example_short_circuit_operator']) retrieved from /home/airflow/.local/lib/python3.7/site-packages/airflow/example_dags/example_short_circuit_operator.py
[2023-03-29T03:28:29.589+0000] {logging_mixin.py:137} INFO - [2023-03-29T03:28:29.589+0000] {dag.py:2693} INFO - Sync 1 DAGs
[2023-03-29T03:28:29.618+0000] {logging_mixin.py:137} INFO - [2023-03-29T03:28:29.618+0000] {dag.py:3444} INFO - Setting next_dagrun for example_short_circuit_operator to 2023-03-28T03:28:29.618539+00:00, run_after=2023-03-29T03:28:29.618539+00:00
[2023-03-29T03:28:29.634+0000] {processor.py:175} INFO - Processing /home/airflow/.local/lib/python3.7/site-packages/airflow/example_dags/example_short_circuit_operator.py took 0.092 seconds
[2023-03-29T03:29:00.160+0000] {processor.py:153} INFO - Started process (PID=305) to work on /home/airflow/.local/lib/python3.7/site-packages/airflow/example_dags/example_short_circuit_operator.py
[2023-03-29T03:29:00.162+0000] {processor.py:743} INFO - Processing file /home/airflow/.local/lib/python3.7/site-packages/airflow/example_dags/example_short_circuit_operator.py for tasks to queue
[2023-03-29T03:29:00.163+0000] {logging_mixin.py:137} INFO - [2023-03-29T03:29:00.163+0000] {dagbag.py:532} INFO - Filling up the DagBag from /home/airflow/.local/lib/python3.7/site-packages/airflow/example_dags/example_short_circuit_operator.py
[2023-03-29T03:29:00.175+0000] {processor.py:753} INFO - DAG(s) dict_keys(['example_short_circuit_operator']) retrieved from /home/airflow/.local/lib/python3.7/site-packages/airflow/example_dags/example_short_circuit_operator.py
[2023-03-29T03:29:00.196+0000] {logging_mixin.py:137} INFO - [2023-03-29T03:29:00.196+0000] {dag.py:2693} INFO - Sync 1 DAGs
[2023-03-29T03:29:00.213+0000] {logging_mixin.py:137} INFO - [2023-03-29T03:29:00.213+0000] {dag.py:3444} INFO - Setting next_dagrun for example_short_circuit_operator to 2023-03-28T03:29:00.213303+00:00, run_after=2023-03-29T03:29:00.213303+00:00
[2023-03-29T03:29:00.227+0000] {processor.py:175} INFO - Processing /home/airflow/.local/lib/python3.7/site-packages/airflow/example_dags/example_short_circuit_operator.py took 0.070 seconds
[2023-03-29T03:29:30.818+0000] {processor.py:153} INFO - Started process (PID=354) to work on /home/airflow/.local/lib/python3.7/site-packages/airflow/example_dags/example_short_circuit_operator.py
[2023-03-29T03:29:30.820+0000] {processor.py:743} INFO - Processing file /home/airflow/.local/lib/python3.7/site-packages/airflow/example_dags/example_short_circuit_operator.py for tasks to queue
[2023-03-29T03:29:30.821+0000] {logging_mixin.py:137} INFO - [2023-03-29T03:29:30.821+0000] {dagbag.py:532} INFO - Filling up the DagBag from /home/airflow/.local/lib/python3.7/site-packages/airflow/example_dags/example_short_circuit_operator.py
[2023-03-29T03:29:30.831+0000] {processor.py:753} INFO - DAG(s) dict_keys(['example_short_circuit_operator']) retrieved from /home/airflow/.local/lib/python3.7/site-packages/airflow/example_dags/example_short_circuit_operator.py
[2023-03-29T03:29:30.850+0000] {logging_mixin.py:137} INFO - [2023-03-29T03:29:30.850+0000] {dag.py:2693} INFO - Sync 1 DAGs
[2023-03-29T03:29:30.865+0000] {logging_mixin.py:137} INFO - [2023-03-29T03:29:30.865+0000] {dag.py:3444} INFO - Setting next_dagrun for example_short_circuit_operator to 2023-03-28T03:29:30.864978+00:00, run_after=2023-03-29T03:29:30.864978+00:00
[2023-03-29T03:29:30.875+0000] {processor.py:175} INFO - Processing /home/airflow/.local/lib/python3.7/site-packages/airflow/example_dags/example_short_circuit_operator.py took 0.059 seconds
[2023-03-29T03:30:01.928+0000] {processor.py:153} INFO - Started process (PID=403) to work on /home/airflow/.local/lib/python3.7/site-packages/airflow/example_dags/example_short_circuit_operator.py
[2023-03-29T03:30:01.929+0000] {processor.py:743} INFO - Processing file /home/airflow/.local/lib/python3.7/site-packages/airflow/example_dags/example_short_circuit_operator.py for tasks to queue
[2023-03-29T03:30:01.930+0000] {logging_mixin.py:137} INFO - [2023-03-29T03:30:01.930+0000] {dagbag.py:532} INFO - Filling up the DagBag from /home/airflow/.local/lib/python3.7/site-packages/airflow/example_dags/example_short_circuit_operator.py
[2023-03-29T03:30:01.943+0000] {processor.py:753} INFO - DAG(s) dict_keys(['example_short_circuit_operator']) retrieved from /home/airflow/.local/lib/python3.7/site-packages/airflow/example_dags/example_short_circuit_operator.py
[2023-03-29T03:30:01.964+0000] {logging_mixin.py:137} INFO - [2023-03-29T03:30:01.964+0000] {dag.py:2693} INFO - Sync 1 DAGs
[2023-03-29T03:30:01.983+0000] {logging_mixin.py:137} INFO - [2023-03-29T03:30:01.982+0000] {dag.py:3444} INFO - Setting next_dagrun for example_short_circuit_operator to 2023-03-28T03:30:01.982757+00:00, run_after=2023-03-29T03:30:01.982757+00:00
[2023-03-29T03:30:01.996+0000] {processor.py:175} INFO - Processing /home/airflow/.local/lib/python3.7/site-packages/airflow/example_dags/example_short_circuit_operator.py took 0.071 seconds
[2023-03-29T03:30:32.917+0000] {processor.py:153} INFO - Started process (PID=452) to work on /home/airflow/.local/lib/python3.7/site-packages/airflow/example_dags/example_short_circuit_operator.py
[2023-03-29T03:30:32.919+0000] {processor.py:743} INFO - Processing file /home/airflow/.local/lib/python3.7/site-packages/airflow/example_dags/example_short_circuit_operator.py for tasks to queue
[2023-03-29T03:30:32.920+0000] {logging_mixin.py:137} INFO - [2023-03-29T03:30:32.920+0000] {dagbag.py:532} INFO - Filling up the DagBag from /home/airflow/.local/lib/python3.7/site-packages/airflow/example_dags/example_short_circuit_operator.py
[2023-03-29T03:30:32.942+0000] {processor.py:753} INFO - DAG(s) dict_keys(['example_short_circuit_operator']) retrieved from /home/airflow/.local/lib/python3.7/site-packages/airflow/example_dags/example_short_circuit_operator.py
[2023-03-29T03:30:32.977+0000] {logging_mixin.py:137} INFO - [2023-03-29T03:30:32.977+0000] {dag.py:2693} INFO - Sync 1 DAGs
[2023-03-29T03:30:33.007+0000] {logging_mixin.py:137} INFO - [2023-03-29T03:30:33.006+0000] {dag.py:3444} INFO - Setting next_dagrun for example_short_circuit_operator to 2023-03-28T03:30:33.005845+00:00, run_after=2023-03-29T03:30:33.005845+00:00
[2023-03-29T03:30:33.026+0000] {processor.py:175} INFO - Processing /home/airflow/.local/lib/python3.7/site-packages/airflow/example_dags/example_short_circuit_operator.py took 0.113 seconds
[2023-03-29T03:31:03.546+0000] {processor.py:153} INFO - Started process (PID=501) to work on /home/airflow/.local/lib/python3.7/site-packages/airflow/example_dags/example_short_circuit_operator.py
[2023-03-29T03:31:03.547+0000] {processor.py:743} INFO - Processing file /home/airflow/.local/lib/python3.7/site-packages/airflow/example_dags/example_short_circuit_operator.py for tasks to queue
[2023-03-29T03:31:03.548+0000] {logging_mixin.py:137} INFO - [2023-03-29T03:31:03.548+0000] {dagbag.py:532} INFO - Filling up the DagBag from /home/airflow/.local/lib/python3.7/site-packages/airflow/example_dags/example_short_circuit_operator.py
[2023-03-29T03:31:03.561+0000] {processor.py:753} INFO - DAG(s) dict_keys(['example_short_circuit_operator']) retrieved from /home/airflow/.local/lib/python3.7/site-packages/airflow/example_dags/example_short_circuit_operator.py
[2023-03-29T03:31:03.586+0000] {logging_mixin.py:137} INFO - [2023-03-29T03:31:03.585+0000] {dag.py:2693} INFO - Sync 1 DAGs
[2023-03-29T03:31:03.605+0000] {logging_mixin.py:137} INFO - [2023-03-29T03:31:03.605+0000] {dag.py:3444} INFO - Setting next_dagrun for example_short_circuit_operator to 2023-03-28T03:31:03.605642+00:00, run_after=2023-03-29T03:31:03.605642+00:00
[2023-03-29T03:31:03.622+0000] {processor.py:175} INFO - Processing /home/airflow/.local/lib/python3.7/site-packages/airflow/example_dags/example_short_circuit_operator.py took 0.081 seconds
[2023-03-29T03:31:33.964+0000] {processor.py:153} INFO - Started process (PID=550) to work on /home/airflow/.local/lib/python3.7/site-packages/airflow/example_dags/example_short_circuit_operator.py
[2023-03-29T03:31:33.965+0000] {processor.py:743} INFO - Processing file /home/airflow/.local/lib/python3.7/site-packages/airflow/example_dags/example_short_circuit_operator.py for tasks to queue
[2023-03-29T03:31:33.966+0000] {logging_mixin.py:137} INFO - [2023-03-29T03:31:33.966+0000] {dagbag.py:532} INFO - Filling up the DagBag from /home/airflow/.local/lib/python3.7/site-packages/airflow/example_dags/example_short_circuit_operator.py
[2023-03-29T03:31:33.980+0000] {processor.py:753} INFO - DAG(s) dict_keys(['example_short_circuit_operator']) retrieved from /home/airflow/.local/lib/python3.7/site-packages/airflow/example_dags/example_short_circuit_operator.py
[2023-03-29T03:31:34.001+0000] {logging_mixin.py:137} INFO - [2023-03-29T03:31:34.001+0000] {dag.py:2693} INFO - Sync 1 DAGs
[2023-03-29T03:31:34.017+0000] {logging_mixin.py:137} INFO - [2023-03-29T03:31:34.017+0000] {dag.py:3444} INFO - Setting next_dagrun for example_short_circuit_operator to 2023-03-28T03:31:34.017399+00:00, run_after=2023-03-29T03:31:34.017399+00:00
[2023-03-29T03:31:34.032+0000] {processor.py:175} INFO - Processing /home/airflow/.local/lib/python3.7/site-packages/airflow/example_dags/example_short_circuit_operator.py took 0.070 seconds
[2023-03-29T03:32:04.572+0000] {processor.py:153} INFO - Started process (PID=599) to work on /home/airflow/.local/lib/python3.7/site-packages/airflow/example_dags/example_short_circuit_operator.py
[2023-03-29T03:32:04.574+0000] {processor.py:743} INFO - Processing file /home/airflow/.local/lib/python3.7/site-packages/airflow/example_dags/example_short_circuit_operator.py for tasks to queue
[2023-03-29T03:32:04.575+0000] {logging_mixin.py:137} INFO - [2023-03-29T03:32:04.575+0000] {dagbag.py:532} INFO - Filling up the DagBag from /home/airflow/.local/lib/python3.7/site-packages/airflow/example_dags/example_short_circuit_operator.py
[2023-03-29T03:32:04.588+0000] {processor.py:753} INFO - DAG(s) dict_keys(['example_short_circuit_operator']) retrieved from /home/airflow/.local/lib/python3.7/site-packages/airflow/example_dags/example_short_circuit_operator.py
[2023-03-29T03:32:04.616+0000] {logging_mixin.py:137} INFO - [2023-03-29T03:32:04.616+0000] {dag.py:2693} INFO - Sync 1 DAGs
[2023-03-29T03:32:04.633+0000] {logging_mixin.py:137} INFO - [2023-03-29T03:32:04.633+0000] {dag.py:3444} INFO - Setting next_dagrun for example_short_circuit_operator to 2023-03-28T03:32:04.633700+00:00, run_after=2023-03-29T03:32:04.633700+00:00
[2023-03-29T03:32:04.646+0000] {processor.py:175} INFO - Processing /home/airflow/.local/lib/python3.7/site-packages/airflow/example_dags/example_short_circuit_operator.py took 0.076 seconds
[2023-03-29T03:32:35.631+0000] {processor.py:153} INFO - Started process (PID=649) to work on /home/airflow/.local/lib/python3.7/site-packages/airflow/example_dags/example_short_circuit_operator.py
[2023-03-29T03:32:35.633+0000] {processor.py:743} INFO - Processing file /home/airflow/.local/lib/python3.7/site-packages/airflow/example_dags/example_short_circuit_operator.py for tasks to queue
[2023-03-29T03:32:35.634+0000] {logging_mixin.py:137} INFO - [2023-03-29T03:32:35.634+0000] {dagbag.py:532} INFO - Filling up the DagBag from /home/airflow/.local/lib/python3.7/site-packages/airflow/example_dags/example_short_circuit_operator.py
[2023-03-29T03:32:35.645+0000] {processor.py:753} INFO - DAG(s) dict_keys(['example_short_circuit_operator']) retrieved from /home/airflow/.local/lib/python3.7/site-packages/airflow/example_dags/example_short_circuit_operator.py
[2023-03-29T03:32:35.664+0000] {logging_mixin.py:137} INFO - [2023-03-29T03:32:35.664+0000] {dag.py:2693} INFO - Sync 1 DAGs
[2023-03-29T03:32:35.686+0000] {logging_mixin.py:137} INFO - [2023-03-29T03:32:35.686+0000] {dag.py:3444} INFO - Setting next_dagrun for example_short_circuit_operator to 2023-03-28T03:32:35.685936+00:00, run_after=2023-03-29T03:32:35.685936+00:00
[2023-03-29T03:32:35.698+0000] {processor.py:175} INFO - Processing /home/airflow/.local/lib/python3.7/site-packages/airflow/example_dags/example_short_circuit_operator.py took 0.069 seconds
[2023-03-29T03:33:06.246+0000] {processor.py:153} INFO - Started process (PID=698) to work on /home/airflow/.local/lib/python3.7/site-packages/airflow/example_dags/example_short_circuit_operator.py
[2023-03-29T03:33:06.248+0000] {processor.py:743} INFO - Processing file /home/airflow/.local/lib/python3.7/site-packages/airflow/example_dags/example_short_circuit_operator.py for tasks to queue
[2023-03-29T03:33:06.249+0000] {logging_mixin.py:137} INFO - [2023-03-29T03:33:06.249+0000] {dagbag.py:532} INFO - Filling up the DagBag from /home/airflow/.local/lib/python3.7/site-packages/airflow/example_dags/example_short_circuit_operator.py
[2023-03-29T03:33:06.260+0000] {processor.py:753} INFO - DAG(s) dict_keys(['example_short_circuit_operator']) retrieved from /home/airflow/.local/lib/python3.7/site-packages/airflow/example_dags/example_short_circuit_operator.py
[2023-03-29T03:33:06.279+0000] {logging_mixin.py:137} INFO - [2023-03-29T03:33:06.279+0000] {dag.py:2693} INFO - Sync 1 DAGs
[2023-03-29T03:33:06.295+0000] {logging_mixin.py:137} INFO - [2023-03-29T03:33:06.295+0000] {dag.py:3444} INFO - Setting next_dagrun for example_short_circuit_operator to 2023-03-28T03:33:06.295378+00:00, run_after=2023-03-29T03:33:06.295378+00:00
[2023-03-29T03:33:06.308+0000] {processor.py:175} INFO - Processing /home/airflow/.local/lib/python3.7/site-packages/airflow/example_dags/example_short_circuit_operator.py took 0.064 seconds
[2023-03-29T03:33:37.163+0000] {processor.py:153} INFO - Started process (PID=747) to work on /home/airflow/.local/lib/python3.7/site-packages/airflow/example_dags/example_short_circuit_operator.py
[2023-03-29T03:33:37.164+0000] {processor.py:743} INFO - Processing file /home/airflow/.local/lib/python3.7/site-packages/airflow/example_dags/example_short_circuit_operator.py for tasks to queue
[2023-03-29T03:33:37.165+0000] {logging_mixin.py:137} INFO - [2023-03-29T03:33:37.165+0000] {dagbag.py:532} INFO - Filling up the DagBag from /home/airflow/.local/lib/python3.7/site-packages/airflow/example_dags/example_short_circuit_operator.py
[2023-03-29T03:33:37.177+0000] {processor.py:753} INFO - DAG(s) dict_keys(['example_short_circuit_operator']) retrieved from /home/airflow/.local/lib/python3.7/site-packages/airflow/example_dags/example_short_circuit_operator.py
[2023-03-29T03:33:37.200+0000] {logging_mixin.py:137} INFO - [2023-03-29T03:33:37.200+0000] {dag.py:2693} INFO - Sync 1 DAGs
[2023-03-29T03:33:37.217+0000] {logging_mixin.py:137} INFO - [2023-03-29T03:33:37.217+0000] {dag.py:3444} INFO - Setting next_dagrun for example_short_circuit_operator to 2023-03-28T03:33:37.216940+00:00, run_after=2023-03-29T03:33:37.216940+00:00
[2023-03-29T03:33:37.232+0000] {processor.py:175} INFO - Processing /home/airflow/.local/lib/python3.7/site-packages/airflow/example_dags/example_short_circuit_operator.py took 0.071 seconds
[2023-03-29T03:34:07.898+0000] {processor.py:153} INFO - Started process (PID=796) to work on /home/airflow/.local/lib/python3.7/site-packages/airflow/example_dags/example_short_circuit_operator.py
[2023-03-29T03:34:07.900+0000] {processor.py:743} INFO - Processing file /home/airflow/.local/lib/python3.7/site-packages/airflow/example_dags/example_short_circuit_operator.py for tasks to queue
[2023-03-29T03:34:07.901+0000] {logging_mixin.py:137} INFO - [2023-03-29T03:34:07.901+0000] {dagbag.py:532} INFO - Filling up the DagBag from /home/airflow/.local/lib/python3.7/site-packages/airflow/example_dags/example_short_circuit_operator.py
[2023-03-29T03:34:07.914+0000] {processor.py:753} INFO - DAG(s) dict_keys(['example_short_circuit_operator']) retrieved from /home/airflow/.local/lib/python3.7/site-packages/airflow/example_dags/example_short_circuit_operator.py
[2023-03-29T03:34:07.936+0000] {logging_mixin.py:137} INFO - [2023-03-29T03:34:07.936+0000] {dag.py:2693} INFO - Sync 1 DAGs
[2023-03-29T03:34:07.955+0000] {logging_mixin.py:137} INFO - [2023-03-29T03:34:07.955+0000] {dag.py:3444} INFO - Setting next_dagrun for example_short_circuit_operator to 2023-03-28T03:34:07.954939+00:00, run_after=2023-03-29T03:34:07.954939+00:00
[2023-03-29T03:34:07.968+0000] {processor.py:175} INFO - Processing /home/airflow/.local/lib/python3.7/site-packages/airflow/example_dags/example_short_circuit_operator.py took 0.072 seconds
[2023-03-29T03:34:38.451+0000] {processor.py:153} INFO - Started process (PID=846) to work on /home/airflow/.local/lib/python3.7/site-packages/airflow/example_dags/example_short_circuit_operator.py
[2023-03-29T03:34:38.453+0000] {processor.py:743} INFO - Processing file /home/airflow/.local/lib/python3.7/site-packages/airflow/example_dags/example_short_circuit_operator.py for tasks to queue
[2023-03-29T03:34:38.454+0000] {logging_mixin.py:137} INFO - [2023-03-29T03:34:38.454+0000] {dagbag.py:532} INFO - Filling up the DagBag from /home/airflow/.local/lib/python3.7/site-packages/airflow/example_dags/example_short_circuit_operator.py
[2023-03-29T03:34:38.465+0000] {processor.py:753} INFO - DAG(s) dict_keys(['example_short_circuit_operator']) retrieved from /home/airflow/.local/lib/python3.7/site-packages/airflow/example_dags/example_short_circuit_operator.py
[2023-03-29T03:34:38.484+0000] {logging_mixin.py:137} INFO - [2023-03-29T03:34:38.484+0000] {dag.py:2693} INFO - Sync 1 DAGs
[2023-03-29T03:34:38.504+0000] {logging_mixin.py:137} INFO - [2023-03-29T03:34:38.504+0000] {dag.py:3444} INFO - Setting next_dagrun for example_short_circuit_operator to 2023-03-28T03:34:38.504009+00:00, run_after=2023-03-29T03:34:38.504009+00:00
[2023-03-29T03:34:38.516+0000] {processor.py:175} INFO - Processing /home/airflow/.local/lib/python3.7/site-packages/airflow/example_dags/example_short_circuit_operator.py took 0.067 seconds
[2023-03-29T03:35:09.062+0000] {processor.py:153} INFO - Started process (PID=895) to work on /home/airflow/.local/lib/python3.7/site-packages/airflow/example_dags/example_short_circuit_operator.py
[2023-03-29T03:35:09.064+0000] {processor.py:743} INFO - Processing file /home/airflow/.local/lib/python3.7/site-packages/airflow/example_dags/example_short_circuit_operator.py for tasks to queue
[2023-03-29T03:35:09.066+0000] {logging_mixin.py:137} INFO - [2023-03-29T03:35:09.066+0000] {dagbag.py:532} INFO - Filling up the DagBag from /home/airflow/.local/lib/python3.7/site-packages/airflow/example_dags/example_short_circuit_operator.py
[2023-03-29T03:35:09.079+0000] {processor.py:753} INFO - DAG(s) dict_keys(['example_short_circuit_operator']) retrieved from /home/airflow/.local/lib/python3.7/site-packages/airflow/example_dags/example_short_circuit_operator.py
[2023-03-29T03:35:09.108+0000] {logging_mixin.py:137} INFO - [2023-03-29T03:35:09.108+0000] {dag.py:2693} INFO - Sync 1 DAGs
[2023-03-29T03:35:09.126+0000] {logging_mixin.py:137} INFO - [2023-03-29T03:35:09.126+0000] {dag.py:3444} INFO - Setting next_dagrun for example_short_circuit_operator to 2023-03-28T03:35:09.126302+00:00, run_after=2023-03-29T03:35:09.126302+00:00
[2023-03-29T03:35:09.139+0000] {processor.py:175} INFO - Processing /home/airflow/.local/lib/python3.7/site-packages/airflow/example_dags/example_short_circuit_operator.py took 0.080 seconds
[2023-03-29T03:35:39.874+0000] {processor.py:153} INFO - Started process (PID=944) to work on /home/airflow/.local/lib/python3.7/site-packages/airflow/example_dags/example_short_circuit_operator.py
[2023-03-29T03:35:39.876+0000] {processor.py:743} INFO - Processing file /home/airflow/.local/lib/python3.7/site-packages/airflow/example_dags/example_short_circuit_operator.py for tasks to queue
[2023-03-29T03:35:39.877+0000] {logging_mixin.py:137} INFO - [2023-03-29T03:35:39.877+0000] {dagbag.py:532} INFO - Filling up the DagBag from /home/airflow/.local/lib/python3.7/site-packages/airflow/example_dags/example_short_circuit_operator.py
[2023-03-29T03:35:39.893+0000] {processor.py:753} INFO - DAG(s) dict_keys(['example_short_circuit_operator']) retrieved from /home/airflow/.local/lib/python3.7/site-packages/airflow/example_dags/example_short_circuit_operator.py
[2023-03-29T03:35:39.914+0000] {logging_mixin.py:137} INFO - [2023-03-29T03:35:39.914+0000] {dag.py:2693} INFO - Sync 1 DAGs
[2023-03-29T03:35:39.931+0000] {logging_mixin.py:137} INFO - [2023-03-29T03:35:39.931+0000] {dag.py:3444} INFO - Setting next_dagrun for example_short_circuit_operator to 2023-03-28T03:35:39.931641+00:00, run_after=2023-03-29T03:35:39.931641+00:00
[2023-03-29T03:35:39.944+0000] {processor.py:175} INFO - Processing /home/airflow/.local/lib/python3.7/site-packages/airflow/example_dags/example_short_circuit_operator.py took 0.072 seconds
[2023-03-29T03:36:10.489+0000] {processor.py:153} INFO - Started process (PID=993) to work on /home/airflow/.local/lib/python3.7/site-packages/airflow/example_dags/example_short_circuit_operator.py
[2023-03-29T03:36:10.491+0000] {processor.py:743} INFO - Processing file /home/airflow/.local/lib/python3.7/site-packages/airflow/example_dags/example_short_circuit_operator.py for tasks to queue
[2023-03-29T03:36:10.492+0000] {logging_mixin.py:137} INFO - [2023-03-29T03:36:10.492+0000] {dagbag.py:532} INFO - Filling up the DagBag from /home/airflow/.local/lib/python3.7/site-packages/airflow/example_dags/example_short_circuit_operator.py
[2023-03-29T03:36:10.502+0000] {processor.py:753} INFO - DAG(s) dict_keys(['example_short_circuit_operator']) retrieved from /home/airflow/.local/lib/python3.7/site-packages/airflow/example_dags/example_short_circuit_operator.py
[2023-03-29T03:36:10.522+0000] {logging_mixin.py:137} INFO - [2023-03-29T03:36:10.522+0000] {dag.py:2693} INFO - Sync 1 DAGs
[2023-03-29T03:36:10.539+0000] {logging_mixin.py:137} INFO - [2023-03-29T03:36:10.539+0000] {dag.py:3444} INFO - Setting next_dagrun for example_short_circuit_operator to 2023-03-28T03:36:10.539162+00:00, run_after=2023-03-29T03:36:10.539162+00:00
[2023-03-29T03:36:10.550+0000] {processor.py:175} INFO - Processing /home/airflow/.local/lib/python3.7/site-packages/airflow/example_dags/example_short_circuit_operator.py took 0.063 seconds
[2023-03-29T03:36:41.239+0000] {processor.py:153} INFO - Started process (PID=1043) to work on /home/airflow/.local/lib/python3.7/site-packages/airflow/example_dags/example_short_circuit_operator.py
[2023-03-29T03:36:41.241+0000] {processor.py:743} INFO - Processing file /home/airflow/.local/lib/python3.7/site-packages/airflow/example_dags/example_short_circuit_operator.py for tasks to queue
[2023-03-29T03:36:41.242+0000] {logging_mixin.py:137} INFO - [2023-03-29T03:36:41.242+0000] {dagbag.py:532} INFO - Filling up the DagBag from /home/airflow/.local/lib/python3.7/site-packages/airflow/example_dags/example_short_circuit_operator.py
[2023-03-29T03:36:41.254+0000] {processor.py:753} INFO - DAG(s) dict_keys(['example_short_circuit_operator']) retrieved from /home/airflow/.local/lib/python3.7/site-packages/airflow/example_dags/example_short_circuit_operator.py
[2023-03-29T03:36:41.273+0000] {logging_mixin.py:137} INFO - [2023-03-29T03:36:41.273+0000] {dag.py:2693} INFO - Sync 1 DAGs
[2023-03-29T03:36:41.289+0000] {logging_mixin.py:137} INFO - [2023-03-29T03:36:41.289+0000] {dag.py:3444} INFO - Setting next_dagrun for example_short_circuit_operator to 2023-03-28T03:36:41.289464+00:00, run_after=2023-03-29T03:36:41.289464+00:00
[2023-03-29T03:36:41.301+0000] {processor.py:175} INFO - Processing /home/airflow/.local/lib/python3.7/site-packages/airflow/example_dags/example_short_circuit_operator.py took 0.065 seconds
[2023-03-29T03:37:11.926+0000] {processor.py:153} INFO - Started process (PID=1092) to work on /home/airflow/.local/lib/python3.7/site-packages/airflow/example_dags/example_short_circuit_operator.py
[2023-03-29T03:37:11.928+0000] {processor.py:743} INFO - Processing file /home/airflow/.local/lib/python3.7/site-packages/airflow/example_dags/example_short_circuit_operator.py for tasks to queue
[2023-03-29T03:37:11.929+0000] {logging_mixin.py:137} INFO - [2023-03-29T03:37:11.929+0000] {dagbag.py:532} INFO - Filling up the DagBag from /home/airflow/.local/lib/python3.7/site-packages/airflow/example_dags/example_short_circuit_operator.py
[2023-03-29T03:37:11.940+0000] {processor.py:753} INFO - DAG(s) dict_keys(['example_short_circuit_operator']) retrieved from /home/airflow/.local/lib/python3.7/site-packages/airflow/example_dags/example_short_circuit_operator.py
[2023-03-29T03:37:11.960+0000] {logging_mixin.py:137} INFO - [2023-03-29T03:37:11.960+0000] {dag.py:2693} INFO - Sync 1 DAGs
[2023-03-29T03:37:11.979+0000] {logging_mixin.py:137} INFO - [2023-03-29T03:37:11.979+0000] {dag.py:3444} INFO - Setting next_dagrun for example_short_circuit_operator to 2023-03-28T03:37:11.979297+00:00, run_after=2023-03-29T03:37:11.979297+00:00
[2023-03-29T03:37:11.994+0000] {processor.py:175} INFO - Processing /home/airflow/.local/lib/python3.7/site-packages/airflow/example_dags/example_short_circuit_operator.py took 0.070 seconds
[2023-03-29T03:37:42.537+0000] {processor.py:153} INFO - Started process (PID=1141) to work on /home/airflow/.local/lib/python3.7/site-packages/airflow/example_dags/example_short_circuit_operator.py
[2023-03-29T03:37:42.538+0000] {processor.py:743} INFO - Processing file /home/airflow/.local/lib/python3.7/site-packages/airflow/example_dags/example_short_circuit_operator.py for tasks to queue
[2023-03-29T03:37:42.539+0000] {logging_mixin.py:137} INFO - [2023-03-29T03:37:42.539+0000] {dagbag.py:532} INFO - Filling up the DagBag from /home/airflow/.local/lib/python3.7/site-packages/airflow/example_dags/example_short_circuit_operator.py
[2023-03-29T03:37:42.550+0000] {processor.py:753} INFO - DAG(s) dict_keys(['example_short_circuit_operator']) retrieved from /home/airflow/.local/lib/python3.7/site-packages/airflow/example_dags/example_short_circuit_operator.py
[2023-03-29T03:37:42.569+0000] {logging_mixin.py:137} INFO - [2023-03-29T03:37:42.569+0000] {dag.py:2693} INFO - Sync 1 DAGs
[2023-03-29T03:37:42.586+0000] {logging_mixin.py:137} INFO - [2023-03-29T03:37:42.586+0000] {dag.py:3444} INFO - Setting next_dagrun for example_short_circuit_operator to 2023-03-28T03:37:42.586020+00:00, run_after=2023-03-29T03:37:42.586020+00:00
[2023-03-29T03:37:42.599+0000] {processor.py:175} INFO - Processing /home/airflow/.local/lib/python3.7/site-packages/airflow/example_dags/example_short_circuit_operator.py took 0.065 seconds
[2023-03-29T03:38:13.095+0000] {processor.py:153} INFO - Started process (PID=1190) to work on /home/airflow/.local/lib/python3.7/site-packages/airflow/example_dags/example_short_circuit_operator.py
[2023-03-29T03:38:13.097+0000] {processor.py:743} INFO - Processing file /home/airflow/.local/lib/python3.7/site-packages/airflow/example_dags/example_short_circuit_operator.py for tasks to queue
[2023-03-29T03:38:13.098+0000] {logging_mixin.py:137} INFO - [2023-03-29T03:38:13.098+0000] {dagbag.py:532} INFO - Filling up the DagBag from /home/airflow/.local/lib/python3.7/site-packages/airflow/example_dags/example_short_circuit_operator.py
[2023-03-29T03:38:13.109+0000] {processor.py:753} INFO - DAG(s) dict_keys(['example_short_circuit_operator']) retrieved from /home/airflow/.local/lib/python3.7/site-packages/airflow/example_dags/example_short_circuit_operator.py
[2023-03-29T03:38:13.130+0000] {logging_mixin.py:137} INFO - [2023-03-29T03:38:13.130+0000] {dag.py:2693} INFO - Sync 1 DAGs
[2023-03-29T03:38:13.145+0000] {logging_mixin.py:137} INFO - [2023-03-29T03:38:13.145+0000] {dag.py:3444} INFO - Setting next_dagrun for example_short_circuit_operator to 2023-03-28T03:38:13.145077+00:00, run_after=2023-03-29T03:38:13.145077+00:00
[2023-03-29T03:38:13.158+0000] {processor.py:175} INFO - Processing /home/airflow/.local/lib/python3.7/site-packages/airflow/example_dags/example_short_circuit_operator.py took 0.065 seconds
[2023-03-29T03:38:43.766+0000] {processor.py:153} INFO - Started process (PID=1239) to work on /home/airflow/.local/lib/python3.7/site-packages/airflow/example_dags/example_short_circuit_operator.py
[2023-03-29T03:38:43.768+0000] {processor.py:743} INFO - Processing file /home/airflow/.local/lib/python3.7/site-packages/airflow/example_dags/example_short_circuit_operator.py for tasks to queue
[2023-03-29T03:38:43.769+0000] {logging_mixin.py:137} INFO - [2023-03-29T03:38:43.768+0000] {dagbag.py:532} INFO - Filling up the DagBag from /home/airflow/.local/lib/python3.7/site-packages/airflow/example_dags/example_short_circuit_operator.py
[2023-03-29T03:38:43.782+0000] {processor.py:753} INFO - DAG(s) dict_keys(['example_short_circuit_operator']) retrieved from /home/airflow/.local/lib/python3.7/site-packages/airflow/example_dags/example_short_circuit_operator.py
[2023-03-29T03:38:43.801+0000] {logging_mixin.py:137} INFO - [2023-03-29T03:38:43.801+0000] {dag.py:2693} INFO - Sync 1 DAGs
[2023-03-29T03:38:43.817+0000] {logging_mixin.py:137} INFO - [2023-03-29T03:38:43.817+0000] {dag.py:3444} INFO - Setting next_dagrun for example_short_circuit_operator to 2023-03-28T03:38:43.817642+00:00, run_after=2023-03-29T03:38:43.817642+00:00
[2023-03-29T03:38:43.830+0000] {processor.py:175} INFO - Processing /home/airflow/.local/lib/python3.7/site-packages/airflow/example_dags/example_short_circuit_operator.py took 0.067 seconds
[2023-03-29T03:39:14.362+0000] {processor.py:153} INFO - Started process (PID=1289) to work on /home/airflow/.local/lib/python3.7/site-packages/airflow/example_dags/example_short_circuit_operator.py
[2023-03-29T03:39:14.364+0000] {processor.py:743} INFO - Processing file /home/airflow/.local/lib/python3.7/site-packages/airflow/example_dags/example_short_circuit_operator.py for tasks to queue
[2023-03-29T03:39:14.366+0000] {logging_mixin.py:137} INFO - [2023-03-29T03:39:14.365+0000] {dagbag.py:532} INFO - Filling up the DagBag from /home/airflow/.local/lib/python3.7/site-packages/airflow/example_dags/example_short_circuit_operator.py
[2023-03-29T03:39:14.376+0000] {processor.py:753} INFO - DAG(s) dict_keys(['example_short_circuit_operator']) retrieved from /home/airflow/.local/lib/python3.7/site-packages/airflow/example_dags/example_short_circuit_operator.py
[2023-03-29T03:39:14.396+0000] {logging_mixin.py:137} INFO - [2023-03-29T03:39:14.396+0000] {dag.py:2693} INFO - Sync 1 DAGs
[2023-03-29T03:39:14.412+0000] {logging_mixin.py:137} INFO - [2023-03-29T03:39:14.412+0000] {dag.py:3444} INFO - Setting next_dagrun for example_short_circuit_operator to 2023-03-28T03:39:14.412740+00:00, run_after=2023-03-29T03:39:14.412740+00:00
[2023-03-29T03:39:14.427+0000] {processor.py:175} INFO - Processing /home/airflow/.local/lib/python3.7/site-packages/airflow/example_dags/example_short_circuit_operator.py took 0.067 seconds
[2023-03-29T03:39:44.927+0000] {processor.py:153} INFO - Started process (PID=1338) to work on /home/airflow/.local/lib/python3.7/site-packages/airflow/example_dags/example_short_circuit_operator.py
[2023-03-29T03:39:44.930+0000] {processor.py:743} INFO - Processing file /home/airflow/.local/lib/python3.7/site-packages/airflow/example_dags/example_short_circuit_operator.py for tasks to queue
[2023-03-29T03:39:44.931+0000] {logging_mixin.py:137} INFO - [2023-03-29T03:39:44.930+0000] {dagbag.py:532} INFO - Filling up the DagBag from /home/airflow/.local/lib/python3.7/site-packages/airflow/example_dags/example_short_circuit_operator.py
[2023-03-29T03:39:44.941+0000] {processor.py:753} INFO - DAG(s) dict_keys(['example_short_circuit_operator']) retrieved from /home/airflow/.local/lib/python3.7/site-packages/airflow/example_dags/example_short_circuit_operator.py
[2023-03-29T03:39:44.964+0000] {logging_mixin.py:137} INFO - [2023-03-29T03:39:44.964+0000] {dag.py:2693} INFO - Sync 1 DAGs
[2023-03-29T03:39:44.981+0000] {logging_mixin.py:137} INFO - [2023-03-29T03:39:44.981+0000] {dag.py:3444} INFO - Setting next_dagrun for example_short_circuit_operator to 2023-03-28T03:39:44.981737+00:00, run_after=2023-03-29T03:39:44.981737+00:00
[2023-03-29T03:39:44.994+0000] {processor.py:175} INFO - Processing /home/airflow/.local/lib/python3.7/site-packages/airflow/example_dags/example_short_circuit_operator.py took 0.070 seconds
[2023-03-29T03:40:15.794+0000] {processor.py:153} INFO - Started process (PID=1387) to work on /home/airflow/.local/lib/python3.7/site-packages/airflow/example_dags/example_short_circuit_operator.py
[2023-03-29T03:40:15.796+0000] {processor.py:743} INFO - Processing file /home/airflow/.local/lib/python3.7/site-packages/airflow/example_dags/example_short_circuit_operator.py for tasks to queue
[2023-03-29T03:40:15.797+0000] {logging_mixin.py:137} INFO - [2023-03-29T03:40:15.797+0000] {dagbag.py:532} INFO - Filling up the DagBag from /home/airflow/.local/lib/python3.7/site-packages/airflow/example_dags/example_short_circuit_operator.py
[2023-03-29T03:40:15.810+0000] {processor.py:753} INFO - DAG(s) dict_keys(['example_short_circuit_operator']) retrieved from /home/airflow/.local/lib/python3.7/site-packages/airflow/example_dags/example_short_circuit_operator.py
[2023-03-29T03:40:15.831+0000] {logging_mixin.py:137} INFO - [2023-03-29T03:40:15.831+0000] {dag.py:2693} INFO - Sync 1 DAGs
[2023-03-29T03:40:15.848+0000] {logging_mixin.py:137} INFO - [2023-03-29T03:40:15.848+0000] {dag.py:3444} INFO - Setting next_dagrun for example_short_circuit_operator to 2023-03-28T03:40:15.847992+00:00, run_after=2023-03-29T03:40:15.847992+00:00
[2023-03-29T03:40:15.863+0000] {processor.py:175} INFO - Processing /home/airflow/.local/lib/python3.7/site-packages/airflow/example_dags/example_short_circuit_operator.py took 0.071 seconds
[2023-03-29T03:40:46.564+0000] {processor.py:153} INFO - Started process (PID=1436) to work on /home/airflow/.local/lib/python3.7/site-packages/airflow/example_dags/example_short_circuit_operator.py
[2023-03-29T03:40:46.566+0000] {processor.py:743} INFO - Processing file /home/airflow/.local/lib/python3.7/site-packages/airflow/example_dags/example_short_circuit_operator.py for tasks to queue
[2023-03-29T03:40:46.567+0000] {logging_mixin.py:137} INFO - [2023-03-29T03:40:46.567+0000] {dagbag.py:532} INFO - Filling up the DagBag from /home/airflow/.local/lib/python3.7/site-packages/airflow/example_dags/example_short_circuit_operator.py
[2023-03-29T03:40:46.579+0000] {processor.py:753} INFO - DAG(s) dict_keys(['example_short_circuit_operator']) retrieved from /home/airflow/.local/lib/python3.7/site-packages/airflow/example_dags/example_short_circuit_operator.py
[2023-03-29T03:40:46.601+0000] {logging_mixin.py:137} INFO - [2023-03-29T03:40:46.601+0000] {dag.py:2693} INFO - Sync 1 DAGs
[2023-03-29T03:40:46.618+0000] {logging_mixin.py:137} INFO - [2023-03-29T03:40:46.618+0000] {dag.py:3444} INFO - Setting next_dagrun for example_short_circuit_operator to 2023-03-28T03:40:46.617960+00:00, run_after=2023-03-29T03:40:46.617960+00:00
[2023-03-29T03:40:46.632+0000] {processor.py:175} INFO - Processing /home/airflow/.local/lib/python3.7/site-packages/airflow/example_dags/example_short_circuit_operator.py took 0.070 seconds
[2023-03-29T03:41:17.089+0000] {processor.py:153} INFO - Started process (PID=1485) to work on /home/airflow/.local/lib/python3.7/site-packages/airflow/example_dags/example_short_circuit_operator.py
[2023-03-29T03:41:17.091+0000] {processor.py:743} INFO - Processing file /home/airflow/.local/lib/python3.7/site-packages/airflow/example_dags/example_short_circuit_operator.py for tasks to queue
[2023-03-29T03:41:17.092+0000] {logging_mixin.py:137} INFO - [2023-03-29T03:41:17.092+0000] {dagbag.py:532} INFO - Filling up the DagBag from /home/airflow/.local/lib/python3.7/site-packages/airflow/example_dags/example_short_circuit_operator.py
[2023-03-29T03:41:17.103+0000] {processor.py:753} INFO - DAG(s) dict_keys(['example_short_circuit_operator']) retrieved from /home/airflow/.local/lib/python3.7/site-packages/airflow/example_dags/example_short_circuit_operator.py
[2023-03-29T03:41:17.123+0000] {logging_mixin.py:137} INFO - [2023-03-29T03:41:17.123+0000] {dag.py:2693} INFO - Sync 1 DAGs
[2023-03-29T03:41:17.142+0000] {logging_mixin.py:137} INFO - [2023-03-29T03:41:17.142+0000] {dag.py:3444} INFO - Setting next_dagrun for example_short_circuit_operator to 2023-03-28T03:41:17.142292+00:00, run_after=2023-03-29T03:41:17.142292+00:00
[2023-03-29T03:41:17.155+0000] {processor.py:175} INFO - Processing /home/airflow/.local/lib/python3.7/site-packages/airflow/example_dags/example_short_circuit_operator.py took 0.069 seconds
[2023-03-29T03:41:47.881+0000] {processor.py:153} INFO - Started process (PID=1534) to work on /home/airflow/.local/lib/python3.7/site-packages/airflow/example_dags/example_short_circuit_operator.py
[2023-03-29T03:41:47.883+0000] {processor.py:743} INFO - Processing file /home/airflow/.local/lib/python3.7/site-packages/airflow/example_dags/example_short_circuit_operator.py for tasks to queue
[2023-03-29T03:41:47.884+0000] {logging_mixin.py:137} INFO - [2023-03-29T03:41:47.884+0000] {dagbag.py:532} INFO - Filling up the DagBag from /home/airflow/.local/lib/python3.7/site-packages/airflow/example_dags/example_short_circuit_operator.py
[2023-03-29T03:41:47.898+0000] {processor.py:753} INFO - DAG(s) dict_keys(['example_short_circuit_operator']) retrieved from /home/airflow/.local/lib/python3.7/site-packages/airflow/example_dags/example_short_circuit_operator.py
[2023-03-29T03:41:47.920+0000] {logging_mixin.py:137} INFO - [2023-03-29T03:41:47.920+0000] {dag.py:2693} INFO - Sync 1 DAGs
[2023-03-29T03:41:47.938+0000] {logging_mixin.py:137} INFO - [2023-03-29T03:41:47.938+0000] {dag.py:3444} INFO - Setting next_dagrun for example_short_circuit_operator to 2023-03-28T03:41:47.938116+00:00, run_after=2023-03-29T03:41:47.938116+00:00
[2023-03-29T03:41:47.949+0000] {processor.py:175} INFO - Processing /home/airflow/.local/lib/python3.7/site-packages/airflow/example_dags/example_short_circuit_operator.py took 0.071 seconds
[2023-03-29T03:42:18.361+0000] {processor.py:153} INFO - Started process (PID=1585) to work on /home/airflow/.local/lib/python3.7/site-packages/airflow/example_dags/example_short_circuit_operator.py
[2023-03-29T03:42:18.363+0000] {processor.py:743} INFO - Processing file /home/airflow/.local/lib/python3.7/site-packages/airflow/example_dags/example_short_circuit_operator.py for tasks to queue
[2023-03-29T03:42:18.364+0000] {logging_mixin.py:137} INFO - [2023-03-29T03:42:18.364+0000] {dagbag.py:532} INFO - Filling up the DagBag from /home/airflow/.local/lib/python3.7/site-packages/airflow/example_dags/example_short_circuit_operator.py
[2023-03-29T03:42:18.377+0000] {processor.py:753} INFO - DAG(s) dict_keys(['example_short_circuit_operator']) retrieved from /home/airflow/.local/lib/python3.7/site-packages/airflow/example_dags/example_short_circuit_operator.py
[2023-03-29T03:42:18.396+0000] {logging_mixin.py:137} INFO - [2023-03-29T03:42:18.396+0000] {dag.py:2693} INFO - Sync 1 DAGs
[2023-03-29T03:42:18.413+0000] {logging_mixin.py:137} INFO - [2023-03-29T03:42:18.413+0000] {dag.py:3444} INFO - Setting next_dagrun for example_short_circuit_operator to 2023-03-28T03:42:18.413177+00:00, run_after=2023-03-29T03:42:18.413177+00:00
[2023-03-29T03:42:18.426+0000] {processor.py:175} INFO - Processing /home/airflow/.local/lib/python3.7/site-packages/airflow/example_dags/example_short_circuit_operator.py took 0.067 seconds
[2023-03-29T03:42:48.935+0000] {processor.py:153} INFO - Started process (PID=1634) to work on /home/airflow/.local/lib/python3.7/site-packages/airflow/example_dags/example_short_circuit_operator.py
[2023-03-29T03:42:48.937+0000] {processor.py:743} INFO - Processing file /home/airflow/.local/lib/python3.7/site-packages/airflow/example_dags/example_short_circuit_operator.py for tasks to queue
[2023-03-29T03:42:48.938+0000] {logging_mixin.py:137} INFO - [2023-03-29T03:42:48.938+0000] {dagbag.py:532} INFO - Filling up the DagBag from /home/airflow/.local/lib/python3.7/site-packages/airflow/example_dags/example_short_circuit_operator.py
[2023-03-29T03:42:48.948+0000] {processor.py:753} INFO - DAG(s) dict_keys(['example_short_circuit_operator']) retrieved from /home/airflow/.local/lib/python3.7/site-packages/airflow/example_dags/example_short_circuit_operator.py
[2023-03-29T03:42:48.968+0000] {logging_mixin.py:137} INFO - [2023-03-29T03:42:48.968+0000] {dag.py:2693} INFO - Sync 1 DAGs
[2023-03-29T03:42:48.985+0000] {logging_mixin.py:137} INFO - [2023-03-29T03:42:48.984+0000] {dag.py:3444} INFO - Setting next_dagrun for example_short_circuit_operator to 2023-03-28T03:42:48.984842+00:00, run_after=2023-03-29T03:42:48.984842+00:00
[2023-03-29T03:42:49.000+0000] {processor.py:175} INFO - Processing /home/airflow/.local/lib/python3.7/site-packages/airflow/example_dags/example_short_circuit_operator.py took 0.067 seconds
[2023-03-29T03:43:19.568+0000] {processor.py:153} INFO - Started process (PID=1683) to work on /home/airflow/.local/lib/python3.7/site-packages/airflow/example_dags/example_short_circuit_operator.py
[2023-03-29T03:43:19.570+0000] {processor.py:743} INFO - Processing file /home/airflow/.local/lib/python3.7/site-packages/airflow/example_dags/example_short_circuit_operator.py for tasks to queue
[2023-03-29T03:43:19.571+0000] {logging_mixin.py:137} INFO - [2023-03-29T03:43:19.571+0000] {dagbag.py:532} INFO - Filling up the DagBag from /home/airflow/.local/lib/python3.7/site-packages/airflow/example_dags/example_short_circuit_operator.py
[2023-03-29T03:43:19.591+0000] {processor.py:753} INFO - DAG(s) dict_keys(['example_short_circuit_operator']) retrieved from /home/airflow/.local/lib/python3.7/site-packages/airflow/example_dags/example_short_circuit_operator.py
[2023-03-29T03:43:19.622+0000] {logging_mixin.py:137} INFO - [2023-03-29T03:43:19.622+0000] {dag.py:2693} INFO - Sync 1 DAGs
[2023-03-29T03:43:19.643+0000] {logging_mixin.py:137} INFO - [2023-03-29T03:43:19.643+0000] {dag.py:3444} INFO - Setting next_dagrun for example_short_circuit_operator to 2023-03-28T03:43:19.642902+00:00, run_after=2023-03-29T03:43:19.642902+00:00
[2023-03-29T03:43:19.657+0000] {processor.py:175} INFO - Processing /home/airflow/.local/lib/python3.7/site-packages/airflow/example_dags/example_short_circuit_operator.py took 0.091 seconds
[2023-03-29T03:43:50.490+0000] {processor.py:153} INFO - Started process (PID=1732) to work on /home/airflow/.local/lib/python3.7/site-packages/airflow/example_dags/example_short_circuit_operator.py
[2023-03-29T03:43:50.493+0000] {processor.py:743} INFO - Processing file /home/airflow/.local/lib/python3.7/site-packages/airflow/example_dags/example_short_circuit_operator.py for tasks to queue
[2023-03-29T03:43:50.494+0000] {logging_mixin.py:137} INFO - [2023-03-29T03:43:50.494+0000] {dagbag.py:532} INFO - Filling up the DagBag from /home/airflow/.local/lib/python3.7/site-packages/airflow/example_dags/example_short_circuit_operator.py
[2023-03-29T03:43:50.508+0000] {processor.py:753} INFO - DAG(s) dict_keys(['example_short_circuit_operator']) retrieved from /home/airflow/.local/lib/python3.7/site-packages/airflow/example_dags/example_short_circuit_operator.py
[2023-03-29T03:43:50.529+0000] {logging_mixin.py:137} INFO - [2023-03-29T03:43:50.529+0000] {dag.py:2693} INFO - Sync 1 DAGs
[2023-03-29T03:43:50.545+0000] {logging_mixin.py:137} INFO - [2023-03-29T03:43:50.545+0000] {dag.py:3444} INFO - Setting next_dagrun for example_short_circuit_operator to 2023-03-28T03:43:50.545170+00:00, run_after=2023-03-29T03:43:50.545170+00:00
[2023-03-29T03:43:50.559+0000] {processor.py:175} INFO - Processing /home/airflow/.local/lib/python3.7/site-packages/airflow/example_dags/example_short_circuit_operator.py took 0.071 seconds
[2023-03-29T03:44:21.683+0000] {processor.py:153} INFO - Started process (PID=1788) to work on /home/airflow/.local/lib/python3.7/site-packages/airflow/example_dags/example_short_circuit_operator.py
[2023-03-29T03:44:21.685+0000] {processor.py:743} INFO - Processing file /home/airflow/.local/lib/python3.7/site-packages/airflow/example_dags/example_short_circuit_operator.py for tasks to queue
[2023-03-29T03:44:21.685+0000] {logging_mixin.py:137} INFO - [2023-03-29T03:44:21.685+0000] {dagbag.py:532} INFO - Filling up the DagBag from /home/airflow/.local/lib/python3.7/site-packages/airflow/example_dags/example_short_circuit_operator.py
[2023-03-29T03:44:21.697+0000] {processor.py:753} INFO - DAG(s) dict_keys(['example_short_circuit_operator']) retrieved from /home/airflow/.local/lib/python3.7/site-packages/airflow/example_dags/example_short_circuit_operator.py
[2023-03-29T03:44:21.719+0000] {logging_mixin.py:137} INFO - [2023-03-29T03:44:21.719+0000] {dag.py:2693} INFO - Sync 1 DAGs
[2023-03-29T03:44:21.736+0000] {logging_mixin.py:137} INFO - [2023-03-29T03:44:21.736+0000] {dag.py:3444} INFO - Setting next_dagrun for example_short_circuit_operator to 2023-03-28T03:44:21.736596+00:00, run_after=2023-03-29T03:44:21.736596+00:00
[2023-03-29T03:44:21.750+0000] {processor.py:175} INFO - Processing /home/airflow/.local/lib/python3.7/site-packages/airflow/example_dags/example_short_circuit_operator.py took 0.070 seconds
[2023-03-29T03:44:52.524+0000] {processor.py:153} INFO - Started process (PID=1837) to work on /home/airflow/.local/lib/python3.7/site-packages/airflow/example_dags/example_short_circuit_operator.py
[2023-03-29T03:44:52.529+0000] {processor.py:743} INFO - Processing file /home/airflow/.local/lib/python3.7/site-packages/airflow/example_dags/example_short_circuit_operator.py for tasks to queue
[2023-03-29T03:44:52.531+0000] {logging_mixin.py:137} INFO - [2023-03-29T03:44:52.531+0000] {dagbag.py:532} INFO - Filling up the DagBag from /home/airflow/.local/lib/python3.7/site-packages/airflow/example_dags/example_short_circuit_operator.py
[2023-03-29T03:44:52.549+0000] {processor.py:753} INFO - DAG(s) dict_keys(['example_short_circuit_operator']) retrieved from /home/airflow/.local/lib/python3.7/site-packages/airflow/example_dags/example_short_circuit_operator.py
[2023-03-29T03:44:52.575+0000] {logging_mixin.py:137} INFO - [2023-03-29T03:44:52.575+0000] {dag.py:2693} INFO - Sync 1 DAGs
[2023-03-29T03:44:52.608+0000] {logging_mixin.py:137} INFO - [2023-03-29T03:44:52.607+0000] {dag.py:3444} INFO - Setting next_dagrun for example_short_circuit_operator to 2023-03-28T03:44:52.607549+00:00, run_after=2023-03-29T03:44:52.607549+00:00
[2023-03-29T03:44:52.631+0000] {processor.py:175} INFO - Processing /home/airflow/.local/lib/python3.7/site-packages/airflow/example_dags/example_short_circuit_operator.py took 0.112 seconds
[2023-03-29T03:45:22.679+0000] {processor.py:153} INFO - Started process (PID=1886) to work on /home/airflow/.local/lib/python3.7/site-packages/airflow/example_dags/example_short_circuit_operator.py
[2023-03-29T03:45:22.681+0000] {processor.py:743} INFO - Processing file /home/airflow/.local/lib/python3.7/site-packages/airflow/example_dags/example_short_circuit_operator.py for tasks to queue
[2023-03-29T03:45:22.683+0000] {logging_mixin.py:137} INFO - [2023-03-29T03:45:22.683+0000] {dagbag.py:532} INFO - Filling up the DagBag from /home/airflow/.local/lib/python3.7/site-packages/airflow/example_dags/example_short_circuit_operator.py
[2023-03-29T03:45:22.694+0000] {processor.py:753} INFO - DAG(s) dict_keys(['example_short_circuit_operator']) retrieved from /home/airflow/.local/lib/python3.7/site-packages/airflow/example_dags/example_short_circuit_operator.py
[2023-03-29T03:45:22.718+0000] {logging_mixin.py:137} INFO - [2023-03-29T03:45:22.718+0000] {dag.py:2693} INFO - Sync 1 DAGs
[2023-03-29T03:45:22.735+0000] {logging_mixin.py:137} INFO - [2023-03-29T03:45:22.735+0000] {dag.py:3444} INFO - Setting next_dagrun for example_short_circuit_operator to 2023-03-28T03:45:22.735393+00:00, run_after=2023-03-29T03:45:22.735393+00:00
[2023-03-29T03:45:22.747+0000] {processor.py:175} INFO - Processing /home/airflow/.local/lib/python3.7/site-packages/airflow/example_dags/example_short_circuit_operator.py took 0.071 seconds
[2023-03-29T03:45:52.989+0000] {processor.py:153} INFO - Started process (PID=1936) to work on /home/airflow/.local/lib/python3.7/site-packages/airflow/example_dags/example_short_circuit_operator.py
[2023-03-29T03:45:52.990+0000] {processor.py:743} INFO - Processing file /home/airflow/.local/lib/python3.7/site-packages/airflow/example_dags/example_short_circuit_operator.py for tasks to queue
[2023-03-29T03:45:52.991+0000] {logging_mixin.py:137} INFO - [2023-03-29T03:45:52.991+0000] {dagbag.py:532} INFO - Filling up the DagBag from /home/airflow/.local/lib/python3.7/site-packages/airflow/example_dags/example_short_circuit_operator.py
[2023-03-29T03:45:53.003+0000] {processor.py:753} INFO - DAG(s) dict_keys(['example_short_circuit_operator']) retrieved from /home/airflow/.local/lib/python3.7/site-packages/airflow/example_dags/example_short_circuit_operator.py
[2023-03-29T03:45:53.022+0000] {logging_mixin.py:137} INFO - [2023-03-29T03:45:53.022+0000] {dag.py:2693} INFO - Sync 1 DAGs
[2023-03-29T03:45:53.038+0000] {logging_mixin.py:137} INFO - [2023-03-29T03:45:53.038+0000] {dag.py:3444} INFO - Setting next_dagrun for example_short_circuit_operator to 2023-03-28T03:45:53.038283+00:00, run_after=2023-03-29T03:45:53.038283+00:00
[2023-03-29T03:45:53.051+0000] {processor.py:175} INFO - Processing /home/airflow/.local/lib/python3.7/site-packages/airflow/example_dags/example_short_circuit_operator.py took 0.064 seconds
[2023-03-29T03:46:23.707+0000] {processor.py:153} INFO - Started process (PID=1985) to work on /home/airflow/.local/lib/python3.7/site-packages/airflow/example_dags/example_short_circuit_operator.py
[2023-03-29T03:46:23.709+0000] {processor.py:743} INFO - Processing file /home/airflow/.local/lib/python3.7/site-packages/airflow/example_dags/example_short_circuit_operator.py for tasks to queue
[2023-03-29T03:46:23.710+0000] {logging_mixin.py:137} INFO - [2023-03-29T03:46:23.710+0000] {dagbag.py:532} INFO - Filling up the DagBag from /home/airflow/.local/lib/python3.7/site-packages/airflow/example_dags/example_short_circuit_operator.py
[2023-03-29T03:46:23.722+0000] {processor.py:753} INFO - DAG(s) dict_keys(['example_short_circuit_operator']) retrieved from /home/airflow/.local/lib/python3.7/site-packages/airflow/example_dags/example_short_circuit_operator.py
[2023-03-29T03:46:23.741+0000] {logging_mixin.py:137} INFO - [2023-03-29T03:46:23.741+0000] {dag.py:2693} INFO - Sync 1 DAGs
[2023-03-29T03:46:23.758+0000] {logging_mixin.py:137} INFO - [2023-03-29T03:46:23.758+0000] {dag.py:3444} INFO - Setting next_dagrun for example_short_circuit_operator to 2023-03-28T03:46:23.758260+00:00, run_after=2023-03-29T03:46:23.758260+00:00
[2023-03-29T03:46:23.770+0000] {processor.py:175} INFO - Processing /home/airflow/.local/lib/python3.7/site-packages/airflow/example_dags/example_short_circuit_operator.py took 0.065 seconds
[2023-03-29T03:46:54.311+0000] {processor.py:153} INFO - Started process (PID=2035) to work on /home/airflow/.local/lib/python3.7/site-packages/airflow/example_dags/example_short_circuit_operator.py
[2023-03-29T03:46:54.313+0000] {processor.py:743} INFO - Processing file /home/airflow/.local/lib/python3.7/site-packages/airflow/example_dags/example_short_circuit_operator.py for tasks to queue
[2023-03-29T03:46:54.314+0000] {logging_mixin.py:137} INFO - [2023-03-29T03:46:54.314+0000] {dagbag.py:532} INFO - Filling up the DagBag from /home/airflow/.local/lib/python3.7/site-packages/airflow/example_dags/example_short_circuit_operator.py
[2023-03-29T03:46:54.326+0000] {processor.py:753} INFO - DAG(s) dict_keys(['example_short_circuit_operator']) retrieved from /home/airflow/.local/lib/python3.7/site-packages/airflow/example_dags/example_short_circuit_operator.py
[2023-03-29T03:46:54.348+0000] {logging_mixin.py:137} INFO - [2023-03-29T03:46:54.348+0000] {dag.py:2693} INFO - Sync 1 DAGs
[2023-03-29T03:46:54.363+0000] {logging_mixin.py:137} INFO - [2023-03-29T03:46:54.363+0000] {dag.py:3444} INFO - Setting next_dagrun for example_short_circuit_operator to 2023-03-28T03:46:54.363386+00:00, run_after=2023-03-29T03:46:54.363386+00:00
[2023-03-29T03:46:54.375+0000] {processor.py:175} INFO - Processing /home/airflow/.local/lib/python3.7/site-packages/airflow/example_dags/example_short_circuit_operator.py took 0.066 seconds
[2023-03-29T03:47:24.930+0000] {processor.py:153} INFO - Started process (PID=2085) to work on /home/airflow/.local/lib/python3.7/site-packages/airflow/example_dags/example_short_circuit_operator.py
[2023-03-29T03:47:24.932+0000] {processor.py:743} INFO - Processing file /home/airflow/.local/lib/python3.7/site-packages/airflow/example_dags/example_short_circuit_operator.py for tasks to queue
[2023-03-29T03:47:24.935+0000] {logging_mixin.py:137} INFO - [2023-03-29T03:47:24.935+0000] {dagbag.py:532} INFO - Filling up the DagBag from /home/airflow/.local/lib/python3.7/site-packages/airflow/example_dags/example_short_circuit_operator.py
[2023-03-29T03:47:24.951+0000] {processor.py:753} INFO - DAG(s) dict_keys(['example_short_circuit_operator']) retrieved from /home/airflow/.local/lib/python3.7/site-packages/airflow/example_dags/example_short_circuit_operator.py
[2023-03-29T03:47:24.969+0000] {logging_mixin.py:137} INFO - [2023-03-29T03:47:24.969+0000] {dag.py:2693} INFO - Sync 1 DAGs
[2023-03-29T03:47:24.985+0000] {logging_mixin.py:137} INFO - [2023-03-29T03:47:24.985+0000] {dag.py:3444} INFO - Setting next_dagrun for example_short_circuit_operator to 2023-03-28T03:47:24.984949+00:00, run_after=2023-03-29T03:47:24.984949+00:00
[2023-03-29T03:47:24.997+0000] {processor.py:175} INFO - Processing /home/airflow/.local/lib/python3.7/site-packages/airflow/example_dags/example_short_circuit_operator.py took 0.069 seconds
