[2023-03-29T03:26:24.672+0000] {processor.py:153} INFO - Started process (PID=35) to work on /home/airflow/.local/lib/python3.7/site-packages/airflow/example_dags/example_nested_branch_dag.py
[2023-03-29T03:26:24.679+0000] {processor.py:743} INFO - Processing file /home/airflow/.local/lib/python3.7/site-packages/airflow/example_dags/example_nested_branch_dag.py for tasks to queue
[2023-03-29T03:26:24.681+0000] {logging_mixin.py:137} INFO - [2023-03-29T03:26:24.681+0000] {dagbag.py:532} INFO - Filling up the DagBag from /home/airflow/.local/lib/python3.7/site-packages/airflow/example_dags/example_nested_branch_dag.py
[2023-03-29T03:26:24.721+0000] {processor.py:753} INFO - DAG(s) dict_keys(['example_nested_branch_dag']) retrieved from /home/airflow/.local/lib/python3.7/site-packages/airflow/example_dags/example_nested_branch_dag.py
[2023-03-29T03:26:24.754+0000] {logging_mixin.py:137} INFO - [2023-03-29T03:26:24.754+0000] {dag.py:2693} INFO - Sync 1 DAGs
[2023-03-29T03:26:24.779+0000] {logging_mixin.py:137} INFO - [2023-03-29T03:26:24.779+0000] {dag.py:3444} INFO - Setting next_dagrun for example_nested_branch_dag to 2023-03-28T00:00:00+00:00, run_after=2023-03-29T00:00:00+00:00
[2023-03-29T03:26:24.806+0000] {processor.py:175} INFO - Processing /home/airflow/.local/lib/python3.7/site-packages/airflow/example_dags/example_nested_branch_dag.py took 0.137 seconds
[2023-03-29T03:26:55.524+0000] {processor.py:153} INFO - Started process (PID=84) to work on /home/airflow/.local/lib/python3.7/site-packages/airflow/example_dags/example_nested_branch_dag.py
[2023-03-29T03:26:55.527+0000] {processor.py:743} INFO - Processing file /home/airflow/.local/lib/python3.7/site-packages/airflow/example_dags/example_nested_branch_dag.py for tasks to queue
[2023-03-29T03:26:55.529+0000] {logging_mixin.py:137} INFO - [2023-03-29T03:26:55.529+0000] {dagbag.py:532} INFO - Filling up the DagBag from /home/airflow/.local/lib/python3.7/site-packages/airflow/example_dags/example_nested_branch_dag.py
[2023-03-29T03:26:55.557+0000] {processor.py:753} INFO - DAG(s) dict_keys(['example_nested_branch_dag']) retrieved from /home/airflow/.local/lib/python3.7/site-packages/airflow/example_dags/example_nested_branch_dag.py
[2023-03-29T03:26:55.585+0000] {logging_mixin.py:137} INFO - [2023-03-29T03:26:55.585+0000] {dag.py:2693} INFO - Sync 1 DAGs
[2023-03-29T03:26:55.621+0000] {logging_mixin.py:137} INFO - [2023-03-29T03:26:55.621+0000] {dag.py:3444} INFO - Setting next_dagrun for example_nested_branch_dag to 2023-03-28T00:00:00+00:00, run_after=2023-03-29T00:00:00+00:00
[2023-03-29T03:26:55.639+0000] {processor.py:175} INFO - Processing /home/airflow/.local/lib/python3.7/site-packages/airflow/example_dags/example_nested_branch_dag.py took 0.122 seconds
[2023-03-29T03:27:26.017+0000] {processor.py:153} INFO - Started process (PID=133) to work on /home/airflow/.local/lib/python3.7/site-packages/airflow/example_dags/example_nested_branch_dag.py
[2023-03-29T03:27:26.020+0000] {processor.py:743} INFO - Processing file /home/airflow/.local/lib/python3.7/site-packages/airflow/example_dags/example_nested_branch_dag.py for tasks to queue
[2023-03-29T03:27:26.023+0000] {logging_mixin.py:137} INFO - [2023-03-29T03:27:26.023+0000] {dagbag.py:532} INFO - Filling up the DagBag from /home/airflow/.local/lib/python3.7/site-packages/airflow/example_dags/example_nested_branch_dag.py
[2023-03-29T03:27:26.063+0000] {processor.py:753} INFO - DAG(s) dict_keys(['example_nested_branch_dag']) retrieved from /home/airflow/.local/lib/python3.7/site-packages/airflow/example_dags/example_nested_branch_dag.py
[2023-03-29T03:27:26.094+0000] {logging_mixin.py:137} INFO - [2023-03-29T03:27:26.093+0000] {dag.py:2693} INFO - Sync 1 DAGs
[2023-03-29T03:27:26.119+0000] {logging_mixin.py:137} INFO - [2023-03-29T03:27:26.118+0000] {dag.py:3444} INFO - Setting next_dagrun for example_nested_branch_dag to 2023-03-28T00:00:00+00:00, run_after=2023-03-29T00:00:00+00:00
[2023-03-29T03:27:26.137+0000] {processor.py:175} INFO - Processing /home/airflow/.local/lib/python3.7/site-packages/airflow/example_dags/example_nested_branch_dag.py took 0.129 seconds
[2023-03-29T03:27:56.820+0000] {processor.py:153} INFO - Started process (PID=182) to work on /home/airflow/.local/lib/python3.7/site-packages/airflow/example_dags/example_nested_branch_dag.py
[2023-03-29T03:27:56.822+0000] {processor.py:743} INFO - Processing file /home/airflow/.local/lib/python3.7/site-packages/airflow/example_dags/example_nested_branch_dag.py for tasks to queue
[2023-03-29T03:27:56.825+0000] {logging_mixin.py:137} INFO - [2023-03-29T03:27:56.824+0000] {dagbag.py:532} INFO - Filling up the DagBag from /home/airflow/.local/lib/python3.7/site-packages/airflow/example_dags/example_nested_branch_dag.py
[2023-03-29T03:27:56.862+0000] {processor.py:753} INFO - DAG(s) dict_keys(['example_nested_branch_dag']) retrieved from /home/airflow/.local/lib/python3.7/site-packages/airflow/example_dags/example_nested_branch_dag.py
[2023-03-29T03:27:56.891+0000] {logging_mixin.py:137} INFO - [2023-03-29T03:27:56.891+0000] {dag.py:2693} INFO - Sync 1 DAGs
[2023-03-29T03:27:56.912+0000] {logging_mixin.py:137} INFO - [2023-03-29T03:27:56.912+0000] {dag.py:3444} INFO - Setting next_dagrun for example_nested_branch_dag to 2023-03-28T00:00:00+00:00, run_after=2023-03-29T00:00:00+00:00
[2023-03-29T03:27:56.926+0000] {processor.py:175} INFO - Processing /home/airflow/.local/lib/python3.7/site-packages/airflow/example_dags/example_nested_branch_dag.py took 0.115 seconds
[2023-03-29T03:28:27.236+0000] {processor.py:153} INFO - Started process (PID=231) to work on /home/airflow/.local/lib/python3.7/site-packages/airflow/example_dags/example_nested_branch_dag.py
[2023-03-29T03:28:27.242+0000] {processor.py:743} INFO - Processing file /home/airflow/.local/lib/python3.7/site-packages/airflow/example_dags/example_nested_branch_dag.py for tasks to queue
[2023-03-29T03:28:27.247+0000] {logging_mixin.py:137} INFO - [2023-03-29T03:28:27.246+0000] {dagbag.py:532} INFO - Filling up the DagBag from /home/airflow/.local/lib/python3.7/site-packages/airflow/example_dags/example_nested_branch_dag.py
[2023-03-29T03:28:27.278+0000] {processor.py:753} INFO - DAG(s) dict_keys(['example_nested_branch_dag']) retrieved from /home/airflow/.local/lib/python3.7/site-packages/airflow/example_dags/example_nested_branch_dag.py
[2023-03-29T03:28:27.306+0000] {logging_mixin.py:137} INFO - [2023-03-29T03:28:27.306+0000] {dag.py:2693} INFO - Sync 1 DAGs
[2023-03-29T03:28:27.335+0000] {logging_mixin.py:137} INFO - [2023-03-29T03:28:27.335+0000] {dag.py:3444} INFO - Setting next_dagrun for example_nested_branch_dag to 2023-03-28T00:00:00+00:00, run_after=2023-03-29T00:00:00+00:00
[2023-03-29T03:28:27.351+0000] {processor.py:175} INFO - Processing /home/airflow/.local/lib/python3.7/site-packages/airflow/example_dags/example_nested_branch_dag.py took 0.121 seconds
[2023-03-29T03:28:57.797+0000] {processor.py:153} INFO - Started process (PID=280) to work on /home/airflow/.local/lib/python3.7/site-packages/airflow/example_dags/example_nested_branch_dag.py
[2023-03-29T03:28:57.799+0000] {processor.py:743} INFO - Processing file /home/airflow/.local/lib/python3.7/site-packages/airflow/example_dags/example_nested_branch_dag.py for tasks to queue
[2023-03-29T03:28:57.804+0000] {logging_mixin.py:137} INFO - [2023-03-29T03:28:57.804+0000] {dagbag.py:532} INFO - Filling up the DagBag from /home/airflow/.local/lib/python3.7/site-packages/airflow/example_dags/example_nested_branch_dag.py
[2023-03-29T03:28:57.832+0000] {processor.py:753} INFO - DAG(s) dict_keys(['example_nested_branch_dag']) retrieved from /home/airflow/.local/lib/python3.7/site-packages/airflow/example_dags/example_nested_branch_dag.py
[2023-03-29T03:28:57.859+0000] {logging_mixin.py:137} INFO - [2023-03-29T03:28:57.859+0000] {dag.py:2693} INFO - Sync 1 DAGs
[2023-03-29T03:28:57.894+0000] {logging_mixin.py:137} INFO - [2023-03-29T03:28:57.894+0000] {dag.py:3444} INFO - Setting next_dagrun for example_nested_branch_dag to 2023-03-28T00:00:00+00:00, run_after=2023-03-29T00:00:00+00:00
[2023-03-29T03:28:57.909+0000] {processor.py:175} INFO - Processing /home/airflow/.local/lib/python3.7/site-packages/airflow/example_dags/example_nested_branch_dag.py took 0.118 seconds
[2023-03-29T03:29:28.250+0000] {processor.py:153} INFO - Started process (PID=329) to work on /home/airflow/.local/lib/python3.7/site-packages/airflow/example_dags/example_nested_branch_dag.py
[2023-03-29T03:29:28.252+0000] {processor.py:743} INFO - Processing file /home/airflow/.local/lib/python3.7/site-packages/airflow/example_dags/example_nested_branch_dag.py for tasks to queue
[2023-03-29T03:29:28.256+0000] {logging_mixin.py:137} INFO - [2023-03-29T03:29:28.255+0000] {dagbag.py:532} INFO - Filling up the DagBag from /home/airflow/.local/lib/python3.7/site-packages/airflow/example_dags/example_nested_branch_dag.py
[2023-03-29T03:29:28.283+0000] {processor.py:753} INFO - DAG(s) dict_keys(['example_nested_branch_dag']) retrieved from /home/airflow/.local/lib/python3.7/site-packages/airflow/example_dags/example_nested_branch_dag.py
[2023-03-29T03:29:28.312+0000] {logging_mixin.py:137} INFO - [2023-03-29T03:29:28.312+0000] {dag.py:2693} INFO - Sync 1 DAGs
[2023-03-29T03:29:28.334+0000] {logging_mixin.py:137} INFO - [2023-03-29T03:29:28.334+0000] {dag.py:3444} INFO - Setting next_dagrun for example_nested_branch_dag to 2023-03-28T00:00:00+00:00, run_after=2023-03-29T00:00:00+00:00
[2023-03-29T03:29:28.348+0000] {processor.py:175} INFO - Processing /home/airflow/.local/lib/python3.7/site-packages/airflow/example_dags/example_nested_branch_dag.py took 0.103 seconds
[2023-03-29T03:29:58.977+0000] {processor.py:153} INFO - Started process (PID=378) to work on /home/airflow/.local/lib/python3.7/site-packages/airflow/example_dags/example_nested_branch_dag.py
[2023-03-29T03:29:58.980+0000] {processor.py:743} INFO - Processing file /home/airflow/.local/lib/python3.7/site-packages/airflow/example_dags/example_nested_branch_dag.py for tasks to queue
[2023-03-29T03:29:58.983+0000] {logging_mixin.py:137} INFO - [2023-03-29T03:29:58.982+0000] {dagbag.py:532} INFO - Filling up the DagBag from /home/airflow/.local/lib/python3.7/site-packages/airflow/example_dags/example_nested_branch_dag.py
[2023-03-29T03:29:59.024+0000] {processor.py:753} INFO - DAG(s) dict_keys(['example_nested_branch_dag']) retrieved from /home/airflow/.local/lib/python3.7/site-packages/airflow/example_dags/example_nested_branch_dag.py
[2023-03-29T03:29:59.058+0000] {logging_mixin.py:137} INFO - [2023-03-29T03:29:59.058+0000] {dag.py:2693} INFO - Sync 1 DAGs
[2023-03-29T03:29:59.084+0000] {logging_mixin.py:137} INFO - [2023-03-29T03:29:59.084+0000] {dag.py:3444} INFO - Setting next_dagrun for example_nested_branch_dag to 2023-03-28T00:00:00+00:00, run_after=2023-03-29T00:00:00+00:00
[2023-03-29T03:29:59.104+0000] {processor.py:175} INFO - Processing /home/airflow/.local/lib/python3.7/site-packages/airflow/example_dags/example_nested_branch_dag.py took 0.138 seconds
[2023-03-29T03:30:29.224+0000] {processor.py:153} INFO - Started process (PID=427) to work on /home/airflow/.local/lib/python3.7/site-packages/airflow/example_dags/example_nested_branch_dag.py
[2023-03-29T03:30:29.227+0000] {processor.py:743} INFO - Processing file /home/airflow/.local/lib/python3.7/site-packages/airflow/example_dags/example_nested_branch_dag.py for tasks to queue
[2023-03-29T03:30:29.228+0000] {logging_mixin.py:137} INFO - [2023-03-29T03:30:29.228+0000] {dagbag.py:532} INFO - Filling up the DagBag from /home/airflow/.local/lib/python3.7/site-packages/airflow/example_dags/example_nested_branch_dag.py
[2023-03-29T03:30:29.265+0000] {processor.py:753} INFO - DAG(s) dict_keys(['example_nested_branch_dag']) retrieved from /home/airflow/.local/lib/python3.7/site-packages/airflow/example_dags/example_nested_branch_dag.py
[2023-03-29T03:30:29.323+0000] {logging_mixin.py:137} INFO - [2023-03-29T03:30:29.323+0000] {dag.py:2693} INFO - Sync 1 DAGs
[2023-03-29T03:30:29.359+0000] {logging_mixin.py:137} INFO - [2023-03-29T03:30:29.359+0000] {dag.py:3444} INFO - Setting next_dagrun for example_nested_branch_dag to 2023-03-28T00:00:00+00:00, run_after=2023-03-29T00:00:00+00:00
[2023-03-29T03:30:29.383+0000] {processor.py:175} INFO - Processing /home/airflow/.local/lib/python3.7/site-packages/airflow/example_dags/example_nested_branch_dag.py took 0.174 seconds
[2023-03-29T03:31:00.386+0000] {processor.py:153} INFO - Started process (PID=476) to work on /home/airflow/.local/lib/python3.7/site-packages/airflow/example_dags/example_nested_branch_dag.py
[2023-03-29T03:31:00.387+0000] {processor.py:743} INFO - Processing file /home/airflow/.local/lib/python3.7/site-packages/airflow/example_dags/example_nested_branch_dag.py for tasks to queue
[2023-03-29T03:31:00.389+0000] {logging_mixin.py:137} INFO - [2023-03-29T03:31:00.389+0000] {dagbag.py:532} INFO - Filling up the DagBag from /home/airflow/.local/lib/python3.7/site-packages/airflow/example_dags/example_nested_branch_dag.py
[2023-03-29T03:31:00.429+0000] {processor.py:753} INFO - DAG(s) dict_keys(['example_nested_branch_dag']) retrieved from /home/airflow/.local/lib/python3.7/site-packages/airflow/example_dags/example_nested_branch_dag.py
[2023-03-29T03:31:00.484+0000] {logging_mixin.py:137} INFO - [2023-03-29T03:31:00.484+0000] {dag.py:2693} INFO - Sync 1 DAGs
[2023-03-29T03:31:00.631+0000] {logging_mixin.py:137} INFO - [2023-03-29T03:31:00.631+0000] {dag.py:3444} INFO - Setting next_dagrun for example_nested_branch_dag to 2023-03-28T00:00:00+00:00, run_after=2023-03-29T00:00:00+00:00
[2023-03-29T03:31:00.699+0000] {processor.py:175} INFO - Processing /home/airflow/.local/lib/python3.7/site-packages/airflow/example_dags/example_nested_branch_dag.py took 0.322 seconds
[2023-03-29T03:31:31.457+0000] {processor.py:153} INFO - Started process (PID=525) to work on /home/airflow/.local/lib/python3.7/site-packages/airflow/example_dags/example_nested_branch_dag.py
[2023-03-29T03:31:31.461+0000] {processor.py:743} INFO - Processing file /home/airflow/.local/lib/python3.7/site-packages/airflow/example_dags/example_nested_branch_dag.py for tasks to queue
[2023-03-29T03:31:31.463+0000] {logging_mixin.py:137} INFO - [2023-03-29T03:31:31.463+0000] {dagbag.py:532} INFO - Filling up the DagBag from /home/airflow/.local/lib/python3.7/site-packages/airflow/example_dags/example_nested_branch_dag.py
[2023-03-29T03:31:31.502+0000] {processor.py:753} INFO - DAG(s) dict_keys(['example_nested_branch_dag']) retrieved from /home/airflow/.local/lib/python3.7/site-packages/airflow/example_dags/example_nested_branch_dag.py
[2023-03-29T03:31:31.538+0000] {logging_mixin.py:137} INFO - [2023-03-29T03:31:31.538+0000] {dag.py:2693} INFO - Sync 1 DAGs
[2023-03-29T03:31:31.570+0000] {logging_mixin.py:137} INFO - [2023-03-29T03:31:31.570+0000] {dag.py:3444} INFO - Setting next_dagrun for example_nested_branch_dag to 2023-03-28T00:00:00+00:00, run_after=2023-03-29T00:00:00+00:00
[2023-03-29T03:31:31.623+0000] {processor.py:175} INFO - Processing /home/airflow/.local/lib/python3.7/site-packages/airflow/example_dags/example_nested_branch_dag.py took 0.176 seconds
[2023-03-29T03:32:02.254+0000] {processor.py:153} INFO - Started process (PID=574) to work on /home/airflow/.local/lib/python3.7/site-packages/airflow/example_dags/example_nested_branch_dag.py
[2023-03-29T03:32:02.257+0000] {processor.py:743} INFO - Processing file /home/airflow/.local/lib/python3.7/site-packages/airflow/example_dags/example_nested_branch_dag.py for tasks to queue
[2023-03-29T03:32:02.258+0000] {logging_mixin.py:137} INFO - [2023-03-29T03:32:02.258+0000] {dagbag.py:532} INFO - Filling up the DagBag from /home/airflow/.local/lib/python3.7/site-packages/airflow/example_dags/example_nested_branch_dag.py
[2023-03-29T03:32:02.289+0000] {processor.py:753} INFO - DAG(s) dict_keys(['example_nested_branch_dag']) retrieved from /home/airflow/.local/lib/python3.7/site-packages/airflow/example_dags/example_nested_branch_dag.py
[2023-03-29T03:32:02.334+0000] {logging_mixin.py:137} INFO - [2023-03-29T03:32:02.334+0000] {dag.py:2693} INFO - Sync 1 DAGs
[2023-03-29T03:32:02.374+0000] {logging_mixin.py:137} INFO - [2023-03-29T03:32:02.374+0000] {dag.py:3444} INFO - Setting next_dagrun for example_nested_branch_dag to 2023-03-28T00:00:00+00:00, run_after=2023-03-29T00:00:00+00:00
[2023-03-29T03:32:02.394+0000] {processor.py:175} INFO - Processing /home/airflow/.local/lib/python3.7/site-packages/airflow/example_dags/example_nested_branch_dag.py took 0.143 seconds
[2023-03-29T03:32:32.920+0000] {processor.py:153} INFO - Started process (PID=624) to work on /home/airflow/.local/lib/python3.7/site-packages/airflow/example_dags/example_nested_branch_dag.py
[2023-03-29T03:32:32.922+0000] {processor.py:743} INFO - Processing file /home/airflow/.local/lib/python3.7/site-packages/airflow/example_dags/example_nested_branch_dag.py for tasks to queue
[2023-03-29T03:32:32.924+0000] {logging_mixin.py:137} INFO - [2023-03-29T03:32:32.924+0000] {dagbag.py:532} INFO - Filling up the DagBag from /home/airflow/.local/lib/python3.7/site-packages/airflow/example_dags/example_nested_branch_dag.py
[2023-03-29T03:32:33.010+0000] {processor.py:753} INFO - DAG(s) dict_keys(['example_nested_branch_dag']) retrieved from /home/airflow/.local/lib/python3.7/site-packages/airflow/example_dags/example_nested_branch_dag.py
[2023-03-29T03:32:33.065+0000] {logging_mixin.py:137} INFO - [2023-03-29T03:32:33.064+0000] {dag.py:2693} INFO - Sync 1 DAGs
[2023-03-29T03:32:33.103+0000] {logging_mixin.py:137} INFO - [2023-03-29T03:32:33.103+0000] {dag.py:3444} INFO - Setting next_dagrun for example_nested_branch_dag to 2023-03-28T00:00:00+00:00, run_after=2023-03-29T00:00:00+00:00
[2023-03-29T03:32:33.123+0000] {processor.py:175} INFO - Processing /home/airflow/.local/lib/python3.7/site-packages/airflow/example_dags/example_nested_branch_dag.py took 0.213 seconds
[2023-03-29T03:33:03.968+0000] {processor.py:153} INFO - Started process (PID=673) to work on /home/airflow/.local/lib/python3.7/site-packages/airflow/example_dags/example_nested_branch_dag.py
[2023-03-29T03:33:03.971+0000] {processor.py:743} INFO - Processing file /home/airflow/.local/lib/python3.7/site-packages/airflow/example_dags/example_nested_branch_dag.py for tasks to queue
[2023-03-29T03:33:03.973+0000] {logging_mixin.py:137} INFO - [2023-03-29T03:33:03.973+0000] {dagbag.py:532} INFO - Filling up the DagBag from /home/airflow/.local/lib/python3.7/site-packages/airflow/example_dags/example_nested_branch_dag.py
[2023-03-29T03:33:04.014+0000] {processor.py:753} INFO - DAG(s) dict_keys(['example_nested_branch_dag']) retrieved from /home/airflow/.local/lib/python3.7/site-packages/airflow/example_dags/example_nested_branch_dag.py
[2023-03-29T03:33:04.059+0000] {logging_mixin.py:137} INFO - [2023-03-29T03:33:04.059+0000] {dag.py:2693} INFO - Sync 1 DAGs
[2023-03-29T03:33:04.090+0000] {logging_mixin.py:137} INFO - [2023-03-29T03:33:04.090+0000] {dag.py:3444} INFO - Setting next_dagrun for example_nested_branch_dag to 2023-03-28T00:00:00+00:00, run_after=2023-03-29T00:00:00+00:00
[2023-03-29T03:33:04.107+0000] {processor.py:175} INFO - Processing /home/airflow/.local/lib/python3.7/site-packages/airflow/example_dags/example_nested_branch_dag.py took 0.147 seconds
[2023-03-29T03:33:34.642+0000] {processor.py:153} INFO - Started process (PID=722) to work on /home/airflow/.local/lib/python3.7/site-packages/airflow/example_dags/example_nested_branch_dag.py
[2023-03-29T03:33:34.644+0000] {processor.py:743} INFO - Processing file /home/airflow/.local/lib/python3.7/site-packages/airflow/example_dags/example_nested_branch_dag.py for tasks to queue
[2023-03-29T03:33:34.649+0000] {logging_mixin.py:137} INFO - [2023-03-29T03:33:34.646+0000] {dagbag.py:532} INFO - Filling up the DagBag from /home/airflow/.local/lib/python3.7/site-packages/airflow/example_dags/example_nested_branch_dag.py
[2023-03-29T03:33:34.690+0000] {processor.py:753} INFO - DAG(s) dict_keys(['example_nested_branch_dag']) retrieved from /home/airflow/.local/lib/python3.7/site-packages/airflow/example_dags/example_nested_branch_dag.py
[2023-03-29T03:33:34.746+0000] {logging_mixin.py:137} INFO - [2023-03-29T03:33:34.746+0000] {dag.py:2693} INFO - Sync 1 DAGs
[2023-03-29T03:33:34.779+0000] {logging_mixin.py:137} INFO - [2023-03-29T03:33:34.778+0000] {dag.py:3444} INFO - Setting next_dagrun for example_nested_branch_dag to 2023-03-28T00:00:00+00:00, run_after=2023-03-29T00:00:00+00:00
[2023-03-29T03:33:34.799+0000] {processor.py:175} INFO - Processing /home/airflow/.local/lib/python3.7/site-packages/airflow/example_dags/example_nested_branch_dag.py took 0.163 seconds
[2023-03-29T03:34:05.457+0000] {processor.py:153} INFO - Started process (PID=771) to work on /home/airflow/.local/lib/python3.7/site-packages/airflow/example_dags/example_nested_branch_dag.py
[2023-03-29T03:34:05.459+0000] {processor.py:743} INFO - Processing file /home/airflow/.local/lib/python3.7/site-packages/airflow/example_dags/example_nested_branch_dag.py for tasks to queue
[2023-03-29T03:34:05.460+0000] {logging_mixin.py:137} INFO - [2023-03-29T03:34:05.460+0000] {dagbag.py:532} INFO - Filling up the DagBag from /home/airflow/.local/lib/python3.7/site-packages/airflow/example_dags/example_nested_branch_dag.py
[2023-03-29T03:34:05.500+0000] {processor.py:753} INFO - DAG(s) dict_keys(['example_nested_branch_dag']) retrieved from /home/airflow/.local/lib/python3.7/site-packages/airflow/example_dags/example_nested_branch_dag.py
[2023-03-29T03:34:05.548+0000] {logging_mixin.py:137} INFO - [2023-03-29T03:34:05.548+0000] {dag.py:2693} INFO - Sync 1 DAGs
[2023-03-29T03:34:05.584+0000] {logging_mixin.py:137} INFO - [2023-03-29T03:34:05.584+0000] {dag.py:3444} INFO - Setting next_dagrun for example_nested_branch_dag to 2023-03-28T00:00:00+00:00, run_after=2023-03-29T00:00:00+00:00
[2023-03-29T03:34:05.609+0000] {processor.py:175} INFO - Processing /home/airflow/.local/lib/python3.7/site-packages/airflow/example_dags/example_nested_branch_dag.py took 0.155 seconds
[2023-03-29T03:34:36.131+0000] {processor.py:153} INFO - Started process (PID=821) to work on /home/airflow/.local/lib/python3.7/site-packages/airflow/example_dags/example_nested_branch_dag.py
[2023-03-29T03:34:36.133+0000] {processor.py:743} INFO - Processing file /home/airflow/.local/lib/python3.7/site-packages/airflow/example_dags/example_nested_branch_dag.py for tasks to queue
[2023-03-29T03:34:36.134+0000] {logging_mixin.py:137} INFO - [2023-03-29T03:34:36.134+0000] {dagbag.py:532} INFO - Filling up the DagBag from /home/airflow/.local/lib/python3.7/site-packages/airflow/example_dags/example_nested_branch_dag.py
[2023-03-29T03:34:36.173+0000] {processor.py:753} INFO - DAG(s) dict_keys(['example_nested_branch_dag']) retrieved from /home/airflow/.local/lib/python3.7/site-packages/airflow/example_dags/example_nested_branch_dag.py
[2023-03-29T03:34:36.237+0000] {logging_mixin.py:137} INFO - [2023-03-29T03:34:36.236+0000] {dag.py:2693} INFO - Sync 1 DAGs
[2023-03-29T03:34:36.267+0000] {logging_mixin.py:137} INFO - [2023-03-29T03:34:36.267+0000] {dag.py:3444} INFO - Setting next_dagrun for example_nested_branch_dag to 2023-03-28T00:00:00+00:00, run_after=2023-03-29T00:00:00+00:00
[2023-03-29T03:34:36.288+0000] {processor.py:175} INFO - Processing /home/airflow/.local/lib/python3.7/site-packages/airflow/example_dags/example_nested_branch_dag.py took 0.162 seconds
[2023-03-29T03:35:06.733+0000] {processor.py:153} INFO - Started process (PID=870) to work on /home/airflow/.local/lib/python3.7/site-packages/airflow/example_dags/example_nested_branch_dag.py
[2023-03-29T03:35:06.735+0000] {processor.py:743} INFO - Processing file /home/airflow/.local/lib/python3.7/site-packages/airflow/example_dags/example_nested_branch_dag.py for tasks to queue
[2023-03-29T03:35:06.738+0000] {logging_mixin.py:137} INFO - [2023-03-29T03:35:06.738+0000] {dagbag.py:532} INFO - Filling up the DagBag from /home/airflow/.local/lib/python3.7/site-packages/airflow/example_dags/example_nested_branch_dag.py
[2023-03-29T03:35:06.791+0000] {processor.py:753} INFO - DAG(s) dict_keys(['example_nested_branch_dag']) retrieved from /home/airflow/.local/lib/python3.7/site-packages/airflow/example_dags/example_nested_branch_dag.py
[2023-03-29T03:35:06.835+0000] {logging_mixin.py:137} INFO - [2023-03-29T03:35:06.835+0000] {dag.py:2693} INFO - Sync 1 DAGs
[2023-03-29T03:35:06.869+0000] {logging_mixin.py:137} INFO - [2023-03-29T03:35:06.869+0000] {dag.py:3444} INFO - Setting next_dagrun for example_nested_branch_dag to 2023-03-28T00:00:00+00:00, run_after=2023-03-29T00:00:00+00:00
[2023-03-29T03:35:06.891+0000] {processor.py:175} INFO - Processing /home/airflow/.local/lib/python3.7/site-packages/airflow/example_dags/example_nested_branch_dag.py took 0.164 seconds
[2023-03-29T03:35:37.357+0000] {processor.py:153} INFO - Started process (PID=919) to work on /home/airflow/.local/lib/python3.7/site-packages/airflow/example_dags/example_nested_branch_dag.py
[2023-03-29T03:35:37.360+0000] {processor.py:743} INFO - Processing file /home/airflow/.local/lib/python3.7/site-packages/airflow/example_dags/example_nested_branch_dag.py for tasks to queue
[2023-03-29T03:35:37.361+0000] {logging_mixin.py:137} INFO - [2023-03-29T03:35:37.361+0000] {dagbag.py:532} INFO - Filling up the DagBag from /home/airflow/.local/lib/python3.7/site-packages/airflow/example_dags/example_nested_branch_dag.py
[2023-03-29T03:35:37.410+0000] {processor.py:753} INFO - DAG(s) dict_keys(['example_nested_branch_dag']) retrieved from /home/airflow/.local/lib/python3.7/site-packages/airflow/example_dags/example_nested_branch_dag.py
[2023-03-29T03:35:37.466+0000] {logging_mixin.py:137} INFO - [2023-03-29T03:35:37.466+0000] {dag.py:2693} INFO - Sync 1 DAGs
[2023-03-29T03:35:37.500+0000] {logging_mixin.py:137} INFO - [2023-03-29T03:35:37.500+0000] {dag.py:3444} INFO - Setting next_dagrun for example_nested_branch_dag to 2023-03-28T00:00:00+00:00, run_after=2023-03-29T00:00:00+00:00
[2023-03-29T03:35:37.522+0000] {processor.py:175} INFO - Processing /home/airflow/.local/lib/python3.7/site-packages/airflow/example_dags/example_nested_branch_dag.py took 0.169 seconds
[2023-03-29T03:36:08.063+0000] {processor.py:153} INFO - Started process (PID=968) to work on /home/airflow/.local/lib/python3.7/site-packages/airflow/example_dags/example_nested_branch_dag.py
[2023-03-29T03:36:08.066+0000] {processor.py:743} INFO - Processing file /home/airflow/.local/lib/python3.7/site-packages/airflow/example_dags/example_nested_branch_dag.py for tasks to queue
[2023-03-29T03:36:08.069+0000] {logging_mixin.py:137} INFO - [2023-03-29T03:36:08.068+0000] {dagbag.py:532} INFO - Filling up the DagBag from /home/airflow/.local/lib/python3.7/site-packages/airflow/example_dags/example_nested_branch_dag.py
[2023-03-29T03:36:08.109+0000] {processor.py:753} INFO - DAG(s) dict_keys(['example_nested_branch_dag']) retrieved from /home/airflow/.local/lib/python3.7/site-packages/airflow/example_dags/example_nested_branch_dag.py
[2023-03-29T03:36:08.154+0000] {logging_mixin.py:137} INFO - [2023-03-29T03:36:08.153+0000] {dag.py:2693} INFO - Sync 1 DAGs
[2023-03-29T03:36:08.186+0000] {logging_mixin.py:137} INFO - [2023-03-29T03:36:08.185+0000] {dag.py:3444} INFO - Setting next_dagrun for example_nested_branch_dag to 2023-03-28T00:00:00+00:00, run_after=2023-03-29T00:00:00+00:00
[2023-03-29T03:36:08.207+0000] {processor.py:175} INFO - Processing /home/airflow/.local/lib/python3.7/site-packages/airflow/example_dags/example_nested_branch_dag.py took 0.148 seconds
[2023-03-29T03:36:38.915+0000] {processor.py:153} INFO - Started process (PID=1018) to work on /home/airflow/.local/lib/python3.7/site-packages/airflow/example_dags/example_nested_branch_dag.py
[2023-03-29T03:36:38.917+0000] {processor.py:743} INFO - Processing file /home/airflow/.local/lib/python3.7/site-packages/airflow/example_dags/example_nested_branch_dag.py for tasks to queue
[2023-03-29T03:36:38.919+0000] {logging_mixin.py:137} INFO - [2023-03-29T03:36:38.918+0000] {dagbag.py:532} INFO - Filling up the DagBag from /home/airflow/.local/lib/python3.7/site-packages/airflow/example_dags/example_nested_branch_dag.py
[2023-03-29T03:36:38.954+0000] {processor.py:753} INFO - DAG(s) dict_keys(['example_nested_branch_dag']) retrieved from /home/airflow/.local/lib/python3.7/site-packages/airflow/example_dags/example_nested_branch_dag.py
[2023-03-29T03:36:39.004+0000] {logging_mixin.py:137} INFO - [2023-03-29T03:36:39.004+0000] {dag.py:2693} INFO - Sync 1 DAGs
[2023-03-29T03:36:39.037+0000] {logging_mixin.py:137} INFO - [2023-03-29T03:36:39.036+0000] {dag.py:3444} INFO - Setting next_dagrun for example_nested_branch_dag to 2023-03-28T00:00:00+00:00, run_after=2023-03-29T00:00:00+00:00
[2023-03-29T03:36:39.058+0000] {processor.py:175} INFO - Processing /home/airflow/.local/lib/python3.7/site-packages/airflow/example_dags/example_nested_branch_dag.py took 0.151 seconds
[2023-03-29T03:37:09.504+0000] {processor.py:153} INFO - Started process (PID=1067) to work on /home/airflow/.local/lib/python3.7/site-packages/airflow/example_dags/example_nested_branch_dag.py
[2023-03-29T03:37:09.507+0000] {processor.py:743} INFO - Processing file /home/airflow/.local/lib/python3.7/site-packages/airflow/example_dags/example_nested_branch_dag.py for tasks to queue
[2023-03-29T03:37:09.508+0000] {logging_mixin.py:137} INFO - [2023-03-29T03:37:09.508+0000] {dagbag.py:532} INFO - Filling up the DagBag from /home/airflow/.local/lib/python3.7/site-packages/airflow/example_dags/example_nested_branch_dag.py
[2023-03-29T03:37:09.553+0000] {processor.py:753} INFO - DAG(s) dict_keys(['example_nested_branch_dag']) retrieved from /home/airflow/.local/lib/python3.7/site-packages/airflow/example_dags/example_nested_branch_dag.py
[2023-03-29T03:37:09.598+0000] {logging_mixin.py:137} INFO - [2023-03-29T03:37:09.598+0000] {dag.py:2693} INFO - Sync 1 DAGs
[2023-03-29T03:37:09.659+0000] {logging_mixin.py:137} INFO - [2023-03-29T03:37:09.659+0000] {dag.py:3444} INFO - Setting next_dagrun for example_nested_branch_dag to 2023-03-28T00:00:00+00:00, run_after=2023-03-29T00:00:00+00:00
[2023-03-29T03:37:09.690+0000] {processor.py:175} INFO - Processing /home/airflow/.local/lib/python3.7/site-packages/airflow/example_dags/example_nested_branch_dag.py took 0.191 seconds
[2023-03-29T03:37:40.185+0000] {processor.py:153} INFO - Started process (PID=1116) to work on /home/airflow/.local/lib/python3.7/site-packages/airflow/example_dags/example_nested_branch_dag.py
[2023-03-29T03:37:40.187+0000] {processor.py:743} INFO - Processing file /home/airflow/.local/lib/python3.7/site-packages/airflow/example_dags/example_nested_branch_dag.py for tasks to queue
[2023-03-29T03:37:40.189+0000] {logging_mixin.py:137} INFO - [2023-03-29T03:37:40.189+0000] {dagbag.py:532} INFO - Filling up the DagBag from /home/airflow/.local/lib/python3.7/site-packages/airflow/example_dags/example_nested_branch_dag.py
[2023-03-29T03:37:40.225+0000] {processor.py:753} INFO - DAG(s) dict_keys(['example_nested_branch_dag']) retrieved from /home/airflow/.local/lib/python3.7/site-packages/airflow/example_dags/example_nested_branch_dag.py
[2023-03-29T03:37:40.269+0000] {logging_mixin.py:137} INFO - [2023-03-29T03:37:40.269+0000] {dag.py:2693} INFO - Sync 1 DAGs
[2023-03-29T03:37:40.365+0000] {logging_mixin.py:137} INFO - [2023-03-29T03:37:40.364+0000] {dag.py:3444} INFO - Setting next_dagrun for example_nested_branch_dag to 2023-03-28T00:00:00+00:00, run_after=2023-03-29T00:00:00+00:00
[2023-03-29T03:37:40.385+0000] {processor.py:175} INFO - Processing /home/airflow/.local/lib/python3.7/site-packages/airflow/example_dags/example_nested_branch_dag.py took 0.205 seconds
[2023-03-29T03:38:10.719+0000] {processor.py:153} INFO - Started process (PID=1165) to work on /home/airflow/.local/lib/python3.7/site-packages/airflow/example_dags/example_nested_branch_dag.py
[2023-03-29T03:38:10.722+0000] {processor.py:743} INFO - Processing file /home/airflow/.local/lib/python3.7/site-packages/airflow/example_dags/example_nested_branch_dag.py for tasks to queue
[2023-03-29T03:38:10.724+0000] {logging_mixin.py:137} INFO - [2023-03-29T03:38:10.724+0000] {dagbag.py:532} INFO - Filling up the DagBag from /home/airflow/.local/lib/python3.7/site-packages/airflow/example_dags/example_nested_branch_dag.py
[2023-03-29T03:38:10.766+0000] {processor.py:753} INFO - DAG(s) dict_keys(['example_nested_branch_dag']) retrieved from /home/airflow/.local/lib/python3.7/site-packages/airflow/example_dags/example_nested_branch_dag.py
[2023-03-29T03:38:10.811+0000] {logging_mixin.py:137} INFO - [2023-03-29T03:38:10.811+0000] {dag.py:2693} INFO - Sync 1 DAGs
[2023-03-29T03:38:10.850+0000] {logging_mixin.py:137} INFO - [2023-03-29T03:38:10.850+0000] {dag.py:3444} INFO - Setting next_dagrun for example_nested_branch_dag to 2023-03-28T00:00:00+00:00, run_after=2023-03-29T00:00:00+00:00
[2023-03-29T03:38:10.894+0000] {processor.py:175} INFO - Processing /home/airflow/.local/lib/python3.7/site-packages/airflow/example_dags/example_nested_branch_dag.py took 0.182 seconds
[2023-03-29T03:38:41.345+0000] {processor.py:153} INFO - Started process (PID=1214) to work on /home/airflow/.local/lib/python3.7/site-packages/airflow/example_dags/example_nested_branch_dag.py
[2023-03-29T03:38:41.348+0000] {processor.py:743} INFO - Processing file /home/airflow/.local/lib/python3.7/site-packages/airflow/example_dags/example_nested_branch_dag.py for tasks to queue
[2023-03-29T03:38:41.350+0000] {logging_mixin.py:137} INFO - [2023-03-29T03:38:41.350+0000] {dagbag.py:532} INFO - Filling up the DagBag from /home/airflow/.local/lib/python3.7/site-packages/airflow/example_dags/example_nested_branch_dag.py
[2023-03-29T03:38:41.395+0000] {processor.py:753} INFO - DAG(s) dict_keys(['example_nested_branch_dag']) retrieved from /home/airflow/.local/lib/python3.7/site-packages/airflow/example_dags/example_nested_branch_dag.py
[2023-03-29T03:38:41.440+0000] {logging_mixin.py:137} INFO - [2023-03-29T03:38:41.439+0000] {dag.py:2693} INFO - Sync 1 DAGs
[2023-03-29T03:38:41.472+0000] {logging_mixin.py:137} INFO - [2023-03-29T03:38:41.472+0000] {dag.py:3444} INFO - Setting next_dagrun for example_nested_branch_dag to 2023-03-28T00:00:00+00:00, run_after=2023-03-29T00:00:00+00:00
[2023-03-29T03:38:41.493+0000] {processor.py:175} INFO - Processing /home/airflow/.local/lib/python3.7/site-packages/airflow/example_dags/example_nested_branch_dag.py took 0.153 seconds
[2023-03-29T03:39:12.042+0000] {processor.py:153} INFO - Started process (PID=1264) to work on /home/airflow/.local/lib/python3.7/site-packages/airflow/example_dags/example_nested_branch_dag.py
[2023-03-29T03:39:12.046+0000] {processor.py:743} INFO - Processing file /home/airflow/.local/lib/python3.7/site-packages/airflow/example_dags/example_nested_branch_dag.py for tasks to queue
[2023-03-29T03:39:12.047+0000] {logging_mixin.py:137} INFO - [2023-03-29T03:39:12.047+0000] {dagbag.py:532} INFO - Filling up the DagBag from /home/airflow/.local/lib/python3.7/site-packages/airflow/example_dags/example_nested_branch_dag.py
[2023-03-29T03:39:12.089+0000] {processor.py:753} INFO - DAG(s) dict_keys(['example_nested_branch_dag']) retrieved from /home/airflow/.local/lib/python3.7/site-packages/airflow/example_dags/example_nested_branch_dag.py
[2023-03-29T03:39:12.130+0000] {logging_mixin.py:137} INFO - [2023-03-29T03:39:12.130+0000] {dag.py:2693} INFO - Sync 1 DAGs
[2023-03-29T03:39:12.164+0000] {logging_mixin.py:137} INFO - [2023-03-29T03:39:12.164+0000] {dag.py:3444} INFO - Setting next_dagrun for example_nested_branch_dag to 2023-03-28T00:00:00+00:00, run_after=2023-03-29T00:00:00+00:00
[2023-03-29T03:39:12.182+0000] {processor.py:175} INFO - Processing /home/airflow/.local/lib/python3.7/site-packages/airflow/example_dags/example_nested_branch_dag.py took 0.148 seconds
[2023-03-29T03:39:42.642+0000] {processor.py:153} INFO - Started process (PID=1313) to work on /home/airflow/.local/lib/python3.7/site-packages/airflow/example_dags/example_nested_branch_dag.py
[2023-03-29T03:39:42.644+0000] {processor.py:743} INFO - Processing file /home/airflow/.local/lib/python3.7/site-packages/airflow/example_dags/example_nested_branch_dag.py for tasks to queue
[2023-03-29T03:39:42.646+0000] {logging_mixin.py:137} INFO - [2023-03-29T03:39:42.646+0000] {dagbag.py:532} INFO - Filling up the DagBag from /home/airflow/.local/lib/python3.7/site-packages/airflow/example_dags/example_nested_branch_dag.py
[2023-03-29T03:39:42.692+0000] {processor.py:753} INFO - DAG(s) dict_keys(['example_nested_branch_dag']) retrieved from /home/airflow/.local/lib/python3.7/site-packages/airflow/example_dags/example_nested_branch_dag.py
[2023-03-29T03:39:42.735+0000] {logging_mixin.py:137} INFO - [2023-03-29T03:39:42.735+0000] {dag.py:2693} INFO - Sync 1 DAGs
[2023-03-29T03:39:42.767+0000] {logging_mixin.py:137} INFO - [2023-03-29T03:39:42.766+0000] {dag.py:3444} INFO - Setting next_dagrun for example_nested_branch_dag to 2023-03-28T00:00:00+00:00, run_after=2023-03-29T00:00:00+00:00
[2023-03-29T03:39:42.789+0000] {processor.py:175} INFO - Processing /home/airflow/.local/lib/python3.7/site-packages/airflow/example_dags/example_nested_branch_dag.py took 0.155 seconds
[2023-03-29T03:40:13.143+0000] {processor.py:153} INFO - Started process (PID=1362) to work on /home/airflow/.local/lib/python3.7/site-packages/airflow/example_dags/example_nested_branch_dag.py
[2023-03-29T03:40:13.146+0000] {processor.py:743} INFO - Processing file /home/airflow/.local/lib/python3.7/site-packages/airflow/example_dags/example_nested_branch_dag.py for tasks to queue
[2023-03-29T03:40:13.148+0000] {logging_mixin.py:137} INFO - [2023-03-29T03:40:13.148+0000] {dagbag.py:532} INFO - Filling up the DagBag from /home/airflow/.local/lib/python3.7/site-packages/airflow/example_dags/example_nested_branch_dag.py
[2023-03-29T03:40:13.195+0000] {processor.py:753} INFO - DAG(s) dict_keys(['example_nested_branch_dag']) retrieved from /home/airflow/.local/lib/python3.7/site-packages/airflow/example_dags/example_nested_branch_dag.py
[2023-03-29T03:40:13.245+0000] {logging_mixin.py:137} INFO - [2023-03-29T03:40:13.245+0000] {dag.py:2693} INFO - Sync 1 DAGs
[2023-03-29T03:40:13.294+0000] {logging_mixin.py:137} INFO - [2023-03-29T03:40:13.294+0000] {dag.py:3444} INFO - Setting next_dagrun for example_nested_branch_dag to 2023-03-28T00:00:00+00:00, run_after=2023-03-29T00:00:00+00:00
[2023-03-29T03:40:13.318+0000] {processor.py:175} INFO - Processing /home/airflow/.local/lib/python3.7/site-packages/airflow/example_dags/example_nested_branch_dag.py took 0.183 seconds
[2023-03-29T03:40:44.071+0000] {processor.py:153} INFO - Started process (PID=1411) to work on /home/airflow/.local/lib/python3.7/site-packages/airflow/example_dags/example_nested_branch_dag.py
[2023-03-29T03:40:44.074+0000] {processor.py:743} INFO - Processing file /home/airflow/.local/lib/python3.7/site-packages/airflow/example_dags/example_nested_branch_dag.py for tasks to queue
[2023-03-29T03:40:44.075+0000] {logging_mixin.py:137} INFO - [2023-03-29T03:40:44.075+0000] {dagbag.py:532} INFO - Filling up the DagBag from /home/airflow/.local/lib/python3.7/site-packages/airflow/example_dags/example_nested_branch_dag.py
[2023-03-29T03:40:44.116+0000] {processor.py:753} INFO - DAG(s) dict_keys(['example_nested_branch_dag']) retrieved from /home/airflow/.local/lib/python3.7/site-packages/airflow/example_dags/example_nested_branch_dag.py
[2023-03-29T03:40:44.160+0000] {logging_mixin.py:137} INFO - [2023-03-29T03:40:44.160+0000] {dag.py:2693} INFO - Sync 1 DAGs
[2023-03-29T03:40:44.188+0000] {logging_mixin.py:137} INFO - [2023-03-29T03:40:44.188+0000] {dag.py:3444} INFO - Setting next_dagrun for example_nested_branch_dag to 2023-03-28T00:00:00+00:00, run_after=2023-03-29T00:00:00+00:00
[2023-03-29T03:40:44.210+0000] {processor.py:175} INFO - Processing /home/airflow/.local/lib/python3.7/site-packages/airflow/example_dags/example_nested_branch_dag.py took 0.145 seconds
[2023-03-29T03:41:14.775+0000] {processor.py:153} INFO - Started process (PID=1460) to work on /home/airflow/.local/lib/python3.7/site-packages/airflow/example_dags/example_nested_branch_dag.py
[2023-03-29T03:41:14.777+0000] {processor.py:743} INFO - Processing file /home/airflow/.local/lib/python3.7/site-packages/airflow/example_dags/example_nested_branch_dag.py for tasks to queue
[2023-03-29T03:41:14.778+0000] {logging_mixin.py:137} INFO - [2023-03-29T03:41:14.778+0000] {dagbag.py:532} INFO - Filling up the DagBag from /home/airflow/.local/lib/python3.7/site-packages/airflow/example_dags/example_nested_branch_dag.py
[2023-03-29T03:41:14.810+0000] {processor.py:753} INFO - DAG(s) dict_keys(['example_nested_branch_dag']) retrieved from /home/airflow/.local/lib/python3.7/site-packages/airflow/example_dags/example_nested_branch_dag.py
[2023-03-29T03:41:14.839+0000] {logging_mixin.py:137} INFO - [2023-03-29T03:41:14.839+0000] {dag.py:2693} INFO - Sync 1 DAGs
[2023-03-29T03:41:14.866+0000] {logging_mixin.py:137} INFO - [2023-03-29T03:41:14.866+0000] {dag.py:3444} INFO - Setting next_dagrun for example_nested_branch_dag to 2023-03-28T00:00:00+00:00, run_after=2023-03-29T00:00:00+00:00
[2023-03-29T03:41:14.884+0000] {processor.py:175} INFO - Processing /home/airflow/.local/lib/python3.7/site-packages/airflow/example_dags/example_nested_branch_dag.py took 0.117 seconds
[2023-03-29T03:41:45.453+0000] {processor.py:153} INFO - Started process (PID=1509) to work on /home/airflow/.local/lib/python3.7/site-packages/airflow/example_dags/example_nested_branch_dag.py
[2023-03-29T03:41:45.456+0000] {processor.py:743} INFO - Processing file /home/airflow/.local/lib/python3.7/site-packages/airflow/example_dags/example_nested_branch_dag.py for tasks to queue
[2023-03-29T03:41:45.459+0000] {logging_mixin.py:137} INFO - [2023-03-29T03:41:45.459+0000] {dagbag.py:532} INFO - Filling up the DagBag from /home/airflow/.local/lib/python3.7/site-packages/airflow/example_dags/example_nested_branch_dag.py
[2023-03-29T03:41:45.499+0000] {processor.py:753} INFO - DAG(s) dict_keys(['example_nested_branch_dag']) retrieved from /home/airflow/.local/lib/python3.7/site-packages/airflow/example_dags/example_nested_branch_dag.py
[2023-03-29T03:41:45.543+0000] {logging_mixin.py:137} INFO - [2023-03-29T03:41:45.542+0000] {dag.py:2693} INFO - Sync 1 DAGs
[2023-03-29T03:41:45.572+0000] {logging_mixin.py:137} INFO - [2023-03-29T03:41:45.572+0000] {dag.py:3444} INFO - Setting next_dagrun for example_nested_branch_dag to 2023-03-28T00:00:00+00:00, run_after=2023-03-29T00:00:00+00:00
[2023-03-29T03:41:45.591+0000] {processor.py:175} INFO - Processing /home/airflow/.local/lib/python3.7/site-packages/airflow/example_dags/example_nested_branch_dag.py took 0.144 seconds
[2023-03-29T03:42:16.029+0000] {processor.py:153} INFO - Started process (PID=1560) to work on /home/airflow/.local/lib/python3.7/site-packages/airflow/example_dags/example_nested_branch_dag.py
[2023-03-29T03:42:16.032+0000] {processor.py:743} INFO - Processing file /home/airflow/.local/lib/python3.7/site-packages/airflow/example_dags/example_nested_branch_dag.py for tasks to queue
[2023-03-29T03:42:16.034+0000] {logging_mixin.py:137} INFO - [2023-03-29T03:42:16.034+0000] {dagbag.py:532} INFO - Filling up the DagBag from /home/airflow/.local/lib/python3.7/site-packages/airflow/example_dags/example_nested_branch_dag.py
[2023-03-29T03:42:16.062+0000] {processor.py:753} INFO - DAG(s) dict_keys(['example_nested_branch_dag']) retrieved from /home/airflow/.local/lib/python3.7/site-packages/airflow/example_dags/example_nested_branch_dag.py
[2023-03-29T03:42:16.095+0000] {logging_mixin.py:137} INFO - [2023-03-29T03:42:16.095+0000] {dag.py:2693} INFO - Sync 1 DAGs
[2023-03-29T03:42:16.122+0000] {logging_mixin.py:137} INFO - [2023-03-29T03:42:16.122+0000] {dag.py:3444} INFO - Setting next_dagrun for example_nested_branch_dag to 2023-03-28T00:00:00+00:00, run_after=2023-03-29T00:00:00+00:00
[2023-03-29T03:42:16.137+0000] {processor.py:175} INFO - Processing /home/airflow/.local/lib/python3.7/site-packages/airflow/example_dags/example_nested_branch_dag.py took 0.117 seconds
[2023-03-29T03:42:46.619+0000] {processor.py:153} INFO - Started process (PID=1609) to work on /home/airflow/.local/lib/python3.7/site-packages/airflow/example_dags/example_nested_branch_dag.py
[2023-03-29T03:42:46.622+0000] {processor.py:743} INFO - Processing file /home/airflow/.local/lib/python3.7/site-packages/airflow/example_dags/example_nested_branch_dag.py for tasks to queue
[2023-03-29T03:42:46.624+0000] {logging_mixin.py:137} INFO - [2023-03-29T03:42:46.624+0000] {dagbag.py:532} INFO - Filling up the DagBag from /home/airflow/.local/lib/python3.7/site-packages/airflow/example_dags/example_nested_branch_dag.py
[2023-03-29T03:42:46.668+0000] {processor.py:753} INFO - DAG(s) dict_keys(['example_nested_branch_dag']) retrieved from /home/airflow/.local/lib/python3.7/site-packages/airflow/example_dags/example_nested_branch_dag.py
[2023-03-29T03:42:46.724+0000] {logging_mixin.py:137} INFO - [2023-03-29T03:42:46.724+0000] {dag.py:2693} INFO - Sync 1 DAGs
[2023-03-29T03:42:46.759+0000] {logging_mixin.py:137} INFO - [2023-03-29T03:42:46.759+0000] {dag.py:3444} INFO - Setting next_dagrun for example_nested_branch_dag to 2023-03-28T00:00:00+00:00, run_after=2023-03-29T00:00:00+00:00
[2023-03-29T03:42:46.779+0000] {processor.py:175} INFO - Processing /home/airflow/.local/lib/python3.7/site-packages/airflow/example_dags/example_nested_branch_dag.py took 0.168 seconds
[2023-03-29T03:43:17.199+0000] {processor.py:153} INFO - Started process (PID=1658) to work on /home/airflow/.local/lib/python3.7/site-packages/airflow/example_dags/example_nested_branch_dag.py
[2023-03-29T03:43:17.202+0000] {processor.py:743} INFO - Processing file /home/airflow/.local/lib/python3.7/site-packages/airflow/example_dags/example_nested_branch_dag.py for tasks to queue
[2023-03-29T03:43:17.203+0000] {logging_mixin.py:137} INFO - [2023-03-29T03:43:17.203+0000] {dagbag.py:532} INFO - Filling up the DagBag from /home/airflow/.local/lib/python3.7/site-packages/airflow/example_dags/example_nested_branch_dag.py
[2023-03-29T03:43:17.226+0000] {processor.py:753} INFO - DAG(s) dict_keys(['example_nested_branch_dag']) retrieved from /home/airflow/.local/lib/python3.7/site-packages/airflow/example_dags/example_nested_branch_dag.py
[2023-03-29T03:43:17.252+0000] {logging_mixin.py:137} INFO - [2023-03-29T03:43:17.252+0000] {dag.py:2693} INFO - Sync 1 DAGs
[2023-03-29T03:43:17.277+0000] {logging_mixin.py:137} INFO - [2023-03-29T03:43:17.276+0000] {dag.py:3444} INFO - Setting next_dagrun for example_nested_branch_dag to 2023-03-28T00:00:00+00:00, run_after=2023-03-29T00:00:00+00:00
[2023-03-29T03:43:17.292+0000] {processor.py:175} INFO - Processing /home/airflow/.local/lib/python3.7/site-packages/airflow/example_dags/example_nested_branch_dag.py took 0.097 seconds
[2023-03-29T03:43:47.996+0000] {processor.py:153} INFO - Started process (PID=1707) to work on /home/airflow/.local/lib/python3.7/site-packages/airflow/example_dags/example_nested_branch_dag.py
[2023-03-29T03:43:48.011+0000] {processor.py:743} INFO - Processing file /home/airflow/.local/lib/python3.7/site-packages/airflow/example_dags/example_nested_branch_dag.py for tasks to queue
[2023-03-29T03:43:48.013+0000] {logging_mixin.py:137} INFO - [2023-03-29T03:43:48.012+0000] {dagbag.py:532} INFO - Filling up the DagBag from /home/airflow/.local/lib/python3.7/site-packages/airflow/example_dags/example_nested_branch_dag.py
[2023-03-29T03:43:48.038+0000] {processor.py:753} INFO - DAG(s) dict_keys(['example_nested_branch_dag']) retrieved from /home/airflow/.local/lib/python3.7/site-packages/airflow/example_dags/example_nested_branch_dag.py
[2023-03-29T03:43:48.073+0000] {logging_mixin.py:137} INFO - [2023-03-29T03:43:48.073+0000] {dag.py:2693} INFO - Sync 1 DAGs
[2023-03-29T03:43:48.097+0000] {logging_mixin.py:137} INFO - [2023-03-29T03:43:48.096+0000] {dag.py:3444} INFO - Setting next_dagrun for example_nested_branch_dag to 2023-03-28T00:00:00+00:00, run_after=2023-03-29T00:00:00+00:00
[2023-03-29T03:43:48.113+0000] {processor.py:175} INFO - Processing /home/airflow/.local/lib/python3.7/site-packages/airflow/example_dags/example_nested_branch_dag.py took 0.121 seconds
[2023-03-29T03:44:18.679+0000] {processor.py:153} INFO - Started process (PID=1756) to work on /home/airflow/.local/lib/python3.7/site-packages/airflow/example_dags/example_nested_branch_dag.py
[2023-03-29T03:44:18.682+0000] {processor.py:743} INFO - Processing file /home/airflow/.local/lib/python3.7/site-packages/airflow/example_dags/example_nested_branch_dag.py for tasks to queue
[2023-03-29T03:44:18.686+0000] {logging_mixin.py:137} INFO - [2023-03-29T03:44:18.686+0000] {dagbag.py:532} INFO - Filling up the DagBag from /home/airflow/.local/lib/python3.7/site-packages/airflow/example_dags/example_nested_branch_dag.py
[2023-03-29T03:44:18.723+0000] {processor.py:753} INFO - DAG(s) dict_keys(['example_nested_branch_dag']) retrieved from /home/airflow/.local/lib/python3.7/site-packages/airflow/example_dags/example_nested_branch_dag.py
[2023-03-29T03:44:18.757+0000] {logging_mixin.py:137} INFO - [2023-03-29T03:44:18.756+0000] {dag.py:2693} INFO - Sync 1 DAGs
[2023-03-29T03:44:18.798+0000] {logging_mixin.py:137} INFO - [2023-03-29T03:44:18.798+0000] {dag.py:3444} INFO - Setting next_dagrun for example_nested_branch_dag to 2023-03-28T00:00:00+00:00, run_after=2023-03-29T00:00:00+00:00
[2023-03-29T03:44:18.827+0000] {processor.py:175} INFO - Processing /home/airflow/.local/lib/python3.7/site-packages/airflow/example_dags/example_nested_branch_dag.py took 0.153 seconds
[2023-03-29T03:44:49.074+0000] {processor.py:153} INFO - Started process (PID=1805) to work on /home/airflow/.local/lib/python3.7/site-packages/airflow/example_dags/example_nested_branch_dag.py
[2023-03-29T03:44:49.077+0000] {processor.py:743} INFO - Processing file /home/airflow/.local/lib/python3.7/site-packages/airflow/example_dags/example_nested_branch_dag.py for tasks to queue
[2023-03-29T03:44:49.079+0000] {logging_mixin.py:137} INFO - [2023-03-29T03:44:49.078+0000] {dagbag.py:532} INFO - Filling up the DagBag from /home/airflow/.local/lib/python3.7/site-packages/airflow/example_dags/example_nested_branch_dag.py
[2023-03-29T03:44:49.129+0000] {processor.py:753} INFO - DAG(s) dict_keys(['example_nested_branch_dag']) retrieved from /home/airflow/.local/lib/python3.7/site-packages/airflow/example_dags/example_nested_branch_dag.py
[2023-03-29T03:44:49.176+0000] {logging_mixin.py:137} INFO - [2023-03-29T03:44:49.176+0000] {dag.py:2693} INFO - Sync 1 DAGs
[2023-03-29T03:44:49.207+0000] {logging_mixin.py:137} INFO - [2023-03-29T03:44:49.207+0000] {dag.py:3444} INFO - Setting next_dagrun for example_nested_branch_dag to 2023-03-28T00:00:00+00:00, run_after=2023-03-29T00:00:00+00:00
[2023-03-29T03:44:49.230+0000] {processor.py:175} INFO - Processing /home/airflow/.local/lib/python3.7/site-packages/airflow/example_dags/example_nested_branch_dag.py took 0.165 seconds
[2023-03-29T03:45:20.075+0000] {processor.py:153} INFO - Started process (PID=1854) to work on /home/airflow/.local/lib/python3.7/site-packages/airflow/example_dags/example_nested_branch_dag.py
[2023-03-29T03:45:20.078+0000] {processor.py:743} INFO - Processing file /home/airflow/.local/lib/python3.7/site-packages/airflow/example_dags/example_nested_branch_dag.py for tasks to queue
[2023-03-29T03:45:20.080+0000] {logging_mixin.py:137} INFO - [2023-03-29T03:45:20.080+0000] {dagbag.py:532} INFO - Filling up the DagBag from /home/airflow/.local/lib/python3.7/site-packages/airflow/example_dags/example_nested_branch_dag.py
[2023-03-29T03:45:20.138+0000] {processor.py:753} INFO - DAG(s) dict_keys(['example_nested_branch_dag']) retrieved from /home/airflow/.local/lib/python3.7/site-packages/airflow/example_dags/example_nested_branch_dag.py
[2023-03-29T03:45:20.188+0000] {logging_mixin.py:137} INFO - [2023-03-29T03:45:20.188+0000] {dag.py:2693} INFO - Sync 1 DAGs
[2023-03-29T03:45:20.217+0000] {logging_mixin.py:137} INFO - [2023-03-29T03:45:20.217+0000] {dag.py:3444} INFO - Setting next_dagrun for example_nested_branch_dag to 2023-03-28T00:00:00+00:00, run_after=2023-03-29T00:00:00+00:00
[2023-03-29T03:45:20.240+0000] {processor.py:175} INFO - Processing /home/airflow/.local/lib/python3.7/site-packages/airflow/example_dags/example_nested_branch_dag.py took 0.171 seconds
[2023-03-29T03:45:50.590+0000] {processor.py:153} INFO - Started process (PID=1903) to work on /home/airflow/.local/lib/python3.7/site-packages/airflow/example_dags/example_nested_branch_dag.py
[2023-03-29T03:45:50.593+0000] {processor.py:743} INFO - Processing file /home/airflow/.local/lib/python3.7/site-packages/airflow/example_dags/example_nested_branch_dag.py for tasks to queue
[2023-03-29T03:45:50.598+0000] {logging_mixin.py:137} INFO - [2023-03-29T03:45:50.597+0000] {dagbag.py:532} INFO - Filling up the DagBag from /home/airflow/.local/lib/python3.7/site-packages/airflow/example_dags/example_nested_branch_dag.py
[2023-03-29T03:45:50.653+0000] {processor.py:753} INFO - DAG(s) dict_keys(['example_nested_branch_dag']) retrieved from /home/airflow/.local/lib/python3.7/site-packages/airflow/example_dags/example_nested_branch_dag.py
[2023-03-29T03:45:50.696+0000] {logging_mixin.py:137} INFO - [2023-03-29T03:45:50.695+0000] {dag.py:2693} INFO - Sync 1 DAGs
[2023-03-29T03:45:50.726+0000] {logging_mixin.py:137} INFO - [2023-03-29T03:45:50.726+0000] {dag.py:3444} INFO - Setting next_dagrun for example_nested_branch_dag to 2023-03-28T00:00:00+00:00, run_after=2023-03-29T00:00:00+00:00
[2023-03-29T03:45:50.747+0000] {processor.py:175} INFO - Processing /home/airflow/.local/lib/python3.7/site-packages/airflow/example_dags/example_nested_branch_dag.py took 0.163 seconds
[2023-03-29T03:46:21.213+0000] {processor.py:153} INFO - Started process (PID=1953) to work on /home/airflow/.local/lib/python3.7/site-packages/airflow/example_dags/example_nested_branch_dag.py
[2023-03-29T03:46:21.217+0000] {processor.py:743} INFO - Processing file /home/airflow/.local/lib/python3.7/site-packages/airflow/example_dags/example_nested_branch_dag.py for tasks to queue
[2023-03-29T03:46:21.218+0000] {logging_mixin.py:137} INFO - [2023-03-29T03:46:21.218+0000] {dagbag.py:532} INFO - Filling up the DagBag from /home/airflow/.local/lib/python3.7/site-packages/airflow/example_dags/example_nested_branch_dag.py
[2023-03-29T03:46:21.266+0000] {processor.py:753} INFO - DAG(s) dict_keys(['example_nested_branch_dag']) retrieved from /home/airflow/.local/lib/python3.7/site-packages/airflow/example_dags/example_nested_branch_dag.py
[2023-03-29T03:46:21.304+0000] {logging_mixin.py:137} INFO - [2023-03-29T03:46:21.304+0000] {dag.py:2693} INFO - Sync 1 DAGs
[2023-03-29T03:46:21.334+0000] {logging_mixin.py:137} INFO - [2023-03-29T03:46:21.333+0000] {dag.py:3444} INFO - Setting next_dagrun for example_nested_branch_dag to 2023-03-28T00:00:00+00:00, run_after=2023-03-29T00:00:00+00:00
[2023-03-29T03:46:21.357+0000] {processor.py:175} INFO - Processing /home/airflow/.local/lib/python3.7/site-packages/airflow/example_dags/example_nested_branch_dag.py took 0.153 seconds
[2023-03-29T03:46:51.896+0000] {processor.py:153} INFO - Started process (PID=2010) to work on /home/airflow/.local/lib/python3.7/site-packages/airflow/example_dags/example_nested_branch_dag.py
[2023-03-29T03:46:51.912+0000] {processor.py:743} INFO - Processing file /home/airflow/.local/lib/python3.7/site-packages/airflow/example_dags/example_nested_branch_dag.py for tasks to queue
[2023-03-29T03:46:51.914+0000] {logging_mixin.py:137} INFO - [2023-03-29T03:46:51.913+0000] {dagbag.py:532} INFO - Filling up the DagBag from /home/airflow/.local/lib/python3.7/site-packages/airflow/example_dags/example_nested_branch_dag.py
[2023-03-29T03:46:51.972+0000] {processor.py:753} INFO - DAG(s) dict_keys(['example_nested_branch_dag']) retrieved from /home/airflow/.local/lib/python3.7/site-packages/airflow/example_dags/example_nested_branch_dag.py
[2023-03-29T03:46:52.024+0000] {logging_mixin.py:137} INFO - [2023-03-29T03:46:52.024+0000] {dag.py:2693} INFO - Sync 1 DAGs
[2023-03-29T03:46:52.060+0000] {logging_mixin.py:137} INFO - [2023-03-29T03:46:52.060+0000] {dag.py:3444} INFO - Setting next_dagrun for example_nested_branch_dag to 2023-03-28T00:00:00+00:00, run_after=2023-03-29T00:00:00+00:00
[2023-03-29T03:46:52.081+0000] {processor.py:175} INFO - Processing /home/airflow/.local/lib/python3.7/site-packages/airflow/example_dags/example_nested_branch_dag.py took 0.190 seconds
[2023-03-29T03:47:22.550+0000] {processor.py:153} INFO - Started process (PID=2060) to work on /home/airflow/.local/lib/python3.7/site-packages/airflow/example_dags/example_nested_branch_dag.py
[2023-03-29T03:47:22.552+0000] {processor.py:743} INFO - Processing file /home/airflow/.local/lib/python3.7/site-packages/airflow/example_dags/example_nested_branch_dag.py for tasks to queue
[2023-03-29T03:47:22.553+0000] {logging_mixin.py:137} INFO - [2023-03-29T03:47:22.553+0000] {dagbag.py:532} INFO - Filling up the DagBag from /home/airflow/.local/lib/python3.7/site-packages/airflow/example_dags/example_nested_branch_dag.py
[2023-03-29T03:47:22.603+0000] {processor.py:753} INFO - DAG(s) dict_keys(['example_nested_branch_dag']) retrieved from /home/airflow/.local/lib/python3.7/site-packages/airflow/example_dags/example_nested_branch_dag.py
[2023-03-29T03:47:22.644+0000] {logging_mixin.py:137} INFO - [2023-03-29T03:47:22.644+0000] {dag.py:2693} INFO - Sync 1 DAGs
[2023-03-29T03:47:22.680+0000] {logging_mixin.py:137} INFO - [2023-03-29T03:47:22.679+0000] {dag.py:3444} INFO - Setting next_dagrun for example_nested_branch_dag to 2023-03-28T00:00:00+00:00, run_after=2023-03-29T00:00:00+00:00
[2023-03-29T03:47:22.700+0000] {processor.py:175} INFO - Processing /home/airflow/.local/lib/python3.7/site-packages/airflow/example_dags/example_nested_branch_dag.py took 0.154 seconds
