[2023-03-29T03:26:28.433+0000] {processor.py:153} INFO - Started process (PID=66) to work on /home/airflow/.local/lib/python3.7/site-packages/airflow/example_dags/example_latest_only.py
[2023-03-29T03:26:28.435+0000] {processor.py:743} INFO - Processing file /home/airflow/.local/lib/python3.7/site-packages/airflow/example_dags/example_latest_only.py for tasks to queue
[2023-03-29T03:26:28.437+0000] {logging_mixin.py:137} INFO - [2023-03-29T03:26:28.437+0000] {dagbag.py:532} INFO - Filling up the DagBag from /home/airflow/.local/lib/python3.7/site-packages/airflow/example_dags/example_latest_only.py
[2023-03-29T03:26:28.469+0000] {processor.py:753} INFO - DAG(s) dict_keys(['latest_only']) retrieved from /home/airflow/.local/lib/python3.7/site-packages/airflow/example_dags/example_latest_only.py
[2023-03-29T03:26:28.512+0000] {logging_mixin.py:137} INFO - [2023-03-29T03:26:28.512+0000] {dag.py:2693} INFO - Sync 1 DAGs
[2023-03-29T03:26:28.560+0000] {logging_mixin.py:137} INFO - [2023-03-29T03:26:28.560+0000] {dag.py:3444} INFO - Setting next_dagrun for latest_only to 2023-03-28T23:26:28.559574+00:00, run_after=2023-03-29T03:26:28.559574+00:00
[2023-03-29T03:26:28.596+0000] {processor.py:175} INFO - Processing /home/airflow/.local/lib/python3.7/site-packages/airflow/example_dags/example_latest_only.py took 0.169 seconds
[2023-03-29T03:26:59.180+0000] {processor.py:153} INFO - Started process (PID=115) to work on /home/airflow/.local/lib/python3.7/site-packages/airflow/example_dags/example_latest_only.py
[2023-03-29T03:26:59.182+0000] {processor.py:743} INFO - Processing file /home/airflow/.local/lib/python3.7/site-packages/airflow/example_dags/example_latest_only.py for tasks to queue
[2023-03-29T03:26:59.185+0000] {logging_mixin.py:137} INFO - [2023-03-29T03:26:59.184+0000] {dagbag.py:532} INFO - Filling up the DagBag from /home/airflow/.local/lib/python3.7/site-packages/airflow/example_dags/example_latest_only.py
[2023-03-29T03:26:59.199+0000] {processor.py:753} INFO - DAG(s) dict_keys(['latest_only']) retrieved from /home/airflow/.local/lib/python3.7/site-packages/airflow/example_dags/example_latest_only.py
[2023-03-29T03:26:59.219+0000] {logging_mixin.py:137} INFO - [2023-03-29T03:26:59.219+0000] {dag.py:2693} INFO - Sync 1 DAGs
[2023-03-29T03:26:59.236+0000] {logging_mixin.py:137} INFO - [2023-03-29T03:26:59.236+0000] {dag.py:3444} INFO - Setting next_dagrun for latest_only to 2023-03-28T23:26:59.236067+00:00, run_after=2023-03-29T03:26:59.236067+00:00
[2023-03-29T03:26:59.248+0000] {processor.py:175} INFO - Processing /home/airflow/.local/lib/python3.7/site-packages/airflow/example_dags/example_latest_only.py took 0.071 seconds
[2023-03-29T03:27:29.876+0000] {processor.py:153} INFO - Started process (PID=164) to work on /home/airflow/.local/lib/python3.7/site-packages/airflow/example_dags/example_latest_only.py
[2023-03-29T03:27:29.878+0000] {processor.py:743} INFO - Processing file /home/airflow/.local/lib/python3.7/site-packages/airflow/example_dags/example_latest_only.py for tasks to queue
[2023-03-29T03:27:29.879+0000] {logging_mixin.py:137} INFO - [2023-03-29T03:27:29.879+0000] {dagbag.py:532} INFO - Filling up the DagBag from /home/airflow/.local/lib/python3.7/site-packages/airflow/example_dags/example_latest_only.py
[2023-03-29T03:27:29.890+0000] {processor.py:753} INFO - DAG(s) dict_keys(['latest_only']) retrieved from /home/airflow/.local/lib/python3.7/site-packages/airflow/example_dags/example_latest_only.py
[2023-03-29T03:27:29.912+0000] {logging_mixin.py:137} INFO - [2023-03-29T03:27:29.912+0000] {dag.py:2693} INFO - Sync 1 DAGs
[2023-03-29T03:27:29.932+0000] {logging_mixin.py:137} INFO - [2023-03-29T03:27:29.932+0000] {dag.py:3444} INFO - Setting next_dagrun for latest_only to 2023-03-28T23:27:29.931831+00:00, run_after=2023-03-29T03:27:29.931831+00:00
[2023-03-29T03:27:29.947+0000] {processor.py:175} INFO - Processing /home/airflow/.local/lib/python3.7/site-packages/airflow/example_dags/example_latest_only.py took 0.073 seconds
[2023-03-29T03:28:00.424+0000] {processor.py:153} INFO - Started process (PID=213) to work on /home/airflow/.local/lib/python3.7/site-packages/airflow/example_dags/example_latest_only.py
[2023-03-29T03:28:00.425+0000] {processor.py:743} INFO - Processing file /home/airflow/.local/lib/python3.7/site-packages/airflow/example_dags/example_latest_only.py for tasks to queue
[2023-03-29T03:28:00.427+0000] {logging_mixin.py:137} INFO - [2023-03-29T03:28:00.427+0000] {dagbag.py:532} INFO - Filling up the DagBag from /home/airflow/.local/lib/python3.7/site-packages/airflow/example_dags/example_latest_only.py
[2023-03-29T03:28:00.438+0000] {processor.py:753} INFO - DAG(s) dict_keys(['latest_only']) retrieved from /home/airflow/.local/lib/python3.7/site-packages/airflow/example_dags/example_latest_only.py
[2023-03-29T03:28:00.455+0000] {logging_mixin.py:137} INFO - [2023-03-29T03:28:00.455+0000] {dag.py:2693} INFO - Sync 1 DAGs
[2023-03-29T03:28:00.475+0000] {logging_mixin.py:137} INFO - [2023-03-29T03:28:00.475+0000] {dag.py:3444} INFO - Setting next_dagrun for latest_only to 2023-03-28T23:28:00.475247+00:00, run_after=2023-03-29T03:28:00.475247+00:00
[2023-03-29T03:28:00.489+0000] {processor.py:175} INFO - Processing /home/airflow/.local/lib/python3.7/site-packages/airflow/example_dags/example_latest_only.py took 0.068 seconds
[2023-03-29T03:28:30.921+0000] {processor.py:153} INFO - Started process (PID=262) to work on /home/airflow/.local/lib/python3.7/site-packages/airflow/example_dags/example_latest_only.py
[2023-03-29T03:28:30.923+0000] {processor.py:743} INFO - Processing file /home/airflow/.local/lib/python3.7/site-packages/airflow/example_dags/example_latest_only.py for tasks to queue
[2023-03-29T03:28:30.923+0000] {logging_mixin.py:137} INFO - [2023-03-29T03:28:30.923+0000] {dagbag.py:532} INFO - Filling up the DagBag from /home/airflow/.local/lib/python3.7/site-packages/airflow/example_dags/example_latest_only.py
[2023-03-29T03:28:30.934+0000] {processor.py:753} INFO - DAG(s) dict_keys(['latest_only']) retrieved from /home/airflow/.local/lib/python3.7/site-packages/airflow/example_dags/example_latest_only.py
[2023-03-29T03:28:30.957+0000] {logging_mixin.py:137} INFO - [2023-03-29T03:28:30.957+0000] {dag.py:2693} INFO - Sync 1 DAGs
[2023-03-29T03:28:30.980+0000] {logging_mixin.py:137} INFO - [2023-03-29T03:28:30.980+0000] {dag.py:3444} INFO - Setting next_dagrun for latest_only to 2023-03-28T23:28:30.980665+00:00, run_after=2023-03-29T03:28:30.980665+00:00
[2023-03-29T03:28:30.994+0000] {processor.py:175} INFO - Processing /home/airflow/.local/lib/python3.7/site-packages/airflow/example_dags/example_latest_only.py took 0.076 seconds
[2023-03-29T03:29:01.451+0000] {processor.py:153} INFO - Started process (PID=311) to work on /home/airflow/.local/lib/python3.7/site-packages/airflow/example_dags/example_latest_only.py
[2023-03-29T03:29:01.452+0000] {processor.py:743} INFO - Processing file /home/airflow/.local/lib/python3.7/site-packages/airflow/example_dags/example_latest_only.py for tasks to queue
[2023-03-29T03:29:01.453+0000] {logging_mixin.py:137} INFO - [2023-03-29T03:29:01.453+0000] {dagbag.py:532} INFO - Filling up the DagBag from /home/airflow/.local/lib/python3.7/site-packages/airflow/example_dags/example_latest_only.py
[2023-03-29T03:29:01.463+0000] {processor.py:753} INFO - DAG(s) dict_keys(['latest_only']) retrieved from /home/airflow/.local/lib/python3.7/site-packages/airflow/example_dags/example_latest_only.py
[2023-03-29T03:29:01.479+0000] {logging_mixin.py:137} INFO - [2023-03-29T03:29:01.479+0000] {dag.py:2693} INFO - Sync 1 DAGs
[2023-03-29T03:29:01.499+0000] {logging_mixin.py:137} INFO - [2023-03-29T03:29:01.499+0000] {dag.py:3444} INFO - Setting next_dagrun for latest_only to 2023-03-28T23:29:01.499511+00:00, run_after=2023-03-29T03:29:01.499511+00:00
[2023-03-29T03:29:01.514+0000] {processor.py:175} INFO - Processing /home/airflow/.local/lib/python3.7/site-packages/airflow/example_dags/example_latest_only.py took 0.065 seconds
[2023-03-29T03:29:32.143+0000] {processor.py:153} INFO - Started process (PID=360) to work on /home/airflow/.local/lib/python3.7/site-packages/airflow/example_dags/example_latest_only.py
[2023-03-29T03:29:32.145+0000] {processor.py:743} INFO - Processing file /home/airflow/.local/lib/python3.7/site-packages/airflow/example_dags/example_latest_only.py for tasks to queue
[2023-03-29T03:29:32.146+0000] {logging_mixin.py:137} INFO - [2023-03-29T03:29:32.146+0000] {dagbag.py:532} INFO - Filling up the DagBag from /home/airflow/.local/lib/python3.7/site-packages/airflow/example_dags/example_latest_only.py
[2023-03-29T03:29:32.155+0000] {processor.py:753} INFO - DAG(s) dict_keys(['latest_only']) retrieved from /home/airflow/.local/lib/python3.7/site-packages/airflow/example_dags/example_latest_only.py
[2023-03-29T03:29:32.175+0000] {logging_mixin.py:137} INFO - [2023-03-29T03:29:32.175+0000] {dag.py:2693} INFO - Sync 1 DAGs
[2023-03-29T03:29:32.191+0000] {logging_mixin.py:137} INFO - [2023-03-29T03:29:32.191+0000] {dag.py:3444} INFO - Setting next_dagrun for latest_only to 2023-03-28T23:29:32.191631+00:00, run_after=2023-03-29T03:29:32.191631+00:00
[2023-03-29T03:29:32.203+0000] {processor.py:175} INFO - Processing /home/airflow/.local/lib/python3.7/site-packages/airflow/example_dags/example_latest_only.py took 0.062 seconds
[2023-03-29T03:30:02.315+0000] {processor.py:153} INFO - Started process (PID=409) to work on /home/airflow/.local/lib/python3.7/site-packages/airflow/example_dags/example_latest_only.py
[2023-03-29T03:30:02.317+0000] {processor.py:743} INFO - Processing file /home/airflow/.local/lib/python3.7/site-packages/airflow/example_dags/example_latest_only.py for tasks to queue
[2023-03-29T03:30:02.318+0000] {logging_mixin.py:137} INFO - [2023-03-29T03:30:02.318+0000] {dagbag.py:532} INFO - Filling up the DagBag from /home/airflow/.local/lib/python3.7/site-packages/airflow/example_dags/example_latest_only.py
[2023-03-29T03:30:02.330+0000] {processor.py:753} INFO - DAG(s) dict_keys(['latest_only']) retrieved from /home/airflow/.local/lib/python3.7/site-packages/airflow/example_dags/example_latest_only.py
[2023-03-29T03:30:02.350+0000] {logging_mixin.py:137} INFO - [2023-03-29T03:30:02.350+0000] {dag.py:2693} INFO - Sync 1 DAGs
[2023-03-29T03:30:02.368+0000] {logging_mixin.py:137} INFO - [2023-03-29T03:30:02.368+0000] {dag.py:3444} INFO - Setting next_dagrun for latest_only to 2023-03-28T23:30:02.368468+00:00, run_after=2023-03-29T03:30:02.368468+00:00
[2023-03-29T03:30:02.383+0000] {processor.py:175} INFO - Processing /home/airflow/.local/lib/python3.7/site-packages/airflow/example_dags/example_latest_only.py took 0.072 seconds
[2023-03-29T03:30:33.353+0000] {processor.py:153} INFO - Started process (PID=458) to work on /home/airflow/.local/lib/python3.7/site-packages/airflow/example_dags/example_latest_only.py
[2023-03-29T03:30:33.356+0000] {processor.py:743} INFO - Processing file /home/airflow/.local/lib/python3.7/site-packages/airflow/example_dags/example_latest_only.py for tasks to queue
[2023-03-29T03:30:33.359+0000] {logging_mixin.py:137} INFO - [2023-03-29T03:30:33.358+0000] {dagbag.py:532} INFO - Filling up the DagBag from /home/airflow/.local/lib/python3.7/site-packages/airflow/example_dags/example_latest_only.py
[2023-03-29T03:30:33.376+0000] {processor.py:753} INFO - DAG(s) dict_keys(['latest_only']) retrieved from /home/airflow/.local/lib/python3.7/site-packages/airflow/example_dags/example_latest_only.py
[2023-03-29T03:30:33.413+0000] {logging_mixin.py:137} INFO - [2023-03-29T03:30:33.413+0000] {dag.py:2693} INFO - Sync 1 DAGs
[2023-03-29T03:30:33.434+0000] {logging_mixin.py:137} INFO - [2023-03-29T03:30:33.433+0000] {dag.py:3444} INFO - Setting next_dagrun for latest_only to 2023-03-28T23:30:33.433797+00:00, run_after=2023-03-29T03:30:33.433797+00:00
[2023-03-29T03:30:33.454+0000] {processor.py:175} INFO - Processing /home/airflow/.local/lib/python3.7/site-packages/airflow/example_dags/example_latest_only.py took 0.105 seconds
[2023-03-29T03:31:03.998+0000] {processor.py:153} INFO - Started process (PID=507) to work on /home/airflow/.local/lib/python3.7/site-packages/airflow/example_dags/example_latest_only.py
[2023-03-29T03:31:04.001+0000] {processor.py:743} INFO - Processing file /home/airflow/.local/lib/python3.7/site-packages/airflow/example_dags/example_latest_only.py for tasks to queue
[2023-03-29T03:31:04.004+0000] {logging_mixin.py:137} INFO - [2023-03-29T03:31:04.004+0000] {dagbag.py:532} INFO - Filling up the DagBag from /home/airflow/.local/lib/python3.7/site-packages/airflow/example_dags/example_latest_only.py
[2023-03-29T03:31:04.020+0000] {processor.py:753} INFO - DAG(s) dict_keys(['latest_only']) retrieved from /home/airflow/.local/lib/python3.7/site-packages/airflow/example_dags/example_latest_only.py
[2023-03-29T03:31:04.054+0000] {logging_mixin.py:137} INFO - [2023-03-29T03:31:04.054+0000] {dag.py:2693} INFO - Sync 1 DAGs
[2023-03-29T03:31:04.087+0000] {logging_mixin.py:137} INFO - [2023-03-29T03:31:04.086+0000] {dag.py:3444} INFO - Setting next_dagrun for latest_only to 2023-03-28T23:31:04.086657+00:00, run_after=2023-03-29T03:31:04.086657+00:00
[2023-03-29T03:31:04.115+0000] {processor.py:175} INFO - Processing /home/airflow/.local/lib/python3.7/site-packages/airflow/example_dags/example_latest_only.py took 0.138 seconds
[2023-03-29T03:31:34.239+0000] {processor.py:153} INFO - Started process (PID=556) to work on /home/airflow/.local/lib/python3.7/site-packages/airflow/example_dags/example_latest_only.py
[2023-03-29T03:31:34.241+0000] {processor.py:743} INFO - Processing file /home/airflow/.local/lib/python3.7/site-packages/airflow/example_dags/example_latest_only.py for tasks to queue
[2023-03-29T03:31:34.242+0000] {logging_mixin.py:137} INFO - [2023-03-29T03:31:34.242+0000] {dagbag.py:532} INFO - Filling up the DagBag from /home/airflow/.local/lib/python3.7/site-packages/airflow/example_dags/example_latest_only.py
[2023-03-29T03:31:34.251+0000] {processor.py:753} INFO - DAG(s) dict_keys(['latest_only']) retrieved from /home/airflow/.local/lib/python3.7/site-packages/airflow/example_dags/example_latest_only.py
[2023-03-29T03:31:34.267+0000] {logging_mixin.py:137} INFO - [2023-03-29T03:31:34.267+0000] {dag.py:2693} INFO - Sync 1 DAGs
[2023-03-29T03:31:34.286+0000] {logging_mixin.py:137} INFO - [2023-03-29T03:31:34.286+0000] {dag.py:3444} INFO - Setting next_dagrun for latest_only to 2023-03-28T23:31:34.286301+00:00, run_after=2023-03-29T03:31:34.286301+00:00
[2023-03-29T03:31:34.300+0000] {processor.py:175} INFO - Processing /home/airflow/.local/lib/python3.7/site-packages/airflow/example_dags/example_latest_only.py took 0.062 seconds
[2023-03-29T03:32:04.919+0000] {processor.py:153} INFO - Started process (PID=605) to work on /home/airflow/.local/lib/python3.7/site-packages/airflow/example_dags/example_latest_only.py
[2023-03-29T03:32:04.920+0000] {processor.py:743} INFO - Processing file /home/airflow/.local/lib/python3.7/site-packages/airflow/example_dags/example_latest_only.py for tasks to queue
[2023-03-29T03:32:04.921+0000] {logging_mixin.py:137} INFO - [2023-03-29T03:32:04.921+0000] {dagbag.py:532} INFO - Filling up the DagBag from /home/airflow/.local/lib/python3.7/site-packages/airflow/example_dags/example_latest_only.py
[2023-03-29T03:32:04.932+0000] {processor.py:753} INFO - DAG(s) dict_keys(['latest_only']) retrieved from /home/airflow/.local/lib/python3.7/site-packages/airflow/example_dags/example_latest_only.py
[2023-03-29T03:32:04.949+0000] {logging_mixin.py:137} INFO - [2023-03-29T03:32:04.949+0000] {dag.py:2693} INFO - Sync 1 DAGs
[2023-03-29T03:32:04.968+0000] {logging_mixin.py:137} INFO - [2023-03-29T03:32:04.968+0000] {dag.py:3444} INFO - Setting next_dagrun for latest_only to 2023-03-28T23:32:04.967741+00:00, run_after=2023-03-29T03:32:04.967741+00:00
[2023-03-29T03:32:04.983+0000] {processor.py:175} INFO - Processing /home/airflow/.local/lib/python3.7/site-packages/airflow/example_dags/example_latest_only.py took 0.066 seconds
[2023-03-29T03:32:35.917+0000] {processor.py:153} INFO - Started process (PID=655) to work on /home/airflow/.local/lib/python3.7/site-packages/airflow/example_dags/example_latest_only.py
[2023-03-29T03:32:35.919+0000] {processor.py:743} INFO - Processing file /home/airflow/.local/lib/python3.7/site-packages/airflow/example_dags/example_latest_only.py for tasks to queue
[2023-03-29T03:32:35.921+0000] {logging_mixin.py:137} INFO - [2023-03-29T03:32:35.920+0000] {dagbag.py:532} INFO - Filling up the DagBag from /home/airflow/.local/lib/python3.7/site-packages/airflow/example_dags/example_latest_only.py
[2023-03-29T03:32:35.930+0000] {processor.py:753} INFO - DAG(s) dict_keys(['latest_only']) retrieved from /home/airflow/.local/lib/python3.7/site-packages/airflow/example_dags/example_latest_only.py
[2023-03-29T03:32:35.947+0000] {logging_mixin.py:137} INFO - [2023-03-29T03:32:35.947+0000] {dag.py:2693} INFO - Sync 1 DAGs
[2023-03-29T03:32:35.966+0000] {logging_mixin.py:137} INFO - [2023-03-29T03:32:35.966+0000] {dag.py:3444} INFO - Setting next_dagrun for latest_only to 2023-03-28T23:32:35.966061+00:00, run_after=2023-03-29T03:32:35.966061+00:00
[2023-03-29T03:32:35.979+0000] {processor.py:175} INFO - Processing /home/airflow/.local/lib/python3.7/site-packages/airflow/example_dags/example_latest_only.py took 0.063 seconds
[2023-03-29T03:33:06.509+0000] {processor.py:153} INFO - Started process (PID=704) to work on /home/airflow/.local/lib/python3.7/site-packages/airflow/example_dags/example_latest_only.py
[2023-03-29T03:33:06.511+0000] {processor.py:743} INFO - Processing file /home/airflow/.local/lib/python3.7/site-packages/airflow/example_dags/example_latest_only.py for tasks to queue
[2023-03-29T03:33:06.512+0000] {logging_mixin.py:137} INFO - [2023-03-29T03:33:06.512+0000] {dagbag.py:532} INFO - Filling up the DagBag from /home/airflow/.local/lib/python3.7/site-packages/airflow/example_dags/example_latest_only.py
[2023-03-29T03:33:06.521+0000] {processor.py:753} INFO - DAG(s) dict_keys(['latest_only']) retrieved from /home/airflow/.local/lib/python3.7/site-packages/airflow/example_dags/example_latest_only.py
[2023-03-29T03:33:06.541+0000] {logging_mixin.py:137} INFO - [2023-03-29T03:33:06.541+0000] {dag.py:2693} INFO - Sync 1 DAGs
[2023-03-29T03:33:06.561+0000] {logging_mixin.py:137} INFO - [2023-03-29T03:33:06.561+0000] {dag.py:3444} INFO - Setting next_dagrun for latest_only to 2023-03-28T23:33:06.561059+00:00, run_after=2023-03-29T03:33:06.561059+00:00
[2023-03-29T03:33:06.573+0000] {processor.py:175} INFO - Processing /home/airflow/.local/lib/python3.7/site-packages/airflow/example_dags/example_latest_only.py took 0.066 seconds
[2023-03-29T03:33:37.466+0000] {processor.py:153} INFO - Started process (PID=753) to work on /home/airflow/.local/lib/python3.7/site-packages/airflow/example_dags/example_latest_only.py
[2023-03-29T03:33:37.468+0000] {processor.py:743} INFO - Processing file /home/airflow/.local/lib/python3.7/site-packages/airflow/example_dags/example_latest_only.py for tasks to queue
[2023-03-29T03:33:37.469+0000] {logging_mixin.py:137} INFO - [2023-03-29T03:33:37.469+0000] {dagbag.py:532} INFO - Filling up the DagBag from /home/airflow/.local/lib/python3.7/site-packages/airflow/example_dags/example_latest_only.py
[2023-03-29T03:33:37.481+0000] {processor.py:753} INFO - DAG(s) dict_keys(['latest_only']) retrieved from /home/airflow/.local/lib/python3.7/site-packages/airflow/example_dags/example_latest_only.py
[2023-03-29T03:33:37.501+0000] {logging_mixin.py:137} INFO - [2023-03-29T03:33:37.501+0000] {dag.py:2693} INFO - Sync 1 DAGs
[2023-03-29T03:33:37.524+0000] {logging_mixin.py:137} INFO - [2023-03-29T03:33:37.524+0000] {dag.py:3444} INFO - Setting next_dagrun for latest_only to 2023-03-28T23:33:37.523855+00:00, run_after=2023-03-29T03:33:37.523855+00:00
[2023-03-29T03:33:37.539+0000] {processor.py:175} INFO - Processing /home/airflow/.local/lib/python3.7/site-packages/airflow/example_dags/example_latest_only.py took 0.076 seconds
[2023-03-29T03:34:08.186+0000] {processor.py:153} INFO - Started process (PID=802) to work on /home/airflow/.local/lib/python3.7/site-packages/airflow/example_dags/example_latest_only.py
[2023-03-29T03:34:08.188+0000] {processor.py:743} INFO - Processing file /home/airflow/.local/lib/python3.7/site-packages/airflow/example_dags/example_latest_only.py for tasks to queue
[2023-03-29T03:34:08.189+0000] {logging_mixin.py:137} INFO - [2023-03-29T03:34:08.188+0000] {dagbag.py:532} INFO - Filling up the DagBag from /home/airflow/.local/lib/python3.7/site-packages/airflow/example_dags/example_latest_only.py
[2023-03-29T03:34:08.198+0000] {processor.py:753} INFO - DAG(s) dict_keys(['latest_only']) retrieved from /home/airflow/.local/lib/python3.7/site-packages/airflow/example_dags/example_latest_only.py
[2023-03-29T03:34:08.219+0000] {logging_mixin.py:137} INFO - [2023-03-29T03:34:08.218+0000] {dag.py:2693} INFO - Sync 1 DAGs
[2023-03-29T03:34:08.241+0000] {logging_mixin.py:137} INFO - [2023-03-29T03:34:08.241+0000] {dag.py:3444} INFO - Setting next_dagrun for latest_only to 2023-03-28T23:34:08.241440+00:00, run_after=2023-03-29T03:34:08.241440+00:00
[2023-03-29T03:34:08.256+0000] {processor.py:175} INFO - Processing /home/airflow/.local/lib/python3.7/site-packages/airflow/example_dags/example_latest_only.py took 0.072 seconds
[2023-03-29T03:34:38.717+0000] {processor.py:153} INFO - Started process (PID=852) to work on /home/airflow/.local/lib/python3.7/site-packages/airflow/example_dags/example_latest_only.py
[2023-03-29T03:34:38.718+0000] {processor.py:743} INFO - Processing file /home/airflow/.local/lib/python3.7/site-packages/airflow/example_dags/example_latest_only.py for tasks to queue
[2023-03-29T03:34:38.719+0000] {logging_mixin.py:137} INFO - [2023-03-29T03:34:38.719+0000] {dagbag.py:532} INFO - Filling up the DagBag from /home/airflow/.local/lib/python3.7/site-packages/airflow/example_dags/example_latest_only.py
[2023-03-29T03:34:38.728+0000] {processor.py:753} INFO - DAG(s) dict_keys(['latest_only']) retrieved from /home/airflow/.local/lib/python3.7/site-packages/airflow/example_dags/example_latest_only.py
[2023-03-29T03:34:38.746+0000] {logging_mixin.py:137} INFO - [2023-03-29T03:34:38.745+0000] {dag.py:2693} INFO - Sync 1 DAGs
[2023-03-29T03:34:38.765+0000] {logging_mixin.py:137} INFO - [2023-03-29T03:34:38.765+0000] {dag.py:3444} INFO - Setting next_dagrun for latest_only to 2023-03-28T23:34:38.765379+00:00, run_after=2023-03-29T03:34:38.765379+00:00
[2023-03-29T03:34:38.780+0000] {processor.py:175} INFO - Processing /home/airflow/.local/lib/python3.7/site-packages/airflow/example_dags/example_latest_only.py took 0.066 seconds
[2023-03-29T03:35:09.351+0000] {processor.py:153} INFO - Started process (PID=901) to work on /home/airflow/.local/lib/python3.7/site-packages/airflow/example_dags/example_latest_only.py
[2023-03-29T03:35:09.352+0000] {processor.py:743} INFO - Processing file /home/airflow/.local/lib/python3.7/site-packages/airflow/example_dags/example_latest_only.py for tasks to queue
[2023-03-29T03:35:09.353+0000] {logging_mixin.py:137} INFO - [2023-03-29T03:35:09.353+0000] {dagbag.py:532} INFO - Filling up the DagBag from /home/airflow/.local/lib/python3.7/site-packages/airflow/example_dags/example_latest_only.py
[2023-03-29T03:35:09.362+0000] {processor.py:753} INFO - DAG(s) dict_keys(['latest_only']) retrieved from /home/airflow/.local/lib/python3.7/site-packages/airflow/example_dags/example_latest_only.py
[2023-03-29T03:35:09.383+0000] {logging_mixin.py:137} INFO - [2023-03-29T03:35:09.383+0000] {dag.py:2693} INFO - Sync 1 DAGs
[2023-03-29T03:35:09.402+0000] {logging_mixin.py:137} INFO - [2023-03-29T03:35:09.402+0000] {dag.py:3444} INFO - Setting next_dagrun for latest_only to 2023-03-28T23:35:09.402045+00:00, run_after=2023-03-29T03:35:09.402045+00:00
[2023-03-29T03:35:09.422+0000] {processor.py:175} INFO - Processing /home/airflow/.local/lib/python3.7/site-packages/airflow/example_dags/example_latest_only.py took 0.074 seconds
[2023-03-29T03:35:40.162+0000] {processor.py:153} INFO - Started process (PID=950) to work on /home/airflow/.local/lib/python3.7/site-packages/airflow/example_dags/example_latest_only.py
[2023-03-29T03:35:40.163+0000] {processor.py:743} INFO - Processing file /home/airflow/.local/lib/python3.7/site-packages/airflow/example_dags/example_latest_only.py for tasks to queue
[2023-03-29T03:35:40.165+0000] {logging_mixin.py:137} INFO - [2023-03-29T03:35:40.165+0000] {dagbag.py:532} INFO - Filling up the DagBag from /home/airflow/.local/lib/python3.7/site-packages/airflow/example_dags/example_latest_only.py
[2023-03-29T03:35:40.175+0000] {processor.py:753} INFO - DAG(s) dict_keys(['latest_only']) retrieved from /home/airflow/.local/lib/python3.7/site-packages/airflow/example_dags/example_latest_only.py
[2023-03-29T03:35:40.196+0000] {logging_mixin.py:137} INFO - [2023-03-29T03:35:40.195+0000] {dag.py:2693} INFO - Sync 1 DAGs
[2023-03-29T03:35:40.213+0000] {logging_mixin.py:137} INFO - [2023-03-29T03:35:40.213+0000] {dag.py:3444} INFO - Setting next_dagrun for latest_only to 2023-03-28T23:35:40.212928+00:00, run_after=2023-03-29T03:35:40.212928+00:00
[2023-03-29T03:35:40.230+0000] {processor.py:175} INFO - Processing /home/airflow/.local/lib/python3.7/site-packages/airflow/example_dags/example_latest_only.py took 0.071 seconds
[2023-03-29T03:36:10.779+0000] {processor.py:153} INFO - Started process (PID=999) to work on /home/airflow/.local/lib/python3.7/site-packages/airflow/example_dags/example_latest_only.py
[2023-03-29T03:36:10.782+0000] {processor.py:743} INFO - Processing file /home/airflow/.local/lib/python3.7/site-packages/airflow/example_dags/example_latest_only.py for tasks to queue
[2023-03-29T03:36:10.783+0000] {logging_mixin.py:137} INFO - [2023-03-29T03:36:10.783+0000] {dagbag.py:532} INFO - Filling up the DagBag from /home/airflow/.local/lib/python3.7/site-packages/airflow/example_dags/example_latest_only.py
[2023-03-29T03:36:10.798+0000] {processor.py:753} INFO - DAG(s) dict_keys(['latest_only']) retrieved from /home/airflow/.local/lib/python3.7/site-packages/airflow/example_dags/example_latest_only.py
[2023-03-29T03:36:10.854+0000] {logging_mixin.py:137} INFO - [2023-03-29T03:36:10.854+0000] {dag.py:2693} INFO - Sync 1 DAGs
[2023-03-29T03:36:10.880+0000] {logging_mixin.py:137} INFO - [2023-03-29T03:36:10.880+0000] {dag.py:3444} INFO - Setting next_dagrun for latest_only to 2023-03-28T23:36:10.879982+00:00, run_after=2023-03-29T03:36:10.879982+00:00
[2023-03-29T03:36:10.898+0000] {processor.py:175} INFO - Processing /home/airflow/.local/lib/python3.7/site-packages/airflow/example_dags/example_latest_only.py took 0.121 seconds
[2023-03-29T03:36:41.511+0000] {processor.py:153} INFO - Started process (PID=1049) to work on /home/airflow/.local/lib/python3.7/site-packages/airflow/example_dags/example_latest_only.py
[2023-03-29T03:36:41.513+0000] {processor.py:743} INFO - Processing file /home/airflow/.local/lib/python3.7/site-packages/airflow/example_dags/example_latest_only.py for tasks to queue
[2023-03-29T03:36:41.513+0000] {logging_mixin.py:137} INFO - [2023-03-29T03:36:41.513+0000] {dagbag.py:532} INFO - Filling up the DagBag from /home/airflow/.local/lib/python3.7/site-packages/airflow/example_dags/example_latest_only.py
[2023-03-29T03:36:41.523+0000] {processor.py:753} INFO - DAG(s) dict_keys(['latest_only']) retrieved from /home/airflow/.local/lib/python3.7/site-packages/airflow/example_dags/example_latest_only.py
[2023-03-29T03:36:41.547+0000] {logging_mixin.py:137} INFO - [2023-03-29T03:36:41.547+0000] {dag.py:2693} INFO - Sync 1 DAGs
[2023-03-29T03:36:41.565+0000] {logging_mixin.py:137} INFO - [2023-03-29T03:36:41.565+0000] {dag.py:3444} INFO - Setting next_dagrun for latest_only to 2023-03-28T23:36:41.565720+00:00, run_after=2023-03-29T03:36:41.565720+00:00
[2023-03-29T03:36:41.577+0000] {processor.py:175} INFO - Processing /home/airflow/.local/lib/python3.7/site-packages/airflow/example_dags/example_latest_only.py took 0.069 seconds
[2023-03-29T03:37:12.193+0000] {processor.py:153} INFO - Started process (PID=1098) to work on /home/airflow/.local/lib/python3.7/site-packages/airflow/example_dags/example_latest_only.py
[2023-03-29T03:37:12.194+0000] {processor.py:743} INFO - Processing file /home/airflow/.local/lib/python3.7/site-packages/airflow/example_dags/example_latest_only.py for tasks to queue
[2023-03-29T03:37:12.195+0000] {logging_mixin.py:137} INFO - [2023-03-29T03:37:12.195+0000] {dagbag.py:532} INFO - Filling up the DagBag from /home/airflow/.local/lib/python3.7/site-packages/airflow/example_dags/example_latest_only.py
[2023-03-29T03:37:12.205+0000] {processor.py:753} INFO - DAG(s) dict_keys(['latest_only']) retrieved from /home/airflow/.local/lib/python3.7/site-packages/airflow/example_dags/example_latest_only.py
[2023-03-29T03:37:12.222+0000] {logging_mixin.py:137} INFO - [2023-03-29T03:37:12.222+0000] {dag.py:2693} INFO - Sync 1 DAGs
[2023-03-29T03:37:12.242+0000] {logging_mixin.py:137} INFO - [2023-03-29T03:37:12.242+0000] {dag.py:3444} INFO - Setting next_dagrun for latest_only to 2023-03-28T23:37:12.242210+00:00, run_after=2023-03-29T03:37:12.242210+00:00
[2023-03-29T03:37:12.257+0000] {processor.py:175} INFO - Processing /home/airflow/.local/lib/python3.7/site-packages/airflow/example_dags/example_latest_only.py took 0.066 seconds
[2023-03-29T03:37:42.797+0000] {processor.py:153} INFO - Started process (PID=1147) to work on /home/airflow/.local/lib/python3.7/site-packages/airflow/example_dags/example_latest_only.py
[2023-03-29T03:37:42.799+0000] {processor.py:743} INFO - Processing file /home/airflow/.local/lib/python3.7/site-packages/airflow/example_dags/example_latest_only.py for tasks to queue
[2023-03-29T03:37:42.800+0000] {logging_mixin.py:137} INFO - [2023-03-29T03:37:42.800+0000] {dagbag.py:532} INFO - Filling up the DagBag from /home/airflow/.local/lib/python3.7/site-packages/airflow/example_dags/example_latest_only.py
[2023-03-29T03:37:42.809+0000] {processor.py:753} INFO - DAG(s) dict_keys(['latest_only']) retrieved from /home/airflow/.local/lib/python3.7/site-packages/airflow/example_dags/example_latest_only.py
[2023-03-29T03:37:42.826+0000] {logging_mixin.py:137} INFO - [2023-03-29T03:37:42.826+0000] {dag.py:2693} INFO - Sync 1 DAGs
[2023-03-29T03:37:42.843+0000] {logging_mixin.py:137} INFO - [2023-03-29T03:37:42.843+0000] {dag.py:3444} INFO - Setting next_dagrun for latest_only to 2023-03-28T23:37:42.843731+00:00, run_after=2023-03-29T03:37:42.843731+00:00
[2023-03-29T03:37:42.856+0000] {processor.py:175} INFO - Processing /home/airflow/.local/lib/python3.7/site-packages/airflow/example_dags/example_latest_only.py took 0.061 seconds
[2023-03-29T03:38:13.374+0000] {processor.py:153} INFO - Started process (PID=1196) to work on /home/airflow/.local/lib/python3.7/site-packages/airflow/example_dags/example_latest_only.py
[2023-03-29T03:38:13.376+0000] {processor.py:743} INFO - Processing file /home/airflow/.local/lib/python3.7/site-packages/airflow/example_dags/example_latest_only.py for tasks to queue
[2023-03-29T03:38:13.377+0000] {logging_mixin.py:137} INFO - [2023-03-29T03:38:13.377+0000] {dagbag.py:532} INFO - Filling up the DagBag from /home/airflow/.local/lib/python3.7/site-packages/airflow/example_dags/example_latest_only.py
[2023-03-29T03:38:13.386+0000] {processor.py:753} INFO - DAG(s) dict_keys(['latest_only']) retrieved from /home/airflow/.local/lib/python3.7/site-packages/airflow/example_dags/example_latest_only.py
[2023-03-29T03:38:13.404+0000] {logging_mixin.py:137} INFO - [2023-03-29T03:38:13.403+0000] {dag.py:2693} INFO - Sync 1 DAGs
[2023-03-29T03:38:13.423+0000] {logging_mixin.py:137} INFO - [2023-03-29T03:38:13.423+0000] {dag.py:3444} INFO - Setting next_dagrun for latest_only to 2023-03-28T23:38:13.423275+00:00, run_after=2023-03-29T03:38:13.423275+00:00
[2023-03-29T03:38:13.434+0000] {processor.py:175} INFO - Processing /home/airflow/.local/lib/python3.7/site-packages/airflow/example_dags/example_latest_only.py took 0.062 seconds
[2023-03-29T03:38:44.052+0000] {processor.py:153} INFO - Started process (PID=1245) to work on /home/airflow/.local/lib/python3.7/site-packages/airflow/example_dags/example_latest_only.py
[2023-03-29T03:38:44.054+0000] {processor.py:743} INFO - Processing file /home/airflow/.local/lib/python3.7/site-packages/airflow/example_dags/example_latest_only.py for tasks to queue
[2023-03-29T03:38:44.060+0000] {logging_mixin.py:137} INFO - [2023-03-29T03:38:44.059+0000] {dagbag.py:532} INFO - Filling up the DagBag from /home/airflow/.local/lib/python3.7/site-packages/airflow/example_dags/example_latest_only.py
[2023-03-29T03:38:44.072+0000] {processor.py:753} INFO - DAG(s) dict_keys(['latest_only']) retrieved from /home/airflow/.local/lib/python3.7/site-packages/airflow/example_dags/example_latest_only.py
[2023-03-29T03:38:44.094+0000] {logging_mixin.py:137} INFO - [2023-03-29T03:38:44.093+0000] {dag.py:2693} INFO - Sync 1 DAGs
[2023-03-29T03:38:44.112+0000] {logging_mixin.py:137} INFO - [2023-03-29T03:38:44.112+0000] {dag.py:3444} INFO - Setting next_dagrun for latest_only to 2023-03-28T23:38:44.112546+00:00, run_after=2023-03-29T03:38:44.112546+00:00
[2023-03-29T03:38:44.126+0000] {processor.py:175} INFO - Processing /home/airflow/.local/lib/python3.7/site-packages/airflow/example_dags/example_latest_only.py took 0.075 seconds
[2023-03-29T03:39:14.629+0000] {processor.py:153} INFO - Started process (PID=1295) to work on /home/airflow/.local/lib/python3.7/site-packages/airflow/example_dags/example_latest_only.py
[2023-03-29T03:39:14.631+0000] {processor.py:743} INFO - Processing file /home/airflow/.local/lib/python3.7/site-packages/airflow/example_dags/example_latest_only.py for tasks to queue
[2023-03-29T03:39:14.632+0000] {logging_mixin.py:137} INFO - [2023-03-29T03:39:14.632+0000] {dagbag.py:532} INFO - Filling up the DagBag from /home/airflow/.local/lib/python3.7/site-packages/airflow/example_dags/example_latest_only.py
[2023-03-29T03:39:14.644+0000] {processor.py:753} INFO - DAG(s) dict_keys(['latest_only']) retrieved from /home/airflow/.local/lib/python3.7/site-packages/airflow/example_dags/example_latest_only.py
[2023-03-29T03:39:14.662+0000] {logging_mixin.py:137} INFO - [2023-03-29T03:39:14.662+0000] {dag.py:2693} INFO - Sync 1 DAGs
[2023-03-29T03:39:14.683+0000] {logging_mixin.py:137} INFO - [2023-03-29T03:39:14.683+0000] {dag.py:3444} INFO - Setting next_dagrun for latest_only to 2023-03-28T23:39:14.682943+00:00, run_after=2023-03-29T03:39:14.682943+00:00
[2023-03-29T03:39:14.694+0000] {processor.py:175} INFO - Processing /home/airflow/.local/lib/python3.7/site-packages/airflow/example_dags/example_latest_only.py took 0.067 seconds
[2023-03-29T03:39:45.205+0000] {processor.py:153} INFO - Started process (PID=1344) to work on /home/airflow/.local/lib/python3.7/site-packages/airflow/example_dags/example_latest_only.py
[2023-03-29T03:39:45.207+0000] {processor.py:743} INFO - Processing file /home/airflow/.local/lib/python3.7/site-packages/airflow/example_dags/example_latest_only.py for tasks to queue
[2023-03-29T03:39:45.208+0000] {logging_mixin.py:137} INFO - [2023-03-29T03:39:45.208+0000] {dagbag.py:532} INFO - Filling up the DagBag from /home/airflow/.local/lib/python3.7/site-packages/airflow/example_dags/example_latest_only.py
[2023-03-29T03:39:45.218+0000] {processor.py:753} INFO - DAG(s) dict_keys(['latest_only']) retrieved from /home/airflow/.local/lib/python3.7/site-packages/airflow/example_dags/example_latest_only.py
[2023-03-29T03:39:45.237+0000] {logging_mixin.py:137} INFO - [2023-03-29T03:39:45.237+0000] {dag.py:2693} INFO - Sync 1 DAGs
[2023-03-29T03:39:45.256+0000] {logging_mixin.py:137} INFO - [2023-03-29T03:39:45.256+0000] {dag.py:3444} INFO - Setting next_dagrun for latest_only to 2023-03-28T23:39:45.256116+00:00, run_after=2023-03-29T03:39:45.256116+00:00
[2023-03-29T03:39:45.267+0000] {processor.py:175} INFO - Processing /home/airflow/.local/lib/python3.7/site-packages/airflow/example_dags/example_latest_only.py took 0.064 seconds
[2023-03-29T03:40:16.098+0000] {processor.py:153} INFO - Started process (PID=1393) to work on /home/airflow/.local/lib/python3.7/site-packages/airflow/example_dags/example_latest_only.py
[2023-03-29T03:40:16.100+0000] {processor.py:743} INFO - Processing file /home/airflow/.local/lib/python3.7/site-packages/airflow/example_dags/example_latest_only.py for tasks to queue
[2023-03-29T03:40:16.102+0000] {logging_mixin.py:137} INFO - [2023-03-29T03:40:16.102+0000] {dagbag.py:532} INFO - Filling up the DagBag from /home/airflow/.local/lib/python3.7/site-packages/airflow/example_dags/example_latest_only.py
[2023-03-29T03:40:16.117+0000] {processor.py:753} INFO - DAG(s) dict_keys(['latest_only']) retrieved from /home/airflow/.local/lib/python3.7/site-packages/airflow/example_dags/example_latest_only.py
[2023-03-29T03:40:16.145+0000] {logging_mixin.py:137} INFO - [2023-03-29T03:40:16.145+0000] {dag.py:2693} INFO - Sync 1 DAGs
[2023-03-29T03:40:16.169+0000] {logging_mixin.py:137} INFO - [2023-03-29T03:40:16.169+0000] {dag.py:3444} INFO - Setting next_dagrun for latest_only to 2023-03-28T23:40:16.169359+00:00, run_after=2023-03-29T03:40:16.169359+00:00
[2023-03-29T03:40:16.186+0000] {processor.py:175} INFO - Processing /home/airflow/.local/lib/python3.7/site-packages/airflow/example_dags/example_latest_only.py took 0.091 seconds
[2023-03-29T03:40:46.851+0000] {processor.py:153} INFO - Started process (PID=1442) to work on /home/airflow/.local/lib/python3.7/site-packages/airflow/example_dags/example_latest_only.py
[2023-03-29T03:40:46.853+0000] {processor.py:743} INFO - Processing file /home/airflow/.local/lib/python3.7/site-packages/airflow/example_dags/example_latest_only.py for tasks to queue
[2023-03-29T03:40:46.854+0000] {logging_mixin.py:137} INFO - [2023-03-29T03:40:46.854+0000] {dagbag.py:532} INFO - Filling up the DagBag from /home/airflow/.local/lib/python3.7/site-packages/airflow/example_dags/example_latest_only.py
[2023-03-29T03:40:46.863+0000] {processor.py:753} INFO - DAG(s) dict_keys(['latest_only']) retrieved from /home/airflow/.local/lib/python3.7/site-packages/airflow/example_dags/example_latest_only.py
[2023-03-29T03:40:46.884+0000] {logging_mixin.py:137} INFO - [2023-03-29T03:40:46.884+0000] {dag.py:2693} INFO - Sync 1 DAGs
[2023-03-29T03:40:46.905+0000] {logging_mixin.py:137} INFO - [2023-03-29T03:40:46.905+0000] {dag.py:3444} INFO - Setting next_dagrun for latest_only to 2023-03-28T23:40:46.905201+00:00, run_after=2023-03-29T03:40:46.905201+00:00
[2023-03-29T03:40:46.917+0000] {processor.py:175} INFO - Processing /home/airflow/.local/lib/python3.7/site-packages/airflow/example_dags/example_latest_only.py took 0.068 seconds
[2023-03-29T03:41:17.365+0000] {processor.py:153} INFO - Started process (PID=1491) to work on /home/airflow/.local/lib/python3.7/site-packages/airflow/example_dags/example_latest_only.py
[2023-03-29T03:41:17.366+0000] {processor.py:743} INFO - Processing file /home/airflow/.local/lib/python3.7/site-packages/airflow/example_dags/example_latest_only.py for tasks to queue
[2023-03-29T03:41:17.367+0000] {logging_mixin.py:137} INFO - [2023-03-29T03:41:17.367+0000] {dagbag.py:532} INFO - Filling up the DagBag from /home/airflow/.local/lib/python3.7/site-packages/airflow/example_dags/example_latest_only.py
[2023-03-29T03:41:17.376+0000] {processor.py:753} INFO - DAG(s) dict_keys(['latest_only']) retrieved from /home/airflow/.local/lib/python3.7/site-packages/airflow/example_dags/example_latest_only.py
[2023-03-29T03:41:17.394+0000] {logging_mixin.py:137} INFO - [2023-03-29T03:41:17.394+0000] {dag.py:2693} INFO - Sync 1 DAGs
[2023-03-29T03:41:17.412+0000] {logging_mixin.py:137} INFO - [2023-03-29T03:41:17.412+0000] {dag.py:3444} INFO - Setting next_dagrun for latest_only to 2023-03-28T23:41:17.412200+00:00, run_after=2023-03-29T03:41:17.412200+00:00
[2023-03-29T03:41:17.425+0000] {processor.py:175} INFO - Processing /home/airflow/.local/lib/python3.7/site-packages/airflow/example_dags/example_latest_only.py took 0.062 seconds
[2023-03-29T03:41:48.146+0000] {processor.py:153} INFO - Started process (PID=1540) to work on /home/airflow/.local/lib/python3.7/site-packages/airflow/example_dags/example_latest_only.py
[2023-03-29T03:41:48.147+0000] {processor.py:743} INFO - Processing file /home/airflow/.local/lib/python3.7/site-packages/airflow/example_dags/example_latest_only.py for tasks to queue
[2023-03-29T03:41:48.148+0000] {logging_mixin.py:137} INFO - [2023-03-29T03:41:48.148+0000] {dagbag.py:532} INFO - Filling up the DagBag from /home/airflow/.local/lib/python3.7/site-packages/airflow/example_dags/example_latest_only.py
[2023-03-29T03:41:48.157+0000] {processor.py:753} INFO - DAG(s) dict_keys(['latest_only']) retrieved from /home/airflow/.local/lib/python3.7/site-packages/airflow/example_dags/example_latest_only.py
[2023-03-29T03:41:48.177+0000] {logging_mixin.py:137} INFO - [2023-03-29T03:41:48.177+0000] {dag.py:2693} INFO - Sync 1 DAGs
[2023-03-29T03:41:48.193+0000] {logging_mixin.py:137} INFO - [2023-03-29T03:41:48.193+0000] {dag.py:3444} INFO - Setting next_dagrun for latest_only to 2023-03-28T23:41:48.193145+00:00, run_after=2023-03-29T03:41:48.193145+00:00
[2023-03-29T03:41:48.205+0000] {processor.py:175} INFO - Processing /home/airflow/.local/lib/python3.7/site-packages/airflow/example_dags/example_latest_only.py took 0.062 seconds
[2023-03-29T03:42:18.624+0000] {processor.py:153} INFO - Started process (PID=1591) to work on /home/airflow/.local/lib/python3.7/site-packages/airflow/example_dags/example_latest_only.py
[2023-03-29T03:42:18.626+0000] {processor.py:743} INFO - Processing file /home/airflow/.local/lib/python3.7/site-packages/airflow/example_dags/example_latest_only.py for tasks to queue
[2023-03-29T03:42:18.627+0000] {logging_mixin.py:137} INFO - [2023-03-29T03:42:18.627+0000] {dagbag.py:532} INFO - Filling up the DagBag from /home/airflow/.local/lib/python3.7/site-packages/airflow/example_dags/example_latest_only.py
[2023-03-29T03:42:18.636+0000] {processor.py:753} INFO - DAG(s) dict_keys(['latest_only']) retrieved from /home/airflow/.local/lib/python3.7/site-packages/airflow/example_dags/example_latest_only.py
[2023-03-29T03:42:18.653+0000] {logging_mixin.py:137} INFO - [2023-03-29T03:42:18.653+0000] {dag.py:2693} INFO - Sync 1 DAGs
[2023-03-29T03:42:18.669+0000] {logging_mixin.py:137} INFO - [2023-03-29T03:42:18.669+0000] {dag.py:3444} INFO - Setting next_dagrun for latest_only to 2023-03-28T23:42:18.669089+00:00, run_after=2023-03-29T03:42:18.669089+00:00
[2023-03-29T03:42:18.686+0000] {processor.py:175} INFO - Processing /home/airflow/.local/lib/python3.7/site-packages/airflow/example_dags/example_latest_only.py took 0.064 seconds
[2023-03-29T03:42:49.220+0000] {processor.py:153} INFO - Started process (PID=1640) to work on /home/airflow/.local/lib/python3.7/site-packages/airflow/example_dags/example_latest_only.py
[2023-03-29T03:42:49.222+0000] {processor.py:743} INFO - Processing file /home/airflow/.local/lib/python3.7/site-packages/airflow/example_dags/example_latest_only.py for tasks to queue
[2023-03-29T03:42:49.224+0000] {logging_mixin.py:137} INFO - [2023-03-29T03:42:49.223+0000] {dagbag.py:532} INFO - Filling up the DagBag from /home/airflow/.local/lib/python3.7/site-packages/airflow/example_dags/example_latest_only.py
[2023-03-29T03:42:49.234+0000] {processor.py:753} INFO - DAG(s) dict_keys(['latest_only']) retrieved from /home/airflow/.local/lib/python3.7/site-packages/airflow/example_dags/example_latest_only.py
[2023-03-29T03:42:49.257+0000] {logging_mixin.py:137} INFO - [2023-03-29T03:42:49.257+0000] {dag.py:2693} INFO - Sync 1 DAGs
[2023-03-29T03:42:49.277+0000] {logging_mixin.py:137} INFO - [2023-03-29T03:42:49.277+0000] {dag.py:3444} INFO - Setting next_dagrun for latest_only to 2023-03-28T23:42:49.277567+00:00, run_after=2023-03-29T03:42:49.277567+00:00
[2023-03-29T03:42:49.292+0000] {processor.py:175} INFO - Processing /home/airflow/.local/lib/python3.7/site-packages/airflow/example_dags/example_latest_only.py took 0.075 seconds
[2023-03-29T03:43:19.964+0000] {processor.py:153} INFO - Started process (PID=1689) to work on /home/airflow/.local/lib/python3.7/site-packages/airflow/example_dags/example_latest_only.py
[2023-03-29T03:43:19.965+0000] {processor.py:743} INFO - Processing file /home/airflow/.local/lib/python3.7/site-packages/airflow/example_dags/example_latest_only.py for tasks to queue
[2023-03-29T03:43:19.966+0000] {logging_mixin.py:137} INFO - [2023-03-29T03:43:19.966+0000] {dagbag.py:532} INFO - Filling up the DagBag from /home/airflow/.local/lib/python3.7/site-packages/airflow/example_dags/example_latest_only.py
[2023-03-29T03:43:19.976+0000] {processor.py:753} INFO - DAG(s) dict_keys(['latest_only']) retrieved from /home/airflow/.local/lib/python3.7/site-packages/airflow/example_dags/example_latest_only.py
[2023-03-29T03:43:20.000+0000] {logging_mixin.py:137} INFO - [2023-03-29T03:43:20.000+0000] {dag.py:2693} INFO - Sync 1 DAGs
[2023-03-29T03:43:20.044+0000] {logging_mixin.py:137} INFO - [2023-03-29T03:43:20.044+0000] {dag.py:3444} INFO - Setting next_dagrun for latest_only to 2023-03-28T23:43:20.043890+00:00, run_after=2023-03-29T03:43:20.043890+00:00
[2023-03-29T03:43:20.066+0000] {processor.py:175} INFO - Processing /home/airflow/.local/lib/python3.7/site-packages/airflow/example_dags/example_latest_only.py took 0.104 seconds
[2023-03-29T03:43:50.762+0000] {processor.py:153} INFO - Started process (PID=1738) to work on /home/airflow/.local/lib/python3.7/site-packages/airflow/example_dags/example_latest_only.py
[2023-03-29T03:43:50.766+0000] {processor.py:743} INFO - Processing file /home/airflow/.local/lib/python3.7/site-packages/airflow/example_dags/example_latest_only.py for tasks to queue
[2023-03-29T03:43:50.767+0000] {logging_mixin.py:137} INFO - [2023-03-29T03:43:50.767+0000] {dagbag.py:532} INFO - Filling up the DagBag from /home/airflow/.local/lib/python3.7/site-packages/airflow/example_dags/example_latest_only.py
[2023-03-29T03:43:50.776+0000] {processor.py:753} INFO - DAG(s) dict_keys(['latest_only']) retrieved from /home/airflow/.local/lib/python3.7/site-packages/airflow/example_dags/example_latest_only.py
[2023-03-29T03:43:50.793+0000] {logging_mixin.py:137} INFO - [2023-03-29T03:43:50.793+0000] {dag.py:2693} INFO - Sync 1 DAGs
[2023-03-29T03:43:50.812+0000] {logging_mixin.py:137} INFO - [2023-03-29T03:43:50.812+0000] {dag.py:3444} INFO - Setting next_dagrun for latest_only to 2023-03-28T23:43:50.812368+00:00, run_after=2023-03-29T03:43:50.812368+00:00
[2023-03-29T03:43:50.832+0000] {processor.py:175} INFO - Processing /home/airflow/.local/lib/python3.7/site-packages/airflow/example_dags/example_latest_only.py took 0.072 seconds
[2023-03-29T03:44:22.069+0000] {processor.py:153} INFO - Started process (PID=1794) to work on /home/airflow/.local/lib/python3.7/site-packages/airflow/example_dags/example_latest_only.py
[2023-03-29T03:44:22.072+0000] {processor.py:743} INFO - Processing file /home/airflow/.local/lib/python3.7/site-packages/airflow/example_dags/example_latest_only.py for tasks to queue
[2023-03-29T03:44:22.074+0000] {logging_mixin.py:137} INFO - [2023-03-29T03:44:22.074+0000] {dagbag.py:532} INFO - Filling up the DagBag from /home/airflow/.local/lib/python3.7/site-packages/airflow/example_dags/example_latest_only.py
[2023-03-29T03:44:22.090+0000] {processor.py:753} INFO - DAG(s) dict_keys(['latest_only']) retrieved from /home/airflow/.local/lib/python3.7/site-packages/airflow/example_dags/example_latest_only.py
[2023-03-29T03:44:22.112+0000] {logging_mixin.py:137} INFO - [2023-03-29T03:44:22.112+0000] {dag.py:2693} INFO - Sync 1 DAGs
[2023-03-29T03:44:22.134+0000] {logging_mixin.py:137} INFO - [2023-03-29T03:44:22.134+0000] {dag.py:3444} INFO - Setting next_dagrun for latest_only to 2023-03-28T23:44:22.134000+00:00, run_after=2023-03-29T03:44:22.134000+00:00
[2023-03-29T03:44:22.150+0000] {processor.py:175} INFO - Processing /home/airflow/.local/lib/python3.7/site-packages/airflow/example_dags/example_latest_only.py took 0.083 seconds
[2023-03-29T03:44:53.016+0000] {processor.py:153} INFO - Started process (PID=1843) to work on /home/airflow/.local/lib/python3.7/site-packages/airflow/example_dags/example_latest_only.py
[2023-03-29T03:44:53.024+0000] {processor.py:743} INFO - Processing file /home/airflow/.local/lib/python3.7/site-packages/airflow/example_dags/example_latest_only.py for tasks to queue
[2023-03-29T03:44:53.028+0000] {logging_mixin.py:137} INFO - [2023-03-29T03:44:53.028+0000] {dagbag.py:532} INFO - Filling up the DagBag from /home/airflow/.local/lib/python3.7/site-packages/airflow/example_dags/example_latest_only.py
[2023-03-29T03:44:53.048+0000] {processor.py:753} INFO - DAG(s) dict_keys(['latest_only']) retrieved from /home/airflow/.local/lib/python3.7/site-packages/airflow/example_dags/example_latest_only.py
[2023-03-29T03:44:53.078+0000] {logging_mixin.py:137} INFO - [2023-03-29T03:44:53.077+0000] {dag.py:2693} INFO - Sync 1 DAGs
[2023-03-29T03:44:53.104+0000] {logging_mixin.py:137} INFO - [2023-03-29T03:44:53.104+0000] {dag.py:3444} INFO - Setting next_dagrun for latest_only to 2023-03-28T23:44:53.104586+00:00, run_after=2023-03-29T03:44:53.104586+00:00
[2023-03-29T03:44:53.120+0000] {processor.py:175} INFO - Processing /home/airflow/.local/lib/python3.7/site-packages/airflow/example_dags/example_latest_only.py took 0.108 seconds
[2023-03-29T03:45:23.167+0000] {processor.py:153} INFO - Started process (PID=1892) to work on /home/airflow/.local/lib/python3.7/site-packages/airflow/example_dags/example_latest_only.py
[2023-03-29T03:45:23.172+0000] {processor.py:743} INFO - Processing file /home/airflow/.local/lib/python3.7/site-packages/airflow/example_dags/example_latest_only.py for tasks to queue
[2023-03-29T03:45:23.176+0000] {logging_mixin.py:137} INFO - [2023-03-29T03:45:23.176+0000] {dagbag.py:532} INFO - Filling up the DagBag from /home/airflow/.local/lib/python3.7/site-packages/airflow/example_dags/example_latest_only.py
[2023-03-29T03:45:23.200+0000] {processor.py:753} INFO - DAG(s) dict_keys(['latest_only']) retrieved from /home/airflow/.local/lib/python3.7/site-packages/airflow/example_dags/example_latest_only.py
[2023-03-29T03:45:23.234+0000] {logging_mixin.py:137} INFO - [2023-03-29T03:45:23.233+0000] {dag.py:2693} INFO - Sync 1 DAGs
[2023-03-29T03:45:23.268+0000] {logging_mixin.py:137} INFO - [2023-03-29T03:45:23.268+0000] {dag.py:3444} INFO - Setting next_dagrun for latest_only to 2023-03-28T23:45:23.268302+00:00, run_after=2023-03-29T03:45:23.268302+00:00
[2023-03-29T03:45:23.293+0000] {processor.py:175} INFO - Processing /home/airflow/.local/lib/python3.7/site-packages/airflow/example_dags/example_latest_only.py took 0.131 seconds
[2023-03-29T03:45:54.269+0000] {processor.py:153} INFO - Started process (PID=1942) to work on /home/airflow/.local/lib/python3.7/site-packages/airflow/example_dags/example_latest_only.py
[2023-03-29T03:45:54.271+0000] {processor.py:743} INFO - Processing file /home/airflow/.local/lib/python3.7/site-packages/airflow/example_dags/example_latest_only.py for tasks to queue
[2023-03-29T03:45:54.273+0000] {logging_mixin.py:137} INFO - [2023-03-29T03:45:54.273+0000] {dagbag.py:532} INFO - Filling up the DagBag from /home/airflow/.local/lib/python3.7/site-packages/airflow/example_dags/example_latest_only.py
[2023-03-29T03:45:54.286+0000] {processor.py:753} INFO - DAG(s) dict_keys(['latest_only']) retrieved from /home/airflow/.local/lib/python3.7/site-packages/airflow/example_dags/example_latest_only.py
[2023-03-29T03:45:54.307+0000] {logging_mixin.py:137} INFO - [2023-03-29T03:45:54.307+0000] {dag.py:2693} INFO - Sync 1 DAGs
[2023-03-29T03:45:54.324+0000] {logging_mixin.py:137} INFO - [2023-03-29T03:45:54.323+0000] {dag.py:3444} INFO - Setting next_dagrun for latest_only to 2023-03-28T23:45:54.323814+00:00, run_after=2023-03-29T03:45:54.323814+00:00
[2023-03-29T03:45:54.336+0000] {processor.py:175} INFO - Processing /home/airflow/.local/lib/python3.7/site-packages/airflow/example_dags/example_latest_only.py took 0.072 seconds
[2023-03-29T03:46:24.983+0000] {processor.py:153} INFO - Started process (PID=1991) to work on /home/airflow/.local/lib/python3.7/site-packages/airflow/example_dags/example_latest_only.py
[2023-03-29T03:46:24.984+0000] {processor.py:743} INFO - Processing file /home/airflow/.local/lib/python3.7/site-packages/airflow/example_dags/example_latest_only.py for tasks to queue
[2023-03-29T03:46:24.986+0000] {logging_mixin.py:137} INFO - [2023-03-29T03:46:24.986+0000] {dagbag.py:532} INFO - Filling up the DagBag from /home/airflow/.local/lib/python3.7/site-packages/airflow/example_dags/example_latest_only.py
[2023-03-29T03:46:25.006+0000] {processor.py:753} INFO - DAG(s) dict_keys(['latest_only']) retrieved from /home/airflow/.local/lib/python3.7/site-packages/airflow/example_dags/example_latest_only.py
[2023-03-29T03:46:25.047+0000] {logging_mixin.py:137} INFO - [2023-03-29T03:46:25.047+0000] {dag.py:2693} INFO - Sync 1 DAGs
[2023-03-29T03:46:25.075+0000] {logging_mixin.py:137} INFO - [2023-03-29T03:46:25.075+0000] {dag.py:3444} INFO - Setting next_dagrun for latest_only to 2023-03-28T23:46:25.074877+00:00, run_after=2023-03-29T03:46:25.074877+00:00
[2023-03-29T03:46:25.093+0000] {processor.py:175} INFO - Processing /home/airflow/.local/lib/python3.7/site-packages/airflow/example_dags/example_latest_only.py took 0.117 seconds
[2023-03-29T03:46:55.563+0000] {processor.py:153} INFO - Started process (PID=2041) to work on /home/airflow/.local/lib/python3.7/site-packages/airflow/example_dags/example_latest_only.py
[2023-03-29T03:46:55.566+0000] {processor.py:743} INFO - Processing file /home/airflow/.local/lib/python3.7/site-packages/airflow/example_dags/example_latest_only.py for tasks to queue
[2023-03-29T03:46:55.567+0000] {logging_mixin.py:137} INFO - [2023-03-29T03:46:55.567+0000] {dagbag.py:532} INFO - Filling up the DagBag from /home/airflow/.local/lib/python3.7/site-packages/airflow/example_dags/example_latest_only.py
[2023-03-29T03:46:55.584+0000] {processor.py:753} INFO - DAG(s) dict_keys(['latest_only']) retrieved from /home/airflow/.local/lib/python3.7/site-packages/airflow/example_dags/example_latest_only.py
[2023-03-29T03:46:55.609+0000] {logging_mixin.py:137} INFO - [2023-03-29T03:46:55.609+0000] {dag.py:2693} INFO - Sync 1 DAGs
[2023-03-29T03:46:55.626+0000] {logging_mixin.py:137} INFO - [2023-03-29T03:46:55.626+0000] {dag.py:3444} INFO - Setting next_dagrun for latest_only to 2023-03-28T23:46:55.626056+00:00, run_after=2023-03-29T03:46:55.626056+00:00
[2023-03-29T03:46:55.638+0000] {processor.py:175} INFO - Processing /home/airflow/.local/lib/python3.7/site-packages/airflow/example_dags/example_latest_only.py took 0.082 seconds
[2023-03-29T03:47:26.245+0000] {processor.py:153} INFO - Started process (PID=2091) to work on /home/airflow/.local/lib/python3.7/site-packages/airflow/example_dags/example_latest_only.py
[2023-03-29T03:47:26.247+0000] {processor.py:743} INFO - Processing file /home/airflow/.local/lib/python3.7/site-packages/airflow/example_dags/example_latest_only.py for tasks to queue
[2023-03-29T03:47:26.250+0000] {logging_mixin.py:137} INFO - [2023-03-29T03:47:26.249+0000] {dagbag.py:532} INFO - Filling up the DagBag from /home/airflow/.local/lib/python3.7/site-packages/airflow/example_dags/example_latest_only.py
[2023-03-29T03:47:26.276+0000] {processor.py:753} INFO - DAG(s) dict_keys(['latest_only']) retrieved from /home/airflow/.local/lib/python3.7/site-packages/airflow/example_dags/example_latest_only.py
[2023-03-29T03:47:26.315+0000] {logging_mixin.py:137} INFO - [2023-03-29T03:47:26.315+0000] {dag.py:2693} INFO - Sync 1 DAGs
[2023-03-29T03:47:26.350+0000] {logging_mixin.py:137} INFO - [2023-03-29T03:47:26.350+0000] {dag.py:3444} INFO - Setting next_dagrun for latest_only to 2023-03-28T23:47:26.349847+00:00, run_after=2023-03-29T03:47:26.349847+00:00
[2023-03-29T03:47:26.370+0000] {processor.py:175} INFO - Processing /home/airflow/.local/lib/python3.7/site-packages/airflow/example_dags/example_latest_only.py took 0.131 seconds
