[2023-03-29T03:26:26.759+0000] {processor.py:153} INFO - Started process (PID=54) to work on /home/airflow/.local/lib/python3.7/site-packages/airflow/example_dags/example_skip_dag.py
[2023-03-29T03:26:26.761+0000] {processor.py:743} INFO - Processing file /home/airflow/.local/lib/python3.7/site-packages/airflow/example_dags/example_skip_dag.py for tasks to queue
[2023-03-29T03:26:26.765+0000] {logging_mixin.py:137} INFO - [2023-03-29T03:26:26.765+0000] {dagbag.py:532} INFO - Filling up the DagBag from /home/airflow/.local/lib/python3.7/site-packages/airflow/example_dags/example_skip_dag.py
[2023-03-29T03:26:26.804+0000] {processor.py:753} INFO - DAG(s) dict_keys(['example_skip_dag']) retrieved from /home/airflow/.local/lib/python3.7/site-packages/airflow/example_dags/example_skip_dag.py
[2023-03-29T03:26:26.839+0000] {logging_mixin.py:137} INFO - [2023-03-29T03:26:26.839+0000] {dag.py:2693} INFO - Sync 1 DAGs
[2023-03-29T03:26:26.873+0000] {logging_mixin.py:137} INFO - [2023-03-29T03:26:26.873+0000] {dag.py:3444} INFO - Setting next_dagrun for example_skip_dag to 2023-03-28T03:26:26.872653+00:00, run_after=2023-03-29T03:26:26.872653+00:00
[2023-03-29T03:26:26.897+0000] {processor.py:175} INFO - Processing /home/airflow/.local/lib/python3.7/site-packages/airflow/example_dags/example_skip_dag.py took 0.145 seconds
[2023-03-29T03:26:57.543+0000] {processor.py:153} INFO - Started process (PID=103) to work on /home/airflow/.local/lib/python3.7/site-packages/airflow/example_dags/example_skip_dag.py
[2023-03-29T03:26:57.544+0000] {processor.py:743} INFO - Processing file /home/airflow/.local/lib/python3.7/site-packages/airflow/example_dags/example_skip_dag.py for tasks to queue
[2023-03-29T03:26:57.545+0000] {logging_mixin.py:137} INFO - [2023-03-29T03:26:57.545+0000] {dagbag.py:532} INFO - Filling up the DagBag from /home/airflow/.local/lib/python3.7/site-packages/airflow/example_dags/example_skip_dag.py
[2023-03-29T03:26:57.555+0000] {processor.py:753} INFO - DAG(s) dict_keys(['example_skip_dag']) retrieved from /home/airflow/.local/lib/python3.7/site-packages/airflow/example_dags/example_skip_dag.py
[2023-03-29T03:26:57.576+0000] {logging_mixin.py:137} INFO - [2023-03-29T03:26:57.576+0000] {dag.py:2693} INFO - Sync 1 DAGs
[2023-03-29T03:26:57.599+0000] {logging_mixin.py:137} INFO - [2023-03-29T03:26:57.599+0000] {dag.py:3444} INFO - Setting next_dagrun for example_skip_dag to 2023-03-28T03:26:57.599447+00:00, run_after=2023-03-29T03:26:57.599447+00:00
[2023-03-29T03:26:57.616+0000] {processor.py:175} INFO - Processing /home/airflow/.local/lib/python3.7/site-packages/airflow/example_dags/example_skip_dag.py took 0.076 seconds
[2023-03-29T03:27:28.097+0000] {processor.py:153} INFO - Started process (PID=152) to work on /home/airflow/.local/lib/python3.7/site-packages/airflow/example_dags/example_skip_dag.py
[2023-03-29T03:27:28.099+0000] {processor.py:743} INFO - Processing file /home/airflow/.local/lib/python3.7/site-packages/airflow/example_dags/example_skip_dag.py for tasks to queue
[2023-03-29T03:27:28.101+0000] {logging_mixin.py:137} INFO - [2023-03-29T03:27:28.101+0000] {dagbag.py:532} INFO - Filling up the DagBag from /home/airflow/.local/lib/python3.7/site-packages/airflow/example_dags/example_skip_dag.py
[2023-03-29T03:27:28.112+0000] {processor.py:753} INFO - DAG(s) dict_keys(['example_skip_dag']) retrieved from /home/airflow/.local/lib/python3.7/site-packages/airflow/example_dags/example_skip_dag.py
[2023-03-29T03:27:28.135+0000] {logging_mixin.py:137} INFO - [2023-03-29T03:27:28.135+0000] {dag.py:2693} INFO - Sync 1 DAGs
[2023-03-29T03:27:28.158+0000] {logging_mixin.py:137} INFO - [2023-03-29T03:27:28.158+0000] {dag.py:3444} INFO - Setting next_dagrun for example_skip_dag to 2023-03-28T03:27:28.158502+00:00, run_after=2023-03-29T03:27:28.158502+00:00
[2023-03-29T03:27:28.187+0000] {processor.py:175} INFO - Processing /home/airflow/.local/lib/python3.7/site-packages/airflow/example_dags/example_skip_dag.py took 0.092 seconds
[2023-03-29T03:27:58.785+0000] {processor.py:153} INFO - Started process (PID=201) to work on /home/airflow/.local/lib/python3.7/site-packages/airflow/example_dags/example_skip_dag.py
[2023-03-29T03:27:58.788+0000] {processor.py:743} INFO - Processing file /home/airflow/.local/lib/python3.7/site-packages/airflow/example_dags/example_skip_dag.py for tasks to queue
[2023-03-29T03:27:58.789+0000] {logging_mixin.py:137} INFO - [2023-03-29T03:27:58.789+0000] {dagbag.py:532} INFO - Filling up the DagBag from /home/airflow/.local/lib/python3.7/site-packages/airflow/example_dags/example_skip_dag.py
[2023-03-29T03:27:58.799+0000] {processor.py:753} INFO - DAG(s) dict_keys(['example_skip_dag']) retrieved from /home/airflow/.local/lib/python3.7/site-packages/airflow/example_dags/example_skip_dag.py
[2023-03-29T03:27:58.823+0000] {logging_mixin.py:137} INFO - [2023-03-29T03:27:58.822+0000] {dag.py:2693} INFO - Sync 1 DAGs
[2023-03-29T03:27:58.841+0000] {logging_mixin.py:137} INFO - [2023-03-29T03:27:58.841+0000] {dag.py:3444} INFO - Setting next_dagrun for example_skip_dag to 2023-03-28T03:27:58.841060+00:00, run_after=2023-03-29T03:27:58.841060+00:00
[2023-03-29T03:27:58.854+0000] {processor.py:175} INFO - Processing /home/airflow/.local/lib/python3.7/site-packages/airflow/example_dags/example_skip_dag.py took 0.071 seconds
[2023-03-29T03:28:29.253+0000] {processor.py:153} INFO - Started process (PID=250) to work on /home/airflow/.local/lib/python3.7/site-packages/airflow/example_dags/example_skip_dag.py
[2023-03-29T03:28:29.255+0000] {processor.py:743} INFO - Processing file /home/airflow/.local/lib/python3.7/site-packages/airflow/example_dags/example_skip_dag.py for tasks to queue
[2023-03-29T03:28:29.256+0000] {logging_mixin.py:137} INFO - [2023-03-29T03:28:29.256+0000] {dagbag.py:532} INFO - Filling up the DagBag from /home/airflow/.local/lib/python3.7/site-packages/airflow/example_dags/example_skip_dag.py
[2023-03-29T03:28:29.267+0000] {processor.py:753} INFO - DAG(s) dict_keys(['example_skip_dag']) retrieved from /home/airflow/.local/lib/python3.7/site-packages/airflow/example_dags/example_skip_dag.py
[2023-03-29T03:28:29.290+0000] {logging_mixin.py:137} INFO - [2023-03-29T03:28:29.290+0000] {dag.py:2693} INFO - Sync 1 DAGs
[2023-03-29T03:28:29.311+0000] {logging_mixin.py:137} INFO - [2023-03-29T03:28:29.311+0000] {dag.py:3444} INFO - Setting next_dagrun for example_skip_dag to 2023-03-28T03:28:29.311601+00:00, run_after=2023-03-29T03:28:29.311601+00:00
[2023-03-29T03:28:29.326+0000] {processor.py:175} INFO - Processing /home/airflow/.local/lib/python3.7/site-packages/airflow/example_dags/example_skip_dag.py took 0.075 seconds
[2023-03-29T03:28:59.804+0000] {processor.py:153} INFO - Started process (PID=299) to work on /home/airflow/.local/lib/python3.7/site-packages/airflow/example_dags/example_skip_dag.py
[2023-03-29T03:28:59.805+0000] {processor.py:743} INFO - Processing file /home/airflow/.local/lib/python3.7/site-packages/airflow/example_dags/example_skip_dag.py for tasks to queue
[2023-03-29T03:28:59.807+0000] {logging_mixin.py:137} INFO - [2023-03-29T03:28:59.807+0000] {dagbag.py:532} INFO - Filling up the DagBag from /home/airflow/.local/lib/python3.7/site-packages/airflow/example_dags/example_skip_dag.py
[2023-03-29T03:28:59.819+0000] {processor.py:753} INFO - DAG(s) dict_keys(['example_skip_dag']) retrieved from /home/airflow/.local/lib/python3.7/site-packages/airflow/example_dags/example_skip_dag.py
[2023-03-29T03:28:59.839+0000] {logging_mixin.py:137} INFO - [2023-03-29T03:28:59.839+0000] {dag.py:2693} INFO - Sync 1 DAGs
[2023-03-29T03:28:59.861+0000] {logging_mixin.py:137} INFO - [2023-03-29T03:28:59.861+0000] {dag.py:3444} INFO - Setting next_dagrun for example_skip_dag to 2023-03-28T03:28:59.861140+00:00, run_after=2023-03-29T03:28:59.861140+00:00
[2023-03-29T03:28:59.879+0000] {processor.py:175} INFO - Processing /home/airflow/.local/lib/python3.7/site-packages/airflow/example_dags/example_skip_dag.py took 0.077 seconds
[2023-03-29T03:29:30.531+0000] {processor.py:153} INFO - Started process (PID=348) to work on /home/airflow/.local/lib/python3.7/site-packages/airflow/example_dags/example_skip_dag.py
[2023-03-29T03:29:30.533+0000] {processor.py:743} INFO - Processing file /home/airflow/.local/lib/python3.7/site-packages/airflow/example_dags/example_skip_dag.py for tasks to queue
[2023-03-29T03:29:30.534+0000] {logging_mixin.py:137} INFO - [2023-03-29T03:29:30.534+0000] {dagbag.py:532} INFO - Filling up the DagBag from /home/airflow/.local/lib/python3.7/site-packages/airflow/example_dags/example_skip_dag.py
[2023-03-29T03:29:30.547+0000] {processor.py:753} INFO - DAG(s) dict_keys(['example_skip_dag']) retrieved from /home/airflow/.local/lib/python3.7/site-packages/airflow/example_dags/example_skip_dag.py
[2023-03-29T03:29:30.567+0000] {logging_mixin.py:137} INFO - [2023-03-29T03:29:30.567+0000] {dag.py:2693} INFO - Sync 1 DAGs
[2023-03-29T03:29:30.590+0000] {logging_mixin.py:137} INFO - [2023-03-29T03:29:30.590+0000] {dag.py:3444} INFO - Setting next_dagrun for example_skip_dag to 2023-03-28T03:29:30.590427+00:00, run_after=2023-03-29T03:29:30.590427+00:00
[2023-03-29T03:29:30.605+0000] {processor.py:175} INFO - Processing /home/airflow/.local/lib/python3.7/site-packages/airflow/example_dags/example_skip_dag.py took 0.076 seconds
[2023-03-29T03:30:01.605+0000] {processor.py:153} INFO - Started process (PID=397) to work on /home/airflow/.local/lib/python3.7/site-packages/airflow/example_dags/example_skip_dag.py
[2023-03-29T03:30:01.606+0000] {processor.py:743} INFO - Processing file /home/airflow/.local/lib/python3.7/site-packages/airflow/example_dags/example_skip_dag.py for tasks to queue
[2023-03-29T03:30:01.607+0000] {logging_mixin.py:137} INFO - [2023-03-29T03:30:01.607+0000] {dagbag.py:532} INFO - Filling up the DagBag from /home/airflow/.local/lib/python3.7/site-packages/airflow/example_dags/example_skip_dag.py
[2023-03-29T03:30:01.618+0000] {processor.py:753} INFO - DAG(s) dict_keys(['example_skip_dag']) retrieved from /home/airflow/.local/lib/python3.7/site-packages/airflow/example_dags/example_skip_dag.py
[2023-03-29T03:30:01.641+0000] {logging_mixin.py:137} INFO - [2023-03-29T03:30:01.641+0000] {dag.py:2693} INFO - Sync 1 DAGs
[2023-03-29T03:30:01.674+0000] {logging_mixin.py:137} INFO - [2023-03-29T03:30:01.673+0000] {dag.py:3444} INFO - Setting next_dagrun for example_skip_dag to 2023-03-28T03:30:01.673789+00:00, run_after=2023-03-29T03:30:01.673789+00:00
[2023-03-29T03:30:01.689+0000] {processor.py:175} INFO - Processing /home/airflow/.local/lib/python3.7/site-packages/airflow/example_dags/example_skip_dag.py took 0.086 seconds
[2023-03-29T03:30:32.548+0000] {processor.py:153} INFO - Started process (PID=446) to work on /home/airflow/.local/lib/python3.7/site-packages/airflow/example_dags/example_skip_dag.py
[2023-03-29T03:30:32.550+0000] {processor.py:743} INFO - Processing file /home/airflow/.local/lib/python3.7/site-packages/airflow/example_dags/example_skip_dag.py for tasks to queue
[2023-03-29T03:30:32.551+0000] {logging_mixin.py:137} INFO - [2023-03-29T03:30:32.551+0000] {dagbag.py:532} INFO - Filling up the DagBag from /home/airflow/.local/lib/python3.7/site-packages/airflow/example_dags/example_skip_dag.py
[2023-03-29T03:30:32.562+0000] {processor.py:753} INFO - DAG(s) dict_keys(['example_skip_dag']) retrieved from /home/airflow/.local/lib/python3.7/site-packages/airflow/example_dags/example_skip_dag.py
[2023-03-29T03:30:32.581+0000] {logging_mixin.py:137} INFO - [2023-03-29T03:30:32.581+0000] {dag.py:2693} INFO - Sync 1 DAGs
[2023-03-29T03:30:32.601+0000] {logging_mixin.py:137} INFO - [2023-03-29T03:30:32.600+0000] {dag.py:3444} INFO - Setting next_dagrun for example_skip_dag to 2023-03-28T03:30:32.600701+00:00, run_after=2023-03-29T03:30:32.600701+00:00
[2023-03-29T03:30:32.620+0000] {processor.py:175} INFO - Processing /home/airflow/.local/lib/python3.7/site-packages/airflow/example_dags/example_skip_dag.py took 0.074 seconds
[2023-03-29T03:31:03.156+0000] {processor.py:153} INFO - Started process (PID=495) to work on /home/airflow/.local/lib/python3.7/site-packages/airflow/example_dags/example_skip_dag.py
[2023-03-29T03:31:03.157+0000] {processor.py:743} INFO - Processing file /home/airflow/.local/lib/python3.7/site-packages/airflow/example_dags/example_skip_dag.py for tasks to queue
[2023-03-29T03:31:03.159+0000] {logging_mixin.py:137} INFO - [2023-03-29T03:31:03.159+0000] {dagbag.py:532} INFO - Filling up the DagBag from /home/airflow/.local/lib/python3.7/site-packages/airflow/example_dags/example_skip_dag.py
[2023-03-29T03:31:03.170+0000] {processor.py:753} INFO - DAG(s) dict_keys(['example_skip_dag']) retrieved from /home/airflow/.local/lib/python3.7/site-packages/airflow/example_dags/example_skip_dag.py
[2023-03-29T03:31:03.193+0000] {logging_mixin.py:137} INFO - [2023-03-29T03:31:03.193+0000] {dag.py:2693} INFO - Sync 1 DAGs
[2023-03-29T03:31:03.218+0000] {logging_mixin.py:137} INFO - [2023-03-29T03:31:03.218+0000] {dag.py:3444} INFO - Setting next_dagrun for example_skip_dag to 2023-03-28T03:31:03.218115+00:00, run_after=2023-03-29T03:31:03.218115+00:00
[2023-03-29T03:31:03.232+0000] {processor.py:175} INFO - Processing /home/airflow/.local/lib/python3.7/site-packages/airflow/example_dags/example_skip_dag.py took 0.079 seconds
[2023-03-29T03:31:33.675+0000] {processor.py:153} INFO - Started process (PID=544) to work on /home/airflow/.local/lib/python3.7/site-packages/airflow/example_dags/example_skip_dag.py
[2023-03-29T03:31:33.677+0000] {processor.py:743} INFO - Processing file /home/airflow/.local/lib/python3.7/site-packages/airflow/example_dags/example_skip_dag.py for tasks to queue
[2023-03-29T03:31:33.678+0000] {logging_mixin.py:137} INFO - [2023-03-29T03:31:33.678+0000] {dagbag.py:532} INFO - Filling up the DagBag from /home/airflow/.local/lib/python3.7/site-packages/airflow/example_dags/example_skip_dag.py
[2023-03-29T03:31:33.688+0000] {processor.py:753} INFO - DAG(s) dict_keys(['example_skip_dag']) retrieved from /home/airflow/.local/lib/python3.7/site-packages/airflow/example_dags/example_skip_dag.py
[2023-03-29T03:31:33.705+0000] {logging_mixin.py:137} INFO - [2023-03-29T03:31:33.705+0000] {dag.py:2693} INFO - Sync 1 DAGs
[2023-03-29T03:31:33.722+0000] {logging_mixin.py:137} INFO - [2023-03-29T03:31:33.722+0000] {dag.py:3444} INFO - Setting next_dagrun for example_skip_dag to 2023-03-28T03:31:33.722466+00:00, run_after=2023-03-29T03:31:33.722466+00:00
[2023-03-29T03:31:33.735+0000] {processor.py:175} INFO - Processing /home/airflow/.local/lib/python3.7/site-packages/airflow/example_dags/example_skip_dag.py took 0.062 seconds
[2023-03-29T03:32:04.257+0000] {processor.py:153} INFO - Started process (PID=593) to work on /home/airflow/.local/lib/python3.7/site-packages/airflow/example_dags/example_skip_dag.py
[2023-03-29T03:32:04.259+0000] {processor.py:743} INFO - Processing file /home/airflow/.local/lib/python3.7/site-packages/airflow/example_dags/example_skip_dag.py for tasks to queue
[2023-03-29T03:32:04.260+0000] {logging_mixin.py:137} INFO - [2023-03-29T03:32:04.260+0000] {dagbag.py:532} INFO - Filling up the DagBag from /home/airflow/.local/lib/python3.7/site-packages/airflow/example_dags/example_skip_dag.py
[2023-03-29T03:32:04.269+0000] {processor.py:753} INFO - DAG(s) dict_keys(['example_skip_dag']) retrieved from /home/airflow/.local/lib/python3.7/site-packages/airflow/example_dags/example_skip_dag.py
[2023-03-29T03:32:04.288+0000] {logging_mixin.py:137} INFO - [2023-03-29T03:32:04.288+0000] {dag.py:2693} INFO - Sync 1 DAGs
[2023-03-29T03:32:04.336+0000] {logging_mixin.py:137} INFO - [2023-03-29T03:32:04.336+0000] {dag.py:3444} INFO - Setting next_dagrun for example_skip_dag to 2023-03-28T03:32:04.336068+00:00, run_after=2023-03-29T03:32:04.336068+00:00
[2023-03-29T03:32:04.351+0000] {processor.py:175} INFO - Processing /home/airflow/.local/lib/python3.7/site-packages/airflow/example_dags/example_skip_dag.py took 0.096 seconds
[2023-03-29T03:32:35.303+0000] {processor.py:153} INFO - Started process (PID=643) to work on /home/airflow/.local/lib/python3.7/site-packages/airflow/example_dags/example_skip_dag.py
[2023-03-29T03:32:35.304+0000] {processor.py:743} INFO - Processing file /home/airflow/.local/lib/python3.7/site-packages/airflow/example_dags/example_skip_dag.py for tasks to queue
[2023-03-29T03:32:35.307+0000] {logging_mixin.py:137} INFO - [2023-03-29T03:32:35.307+0000] {dagbag.py:532} INFO - Filling up the DagBag from /home/airflow/.local/lib/python3.7/site-packages/airflow/example_dags/example_skip_dag.py
[2023-03-29T03:32:35.317+0000] {processor.py:753} INFO - DAG(s) dict_keys(['example_skip_dag']) retrieved from /home/airflow/.local/lib/python3.7/site-packages/airflow/example_dags/example_skip_dag.py
[2023-03-29T03:32:35.336+0000] {logging_mixin.py:137} INFO - [2023-03-29T03:32:35.336+0000] {dag.py:2693} INFO - Sync 1 DAGs
[2023-03-29T03:32:35.357+0000] {logging_mixin.py:137} INFO - [2023-03-29T03:32:35.357+0000] {dag.py:3444} INFO - Setting next_dagrun for example_skip_dag to 2023-03-28T03:32:35.357691+00:00, run_after=2023-03-29T03:32:35.357691+00:00
[2023-03-29T03:32:35.390+0000] {processor.py:175} INFO - Processing /home/airflow/.local/lib/python3.7/site-packages/airflow/example_dags/example_skip_dag.py took 0.091 seconds
[2023-03-29T03:33:05.970+0000] {processor.py:153} INFO - Started process (PID=692) to work on /home/airflow/.local/lib/python3.7/site-packages/airflow/example_dags/example_skip_dag.py
[2023-03-29T03:33:05.972+0000] {processor.py:743} INFO - Processing file /home/airflow/.local/lib/python3.7/site-packages/airflow/example_dags/example_skip_dag.py for tasks to queue
[2023-03-29T03:33:05.977+0000] {logging_mixin.py:137} INFO - [2023-03-29T03:33:05.977+0000] {dagbag.py:532} INFO - Filling up the DagBag from /home/airflow/.local/lib/python3.7/site-packages/airflow/example_dags/example_skip_dag.py
[2023-03-29T03:33:05.987+0000] {processor.py:753} INFO - DAG(s) dict_keys(['example_skip_dag']) retrieved from /home/airflow/.local/lib/python3.7/site-packages/airflow/example_dags/example_skip_dag.py
[2023-03-29T03:33:06.005+0000] {logging_mixin.py:137} INFO - [2023-03-29T03:33:06.005+0000] {dag.py:2693} INFO - Sync 1 DAGs
[2023-03-29T03:33:06.024+0000] {logging_mixin.py:137} INFO - [2023-03-29T03:33:06.024+0000] {dag.py:3444} INFO - Setting next_dagrun for example_skip_dag to 2023-03-28T03:33:06.023956+00:00, run_after=2023-03-29T03:33:06.023956+00:00
[2023-03-29T03:33:06.035+0000] {processor.py:175} INFO - Processing /home/airflow/.local/lib/python3.7/site-packages/airflow/example_dags/example_skip_dag.py took 0.068 seconds
[2023-03-29T03:33:36.840+0000] {processor.py:153} INFO - Started process (PID=741) to work on /home/airflow/.local/lib/python3.7/site-packages/airflow/example_dags/example_skip_dag.py
[2023-03-29T03:33:36.842+0000] {processor.py:743} INFO - Processing file /home/airflow/.local/lib/python3.7/site-packages/airflow/example_dags/example_skip_dag.py for tasks to queue
[2023-03-29T03:33:36.843+0000] {logging_mixin.py:137} INFO - [2023-03-29T03:33:36.843+0000] {dagbag.py:532} INFO - Filling up the DagBag from /home/airflow/.local/lib/python3.7/site-packages/airflow/example_dags/example_skip_dag.py
[2023-03-29T03:33:36.857+0000] {processor.py:753} INFO - DAG(s) dict_keys(['example_skip_dag']) retrieved from /home/airflow/.local/lib/python3.7/site-packages/airflow/example_dags/example_skip_dag.py
[2023-03-29T03:33:36.877+0000] {logging_mixin.py:137} INFO - [2023-03-29T03:33:36.877+0000] {dag.py:2693} INFO - Sync 1 DAGs
[2023-03-29T03:33:36.897+0000] {logging_mixin.py:137} INFO - [2023-03-29T03:33:36.897+0000] {dag.py:3444} INFO - Setting next_dagrun for example_skip_dag to 2023-03-28T03:33:36.896914+00:00, run_after=2023-03-29T03:33:36.896914+00:00
[2023-03-29T03:33:36.909+0000] {processor.py:175} INFO - Processing /home/airflow/.local/lib/python3.7/site-packages/airflow/example_dags/example_skip_dag.py took 0.070 seconds
[2023-03-29T03:34:07.547+0000] {processor.py:153} INFO - Started process (PID=790) to work on /home/airflow/.local/lib/python3.7/site-packages/airflow/example_dags/example_skip_dag.py
[2023-03-29T03:34:07.548+0000] {processor.py:743} INFO - Processing file /home/airflow/.local/lib/python3.7/site-packages/airflow/example_dags/example_skip_dag.py for tasks to queue
[2023-03-29T03:34:07.549+0000] {logging_mixin.py:137} INFO - [2023-03-29T03:34:07.549+0000] {dagbag.py:532} INFO - Filling up the DagBag from /home/airflow/.local/lib/python3.7/site-packages/airflow/example_dags/example_skip_dag.py
[2023-03-29T03:34:07.560+0000] {processor.py:753} INFO - DAG(s) dict_keys(['example_skip_dag']) retrieved from /home/airflow/.local/lib/python3.7/site-packages/airflow/example_dags/example_skip_dag.py
[2023-03-29T03:34:07.581+0000] {logging_mixin.py:137} INFO - [2023-03-29T03:34:07.581+0000] {dag.py:2693} INFO - Sync 1 DAGs
[2023-03-29T03:34:07.603+0000] {logging_mixin.py:137} INFO - [2023-03-29T03:34:07.603+0000] {dag.py:3444} INFO - Setting next_dagrun for example_skip_dag to 2023-03-28T03:34:07.602927+00:00, run_after=2023-03-29T03:34:07.602927+00:00
[2023-03-29T03:34:07.618+0000] {processor.py:175} INFO - Processing /home/airflow/.local/lib/python3.7/site-packages/airflow/example_dags/example_skip_dag.py took 0.074 seconds
[2023-03-29T03:34:38.168+0000] {processor.py:153} INFO - Started process (PID=840) to work on /home/airflow/.local/lib/python3.7/site-packages/airflow/example_dags/example_skip_dag.py
[2023-03-29T03:34:38.169+0000] {processor.py:743} INFO - Processing file /home/airflow/.local/lib/python3.7/site-packages/airflow/example_dags/example_skip_dag.py for tasks to queue
[2023-03-29T03:34:38.170+0000] {logging_mixin.py:137} INFO - [2023-03-29T03:34:38.170+0000] {dagbag.py:532} INFO - Filling up the DagBag from /home/airflow/.local/lib/python3.7/site-packages/airflow/example_dags/example_skip_dag.py
[2023-03-29T03:34:38.179+0000] {processor.py:753} INFO - DAG(s) dict_keys(['example_skip_dag']) retrieved from /home/airflow/.local/lib/python3.7/site-packages/airflow/example_dags/example_skip_dag.py
[2023-03-29T03:34:38.197+0000] {logging_mixin.py:137} INFO - [2023-03-29T03:34:38.197+0000] {dag.py:2693} INFO - Sync 1 DAGs
[2023-03-29T03:34:38.217+0000] {logging_mixin.py:137} INFO - [2023-03-29T03:34:38.217+0000] {dag.py:3444} INFO - Setting next_dagrun for example_skip_dag to 2023-03-28T03:34:38.216983+00:00, run_after=2023-03-29T03:34:38.216983+00:00
[2023-03-29T03:34:38.231+0000] {processor.py:175} INFO - Processing /home/airflow/.local/lib/python3.7/site-packages/airflow/example_dags/example_skip_dag.py took 0.066 seconds
[2023-03-29T03:35:08.747+0000] {processor.py:153} INFO - Started process (PID=889) to work on /home/airflow/.local/lib/python3.7/site-packages/airflow/example_dags/example_skip_dag.py
[2023-03-29T03:35:08.748+0000] {processor.py:743} INFO - Processing file /home/airflow/.local/lib/python3.7/site-packages/airflow/example_dags/example_skip_dag.py for tasks to queue
[2023-03-29T03:35:08.749+0000] {logging_mixin.py:137} INFO - [2023-03-29T03:35:08.749+0000] {dagbag.py:532} INFO - Filling up the DagBag from /home/airflow/.local/lib/python3.7/site-packages/airflow/example_dags/example_skip_dag.py
[2023-03-29T03:35:08.759+0000] {processor.py:753} INFO - DAG(s) dict_keys(['example_skip_dag']) retrieved from /home/airflow/.local/lib/python3.7/site-packages/airflow/example_dags/example_skip_dag.py
[2023-03-29T03:35:08.776+0000] {logging_mixin.py:137} INFO - [2023-03-29T03:35:08.776+0000] {dag.py:2693} INFO - Sync 1 DAGs
[2023-03-29T03:35:08.794+0000] {logging_mixin.py:137} INFO - [2023-03-29T03:35:08.793+0000] {dag.py:3444} INFO - Setting next_dagrun for example_skip_dag to 2023-03-28T03:35:08.793697+00:00, run_after=2023-03-29T03:35:08.793697+00:00
[2023-03-29T03:35:08.807+0000] {processor.py:175} INFO - Processing /home/airflow/.local/lib/python3.7/site-packages/airflow/example_dags/example_skip_dag.py took 0.064 seconds
[2023-03-29T03:35:39.438+0000] {processor.py:153} INFO - Started process (PID=938) to work on /home/airflow/.local/lib/python3.7/site-packages/airflow/example_dags/example_skip_dag.py
[2023-03-29T03:35:39.440+0000] {processor.py:743} INFO - Processing file /home/airflow/.local/lib/python3.7/site-packages/airflow/example_dags/example_skip_dag.py for tasks to queue
[2023-03-29T03:35:39.441+0000] {logging_mixin.py:137} INFO - [2023-03-29T03:35:39.441+0000] {dagbag.py:532} INFO - Filling up the DagBag from /home/airflow/.local/lib/python3.7/site-packages/airflow/example_dags/example_skip_dag.py
[2023-03-29T03:35:39.452+0000] {processor.py:753} INFO - DAG(s) dict_keys(['example_skip_dag']) retrieved from /home/airflow/.local/lib/python3.7/site-packages/airflow/example_dags/example_skip_dag.py
[2023-03-29T03:35:39.471+0000] {logging_mixin.py:137} INFO - [2023-03-29T03:35:39.471+0000] {dag.py:2693} INFO - Sync 1 DAGs
[2023-03-29T03:35:39.491+0000] {logging_mixin.py:137} INFO - [2023-03-29T03:35:39.491+0000] {dag.py:3444} INFO - Setting next_dagrun for example_skip_dag to 2023-03-28T03:35:39.490840+00:00, run_after=2023-03-29T03:35:39.490840+00:00
[2023-03-29T03:35:39.505+0000] {processor.py:175} INFO - Processing /home/airflow/.local/lib/python3.7/site-packages/airflow/example_dags/example_skip_dag.py took 0.070 seconds
[2023-03-29T03:36:10.196+0000] {processor.py:153} INFO - Started process (PID=987) to work on /home/airflow/.local/lib/python3.7/site-packages/airflow/example_dags/example_skip_dag.py
[2023-03-29T03:36:10.197+0000] {processor.py:743} INFO - Processing file /home/airflow/.local/lib/python3.7/site-packages/airflow/example_dags/example_skip_dag.py for tasks to queue
[2023-03-29T03:36:10.198+0000] {logging_mixin.py:137} INFO - [2023-03-29T03:36:10.198+0000] {dagbag.py:532} INFO - Filling up the DagBag from /home/airflow/.local/lib/python3.7/site-packages/airflow/example_dags/example_skip_dag.py
[2023-03-29T03:36:10.209+0000] {processor.py:753} INFO - DAG(s) dict_keys(['example_skip_dag']) retrieved from /home/airflow/.local/lib/python3.7/site-packages/airflow/example_dags/example_skip_dag.py
[2023-03-29T03:36:10.228+0000] {logging_mixin.py:137} INFO - [2023-03-29T03:36:10.228+0000] {dag.py:2693} INFO - Sync 1 DAGs
[2023-03-29T03:36:10.245+0000] {logging_mixin.py:137} INFO - [2023-03-29T03:36:10.245+0000] {dag.py:3444} INFO - Setting next_dagrun for example_skip_dag to 2023-03-28T03:36:10.245331+00:00, run_after=2023-03-29T03:36:10.245331+00:00
[2023-03-29T03:36:10.262+0000] {processor.py:175} INFO - Processing /home/airflow/.local/lib/python3.7/site-packages/airflow/example_dags/example_skip_dag.py took 0.069 seconds
[2023-03-29T03:36:40.952+0000] {processor.py:153} INFO - Started process (PID=1037) to work on /home/airflow/.local/lib/python3.7/site-packages/airflow/example_dags/example_skip_dag.py
[2023-03-29T03:36:40.954+0000] {processor.py:743} INFO - Processing file /home/airflow/.local/lib/python3.7/site-packages/airflow/example_dags/example_skip_dag.py for tasks to queue
[2023-03-29T03:36:40.955+0000] {logging_mixin.py:137} INFO - [2023-03-29T03:36:40.955+0000] {dagbag.py:532} INFO - Filling up the DagBag from /home/airflow/.local/lib/python3.7/site-packages/airflow/example_dags/example_skip_dag.py
[2023-03-29T03:36:40.966+0000] {processor.py:753} INFO - DAG(s) dict_keys(['example_skip_dag']) retrieved from /home/airflow/.local/lib/python3.7/site-packages/airflow/example_dags/example_skip_dag.py
[2023-03-29T03:36:40.984+0000] {logging_mixin.py:137} INFO - [2023-03-29T03:36:40.984+0000] {dag.py:2693} INFO - Sync 1 DAGs
[2023-03-29T03:36:41.002+0000] {logging_mixin.py:137} INFO - [2023-03-29T03:36:41.002+0000] {dag.py:3444} INFO - Setting next_dagrun for example_skip_dag to 2023-03-28T03:36:41.002479+00:00, run_after=2023-03-29T03:36:41.002479+00:00
[2023-03-29T03:36:41.016+0000] {processor.py:175} INFO - Processing /home/airflow/.local/lib/python3.7/site-packages/airflow/example_dags/example_skip_dag.py took 0.066 seconds
[2023-03-29T03:37:11.622+0000] {processor.py:153} INFO - Started process (PID=1086) to work on /home/airflow/.local/lib/python3.7/site-packages/airflow/example_dags/example_skip_dag.py
[2023-03-29T03:37:11.623+0000] {processor.py:743} INFO - Processing file /home/airflow/.local/lib/python3.7/site-packages/airflow/example_dags/example_skip_dag.py for tasks to queue
[2023-03-29T03:37:11.624+0000] {logging_mixin.py:137} INFO - [2023-03-29T03:37:11.624+0000] {dagbag.py:532} INFO - Filling up the DagBag from /home/airflow/.local/lib/python3.7/site-packages/airflow/example_dags/example_skip_dag.py
[2023-03-29T03:37:11.634+0000] {processor.py:753} INFO - DAG(s) dict_keys(['example_skip_dag']) retrieved from /home/airflow/.local/lib/python3.7/site-packages/airflow/example_dags/example_skip_dag.py
[2023-03-29T03:37:11.654+0000] {logging_mixin.py:137} INFO - [2023-03-29T03:37:11.654+0000] {dag.py:2693} INFO - Sync 1 DAGs
[2023-03-29T03:37:11.672+0000] {logging_mixin.py:137} INFO - [2023-03-29T03:37:11.672+0000] {dag.py:3444} INFO - Setting next_dagrun for example_skip_dag to 2023-03-28T03:37:11.671978+00:00, run_after=2023-03-29T03:37:11.671978+00:00
[2023-03-29T03:37:11.690+0000] {processor.py:175} INFO - Processing /home/airflow/.local/lib/python3.7/site-packages/airflow/example_dags/example_skip_dag.py took 0.071 seconds
[2023-03-29T03:37:42.252+0000] {processor.py:153} INFO - Started process (PID=1135) to work on /home/airflow/.local/lib/python3.7/site-packages/airflow/example_dags/example_skip_dag.py
[2023-03-29T03:37:42.254+0000] {processor.py:743} INFO - Processing file /home/airflow/.local/lib/python3.7/site-packages/airflow/example_dags/example_skip_dag.py for tasks to queue
[2023-03-29T03:37:42.255+0000] {logging_mixin.py:137} INFO - [2023-03-29T03:37:42.255+0000] {dagbag.py:532} INFO - Filling up the DagBag from /home/airflow/.local/lib/python3.7/site-packages/airflow/example_dags/example_skip_dag.py
[2023-03-29T03:37:42.264+0000] {processor.py:753} INFO - DAG(s) dict_keys(['example_skip_dag']) retrieved from /home/airflow/.local/lib/python3.7/site-packages/airflow/example_dags/example_skip_dag.py
[2023-03-29T03:37:42.283+0000] {logging_mixin.py:137} INFO - [2023-03-29T03:37:42.282+0000] {dag.py:2693} INFO - Sync 1 DAGs
[2023-03-29T03:37:42.300+0000] {logging_mixin.py:137} INFO - [2023-03-29T03:37:42.300+0000] {dag.py:3444} INFO - Setting next_dagrun for example_skip_dag to 2023-03-28T03:37:42.300702+00:00, run_after=2023-03-29T03:37:42.300702+00:00
[2023-03-29T03:37:42.315+0000] {processor.py:175} INFO - Processing /home/airflow/.local/lib/python3.7/site-packages/airflow/example_dags/example_skip_dag.py took 0.065 seconds
[2023-03-29T03:38:12.800+0000] {processor.py:153} INFO - Started process (PID=1184) to work on /home/airflow/.local/lib/python3.7/site-packages/airflow/example_dags/example_skip_dag.py
[2023-03-29T03:38:12.803+0000] {processor.py:743} INFO - Processing file /home/airflow/.local/lib/python3.7/site-packages/airflow/example_dags/example_skip_dag.py for tasks to queue
[2023-03-29T03:38:12.804+0000] {logging_mixin.py:137} INFO - [2023-03-29T03:38:12.804+0000] {dagbag.py:532} INFO - Filling up the DagBag from /home/airflow/.local/lib/python3.7/site-packages/airflow/example_dags/example_skip_dag.py
[2023-03-29T03:38:12.816+0000] {processor.py:753} INFO - DAG(s) dict_keys(['example_skip_dag']) retrieved from /home/airflow/.local/lib/python3.7/site-packages/airflow/example_dags/example_skip_dag.py
[2023-03-29T03:38:12.839+0000] {logging_mixin.py:137} INFO - [2023-03-29T03:38:12.839+0000] {dag.py:2693} INFO - Sync 1 DAGs
[2023-03-29T03:38:12.857+0000] {logging_mixin.py:137} INFO - [2023-03-29T03:38:12.857+0000] {dag.py:3444} INFO - Setting next_dagrun for example_skip_dag to 2023-03-28T03:38:12.857490+00:00, run_after=2023-03-29T03:38:12.857490+00:00
[2023-03-29T03:38:12.873+0000] {processor.py:175} INFO - Processing /home/airflow/.local/lib/python3.7/site-packages/airflow/example_dags/example_skip_dag.py took 0.076 seconds
[2023-03-29T03:38:43.445+0000] {processor.py:153} INFO - Started process (PID=1233) to work on /home/airflow/.local/lib/python3.7/site-packages/airflow/example_dags/example_skip_dag.py
[2023-03-29T03:38:43.446+0000] {processor.py:743} INFO - Processing file /home/airflow/.local/lib/python3.7/site-packages/airflow/example_dags/example_skip_dag.py for tasks to queue
[2023-03-29T03:38:43.448+0000] {logging_mixin.py:137} INFO - [2023-03-29T03:38:43.447+0000] {dagbag.py:532} INFO - Filling up the DagBag from /home/airflow/.local/lib/python3.7/site-packages/airflow/example_dags/example_skip_dag.py
[2023-03-29T03:38:43.459+0000] {processor.py:753} INFO - DAG(s) dict_keys(['example_skip_dag']) retrieved from /home/airflow/.local/lib/python3.7/site-packages/airflow/example_dags/example_skip_dag.py
[2023-03-29T03:38:43.476+0000] {logging_mixin.py:137} INFO - [2023-03-29T03:38:43.476+0000] {dag.py:2693} INFO - Sync 1 DAGs
[2023-03-29T03:38:43.493+0000] {logging_mixin.py:137} INFO - [2023-03-29T03:38:43.493+0000] {dag.py:3444} INFO - Setting next_dagrun for example_skip_dag to 2023-03-28T03:38:43.492889+00:00, run_after=2023-03-29T03:38:43.492889+00:00
[2023-03-29T03:38:43.507+0000] {processor.py:175} INFO - Processing /home/airflow/.local/lib/python3.7/site-packages/airflow/example_dags/example_skip_dag.py took 0.064 seconds
[2023-03-29T03:39:14.078+0000] {processor.py:153} INFO - Started process (PID=1283) to work on /home/airflow/.local/lib/python3.7/site-packages/airflow/example_dags/example_skip_dag.py
[2023-03-29T03:39:14.080+0000] {processor.py:743} INFO - Processing file /home/airflow/.local/lib/python3.7/site-packages/airflow/example_dags/example_skip_dag.py for tasks to queue
[2023-03-29T03:39:14.081+0000] {logging_mixin.py:137} INFO - [2023-03-29T03:39:14.081+0000] {dagbag.py:532} INFO - Filling up the DagBag from /home/airflow/.local/lib/python3.7/site-packages/airflow/example_dags/example_skip_dag.py
[2023-03-29T03:39:14.091+0000] {processor.py:753} INFO - DAG(s) dict_keys(['example_skip_dag']) retrieved from /home/airflow/.local/lib/python3.7/site-packages/airflow/example_dags/example_skip_dag.py
[2023-03-29T03:39:14.109+0000] {logging_mixin.py:137} INFO - [2023-03-29T03:39:14.109+0000] {dag.py:2693} INFO - Sync 1 DAGs
[2023-03-29T03:39:14.126+0000] {logging_mixin.py:137} INFO - [2023-03-29T03:39:14.126+0000] {dag.py:3444} INFO - Setting next_dagrun for example_skip_dag to 2023-03-28T03:39:14.126226+00:00, run_after=2023-03-29T03:39:14.126226+00:00
[2023-03-29T03:39:14.139+0000] {processor.py:175} INFO - Processing /home/airflow/.local/lib/python3.7/site-packages/airflow/example_dags/example_skip_dag.py took 0.064 seconds
[2023-03-29T03:39:44.639+0000] {processor.py:153} INFO - Started process (PID=1332) to work on /home/airflow/.local/lib/python3.7/site-packages/airflow/example_dags/example_skip_dag.py
[2023-03-29T03:39:44.641+0000] {processor.py:743} INFO - Processing file /home/airflow/.local/lib/python3.7/site-packages/airflow/example_dags/example_skip_dag.py for tasks to queue
[2023-03-29T03:39:44.642+0000] {logging_mixin.py:137} INFO - [2023-03-29T03:39:44.642+0000] {dagbag.py:532} INFO - Filling up the DagBag from /home/airflow/.local/lib/python3.7/site-packages/airflow/example_dags/example_skip_dag.py
[2023-03-29T03:39:44.652+0000] {processor.py:753} INFO - DAG(s) dict_keys(['example_skip_dag']) retrieved from /home/airflow/.local/lib/python3.7/site-packages/airflow/example_dags/example_skip_dag.py
[2023-03-29T03:39:44.673+0000] {logging_mixin.py:137} INFO - [2023-03-29T03:39:44.673+0000] {dag.py:2693} INFO - Sync 1 DAGs
[2023-03-29T03:39:44.692+0000] {logging_mixin.py:137} INFO - [2023-03-29T03:39:44.691+0000] {dag.py:3444} INFO - Setting next_dagrun for example_skip_dag to 2023-03-28T03:39:44.691815+00:00, run_after=2023-03-29T03:39:44.691815+00:00
[2023-03-29T03:39:44.707+0000] {processor.py:175} INFO - Processing /home/airflow/.local/lib/python3.7/site-packages/airflow/example_dags/example_skip_dag.py took 0.076 seconds
[2023-03-29T03:40:15.408+0000] {processor.py:153} INFO - Started process (PID=1381) to work on /home/airflow/.local/lib/python3.7/site-packages/airflow/example_dags/example_skip_dag.py
[2023-03-29T03:40:15.411+0000] {processor.py:743} INFO - Processing file /home/airflow/.local/lib/python3.7/site-packages/airflow/example_dags/example_skip_dag.py for tasks to queue
[2023-03-29T03:40:15.413+0000] {logging_mixin.py:137} INFO - [2023-03-29T03:40:15.412+0000] {dagbag.py:532} INFO - Filling up the DagBag from /home/airflow/.local/lib/python3.7/site-packages/airflow/example_dags/example_skip_dag.py
[2023-03-29T03:40:15.430+0000] {processor.py:753} INFO - DAG(s) dict_keys(['example_skip_dag']) retrieved from /home/airflow/.local/lib/python3.7/site-packages/airflow/example_dags/example_skip_dag.py
[2023-03-29T03:40:15.465+0000] {logging_mixin.py:137} INFO - [2023-03-29T03:40:15.465+0000] {dag.py:2693} INFO - Sync 1 DAGs
[2023-03-29T03:40:15.493+0000] {logging_mixin.py:137} INFO - [2023-03-29T03:40:15.493+0000] {dag.py:3444} INFO - Setting next_dagrun for example_skip_dag to 2023-03-28T03:40:15.493504+00:00, run_after=2023-03-29T03:40:15.493504+00:00
[2023-03-29T03:40:15.514+0000] {processor.py:175} INFO - Processing /home/airflow/.local/lib/python3.7/site-packages/airflow/example_dags/example_skip_dag.py took 0.113 seconds
[2023-03-29T03:40:46.171+0000] {processor.py:153} INFO - Started process (PID=1430) to work on /home/airflow/.local/lib/python3.7/site-packages/airflow/example_dags/example_skip_dag.py
[2023-03-29T03:40:46.173+0000] {processor.py:743} INFO - Processing file /home/airflow/.local/lib/python3.7/site-packages/airflow/example_dags/example_skip_dag.py for tasks to queue
[2023-03-29T03:40:46.174+0000] {logging_mixin.py:137} INFO - [2023-03-29T03:40:46.174+0000] {dagbag.py:532} INFO - Filling up the DagBag from /home/airflow/.local/lib/python3.7/site-packages/airflow/example_dags/example_skip_dag.py
[2023-03-29T03:40:46.184+0000] {processor.py:753} INFO - DAG(s) dict_keys(['example_skip_dag']) retrieved from /home/airflow/.local/lib/python3.7/site-packages/airflow/example_dags/example_skip_dag.py
[2023-03-29T03:40:46.202+0000] {logging_mixin.py:137} INFO - [2023-03-29T03:40:46.201+0000] {dag.py:2693} INFO - Sync 1 DAGs
[2023-03-29T03:40:46.218+0000] {logging_mixin.py:137} INFO - [2023-03-29T03:40:46.218+0000] {dag.py:3444} INFO - Setting next_dagrun for example_skip_dag to 2023-03-28T03:40:46.218733+00:00, run_after=2023-03-29T03:40:46.218733+00:00
[2023-03-29T03:40:46.235+0000] {processor.py:175} INFO - Processing /home/airflow/.local/lib/python3.7/site-packages/airflow/example_dags/example_skip_dag.py took 0.067 seconds
[2023-03-29T03:41:16.802+0000] {processor.py:153} INFO - Started process (PID=1479) to work on /home/airflow/.local/lib/python3.7/site-packages/airflow/example_dags/example_skip_dag.py
[2023-03-29T03:41:16.804+0000] {processor.py:743} INFO - Processing file /home/airflow/.local/lib/python3.7/site-packages/airflow/example_dags/example_skip_dag.py for tasks to queue
[2023-03-29T03:41:16.805+0000] {logging_mixin.py:137} INFO - [2023-03-29T03:41:16.805+0000] {dagbag.py:532} INFO - Filling up the DagBag from /home/airflow/.local/lib/python3.7/site-packages/airflow/example_dags/example_skip_dag.py
[2023-03-29T03:41:16.815+0000] {processor.py:753} INFO - DAG(s) dict_keys(['example_skip_dag']) retrieved from /home/airflow/.local/lib/python3.7/site-packages/airflow/example_dags/example_skip_dag.py
[2023-03-29T03:41:16.832+0000] {logging_mixin.py:137} INFO - [2023-03-29T03:41:16.832+0000] {dag.py:2693} INFO - Sync 1 DAGs
[2023-03-29T03:41:16.849+0000] {logging_mixin.py:137} INFO - [2023-03-29T03:41:16.849+0000] {dag.py:3444} INFO - Setting next_dagrun for example_skip_dag to 2023-03-28T03:41:16.849090+00:00, run_after=2023-03-29T03:41:16.849090+00:00
[2023-03-29T03:41:16.863+0000] {processor.py:175} INFO - Processing /home/airflow/.local/lib/python3.7/site-packages/airflow/example_dags/example_skip_dag.py took 0.063 seconds
[2023-03-29T03:41:47.616+0000] {processor.py:153} INFO - Started process (PID=1528) to work on /home/airflow/.local/lib/python3.7/site-packages/airflow/example_dags/example_skip_dag.py
[2023-03-29T03:41:47.617+0000] {processor.py:743} INFO - Processing file /home/airflow/.local/lib/python3.7/site-packages/airflow/example_dags/example_skip_dag.py for tasks to queue
[2023-03-29T03:41:47.618+0000] {logging_mixin.py:137} INFO - [2023-03-29T03:41:47.618+0000] {dagbag.py:532} INFO - Filling up the DagBag from /home/airflow/.local/lib/python3.7/site-packages/airflow/example_dags/example_skip_dag.py
[2023-03-29T03:41:47.628+0000] {processor.py:753} INFO - DAG(s) dict_keys(['example_skip_dag']) retrieved from /home/airflow/.local/lib/python3.7/site-packages/airflow/example_dags/example_skip_dag.py
[2023-03-29T03:41:47.646+0000] {logging_mixin.py:137} INFO - [2023-03-29T03:41:47.646+0000] {dag.py:2693} INFO - Sync 1 DAGs
[2023-03-29T03:41:47.663+0000] {logging_mixin.py:137} INFO - [2023-03-29T03:41:47.663+0000] {dag.py:3444} INFO - Setting next_dagrun for example_skip_dag to 2023-03-28T03:41:47.663624+00:00, run_after=2023-03-29T03:41:47.663624+00:00
[2023-03-29T03:41:47.675+0000] {processor.py:175} INFO - Processing /home/airflow/.local/lib/python3.7/site-packages/airflow/example_dags/example_skip_dag.py took 0.062 seconds
[2023-03-29T03:42:18.069+0000] {processor.py:153} INFO - Started process (PID=1579) to work on /home/airflow/.local/lib/python3.7/site-packages/airflow/example_dags/example_skip_dag.py
[2023-03-29T03:42:18.070+0000] {processor.py:743} INFO - Processing file /home/airflow/.local/lib/python3.7/site-packages/airflow/example_dags/example_skip_dag.py for tasks to queue
[2023-03-29T03:42:18.071+0000] {logging_mixin.py:137} INFO - [2023-03-29T03:42:18.071+0000] {dagbag.py:532} INFO - Filling up the DagBag from /home/airflow/.local/lib/python3.7/site-packages/airflow/example_dags/example_skip_dag.py
[2023-03-29T03:42:18.082+0000] {processor.py:753} INFO - DAG(s) dict_keys(['example_skip_dag']) retrieved from /home/airflow/.local/lib/python3.7/site-packages/airflow/example_dags/example_skip_dag.py
[2023-03-29T03:42:18.099+0000] {logging_mixin.py:137} INFO - [2023-03-29T03:42:18.099+0000] {dag.py:2693} INFO - Sync 1 DAGs
[2023-03-29T03:42:18.118+0000] {logging_mixin.py:137} INFO - [2023-03-29T03:42:18.118+0000] {dag.py:3444} INFO - Setting next_dagrun for example_skip_dag to 2023-03-28T03:42:18.118458+00:00, run_after=2023-03-29T03:42:18.118458+00:00
[2023-03-29T03:42:18.132+0000] {processor.py:175} INFO - Processing /home/airflow/.local/lib/python3.7/site-packages/airflow/example_dags/example_skip_dag.py took 0.067 seconds
[2023-03-29T03:42:48.644+0000] {processor.py:153} INFO - Started process (PID=1628) to work on /home/airflow/.local/lib/python3.7/site-packages/airflow/example_dags/example_skip_dag.py
[2023-03-29T03:42:48.646+0000] {processor.py:743} INFO - Processing file /home/airflow/.local/lib/python3.7/site-packages/airflow/example_dags/example_skip_dag.py for tasks to queue
[2023-03-29T03:42:48.647+0000] {logging_mixin.py:137} INFO - [2023-03-29T03:42:48.647+0000] {dagbag.py:532} INFO - Filling up the DagBag from /home/airflow/.local/lib/python3.7/site-packages/airflow/example_dags/example_skip_dag.py
[2023-03-29T03:42:48.657+0000] {processor.py:753} INFO - DAG(s) dict_keys(['example_skip_dag']) retrieved from /home/airflow/.local/lib/python3.7/site-packages/airflow/example_dags/example_skip_dag.py
[2023-03-29T03:42:48.674+0000] {logging_mixin.py:137} INFO - [2023-03-29T03:42:48.674+0000] {dag.py:2693} INFO - Sync 1 DAGs
[2023-03-29T03:42:48.692+0000] {logging_mixin.py:137} INFO - [2023-03-29T03:42:48.692+0000] {dag.py:3444} INFO - Setting next_dagrun for example_skip_dag to 2023-03-28T03:42:48.691992+00:00, run_after=2023-03-29T03:42:48.691992+00:00
[2023-03-29T03:42:48.706+0000] {processor.py:175} INFO - Processing /home/airflow/.local/lib/python3.7/site-packages/airflow/example_dags/example_skip_dag.py took 0.064 seconds
[2023-03-29T03:43:19.188+0000] {processor.py:153} INFO - Started process (PID=1677) to work on /home/airflow/.local/lib/python3.7/site-packages/airflow/example_dags/example_skip_dag.py
[2023-03-29T03:43:19.189+0000] {processor.py:743} INFO - Processing file /home/airflow/.local/lib/python3.7/site-packages/airflow/example_dags/example_skip_dag.py for tasks to queue
[2023-03-29T03:43:19.190+0000] {logging_mixin.py:137} INFO - [2023-03-29T03:43:19.190+0000] {dagbag.py:532} INFO - Filling up the DagBag from /home/airflow/.local/lib/python3.7/site-packages/airflow/example_dags/example_skip_dag.py
[2023-03-29T03:43:19.201+0000] {processor.py:753} INFO - DAG(s) dict_keys(['example_skip_dag']) retrieved from /home/airflow/.local/lib/python3.7/site-packages/airflow/example_dags/example_skip_dag.py
[2023-03-29T03:43:19.229+0000] {logging_mixin.py:137} INFO - [2023-03-29T03:43:19.229+0000] {dag.py:2693} INFO - Sync 1 DAGs
[2023-03-29T03:43:19.298+0000] {logging_mixin.py:137} INFO - [2023-03-29T03:43:19.298+0000] {dag.py:3444} INFO - Setting next_dagrun for example_skip_dag to 2023-03-28T03:43:19.297696+00:00, run_after=2023-03-29T03:43:19.297696+00:00
[2023-03-29T03:43:19.321+0000] {processor.py:175} INFO - Processing /home/airflow/.local/lib/python3.7/site-packages/airflow/example_dags/example_skip_dag.py took 0.136 seconds
[2023-03-29T03:43:50.117+0000] {processor.py:153} INFO - Started process (PID=1726) to work on /home/airflow/.local/lib/python3.7/site-packages/airflow/example_dags/example_skip_dag.py
[2023-03-29T03:43:50.122+0000] {processor.py:743} INFO - Processing file /home/airflow/.local/lib/python3.7/site-packages/airflow/example_dags/example_skip_dag.py for tasks to queue
[2023-03-29T03:43:50.124+0000] {logging_mixin.py:137} INFO - [2023-03-29T03:43:50.124+0000] {dagbag.py:532} INFO - Filling up the DagBag from /home/airflow/.local/lib/python3.7/site-packages/airflow/example_dags/example_skip_dag.py
[2023-03-29T03:43:50.134+0000] {processor.py:753} INFO - DAG(s) dict_keys(['example_skip_dag']) retrieved from /home/airflow/.local/lib/python3.7/site-packages/airflow/example_dags/example_skip_dag.py
[2023-03-29T03:43:50.152+0000] {logging_mixin.py:137} INFO - [2023-03-29T03:43:50.152+0000] {dag.py:2693} INFO - Sync 1 DAGs
[2023-03-29T03:43:50.173+0000] {logging_mixin.py:137} INFO - [2023-03-29T03:43:50.173+0000] {dag.py:3444} INFO - Setting next_dagrun for example_skip_dag to 2023-03-28T03:43:50.172747+00:00, run_after=2023-03-29T03:43:50.172747+00:00
[2023-03-29T03:43:50.196+0000] {processor.py:175} INFO - Processing /home/airflow/.local/lib/python3.7/site-packages/airflow/example_dags/example_skip_dag.py took 0.082 seconds
[2023-03-29T03:44:21.236+0000] {processor.py:153} INFO - Started process (PID=1782) to work on /home/airflow/.local/lib/python3.7/site-packages/airflow/example_dags/example_skip_dag.py
[2023-03-29T03:44:21.238+0000] {processor.py:743} INFO - Processing file /home/airflow/.local/lib/python3.7/site-packages/airflow/example_dags/example_skip_dag.py for tasks to queue
[2023-03-29T03:44:21.239+0000] {logging_mixin.py:137} INFO - [2023-03-29T03:44:21.239+0000] {dagbag.py:532} INFO - Filling up the DagBag from /home/airflow/.local/lib/python3.7/site-packages/airflow/example_dags/example_skip_dag.py
[2023-03-29T03:44:21.259+0000] {processor.py:753} INFO - DAG(s) dict_keys(['example_skip_dag']) retrieved from /home/airflow/.local/lib/python3.7/site-packages/airflow/example_dags/example_skip_dag.py
[2023-03-29T03:44:21.292+0000] {logging_mixin.py:137} INFO - [2023-03-29T03:44:21.292+0000] {dag.py:2693} INFO - Sync 1 DAGs
[2023-03-29T03:44:21.317+0000] {logging_mixin.py:137} INFO - [2023-03-29T03:44:21.316+0000] {dag.py:3444} INFO - Setting next_dagrun for example_skip_dag to 2023-03-28T03:44:21.316678+00:00, run_after=2023-03-29T03:44:21.316678+00:00
[2023-03-29T03:44:21.331+0000] {processor.py:175} INFO - Processing /home/airflow/.local/lib/python3.7/site-packages/airflow/example_dags/example_skip_dag.py took 0.098 seconds
[2023-03-29T03:44:51.813+0000] {processor.py:153} INFO - Started process (PID=1831) to work on /home/airflow/.local/lib/python3.7/site-packages/airflow/example_dags/example_skip_dag.py
[2023-03-29T03:44:51.821+0000] {processor.py:743} INFO - Processing file /home/airflow/.local/lib/python3.7/site-packages/airflow/example_dags/example_skip_dag.py for tasks to queue
[2023-03-29T03:44:51.827+0000] {logging_mixin.py:137} INFO - [2023-03-29T03:44:51.826+0000] {dagbag.py:532} INFO - Filling up the DagBag from /home/airflow/.local/lib/python3.7/site-packages/airflow/example_dags/example_skip_dag.py
[2023-03-29T03:44:51.852+0000] {processor.py:753} INFO - DAG(s) dict_keys(['example_skip_dag']) retrieved from /home/airflow/.local/lib/python3.7/site-packages/airflow/example_dags/example_skip_dag.py
[2023-03-29T03:44:51.887+0000] {logging_mixin.py:137} INFO - [2023-03-29T03:44:51.887+0000] {dag.py:2693} INFO - Sync 1 DAGs
[2023-03-29T03:44:51.937+0000] {logging_mixin.py:137} INFO - [2023-03-29T03:44:51.937+0000] {dag.py:3444} INFO - Setting next_dagrun for example_skip_dag to 2023-03-28T03:44:51.937626+00:00, run_after=2023-03-29T03:44:51.937626+00:00
[2023-03-29T03:44:52.006+0000] {processor.py:175} INFO - Processing /home/airflow/.local/lib/python3.7/site-packages/airflow/example_dags/example_skip_dag.py took 0.199 seconds
[2023-03-29T03:45:22.286+0000] {processor.py:153} INFO - Started process (PID=1880) to work on /home/airflow/.local/lib/python3.7/site-packages/airflow/example_dags/example_skip_dag.py
[2023-03-29T03:45:22.288+0000] {processor.py:743} INFO - Processing file /home/airflow/.local/lib/python3.7/site-packages/airflow/example_dags/example_skip_dag.py for tasks to queue
[2023-03-29T03:45:22.289+0000] {logging_mixin.py:137} INFO - [2023-03-29T03:45:22.289+0000] {dagbag.py:532} INFO - Filling up the DagBag from /home/airflow/.local/lib/python3.7/site-packages/airflow/example_dags/example_skip_dag.py
[2023-03-29T03:45:22.300+0000] {processor.py:753} INFO - DAG(s) dict_keys(['example_skip_dag']) retrieved from /home/airflow/.local/lib/python3.7/site-packages/airflow/example_dags/example_skip_dag.py
[2023-03-29T03:45:22.326+0000] {logging_mixin.py:137} INFO - [2023-03-29T03:45:22.326+0000] {dag.py:2693} INFO - Sync 1 DAGs
[2023-03-29T03:45:22.364+0000] {logging_mixin.py:137} INFO - [2023-03-29T03:45:22.363+0000] {dag.py:3444} INFO - Setting next_dagrun for example_skip_dag to 2023-03-28T03:45:22.363656+00:00, run_after=2023-03-29T03:45:22.363656+00:00
[2023-03-29T03:45:22.383+0000] {processor.py:175} INFO - Processing /home/airflow/.local/lib/python3.7/site-packages/airflow/example_dags/example_skip_dag.py took 0.102 seconds
[2023-03-29T03:45:52.692+0000] {processor.py:153} INFO - Started process (PID=1930) to work on /home/airflow/.local/lib/python3.7/site-packages/airflow/example_dags/example_skip_dag.py
[2023-03-29T03:45:52.694+0000] {processor.py:743} INFO - Processing file /home/airflow/.local/lib/python3.7/site-packages/airflow/example_dags/example_skip_dag.py for tasks to queue
[2023-03-29T03:45:52.695+0000] {logging_mixin.py:137} INFO - [2023-03-29T03:45:52.695+0000] {dagbag.py:532} INFO - Filling up the DagBag from /home/airflow/.local/lib/python3.7/site-packages/airflow/example_dags/example_skip_dag.py
[2023-03-29T03:45:52.705+0000] {processor.py:753} INFO - DAG(s) dict_keys(['example_skip_dag']) retrieved from /home/airflow/.local/lib/python3.7/site-packages/airflow/example_dags/example_skip_dag.py
[2023-03-29T03:45:52.724+0000] {logging_mixin.py:137} INFO - [2023-03-29T03:45:52.724+0000] {dag.py:2693} INFO - Sync 1 DAGs
[2023-03-29T03:45:52.744+0000] {logging_mixin.py:137} INFO - [2023-03-29T03:45:52.744+0000] {dag.py:3444} INFO - Setting next_dagrun for example_skip_dag to 2023-03-28T03:45:52.744023+00:00, run_after=2023-03-29T03:45:52.744023+00:00
[2023-03-29T03:45:52.757+0000] {processor.py:175} INFO - Processing /home/airflow/.local/lib/python3.7/site-packages/airflow/example_dags/example_skip_dag.py took 0.068 seconds
[2023-03-29T03:46:23.412+0000] {processor.py:153} INFO - Started process (PID=1979) to work on /home/airflow/.local/lib/python3.7/site-packages/airflow/example_dags/example_skip_dag.py
[2023-03-29T03:46:23.414+0000] {processor.py:743} INFO - Processing file /home/airflow/.local/lib/python3.7/site-packages/airflow/example_dags/example_skip_dag.py for tasks to queue
[2023-03-29T03:46:23.415+0000] {logging_mixin.py:137} INFO - [2023-03-29T03:46:23.415+0000] {dagbag.py:532} INFO - Filling up the DagBag from /home/airflow/.local/lib/python3.7/site-packages/airflow/example_dags/example_skip_dag.py
[2023-03-29T03:46:23.425+0000] {processor.py:753} INFO - DAG(s) dict_keys(['example_skip_dag']) retrieved from /home/airflow/.local/lib/python3.7/site-packages/airflow/example_dags/example_skip_dag.py
[2023-03-29T03:46:23.444+0000] {logging_mixin.py:137} INFO - [2023-03-29T03:46:23.444+0000] {dag.py:2693} INFO - Sync 1 DAGs
[2023-03-29T03:46:23.462+0000] {logging_mixin.py:137} INFO - [2023-03-29T03:46:23.462+0000] {dag.py:3444} INFO - Setting next_dagrun for example_skip_dag to 2023-03-28T03:46:23.462714+00:00, run_after=2023-03-29T03:46:23.462714+00:00
[2023-03-29T03:46:23.478+0000] {processor.py:175} INFO - Processing /home/airflow/.local/lib/python3.7/site-packages/airflow/example_dags/example_skip_dag.py took 0.069 seconds
[2023-03-29T03:46:54.021+0000] {processor.py:153} INFO - Started process (PID=2029) to work on /home/airflow/.local/lib/python3.7/site-packages/airflow/example_dags/example_skip_dag.py
[2023-03-29T03:46:54.022+0000] {processor.py:743} INFO - Processing file /home/airflow/.local/lib/python3.7/site-packages/airflow/example_dags/example_skip_dag.py for tasks to queue
[2023-03-29T03:46:54.023+0000] {logging_mixin.py:137} INFO - [2023-03-29T03:46:54.023+0000] {dagbag.py:532} INFO - Filling up the DagBag from /home/airflow/.local/lib/python3.7/site-packages/airflow/example_dags/example_skip_dag.py
[2023-03-29T03:46:54.033+0000] {processor.py:753} INFO - DAG(s) dict_keys(['example_skip_dag']) retrieved from /home/airflow/.local/lib/python3.7/site-packages/airflow/example_dags/example_skip_dag.py
[2023-03-29T03:46:54.051+0000] {logging_mixin.py:137} INFO - [2023-03-29T03:46:54.051+0000] {dag.py:2693} INFO - Sync 1 DAGs
[2023-03-29T03:46:54.069+0000] {logging_mixin.py:137} INFO - [2023-03-29T03:46:54.069+0000] {dag.py:3444} INFO - Setting next_dagrun for example_skip_dag to 2023-03-28T03:46:54.068892+00:00, run_after=2023-03-29T03:46:54.068892+00:00
[2023-03-29T03:46:54.084+0000] {processor.py:175} INFO - Processing /home/airflow/.local/lib/python3.7/site-packages/airflow/example_dags/example_skip_dag.py took 0.066 seconds
[2023-03-29T03:47:24.612+0000] {processor.py:153} INFO - Started process (PID=2079) to work on /home/airflow/.local/lib/python3.7/site-packages/airflow/example_dags/example_skip_dag.py
[2023-03-29T03:47:24.615+0000] {processor.py:743} INFO - Processing file /home/airflow/.local/lib/python3.7/site-packages/airflow/example_dags/example_skip_dag.py for tasks to queue
[2023-03-29T03:47:24.618+0000] {logging_mixin.py:137} INFO - [2023-03-29T03:47:24.618+0000] {dagbag.py:532} INFO - Filling up the DagBag from /home/airflow/.local/lib/python3.7/site-packages/airflow/example_dags/example_skip_dag.py
[2023-03-29T03:47:24.635+0000] {processor.py:753} INFO - DAG(s) dict_keys(['example_skip_dag']) retrieved from /home/airflow/.local/lib/python3.7/site-packages/airflow/example_dags/example_skip_dag.py
[2023-03-29T03:47:24.660+0000] {logging_mixin.py:137} INFO - [2023-03-29T03:47:24.659+0000] {dag.py:2693} INFO - Sync 1 DAGs
[2023-03-29T03:47:24.682+0000] {logging_mixin.py:137} INFO - [2023-03-29T03:47:24.682+0000] {dag.py:3444} INFO - Setting next_dagrun for example_skip_dag to 2023-03-28T03:47:24.682471+00:00, run_after=2023-03-29T03:47:24.682471+00:00
[2023-03-29T03:47:24.696+0000] {processor.py:175} INFO - Processing /home/airflow/.local/lib/python3.7/site-packages/airflow/example_dags/example_skip_dag.py took 0.090 seconds
