[2023-03-29T03:26:25.215+0000] {processor.py:153} INFO - Started process (PID=43) to work on /home/airflow/.local/lib/python3.7/site-packages/airflow/example_dags/example_external_task_marker_dag.py
[2023-03-29T03:26:25.221+0000] {processor.py:743} INFO - Processing file /home/airflow/.local/lib/python3.7/site-packages/airflow/example_dags/example_external_task_marker_dag.py for tasks to queue
[2023-03-29T03:26:25.223+0000] {logging_mixin.py:137} INFO - [2023-03-29T03:26:25.223+0000] {dagbag.py:532} INFO - Filling up the DagBag from /home/airflow/.local/lib/python3.7/site-packages/airflow/example_dags/example_external_task_marker_dag.py
[2023-03-29T03:26:25.257+0000] {processor.py:753} INFO - DAG(s) dict_keys(['example_external_task_marker_parent', 'example_external_task_marker_child']) retrieved from /home/airflow/.local/lib/python3.7/site-packages/airflow/example_dags/example_external_task_marker_dag.py
[2023-03-29T03:26:25.278+0000] {logging_mixin.py:137} INFO - [2023-03-29T03:26:25.278+0000] {dag.py:2693} INFO - Sync 2 DAGs
[2023-03-29T03:26:25.301+0000] {logging_mixin.py:137} INFO - [2023-03-29T03:26:25.301+0000] {dag.py:3444} INFO - Setting next_dagrun for example_external_task_marker_child to None, run_after=None
[2023-03-29T03:26:25.307+0000] {logging_mixin.py:137} INFO - [2023-03-29T03:26:25.307+0000] {dag.py:3444} INFO - Setting next_dagrun for example_external_task_marker_parent to None, run_after=None
[2023-03-29T03:26:25.329+0000] {processor.py:175} INFO - Processing /home/airflow/.local/lib/python3.7/site-packages/airflow/example_dags/example_external_task_marker_dag.py took 0.119 seconds
[2023-03-29T03:26:55.923+0000] {processor.py:153} INFO - Started process (PID=92) to work on /home/airflow/.local/lib/python3.7/site-packages/airflow/example_dags/example_external_task_marker_dag.py
[2023-03-29T03:26:55.924+0000] {processor.py:743} INFO - Processing file /home/airflow/.local/lib/python3.7/site-packages/airflow/example_dags/example_external_task_marker_dag.py for tasks to queue
[2023-03-29T03:26:55.925+0000] {logging_mixin.py:137} INFO - [2023-03-29T03:26:55.925+0000] {dagbag.py:532} INFO - Filling up the DagBag from /home/airflow/.local/lib/python3.7/site-packages/airflow/example_dags/example_external_task_marker_dag.py
[2023-03-29T03:26:55.933+0000] {processor.py:753} INFO - DAG(s) dict_keys(['example_external_task_marker_child', 'example_external_task_marker_parent']) retrieved from /home/airflow/.local/lib/python3.7/site-packages/airflow/example_dags/example_external_task_marker_dag.py
[2023-03-29T03:26:55.984+0000] {logging_mixin.py:137} INFO - [2023-03-29T03:26:55.984+0000] {dag.py:2693} INFO - Sync 2 DAGs
[2023-03-29T03:26:55.999+0000] {logging_mixin.py:137} INFO - [2023-03-29T03:26:55.999+0000] {dag.py:3444} INFO - Setting next_dagrun for example_external_task_marker_child to None, run_after=None
[2023-03-29T03:26:56.004+0000] {logging_mixin.py:137} INFO - [2023-03-29T03:26:56.004+0000] {dag.py:3444} INFO - Setting next_dagrun for example_external_task_marker_parent to None, run_after=None
[2023-03-29T03:26:56.018+0000] {processor.py:175} INFO - Processing /home/airflow/.local/lib/python3.7/site-packages/airflow/example_dags/example_external_task_marker_dag.py took 0.098 seconds
[2023-03-29T03:27:26.470+0000] {processor.py:153} INFO - Started process (PID=141) to work on /home/airflow/.local/lib/python3.7/site-packages/airflow/example_dags/example_external_task_marker_dag.py
[2023-03-29T03:27:26.472+0000] {processor.py:743} INFO - Processing file /home/airflow/.local/lib/python3.7/site-packages/airflow/example_dags/example_external_task_marker_dag.py for tasks to queue
[2023-03-29T03:27:26.474+0000] {logging_mixin.py:137} INFO - [2023-03-29T03:27:26.473+0000] {dagbag.py:532} INFO - Filling up the DagBag from /home/airflow/.local/lib/python3.7/site-packages/airflow/example_dags/example_external_task_marker_dag.py
[2023-03-29T03:27:26.486+0000] {processor.py:753} INFO - DAG(s) dict_keys(['example_external_task_marker_parent', 'example_external_task_marker_child']) retrieved from /home/airflow/.local/lib/python3.7/site-packages/airflow/example_dags/example_external_task_marker_dag.py
[2023-03-29T03:27:26.509+0000] {logging_mixin.py:137} INFO - [2023-03-29T03:27:26.509+0000] {dag.py:2693} INFO - Sync 2 DAGs
[2023-03-29T03:27:26.526+0000] {logging_mixin.py:137} INFO - [2023-03-29T03:27:26.526+0000] {dag.py:3444} INFO - Setting next_dagrun for example_external_task_marker_child to None, run_after=None
[2023-03-29T03:27:26.529+0000] {logging_mixin.py:137} INFO - [2023-03-29T03:27:26.529+0000] {dag.py:3444} INFO - Setting next_dagrun for example_external_task_marker_parent to None, run_after=None
[2023-03-29T03:27:26.540+0000] {processor.py:175} INFO - Processing /home/airflow/.local/lib/python3.7/site-packages/airflow/example_dags/example_external_task_marker_dag.py took 0.073 seconds
[2023-03-29T03:27:57.198+0000] {processor.py:153} INFO - Started process (PID=190) to work on /home/airflow/.local/lib/python3.7/site-packages/airflow/example_dags/example_external_task_marker_dag.py
[2023-03-29T03:27:57.199+0000] {processor.py:743} INFO - Processing file /home/airflow/.local/lib/python3.7/site-packages/airflow/example_dags/example_external_task_marker_dag.py for tasks to queue
[2023-03-29T03:27:57.201+0000] {logging_mixin.py:137} INFO - [2023-03-29T03:27:57.201+0000] {dagbag.py:532} INFO - Filling up the DagBag from /home/airflow/.local/lib/python3.7/site-packages/airflow/example_dags/example_external_task_marker_dag.py
[2023-03-29T03:27:57.210+0000] {processor.py:753} INFO - DAG(s) dict_keys(['example_external_task_marker_parent', 'example_external_task_marker_child']) retrieved from /home/airflow/.local/lib/python3.7/site-packages/airflow/example_dags/example_external_task_marker_dag.py
[2023-03-29T03:27:57.231+0000] {logging_mixin.py:137} INFO - [2023-03-29T03:27:57.231+0000] {dag.py:2693} INFO - Sync 2 DAGs
[2023-03-29T03:27:57.249+0000] {logging_mixin.py:137} INFO - [2023-03-29T03:27:57.249+0000] {dag.py:3444} INFO - Setting next_dagrun for example_external_task_marker_child to None, run_after=None
[2023-03-29T03:27:57.252+0000] {logging_mixin.py:137} INFO - [2023-03-29T03:27:57.252+0000] {dag.py:3444} INFO - Setting next_dagrun for example_external_task_marker_parent to None, run_after=None
[2023-03-29T03:27:57.263+0000] {processor.py:175} INFO - Processing /home/airflow/.local/lib/python3.7/site-packages/airflow/example_dags/example_external_task_marker_dag.py took 0.067 seconds
[2023-03-29T03:28:27.655+0000] {processor.py:153} INFO - Started process (PID=239) to work on /home/airflow/.local/lib/python3.7/site-packages/airflow/example_dags/example_external_task_marker_dag.py
[2023-03-29T03:28:27.657+0000] {processor.py:743} INFO - Processing file /home/airflow/.local/lib/python3.7/site-packages/airflow/example_dags/example_external_task_marker_dag.py for tasks to queue
[2023-03-29T03:28:27.658+0000] {logging_mixin.py:137} INFO - [2023-03-29T03:28:27.658+0000] {dagbag.py:532} INFO - Filling up the DagBag from /home/airflow/.local/lib/python3.7/site-packages/airflow/example_dags/example_external_task_marker_dag.py
[2023-03-29T03:28:27.669+0000] {processor.py:753} INFO - DAG(s) dict_keys(['example_external_task_marker_child', 'example_external_task_marker_parent']) retrieved from /home/airflow/.local/lib/python3.7/site-packages/airflow/example_dags/example_external_task_marker_dag.py
[2023-03-29T03:28:27.694+0000] {logging_mixin.py:137} INFO - [2023-03-29T03:28:27.694+0000] {dag.py:2693} INFO - Sync 2 DAGs
[2023-03-29T03:28:27.711+0000] {logging_mixin.py:137} INFO - [2023-03-29T03:28:27.711+0000] {dag.py:3444} INFO - Setting next_dagrun for example_external_task_marker_child to None, run_after=None
[2023-03-29T03:28:27.715+0000] {logging_mixin.py:137} INFO - [2023-03-29T03:28:27.714+0000] {dag.py:3444} INFO - Setting next_dagrun for example_external_task_marker_parent to None, run_after=None
[2023-03-29T03:28:27.728+0000] {processor.py:175} INFO - Processing /home/airflow/.local/lib/python3.7/site-packages/airflow/example_dags/example_external_task_marker_dag.py took 0.075 seconds
[2023-03-29T03:28:58.287+0000] {processor.py:153} INFO - Started process (PID=288) to work on /home/airflow/.local/lib/python3.7/site-packages/airflow/example_dags/example_external_task_marker_dag.py
[2023-03-29T03:28:58.289+0000] {processor.py:743} INFO - Processing file /home/airflow/.local/lib/python3.7/site-packages/airflow/example_dags/example_external_task_marker_dag.py for tasks to queue
[2023-03-29T03:28:58.290+0000] {logging_mixin.py:137} INFO - [2023-03-29T03:28:58.290+0000] {dagbag.py:532} INFO - Filling up the DagBag from /home/airflow/.local/lib/python3.7/site-packages/airflow/example_dags/example_external_task_marker_dag.py
[2023-03-29T03:28:58.298+0000] {processor.py:753} INFO - DAG(s) dict_keys(['example_external_task_marker_parent', 'example_external_task_marker_child']) retrieved from /home/airflow/.local/lib/python3.7/site-packages/airflow/example_dags/example_external_task_marker_dag.py
[2023-03-29T03:28:58.316+0000] {logging_mixin.py:137} INFO - [2023-03-29T03:28:58.316+0000] {dag.py:2693} INFO - Sync 2 DAGs
[2023-03-29T03:28:58.331+0000] {logging_mixin.py:137} INFO - [2023-03-29T03:28:58.331+0000] {dag.py:3444} INFO - Setting next_dagrun for example_external_task_marker_child to None, run_after=None
[2023-03-29T03:28:58.334+0000] {logging_mixin.py:137} INFO - [2023-03-29T03:28:58.334+0000] {dag.py:3444} INFO - Setting next_dagrun for example_external_task_marker_parent to None, run_after=None
[2023-03-29T03:28:58.344+0000] {processor.py:175} INFO - Processing /home/airflow/.local/lib/python3.7/site-packages/airflow/example_dags/example_external_task_marker_dag.py took 0.059 seconds
[2023-03-29T03:29:28.827+0000] {processor.py:153} INFO - Started process (PID=337) to work on /home/airflow/.local/lib/python3.7/site-packages/airflow/example_dags/example_external_task_marker_dag.py
[2023-03-29T03:29:28.828+0000] {processor.py:743} INFO - Processing file /home/airflow/.local/lib/python3.7/site-packages/airflow/example_dags/example_external_task_marker_dag.py for tasks to queue
[2023-03-29T03:29:28.830+0000] {logging_mixin.py:137} INFO - [2023-03-29T03:29:28.829+0000] {dagbag.py:532} INFO - Filling up the DagBag from /home/airflow/.local/lib/python3.7/site-packages/airflow/example_dags/example_external_task_marker_dag.py
[2023-03-29T03:29:28.849+0000] {processor.py:753} INFO - DAG(s) dict_keys(['example_external_task_marker_child', 'example_external_task_marker_parent']) retrieved from /home/airflow/.local/lib/python3.7/site-packages/airflow/example_dags/example_external_task_marker_dag.py
[2023-03-29T03:29:28.884+0000] {logging_mixin.py:137} INFO - [2023-03-29T03:29:28.884+0000] {dag.py:2693} INFO - Sync 2 DAGs
[2023-03-29T03:29:28.906+0000] {logging_mixin.py:137} INFO - [2023-03-29T03:29:28.905+0000] {dag.py:3444} INFO - Setting next_dagrun for example_external_task_marker_child to None, run_after=None
[2023-03-29T03:29:28.909+0000] {logging_mixin.py:137} INFO - [2023-03-29T03:29:28.909+0000] {dag.py:3444} INFO - Setting next_dagrun for example_external_task_marker_parent to None, run_after=None
[2023-03-29T03:29:28.923+0000] {processor.py:175} INFO - Processing /home/airflow/.local/lib/python3.7/site-packages/airflow/example_dags/example_external_task_marker_dag.py took 0.099 seconds
[2023-03-29T03:29:59.537+0000] {processor.py:153} INFO - Started process (PID=386) to work on /home/airflow/.local/lib/python3.7/site-packages/airflow/example_dags/example_external_task_marker_dag.py
[2023-03-29T03:29:59.539+0000] {processor.py:743} INFO - Processing file /home/airflow/.local/lib/python3.7/site-packages/airflow/example_dags/example_external_task_marker_dag.py for tasks to queue
[2023-03-29T03:29:59.542+0000] {logging_mixin.py:137} INFO - [2023-03-29T03:29:59.542+0000] {dagbag.py:532} INFO - Filling up the DagBag from /home/airflow/.local/lib/python3.7/site-packages/airflow/example_dags/example_external_task_marker_dag.py
[2023-03-29T03:29:59.556+0000] {processor.py:753} INFO - DAG(s) dict_keys(['example_external_task_marker_parent', 'example_external_task_marker_child']) retrieved from /home/airflow/.local/lib/python3.7/site-packages/airflow/example_dags/example_external_task_marker_dag.py
[2023-03-29T03:29:59.599+0000] {logging_mixin.py:137} INFO - [2023-03-29T03:29:59.599+0000] {dag.py:2693} INFO - Sync 2 DAGs
[2023-03-29T03:29:59.623+0000] {logging_mixin.py:137} INFO - [2023-03-29T03:29:59.623+0000] {dag.py:3444} INFO - Setting next_dagrun for example_external_task_marker_child to None, run_after=None
[2023-03-29T03:29:59.628+0000] {logging_mixin.py:137} INFO - [2023-03-29T03:29:59.628+0000] {dag.py:3444} INFO - Setting next_dagrun for example_external_task_marker_parent to None, run_after=None
[2023-03-29T03:29:59.643+0000] {processor.py:175} INFO - Processing /home/airflow/.local/lib/python3.7/site-packages/airflow/example_dags/example_external_task_marker_dag.py took 0.109 seconds
[2023-03-29T03:30:29.690+0000] {processor.py:153} INFO - Started process (PID=435) to work on /home/airflow/.local/lib/python3.7/site-packages/airflow/example_dags/example_external_task_marker_dag.py
[2023-03-29T03:30:29.692+0000] {processor.py:743} INFO - Processing file /home/airflow/.local/lib/python3.7/site-packages/airflow/example_dags/example_external_task_marker_dag.py for tasks to queue
[2023-03-29T03:30:29.693+0000] {logging_mixin.py:137} INFO - [2023-03-29T03:30:29.693+0000] {dagbag.py:532} INFO - Filling up the DagBag from /home/airflow/.local/lib/python3.7/site-packages/airflow/example_dags/example_external_task_marker_dag.py
[2023-03-29T03:30:29.703+0000] {processor.py:753} INFO - DAG(s) dict_keys(['example_external_task_marker_parent', 'example_external_task_marker_child']) retrieved from /home/airflow/.local/lib/python3.7/site-packages/airflow/example_dags/example_external_task_marker_dag.py
[2023-03-29T03:30:29.721+0000] {logging_mixin.py:137} INFO - [2023-03-29T03:30:29.721+0000] {dag.py:2693} INFO - Sync 2 DAGs
[2023-03-29T03:30:29.736+0000] {logging_mixin.py:137} INFO - [2023-03-29T03:30:29.736+0000] {dag.py:3444} INFO - Setting next_dagrun for example_external_task_marker_child to None, run_after=None
[2023-03-29T03:30:29.739+0000] {logging_mixin.py:137} INFO - [2023-03-29T03:30:29.739+0000] {dag.py:3444} INFO - Setting next_dagrun for example_external_task_marker_parent to None, run_after=None
[2023-03-29T03:30:29.748+0000] {processor.py:175} INFO - Processing /home/airflow/.local/lib/python3.7/site-packages/airflow/example_dags/example_external_task_marker_dag.py took 0.061 seconds
[2023-03-29T03:31:01.151+0000] {processor.py:153} INFO - Started process (PID=484) to work on /home/airflow/.local/lib/python3.7/site-packages/airflow/example_dags/example_external_task_marker_dag.py
[2023-03-29T03:31:01.153+0000] {processor.py:743} INFO - Processing file /home/airflow/.local/lib/python3.7/site-packages/airflow/example_dags/example_external_task_marker_dag.py for tasks to queue
[2023-03-29T03:31:01.154+0000] {logging_mixin.py:137} INFO - [2023-03-29T03:31:01.154+0000] {dagbag.py:532} INFO - Filling up the DagBag from /home/airflow/.local/lib/python3.7/site-packages/airflow/example_dags/example_external_task_marker_dag.py
[2023-03-29T03:31:01.164+0000] {processor.py:753} INFO - DAG(s) dict_keys(['example_external_task_marker_child', 'example_external_task_marker_parent']) retrieved from /home/airflow/.local/lib/python3.7/site-packages/airflow/example_dags/example_external_task_marker_dag.py
[2023-03-29T03:31:01.186+0000] {logging_mixin.py:137} INFO - [2023-03-29T03:31:01.186+0000] {dag.py:2693} INFO - Sync 2 DAGs
[2023-03-29T03:31:01.219+0000] {logging_mixin.py:137} INFO - [2023-03-29T03:31:01.219+0000] {dag.py:3444} INFO - Setting next_dagrun for example_external_task_marker_child to None, run_after=None
[2023-03-29T03:31:01.235+0000] {logging_mixin.py:137} INFO - [2023-03-29T03:31:01.235+0000] {dag.py:3444} INFO - Setting next_dagrun for example_external_task_marker_parent to None, run_after=None
[2023-03-29T03:31:01.255+0000] {processor.py:175} INFO - Processing /home/airflow/.local/lib/python3.7/site-packages/airflow/example_dags/example_external_task_marker_dag.py took 0.106 seconds
[2023-03-29T03:31:32.060+0000] {processor.py:153} INFO - Started process (PID=533) to work on /home/airflow/.local/lib/python3.7/site-packages/airflow/example_dags/example_external_task_marker_dag.py
[2023-03-29T03:31:32.063+0000] {processor.py:743} INFO - Processing file /home/airflow/.local/lib/python3.7/site-packages/airflow/example_dags/example_external_task_marker_dag.py for tasks to queue
[2023-03-29T03:31:32.064+0000] {logging_mixin.py:137} INFO - [2023-03-29T03:31:32.064+0000] {dagbag.py:532} INFO - Filling up the DagBag from /home/airflow/.local/lib/python3.7/site-packages/airflow/example_dags/example_external_task_marker_dag.py
[2023-03-29T03:31:32.074+0000] {processor.py:753} INFO - DAG(s) dict_keys(['example_external_task_marker_child', 'example_external_task_marker_parent']) retrieved from /home/airflow/.local/lib/python3.7/site-packages/airflow/example_dags/example_external_task_marker_dag.py
[2023-03-29T03:31:32.093+0000] {logging_mixin.py:137} INFO - [2023-03-29T03:31:32.093+0000] {dag.py:2693} INFO - Sync 2 DAGs
[2023-03-29T03:31:32.109+0000] {logging_mixin.py:137} INFO - [2023-03-29T03:31:32.109+0000] {dag.py:3444} INFO - Setting next_dagrun for example_external_task_marker_child to None, run_after=None
[2023-03-29T03:31:32.112+0000] {logging_mixin.py:137} INFO - [2023-03-29T03:31:32.111+0000] {dag.py:3444} INFO - Setting next_dagrun for example_external_task_marker_parent to None, run_after=None
[2023-03-29T03:31:32.121+0000] {processor.py:175} INFO - Processing /home/airflow/.local/lib/python3.7/site-packages/airflow/example_dags/example_external_task_marker_dag.py took 0.063 seconds
[2023-03-29T03:32:02.706+0000] {processor.py:153} INFO - Started process (PID=582) to work on /home/airflow/.local/lib/python3.7/site-packages/airflow/example_dags/example_external_task_marker_dag.py
[2023-03-29T03:32:02.708+0000] {processor.py:743} INFO - Processing file /home/airflow/.local/lib/python3.7/site-packages/airflow/example_dags/example_external_task_marker_dag.py for tasks to queue
[2023-03-29T03:32:02.709+0000] {logging_mixin.py:137} INFO - [2023-03-29T03:32:02.709+0000] {dagbag.py:532} INFO - Filling up the DagBag from /home/airflow/.local/lib/python3.7/site-packages/airflow/example_dags/example_external_task_marker_dag.py
[2023-03-29T03:32:02.719+0000] {processor.py:753} INFO - DAG(s) dict_keys(['example_external_task_marker_parent', 'example_external_task_marker_child']) retrieved from /home/airflow/.local/lib/python3.7/site-packages/airflow/example_dags/example_external_task_marker_dag.py
[2023-03-29T03:32:02.740+0000] {logging_mixin.py:137} INFO - [2023-03-29T03:32:02.740+0000] {dag.py:2693} INFO - Sync 2 DAGs
[2023-03-29T03:32:02.757+0000] {logging_mixin.py:137} INFO - [2023-03-29T03:32:02.757+0000] {dag.py:3444} INFO - Setting next_dagrun for example_external_task_marker_child to None, run_after=None
[2023-03-29T03:32:02.760+0000] {logging_mixin.py:137} INFO - [2023-03-29T03:32:02.760+0000] {dag.py:3444} INFO - Setting next_dagrun for example_external_task_marker_parent to None, run_after=None
[2023-03-29T03:32:02.776+0000] {processor.py:175} INFO - Processing /home/airflow/.local/lib/python3.7/site-packages/airflow/example_dags/example_external_task_marker_dag.py took 0.072 seconds
[2023-03-29T03:32:33.599+0000] {processor.py:153} INFO - Started process (PID=632) to work on /home/airflow/.local/lib/python3.7/site-packages/airflow/example_dags/example_external_task_marker_dag.py
[2023-03-29T03:32:33.604+0000] {processor.py:743} INFO - Processing file /home/airflow/.local/lib/python3.7/site-packages/airflow/example_dags/example_external_task_marker_dag.py for tasks to queue
[2023-03-29T03:32:33.607+0000] {logging_mixin.py:137} INFO - [2023-03-29T03:32:33.607+0000] {dagbag.py:532} INFO - Filling up the DagBag from /home/airflow/.local/lib/python3.7/site-packages/airflow/example_dags/example_external_task_marker_dag.py
[2023-03-29T03:32:33.624+0000] {processor.py:753} INFO - DAG(s) dict_keys(['example_external_task_marker_parent', 'example_external_task_marker_child']) retrieved from /home/airflow/.local/lib/python3.7/site-packages/airflow/example_dags/example_external_task_marker_dag.py
[2023-03-29T03:32:33.654+0000] {logging_mixin.py:137} INFO - [2023-03-29T03:32:33.654+0000] {dag.py:2693} INFO - Sync 2 DAGs
[2023-03-29T03:32:33.670+0000] {logging_mixin.py:137} INFO - [2023-03-29T03:32:33.670+0000] {dag.py:3444} INFO - Setting next_dagrun for example_external_task_marker_child to None, run_after=None
[2023-03-29T03:32:33.674+0000] {logging_mixin.py:137} INFO - [2023-03-29T03:32:33.674+0000] {dag.py:3444} INFO - Setting next_dagrun for example_external_task_marker_parent to None, run_after=None
[2023-03-29T03:32:33.686+0000] {processor.py:175} INFO - Processing /home/airflow/.local/lib/python3.7/site-packages/airflow/example_dags/example_external_task_marker_dag.py took 0.091 seconds
[2023-03-29T03:33:04.395+0000] {processor.py:153} INFO - Started process (PID=681) to work on /home/airflow/.local/lib/python3.7/site-packages/airflow/example_dags/example_external_task_marker_dag.py
[2023-03-29T03:33:04.397+0000] {processor.py:743} INFO - Processing file /home/airflow/.local/lib/python3.7/site-packages/airflow/example_dags/example_external_task_marker_dag.py for tasks to queue
[2023-03-29T03:33:04.399+0000] {logging_mixin.py:137} INFO - [2023-03-29T03:33:04.398+0000] {dagbag.py:532} INFO - Filling up the DagBag from /home/airflow/.local/lib/python3.7/site-packages/airflow/example_dags/example_external_task_marker_dag.py
[2023-03-29T03:33:04.409+0000] {processor.py:753} INFO - DAG(s) dict_keys(['example_external_task_marker_child', 'example_external_task_marker_parent']) retrieved from /home/airflow/.local/lib/python3.7/site-packages/airflow/example_dags/example_external_task_marker_dag.py
[2023-03-29T03:33:04.429+0000] {logging_mixin.py:137} INFO - [2023-03-29T03:33:04.429+0000] {dag.py:2693} INFO - Sync 2 DAGs
[2023-03-29T03:33:04.448+0000] {logging_mixin.py:137} INFO - [2023-03-29T03:33:04.448+0000] {dag.py:3444} INFO - Setting next_dagrun for example_external_task_marker_child to None, run_after=None
[2023-03-29T03:33:04.451+0000] {logging_mixin.py:137} INFO - [2023-03-29T03:33:04.451+0000] {dag.py:3444} INFO - Setting next_dagrun for example_external_task_marker_parent to None, run_after=None
[2023-03-29T03:33:04.468+0000] {processor.py:175} INFO - Processing /home/airflow/.local/lib/python3.7/site-packages/airflow/example_dags/example_external_task_marker_dag.py took 0.075 seconds
[2023-03-29T03:33:35.213+0000] {processor.py:153} INFO - Started process (PID=730) to work on /home/airflow/.local/lib/python3.7/site-packages/airflow/example_dags/example_external_task_marker_dag.py
[2023-03-29T03:33:35.214+0000] {processor.py:743} INFO - Processing file /home/airflow/.local/lib/python3.7/site-packages/airflow/example_dags/example_external_task_marker_dag.py for tasks to queue
[2023-03-29T03:33:35.215+0000] {logging_mixin.py:137} INFO - [2023-03-29T03:33:35.215+0000] {dagbag.py:532} INFO - Filling up the DagBag from /home/airflow/.local/lib/python3.7/site-packages/airflow/example_dags/example_external_task_marker_dag.py
[2023-03-29T03:33:35.225+0000] {processor.py:753} INFO - DAG(s) dict_keys(['example_external_task_marker_parent', 'example_external_task_marker_child']) retrieved from /home/airflow/.local/lib/python3.7/site-packages/airflow/example_dags/example_external_task_marker_dag.py
[2023-03-29T03:33:35.245+0000] {logging_mixin.py:137} INFO - [2023-03-29T03:33:35.245+0000] {dag.py:2693} INFO - Sync 2 DAGs
[2023-03-29T03:33:35.261+0000] {logging_mixin.py:137} INFO - [2023-03-29T03:33:35.261+0000] {dag.py:3444} INFO - Setting next_dagrun for example_external_task_marker_child to None, run_after=None
[2023-03-29T03:33:35.265+0000] {logging_mixin.py:137} INFO - [2023-03-29T03:33:35.264+0000] {dag.py:3444} INFO - Setting next_dagrun for example_external_task_marker_parent to None, run_after=None
[2023-03-29T03:33:35.275+0000] {processor.py:175} INFO - Processing /home/airflow/.local/lib/python3.7/site-packages/airflow/example_dags/example_external_task_marker_dag.py took 0.064 seconds
[2023-03-29T03:34:05.957+0000] {processor.py:153} INFO - Started process (PID=779) to work on /home/airflow/.local/lib/python3.7/site-packages/airflow/example_dags/example_external_task_marker_dag.py
[2023-03-29T03:34:05.959+0000] {processor.py:743} INFO - Processing file /home/airflow/.local/lib/python3.7/site-packages/airflow/example_dags/example_external_task_marker_dag.py for tasks to queue
[2023-03-29T03:34:05.960+0000] {logging_mixin.py:137} INFO - [2023-03-29T03:34:05.960+0000] {dagbag.py:532} INFO - Filling up the DagBag from /home/airflow/.local/lib/python3.7/site-packages/airflow/example_dags/example_external_task_marker_dag.py
[2023-03-29T03:34:05.971+0000] {processor.py:753} INFO - DAG(s) dict_keys(['example_external_task_marker_parent', 'example_external_task_marker_child']) retrieved from /home/airflow/.local/lib/python3.7/site-packages/airflow/example_dags/example_external_task_marker_dag.py
[2023-03-29T03:34:05.994+0000] {logging_mixin.py:137} INFO - [2023-03-29T03:34:05.994+0000] {dag.py:2693} INFO - Sync 2 DAGs
[2023-03-29T03:34:06.015+0000] {logging_mixin.py:137} INFO - [2023-03-29T03:34:06.014+0000] {dag.py:3444} INFO - Setting next_dagrun for example_external_task_marker_child to None, run_after=None
[2023-03-29T03:34:06.018+0000] {logging_mixin.py:137} INFO - [2023-03-29T03:34:06.018+0000] {dag.py:3444} INFO - Setting next_dagrun for example_external_task_marker_parent to None, run_after=None
[2023-03-29T03:34:06.033+0000] {processor.py:175} INFO - Processing /home/airflow/.local/lib/python3.7/site-packages/airflow/example_dags/example_external_task_marker_dag.py took 0.079 seconds
[2023-03-29T03:34:36.600+0000] {processor.py:153} INFO - Started process (PID=829) to work on /home/airflow/.local/lib/python3.7/site-packages/airflow/example_dags/example_external_task_marker_dag.py
[2023-03-29T03:34:36.601+0000] {processor.py:743} INFO - Processing file /home/airflow/.local/lib/python3.7/site-packages/airflow/example_dags/example_external_task_marker_dag.py for tasks to queue
[2023-03-29T03:34:36.602+0000] {logging_mixin.py:137} INFO - [2023-03-29T03:34:36.602+0000] {dagbag.py:532} INFO - Filling up the DagBag from /home/airflow/.local/lib/python3.7/site-packages/airflow/example_dags/example_external_task_marker_dag.py
[2023-03-29T03:34:36.613+0000] {processor.py:753} INFO - DAG(s) dict_keys(['example_external_task_marker_child', 'example_external_task_marker_parent']) retrieved from /home/airflow/.local/lib/python3.7/site-packages/airflow/example_dags/example_external_task_marker_dag.py
[2023-03-29T03:34:36.633+0000] {logging_mixin.py:137} INFO - [2023-03-29T03:34:36.633+0000] {dag.py:2693} INFO - Sync 2 DAGs
[2023-03-29T03:34:36.651+0000] {logging_mixin.py:137} INFO - [2023-03-29T03:34:36.650+0000] {dag.py:3444} INFO - Setting next_dagrun for example_external_task_marker_child to None, run_after=None
[2023-03-29T03:34:36.654+0000] {logging_mixin.py:137} INFO - [2023-03-29T03:34:36.654+0000] {dag.py:3444} INFO - Setting next_dagrun for example_external_task_marker_parent to None, run_after=None
[2023-03-29T03:34:36.665+0000] {processor.py:175} INFO - Processing /home/airflow/.local/lib/python3.7/site-packages/airflow/example_dags/example_external_task_marker_dag.py took 0.068 seconds
[2023-03-29T03:35:07.183+0000] {processor.py:153} INFO - Started process (PID=878) to work on /home/airflow/.local/lib/python3.7/site-packages/airflow/example_dags/example_external_task_marker_dag.py
[2023-03-29T03:35:07.185+0000] {processor.py:743} INFO - Processing file /home/airflow/.local/lib/python3.7/site-packages/airflow/example_dags/example_external_task_marker_dag.py for tasks to queue
[2023-03-29T03:35:07.186+0000] {logging_mixin.py:137} INFO - [2023-03-29T03:35:07.186+0000] {dagbag.py:532} INFO - Filling up the DagBag from /home/airflow/.local/lib/python3.7/site-packages/airflow/example_dags/example_external_task_marker_dag.py
[2023-03-29T03:35:07.196+0000] {processor.py:753} INFO - DAG(s) dict_keys(['example_external_task_marker_child', 'example_external_task_marker_parent']) retrieved from /home/airflow/.local/lib/python3.7/site-packages/airflow/example_dags/example_external_task_marker_dag.py
[2023-03-29T03:35:07.217+0000] {logging_mixin.py:137} INFO - [2023-03-29T03:35:07.217+0000] {dag.py:2693} INFO - Sync 2 DAGs
[2023-03-29T03:35:07.237+0000] {logging_mixin.py:137} INFO - [2023-03-29T03:35:07.237+0000] {dag.py:3444} INFO - Setting next_dagrun for example_external_task_marker_child to None, run_after=None
[2023-03-29T03:35:07.240+0000] {logging_mixin.py:137} INFO - [2023-03-29T03:35:07.240+0000] {dag.py:3444} INFO - Setting next_dagrun for example_external_task_marker_parent to None, run_after=None
[2023-03-29T03:35:07.253+0000] {processor.py:175} INFO - Processing /home/airflow/.local/lib/python3.7/site-packages/airflow/example_dags/example_external_task_marker_dag.py took 0.072 seconds
[2023-03-29T03:35:37.825+0000] {processor.py:153} INFO - Started process (PID=927) to work on /home/airflow/.local/lib/python3.7/site-packages/airflow/example_dags/example_external_task_marker_dag.py
[2023-03-29T03:35:37.827+0000] {processor.py:743} INFO - Processing file /home/airflow/.local/lib/python3.7/site-packages/airflow/example_dags/example_external_task_marker_dag.py for tasks to queue
[2023-03-29T03:35:37.828+0000] {logging_mixin.py:137} INFO - [2023-03-29T03:35:37.828+0000] {dagbag.py:532} INFO - Filling up the DagBag from /home/airflow/.local/lib/python3.7/site-packages/airflow/example_dags/example_external_task_marker_dag.py
[2023-03-29T03:35:37.839+0000] {processor.py:753} INFO - DAG(s) dict_keys(['example_external_task_marker_child', 'example_external_task_marker_parent']) retrieved from /home/airflow/.local/lib/python3.7/site-packages/airflow/example_dags/example_external_task_marker_dag.py
[2023-03-29T03:35:37.859+0000] {logging_mixin.py:137} INFO - [2023-03-29T03:35:37.859+0000] {dag.py:2693} INFO - Sync 2 DAGs
[2023-03-29T03:35:37.876+0000] {logging_mixin.py:137} INFO - [2023-03-29T03:35:37.876+0000] {dag.py:3444} INFO - Setting next_dagrun for example_external_task_marker_child to None, run_after=None
[2023-03-29T03:35:37.879+0000] {logging_mixin.py:137} INFO - [2023-03-29T03:35:37.879+0000] {dag.py:3444} INFO - Setting next_dagrun for example_external_task_marker_parent to None, run_after=None
[2023-03-29T03:35:37.890+0000] {processor.py:175} INFO - Processing /home/airflow/.local/lib/python3.7/site-packages/airflow/example_dags/example_external_task_marker_dag.py took 0.067 seconds
[2023-03-29T03:36:08.595+0000] {processor.py:153} INFO - Started process (PID=976) to work on /home/airflow/.local/lib/python3.7/site-packages/airflow/example_dags/example_external_task_marker_dag.py
[2023-03-29T03:36:08.596+0000] {processor.py:743} INFO - Processing file /home/airflow/.local/lib/python3.7/site-packages/airflow/example_dags/example_external_task_marker_dag.py for tasks to queue
[2023-03-29T03:36:08.598+0000] {logging_mixin.py:137} INFO - [2023-03-29T03:36:08.598+0000] {dagbag.py:532} INFO - Filling up the DagBag from /home/airflow/.local/lib/python3.7/site-packages/airflow/example_dags/example_external_task_marker_dag.py
[2023-03-29T03:36:08.611+0000] {processor.py:753} INFO - DAG(s) dict_keys(['example_external_task_marker_parent', 'example_external_task_marker_child']) retrieved from /home/airflow/.local/lib/python3.7/site-packages/airflow/example_dags/example_external_task_marker_dag.py
[2023-03-29T03:36:08.638+0000] {logging_mixin.py:137} INFO - [2023-03-29T03:36:08.638+0000] {dag.py:2693} INFO - Sync 2 DAGs
[2023-03-29T03:36:08.655+0000] {logging_mixin.py:137} INFO - [2023-03-29T03:36:08.655+0000] {dag.py:3444} INFO - Setting next_dagrun for example_external_task_marker_child to None, run_after=None
[2023-03-29T03:36:08.659+0000] {logging_mixin.py:137} INFO - [2023-03-29T03:36:08.659+0000] {dag.py:3444} INFO - Setting next_dagrun for example_external_task_marker_parent to None, run_after=None
[2023-03-29T03:36:08.670+0000] {processor.py:175} INFO - Processing /home/airflow/.local/lib/python3.7/site-packages/airflow/example_dags/example_external_task_marker_dag.py took 0.078 seconds
[2023-03-29T03:36:39.358+0000] {processor.py:153} INFO - Started process (PID=1026) to work on /home/airflow/.local/lib/python3.7/site-packages/airflow/example_dags/example_external_task_marker_dag.py
[2023-03-29T03:36:39.360+0000] {processor.py:743} INFO - Processing file /home/airflow/.local/lib/python3.7/site-packages/airflow/example_dags/example_external_task_marker_dag.py for tasks to queue
[2023-03-29T03:36:39.361+0000] {logging_mixin.py:137} INFO - [2023-03-29T03:36:39.361+0000] {dagbag.py:532} INFO - Filling up the DagBag from /home/airflow/.local/lib/python3.7/site-packages/airflow/example_dags/example_external_task_marker_dag.py
[2023-03-29T03:36:39.370+0000] {processor.py:753} INFO - DAG(s) dict_keys(['example_external_task_marker_parent', 'example_external_task_marker_child']) retrieved from /home/airflow/.local/lib/python3.7/site-packages/airflow/example_dags/example_external_task_marker_dag.py
[2023-03-29T03:36:39.393+0000] {logging_mixin.py:137} INFO - [2023-03-29T03:36:39.393+0000] {dag.py:2693} INFO - Sync 2 DAGs
[2023-03-29T03:36:39.413+0000] {logging_mixin.py:137} INFO - [2023-03-29T03:36:39.413+0000] {dag.py:3444} INFO - Setting next_dagrun for example_external_task_marker_child to None, run_after=None
[2023-03-29T03:36:39.416+0000] {logging_mixin.py:137} INFO - [2023-03-29T03:36:39.416+0000] {dag.py:3444} INFO - Setting next_dagrun for example_external_task_marker_parent to None, run_after=None
[2023-03-29T03:36:39.428+0000] {processor.py:175} INFO - Processing /home/airflow/.local/lib/python3.7/site-packages/airflow/example_dags/example_external_task_marker_dag.py took 0.072 seconds
[2023-03-29T03:37:10.026+0000] {processor.py:153} INFO - Started process (PID=1075) to work on /home/airflow/.local/lib/python3.7/site-packages/airflow/example_dags/example_external_task_marker_dag.py
[2023-03-29T03:37:10.028+0000] {processor.py:743} INFO - Processing file /home/airflow/.local/lib/python3.7/site-packages/airflow/example_dags/example_external_task_marker_dag.py for tasks to queue
[2023-03-29T03:37:10.029+0000] {logging_mixin.py:137} INFO - [2023-03-29T03:37:10.029+0000] {dagbag.py:532} INFO - Filling up the DagBag from /home/airflow/.local/lib/python3.7/site-packages/airflow/example_dags/example_external_task_marker_dag.py
[2023-03-29T03:37:10.039+0000] {processor.py:753} INFO - DAG(s) dict_keys(['example_external_task_marker_child', 'example_external_task_marker_parent']) retrieved from /home/airflow/.local/lib/python3.7/site-packages/airflow/example_dags/example_external_task_marker_dag.py
[2023-03-29T03:37:10.063+0000] {logging_mixin.py:137} INFO - [2023-03-29T03:37:10.063+0000] {dag.py:2693} INFO - Sync 2 DAGs
[2023-03-29T03:37:10.081+0000] {logging_mixin.py:137} INFO - [2023-03-29T03:37:10.080+0000] {dag.py:3444} INFO - Setting next_dagrun for example_external_task_marker_child to None, run_after=None
[2023-03-29T03:37:10.084+0000] {logging_mixin.py:137} INFO - [2023-03-29T03:37:10.084+0000] {dag.py:3444} INFO - Setting next_dagrun for example_external_task_marker_parent to None, run_after=None
[2023-03-29T03:37:10.095+0000] {processor.py:175} INFO - Processing /home/airflow/.local/lib/python3.7/site-packages/airflow/example_dags/example_external_task_marker_dag.py took 0.071 seconds
[2023-03-29T03:37:40.711+0000] {processor.py:153} INFO - Started process (PID=1124) to work on /home/airflow/.local/lib/python3.7/site-packages/airflow/example_dags/example_external_task_marker_dag.py
[2023-03-29T03:37:40.712+0000] {processor.py:743} INFO - Processing file /home/airflow/.local/lib/python3.7/site-packages/airflow/example_dags/example_external_task_marker_dag.py for tasks to queue
[2023-03-29T03:37:40.713+0000] {logging_mixin.py:137} INFO - [2023-03-29T03:37:40.713+0000] {dagbag.py:532} INFO - Filling up the DagBag from /home/airflow/.local/lib/python3.7/site-packages/airflow/example_dags/example_external_task_marker_dag.py
[2023-03-29T03:37:40.724+0000] {processor.py:753} INFO - DAG(s) dict_keys(['example_external_task_marker_child', 'example_external_task_marker_parent']) retrieved from /home/airflow/.local/lib/python3.7/site-packages/airflow/example_dags/example_external_task_marker_dag.py
[2023-03-29T03:37:40.749+0000] {logging_mixin.py:137} INFO - [2023-03-29T03:37:40.749+0000] {dag.py:2693} INFO - Sync 2 DAGs
[2023-03-29T03:37:40.768+0000] {logging_mixin.py:137} INFO - [2023-03-29T03:37:40.768+0000] {dag.py:3444} INFO - Setting next_dagrun for example_external_task_marker_child to None, run_after=None
[2023-03-29T03:37:40.771+0000] {logging_mixin.py:137} INFO - [2023-03-29T03:37:40.771+0000] {dag.py:3444} INFO - Setting next_dagrun for example_external_task_marker_parent to None, run_after=None
[2023-03-29T03:37:40.784+0000] {processor.py:175} INFO - Processing /home/airflow/.local/lib/python3.7/site-packages/airflow/example_dags/example_external_task_marker_dag.py took 0.076 seconds
[2023-03-29T03:38:11.276+0000] {processor.py:153} INFO - Started process (PID=1173) to work on /home/airflow/.local/lib/python3.7/site-packages/airflow/example_dags/example_external_task_marker_dag.py
[2023-03-29T03:38:11.277+0000] {processor.py:743} INFO - Processing file /home/airflow/.local/lib/python3.7/site-packages/airflow/example_dags/example_external_task_marker_dag.py for tasks to queue
[2023-03-29T03:38:11.278+0000] {logging_mixin.py:137} INFO - [2023-03-29T03:38:11.278+0000] {dagbag.py:532} INFO - Filling up the DagBag from /home/airflow/.local/lib/python3.7/site-packages/airflow/example_dags/example_external_task_marker_dag.py
[2023-03-29T03:38:11.288+0000] {processor.py:753} INFO - DAG(s) dict_keys(['example_external_task_marker_parent', 'example_external_task_marker_child']) retrieved from /home/airflow/.local/lib/python3.7/site-packages/airflow/example_dags/example_external_task_marker_dag.py
[2023-03-29T03:38:11.309+0000] {logging_mixin.py:137} INFO - [2023-03-29T03:38:11.309+0000] {dag.py:2693} INFO - Sync 2 DAGs
[2023-03-29T03:38:11.325+0000] {logging_mixin.py:137} INFO - [2023-03-29T03:38:11.325+0000] {dag.py:3444} INFO - Setting next_dagrun for example_external_task_marker_child to None, run_after=None
[2023-03-29T03:38:11.328+0000] {logging_mixin.py:137} INFO - [2023-03-29T03:38:11.328+0000] {dag.py:3444} INFO - Setting next_dagrun for example_external_task_marker_parent to None, run_after=None
[2023-03-29T03:38:11.340+0000] {processor.py:175} INFO - Processing /home/airflow/.local/lib/python3.7/site-packages/airflow/example_dags/example_external_task_marker_dag.py took 0.066 seconds
[2023-03-29T03:38:41.831+0000] {processor.py:153} INFO - Started process (PID=1222) to work on /home/airflow/.local/lib/python3.7/site-packages/airflow/example_dags/example_external_task_marker_dag.py
[2023-03-29T03:38:41.833+0000] {processor.py:743} INFO - Processing file /home/airflow/.local/lib/python3.7/site-packages/airflow/example_dags/example_external_task_marker_dag.py for tasks to queue
[2023-03-29T03:38:41.834+0000] {logging_mixin.py:137} INFO - [2023-03-29T03:38:41.834+0000] {dagbag.py:532} INFO - Filling up the DagBag from /home/airflow/.local/lib/python3.7/site-packages/airflow/example_dags/example_external_task_marker_dag.py
[2023-03-29T03:38:41.844+0000] {processor.py:753} INFO - DAG(s) dict_keys(['example_external_task_marker_child', 'example_external_task_marker_parent']) retrieved from /home/airflow/.local/lib/python3.7/site-packages/airflow/example_dags/example_external_task_marker_dag.py
[2023-03-29T03:38:41.864+0000] {logging_mixin.py:137} INFO - [2023-03-29T03:38:41.864+0000] {dag.py:2693} INFO - Sync 2 DAGs
[2023-03-29T03:38:41.883+0000] {logging_mixin.py:137} INFO - [2023-03-29T03:38:41.883+0000] {dag.py:3444} INFO - Setting next_dagrun for example_external_task_marker_child to None, run_after=None
[2023-03-29T03:38:41.892+0000] {logging_mixin.py:137} INFO - [2023-03-29T03:38:41.892+0000] {dag.py:3444} INFO - Setting next_dagrun for example_external_task_marker_parent to None, run_after=None
[2023-03-29T03:38:41.913+0000] {processor.py:175} INFO - Processing /home/airflow/.local/lib/python3.7/site-packages/airflow/example_dags/example_external_task_marker_dag.py took 0.084 seconds
[2023-03-29T03:39:12.475+0000] {processor.py:153} INFO - Started process (PID=1272) to work on /home/airflow/.local/lib/python3.7/site-packages/airflow/example_dags/example_external_task_marker_dag.py
[2023-03-29T03:39:12.477+0000] {processor.py:743} INFO - Processing file /home/airflow/.local/lib/python3.7/site-packages/airflow/example_dags/example_external_task_marker_dag.py for tasks to queue
[2023-03-29T03:39:12.478+0000] {logging_mixin.py:137} INFO - [2023-03-29T03:39:12.478+0000] {dagbag.py:532} INFO - Filling up the DagBag from /home/airflow/.local/lib/python3.7/site-packages/airflow/example_dags/example_external_task_marker_dag.py
[2023-03-29T03:39:12.487+0000] {processor.py:753} INFO - DAG(s) dict_keys(['example_external_task_marker_parent', 'example_external_task_marker_child']) retrieved from /home/airflow/.local/lib/python3.7/site-packages/airflow/example_dags/example_external_task_marker_dag.py
[2023-03-29T03:39:12.509+0000] {logging_mixin.py:137} INFO - [2023-03-29T03:39:12.508+0000] {dag.py:2693} INFO - Sync 2 DAGs
[2023-03-29T03:39:12.525+0000] {logging_mixin.py:137} INFO - [2023-03-29T03:39:12.525+0000] {dag.py:3444} INFO - Setting next_dagrun for example_external_task_marker_child to None, run_after=None
[2023-03-29T03:39:12.529+0000] {logging_mixin.py:137} INFO - [2023-03-29T03:39:12.529+0000] {dag.py:3444} INFO - Setting next_dagrun for example_external_task_marker_parent to None, run_after=None
[2023-03-29T03:39:12.540+0000] {processor.py:175} INFO - Processing /home/airflow/.local/lib/python3.7/site-packages/airflow/example_dags/example_external_task_marker_dag.py took 0.068 seconds
[2023-03-29T03:39:43.091+0000] {processor.py:153} INFO - Started process (PID=1321) to work on /home/airflow/.local/lib/python3.7/site-packages/airflow/example_dags/example_external_task_marker_dag.py
[2023-03-29T03:39:43.093+0000] {processor.py:743} INFO - Processing file /home/airflow/.local/lib/python3.7/site-packages/airflow/example_dags/example_external_task_marker_dag.py for tasks to queue
[2023-03-29T03:39:43.094+0000] {logging_mixin.py:137} INFO - [2023-03-29T03:39:43.094+0000] {dagbag.py:532} INFO - Filling up the DagBag from /home/airflow/.local/lib/python3.7/site-packages/airflow/example_dags/example_external_task_marker_dag.py
[2023-03-29T03:39:43.104+0000] {processor.py:753} INFO - DAG(s) dict_keys(['example_external_task_marker_parent', 'example_external_task_marker_child']) retrieved from /home/airflow/.local/lib/python3.7/site-packages/airflow/example_dags/example_external_task_marker_dag.py
[2023-03-29T03:39:43.128+0000] {logging_mixin.py:137} INFO - [2023-03-29T03:39:43.128+0000] {dag.py:2693} INFO - Sync 2 DAGs
[2023-03-29T03:39:43.145+0000] {logging_mixin.py:137} INFO - [2023-03-29T03:39:43.145+0000] {dag.py:3444} INFO - Setting next_dagrun for example_external_task_marker_child to None, run_after=None
[2023-03-29T03:39:43.148+0000] {logging_mixin.py:137} INFO - [2023-03-29T03:39:43.148+0000] {dag.py:3444} INFO - Setting next_dagrun for example_external_task_marker_parent to None, run_after=None
[2023-03-29T03:39:43.159+0000] {processor.py:175} INFO - Processing /home/airflow/.local/lib/python3.7/site-packages/airflow/example_dags/example_external_task_marker_dag.py took 0.070 seconds
[2023-03-29T03:40:13.750+0000] {processor.py:153} INFO - Started process (PID=1370) to work on /home/airflow/.local/lib/python3.7/site-packages/airflow/example_dags/example_external_task_marker_dag.py
[2023-03-29T03:40:13.752+0000] {processor.py:743} INFO - Processing file /home/airflow/.local/lib/python3.7/site-packages/airflow/example_dags/example_external_task_marker_dag.py for tasks to queue
[2023-03-29T03:40:13.753+0000] {logging_mixin.py:137} INFO - [2023-03-29T03:40:13.753+0000] {dagbag.py:532} INFO - Filling up the DagBag from /home/airflow/.local/lib/python3.7/site-packages/airflow/example_dags/example_external_task_marker_dag.py
[2023-03-29T03:40:13.765+0000] {processor.py:753} INFO - DAG(s) dict_keys(['example_external_task_marker_parent', 'example_external_task_marker_child']) retrieved from /home/airflow/.local/lib/python3.7/site-packages/airflow/example_dags/example_external_task_marker_dag.py
[2023-03-29T03:40:13.790+0000] {logging_mixin.py:137} INFO - [2023-03-29T03:40:13.790+0000] {dag.py:2693} INFO - Sync 2 DAGs
[2023-03-29T03:40:13.810+0000] {logging_mixin.py:137} INFO - [2023-03-29T03:40:13.810+0000] {dag.py:3444} INFO - Setting next_dagrun for example_external_task_marker_child to None, run_after=None
[2023-03-29T03:40:13.814+0000] {logging_mixin.py:137} INFO - [2023-03-29T03:40:13.814+0000] {dag.py:3444} INFO - Setting next_dagrun for example_external_task_marker_parent to None, run_after=None
[2023-03-29T03:40:13.828+0000] {processor.py:175} INFO - Processing /home/airflow/.local/lib/python3.7/site-packages/airflow/example_dags/example_external_task_marker_dag.py took 0.081 seconds
[2023-03-29T03:40:44.498+0000] {processor.py:153} INFO - Started process (PID=1419) to work on /home/airflow/.local/lib/python3.7/site-packages/airflow/example_dags/example_external_task_marker_dag.py
[2023-03-29T03:40:44.500+0000] {processor.py:743} INFO - Processing file /home/airflow/.local/lib/python3.7/site-packages/airflow/example_dags/example_external_task_marker_dag.py for tasks to queue
[2023-03-29T03:40:44.501+0000] {logging_mixin.py:137} INFO - [2023-03-29T03:40:44.501+0000] {dagbag.py:532} INFO - Filling up the DagBag from /home/airflow/.local/lib/python3.7/site-packages/airflow/example_dags/example_external_task_marker_dag.py
[2023-03-29T03:40:44.511+0000] {processor.py:753} INFO - DAG(s) dict_keys(['example_external_task_marker_parent', 'example_external_task_marker_child']) retrieved from /home/airflow/.local/lib/python3.7/site-packages/airflow/example_dags/example_external_task_marker_dag.py
[2023-03-29T03:40:44.531+0000] {logging_mixin.py:137} INFO - [2023-03-29T03:40:44.531+0000] {dag.py:2693} INFO - Sync 2 DAGs
[2023-03-29T03:40:44.546+0000] {logging_mixin.py:137} INFO - [2023-03-29T03:40:44.546+0000] {dag.py:3444} INFO - Setting next_dagrun for example_external_task_marker_child to None, run_after=None
[2023-03-29T03:40:44.550+0000] {logging_mixin.py:137} INFO - [2023-03-29T03:40:44.550+0000] {dag.py:3444} INFO - Setting next_dagrun for example_external_task_marker_parent to None, run_after=None
[2023-03-29T03:40:44.561+0000] {processor.py:175} INFO - Processing /home/airflow/.local/lib/python3.7/site-packages/airflow/example_dags/example_external_task_marker_dag.py took 0.065 seconds
[2023-03-29T03:41:15.179+0000] {processor.py:153} INFO - Started process (PID=1468) to work on /home/airflow/.local/lib/python3.7/site-packages/airflow/example_dags/example_external_task_marker_dag.py
[2023-03-29T03:41:15.181+0000] {processor.py:743} INFO - Processing file /home/airflow/.local/lib/python3.7/site-packages/airflow/example_dags/example_external_task_marker_dag.py for tasks to queue
[2023-03-29T03:41:15.182+0000] {logging_mixin.py:137} INFO - [2023-03-29T03:41:15.182+0000] {dagbag.py:532} INFO - Filling up the DagBag from /home/airflow/.local/lib/python3.7/site-packages/airflow/example_dags/example_external_task_marker_dag.py
[2023-03-29T03:41:15.191+0000] {processor.py:753} INFO - DAG(s) dict_keys(['example_external_task_marker_parent', 'example_external_task_marker_child']) retrieved from /home/airflow/.local/lib/python3.7/site-packages/airflow/example_dags/example_external_task_marker_dag.py
[2023-03-29T03:41:15.211+0000] {logging_mixin.py:137} INFO - [2023-03-29T03:41:15.211+0000] {dag.py:2693} INFO - Sync 2 DAGs
[2023-03-29T03:41:15.230+0000] {logging_mixin.py:137} INFO - [2023-03-29T03:41:15.230+0000] {dag.py:3444} INFO - Setting next_dagrun for example_external_task_marker_child to None, run_after=None
[2023-03-29T03:41:15.234+0000] {logging_mixin.py:137} INFO - [2023-03-29T03:41:15.234+0000] {dag.py:3444} INFO - Setting next_dagrun for example_external_task_marker_parent to None, run_after=None
[2023-03-29T03:41:15.246+0000] {processor.py:175} INFO - Processing /home/airflow/.local/lib/python3.7/site-packages/airflow/example_dags/example_external_task_marker_dag.py took 0.070 seconds
[2023-03-29T03:41:45.973+0000] {processor.py:153} INFO - Started process (PID=1517) to work on /home/airflow/.local/lib/python3.7/site-packages/airflow/example_dags/example_external_task_marker_dag.py
[2023-03-29T03:41:45.975+0000] {processor.py:743} INFO - Processing file /home/airflow/.local/lib/python3.7/site-packages/airflow/example_dags/example_external_task_marker_dag.py for tasks to queue
[2023-03-29T03:41:45.978+0000] {logging_mixin.py:137} INFO - [2023-03-29T03:41:45.978+0000] {dagbag.py:532} INFO - Filling up the DagBag from /home/airflow/.local/lib/python3.7/site-packages/airflow/example_dags/example_external_task_marker_dag.py
[2023-03-29T03:41:45.987+0000] {processor.py:753} INFO - DAG(s) dict_keys(['example_external_task_marker_child', 'example_external_task_marker_parent']) retrieved from /home/airflow/.local/lib/python3.7/site-packages/airflow/example_dags/example_external_task_marker_dag.py
[2023-03-29T03:41:46.007+0000] {logging_mixin.py:137} INFO - [2023-03-29T03:41:46.007+0000] {dag.py:2693} INFO - Sync 2 DAGs
[2023-03-29T03:41:46.023+0000] {logging_mixin.py:137} INFO - [2023-03-29T03:41:46.023+0000] {dag.py:3444} INFO - Setting next_dagrun for example_external_task_marker_child to None, run_after=None
[2023-03-29T03:41:46.028+0000] {logging_mixin.py:137} INFO - [2023-03-29T03:41:46.028+0000] {dag.py:3444} INFO - Setting next_dagrun for example_external_task_marker_parent to None, run_after=None
[2023-03-29T03:41:46.042+0000] {processor.py:175} INFO - Processing /home/airflow/.local/lib/python3.7/site-packages/airflow/example_dags/example_external_task_marker_dag.py took 0.072 seconds
[2023-03-29T03:42:16.430+0000] {processor.py:153} INFO - Started process (PID=1568) to work on /home/airflow/.local/lib/python3.7/site-packages/airflow/example_dags/example_external_task_marker_dag.py
[2023-03-29T03:42:16.431+0000] {processor.py:743} INFO - Processing file /home/airflow/.local/lib/python3.7/site-packages/airflow/example_dags/example_external_task_marker_dag.py for tasks to queue
[2023-03-29T03:42:16.432+0000] {logging_mixin.py:137} INFO - [2023-03-29T03:42:16.432+0000] {dagbag.py:532} INFO - Filling up the DagBag from /home/airflow/.local/lib/python3.7/site-packages/airflow/example_dags/example_external_task_marker_dag.py
[2023-03-29T03:42:16.442+0000] {processor.py:753} INFO - DAG(s) dict_keys(['example_external_task_marker_parent', 'example_external_task_marker_child']) retrieved from /home/airflow/.local/lib/python3.7/site-packages/airflow/example_dags/example_external_task_marker_dag.py
[2023-03-29T03:42:16.463+0000] {logging_mixin.py:137} INFO - [2023-03-29T03:42:16.463+0000] {dag.py:2693} INFO - Sync 2 DAGs
[2023-03-29T03:42:16.479+0000] {logging_mixin.py:137} INFO - [2023-03-29T03:42:16.479+0000] {dag.py:3444} INFO - Setting next_dagrun for example_external_task_marker_child to None, run_after=None
[2023-03-29T03:42:16.482+0000] {logging_mixin.py:137} INFO - [2023-03-29T03:42:16.482+0000] {dag.py:3444} INFO - Setting next_dagrun for example_external_task_marker_parent to None, run_after=None
[2023-03-29T03:42:16.492+0000] {processor.py:175} INFO - Processing /home/airflow/.local/lib/python3.7/site-packages/airflow/example_dags/example_external_task_marker_dag.py took 0.065 seconds
[2023-03-29T03:42:47.084+0000] {processor.py:153} INFO - Started process (PID=1617) to work on /home/airflow/.local/lib/python3.7/site-packages/airflow/example_dags/example_external_task_marker_dag.py
[2023-03-29T03:42:47.087+0000] {processor.py:743} INFO - Processing file /home/airflow/.local/lib/python3.7/site-packages/airflow/example_dags/example_external_task_marker_dag.py for tasks to queue
[2023-03-29T03:42:47.089+0000] {logging_mixin.py:137} INFO - [2023-03-29T03:42:47.089+0000] {dagbag.py:532} INFO - Filling up the DagBag from /home/airflow/.local/lib/python3.7/site-packages/airflow/example_dags/example_external_task_marker_dag.py
[2023-03-29T03:42:47.099+0000] {processor.py:753} INFO - DAG(s) dict_keys(['example_external_task_marker_child', 'example_external_task_marker_parent']) retrieved from /home/airflow/.local/lib/python3.7/site-packages/airflow/example_dags/example_external_task_marker_dag.py
[2023-03-29T03:42:47.117+0000] {logging_mixin.py:137} INFO - [2023-03-29T03:42:47.117+0000] {dag.py:2693} INFO - Sync 2 DAGs
[2023-03-29T03:42:47.136+0000] {logging_mixin.py:137} INFO - [2023-03-29T03:42:47.136+0000] {dag.py:3444} INFO - Setting next_dagrun for example_external_task_marker_child to None, run_after=None
[2023-03-29T03:42:47.141+0000] {logging_mixin.py:137} INFO - [2023-03-29T03:42:47.140+0000] {dag.py:3444} INFO - Setting next_dagrun for example_external_task_marker_parent to None, run_after=None
[2023-03-29T03:42:47.152+0000] {processor.py:175} INFO - Processing /home/airflow/.local/lib/python3.7/site-packages/airflow/example_dags/example_external_task_marker_dag.py took 0.070 seconds
[2023-03-29T03:43:17.577+0000] {processor.py:153} INFO - Started process (PID=1666) to work on /home/airflow/.local/lib/python3.7/site-packages/airflow/example_dags/example_external_task_marker_dag.py
[2023-03-29T03:43:17.579+0000] {processor.py:743} INFO - Processing file /home/airflow/.local/lib/python3.7/site-packages/airflow/example_dags/example_external_task_marker_dag.py for tasks to queue
[2023-03-29T03:43:17.580+0000] {logging_mixin.py:137} INFO - [2023-03-29T03:43:17.580+0000] {dagbag.py:532} INFO - Filling up the DagBag from /home/airflow/.local/lib/python3.7/site-packages/airflow/example_dags/example_external_task_marker_dag.py
[2023-03-29T03:43:17.592+0000] {processor.py:753} INFO - DAG(s) dict_keys(['example_external_task_marker_child', 'example_external_task_marker_parent']) retrieved from /home/airflow/.local/lib/python3.7/site-packages/airflow/example_dags/example_external_task_marker_dag.py
[2023-03-29T03:43:17.612+0000] {logging_mixin.py:137} INFO - [2023-03-29T03:43:17.612+0000] {dag.py:2693} INFO - Sync 2 DAGs
[2023-03-29T03:43:17.629+0000] {logging_mixin.py:137} INFO - [2023-03-29T03:43:17.629+0000] {dag.py:3444} INFO - Setting next_dagrun for example_external_task_marker_child to None, run_after=None
[2023-03-29T03:43:17.635+0000] {logging_mixin.py:137} INFO - [2023-03-29T03:43:17.635+0000] {dag.py:3444} INFO - Setting next_dagrun for example_external_task_marker_parent to None, run_after=None
[2023-03-29T03:43:17.647+0000] {processor.py:175} INFO - Processing /home/airflow/.local/lib/python3.7/site-packages/airflow/example_dags/example_external_task_marker_dag.py took 0.073 seconds
[2023-03-29T03:43:48.544+0000] {processor.py:153} INFO - Started process (PID=1715) to work on /home/airflow/.local/lib/python3.7/site-packages/airflow/example_dags/example_external_task_marker_dag.py
[2023-03-29T03:43:48.546+0000] {processor.py:743} INFO - Processing file /home/airflow/.local/lib/python3.7/site-packages/airflow/example_dags/example_external_task_marker_dag.py for tasks to queue
[2023-03-29T03:43:48.547+0000] {logging_mixin.py:137} INFO - [2023-03-29T03:43:48.547+0000] {dagbag.py:532} INFO - Filling up the DagBag from /home/airflow/.local/lib/python3.7/site-packages/airflow/example_dags/example_external_task_marker_dag.py
[2023-03-29T03:43:48.556+0000] {processor.py:753} INFO - DAG(s) dict_keys(['example_external_task_marker_parent', 'example_external_task_marker_child']) retrieved from /home/airflow/.local/lib/python3.7/site-packages/airflow/example_dags/example_external_task_marker_dag.py
[2023-03-29T03:43:48.577+0000] {logging_mixin.py:137} INFO - [2023-03-29T03:43:48.577+0000] {dag.py:2693} INFO - Sync 2 DAGs
[2023-03-29T03:43:48.595+0000] {logging_mixin.py:137} INFO - [2023-03-29T03:43:48.595+0000] {dag.py:3444} INFO - Setting next_dagrun for example_external_task_marker_child to None, run_after=None
[2023-03-29T03:43:48.599+0000] {logging_mixin.py:137} INFO - [2023-03-29T03:43:48.599+0000] {dag.py:3444} INFO - Setting next_dagrun for example_external_task_marker_parent to None, run_after=None
[2023-03-29T03:43:48.609+0000] {processor.py:175} INFO - Processing /home/airflow/.local/lib/python3.7/site-packages/airflow/example_dags/example_external_task_marker_dag.py took 0.067 seconds
[2023-03-29T03:44:19.259+0000] {processor.py:153} INFO - Started process (PID=1764) to work on /home/airflow/.local/lib/python3.7/site-packages/airflow/example_dags/example_external_task_marker_dag.py
[2023-03-29T03:44:19.261+0000] {processor.py:743} INFO - Processing file /home/airflow/.local/lib/python3.7/site-packages/airflow/example_dags/example_external_task_marker_dag.py for tasks to queue
[2023-03-29T03:44:19.264+0000] {logging_mixin.py:137} INFO - [2023-03-29T03:44:19.264+0000] {dagbag.py:532} INFO - Filling up the DagBag from /home/airflow/.local/lib/python3.7/site-packages/airflow/example_dags/example_external_task_marker_dag.py
[2023-03-29T03:44:19.277+0000] {processor.py:753} INFO - DAG(s) dict_keys(['example_external_task_marker_child', 'example_external_task_marker_parent']) retrieved from /home/airflow/.local/lib/python3.7/site-packages/airflow/example_dags/example_external_task_marker_dag.py
[2023-03-29T03:44:19.316+0000] {logging_mixin.py:137} INFO - [2023-03-29T03:44:19.316+0000] {dag.py:2693} INFO - Sync 2 DAGs
[2023-03-29T03:44:19.413+0000] {logging_mixin.py:137} INFO - [2023-03-29T03:44:19.413+0000] {dag.py:3444} INFO - Setting next_dagrun for example_external_task_marker_child to None, run_after=None
[2023-03-29T03:44:19.425+0000] {logging_mixin.py:137} INFO - [2023-03-29T03:44:19.425+0000] {dag.py:3444} INFO - Setting next_dagrun for example_external_task_marker_parent to None, run_after=None
[2023-03-29T03:44:19.460+0000] {processor.py:175} INFO - Processing /home/airflow/.local/lib/python3.7/site-packages/airflow/example_dags/example_external_task_marker_dag.py took 0.206 seconds
[2023-03-29T03:44:49.541+0000] {processor.py:153} INFO - Started process (PID=1813) to work on /home/airflow/.local/lib/python3.7/site-packages/airflow/example_dags/example_external_task_marker_dag.py
[2023-03-29T03:44:49.543+0000] {processor.py:743} INFO - Processing file /home/airflow/.local/lib/python3.7/site-packages/airflow/example_dags/example_external_task_marker_dag.py for tasks to queue
[2023-03-29T03:44:49.561+0000] {logging_mixin.py:137} INFO - [2023-03-29T03:44:49.561+0000] {dagbag.py:532} INFO - Filling up the DagBag from /home/airflow/.local/lib/python3.7/site-packages/airflow/example_dags/example_external_task_marker_dag.py
[2023-03-29T03:44:49.571+0000] {processor.py:753} INFO - DAG(s) dict_keys(['example_external_task_marker_parent', 'example_external_task_marker_child']) retrieved from /home/airflow/.local/lib/python3.7/site-packages/airflow/example_dags/example_external_task_marker_dag.py
[2023-03-29T03:44:49.594+0000] {logging_mixin.py:137} INFO - [2023-03-29T03:44:49.594+0000] {dag.py:2693} INFO - Sync 2 DAGs
[2023-03-29T03:44:49.615+0000] {logging_mixin.py:137} INFO - [2023-03-29T03:44:49.615+0000] {dag.py:3444} INFO - Setting next_dagrun for example_external_task_marker_child to None, run_after=None
[2023-03-29T03:44:49.619+0000] {logging_mixin.py:137} INFO - [2023-03-29T03:44:49.619+0000] {dag.py:3444} INFO - Setting next_dagrun for example_external_task_marker_parent to None, run_after=None
[2023-03-29T03:44:49.632+0000] {processor.py:175} INFO - Processing /home/airflow/.local/lib/python3.7/site-packages/airflow/example_dags/example_external_task_marker_dag.py took 0.093 seconds
[2023-03-29T03:45:20.576+0000] {processor.py:153} INFO - Started process (PID=1862) to work on /home/airflow/.local/lib/python3.7/site-packages/airflow/example_dags/example_external_task_marker_dag.py
[2023-03-29T03:45:20.577+0000] {processor.py:743} INFO - Processing file /home/airflow/.local/lib/python3.7/site-packages/airflow/example_dags/example_external_task_marker_dag.py for tasks to queue
[2023-03-29T03:45:20.580+0000] {logging_mixin.py:137} INFO - [2023-03-29T03:45:20.580+0000] {dagbag.py:532} INFO - Filling up the DagBag from /home/airflow/.local/lib/python3.7/site-packages/airflow/example_dags/example_external_task_marker_dag.py
[2023-03-29T03:45:20.592+0000] {processor.py:753} INFO - DAG(s) dict_keys(['example_external_task_marker_parent', 'example_external_task_marker_child']) retrieved from /home/airflow/.local/lib/python3.7/site-packages/airflow/example_dags/example_external_task_marker_dag.py
[2023-03-29T03:45:20.616+0000] {logging_mixin.py:137} INFO - [2023-03-29T03:45:20.616+0000] {dag.py:2693} INFO - Sync 2 DAGs
[2023-03-29T03:45:20.635+0000] {logging_mixin.py:137} INFO - [2023-03-29T03:45:20.635+0000] {dag.py:3444} INFO - Setting next_dagrun for example_external_task_marker_child to None, run_after=None
[2023-03-29T03:45:20.640+0000] {logging_mixin.py:137} INFO - [2023-03-29T03:45:20.640+0000] {dag.py:3444} INFO - Setting next_dagrun for example_external_task_marker_parent to None, run_after=None
[2023-03-29T03:45:20.653+0000] {processor.py:175} INFO - Processing /home/airflow/.local/lib/python3.7/site-packages/airflow/example_dags/example_external_task_marker_dag.py took 0.080 seconds
[2023-03-29T03:45:51.117+0000] {processor.py:153} INFO - Started process (PID=1911) to work on /home/airflow/.local/lib/python3.7/site-packages/airflow/example_dags/example_external_task_marker_dag.py
[2023-03-29T03:45:51.118+0000] {processor.py:743} INFO - Processing file /home/airflow/.local/lib/python3.7/site-packages/airflow/example_dags/example_external_task_marker_dag.py for tasks to queue
[2023-03-29T03:45:51.119+0000] {logging_mixin.py:137} INFO - [2023-03-29T03:45:51.119+0000] {dagbag.py:532} INFO - Filling up the DagBag from /home/airflow/.local/lib/python3.7/site-packages/airflow/example_dags/example_external_task_marker_dag.py
[2023-03-29T03:45:51.132+0000] {processor.py:753} INFO - DAG(s) dict_keys(['example_external_task_marker_child', 'example_external_task_marker_parent']) retrieved from /home/airflow/.local/lib/python3.7/site-packages/airflow/example_dags/example_external_task_marker_dag.py
[2023-03-29T03:45:51.155+0000] {logging_mixin.py:137} INFO - [2023-03-29T03:45:51.155+0000] {dag.py:2693} INFO - Sync 2 DAGs
[2023-03-29T03:45:51.173+0000] {logging_mixin.py:137} INFO - [2023-03-29T03:45:51.172+0000] {dag.py:3444} INFO - Setting next_dagrun for example_external_task_marker_child to None, run_after=None
[2023-03-29T03:45:51.175+0000] {logging_mixin.py:137} INFO - [2023-03-29T03:45:51.175+0000] {dag.py:3444} INFO - Setting next_dagrun for example_external_task_marker_parent to None, run_after=None
[2023-03-29T03:45:51.186+0000] {processor.py:175} INFO - Processing /home/airflow/.local/lib/python3.7/site-packages/airflow/example_dags/example_external_task_marker_dag.py took 0.071 seconds
[2023-03-29T03:46:21.770+0000] {processor.py:153} INFO - Started process (PID=1968) to work on /home/airflow/.local/lib/python3.7/site-packages/airflow/example_dags/example_external_task_marker_dag.py
[2023-03-29T03:46:21.772+0000] {processor.py:743} INFO - Processing file /home/airflow/.local/lib/python3.7/site-packages/airflow/example_dags/example_external_task_marker_dag.py for tasks to queue
[2023-03-29T03:46:21.774+0000] {logging_mixin.py:137} INFO - [2023-03-29T03:46:21.774+0000] {dagbag.py:532} INFO - Filling up the DagBag from /home/airflow/.local/lib/python3.7/site-packages/airflow/example_dags/example_external_task_marker_dag.py
[2023-03-29T03:46:21.789+0000] {processor.py:753} INFO - DAG(s) dict_keys(['example_external_task_marker_parent', 'example_external_task_marker_child']) retrieved from /home/airflow/.local/lib/python3.7/site-packages/airflow/example_dags/example_external_task_marker_dag.py
[2023-03-29T03:46:21.820+0000] {logging_mixin.py:137} INFO - [2023-03-29T03:46:21.820+0000] {dag.py:2693} INFO - Sync 2 DAGs
[2023-03-29T03:46:21.838+0000] {logging_mixin.py:137} INFO - [2023-03-29T03:46:21.838+0000] {dag.py:3444} INFO - Setting next_dagrun for example_external_task_marker_child to None, run_after=None
[2023-03-29T03:46:21.842+0000] {logging_mixin.py:137} INFO - [2023-03-29T03:46:21.841+0000] {dag.py:3444} INFO - Setting next_dagrun for example_external_task_marker_parent to None, run_after=None
[2023-03-29T03:46:21.855+0000] {processor.py:175} INFO - Processing /home/airflow/.local/lib/python3.7/site-packages/airflow/example_dags/example_external_task_marker_dag.py took 0.088 seconds
[2023-03-29T03:46:52.393+0000] {processor.py:153} INFO - Started process (PID=2018) to work on /home/airflow/.local/lib/python3.7/site-packages/airflow/example_dags/example_external_task_marker_dag.py
[2023-03-29T03:46:52.395+0000] {processor.py:743} INFO - Processing file /home/airflow/.local/lib/python3.7/site-packages/airflow/example_dags/example_external_task_marker_dag.py for tasks to queue
[2023-03-29T03:46:52.397+0000] {logging_mixin.py:137} INFO - [2023-03-29T03:46:52.397+0000] {dagbag.py:532} INFO - Filling up the DagBag from /home/airflow/.local/lib/python3.7/site-packages/airflow/example_dags/example_external_task_marker_dag.py
[2023-03-29T03:46:52.406+0000] {processor.py:753} INFO - DAG(s) dict_keys(['example_external_task_marker_parent', 'example_external_task_marker_child']) retrieved from /home/airflow/.local/lib/python3.7/site-packages/airflow/example_dags/example_external_task_marker_dag.py
[2023-03-29T03:46:52.429+0000] {logging_mixin.py:137} INFO - [2023-03-29T03:46:52.429+0000] {dag.py:2693} INFO - Sync 2 DAGs
[2023-03-29T03:46:52.451+0000] {logging_mixin.py:137} INFO - [2023-03-29T03:46:52.451+0000] {dag.py:3444} INFO - Setting next_dagrun for example_external_task_marker_child to None, run_after=None
[2023-03-29T03:46:52.456+0000] {logging_mixin.py:137} INFO - [2023-03-29T03:46:52.456+0000] {dag.py:3444} INFO - Setting next_dagrun for example_external_task_marker_parent to None, run_after=None
[2023-03-29T03:46:52.473+0000] {processor.py:175} INFO - Processing /home/airflow/.local/lib/python3.7/site-packages/airflow/example_dags/example_external_task_marker_dag.py took 0.082 seconds
[2023-03-29T03:47:23.013+0000] {processor.py:153} INFO - Started process (PID=2068) to work on /home/airflow/.local/lib/python3.7/site-packages/airflow/example_dags/example_external_task_marker_dag.py
[2023-03-29T03:47:23.015+0000] {processor.py:743} INFO - Processing file /home/airflow/.local/lib/python3.7/site-packages/airflow/example_dags/example_external_task_marker_dag.py for tasks to queue
[2023-03-29T03:47:23.016+0000] {logging_mixin.py:137} INFO - [2023-03-29T03:47:23.016+0000] {dagbag.py:532} INFO - Filling up the DagBag from /home/airflow/.local/lib/python3.7/site-packages/airflow/example_dags/example_external_task_marker_dag.py
[2023-03-29T03:47:23.026+0000] {processor.py:753} INFO - DAG(s) dict_keys(['example_external_task_marker_child', 'example_external_task_marker_parent']) retrieved from /home/airflow/.local/lib/python3.7/site-packages/airflow/example_dags/example_external_task_marker_dag.py
[2023-03-29T03:47:23.050+0000] {logging_mixin.py:137} INFO - [2023-03-29T03:47:23.050+0000] {dag.py:2693} INFO - Sync 2 DAGs
[2023-03-29T03:47:23.068+0000] {logging_mixin.py:137} INFO - [2023-03-29T03:47:23.068+0000] {dag.py:3444} INFO - Setting next_dagrun for example_external_task_marker_child to None, run_after=None
[2023-03-29T03:47:23.072+0000] {logging_mixin.py:137} INFO - [2023-03-29T03:47:23.072+0000] {dag.py:3444} INFO - Setting next_dagrun for example_external_task_marker_parent to None, run_after=None
[2023-03-29T03:47:23.084+0000] {processor.py:175} INFO - Processing /home/airflow/.local/lib/python3.7/site-packages/airflow/example_dags/example_external_task_marker_dag.py took 0.073 seconds
