[2023-03-29T03:26:27.526+0000] {processor.py:153} INFO - Started process (PID=61) to work on /home/airflow/.local/lib/python3.7/site-packages/airflow/example_dags/example_branch_python_dop_operator_3.py
[2023-03-29T03:26:27.530+0000] {processor.py:743} INFO - Processing file /home/airflow/.local/lib/python3.7/site-packages/airflow/example_dags/example_branch_python_dop_operator_3.py for tasks to queue
[2023-03-29T03:26:27.531+0000] {logging_mixin.py:137} INFO - [2023-03-29T03:26:27.531+0000] {dagbag.py:532} INFO - Filling up the DagBag from /home/airflow/.local/lib/python3.7/site-packages/airflow/example_dags/example_branch_python_dop_operator_3.py
[2023-03-29T03:26:27.590+0000] {processor.py:753} INFO - DAG(s) dict_keys(['example_branch_dop_operator_v3']) retrieved from /home/airflow/.local/lib/python3.7/site-packages/airflow/example_dags/example_branch_python_dop_operator_3.py
[2023-03-29T03:26:27.609+0000] {logging_mixin.py:137} INFO - [2023-03-29T03:26:27.609+0000] {dag.py:2693} INFO - Sync 1 DAGs
[2023-03-29T03:26:27.649+0000] {logging_mixin.py:137} INFO - [2023-03-29T03:26:27.648+0000] {dag.py:3444} INFO - Setting next_dagrun for example_branch_dop_operator_v3 to 2023-03-29T03:25:00+00:00, run_after=2023-03-29T03:26:00+00:00
[2023-03-29T03:26:27.673+0000] {processor.py:175} INFO - Processing /home/airflow/.local/lib/python3.7/site-packages/airflow/example_dags/example_branch_python_dop_operator_3.py took 0.166 seconds
[2023-03-29T03:26:57.948+0000] {processor.py:153} INFO - Started process (PID=110) to work on /home/airflow/.local/lib/python3.7/site-packages/airflow/example_dags/example_branch_python_dop_operator_3.py
[2023-03-29T03:26:57.951+0000] {processor.py:743} INFO - Processing file /home/airflow/.local/lib/python3.7/site-packages/airflow/example_dags/example_branch_python_dop_operator_3.py for tasks to queue
[2023-03-29T03:26:57.952+0000] {logging_mixin.py:137} INFO - [2023-03-29T03:26:57.952+0000] {dagbag.py:532} INFO - Filling up the DagBag from /home/airflow/.local/lib/python3.7/site-packages/airflow/example_dags/example_branch_python_dop_operator_3.py
[2023-03-29T03:26:57.967+0000] {processor.py:753} INFO - DAG(s) dict_keys(['example_branch_dop_operator_v3']) retrieved from /home/airflow/.local/lib/python3.7/site-packages/airflow/example_dags/example_branch_python_dop_operator_3.py
[2023-03-29T03:26:57.986+0000] {logging_mixin.py:137} INFO - [2023-03-29T03:26:57.986+0000] {dag.py:2693} INFO - Sync 1 DAGs
[2023-03-29T03:26:58.008+0000] {logging_mixin.py:137} INFO - [2023-03-29T03:26:58.008+0000] {dag.py:3444} INFO - Setting next_dagrun for example_branch_dop_operator_v3 to 2023-03-29T03:25:00+00:00, run_after=2023-03-29T03:26:00+00:00
[2023-03-29T03:26:58.021+0000] {processor.py:175} INFO - Processing /home/airflow/.local/lib/python3.7/site-packages/airflow/example_dags/example_branch_python_dop_operator_3.py took 0.076 seconds
[2023-03-29T03:27:28.555+0000] {processor.py:153} INFO - Started process (PID=159) to work on /home/airflow/.local/lib/python3.7/site-packages/airflow/example_dags/example_branch_python_dop_operator_3.py
[2023-03-29T03:27:28.557+0000] {processor.py:743} INFO - Processing file /home/airflow/.local/lib/python3.7/site-packages/airflow/example_dags/example_branch_python_dop_operator_3.py for tasks to queue
[2023-03-29T03:27:28.559+0000] {logging_mixin.py:137} INFO - [2023-03-29T03:27:28.559+0000] {dagbag.py:532} INFO - Filling up the DagBag from /home/airflow/.local/lib/python3.7/site-packages/airflow/example_dags/example_branch_python_dop_operator_3.py
[2023-03-29T03:27:28.578+0000] {processor.py:753} INFO - DAG(s) dict_keys(['example_branch_dop_operator_v3']) retrieved from /home/airflow/.local/lib/python3.7/site-packages/airflow/example_dags/example_branch_python_dop_operator_3.py
[2023-03-29T03:27:28.603+0000] {logging_mixin.py:137} INFO - [2023-03-29T03:27:28.603+0000] {dag.py:2693} INFO - Sync 1 DAGs
[2023-03-29T03:27:28.626+0000] {logging_mixin.py:137} INFO - [2023-03-29T03:27:28.626+0000] {dag.py:3444} INFO - Setting next_dagrun for example_branch_dop_operator_v3 to 2023-03-29T03:26:00+00:00, run_after=2023-03-29T03:27:00+00:00
[2023-03-29T03:27:28.643+0000] {processor.py:175} INFO - Processing /home/airflow/.local/lib/python3.7/site-packages/airflow/example_dags/example_branch_python_dop_operator_3.py took 0.091 seconds
[2023-03-29T03:27:59.121+0000] {processor.py:153} INFO - Started process (PID=208) to work on /home/airflow/.local/lib/python3.7/site-packages/airflow/example_dags/example_branch_python_dop_operator_3.py
[2023-03-29T03:27:59.123+0000] {processor.py:743} INFO - Processing file /home/airflow/.local/lib/python3.7/site-packages/airflow/example_dags/example_branch_python_dop_operator_3.py for tasks to queue
[2023-03-29T03:27:59.124+0000] {logging_mixin.py:137} INFO - [2023-03-29T03:27:59.123+0000] {dagbag.py:532} INFO - Filling up the DagBag from /home/airflow/.local/lib/python3.7/site-packages/airflow/example_dags/example_branch_python_dop_operator_3.py
[2023-03-29T03:27:59.138+0000] {processor.py:753} INFO - DAG(s) dict_keys(['example_branch_dop_operator_v3']) retrieved from /home/airflow/.local/lib/python3.7/site-packages/airflow/example_dags/example_branch_python_dop_operator_3.py
[2023-03-29T03:27:59.155+0000] {logging_mixin.py:137} INFO - [2023-03-29T03:27:59.155+0000] {dag.py:2693} INFO - Sync 1 DAGs
[2023-03-29T03:27:59.175+0000] {logging_mixin.py:137} INFO - [2023-03-29T03:27:59.175+0000] {dag.py:3444} INFO - Setting next_dagrun for example_branch_dop_operator_v3 to 2023-03-29T03:26:00+00:00, run_after=2023-03-29T03:27:00+00:00
[2023-03-29T03:27:59.189+0000] {processor.py:175} INFO - Processing /home/airflow/.local/lib/python3.7/site-packages/airflow/example_dags/example_branch_python_dop_operator_3.py took 0.071 seconds
[2023-03-29T03:28:29.580+0000] {processor.py:153} INFO - Started process (PID=257) to work on /home/airflow/.local/lib/python3.7/site-packages/airflow/example_dags/example_branch_python_dop_operator_3.py
[2023-03-29T03:28:29.582+0000] {processor.py:743} INFO - Processing file /home/airflow/.local/lib/python3.7/site-packages/airflow/example_dags/example_branch_python_dop_operator_3.py for tasks to queue
[2023-03-29T03:28:29.585+0000] {logging_mixin.py:137} INFO - [2023-03-29T03:28:29.584+0000] {dagbag.py:532} INFO - Filling up the DagBag from /home/airflow/.local/lib/python3.7/site-packages/airflow/example_dags/example_branch_python_dop_operator_3.py
[2023-03-29T03:28:29.604+0000] {processor.py:753} INFO - DAG(s) dict_keys(['example_branch_dop_operator_v3']) retrieved from /home/airflow/.local/lib/python3.7/site-packages/airflow/example_dags/example_branch_python_dop_operator_3.py
[2023-03-29T03:28:29.642+0000] {logging_mixin.py:137} INFO - [2023-03-29T03:28:29.642+0000] {dag.py:2693} INFO - Sync 1 DAGs
[2023-03-29T03:28:29.676+0000] {logging_mixin.py:137} INFO - [2023-03-29T03:28:29.676+0000] {dag.py:3444} INFO - Setting next_dagrun for example_branch_dop_operator_v3 to 2023-03-29T03:27:00+00:00, run_after=2023-03-29T03:28:00+00:00
[2023-03-29T03:28:29.689+0000] {processor.py:175} INFO - Processing /home/airflow/.local/lib/python3.7/site-packages/airflow/example_dags/example_branch_python_dop_operator_3.py took 0.112 seconds
[2023-03-29T03:29:00.190+0000] {processor.py:153} INFO - Started process (PID=306) to work on /home/airflow/.local/lib/python3.7/site-packages/airflow/example_dags/example_branch_python_dop_operator_3.py
[2023-03-29T03:29:00.191+0000] {processor.py:743} INFO - Processing file /home/airflow/.local/lib/python3.7/site-packages/airflow/example_dags/example_branch_python_dop_operator_3.py for tasks to queue
[2023-03-29T03:29:00.192+0000] {logging_mixin.py:137} INFO - [2023-03-29T03:29:00.192+0000] {dagbag.py:532} INFO - Filling up the DagBag from /home/airflow/.local/lib/python3.7/site-packages/airflow/example_dags/example_branch_python_dop_operator_3.py
[2023-03-29T03:29:00.207+0000] {processor.py:753} INFO - DAG(s) dict_keys(['example_branch_dop_operator_v3']) retrieved from /home/airflow/.local/lib/python3.7/site-packages/airflow/example_dags/example_branch_python_dop_operator_3.py
[2023-03-29T03:29:00.225+0000] {logging_mixin.py:137} INFO - [2023-03-29T03:29:00.225+0000] {dag.py:2693} INFO - Sync 1 DAGs
[2023-03-29T03:29:00.248+0000] {logging_mixin.py:137} INFO - [2023-03-29T03:29:00.248+0000] {dag.py:3444} INFO - Setting next_dagrun for example_branch_dop_operator_v3 to 2023-03-29T03:28:00+00:00, run_after=2023-03-29T03:29:00+00:00
[2023-03-29T03:29:00.261+0000] {processor.py:175} INFO - Processing /home/airflow/.local/lib/python3.7/site-packages/airflow/example_dags/example_branch_python_dop_operator_3.py took 0.073 seconds
[2023-03-29T03:29:30.898+0000] {processor.py:153} INFO - Started process (PID=355) to work on /home/airflow/.local/lib/python3.7/site-packages/airflow/example_dags/example_branch_python_dop_operator_3.py
[2023-03-29T03:29:30.900+0000] {processor.py:743} INFO - Processing file /home/airflow/.local/lib/python3.7/site-packages/airflow/example_dags/example_branch_python_dop_operator_3.py for tasks to queue
[2023-03-29T03:29:30.901+0000] {logging_mixin.py:137} INFO - [2023-03-29T03:29:30.901+0000] {dagbag.py:532} INFO - Filling up the DagBag from /home/airflow/.local/lib/python3.7/site-packages/airflow/example_dags/example_branch_python_dop_operator_3.py
[2023-03-29T03:29:30.918+0000] {processor.py:753} INFO - DAG(s) dict_keys(['example_branch_dop_operator_v3']) retrieved from /home/airflow/.local/lib/python3.7/site-packages/airflow/example_dags/example_branch_python_dop_operator_3.py
[2023-03-29T03:29:30.941+0000] {logging_mixin.py:137} INFO - [2023-03-29T03:29:30.941+0000] {dag.py:2693} INFO - Sync 1 DAGs
[2023-03-29T03:29:30.962+0000] {logging_mixin.py:137} INFO - [2023-03-29T03:29:30.962+0000] {dag.py:3444} INFO - Setting next_dagrun for example_branch_dop_operator_v3 to 2023-03-29T03:28:00+00:00, run_after=2023-03-29T03:29:00+00:00
[2023-03-29T03:29:30.977+0000] {processor.py:175} INFO - Processing /home/airflow/.local/lib/python3.7/site-packages/airflow/example_dags/example_branch_python_dop_operator_3.py took 0.083 seconds
[2023-03-29T03:30:01.964+0000] {processor.py:153} INFO - Started process (PID=404) to work on /home/airflow/.local/lib/python3.7/site-packages/airflow/example_dags/example_branch_python_dop_operator_3.py
[2023-03-29T03:30:01.966+0000] {processor.py:743} INFO - Processing file /home/airflow/.local/lib/python3.7/site-packages/airflow/example_dags/example_branch_python_dop_operator_3.py for tasks to queue
[2023-03-29T03:30:01.968+0000] {logging_mixin.py:137} INFO - [2023-03-29T03:30:01.967+0000] {dagbag.py:532} INFO - Filling up the DagBag from /home/airflow/.local/lib/python3.7/site-packages/airflow/example_dags/example_branch_python_dop_operator_3.py
[2023-03-29T03:30:01.983+0000] {processor.py:753} INFO - DAG(s) dict_keys(['example_branch_dop_operator_v3']) retrieved from /home/airflow/.local/lib/python3.7/site-packages/airflow/example_dags/example_branch_python_dop_operator_3.py
[2023-03-29T03:30:02.003+0000] {logging_mixin.py:137} INFO - [2023-03-29T03:30:02.003+0000] {dag.py:2693} INFO - Sync 1 DAGs
[2023-03-29T03:30:02.024+0000] {logging_mixin.py:137} INFO - [2023-03-29T03:30:02.024+0000] {dag.py:3444} INFO - Setting next_dagrun for example_branch_dop_operator_v3 to 2023-03-29T03:29:00+00:00, run_after=2023-03-29T03:30:00+00:00
[2023-03-29T03:30:02.039+0000] {processor.py:175} INFO - Processing /home/airflow/.local/lib/python3.7/site-packages/airflow/example_dags/example_branch_python_dop_operator_3.py took 0.077 seconds
[2023-03-29T03:30:33.010+0000] {processor.py:153} INFO - Started process (PID=453) to work on /home/airflow/.local/lib/python3.7/site-packages/airflow/example_dags/example_branch_python_dop_operator_3.py
[2023-03-29T03:30:33.013+0000] {processor.py:743} INFO - Processing file /home/airflow/.local/lib/python3.7/site-packages/airflow/example_dags/example_branch_python_dop_operator_3.py for tasks to queue
[2023-03-29T03:30:33.014+0000] {logging_mixin.py:137} INFO - [2023-03-29T03:30:33.014+0000] {dagbag.py:532} INFO - Filling up the DagBag from /home/airflow/.local/lib/python3.7/site-packages/airflow/example_dags/example_branch_python_dop_operator_3.py
[2023-03-29T03:30:33.039+0000] {processor.py:753} INFO - DAG(s) dict_keys(['example_branch_dop_operator_v3']) retrieved from /home/airflow/.local/lib/python3.7/site-packages/airflow/example_dags/example_branch_python_dop_operator_3.py
[2023-03-29T03:30:33.076+0000] {logging_mixin.py:137} INFO - [2023-03-29T03:30:33.076+0000] {dag.py:2693} INFO - Sync 1 DAGs
[2023-03-29T03:30:33.108+0000] {logging_mixin.py:137} INFO - [2023-03-29T03:30:33.108+0000] {dag.py:3444} INFO - Setting next_dagrun for example_branch_dop_operator_v3 to 2023-03-29T03:29:00+00:00, run_after=2023-03-29T03:30:00+00:00
[2023-03-29T03:30:33.125+0000] {processor.py:175} INFO - Processing /home/airflow/.local/lib/python3.7/site-packages/airflow/example_dags/example_branch_python_dop_operator_3.py took 0.119 seconds
[2023-03-29T03:31:03.573+0000] {processor.py:153} INFO - Started process (PID=502) to work on /home/airflow/.local/lib/python3.7/site-packages/airflow/example_dags/example_branch_python_dop_operator_3.py
[2023-03-29T03:31:03.574+0000] {processor.py:743} INFO - Processing file /home/airflow/.local/lib/python3.7/site-packages/airflow/example_dags/example_branch_python_dop_operator_3.py for tasks to queue
[2023-03-29T03:31:03.575+0000] {logging_mixin.py:137} INFO - [2023-03-29T03:31:03.575+0000] {dagbag.py:532} INFO - Filling up the DagBag from /home/airflow/.local/lib/python3.7/site-packages/airflow/example_dags/example_branch_python_dop_operator_3.py
[2023-03-29T03:31:03.593+0000] {processor.py:753} INFO - DAG(s) dict_keys(['example_branch_dop_operator_v3']) retrieved from /home/airflow/.local/lib/python3.7/site-packages/airflow/example_dags/example_branch_python_dop_operator_3.py
[2023-03-29T03:31:03.618+0000] {logging_mixin.py:137} INFO - [2023-03-29T03:31:03.617+0000] {dag.py:2693} INFO - Sync 1 DAGs
[2023-03-29T03:31:03.642+0000] {logging_mixin.py:137} INFO - [2023-03-29T03:31:03.642+0000] {dag.py:3444} INFO - Setting next_dagrun for example_branch_dop_operator_v3 to 2023-03-29T03:30:00+00:00, run_after=2023-03-29T03:31:00+00:00
[2023-03-29T03:31:03.659+0000] {processor.py:175} INFO - Processing /home/airflow/.local/lib/python3.7/site-packages/airflow/example_dags/example_branch_python_dop_operator_3.py took 0.090 seconds
[2023-03-29T03:31:34.006+0000] {processor.py:153} INFO - Started process (PID=551) to work on /home/airflow/.local/lib/python3.7/site-packages/airflow/example_dags/example_branch_python_dop_operator_3.py
[2023-03-29T03:31:34.007+0000] {processor.py:743} INFO - Processing file /home/airflow/.local/lib/python3.7/site-packages/airflow/example_dags/example_branch_python_dop_operator_3.py for tasks to queue
[2023-03-29T03:31:34.008+0000] {logging_mixin.py:137} INFO - [2023-03-29T03:31:34.008+0000] {dagbag.py:532} INFO - Filling up the DagBag from /home/airflow/.local/lib/python3.7/site-packages/airflow/example_dags/example_branch_python_dop_operator_3.py
[2023-03-29T03:31:34.024+0000] {processor.py:753} INFO - DAG(s) dict_keys(['example_branch_dop_operator_v3']) retrieved from /home/airflow/.local/lib/python3.7/site-packages/airflow/example_dags/example_branch_python_dop_operator_3.py
[2023-03-29T03:31:34.046+0000] {logging_mixin.py:137} INFO - [2023-03-29T03:31:34.046+0000] {dag.py:2693} INFO - Sync 1 DAGs
[2023-03-29T03:31:34.065+0000] {logging_mixin.py:137} INFO - [2023-03-29T03:31:34.065+0000] {dag.py:3444} INFO - Setting next_dagrun for example_branch_dop_operator_v3 to 2023-03-29T03:30:00+00:00, run_after=2023-03-29T03:31:00+00:00
[2023-03-29T03:31:34.078+0000] {processor.py:175} INFO - Processing /home/airflow/.local/lib/python3.7/site-packages/airflow/example_dags/example_branch_python_dop_operator_3.py took 0.074 seconds
[2023-03-29T03:32:04.622+0000] {processor.py:153} INFO - Started process (PID=600) to work on /home/airflow/.local/lib/python3.7/site-packages/airflow/example_dags/example_branch_python_dop_operator_3.py
[2023-03-29T03:32:04.623+0000] {processor.py:743} INFO - Processing file /home/airflow/.local/lib/python3.7/site-packages/airflow/example_dags/example_branch_python_dop_operator_3.py for tasks to queue
[2023-03-29T03:32:04.624+0000] {logging_mixin.py:137} INFO - [2023-03-29T03:32:04.624+0000] {dagbag.py:532} INFO - Filling up the DagBag from /home/airflow/.local/lib/python3.7/site-packages/airflow/example_dags/example_branch_python_dop_operator_3.py
[2023-03-29T03:32:04.640+0000] {processor.py:753} INFO - DAG(s) dict_keys(['example_branch_dop_operator_v3']) retrieved from /home/airflow/.local/lib/python3.7/site-packages/airflow/example_dags/example_branch_python_dop_operator_3.py
[2023-03-29T03:32:04.661+0000] {logging_mixin.py:137} INFO - [2023-03-29T03:32:04.661+0000] {dag.py:2693} INFO - Sync 1 DAGs
[2023-03-29T03:32:04.686+0000] {logging_mixin.py:137} INFO - [2023-03-29T03:32:04.686+0000] {dag.py:3444} INFO - Setting next_dagrun for example_branch_dop_operator_v3 to 2023-03-29T03:31:00+00:00, run_after=2023-03-29T03:32:00+00:00
[2023-03-29T03:32:04.707+0000] {processor.py:175} INFO - Processing /home/airflow/.local/lib/python3.7/site-packages/airflow/example_dags/example_branch_python_dop_operator_3.py took 0.088 seconds
[2023-03-29T03:32:35.651+0000] {processor.py:153} INFO - Started process (PID=650) to work on /home/airflow/.local/lib/python3.7/site-packages/airflow/example_dags/example_branch_python_dop_operator_3.py
[2023-03-29T03:32:35.653+0000] {processor.py:743} INFO - Processing file /home/airflow/.local/lib/python3.7/site-packages/airflow/example_dags/example_branch_python_dop_operator_3.py for tasks to queue
[2023-03-29T03:32:35.654+0000] {logging_mixin.py:137} INFO - [2023-03-29T03:32:35.654+0000] {dagbag.py:532} INFO - Filling up the DagBag from /home/airflow/.local/lib/python3.7/site-packages/airflow/example_dags/example_branch_python_dop_operator_3.py
[2023-03-29T03:32:35.672+0000] {processor.py:753} INFO - DAG(s) dict_keys(['example_branch_dop_operator_v3']) retrieved from /home/airflow/.local/lib/python3.7/site-packages/airflow/example_dags/example_branch_python_dop_operator_3.py
[2023-03-29T03:32:35.691+0000] {logging_mixin.py:137} INFO - [2023-03-29T03:32:35.691+0000] {dag.py:2693} INFO - Sync 1 DAGs
[2023-03-29T03:32:35.712+0000] {logging_mixin.py:137} INFO - [2023-03-29T03:32:35.712+0000] {dag.py:3444} INFO - Setting next_dagrun for example_branch_dop_operator_v3 to 2023-03-29T03:31:00+00:00, run_after=2023-03-29T03:32:00+00:00
[2023-03-29T03:32:35.727+0000] {processor.py:175} INFO - Processing /home/airflow/.local/lib/python3.7/site-packages/airflow/example_dags/example_branch_python_dop_operator_3.py took 0.078 seconds
[2023-03-29T03:33:06.288+0000] {processor.py:153} INFO - Started process (PID=699) to work on /home/airflow/.local/lib/python3.7/site-packages/airflow/example_dags/example_branch_python_dop_operator_3.py
[2023-03-29T03:33:06.290+0000] {processor.py:743} INFO - Processing file /home/airflow/.local/lib/python3.7/site-packages/airflow/example_dags/example_branch_python_dop_operator_3.py for tasks to queue
[2023-03-29T03:33:06.291+0000] {logging_mixin.py:137} INFO - [2023-03-29T03:33:06.290+0000] {dagbag.py:532} INFO - Filling up the DagBag from /home/airflow/.local/lib/python3.7/site-packages/airflow/example_dags/example_branch_python_dop_operator_3.py
[2023-03-29T03:33:06.305+0000] {processor.py:753} INFO - DAG(s) dict_keys(['example_branch_dop_operator_v3']) retrieved from /home/airflow/.local/lib/python3.7/site-packages/airflow/example_dags/example_branch_python_dop_operator_3.py
[2023-03-29T03:33:06.325+0000] {logging_mixin.py:137} INFO - [2023-03-29T03:33:06.325+0000] {dag.py:2693} INFO - Sync 1 DAGs
[2023-03-29T03:33:06.343+0000] {logging_mixin.py:137} INFO - [2023-03-29T03:33:06.342+0000] {dag.py:3444} INFO - Setting next_dagrun for example_branch_dop_operator_v3 to 2023-03-29T03:32:00+00:00, run_after=2023-03-29T03:33:00+00:00
[2023-03-29T03:33:06.358+0000] {processor.py:175} INFO - Processing /home/airflow/.local/lib/python3.7/site-packages/airflow/example_dags/example_branch_python_dop_operator_3.py took 0.072 seconds
[2023-03-29T03:33:37.185+0000] {processor.py:153} INFO - Started process (PID=748) to work on /home/airflow/.local/lib/python3.7/site-packages/airflow/example_dags/example_branch_python_dop_operator_3.py
[2023-03-29T03:33:37.188+0000] {processor.py:743} INFO - Processing file /home/airflow/.local/lib/python3.7/site-packages/airflow/example_dags/example_branch_python_dop_operator_3.py for tasks to queue
[2023-03-29T03:33:37.189+0000] {logging_mixin.py:137} INFO - [2023-03-29T03:33:37.189+0000] {dagbag.py:532} INFO - Filling up the DagBag from /home/airflow/.local/lib/python3.7/site-packages/airflow/example_dags/example_branch_python_dop_operator_3.py
[2023-03-29T03:33:37.204+0000] {processor.py:753} INFO - DAG(s) dict_keys(['example_branch_dop_operator_v3']) retrieved from /home/airflow/.local/lib/python3.7/site-packages/airflow/example_dags/example_branch_python_dop_operator_3.py
[2023-03-29T03:33:37.223+0000] {logging_mixin.py:137} INFO - [2023-03-29T03:33:37.223+0000] {dag.py:2693} INFO - Sync 1 DAGs
[2023-03-29T03:33:37.244+0000] {logging_mixin.py:137} INFO - [2023-03-29T03:33:37.244+0000] {dag.py:3444} INFO - Setting next_dagrun for example_branch_dop_operator_v3 to 2023-03-29T03:32:00+00:00, run_after=2023-03-29T03:33:00+00:00
[2023-03-29T03:33:37.268+0000] {processor.py:175} INFO - Processing /home/airflow/.local/lib/python3.7/site-packages/airflow/example_dags/example_branch_python_dop_operator_3.py took 0.085 seconds
[2023-03-29T03:34:07.929+0000] {processor.py:153} INFO - Started process (PID=797) to work on /home/airflow/.local/lib/python3.7/site-packages/airflow/example_dags/example_branch_python_dop_operator_3.py
[2023-03-29T03:34:07.931+0000] {processor.py:743} INFO - Processing file /home/airflow/.local/lib/python3.7/site-packages/airflow/example_dags/example_branch_python_dop_operator_3.py for tasks to queue
[2023-03-29T03:34:07.932+0000] {logging_mixin.py:137} INFO - [2023-03-29T03:34:07.932+0000] {dagbag.py:532} INFO - Filling up the DagBag from /home/airflow/.local/lib/python3.7/site-packages/airflow/example_dags/example_branch_python_dop_operator_3.py
[2023-03-29T03:34:07.950+0000] {processor.py:753} INFO - DAG(s) dict_keys(['example_branch_dop_operator_v3']) retrieved from /home/airflow/.local/lib/python3.7/site-packages/airflow/example_dags/example_branch_python_dop_operator_3.py
[2023-03-29T03:34:07.970+0000] {logging_mixin.py:137} INFO - [2023-03-29T03:34:07.970+0000] {dag.py:2693} INFO - Sync 1 DAGs
[2023-03-29T03:34:07.993+0000] {logging_mixin.py:137} INFO - [2023-03-29T03:34:07.993+0000] {dag.py:3444} INFO - Setting next_dagrun for example_branch_dop_operator_v3 to 2023-03-29T03:33:00+00:00, run_after=2023-03-29T03:34:00+00:00
[2023-03-29T03:34:08.005+0000] {processor.py:175} INFO - Processing /home/airflow/.local/lib/python3.7/site-packages/airflow/example_dags/example_branch_python_dop_operator_3.py took 0.078 seconds
[2023-03-29T03:34:38.494+0000] {processor.py:153} INFO - Started process (PID=847) to work on /home/airflow/.local/lib/python3.7/site-packages/airflow/example_dags/example_branch_python_dop_operator_3.py
[2023-03-29T03:34:38.496+0000] {processor.py:743} INFO - Processing file /home/airflow/.local/lib/python3.7/site-packages/airflow/example_dags/example_branch_python_dop_operator_3.py for tasks to queue
[2023-03-29T03:34:38.497+0000] {logging_mixin.py:137} INFO - [2023-03-29T03:34:38.497+0000] {dagbag.py:532} INFO - Filling up the DagBag from /home/airflow/.local/lib/python3.7/site-packages/airflow/example_dags/example_branch_python_dop_operator_3.py
[2023-03-29T03:34:38.511+0000] {processor.py:753} INFO - DAG(s) dict_keys(['example_branch_dop_operator_v3']) retrieved from /home/airflow/.local/lib/python3.7/site-packages/airflow/example_dags/example_branch_python_dop_operator_3.py
[2023-03-29T03:34:38.530+0000] {logging_mixin.py:137} INFO - [2023-03-29T03:34:38.530+0000] {dag.py:2693} INFO - Sync 1 DAGs
[2023-03-29T03:34:38.551+0000] {logging_mixin.py:137} INFO - [2023-03-29T03:34:38.551+0000] {dag.py:3444} INFO - Setting next_dagrun for example_branch_dop_operator_v3 to 2023-03-29T03:33:00+00:00, run_after=2023-03-29T03:34:00+00:00
[2023-03-29T03:34:38.564+0000] {processor.py:175} INFO - Processing /home/airflow/.local/lib/python3.7/site-packages/airflow/example_dags/example_branch_python_dop_operator_3.py took 0.072 seconds
[2023-03-29T03:35:09.107+0000] {processor.py:153} INFO - Started process (PID=896) to work on /home/airflow/.local/lib/python3.7/site-packages/airflow/example_dags/example_branch_python_dop_operator_3.py
[2023-03-29T03:35:09.108+0000] {processor.py:743} INFO - Processing file /home/airflow/.local/lib/python3.7/site-packages/airflow/example_dags/example_branch_python_dop_operator_3.py for tasks to queue
[2023-03-29T03:35:09.111+0000] {logging_mixin.py:137} INFO - [2023-03-29T03:35:09.110+0000] {dagbag.py:532} INFO - Filling up the DagBag from /home/airflow/.local/lib/python3.7/site-packages/airflow/example_dags/example_branch_python_dop_operator_3.py
[2023-03-29T03:35:09.126+0000] {processor.py:753} INFO - DAG(s) dict_keys(['example_branch_dop_operator_v3']) retrieved from /home/airflow/.local/lib/python3.7/site-packages/airflow/example_dags/example_branch_python_dop_operator_3.py
[2023-03-29T03:35:09.145+0000] {logging_mixin.py:137} INFO - [2023-03-29T03:35:09.145+0000] {dag.py:2693} INFO - Sync 1 DAGs
[2023-03-29T03:35:09.166+0000] {logging_mixin.py:137} INFO - [2023-03-29T03:35:09.166+0000] {dag.py:3444} INFO - Setting next_dagrun for example_branch_dop_operator_v3 to 2023-03-29T03:34:00+00:00, run_after=2023-03-29T03:35:00+00:00
[2023-03-29T03:35:09.180+0000] {processor.py:175} INFO - Processing /home/airflow/.local/lib/python3.7/site-packages/airflow/example_dags/example_branch_python_dop_operator_3.py took 0.076 seconds
[2023-03-29T03:35:39.886+0000] {processor.py:153} INFO - Started process (PID=945) to work on /home/airflow/.local/lib/python3.7/site-packages/airflow/example_dags/example_branch_python_dop_operator_3.py
[2023-03-29T03:35:39.887+0000] {processor.py:743} INFO - Processing file /home/airflow/.local/lib/python3.7/site-packages/airflow/example_dags/example_branch_python_dop_operator_3.py for tasks to queue
[2023-03-29T03:35:39.889+0000] {logging_mixin.py:137} INFO - [2023-03-29T03:35:39.888+0000] {dagbag.py:532} INFO - Filling up the DagBag from /home/airflow/.local/lib/python3.7/site-packages/airflow/example_dags/example_branch_python_dop_operator_3.py
[2023-03-29T03:35:39.907+0000] {processor.py:753} INFO - DAG(s) dict_keys(['example_branch_dop_operator_v3']) retrieved from /home/airflow/.local/lib/python3.7/site-packages/airflow/example_dags/example_branch_python_dop_operator_3.py
[2023-03-29T03:35:39.926+0000] {logging_mixin.py:137} INFO - [2023-03-29T03:35:39.925+0000] {dag.py:2693} INFO - Sync 1 DAGs
[2023-03-29T03:35:39.945+0000] {logging_mixin.py:137} INFO - [2023-03-29T03:35:39.945+0000] {dag.py:3444} INFO - Setting next_dagrun for example_branch_dop_operator_v3 to 2023-03-29T03:34:00+00:00, run_after=2023-03-29T03:35:00+00:00
[2023-03-29T03:35:39.960+0000] {processor.py:175} INFO - Processing /home/airflow/.local/lib/python3.7/site-packages/airflow/example_dags/example_branch_python_dop_operator_3.py took 0.078 seconds
[2023-03-29T03:36:10.534+0000] {processor.py:153} INFO - Started process (PID=994) to work on /home/airflow/.local/lib/python3.7/site-packages/airflow/example_dags/example_branch_python_dop_operator_3.py
[2023-03-29T03:36:10.536+0000] {processor.py:743} INFO - Processing file /home/airflow/.local/lib/python3.7/site-packages/airflow/example_dags/example_branch_python_dop_operator_3.py for tasks to queue
[2023-03-29T03:36:10.537+0000] {logging_mixin.py:137} INFO - [2023-03-29T03:36:10.537+0000] {dagbag.py:532} INFO - Filling up the DagBag from /home/airflow/.local/lib/python3.7/site-packages/airflow/example_dags/example_branch_python_dop_operator_3.py
[2023-03-29T03:36:10.551+0000] {processor.py:753} INFO - DAG(s) dict_keys(['example_branch_dop_operator_v3']) retrieved from /home/airflow/.local/lib/python3.7/site-packages/airflow/example_dags/example_branch_python_dop_operator_3.py
[2023-03-29T03:36:10.570+0000] {logging_mixin.py:137} INFO - [2023-03-29T03:36:10.570+0000] {dag.py:2693} INFO - Sync 1 DAGs
[2023-03-29T03:36:10.593+0000] {logging_mixin.py:137} INFO - [2023-03-29T03:36:10.593+0000] {dag.py:3444} INFO - Setting next_dagrun for example_branch_dop_operator_v3 to 2023-03-29T03:35:00+00:00, run_after=2023-03-29T03:36:00+00:00
[2023-03-29T03:36:10.615+0000] {processor.py:175} INFO - Processing /home/airflow/.local/lib/python3.7/site-packages/airflow/example_dags/example_branch_python_dop_operator_3.py took 0.084 seconds
[2023-03-29T03:36:41.272+0000] {processor.py:153} INFO - Started process (PID=1044) to work on /home/airflow/.local/lib/python3.7/site-packages/airflow/example_dags/example_branch_python_dop_operator_3.py
[2023-03-29T03:36:41.274+0000] {processor.py:743} INFO - Processing file /home/airflow/.local/lib/python3.7/site-packages/airflow/example_dags/example_branch_python_dop_operator_3.py for tasks to queue
[2023-03-29T03:36:41.275+0000] {logging_mixin.py:137} INFO - [2023-03-29T03:36:41.275+0000] {dagbag.py:532} INFO - Filling up the DagBag from /home/airflow/.local/lib/python3.7/site-packages/airflow/example_dags/example_branch_python_dop_operator_3.py
[2023-03-29T03:36:41.289+0000] {processor.py:753} INFO - DAG(s) dict_keys(['example_branch_dop_operator_v3']) retrieved from /home/airflow/.local/lib/python3.7/site-packages/airflow/example_dags/example_branch_python_dop_operator_3.py
[2023-03-29T03:36:41.307+0000] {logging_mixin.py:137} INFO - [2023-03-29T03:36:41.307+0000] {dag.py:2693} INFO - Sync 1 DAGs
[2023-03-29T03:36:41.327+0000] {logging_mixin.py:137} INFO - [2023-03-29T03:36:41.327+0000] {dag.py:3444} INFO - Setting next_dagrun for example_branch_dop_operator_v3 to 2023-03-29T03:35:00+00:00, run_after=2023-03-29T03:36:00+00:00
[2023-03-29T03:36:41.338+0000] {processor.py:175} INFO - Processing /home/airflow/.local/lib/python3.7/site-packages/airflow/example_dags/example_branch_python_dop_operator_3.py took 0.068 seconds
[2023-03-29T03:37:11.967+0000] {processor.py:153} INFO - Started process (PID=1093) to work on /home/airflow/.local/lib/python3.7/site-packages/airflow/example_dags/example_branch_python_dop_operator_3.py
[2023-03-29T03:37:11.968+0000] {processor.py:743} INFO - Processing file /home/airflow/.local/lib/python3.7/site-packages/airflow/example_dags/example_branch_python_dop_operator_3.py for tasks to queue
[2023-03-29T03:37:11.969+0000] {logging_mixin.py:137} INFO - [2023-03-29T03:37:11.969+0000] {dagbag.py:532} INFO - Filling up the DagBag from /home/airflow/.local/lib/python3.7/site-packages/airflow/example_dags/example_branch_python_dop_operator_3.py
[2023-03-29T03:37:11.984+0000] {processor.py:753} INFO - DAG(s) dict_keys(['example_branch_dop_operator_v3']) retrieved from /home/airflow/.local/lib/python3.7/site-packages/airflow/example_dags/example_branch_python_dop_operator_3.py
[2023-03-29T03:37:12.003+0000] {logging_mixin.py:137} INFO - [2023-03-29T03:37:12.003+0000] {dag.py:2693} INFO - Sync 1 DAGs
[2023-03-29T03:37:12.023+0000] {logging_mixin.py:137} INFO - [2023-03-29T03:37:12.022+0000] {dag.py:3444} INFO - Setting next_dagrun for example_branch_dop_operator_v3 to 2023-03-29T03:36:00+00:00, run_after=2023-03-29T03:37:00+00:00
[2023-03-29T03:37:12.035+0000] {processor.py:175} INFO - Processing /home/airflow/.local/lib/python3.7/site-packages/airflow/example_dags/example_branch_python_dop_operator_3.py took 0.070 seconds
[2023-03-29T03:37:42.568+0000] {processor.py:153} INFO - Started process (PID=1142) to work on /home/airflow/.local/lib/python3.7/site-packages/airflow/example_dags/example_branch_python_dop_operator_3.py
[2023-03-29T03:37:42.570+0000] {processor.py:743} INFO - Processing file /home/airflow/.local/lib/python3.7/site-packages/airflow/example_dags/example_branch_python_dop_operator_3.py for tasks to queue
[2023-03-29T03:37:42.572+0000] {logging_mixin.py:137} INFO - [2023-03-29T03:37:42.571+0000] {dagbag.py:532} INFO - Filling up the DagBag from /home/airflow/.local/lib/python3.7/site-packages/airflow/example_dags/example_branch_python_dop_operator_3.py
[2023-03-29T03:37:42.586+0000] {processor.py:753} INFO - DAG(s) dict_keys(['example_branch_dop_operator_v3']) retrieved from /home/airflow/.local/lib/python3.7/site-packages/airflow/example_dags/example_branch_python_dop_operator_3.py
[2023-03-29T03:37:42.604+0000] {logging_mixin.py:137} INFO - [2023-03-29T03:37:42.604+0000] {dag.py:2693} INFO - Sync 1 DAGs
[2023-03-29T03:37:42.626+0000] {logging_mixin.py:137} INFO - [2023-03-29T03:37:42.626+0000] {dag.py:3444} INFO - Setting next_dagrun for example_branch_dop_operator_v3 to 2023-03-29T03:36:00+00:00, run_after=2023-03-29T03:37:00+00:00
[2023-03-29T03:37:42.638+0000] {processor.py:175} INFO - Processing /home/airflow/.local/lib/python3.7/site-packages/airflow/example_dags/example_branch_python_dop_operator_3.py took 0.072 seconds
[2023-03-29T03:38:13.132+0000] {processor.py:153} INFO - Started process (PID=1191) to work on /home/airflow/.local/lib/python3.7/site-packages/airflow/example_dags/example_branch_python_dop_operator_3.py
[2023-03-29T03:38:13.134+0000] {processor.py:743} INFO - Processing file /home/airflow/.local/lib/python3.7/site-packages/airflow/example_dags/example_branch_python_dop_operator_3.py for tasks to queue
[2023-03-29T03:38:13.135+0000] {logging_mixin.py:137} INFO - [2023-03-29T03:38:13.134+0000] {dagbag.py:532} INFO - Filling up the DagBag from /home/airflow/.local/lib/python3.7/site-packages/airflow/example_dags/example_branch_python_dop_operator_3.py
[2023-03-29T03:38:13.150+0000] {processor.py:753} INFO - DAG(s) dict_keys(['example_branch_dop_operator_v3']) retrieved from /home/airflow/.local/lib/python3.7/site-packages/airflow/example_dags/example_branch_python_dop_operator_3.py
[2023-03-29T03:38:13.170+0000] {logging_mixin.py:137} INFO - [2023-03-29T03:38:13.169+0000] {dag.py:2693} INFO - Sync 1 DAGs
[2023-03-29T03:38:13.192+0000] {logging_mixin.py:137} INFO - [2023-03-29T03:38:13.192+0000] {dag.py:3444} INFO - Setting next_dagrun for example_branch_dop_operator_v3 to 2023-03-29T03:37:00+00:00, run_after=2023-03-29T03:38:00+00:00
[2023-03-29T03:38:13.205+0000] {processor.py:175} INFO - Processing /home/airflow/.local/lib/python3.7/site-packages/airflow/example_dags/example_branch_python_dop_operator_3.py took 0.075 seconds
[2023-03-29T03:38:43.799+0000] {processor.py:153} INFO - Started process (PID=1240) to work on /home/airflow/.local/lib/python3.7/site-packages/airflow/example_dags/example_branch_python_dop_operator_3.py
[2023-03-29T03:38:43.801+0000] {processor.py:743} INFO - Processing file /home/airflow/.local/lib/python3.7/site-packages/airflow/example_dags/example_branch_python_dop_operator_3.py for tasks to queue
[2023-03-29T03:38:43.803+0000] {logging_mixin.py:137} INFO - [2023-03-29T03:38:43.803+0000] {dagbag.py:532} INFO - Filling up the DagBag from /home/airflow/.local/lib/python3.7/site-packages/airflow/example_dags/example_branch_python_dop_operator_3.py
[2023-03-29T03:38:43.818+0000] {processor.py:753} INFO - DAG(s) dict_keys(['example_branch_dop_operator_v3']) retrieved from /home/airflow/.local/lib/python3.7/site-packages/airflow/example_dags/example_branch_python_dop_operator_3.py
[2023-03-29T03:38:43.836+0000] {logging_mixin.py:137} INFO - [2023-03-29T03:38:43.836+0000] {dag.py:2693} INFO - Sync 1 DAGs
[2023-03-29T03:38:43.856+0000] {logging_mixin.py:137} INFO - [2023-03-29T03:38:43.856+0000] {dag.py:3444} INFO - Setting next_dagrun for example_branch_dop_operator_v3 to 2023-03-29T03:37:00+00:00, run_after=2023-03-29T03:38:00+00:00
[2023-03-29T03:38:43.868+0000] {processor.py:175} INFO - Processing /home/airflow/.local/lib/python3.7/site-packages/airflow/example_dags/example_branch_python_dop_operator_3.py took 0.072 seconds
[2023-03-29T03:39:14.400+0000] {processor.py:153} INFO - Started process (PID=1290) to work on /home/airflow/.local/lib/python3.7/site-packages/airflow/example_dags/example_branch_python_dop_operator_3.py
[2023-03-29T03:39:14.402+0000] {processor.py:743} INFO - Processing file /home/airflow/.local/lib/python3.7/site-packages/airflow/example_dags/example_branch_python_dop_operator_3.py for tasks to queue
[2023-03-29T03:39:14.403+0000] {logging_mixin.py:137} INFO - [2023-03-29T03:39:14.403+0000] {dagbag.py:532} INFO - Filling up the DagBag from /home/airflow/.local/lib/python3.7/site-packages/airflow/example_dags/example_branch_python_dop_operator_3.py
[2023-03-29T03:39:14.418+0000] {processor.py:753} INFO - DAG(s) dict_keys(['example_branch_dop_operator_v3']) retrieved from /home/airflow/.local/lib/python3.7/site-packages/airflow/example_dags/example_branch_python_dop_operator_3.py
[2023-03-29T03:39:14.436+0000] {logging_mixin.py:137} INFO - [2023-03-29T03:39:14.435+0000] {dag.py:2693} INFO - Sync 1 DAGs
[2023-03-29T03:39:14.455+0000] {logging_mixin.py:137} INFO - [2023-03-29T03:39:14.455+0000] {dag.py:3444} INFO - Setting next_dagrun for example_branch_dop_operator_v3 to 2023-03-29T03:38:00+00:00, run_after=2023-03-29T03:39:00+00:00
[2023-03-29T03:39:14.467+0000] {processor.py:175} INFO - Processing /home/airflow/.local/lib/python3.7/site-packages/airflow/example_dags/example_branch_python_dop_operator_3.py took 0.069 seconds
[2023-03-29T03:39:44.965+0000] {processor.py:153} INFO - Started process (PID=1339) to work on /home/airflow/.local/lib/python3.7/site-packages/airflow/example_dags/example_branch_python_dop_operator_3.py
[2023-03-29T03:39:44.967+0000] {processor.py:743} INFO - Processing file /home/airflow/.local/lib/python3.7/site-packages/airflow/example_dags/example_branch_python_dop_operator_3.py for tasks to queue
[2023-03-29T03:39:44.967+0000] {logging_mixin.py:137} INFO - [2023-03-29T03:39:44.967+0000] {dagbag.py:532} INFO - Filling up the DagBag from /home/airflow/.local/lib/python3.7/site-packages/airflow/example_dags/example_branch_python_dop_operator_3.py
[2023-03-29T03:39:44.982+0000] {processor.py:753} INFO - DAG(s) dict_keys(['example_branch_dop_operator_v3']) retrieved from /home/airflow/.local/lib/python3.7/site-packages/airflow/example_dags/example_branch_python_dop_operator_3.py
[2023-03-29T03:39:45.001+0000] {logging_mixin.py:137} INFO - [2023-03-29T03:39:45.001+0000] {dag.py:2693} INFO - Sync 1 DAGs
[2023-03-29T03:39:45.021+0000] {logging_mixin.py:137} INFO - [2023-03-29T03:39:45.021+0000] {dag.py:3444} INFO - Setting next_dagrun for example_branch_dop_operator_v3 to 2023-03-29T03:38:00+00:00, run_after=2023-03-29T03:39:00+00:00
[2023-03-29T03:39:45.033+0000] {processor.py:175} INFO - Processing /home/airflow/.local/lib/python3.7/site-packages/airflow/example_dags/example_branch_python_dop_operator_3.py took 0.070 seconds
[2023-03-29T03:40:15.830+0000] {processor.py:153} INFO - Started process (PID=1388) to work on /home/airflow/.local/lib/python3.7/site-packages/airflow/example_dags/example_branch_python_dop_operator_3.py
[2023-03-29T03:40:15.831+0000] {processor.py:743} INFO - Processing file /home/airflow/.local/lib/python3.7/site-packages/airflow/example_dags/example_branch_python_dop_operator_3.py for tasks to queue
[2023-03-29T03:40:15.833+0000] {logging_mixin.py:137} INFO - [2023-03-29T03:40:15.833+0000] {dagbag.py:532} INFO - Filling up the DagBag from /home/airflow/.local/lib/python3.7/site-packages/airflow/example_dags/example_branch_python_dop_operator_3.py
[2023-03-29T03:40:15.850+0000] {processor.py:753} INFO - DAG(s) dict_keys(['example_branch_dop_operator_v3']) retrieved from /home/airflow/.local/lib/python3.7/site-packages/airflow/example_dags/example_branch_python_dop_operator_3.py
[2023-03-29T03:40:15.874+0000] {logging_mixin.py:137} INFO - [2023-03-29T03:40:15.874+0000] {dag.py:2693} INFO - Sync 1 DAGs
[2023-03-29T03:40:15.896+0000] {logging_mixin.py:137} INFO - [2023-03-29T03:40:15.896+0000] {dag.py:3444} INFO - Setting next_dagrun for example_branch_dop_operator_v3 to 2023-03-29T03:39:00+00:00, run_after=2023-03-29T03:40:00+00:00
[2023-03-29T03:40:15.909+0000] {processor.py:175} INFO - Processing /home/airflow/.local/lib/python3.7/site-packages/airflow/example_dags/example_branch_python_dop_operator_3.py took 0.081 seconds
[2023-03-29T03:40:46.591+0000] {processor.py:153} INFO - Started process (PID=1437) to work on /home/airflow/.local/lib/python3.7/site-packages/airflow/example_dags/example_branch_python_dop_operator_3.py
[2023-03-29T03:40:46.592+0000] {processor.py:743} INFO - Processing file /home/airflow/.local/lib/python3.7/site-packages/airflow/example_dags/example_branch_python_dop_operator_3.py for tasks to queue
[2023-03-29T03:40:46.594+0000] {logging_mixin.py:137} INFO - [2023-03-29T03:40:46.593+0000] {dagbag.py:532} INFO - Filling up the DagBag from /home/airflow/.local/lib/python3.7/site-packages/airflow/example_dags/example_branch_python_dop_operator_3.py
[2023-03-29T03:40:46.609+0000] {processor.py:753} INFO - DAG(s) dict_keys(['example_branch_dop_operator_v3']) retrieved from /home/airflow/.local/lib/python3.7/site-packages/airflow/example_dags/example_branch_python_dop_operator_3.py
[2023-03-29T03:40:46.628+0000] {logging_mixin.py:137} INFO - [2023-03-29T03:40:46.628+0000] {dag.py:2693} INFO - Sync 1 DAGs
[2023-03-29T03:40:46.652+0000] {logging_mixin.py:137} INFO - [2023-03-29T03:40:46.652+0000] {dag.py:3444} INFO - Setting next_dagrun for example_branch_dop_operator_v3 to 2023-03-29T03:39:00+00:00, run_after=2023-03-29T03:40:00+00:00
[2023-03-29T03:40:46.665+0000] {processor.py:175} INFO - Processing /home/airflow/.local/lib/python3.7/site-packages/airflow/example_dags/example_branch_python_dop_operator_3.py took 0.076 seconds
[2023-03-29T03:41:17.119+0000] {processor.py:153} INFO - Started process (PID=1486) to work on /home/airflow/.local/lib/python3.7/site-packages/airflow/example_dags/example_branch_python_dop_operator_3.py
[2023-03-29T03:41:17.127+0000] {processor.py:743} INFO - Processing file /home/airflow/.local/lib/python3.7/site-packages/airflow/example_dags/example_branch_python_dop_operator_3.py for tasks to queue
[2023-03-29T03:41:17.128+0000] {logging_mixin.py:137} INFO - [2023-03-29T03:41:17.128+0000] {dagbag.py:532} INFO - Filling up the DagBag from /home/airflow/.local/lib/python3.7/site-packages/airflow/example_dags/example_branch_python_dop_operator_3.py
[2023-03-29T03:41:17.144+0000] {processor.py:753} INFO - DAG(s) dict_keys(['example_branch_dop_operator_v3']) retrieved from /home/airflow/.local/lib/python3.7/site-packages/airflow/example_dags/example_branch_python_dop_operator_3.py
[2023-03-29T03:41:17.162+0000] {logging_mixin.py:137} INFO - [2023-03-29T03:41:17.162+0000] {dag.py:2693} INFO - Sync 1 DAGs
[2023-03-29T03:41:17.183+0000] {logging_mixin.py:137} INFO - [2023-03-29T03:41:17.183+0000] {dag.py:3444} INFO - Setting next_dagrun for example_branch_dop_operator_v3 to 2023-03-29T03:40:00+00:00, run_after=2023-03-29T03:41:00+00:00
[2023-03-29T03:41:17.196+0000] {processor.py:175} INFO - Processing /home/airflow/.local/lib/python3.7/site-packages/airflow/example_dags/example_branch_python_dop_operator_3.py took 0.078 seconds
[2023-03-29T03:41:47.895+0000] {processor.py:153} INFO - Started process (PID=1535) to work on /home/airflow/.local/lib/python3.7/site-packages/airflow/example_dags/example_branch_python_dop_operator_3.py
[2023-03-29T03:41:47.896+0000] {processor.py:743} INFO - Processing file /home/airflow/.local/lib/python3.7/site-packages/airflow/example_dags/example_branch_python_dop_operator_3.py for tasks to queue
[2023-03-29T03:41:47.897+0000] {logging_mixin.py:137} INFO - [2023-03-29T03:41:47.897+0000] {dagbag.py:532} INFO - Filling up the DagBag from /home/airflow/.local/lib/python3.7/site-packages/airflow/example_dags/example_branch_python_dop_operator_3.py
[2023-03-29T03:41:47.916+0000] {processor.py:753} INFO - DAG(s) dict_keys(['example_branch_dop_operator_v3']) retrieved from /home/airflow/.local/lib/python3.7/site-packages/airflow/example_dags/example_branch_python_dop_operator_3.py
[2023-03-29T03:41:47.935+0000] {logging_mixin.py:137} INFO - [2023-03-29T03:41:47.934+0000] {dag.py:2693} INFO - Sync 1 DAGs
[2023-03-29T03:41:47.952+0000] {logging_mixin.py:137} INFO - [2023-03-29T03:41:47.952+0000] {dag.py:3444} INFO - Setting next_dagrun for example_branch_dop_operator_v3 to 2023-03-29T03:40:00+00:00, run_after=2023-03-29T03:41:00+00:00
[2023-03-29T03:41:47.968+0000] {processor.py:175} INFO - Processing /home/airflow/.local/lib/python3.7/site-packages/airflow/example_dags/example_branch_python_dop_operator_3.py took 0.075 seconds
[2023-03-29T03:42:18.400+0000] {processor.py:153} INFO - Started process (PID=1586) to work on /home/airflow/.local/lib/python3.7/site-packages/airflow/example_dags/example_branch_python_dop_operator_3.py
[2023-03-29T03:42:18.403+0000] {processor.py:743} INFO - Processing file /home/airflow/.local/lib/python3.7/site-packages/airflow/example_dags/example_branch_python_dop_operator_3.py for tasks to queue
[2023-03-29T03:42:18.404+0000] {logging_mixin.py:137} INFO - [2023-03-29T03:42:18.404+0000] {dagbag.py:532} INFO - Filling up the DagBag from /home/airflow/.local/lib/python3.7/site-packages/airflow/example_dags/example_branch_python_dop_operator_3.py
[2023-03-29T03:42:18.419+0000] {processor.py:753} INFO - DAG(s) dict_keys(['example_branch_dop_operator_v3']) retrieved from /home/airflow/.local/lib/python3.7/site-packages/airflow/example_dags/example_branch_python_dop_operator_3.py
[2023-03-29T03:42:18.438+0000] {logging_mixin.py:137} INFO - [2023-03-29T03:42:18.438+0000] {dag.py:2693} INFO - Sync 1 DAGs
[2023-03-29T03:42:18.461+0000] {logging_mixin.py:137} INFO - [2023-03-29T03:42:18.460+0000] {dag.py:3444} INFO - Setting next_dagrun for example_branch_dop_operator_v3 to 2023-03-29T03:41:00+00:00, run_after=2023-03-29T03:42:00+00:00
[2023-03-29T03:42:18.476+0000] {processor.py:175} INFO - Processing /home/airflow/.local/lib/python3.7/site-packages/airflow/example_dags/example_branch_python_dop_operator_3.py took 0.077 seconds
[2023-03-29T03:42:48.971+0000] {processor.py:153} INFO - Started process (PID=1635) to work on /home/airflow/.local/lib/python3.7/site-packages/airflow/example_dags/example_branch_python_dop_operator_3.py
[2023-03-29T03:42:48.972+0000] {processor.py:743} INFO - Processing file /home/airflow/.local/lib/python3.7/site-packages/airflow/example_dags/example_branch_python_dop_operator_3.py for tasks to queue
[2023-03-29T03:42:48.973+0000] {logging_mixin.py:137} INFO - [2023-03-29T03:42:48.973+0000] {dagbag.py:532} INFO - Filling up the DagBag from /home/airflow/.local/lib/python3.7/site-packages/airflow/example_dags/example_branch_python_dop_operator_3.py
[2023-03-29T03:42:48.989+0000] {processor.py:753} INFO - DAG(s) dict_keys(['example_branch_dop_operator_v3']) retrieved from /home/airflow/.local/lib/python3.7/site-packages/airflow/example_dags/example_branch_python_dop_operator_3.py
[2023-03-29T03:42:49.011+0000] {logging_mixin.py:137} INFO - [2023-03-29T03:42:49.011+0000] {dag.py:2693} INFO - Sync 1 DAGs
[2023-03-29T03:42:49.030+0000] {logging_mixin.py:137} INFO - [2023-03-29T03:42:49.030+0000] {dag.py:3444} INFO - Setting next_dagrun for example_branch_dop_operator_v3 to 2023-03-29T03:41:00+00:00, run_after=2023-03-29T03:42:00+00:00
[2023-03-29T03:42:49.042+0000] {processor.py:175} INFO - Processing /home/airflow/.local/lib/python3.7/site-packages/airflow/example_dags/example_branch_python_dop_operator_3.py took 0.073 seconds
[2023-03-29T03:43:19.613+0000] {processor.py:153} INFO - Started process (PID=1684) to work on /home/airflow/.local/lib/python3.7/site-packages/airflow/example_dags/example_branch_python_dop_operator_3.py
[2023-03-29T03:43:19.615+0000] {processor.py:743} INFO - Processing file /home/airflow/.local/lib/python3.7/site-packages/airflow/example_dags/example_branch_python_dop_operator_3.py for tasks to queue
[2023-03-29T03:43:19.616+0000] {logging_mixin.py:137} INFO - [2023-03-29T03:43:19.615+0000] {dagbag.py:532} INFO - Filling up the DagBag from /home/airflow/.local/lib/python3.7/site-packages/airflow/example_dags/example_branch_python_dop_operator_3.py
[2023-03-29T03:43:19.635+0000] {processor.py:753} INFO - DAG(s) dict_keys(['example_branch_dop_operator_v3']) retrieved from /home/airflow/.local/lib/python3.7/site-packages/airflow/example_dags/example_branch_python_dop_operator_3.py
[2023-03-29T03:43:19.654+0000] {logging_mixin.py:137} INFO - [2023-03-29T03:43:19.654+0000] {dag.py:2693} INFO - Sync 1 DAGs
[2023-03-29T03:43:19.676+0000] {logging_mixin.py:137} INFO - [2023-03-29T03:43:19.676+0000] {dag.py:3444} INFO - Setting next_dagrun for example_branch_dop_operator_v3 to 2023-03-29T03:42:00+00:00, run_after=2023-03-29T03:43:00+00:00
[2023-03-29T03:43:19.691+0000] {processor.py:175} INFO - Processing /home/airflow/.local/lib/python3.7/site-packages/airflow/example_dags/example_branch_python_dop_operator_3.py took 0.081 seconds
[2023-03-29T03:43:50.529+0000] {processor.py:153} INFO - Started process (PID=1733) to work on /home/airflow/.local/lib/python3.7/site-packages/airflow/example_dags/example_branch_python_dop_operator_3.py
[2023-03-29T03:43:50.534+0000] {processor.py:743} INFO - Processing file /home/airflow/.local/lib/python3.7/site-packages/airflow/example_dags/example_branch_python_dop_operator_3.py for tasks to queue
[2023-03-29T03:43:50.535+0000] {logging_mixin.py:137} INFO - [2023-03-29T03:43:50.535+0000] {dagbag.py:532} INFO - Filling up the DagBag from /home/airflow/.local/lib/python3.7/site-packages/airflow/example_dags/example_branch_python_dop_operator_3.py
[2023-03-29T03:43:50.551+0000] {processor.py:753} INFO - DAG(s) dict_keys(['example_branch_dop_operator_v3']) retrieved from /home/airflow/.local/lib/python3.7/site-packages/airflow/example_dags/example_branch_python_dop_operator_3.py
[2023-03-29T03:43:50.569+0000] {logging_mixin.py:137} INFO - [2023-03-29T03:43:50.569+0000] {dag.py:2693} INFO - Sync 1 DAGs
[2023-03-29T03:43:50.589+0000] {logging_mixin.py:137} INFO - [2023-03-29T03:43:50.589+0000] {dag.py:3444} INFO - Setting next_dagrun for example_branch_dop_operator_v3 to 2023-03-29T03:42:00+00:00, run_after=2023-03-29T03:43:00+00:00
[2023-03-29T03:43:50.602+0000] {processor.py:175} INFO - Processing /home/airflow/.local/lib/python3.7/site-packages/airflow/example_dags/example_branch_python_dop_operator_3.py took 0.075 seconds
[2023-03-29T03:44:21.720+0000] {processor.py:153} INFO - Started process (PID=1789) to work on /home/airflow/.local/lib/python3.7/site-packages/airflow/example_dags/example_branch_python_dop_operator_3.py
[2023-03-29T03:44:21.721+0000] {processor.py:743} INFO - Processing file /home/airflow/.local/lib/python3.7/site-packages/airflow/example_dags/example_branch_python_dop_operator_3.py for tasks to queue
[2023-03-29T03:44:21.723+0000] {logging_mixin.py:137} INFO - [2023-03-29T03:44:21.722+0000] {dagbag.py:532} INFO - Filling up the DagBag from /home/airflow/.local/lib/python3.7/site-packages/airflow/example_dags/example_branch_python_dop_operator_3.py
[2023-03-29T03:44:21.738+0000] {processor.py:753} INFO - DAG(s) dict_keys(['example_branch_dop_operator_v3']) retrieved from /home/airflow/.local/lib/python3.7/site-packages/airflow/example_dags/example_branch_python_dop_operator_3.py
[2023-03-29T03:44:21.760+0000] {logging_mixin.py:137} INFO - [2023-03-29T03:44:21.759+0000] {dag.py:2693} INFO - Sync 1 DAGs
[2023-03-29T03:44:21.782+0000] {logging_mixin.py:137} INFO - [2023-03-29T03:44:21.781+0000] {dag.py:3444} INFO - Setting next_dagrun for example_branch_dop_operator_v3 to 2023-03-29T03:43:00+00:00, run_after=2023-03-29T03:44:00+00:00
[2023-03-29T03:44:21.827+0000] {processor.py:175} INFO - Processing /home/airflow/.local/lib/python3.7/site-packages/airflow/example_dags/example_branch_python_dop_operator_3.py took 0.109 seconds
[2023-03-29T03:44:52.614+0000] {processor.py:153} INFO - Started process (PID=1838) to work on /home/airflow/.local/lib/python3.7/site-packages/airflow/example_dags/example_branch_python_dop_operator_3.py
[2023-03-29T03:44:52.617+0000] {processor.py:743} INFO - Processing file /home/airflow/.local/lib/python3.7/site-packages/airflow/example_dags/example_branch_python_dop_operator_3.py for tasks to queue
[2023-03-29T03:44:52.620+0000] {logging_mixin.py:137} INFO - [2023-03-29T03:44:52.620+0000] {dagbag.py:532} INFO - Filling up the DagBag from /home/airflow/.local/lib/python3.7/site-packages/airflow/example_dags/example_branch_python_dop_operator_3.py
[2023-03-29T03:44:52.650+0000] {processor.py:753} INFO - DAG(s) dict_keys(['example_branch_dop_operator_v3']) retrieved from /home/airflow/.local/lib/python3.7/site-packages/airflow/example_dags/example_branch_python_dop_operator_3.py
[2023-03-29T03:44:52.673+0000] {logging_mixin.py:137} INFO - [2023-03-29T03:44:52.673+0000] {dag.py:2693} INFO - Sync 1 DAGs
[2023-03-29T03:44:52.697+0000] {logging_mixin.py:137} INFO - [2023-03-29T03:44:52.697+0000] {dag.py:3444} INFO - Setting next_dagrun for example_branch_dop_operator_v3 to 2023-03-29T03:43:00+00:00, run_after=2023-03-29T03:44:00+00:00
[2023-03-29T03:44:52.715+0000] {processor.py:175} INFO - Processing /home/airflow/.local/lib/python3.7/site-packages/airflow/example_dags/example_branch_python_dop_operator_3.py took 0.105 seconds
[2023-03-29T03:45:22.777+0000] {processor.py:153} INFO - Started process (PID=1887) to work on /home/airflow/.local/lib/python3.7/site-packages/airflow/example_dags/example_branch_python_dop_operator_3.py
[2023-03-29T03:45:22.778+0000] {processor.py:743} INFO - Processing file /home/airflow/.local/lib/python3.7/site-packages/airflow/example_dags/example_branch_python_dop_operator_3.py for tasks to queue
[2023-03-29T03:45:22.779+0000] {logging_mixin.py:137} INFO - [2023-03-29T03:45:22.779+0000] {dagbag.py:532} INFO - Filling up the DagBag from /home/airflow/.local/lib/python3.7/site-packages/airflow/example_dags/example_branch_python_dop_operator_3.py
[2023-03-29T03:45:22.795+0000] {processor.py:753} INFO - DAG(s) dict_keys(['example_branch_dop_operator_v3']) retrieved from /home/airflow/.local/lib/python3.7/site-packages/airflow/example_dags/example_branch_python_dop_operator_3.py
[2023-03-29T03:45:22.821+0000] {logging_mixin.py:137} INFO - [2023-03-29T03:45:22.820+0000] {dag.py:2693} INFO - Sync 1 DAGs
[2023-03-29T03:45:22.843+0000] {logging_mixin.py:137} INFO - [2023-03-29T03:45:22.843+0000] {dag.py:3444} INFO - Setting next_dagrun for example_branch_dop_operator_v3 to 2023-03-29T03:44:00+00:00, run_after=2023-03-29T03:45:00+00:00
[2023-03-29T03:45:22.856+0000] {processor.py:175} INFO - Processing /home/airflow/.local/lib/python3.7/site-packages/airflow/example_dags/example_branch_python_dop_operator_3.py took 0.082 seconds
[2023-03-29T03:45:53.015+0000] {processor.py:153} INFO - Started process (PID=1937) to work on /home/airflow/.local/lib/python3.7/site-packages/airflow/example_dags/example_branch_python_dop_operator_3.py
[2023-03-29T03:45:53.016+0000] {processor.py:743} INFO - Processing file /home/airflow/.local/lib/python3.7/site-packages/airflow/example_dags/example_branch_python_dop_operator_3.py for tasks to queue
[2023-03-29T03:45:53.018+0000] {logging_mixin.py:137} INFO - [2023-03-29T03:45:53.017+0000] {dagbag.py:532} INFO - Filling up the DagBag from /home/airflow/.local/lib/python3.7/site-packages/airflow/example_dags/example_branch_python_dop_operator_3.py
[2023-03-29T03:45:53.032+0000] {processor.py:753} INFO - DAG(s) dict_keys(['example_branch_dop_operator_v3']) retrieved from /home/airflow/.local/lib/python3.7/site-packages/airflow/example_dags/example_branch_python_dop_operator_3.py
[2023-03-29T03:45:53.050+0000] {logging_mixin.py:137} INFO - [2023-03-29T03:45:53.050+0000] {dag.py:2693} INFO - Sync 1 DAGs
[2023-03-29T03:45:53.070+0000] {logging_mixin.py:137} INFO - [2023-03-29T03:45:53.070+0000] {dag.py:3444} INFO - Setting next_dagrun for example_branch_dop_operator_v3 to 2023-03-29T03:44:00+00:00, run_after=2023-03-29T03:45:00+00:00
[2023-03-29T03:45:53.086+0000] {processor.py:175} INFO - Processing /home/airflow/.local/lib/python3.7/site-packages/airflow/example_dags/example_branch_python_dop_operator_3.py took 0.074 seconds
[2023-03-29T03:46:23.737+0000] {processor.py:153} INFO - Started process (PID=1986) to work on /home/airflow/.local/lib/python3.7/site-packages/airflow/example_dags/example_branch_python_dop_operator_3.py
[2023-03-29T03:46:23.739+0000] {processor.py:743} INFO - Processing file /home/airflow/.local/lib/python3.7/site-packages/airflow/example_dags/example_branch_python_dop_operator_3.py for tasks to queue
[2023-03-29T03:46:23.740+0000] {logging_mixin.py:137} INFO - [2023-03-29T03:46:23.740+0000] {dagbag.py:532} INFO - Filling up the DagBag from /home/airflow/.local/lib/python3.7/site-packages/airflow/example_dags/example_branch_python_dop_operator_3.py
[2023-03-29T03:46:23.755+0000] {processor.py:753} INFO - DAG(s) dict_keys(['example_branch_dop_operator_v3']) retrieved from /home/airflow/.local/lib/python3.7/site-packages/airflow/example_dags/example_branch_python_dop_operator_3.py
[2023-03-29T03:46:23.774+0000] {logging_mixin.py:137} INFO - [2023-03-29T03:46:23.773+0000] {dag.py:2693} INFO - Sync 1 DAGs
[2023-03-29T03:46:23.798+0000] {logging_mixin.py:137} INFO - [2023-03-29T03:46:23.798+0000] {dag.py:3444} INFO - Setting next_dagrun for example_branch_dop_operator_v3 to 2023-03-29T03:45:00+00:00, run_after=2023-03-29T03:46:00+00:00
[2023-03-29T03:46:23.811+0000] {processor.py:175} INFO - Processing /home/airflow/.local/lib/python3.7/site-packages/airflow/example_dags/example_branch_python_dop_operator_3.py took 0.076 seconds
[2023-03-29T03:46:54.344+0000] {processor.py:153} INFO - Started process (PID=2036) to work on /home/airflow/.local/lib/python3.7/site-packages/airflow/example_dags/example_branch_python_dop_operator_3.py
[2023-03-29T03:46:54.346+0000] {processor.py:743} INFO - Processing file /home/airflow/.local/lib/python3.7/site-packages/airflow/example_dags/example_branch_python_dop_operator_3.py for tasks to queue
[2023-03-29T03:46:54.347+0000] {logging_mixin.py:137} INFO - [2023-03-29T03:46:54.346+0000] {dagbag.py:532} INFO - Filling up the DagBag from /home/airflow/.local/lib/python3.7/site-packages/airflow/example_dags/example_branch_python_dop_operator_3.py
[2023-03-29T03:46:54.361+0000] {processor.py:753} INFO - DAG(s) dict_keys(['example_branch_dop_operator_v3']) retrieved from /home/airflow/.local/lib/python3.7/site-packages/airflow/example_dags/example_branch_python_dop_operator_3.py
[2023-03-29T03:46:54.382+0000] {logging_mixin.py:137} INFO - [2023-03-29T03:46:54.382+0000] {dag.py:2693} INFO - Sync 1 DAGs
[2023-03-29T03:46:54.403+0000] {logging_mixin.py:137} INFO - [2023-03-29T03:46:54.403+0000] {dag.py:3444} INFO - Setting next_dagrun for example_branch_dop_operator_v3 to 2023-03-29T03:45:00+00:00, run_after=2023-03-29T03:46:00+00:00
[2023-03-29T03:46:54.416+0000] {processor.py:175} INFO - Processing /home/airflow/.local/lib/python3.7/site-packages/airflow/example_dags/example_branch_python_dop_operator_3.py took 0.076 seconds
[2023-03-29T03:47:24.948+0000] {processor.py:153} INFO - Started process (PID=2086) to work on /home/airflow/.local/lib/python3.7/site-packages/airflow/example_dags/example_branch_python_dop_operator_3.py
[2023-03-29T03:47:24.949+0000] {processor.py:743} INFO - Processing file /home/airflow/.local/lib/python3.7/site-packages/airflow/example_dags/example_branch_python_dop_operator_3.py for tasks to queue
[2023-03-29T03:47:24.950+0000] {logging_mixin.py:137} INFO - [2023-03-29T03:47:24.950+0000] {dagbag.py:532} INFO - Filling up the DagBag from /home/airflow/.local/lib/python3.7/site-packages/airflow/example_dags/example_branch_python_dop_operator_3.py
[2023-03-29T03:47:24.966+0000] {processor.py:753} INFO - DAG(s) dict_keys(['example_branch_dop_operator_v3']) retrieved from /home/airflow/.local/lib/python3.7/site-packages/airflow/example_dags/example_branch_python_dop_operator_3.py
[2023-03-29T03:47:24.984+0000] {logging_mixin.py:137} INFO - [2023-03-29T03:47:24.984+0000] {dag.py:2693} INFO - Sync 1 DAGs
[2023-03-29T03:47:25.005+0000] {logging_mixin.py:137} INFO - [2023-03-29T03:47:25.005+0000] {dag.py:3444} INFO - Setting next_dagrun for example_branch_dop_operator_v3 to 2023-03-29T03:46:00+00:00, run_after=2023-03-29T03:47:00+00:00
[2023-03-29T03:47:25.022+0000] {processor.py:175} INFO - Processing /home/airflow/.local/lib/python3.7/site-packages/airflow/example_dags/example_branch_python_dop_operator_3.py took 0.076 seconds
