[2023-03-29T03:26:28.646+0000] {processor.py:153} INFO - Started process (PID=68) to work on /home/airflow/.local/lib/python3.7/site-packages/airflow/example_dags/example_branch_labels.py
[2023-03-29T03:26:28.648+0000] {processor.py:743} INFO - Processing file /home/airflow/.local/lib/python3.7/site-packages/airflow/example_dags/example_branch_labels.py for tasks to queue
[2023-03-29T03:26:28.649+0000] {logging_mixin.py:137} INFO - [2023-03-29T03:26:28.649+0000] {dagbag.py:532} INFO - Filling up the DagBag from /home/airflow/.local/lib/python3.7/site-packages/airflow/example_dags/example_branch_labels.py
[2023-03-29T03:26:28.671+0000] {processor.py:753} INFO - DAG(s) dict_keys(['example_branch_labels']) retrieved from /home/airflow/.local/lib/python3.7/site-packages/airflow/example_dags/example_branch_labels.py
[2023-03-29T03:26:28.685+0000] {logging_mixin.py:137} INFO - [2023-03-29T03:26:28.685+0000] {dag.py:2693} INFO - Sync 1 DAGs
[2023-03-29T03:26:28.712+0000] {logging_mixin.py:137} INFO - [2023-03-29T03:26:28.712+0000] {dag.py:3444} INFO - Setting next_dagrun for example_branch_labels to 2023-03-28T00:00:00+00:00, run_after=2023-03-29T00:00:00+00:00
[2023-03-29T03:26:28.731+0000] {processor.py:175} INFO - Processing /home/airflow/.local/lib/python3.7/site-packages/airflow/example_dags/example_branch_labels.py took 0.090 seconds
[2023-03-29T03:26:59.271+0000] {processor.py:153} INFO - Started process (PID=117) to work on /home/airflow/.local/lib/python3.7/site-packages/airflow/example_dags/example_branch_labels.py
[2023-03-29T03:26:59.272+0000] {processor.py:743} INFO - Processing file /home/airflow/.local/lib/python3.7/site-packages/airflow/example_dags/example_branch_labels.py for tasks to queue
[2023-03-29T03:26:59.273+0000] {logging_mixin.py:137} INFO - [2023-03-29T03:26:59.273+0000] {dagbag.py:532} INFO - Filling up the DagBag from /home/airflow/.local/lib/python3.7/site-packages/airflow/example_dags/example_branch_labels.py
[2023-03-29T03:26:59.285+0000] {processor.py:753} INFO - DAG(s) dict_keys(['example_branch_labels']) retrieved from /home/airflow/.local/lib/python3.7/site-packages/airflow/example_dags/example_branch_labels.py
[2023-03-29T03:26:59.305+0000] {logging_mixin.py:137} INFO - [2023-03-29T03:26:59.305+0000] {dag.py:2693} INFO - Sync 1 DAGs
[2023-03-29T03:26:59.324+0000] {logging_mixin.py:137} INFO - [2023-03-29T03:26:59.323+0000] {dag.py:3444} INFO - Setting next_dagrun for example_branch_labels to 2023-03-28T00:00:00+00:00, run_after=2023-03-29T00:00:00+00:00
[2023-03-29T03:26:59.335+0000] {processor.py:175} INFO - Processing /home/airflow/.local/lib/python3.7/site-packages/airflow/example_dags/example_branch_labels.py took 0.067 seconds
[2023-03-29T03:27:29.989+0000] {processor.py:153} INFO - Started process (PID=166) to work on /home/airflow/.local/lib/python3.7/site-packages/airflow/example_dags/example_branch_labels.py
[2023-03-29T03:27:29.991+0000] {processor.py:743} INFO - Processing file /home/airflow/.local/lib/python3.7/site-packages/airflow/example_dags/example_branch_labels.py for tasks to queue
[2023-03-29T03:27:29.993+0000] {logging_mixin.py:137} INFO - [2023-03-29T03:27:29.993+0000] {dagbag.py:532} INFO - Filling up the DagBag from /home/airflow/.local/lib/python3.7/site-packages/airflow/example_dags/example_branch_labels.py
[2023-03-29T03:27:30.006+0000] {processor.py:753} INFO - DAG(s) dict_keys(['example_branch_labels']) retrieved from /home/airflow/.local/lib/python3.7/site-packages/airflow/example_dags/example_branch_labels.py
[2023-03-29T03:27:30.030+0000] {logging_mixin.py:137} INFO - [2023-03-29T03:27:30.030+0000] {dag.py:2693} INFO - Sync 1 DAGs
[2023-03-29T03:27:30.055+0000] {logging_mixin.py:137} INFO - [2023-03-29T03:27:30.055+0000] {dag.py:3444} INFO - Setting next_dagrun for example_branch_labels to 2023-03-28T00:00:00+00:00, run_after=2023-03-29T00:00:00+00:00
[2023-03-29T03:27:30.072+0000] {processor.py:175} INFO - Processing /home/airflow/.local/lib/python3.7/site-packages/airflow/example_dags/example_branch_labels.py took 0.087 seconds
[2023-03-29T03:28:00.512+0000] {processor.py:153} INFO - Started process (PID=215) to work on /home/airflow/.local/lib/python3.7/site-packages/airflow/example_dags/example_branch_labels.py
[2023-03-29T03:28:00.514+0000] {processor.py:743} INFO - Processing file /home/airflow/.local/lib/python3.7/site-packages/airflow/example_dags/example_branch_labels.py for tasks to queue
[2023-03-29T03:28:00.515+0000] {logging_mixin.py:137} INFO - [2023-03-29T03:28:00.515+0000] {dagbag.py:532} INFO - Filling up the DagBag from /home/airflow/.local/lib/python3.7/site-packages/airflow/example_dags/example_branch_labels.py
[2023-03-29T03:28:00.525+0000] {processor.py:753} INFO - DAG(s) dict_keys(['example_branch_labels']) retrieved from /home/airflow/.local/lib/python3.7/site-packages/airflow/example_dags/example_branch_labels.py
[2023-03-29T03:28:00.544+0000] {logging_mixin.py:137} INFO - [2023-03-29T03:28:00.544+0000] {dag.py:2693} INFO - Sync 1 DAGs
[2023-03-29T03:28:00.561+0000] {logging_mixin.py:137} INFO - [2023-03-29T03:28:00.561+0000] {dag.py:3444} INFO - Setting next_dagrun for example_branch_labels to 2023-03-28T00:00:00+00:00, run_after=2023-03-29T00:00:00+00:00
[2023-03-29T03:28:00.572+0000] {processor.py:175} INFO - Processing /home/airflow/.local/lib/python3.7/site-packages/airflow/example_dags/example_branch_labels.py took 0.063 seconds
[2023-03-29T03:28:31.020+0000] {processor.py:153} INFO - Started process (PID=264) to work on /home/airflow/.local/lib/python3.7/site-packages/airflow/example_dags/example_branch_labels.py
[2023-03-29T03:28:31.022+0000] {processor.py:743} INFO - Processing file /home/airflow/.local/lib/python3.7/site-packages/airflow/example_dags/example_branch_labels.py for tasks to queue
[2023-03-29T03:28:31.023+0000] {logging_mixin.py:137} INFO - [2023-03-29T03:28:31.023+0000] {dagbag.py:532} INFO - Filling up the DagBag from /home/airflow/.local/lib/python3.7/site-packages/airflow/example_dags/example_branch_labels.py
[2023-03-29T03:28:31.038+0000] {processor.py:753} INFO - DAG(s) dict_keys(['example_branch_labels']) retrieved from /home/airflow/.local/lib/python3.7/site-packages/airflow/example_dags/example_branch_labels.py
[2023-03-29T03:28:31.059+0000] {logging_mixin.py:137} INFO - [2023-03-29T03:28:31.059+0000] {dag.py:2693} INFO - Sync 1 DAGs
[2023-03-29T03:28:31.077+0000] {logging_mixin.py:137} INFO - [2023-03-29T03:28:31.077+0000] {dag.py:3444} INFO - Setting next_dagrun for example_branch_labels to 2023-03-28T00:00:00+00:00, run_after=2023-03-29T00:00:00+00:00
[2023-03-29T03:28:31.090+0000] {processor.py:175} INFO - Processing /home/airflow/.local/lib/python3.7/site-packages/airflow/example_dags/example_branch_labels.py took 0.073 seconds
[2023-03-29T03:29:01.537+0000] {processor.py:153} INFO - Started process (PID=313) to work on /home/airflow/.local/lib/python3.7/site-packages/airflow/example_dags/example_branch_labels.py
[2023-03-29T03:29:01.539+0000] {processor.py:743} INFO - Processing file /home/airflow/.local/lib/python3.7/site-packages/airflow/example_dags/example_branch_labels.py for tasks to queue
[2023-03-29T03:29:01.540+0000] {logging_mixin.py:137} INFO - [2023-03-29T03:29:01.540+0000] {dagbag.py:532} INFO - Filling up the DagBag from /home/airflow/.local/lib/python3.7/site-packages/airflow/example_dags/example_branch_labels.py
[2023-03-29T03:29:01.551+0000] {processor.py:753} INFO - DAG(s) dict_keys(['example_branch_labels']) retrieved from /home/airflow/.local/lib/python3.7/site-packages/airflow/example_dags/example_branch_labels.py
[2023-03-29T03:29:01.570+0000] {logging_mixin.py:137} INFO - [2023-03-29T03:29:01.570+0000] {dag.py:2693} INFO - Sync 1 DAGs
[2023-03-29T03:29:01.587+0000] {logging_mixin.py:137} INFO - [2023-03-29T03:29:01.587+0000] {dag.py:3444} INFO - Setting next_dagrun for example_branch_labels to 2023-03-28T00:00:00+00:00, run_after=2023-03-29T00:00:00+00:00
[2023-03-29T03:29:01.598+0000] {processor.py:175} INFO - Processing /home/airflow/.local/lib/python3.7/site-packages/airflow/example_dags/example_branch_labels.py took 0.064 seconds
[2023-03-29T03:29:32.224+0000] {processor.py:153} INFO - Started process (PID=362) to work on /home/airflow/.local/lib/python3.7/site-packages/airflow/example_dags/example_branch_labels.py
[2023-03-29T03:29:32.226+0000] {processor.py:743} INFO - Processing file /home/airflow/.local/lib/python3.7/site-packages/airflow/example_dags/example_branch_labels.py for tasks to queue
[2023-03-29T03:29:32.227+0000] {logging_mixin.py:137} INFO - [2023-03-29T03:29:32.227+0000] {dagbag.py:532} INFO - Filling up the DagBag from /home/airflow/.local/lib/python3.7/site-packages/airflow/example_dags/example_branch_labels.py
[2023-03-29T03:29:32.238+0000] {processor.py:753} INFO - DAG(s) dict_keys(['example_branch_labels']) retrieved from /home/airflow/.local/lib/python3.7/site-packages/airflow/example_dags/example_branch_labels.py
[2023-03-29T03:29:32.257+0000] {logging_mixin.py:137} INFO - [2023-03-29T03:29:32.257+0000] {dag.py:2693} INFO - Sync 1 DAGs
[2023-03-29T03:29:32.274+0000] {logging_mixin.py:137} INFO - [2023-03-29T03:29:32.274+0000] {dag.py:3444} INFO - Setting next_dagrun for example_branch_labels to 2023-03-28T00:00:00+00:00, run_after=2023-03-29T00:00:00+00:00
[2023-03-29T03:29:32.286+0000] {processor.py:175} INFO - Processing /home/airflow/.local/lib/python3.7/site-packages/airflow/example_dags/example_branch_labels.py took 0.064 seconds
[2023-03-29T03:30:02.413+0000] {processor.py:153} INFO - Started process (PID=411) to work on /home/airflow/.local/lib/python3.7/site-packages/airflow/example_dags/example_branch_labels.py
[2023-03-29T03:30:02.415+0000] {processor.py:743} INFO - Processing file /home/airflow/.local/lib/python3.7/site-packages/airflow/example_dags/example_branch_labels.py for tasks to queue
[2023-03-29T03:30:02.417+0000] {logging_mixin.py:137} INFO - [2023-03-29T03:30:02.417+0000] {dagbag.py:532} INFO - Filling up the DagBag from /home/airflow/.local/lib/python3.7/site-packages/airflow/example_dags/example_branch_labels.py
[2023-03-29T03:30:02.433+0000] {processor.py:753} INFO - DAG(s) dict_keys(['example_branch_labels']) retrieved from /home/airflow/.local/lib/python3.7/site-packages/airflow/example_dags/example_branch_labels.py
[2023-03-29T03:30:02.456+0000] {logging_mixin.py:137} INFO - [2023-03-29T03:30:02.456+0000] {dag.py:2693} INFO - Sync 1 DAGs
[2023-03-29T03:30:02.477+0000] {logging_mixin.py:137} INFO - [2023-03-29T03:30:02.477+0000] {dag.py:3444} INFO - Setting next_dagrun for example_branch_labels to 2023-03-28T00:00:00+00:00, run_after=2023-03-29T00:00:00+00:00
[2023-03-29T03:30:02.491+0000] {processor.py:175} INFO - Processing /home/airflow/.local/lib/python3.7/site-packages/airflow/example_dags/example_branch_labels.py took 0.082 seconds
[2023-03-29T03:30:33.484+0000] {processor.py:153} INFO - Started process (PID=460) to work on /home/airflow/.local/lib/python3.7/site-packages/airflow/example_dags/example_branch_labels.py
[2023-03-29T03:30:33.486+0000] {processor.py:743} INFO - Processing file /home/airflow/.local/lib/python3.7/site-packages/airflow/example_dags/example_branch_labels.py for tasks to queue
[2023-03-29T03:30:33.488+0000] {logging_mixin.py:137} INFO - [2023-03-29T03:30:33.488+0000] {dagbag.py:532} INFO - Filling up the DagBag from /home/airflow/.local/lib/python3.7/site-packages/airflow/example_dags/example_branch_labels.py
[2023-03-29T03:30:33.503+0000] {processor.py:753} INFO - DAG(s) dict_keys(['example_branch_labels']) retrieved from /home/airflow/.local/lib/python3.7/site-packages/airflow/example_dags/example_branch_labels.py
[2023-03-29T03:30:33.533+0000] {logging_mixin.py:137} INFO - [2023-03-29T03:30:33.533+0000] {dag.py:2693} INFO - Sync 1 DAGs
[2023-03-29T03:30:33.559+0000] {logging_mixin.py:137} INFO - [2023-03-29T03:30:33.559+0000] {dag.py:3444} INFO - Setting next_dagrun for example_branch_labels to 2023-03-28T00:00:00+00:00, run_after=2023-03-29T00:00:00+00:00
[2023-03-29T03:30:33.576+0000] {processor.py:175} INFO - Processing /home/airflow/.local/lib/python3.7/site-packages/airflow/example_dags/example_branch_labels.py took 0.095 seconds
[2023-03-29T03:31:04.179+0000] {processor.py:153} INFO - Started process (PID=509) to work on /home/airflow/.local/lib/python3.7/site-packages/airflow/example_dags/example_branch_labels.py
[2023-03-29T03:31:04.182+0000] {processor.py:743} INFO - Processing file /home/airflow/.local/lib/python3.7/site-packages/airflow/example_dags/example_branch_labels.py for tasks to queue
[2023-03-29T03:31:04.183+0000] {logging_mixin.py:137} INFO - [2023-03-29T03:31:04.183+0000] {dagbag.py:532} INFO - Filling up the DagBag from /home/airflow/.local/lib/python3.7/site-packages/airflow/example_dags/example_branch_labels.py
[2023-03-29T03:31:04.198+0000] {processor.py:753} INFO - DAG(s) dict_keys(['example_branch_labels']) retrieved from /home/airflow/.local/lib/python3.7/site-packages/airflow/example_dags/example_branch_labels.py
[2023-03-29T03:31:04.240+0000] {logging_mixin.py:137} INFO - [2023-03-29T03:31:04.239+0000] {dag.py:2693} INFO - Sync 1 DAGs
[2023-03-29T03:31:04.293+0000] {logging_mixin.py:137} INFO - [2023-03-29T03:31:04.292+0000] {dag.py:3444} INFO - Setting next_dagrun for example_branch_labels to 2023-03-28T00:00:00+00:00, run_after=2023-03-29T00:00:00+00:00
[2023-03-29T03:31:04.314+0000] {processor.py:175} INFO - Processing /home/airflow/.local/lib/python3.7/site-packages/airflow/example_dags/example_branch_labels.py took 0.138 seconds
[2023-03-29T03:31:34.373+0000] {processor.py:153} INFO - Started process (PID=558) to work on /home/airflow/.local/lib/python3.7/site-packages/airflow/example_dags/example_branch_labels.py
[2023-03-29T03:31:34.375+0000] {processor.py:743} INFO - Processing file /home/airflow/.local/lib/python3.7/site-packages/airflow/example_dags/example_branch_labels.py for tasks to queue
[2023-03-29T03:31:34.376+0000] {logging_mixin.py:137} INFO - [2023-03-29T03:31:34.376+0000] {dagbag.py:532} INFO - Filling up the DagBag from /home/airflow/.local/lib/python3.7/site-packages/airflow/example_dags/example_branch_labels.py
[2023-03-29T03:31:34.384+0000] {processor.py:753} INFO - DAG(s) dict_keys(['example_branch_labels']) retrieved from /home/airflow/.local/lib/python3.7/site-packages/airflow/example_dags/example_branch_labels.py
[2023-03-29T03:31:34.402+0000] {logging_mixin.py:137} INFO - [2023-03-29T03:31:34.402+0000] {dag.py:2693} INFO - Sync 1 DAGs
[2023-03-29T03:31:34.416+0000] {logging_mixin.py:137} INFO - [2023-03-29T03:31:34.416+0000] {dag.py:3444} INFO - Setting next_dagrun for example_branch_labels to 2023-03-28T00:00:00+00:00, run_after=2023-03-29T00:00:00+00:00
[2023-03-29T03:31:34.427+0000] {processor.py:175} INFO - Processing /home/airflow/.local/lib/python3.7/site-packages/airflow/example_dags/example_branch_labels.py took 0.055 seconds
[2023-03-29T03:32:05.006+0000] {processor.py:153} INFO - Started process (PID=607) to work on /home/airflow/.local/lib/python3.7/site-packages/airflow/example_dags/example_branch_labels.py
[2023-03-29T03:32:05.008+0000] {processor.py:743} INFO - Processing file /home/airflow/.local/lib/python3.7/site-packages/airflow/example_dags/example_branch_labels.py for tasks to queue
[2023-03-29T03:32:05.009+0000] {logging_mixin.py:137} INFO - [2023-03-29T03:32:05.009+0000] {dagbag.py:532} INFO - Filling up the DagBag from /home/airflow/.local/lib/python3.7/site-packages/airflow/example_dags/example_branch_labels.py
[2023-03-29T03:32:05.022+0000] {processor.py:753} INFO - DAG(s) dict_keys(['example_branch_labels']) retrieved from /home/airflow/.local/lib/python3.7/site-packages/airflow/example_dags/example_branch_labels.py
[2023-03-29T03:32:05.045+0000] {logging_mixin.py:137} INFO - [2023-03-29T03:32:05.045+0000] {dag.py:2693} INFO - Sync 1 DAGs
[2023-03-29T03:32:05.063+0000] {logging_mixin.py:137} INFO - [2023-03-29T03:32:05.063+0000] {dag.py:3444} INFO - Setting next_dagrun for example_branch_labels to 2023-03-28T00:00:00+00:00, run_after=2023-03-29T00:00:00+00:00
[2023-03-29T03:32:05.075+0000] {processor.py:175} INFO - Processing /home/airflow/.local/lib/python3.7/site-packages/airflow/example_dags/example_branch_labels.py took 0.071 seconds
[2023-03-29T03:32:35.998+0000] {processor.py:153} INFO - Started process (PID=657) to work on /home/airflow/.local/lib/python3.7/site-packages/airflow/example_dags/example_branch_labels.py
[2023-03-29T03:32:36.000+0000] {processor.py:743} INFO - Processing file /home/airflow/.local/lib/python3.7/site-packages/airflow/example_dags/example_branch_labels.py for tasks to queue
[2023-03-29T03:32:36.001+0000] {logging_mixin.py:137} INFO - [2023-03-29T03:32:36.001+0000] {dagbag.py:532} INFO - Filling up the DagBag from /home/airflow/.local/lib/python3.7/site-packages/airflow/example_dags/example_branch_labels.py
[2023-03-29T03:32:36.012+0000] {processor.py:753} INFO - DAG(s) dict_keys(['example_branch_labels']) retrieved from /home/airflow/.local/lib/python3.7/site-packages/airflow/example_dags/example_branch_labels.py
[2023-03-29T03:32:36.030+0000] {logging_mixin.py:137} INFO - [2023-03-29T03:32:36.030+0000] {dag.py:2693} INFO - Sync 1 DAGs
[2023-03-29T03:32:36.048+0000] {logging_mixin.py:137} INFO - [2023-03-29T03:32:36.047+0000] {dag.py:3444} INFO - Setting next_dagrun for example_branch_labels to 2023-03-28T00:00:00+00:00, run_after=2023-03-29T00:00:00+00:00
[2023-03-29T03:32:36.059+0000] {processor.py:175} INFO - Processing /home/airflow/.local/lib/python3.7/site-packages/airflow/example_dags/example_branch_labels.py took 0.063 seconds
[2023-03-29T03:33:06.595+0000] {processor.py:153} INFO - Started process (PID=706) to work on /home/airflow/.local/lib/python3.7/site-packages/airflow/example_dags/example_branch_labels.py
[2023-03-29T03:33:06.596+0000] {processor.py:743} INFO - Processing file /home/airflow/.local/lib/python3.7/site-packages/airflow/example_dags/example_branch_labels.py for tasks to queue
[2023-03-29T03:33:06.597+0000] {logging_mixin.py:137} INFO - [2023-03-29T03:33:06.597+0000] {dagbag.py:532} INFO - Filling up the DagBag from /home/airflow/.local/lib/python3.7/site-packages/airflow/example_dags/example_branch_labels.py
[2023-03-29T03:33:06.606+0000] {processor.py:753} INFO - DAG(s) dict_keys(['example_branch_labels']) retrieved from /home/airflow/.local/lib/python3.7/site-packages/airflow/example_dags/example_branch_labels.py
[2023-03-29T03:33:06.625+0000] {logging_mixin.py:137} INFO - [2023-03-29T03:33:06.625+0000] {dag.py:2693} INFO - Sync 1 DAGs
[2023-03-29T03:33:06.642+0000] {logging_mixin.py:137} INFO - [2023-03-29T03:33:06.642+0000] {dag.py:3444} INFO - Setting next_dagrun for example_branch_labels to 2023-03-28T00:00:00+00:00, run_after=2023-03-29T00:00:00+00:00
[2023-03-29T03:33:06.653+0000] {processor.py:175} INFO - Processing /home/airflow/.local/lib/python3.7/site-packages/airflow/example_dags/example_branch_labels.py took 0.061 seconds
[2023-03-29T03:33:37.563+0000] {processor.py:153} INFO - Started process (PID=755) to work on /home/airflow/.local/lib/python3.7/site-packages/airflow/example_dags/example_branch_labels.py
[2023-03-29T03:33:37.564+0000] {processor.py:743} INFO - Processing file /home/airflow/.local/lib/python3.7/site-packages/airflow/example_dags/example_branch_labels.py for tasks to queue
[2023-03-29T03:33:37.565+0000] {logging_mixin.py:137} INFO - [2023-03-29T03:33:37.565+0000] {dagbag.py:532} INFO - Filling up the DagBag from /home/airflow/.local/lib/python3.7/site-packages/airflow/example_dags/example_branch_labels.py
[2023-03-29T03:33:37.575+0000] {processor.py:753} INFO - DAG(s) dict_keys(['example_branch_labels']) retrieved from /home/airflow/.local/lib/python3.7/site-packages/airflow/example_dags/example_branch_labels.py
[2023-03-29T03:33:37.595+0000] {logging_mixin.py:137} INFO - [2023-03-29T03:33:37.595+0000] {dag.py:2693} INFO - Sync 1 DAGs
[2023-03-29T03:33:37.610+0000] {logging_mixin.py:137} INFO - [2023-03-29T03:33:37.610+0000] {dag.py:3444} INFO - Setting next_dagrun for example_branch_labels to 2023-03-28T00:00:00+00:00, run_after=2023-03-29T00:00:00+00:00
[2023-03-29T03:33:37.621+0000] {processor.py:175} INFO - Processing /home/airflow/.local/lib/python3.7/site-packages/airflow/example_dags/example_branch_labels.py took 0.061 seconds
[2023-03-29T03:34:08.281+0000] {processor.py:153} INFO - Started process (PID=804) to work on /home/airflow/.local/lib/python3.7/site-packages/airflow/example_dags/example_branch_labels.py
[2023-03-29T03:34:08.283+0000] {processor.py:743} INFO - Processing file /home/airflow/.local/lib/python3.7/site-packages/airflow/example_dags/example_branch_labels.py for tasks to queue
[2023-03-29T03:34:08.284+0000] {logging_mixin.py:137} INFO - [2023-03-29T03:34:08.284+0000] {dagbag.py:532} INFO - Filling up the DagBag from /home/airflow/.local/lib/python3.7/site-packages/airflow/example_dags/example_branch_labels.py
[2023-03-29T03:34:08.295+0000] {processor.py:753} INFO - DAG(s) dict_keys(['example_branch_labels']) retrieved from /home/airflow/.local/lib/python3.7/site-packages/airflow/example_dags/example_branch_labels.py
[2023-03-29T03:34:08.320+0000] {logging_mixin.py:137} INFO - [2023-03-29T03:34:08.319+0000] {dag.py:2693} INFO - Sync 1 DAGs
[2023-03-29T03:34:08.338+0000] {logging_mixin.py:137} INFO - [2023-03-29T03:34:08.338+0000] {dag.py:3444} INFO - Setting next_dagrun for example_branch_labels to 2023-03-28T00:00:00+00:00, run_after=2023-03-29T00:00:00+00:00
[2023-03-29T03:34:08.348+0000] {processor.py:175} INFO - Processing /home/airflow/.local/lib/python3.7/site-packages/airflow/example_dags/example_branch_labels.py took 0.070 seconds
[2023-03-29T03:34:38.803+0000] {processor.py:153} INFO - Started process (PID=854) to work on /home/airflow/.local/lib/python3.7/site-packages/airflow/example_dags/example_branch_labels.py
[2023-03-29T03:34:38.804+0000] {processor.py:743} INFO - Processing file /home/airflow/.local/lib/python3.7/site-packages/airflow/example_dags/example_branch_labels.py for tasks to queue
[2023-03-29T03:34:38.806+0000] {logging_mixin.py:137} INFO - [2023-03-29T03:34:38.806+0000] {dagbag.py:532} INFO - Filling up the DagBag from /home/airflow/.local/lib/python3.7/site-packages/airflow/example_dags/example_branch_labels.py
[2023-03-29T03:34:38.815+0000] {processor.py:753} INFO - DAG(s) dict_keys(['example_branch_labels']) retrieved from /home/airflow/.local/lib/python3.7/site-packages/airflow/example_dags/example_branch_labels.py
[2023-03-29T03:34:38.834+0000] {logging_mixin.py:137} INFO - [2023-03-29T03:34:38.834+0000] {dag.py:2693} INFO - Sync 1 DAGs
[2023-03-29T03:34:38.851+0000] {logging_mixin.py:137} INFO - [2023-03-29T03:34:38.851+0000] {dag.py:3444} INFO - Setting next_dagrun for example_branch_labels to 2023-03-28T00:00:00+00:00, run_after=2023-03-29T00:00:00+00:00
[2023-03-29T03:34:38.862+0000] {processor.py:175} INFO - Processing /home/airflow/.local/lib/python3.7/site-packages/airflow/example_dags/example_branch_labels.py took 0.062 seconds
[2023-03-29T03:35:09.446+0000] {processor.py:153} INFO - Started process (PID=903) to work on /home/airflow/.local/lib/python3.7/site-packages/airflow/example_dags/example_branch_labels.py
[2023-03-29T03:35:09.448+0000] {processor.py:743} INFO - Processing file /home/airflow/.local/lib/python3.7/site-packages/airflow/example_dags/example_branch_labels.py for tasks to queue
[2023-03-29T03:35:09.449+0000] {logging_mixin.py:137} INFO - [2023-03-29T03:35:09.448+0000] {dagbag.py:532} INFO - Filling up the DagBag from /home/airflow/.local/lib/python3.7/site-packages/airflow/example_dags/example_branch_labels.py
[2023-03-29T03:35:09.459+0000] {processor.py:753} INFO - DAG(s) dict_keys(['example_branch_labels']) retrieved from /home/airflow/.local/lib/python3.7/site-packages/airflow/example_dags/example_branch_labels.py
[2023-03-29T03:35:09.481+0000] {logging_mixin.py:137} INFO - [2023-03-29T03:35:09.481+0000] {dag.py:2693} INFO - Sync 1 DAGs
[2023-03-29T03:35:09.502+0000] {logging_mixin.py:137} INFO - [2023-03-29T03:35:09.502+0000] {dag.py:3444} INFO - Setting next_dagrun for example_branch_labels to 2023-03-28T00:00:00+00:00, run_after=2023-03-29T00:00:00+00:00
[2023-03-29T03:35:09.515+0000] {processor.py:175} INFO - Processing /home/airflow/.local/lib/python3.7/site-packages/airflow/example_dags/example_branch_labels.py took 0.072 seconds
[2023-03-29T03:35:40.251+0000] {processor.py:153} INFO - Started process (PID=952) to work on /home/airflow/.local/lib/python3.7/site-packages/airflow/example_dags/example_branch_labels.py
[2023-03-29T03:35:40.253+0000] {processor.py:743} INFO - Processing file /home/airflow/.local/lib/python3.7/site-packages/airflow/example_dags/example_branch_labels.py for tasks to queue
[2023-03-29T03:35:40.258+0000] {logging_mixin.py:137} INFO - [2023-03-29T03:35:40.258+0000] {dagbag.py:532} INFO - Filling up the DagBag from /home/airflow/.local/lib/python3.7/site-packages/airflow/example_dags/example_branch_labels.py
[2023-03-29T03:35:40.269+0000] {processor.py:753} INFO - DAG(s) dict_keys(['example_branch_labels']) retrieved from /home/airflow/.local/lib/python3.7/site-packages/airflow/example_dags/example_branch_labels.py
[2023-03-29T03:35:40.286+0000] {logging_mixin.py:137} INFO - [2023-03-29T03:35:40.286+0000] {dag.py:2693} INFO - Sync 1 DAGs
[2023-03-29T03:35:40.310+0000] {logging_mixin.py:137} INFO - [2023-03-29T03:35:40.309+0000] {dag.py:3444} INFO - Setting next_dagrun for example_branch_labels to 2023-03-28T00:00:00+00:00, run_after=2023-03-29T00:00:00+00:00
[2023-03-29T03:35:40.321+0000] {processor.py:175} INFO - Processing /home/airflow/.local/lib/python3.7/site-packages/airflow/example_dags/example_branch_labels.py took 0.073 seconds
[2023-03-29T03:36:10.931+0000] {processor.py:153} INFO - Started process (PID=1001) to work on /home/airflow/.local/lib/python3.7/site-packages/airflow/example_dags/example_branch_labels.py
[2023-03-29T03:36:10.934+0000] {processor.py:743} INFO - Processing file /home/airflow/.local/lib/python3.7/site-packages/airflow/example_dags/example_branch_labels.py for tasks to queue
[2023-03-29T03:36:10.935+0000] {logging_mixin.py:137} INFO - [2023-03-29T03:36:10.935+0000] {dagbag.py:532} INFO - Filling up the DagBag from /home/airflow/.local/lib/python3.7/site-packages/airflow/example_dags/example_branch_labels.py
[2023-03-29T03:36:10.954+0000] {processor.py:753} INFO - DAG(s) dict_keys(['example_branch_labels']) retrieved from /home/airflow/.local/lib/python3.7/site-packages/airflow/example_dags/example_branch_labels.py
[2023-03-29T03:36:10.984+0000] {logging_mixin.py:137} INFO - [2023-03-29T03:36:10.984+0000] {dag.py:2693} INFO - Sync 1 DAGs
[2023-03-29T03:36:11.007+0000] {logging_mixin.py:137} INFO - [2023-03-29T03:36:11.007+0000] {dag.py:3444} INFO - Setting next_dagrun for example_branch_labels to 2023-03-28T00:00:00+00:00, run_after=2023-03-29T00:00:00+00:00
[2023-03-29T03:36:11.021+0000] {processor.py:175} INFO - Processing /home/airflow/.local/lib/python3.7/site-packages/airflow/example_dags/example_branch_labels.py took 0.093 seconds
[2023-03-29T03:36:41.599+0000] {processor.py:153} INFO - Started process (PID=1051) to work on /home/airflow/.local/lib/python3.7/site-packages/airflow/example_dags/example_branch_labels.py
[2023-03-29T03:36:41.601+0000] {processor.py:743} INFO - Processing file /home/airflow/.local/lib/python3.7/site-packages/airflow/example_dags/example_branch_labels.py for tasks to queue
[2023-03-29T03:36:41.602+0000] {logging_mixin.py:137} INFO - [2023-03-29T03:36:41.602+0000] {dagbag.py:532} INFO - Filling up the DagBag from /home/airflow/.local/lib/python3.7/site-packages/airflow/example_dags/example_branch_labels.py
[2023-03-29T03:36:41.613+0000] {processor.py:753} INFO - DAG(s) dict_keys(['example_branch_labels']) retrieved from /home/airflow/.local/lib/python3.7/site-packages/airflow/example_dags/example_branch_labels.py
[2023-03-29T03:36:41.641+0000] {logging_mixin.py:137} INFO - [2023-03-29T03:36:41.641+0000] {dag.py:2693} INFO - Sync 1 DAGs
[2023-03-29T03:36:41.660+0000] {logging_mixin.py:137} INFO - [2023-03-29T03:36:41.660+0000] {dag.py:3444} INFO - Setting next_dagrun for example_branch_labels to 2023-03-28T00:00:00+00:00, run_after=2023-03-29T00:00:00+00:00
[2023-03-29T03:36:41.671+0000] {processor.py:175} INFO - Processing /home/airflow/.local/lib/python3.7/site-packages/airflow/example_dags/example_branch_labels.py took 0.074 seconds
[2023-03-29T03:37:12.279+0000] {processor.py:153} INFO - Started process (PID=1100) to work on /home/airflow/.local/lib/python3.7/site-packages/airflow/example_dags/example_branch_labels.py
[2023-03-29T03:37:12.280+0000] {processor.py:743} INFO - Processing file /home/airflow/.local/lib/python3.7/site-packages/airflow/example_dags/example_branch_labels.py for tasks to queue
[2023-03-29T03:37:12.282+0000] {logging_mixin.py:137} INFO - [2023-03-29T03:37:12.282+0000] {dagbag.py:532} INFO - Filling up the DagBag from /home/airflow/.local/lib/python3.7/site-packages/airflow/example_dags/example_branch_labels.py
[2023-03-29T03:37:12.292+0000] {processor.py:753} INFO - DAG(s) dict_keys(['example_branch_labels']) retrieved from /home/airflow/.local/lib/python3.7/site-packages/airflow/example_dags/example_branch_labels.py
[2023-03-29T03:37:12.311+0000] {logging_mixin.py:137} INFO - [2023-03-29T03:37:12.310+0000] {dag.py:2693} INFO - Sync 1 DAGs
[2023-03-29T03:37:12.330+0000] {logging_mixin.py:137} INFO - [2023-03-29T03:37:12.330+0000] {dag.py:3444} INFO - Setting next_dagrun for example_branch_labels to 2023-03-28T00:00:00+00:00, run_after=2023-03-29T00:00:00+00:00
[2023-03-29T03:37:12.341+0000] {processor.py:175} INFO - Processing /home/airflow/.local/lib/python3.7/site-packages/airflow/example_dags/example_branch_labels.py took 0.065 seconds
[2023-03-29T03:37:42.877+0000] {processor.py:153} INFO - Started process (PID=1149) to work on /home/airflow/.local/lib/python3.7/site-packages/airflow/example_dags/example_branch_labels.py
[2023-03-29T03:37:42.879+0000] {processor.py:743} INFO - Processing file /home/airflow/.local/lib/python3.7/site-packages/airflow/example_dags/example_branch_labels.py for tasks to queue
[2023-03-29T03:37:42.880+0000] {logging_mixin.py:137} INFO - [2023-03-29T03:37:42.880+0000] {dagbag.py:532} INFO - Filling up the DagBag from /home/airflow/.local/lib/python3.7/site-packages/airflow/example_dags/example_branch_labels.py
[2023-03-29T03:37:42.889+0000] {processor.py:753} INFO - DAG(s) dict_keys(['example_branch_labels']) retrieved from /home/airflow/.local/lib/python3.7/site-packages/airflow/example_dags/example_branch_labels.py
[2023-03-29T03:37:42.907+0000] {logging_mixin.py:137} INFO - [2023-03-29T03:37:42.907+0000] {dag.py:2693} INFO - Sync 1 DAGs
[2023-03-29T03:37:42.928+0000] {logging_mixin.py:137} INFO - [2023-03-29T03:37:42.927+0000] {dag.py:3444} INFO - Setting next_dagrun for example_branch_labels to 2023-03-28T00:00:00+00:00, run_after=2023-03-29T00:00:00+00:00
[2023-03-29T03:37:42.938+0000] {processor.py:175} INFO - Processing /home/airflow/.local/lib/python3.7/site-packages/airflow/example_dags/example_branch_labels.py took 0.064 seconds
[2023-03-29T03:38:13.455+0000] {processor.py:153} INFO - Started process (PID=1198) to work on /home/airflow/.local/lib/python3.7/site-packages/airflow/example_dags/example_branch_labels.py
[2023-03-29T03:38:13.457+0000] {processor.py:743} INFO - Processing file /home/airflow/.local/lib/python3.7/site-packages/airflow/example_dags/example_branch_labels.py for tasks to queue
[2023-03-29T03:38:13.458+0000] {logging_mixin.py:137} INFO - [2023-03-29T03:38:13.458+0000] {dagbag.py:532} INFO - Filling up the DagBag from /home/airflow/.local/lib/python3.7/site-packages/airflow/example_dags/example_branch_labels.py
[2023-03-29T03:38:13.468+0000] {processor.py:753} INFO - DAG(s) dict_keys(['example_branch_labels']) retrieved from /home/airflow/.local/lib/python3.7/site-packages/airflow/example_dags/example_branch_labels.py
[2023-03-29T03:38:13.487+0000] {logging_mixin.py:137} INFO - [2023-03-29T03:38:13.487+0000] {dag.py:2693} INFO - Sync 1 DAGs
[2023-03-29T03:38:13.504+0000] {logging_mixin.py:137} INFO - [2023-03-29T03:38:13.504+0000] {dag.py:3444} INFO - Setting next_dagrun for example_branch_labels to 2023-03-28T00:00:00+00:00, run_after=2023-03-29T00:00:00+00:00
[2023-03-29T03:38:13.515+0000] {processor.py:175} INFO - Processing /home/airflow/.local/lib/python3.7/site-packages/airflow/example_dags/example_branch_labels.py took 0.062 seconds
[2023-03-29T03:38:44.147+0000] {processor.py:153} INFO - Started process (PID=1247) to work on /home/airflow/.local/lib/python3.7/site-packages/airflow/example_dags/example_branch_labels.py
[2023-03-29T03:38:44.148+0000] {processor.py:743} INFO - Processing file /home/airflow/.local/lib/python3.7/site-packages/airflow/example_dags/example_branch_labels.py for tasks to queue
[2023-03-29T03:38:44.150+0000] {logging_mixin.py:137} INFO - [2023-03-29T03:38:44.150+0000] {dagbag.py:532} INFO - Filling up the DagBag from /home/airflow/.local/lib/python3.7/site-packages/airflow/example_dags/example_branch_labels.py
[2023-03-29T03:38:44.159+0000] {processor.py:753} INFO - DAG(s) dict_keys(['example_branch_labels']) retrieved from /home/airflow/.local/lib/python3.7/site-packages/airflow/example_dags/example_branch_labels.py
[2023-03-29T03:38:44.178+0000] {logging_mixin.py:137} INFO - [2023-03-29T03:38:44.178+0000] {dag.py:2693} INFO - Sync 1 DAGs
[2023-03-29T03:38:44.195+0000] {logging_mixin.py:137} INFO - [2023-03-29T03:38:44.195+0000] {dag.py:3444} INFO - Setting next_dagrun for example_branch_labels to 2023-03-28T00:00:00+00:00, run_after=2023-03-29T00:00:00+00:00
[2023-03-29T03:38:44.206+0000] {processor.py:175} INFO - Processing /home/airflow/.local/lib/python3.7/site-packages/airflow/example_dags/example_branch_labels.py took 0.061 seconds
[2023-03-29T03:39:14.714+0000] {processor.py:153} INFO - Started process (PID=1297) to work on /home/airflow/.local/lib/python3.7/site-packages/airflow/example_dags/example_branch_labels.py
[2023-03-29T03:39:14.716+0000] {processor.py:743} INFO - Processing file /home/airflow/.local/lib/python3.7/site-packages/airflow/example_dags/example_branch_labels.py for tasks to queue
[2023-03-29T03:39:14.717+0000] {logging_mixin.py:137} INFO - [2023-03-29T03:39:14.717+0000] {dagbag.py:532} INFO - Filling up the DagBag from /home/airflow/.local/lib/python3.7/site-packages/airflow/example_dags/example_branch_labels.py
[2023-03-29T03:39:14.726+0000] {processor.py:753} INFO - DAG(s) dict_keys(['example_branch_labels']) retrieved from /home/airflow/.local/lib/python3.7/site-packages/airflow/example_dags/example_branch_labels.py
[2023-03-29T03:39:14.745+0000] {logging_mixin.py:137} INFO - [2023-03-29T03:39:14.744+0000] {dag.py:2693} INFO - Sync 1 DAGs
[2023-03-29T03:39:14.762+0000] {logging_mixin.py:137} INFO - [2023-03-29T03:39:14.762+0000] {dag.py:3444} INFO - Setting next_dagrun for example_branch_labels to 2023-03-28T00:00:00+00:00, run_after=2023-03-29T00:00:00+00:00
[2023-03-29T03:39:14.773+0000] {processor.py:175} INFO - Processing /home/airflow/.local/lib/python3.7/site-packages/airflow/example_dags/example_branch_labels.py took 0.061 seconds
[2023-03-29T03:39:45.290+0000] {processor.py:153} INFO - Started process (PID=1346) to work on /home/airflow/.local/lib/python3.7/site-packages/airflow/example_dags/example_branch_labels.py
[2023-03-29T03:39:45.291+0000] {processor.py:743} INFO - Processing file /home/airflow/.local/lib/python3.7/site-packages/airflow/example_dags/example_branch_labels.py for tasks to queue
[2023-03-29T03:39:45.292+0000] {logging_mixin.py:137} INFO - [2023-03-29T03:39:45.292+0000] {dagbag.py:532} INFO - Filling up the DagBag from /home/airflow/.local/lib/python3.7/site-packages/airflow/example_dags/example_branch_labels.py
[2023-03-29T03:39:45.302+0000] {processor.py:753} INFO - DAG(s) dict_keys(['example_branch_labels']) retrieved from /home/airflow/.local/lib/python3.7/site-packages/airflow/example_dags/example_branch_labels.py
[2023-03-29T03:39:45.325+0000] {logging_mixin.py:137} INFO - [2023-03-29T03:39:45.325+0000] {dag.py:2693} INFO - Sync 1 DAGs
[2023-03-29T03:39:45.341+0000] {logging_mixin.py:137} INFO - [2023-03-29T03:39:45.340+0000] {dag.py:3444} INFO - Setting next_dagrun for example_branch_labels to 2023-03-28T00:00:00+00:00, run_after=2023-03-29T00:00:00+00:00
[2023-03-29T03:39:45.351+0000] {processor.py:175} INFO - Processing /home/airflow/.local/lib/python3.7/site-packages/airflow/example_dags/example_branch_labels.py took 0.064 seconds
[2023-03-29T03:40:16.209+0000] {processor.py:153} INFO - Started process (PID=1395) to work on /home/airflow/.local/lib/python3.7/site-packages/airflow/example_dags/example_branch_labels.py
[2023-03-29T03:40:16.211+0000] {processor.py:743} INFO - Processing file /home/airflow/.local/lib/python3.7/site-packages/airflow/example_dags/example_branch_labels.py for tasks to queue
[2023-03-29T03:40:16.213+0000] {logging_mixin.py:137} INFO - [2023-03-29T03:40:16.212+0000] {dagbag.py:532} INFO - Filling up the DagBag from /home/airflow/.local/lib/python3.7/site-packages/airflow/example_dags/example_branch_labels.py
[2023-03-29T03:40:16.223+0000] {processor.py:753} INFO - DAG(s) dict_keys(['example_branch_labels']) retrieved from /home/airflow/.local/lib/python3.7/site-packages/airflow/example_dags/example_branch_labels.py
[2023-03-29T03:40:16.242+0000] {logging_mixin.py:137} INFO - [2023-03-29T03:40:16.242+0000] {dag.py:2693} INFO - Sync 1 DAGs
[2023-03-29T03:40:16.263+0000] {logging_mixin.py:137} INFO - [2023-03-29T03:40:16.262+0000] {dag.py:3444} INFO - Setting next_dagrun for example_branch_labels to 2023-03-28T00:00:00+00:00, run_after=2023-03-29T00:00:00+00:00
[2023-03-29T03:40:16.274+0000] {processor.py:175} INFO - Processing /home/airflow/.local/lib/python3.7/site-packages/airflow/example_dags/example_branch_labels.py took 0.066 seconds
[2023-03-29T03:40:46.939+0000] {processor.py:153} INFO - Started process (PID=1444) to work on /home/airflow/.local/lib/python3.7/site-packages/airflow/example_dags/example_branch_labels.py
[2023-03-29T03:40:46.940+0000] {processor.py:743} INFO - Processing file /home/airflow/.local/lib/python3.7/site-packages/airflow/example_dags/example_branch_labels.py for tasks to queue
[2023-03-29T03:40:46.941+0000] {logging_mixin.py:137} INFO - [2023-03-29T03:40:46.941+0000] {dagbag.py:532} INFO - Filling up the DagBag from /home/airflow/.local/lib/python3.7/site-packages/airflow/example_dags/example_branch_labels.py
[2023-03-29T03:40:46.950+0000] {processor.py:753} INFO - DAG(s) dict_keys(['example_branch_labels']) retrieved from /home/airflow/.local/lib/python3.7/site-packages/airflow/example_dags/example_branch_labels.py
[2023-03-29T03:40:46.971+0000] {logging_mixin.py:137} INFO - [2023-03-29T03:40:46.971+0000] {dag.py:2693} INFO - Sync 1 DAGs
[2023-03-29T03:40:46.989+0000] {logging_mixin.py:137} INFO - [2023-03-29T03:40:46.988+0000] {dag.py:3444} INFO - Setting next_dagrun for example_branch_labels to 2023-03-28T00:00:00+00:00, run_after=2023-03-29T00:00:00+00:00
[2023-03-29T03:40:47.000+0000] {processor.py:175} INFO - Processing /home/airflow/.local/lib/python3.7/site-packages/airflow/example_dags/example_branch_labels.py took 0.063 seconds
[2023-03-29T03:41:17.455+0000] {processor.py:153} INFO - Started process (PID=1493) to work on /home/airflow/.local/lib/python3.7/site-packages/airflow/example_dags/example_branch_labels.py
[2023-03-29T03:41:17.457+0000] {processor.py:743} INFO - Processing file /home/airflow/.local/lib/python3.7/site-packages/airflow/example_dags/example_branch_labels.py for tasks to queue
[2023-03-29T03:41:17.458+0000] {logging_mixin.py:137} INFO - [2023-03-29T03:41:17.458+0000] {dagbag.py:532} INFO - Filling up the DagBag from /home/airflow/.local/lib/python3.7/site-packages/airflow/example_dags/example_branch_labels.py
[2023-03-29T03:41:17.469+0000] {processor.py:753} INFO - DAG(s) dict_keys(['example_branch_labels']) retrieved from /home/airflow/.local/lib/python3.7/site-packages/airflow/example_dags/example_branch_labels.py
[2023-03-29T03:41:17.488+0000] {logging_mixin.py:137} INFO - [2023-03-29T03:41:17.488+0000] {dag.py:2693} INFO - Sync 1 DAGs
[2023-03-29T03:41:17.506+0000] {logging_mixin.py:137} INFO - [2023-03-29T03:41:17.506+0000] {dag.py:3444} INFO - Setting next_dagrun for example_branch_labels to 2023-03-28T00:00:00+00:00, run_after=2023-03-29T00:00:00+00:00
[2023-03-29T03:41:17.517+0000] {processor.py:175} INFO - Processing /home/airflow/.local/lib/python3.7/site-packages/airflow/example_dags/example_branch_labels.py took 0.064 seconds
[2023-03-29T03:41:48.225+0000] {processor.py:153} INFO - Started process (PID=1542) to work on /home/airflow/.local/lib/python3.7/site-packages/airflow/example_dags/example_branch_labels.py
[2023-03-29T03:41:48.227+0000] {processor.py:743} INFO - Processing file /home/airflow/.local/lib/python3.7/site-packages/airflow/example_dags/example_branch_labels.py for tasks to queue
[2023-03-29T03:41:48.229+0000] {logging_mixin.py:137} INFO - [2023-03-29T03:41:48.229+0000] {dagbag.py:532} INFO - Filling up the DagBag from /home/airflow/.local/lib/python3.7/site-packages/airflow/example_dags/example_branch_labels.py
[2023-03-29T03:41:48.239+0000] {processor.py:753} INFO - DAG(s) dict_keys(['example_branch_labels']) retrieved from /home/airflow/.local/lib/python3.7/site-packages/airflow/example_dags/example_branch_labels.py
[2023-03-29T03:41:48.257+0000] {logging_mixin.py:137} INFO - [2023-03-29T03:41:48.257+0000] {dag.py:2693} INFO - Sync 1 DAGs
[2023-03-29T03:41:48.272+0000] {logging_mixin.py:137} INFO - [2023-03-29T03:41:48.271+0000] {dag.py:3444} INFO - Setting next_dagrun for example_branch_labels to 2023-03-28T00:00:00+00:00, run_after=2023-03-29T00:00:00+00:00
[2023-03-29T03:41:48.281+0000] {processor.py:175} INFO - Processing /home/airflow/.local/lib/python3.7/site-packages/airflow/example_dags/example_branch_labels.py took 0.058 seconds
[2023-03-29T03:42:18.709+0000] {processor.py:153} INFO - Started process (PID=1593) to work on /home/airflow/.local/lib/python3.7/site-packages/airflow/example_dags/example_branch_labels.py
[2023-03-29T03:42:18.711+0000] {processor.py:743} INFO - Processing file /home/airflow/.local/lib/python3.7/site-packages/airflow/example_dags/example_branch_labels.py for tasks to queue
[2023-03-29T03:42:18.712+0000] {logging_mixin.py:137} INFO - [2023-03-29T03:42:18.712+0000] {dagbag.py:532} INFO - Filling up the DagBag from /home/airflow/.local/lib/python3.7/site-packages/airflow/example_dags/example_branch_labels.py
[2023-03-29T03:42:18.721+0000] {processor.py:753} INFO - DAG(s) dict_keys(['example_branch_labels']) retrieved from /home/airflow/.local/lib/python3.7/site-packages/airflow/example_dags/example_branch_labels.py
[2023-03-29T03:42:18.738+0000] {logging_mixin.py:137} INFO - [2023-03-29T03:42:18.738+0000] {dag.py:2693} INFO - Sync 1 DAGs
[2023-03-29T03:42:18.755+0000] {logging_mixin.py:137} INFO - [2023-03-29T03:42:18.755+0000] {dag.py:3444} INFO - Setting next_dagrun for example_branch_labels to 2023-03-28T00:00:00+00:00, run_after=2023-03-29T00:00:00+00:00
[2023-03-29T03:42:18.766+0000] {processor.py:175} INFO - Processing /home/airflow/.local/lib/python3.7/site-packages/airflow/example_dags/example_branch_labels.py took 0.060 seconds
[2023-03-29T03:42:49.320+0000] {processor.py:153} INFO - Started process (PID=1642) to work on /home/airflow/.local/lib/python3.7/site-packages/airflow/example_dags/example_branch_labels.py
[2023-03-29T03:42:49.321+0000] {processor.py:743} INFO - Processing file /home/airflow/.local/lib/python3.7/site-packages/airflow/example_dags/example_branch_labels.py for tasks to queue
[2023-03-29T03:42:49.323+0000] {logging_mixin.py:137} INFO - [2023-03-29T03:42:49.322+0000] {dagbag.py:532} INFO - Filling up the DagBag from /home/airflow/.local/lib/python3.7/site-packages/airflow/example_dags/example_branch_labels.py
[2023-03-29T03:42:49.336+0000] {processor.py:753} INFO - DAG(s) dict_keys(['example_branch_labels']) retrieved from /home/airflow/.local/lib/python3.7/site-packages/airflow/example_dags/example_branch_labels.py
[2023-03-29T03:42:49.357+0000] {logging_mixin.py:137} INFO - [2023-03-29T03:42:49.357+0000] {dag.py:2693} INFO - Sync 1 DAGs
[2023-03-29T03:42:49.374+0000] {logging_mixin.py:137} INFO - [2023-03-29T03:42:49.374+0000] {dag.py:3444} INFO - Setting next_dagrun for example_branch_labels to 2023-03-28T00:00:00+00:00, run_after=2023-03-29T00:00:00+00:00
[2023-03-29T03:42:49.384+0000] {processor.py:175} INFO - Processing /home/airflow/.local/lib/python3.7/site-packages/airflow/example_dags/example_branch_labels.py took 0.067 seconds
[2023-03-29T03:43:20.102+0000] {processor.py:153} INFO - Started process (PID=1691) to work on /home/airflow/.local/lib/python3.7/site-packages/airflow/example_dags/example_branch_labels.py
[2023-03-29T03:43:20.104+0000] {processor.py:743} INFO - Processing file /home/airflow/.local/lib/python3.7/site-packages/airflow/example_dags/example_branch_labels.py for tasks to queue
[2023-03-29T03:43:20.106+0000] {logging_mixin.py:137} INFO - [2023-03-29T03:43:20.106+0000] {dagbag.py:532} INFO - Filling up the DagBag from /home/airflow/.local/lib/python3.7/site-packages/airflow/example_dags/example_branch_labels.py
[2023-03-29T03:43:20.120+0000] {processor.py:753} INFO - DAG(s) dict_keys(['example_branch_labels']) retrieved from /home/airflow/.local/lib/python3.7/site-packages/airflow/example_dags/example_branch_labels.py
[2023-03-29T03:43:20.146+0000] {logging_mixin.py:137} INFO - [2023-03-29T03:43:20.146+0000] {dag.py:2693} INFO - Sync 1 DAGs
[2023-03-29T03:43:20.166+0000] {logging_mixin.py:137} INFO - [2023-03-29T03:43:20.166+0000] {dag.py:3444} INFO - Setting next_dagrun for example_branch_labels to 2023-03-28T00:00:00+00:00, run_after=2023-03-29T00:00:00+00:00
[2023-03-29T03:43:20.177+0000] {processor.py:175} INFO - Processing /home/airflow/.local/lib/python3.7/site-packages/airflow/example_dags/example_branch_labels.py took 0.079 seconds
[2023-03-29T03:43:50.859+0000] {processor.py:153} INFO - Started process (PID=1740) to work on /home/airflow/.local/lib/python3.7/site-packages/airflow/example_dags/example_branch_labels.py
[2023-03-29T03:43:50.862+0000] {processor.py:743} INFO - Processing file /home/airflow/.local/lib/python3.7/site-packages/airflow/example_dags/example_branch_labels.py for tasks to queue
[2023-03-29T03:43:50.864+0000] {logging_mixin.py:137} INFO - [2023-03-29T03:43:50.864+0000] {dagbag.py:532} INFO - Filling up the DagBag from /home/airflow/.local/lib/python3.7/site-packages/airflow/example_dags/example_branch_labels.py
[2023-03-29T03:43:50.874+0000] {processor.py:753} INFO - DAG(s) dict_keys(['example_branch_labels']) retrieved from /home/airflow/.local/lib/python3.7/site-packages/airflow/example_dags/example_branch_labels.py
[2023-03-29T03:43:50.894+0000] {logging_mixin.py:137} INFO - [2023-03-29T03:43:50.894+0000] {dag.py:2693} INFO - Sync 1 DAGs
[2023-03-29T03:43:50.934+0000] {logging_mixin.py:137} INFO - [2023-03-29T03:43:50.934+0000] {dag.py:3444} INFO - Setting next_dagrun for example_branch_labels to 2023-03-28T00:00:00+00:00, run_after=2023-03-29T00:00:00+00:00
[2023-03-29T03:43:50.960+0000] {processor.py:175} INFO - Processing /home/airflow/.local/lib/python3.7/site-packages/airflow/example_dags/example_branch_labels.py took 0.104 seconds
[2023-03-29T03:44:22.172+0000] {processor.py:153} INFO - Started process (PID=1796) to work on /home/airflow/.local/lib/python3.7/site-packages/airflow/example_dags/example_branch_labels.py
[2023-03-29T03:44:22.176+0000] {processor.py:743} INFO - Processing file /home/airflow/.local/lib/python3.7/site-packages/airflow/example_dags/example_branch_labels.py for tasks to queue
[2023-03-29T03:44:22.177+0000] {logging_mixin.py:137} INFO - [2023-03-29T03:44:22.177+0000] {dagbag.py:532} INFO - Filling up the DagBag from /home/airflow/.local/lib/python3.7/site-packages/airflow/example_dags/example_branch_labels.py
[2023-03-29T03:44:22.196+0000] {processor.py:753} INFO - DAG(s) dict_keys(['example_branch_labels']) retrieved from /home/airflow/.local/lib/python3.7/site-packages/airflow/example_dags/example_branch_labels.py
[2023-03-29T03:44:22.218+0000] {logging_mixin.py:137} INFO - [2023-03-29T03:44:22.218+0000] {dag.py:2693} INFO - Sync 1 DAGs
[2023-03-29T03:44:22.236+0000] {logging_mixin.py:137} INFO - [2023-03-29T03:44:22.236+0000] {dag.py:3444} INFO - Setting next_dagrun for example_branch_labels to 2023-03-28T00:00:00+00:00, run_after=2023-03-29T00:00:00+00:00
[2023-03-29T03:44:22.254+0000] {processor.py:175} INFO - Processing /home/airflow/.local/lib/python3.7/site-packages/airflow/example_dags/example_branch_labels.py took 0.084 seconds
[2023-03-29T03:44:53.146+0000] {processor.py:153} INFO - Started process (PID=1845) to work on /home/airflow/.local/lib/python3.7/site-packages/airflow/example_dags/example_branch_labels.py
[2023-03-29T03:44:53.148+0000] {processor.py:743} INFO - Processing file /home/airflow/.local/lib/python3.7/site-packages/airflow/example_dags/example_branch_labels.py for tasks to queue
[2023-03-29T03:44:53.150+0000] {logging_mixin.py:137} INFO - [2023-03-29T03:44:53.150+0000] {dagbag.py:532} INFO - Filling up the DagBag from /home/airflow/.local/lib/python3.7/site-packages/airflow/example_dags/example_branch_labels.py
[2023-03-29T03:44:53.161+0000] {processor.py:753} INFO - DAG(s) dict_keys(['example_branch_labels']) retrieved from /home/airflow/.local/lib/python3.7/site-packages/airflow/example_dags/example_branch_labels.py
[2023-03-29T03:44:53.189+0000] {logging_mixin.py:137} INFO - [2023-03-29T03:44:53.189+0000] {dag.py:2693} INFO - Sync 1 DAGs
[2023-03-29T03:44:53.213+0000] {logging_mixin.py:137} INFO - [2023-03-29T03:44:53.213+0000] {dag.py:3444} INFO - Setting next_dagrun for example_branch_labels to 2023-03-28T00:00:00+00:00, run_after=2023-03-29T00:00:00+00:00
[2023-03-29T03:44:53.229+0000] {processor.py:175} INFO - Processing /home/airflow/.local/lib/python3.7/site-packages/airflow/example_dags/example_branch_labels.py took 0.086 seconds
[2023-03-29T03:45:23.359+0000] {processor.py:153} INFO - Started process (PID=1894) to work on /home/airflow/.local/lib/python3.7/site-packages/airflow/example_dags/example_branch_labels.py
[2023-03-29T03:45:23.362+0000] {processor.py:743} INFO - Processing file /home/airflow/.local/lib/python3.7/site-packages/airflow/example_dags/example_branch_labels.py for tasks to queue
[2023-03-29T03:45:23.363+0000] {logging_mixin.py:137} INFO - [2023-03-29T03:45:23.363+0000] {dagbag.py:532} INFO - Filling up the DagBag from /home/airflow/.local/lib/python3.7/site-packages/airflow/example_dags/example_branch_labels.py
[2023-03-29T03:45:23.378+0000] {processor.py:753} INFO - DAG(s) dict_keys(['example_branch_labels']) retrieved from /home/airflow/.local/lib/python3.7/site-packages/airflow/example_dags/example_branch_labels.py
[2023-03-29T03:45:23.415+0000] {logging_mixin.py:137} INFO - [2023-03-29T03:45:23.415+0000] {dag.py:2693} INFO - Sync 1 DAGs
[2023-03-29T03:45:23.450+0000] {logging_mixin.py:137} INFO - [2023-03-29T03:45:23.450+0000] {dag.py:3444} INFO - Setting next_dagrun for example_branch_labels to 2023-03-28T00:00:00+00:00, run_after=2023-03-29T00:00:00+00:00
[2023-03-29T03:45:23.472+0000] {processor.py:175} INFO - Processing /home/airflow/.local/lib/python3.7/site-packages/airflow/example_dags/example_branch_labels.py took 0.117 seconds
[2023-03-29T03:45:54.372+0000] {processor.py:153} INFO - Started process (PID=1944) to work on /home/airflow/.local/lib/python3.7/site-packages/airflow/example_dags/example_branch_labels.py
[2023-03-29T03:45:54.373+0000] {processor.py:743} INFO - Processing file /home/airflow/.local/lib/python3.7/site-packages/airflow/example_dags/example_branch_labels.py for tasks to queue
[2023-03-29T03:45:54.374+0000] {logging_mixin.py:137} INFO - [2023-03-29T03:45:54.374+0000] {dagbag.py:532} INFO - Filling up the DagBag from /home/airflow/.local/lib/python3.7/site-packages/airflow/example_dags/example_branch_labels.py
[2023-03-29T03:45:54.384+0000] {processor.py:753} INFO - DAG(s) dict_keys(['example_branch_labels']) retrieved from /home/airflow/.local/lib/python3.7/site-packages/airflow/example_dags/example_branch_labels.py
[2023-03-29T03:45:54.403+0000] {logging_mixin.py:137} INFO - [2023-03-29T03:45:54.403+0000] {dag.py:2693} INFO - Sync 1 DAGs
[2023-03-29T03:45:54.421+0000] {logging_mixin.py:137} INFO - [2023-03-29T03:45:54.421+0000] {dag.py:3444} INFO - Setting next_dagrun for example_branch_labels to 2023-03-28T00:00:00+00:00, run_after=2023-03-29T00:00:00+00:00
[2023-03-29T03:45:54.436+0000] {processor.py:175} INFO - Processing /home/airflow/.local/lib/python3.7/site-packages/airflow/example_dags/example_branch_labels.py took 0.067 seconds
[2023-03-29T03:46:25.199+0000] {processor.py:153} INFO - Started process (PID=1993) to work on /home/airflow/.local/lib/python3.7/site-packages/airflow/example_dags/example_branch_labels.py
[2023-03-29T03:46:25.200+0000] {processor.py:743} INFO - Processing file /home/airflow/.local/lib/python3.7/site-packages/airflow/example_dags/example_branch_labels.py for tasks to queue
[2023-03-29T03:46:25.202+0000] {logging_mixin.py:137} INFO - [2023-03-29T03:46:25.202+0000] {dagbag.py:532} INFO - Filling up the DagBag from /home/airflow/.local/lib/python3.7/site-packages/airflow/example_dags/example_branch_labels.py
[2023-03-29T03:46:25.211+0000] {processor.py:753} INFO - DAG(s) dict_keys(['example_branch_labels']) retrieved from /home/airflow/.local/lib/python3.7/site-packages/airflow/example_dags/example_branch_labels.py
[2023-03-29T03:46:25.235+0000] {logging_mixin.py:137} INFO - [2023-03-29T03:46:25.235+0000] {dag.py:2693} INFO - Sync 1 DAGs
[2023-03-29T03:46:25.257+0000] {logging_mixin.py:137} INFO - [2023-03-29T03:46:25.257+0000] {dag.py:3444} INFO - Setting next_dagrun for example_branch_labels to 2023-03-28T00:00:00+00:00, run_after=2023-03-29T00:00:00+00:00
[2023-03-29T03:46:25.270+0000] {processor.py:175} INFO - Processing /home/airflow/.local/lib/python3.7/site-packages/airflow/example_dags/example_branch_labels.py took 0.074 seconds
[2023-03-29T03:46:55.676+0000] {processor.py:153} INFO - Started process (PID=2043) to work on /home/airflow/.local/lib/python3.7/site-packages/airflow/example_dags/example_branch_labels.py
[2023-03-29T03:46:55.677+0000] {processor.py:743} INFO - Processing file /home/airflow/.local/lib/python3.7/site-packages/airflow/example_dags/example_branch_labels.py for tasks to queue
[2023-03-29T03:46:55.678+0000] {logging_mixin.py:137} INFO - [2023-03-29T03:46:55.678+0000] {dagbag.py:532} INFO - Filling up the DagBag from /home/airflow/.local/lib/python3.7/site-packages/airflow/example_dags/example_branch_labels.py
[2023-03-29T03:46:55.689+0000] {processor.py:753} INFO - DAG(s) dict_keys(['example_branch_labels']) retrieved from /home/airflow/.local/lib/python3.7/site-packages/airflow/example_dags/example_branch_labels.py
[2023-03-29T03:46:55.708+0000] {logging_mixin.py:137} INFO - [2023-03-29T03:46:55.708+0000] {dag.py:2693} INFO - Sync 1 DAGs
[2023-03-29T03:46:55.726+0000] {logging_mixin.py:137} INFO - [2023-03-29T03:46:55.726+0000] {dag.py:3444} INFO - Setting next_dagrun for example_branch_labels to 2023-03-28T00:00:00+00:00, run_after=2023-03-29T00:00:00+00:00
[2023-03-29T03:46:55.739+0000] {processor.py:175} INFO - Processing /home/airflow/.local/lib/python3.7/site-packages/airflow/example_dags/example_branch_labels.py took 0.065 seconds
[2023-03-29T03:47:26.438+0000] {processor.py:153} INFO - Started process (PID=2093) to work on /home/airflow/.local/lib/python3.7/site-packages/airflow/example_dags/example_branch_labels.py
[2023-03-29T03:47:26.440+0000] {processor.py:743} INFO - Processing file /home/airflow/.local/lib/python3.7/site-packages/airflow/example_dags/example_branch_labels.py for tasks to queue
[2023-03-29T03:47:26.441+0000] {logging_mixin.py:137} INFO - [2023-03-29T03:47:26.441+0000] {dagbag.py:532} INFO - Filling up the DagBag from /home/airflow/.local/lib/python3.7/site-packages/airflow/example_dags/example_branch_labels.py
[2023-03-29T03:47:26.452+0000] {processor.py:753} INFO - DAG(s) dict_keys(['example_branch_labels']) retrieved from /home/airflow/.local/lib/python3.7/site-packages/airflow/example_dags/example_branch_labels.py
[2023-03-29T03:47:26.475+0000] {logging_mixin.py:137} INFO - [2023-03-29T03:47:26.475+0000] {dag.py:2693} INFO - Sync 1 DAGs
[2023-03-29T03:47:26.491+0000] {logging_mixin.py:137} INFO - [2023-03-29T03:47:26.491+0000] {dag.py:3444} INFO - Setting next_dagrun for example_branch_labels to 2023-03-28T00:00:00+00:00, run_after=2023-03-29T00:00:00+00:00
[2023-03-29T03:47:26.505+0000] {processor.py:175} INFO - Processing /home/airflow/.local/lib/python3.7/site-packages/airflow/example_dags/example_branch_labels.py took 0.069 seconds
