[2023-03-29T03:26:28.768+0000] {processor.py:153} INFO - Started process (PID=70) to work on /home/airflow/.local/lib/python3.7/site-packages/airflow/example_dags/example_branch_operator.py
[2023-03-29T03:26:28.769+0000] {processor.py:743} INFO - Processing file /home/airflow/.local/lib/python3.7/site-packages/airflow/example_dags/example_branch_operator.py for tasks to queue
[2023-03-29T03:26:28.771+0000] {logging_mixin.py:137} INFO - [2023-03-29T03:26:28.771+0000] {dagbag.py:532} INFO - Filling up the DagBag from /home/airflow/.local/lib/python3.7/site-packages/airflow/example_dags/example_branch_operator.py
[2023-03-29T03:26:28.788+0000] {processor.py:753} INFO - DAG(s) dict_keys(['example_branch_operator']) retrieved from /home/airflow/.local/lib/python3.7/site-packages/airflow/example_dags/example_branch_operator.py
[2023-03-29T03:26:28.799+0000] {logging_mixin.py:137} INFO - [2023-03-29T03:26:28.799+0000] {dag.py:2693} INFO - Sync 1 DAGs
[2023-03-29T03:26:28.821+0000] {logging_mixin.py:137} INFO - [2023-03-29T03:26:28.821+0000] {dag.py:3444} INFO - Setting next_dagrun for example_branch_operator to 2023-03-28T00:00:00+00:00, run_after=2023-03-29T00:00:00+00:00
[2023-03-29T03:26:28.839+0000] {processor.py:175} INFO - Processing /home/airflow/.local/lib/python3.7/site-packages/airflow/example_dags/example_branch_operator.py took 0.077 seconds
[2023-03-29T03:26:59.356+0000] {processor.py:153} INFO - Started process (PID=119) to work on /home/airflow/.local/lib/python3.7/site-packages/airflow/example_dags/example_branch_operator.py
[2023-03-29T03:26:59.358+0000] {processor.py:743} INFO - Processing file /home/airflow/.local/lib/python3.7/site-packages/airflow/example_dags/example_branch_operator.py for tasks to queue
[2023-03-29T03:26:59.359+0000] {logging_mixin.py:137} INFO - [2023-03-29T03:26:59.359+0000] {dagbag.py:532} INFO - Filling up the DagBag from /home/airflow/.local/lib/python3.7/site-packages/airflow/example_dags/example_branch_operator.py
[2023-03-29T03:26:59.370+0000] {processor.py:753} INFO - DAG(s) dict_keys(['example_branch_operator']) retrieved from /home/airflow/.local/lib/python3.7/site-packages/airflow/example_dags/example_branch_operator.py
[2023-03-29T03:26:59.388+0000] {logging_mixin.py:137} INFO - [2023-03-29T03:26:59.388+0000] {dag.py:2693} INFO - Sync 1 DAGs
[2023-03-29T03:26:59.408+0000] {logging_mixin.py:137} INFO - [2023-03-29T03:26:59.408+0000] {dag.py:3444} INFO - Setting next_dagrun for example_branch_operator to 2023-03-28T00:00:00+00:00, run_after=2023-03-29T00:00:00+00:00
[2023-03-29T03:26:59.420+0000] {processor.py:175} INFO - Processing /home/airflow/.local/lib/python3.7/site-packages/airflow/example_dags/example_branch_operator.py took 0.066 seconds
[2023-03-29T03:27:30.111+0000] {processor.py:153} INFO - Started process (PID=168) to work on /home/airflow/.local/lib/python3.7/site-packages/airflow/example_dags/example_branch_operator.py
[2023-03-29T03:27:30.114+0000] {processor.py:743} INFO - Processing file /home/airflow/.local/lib/python3.7/site-packages/airflow/example_dags/example_branch_operator.py for tasks to queue
[2023-03-29T03:27:30.116+0000] {logging_mixin.py:137} INFO - [2023-03-29T03:27:30.116+0000] {dagbag.py:532} INFO - Filling up the DagBag from /home/airflow/.local/lib/python3.7/site-packages/airflow/example_dags/example_branch_operator.py
[2023-03-29T03:27:30.131+0000] {processor.py:753} INFO - DAG(s) dict_keys(['example_branch_operator']) retrieved from /home/airflow/.local/lib/python3.7/site-packages/airflow/example_dags/example_branch_operator.py
[2023-03-29T03:27:30.157+0000] {logging_mixin.py:137} INFO - [2023-03-29T03:27:30.157+0000] {dag.py:2693} INFO - Sync 1 DAGs
[2023-03-29T03:27:30.179+0000] {logging_mixin.py:137} INFO - [2023-03-29T03:27:30.178+0000] {dag.py:3444} INFO - Setting next_dagrun for example_branch_operator to 2023-03-28T00:00:00+00:00, run_after=2023-03-29T00:00:00+00:00
[2023-03-29T03:27:30.195+0000] {processor.py:175} INFO - Processing /home/airflow/.local/lib/python3.7/site-packages/airflow/example_dags/example_branch_operator.py took 0.088 seconds
[2023-03-29T03:28:00.592+0000] {processor.py:153} INFO - Started process (PID=217) to work on /home/airflow/.local/lib/python3.7/site-packages/airflow/example_dags/example_branch_operator.py
[2023-03-29T03:28:00.594+0000] {processor.py:743} INFO - Processing file /home/airflow/.local/lib/python3.7/site-packages/airflow/example_dags/example_branch_operator.py for tasks to queue
[2023-03-29T03:28:00.595+0000] {logging_mixin.py:137} INFO - [2023-03-29T03:28:00.594+0000] {dagbag.py:532} INFO - Filling up the DagBag from /home/airflow/.local/lib/python3.7/site-packages/airflow/example_dags/example_branch_operator.py
[2023-03-29T03:28:00.607+0000] {processor.py:753} INFO - DAG(s) dict_keys(['example_branch_operator']) retrieved from /home/airflow/.local/lib/python3.7/site-packages/airflow/example_dags/example_branch_operator.py
[2023-03-29T03:28:00.625+0000] {logging_mixin.py:137} INFO - [2023-03-29T03:28:00.625+0000] {dag.py:2693} INFO - Sync 1 DAGs
[2023-03-29T03:28:00.643+0000] {logging_mixin.py:137} INFO - [2023-03-29T03:28:00.643+0000] {dag.py:3444} INFO - Setting next_dagrun for example_branch_operator to 2023-03-28T00:00:00+00:00, run_after=2023-03-29T00:00:00+00:00
[2023-03-29T03:28:00.657+0000] {processor.py:175} INFO - Processing /home/airflow/.local/lib/python3.7/site-packages/airflow/example_dags/example_branch_operator.py took 0.067 seconds
[2023-03-29T03:28:31.113+0000] {processor.py:153} INFO - Started process (PID=266) to work on /home/airflow/.local/lib/python3.7/site-packages/airflow/example_dags/example_branch_operator.py
[2023-03-29T03:28:31.115+0000] {processor.py:743} INFO - Processing file /home/airflow/.local/lib/python3.7/site-packages/airflow/example_dags/example_branch_operator.py for tasks to queue
[2023-03-29T03:28:31.116+0000] {logging_mixin.py:137} INFO - [2023-03-29T03:28:31.116+0000] {dagbag.py:532} INFO - Filling up the DagBag from /home/airflow/.local/lib/python3.7/site-packages/airflow/example_dags/example_branch_operator.py
[2023-03-29T03:28:31.128+0000] {processor.py:753} INFO - DAG(s) dict_keys(['example_branch_operator']) retrieved from /home/airflow/.local/lib/python3.7/site-packages/airflow/example_dags/example_branch_operator.py
[2023-03-29T03:28:31.150+0000] {logging_mixin.py:137} INFO - [2023-03-29T03:28:31.150+0000] {dag.py:2693} INFO - Sync 1 DAGs
[2023-03-29T03:28:31.173+0000] {logging_mixin.py:137} INFO - [2023-03-29T03:28:31.173+0000] {dag.py:3444} INFO - Setting next_dagrun for example_branch_operator to 2023-03-28T00:00:00+00:00, run_after=2023-03-29T00:00:00+00:00
[2023-03-29T03:28:31.189+0000] {processor.py:175} INFO - Processing /home/airflow/.local/lib/python3.7/site-packages/airflow/example_dags/example_branch_operator.py took 0.079 seconds
[2023-03-29T03:29:01.624+0000] {processor.py:153} INFO - Started process (PID=315) to work on /home/airflow/.local/lib/python3.7/site-packages/airflow/example_dags/example_branch_operator.py
[2023-03-29T03:29:01.626+0000] {processor.py:743} INFO - Processing file /home/airflow/.local/lib/python3.7/site-packages/airflow/example_dags/example_branch_operator.py for tasks to queue
[2023-03-29T03:29:01.627+0000] {logging_mixin.py:137} INFO - [2023-03-29T03:29:01.627+0000] {dagbag.py:532} INFO - Filling up the DagBag from /home/airflow/.local/lib/python3.7/site-packages/airflow/example_dags/example_branch_operator.py
[2023-03-29T03:29:01.638+0000] {processor.py:753} INFO - DAG(s) dict_keys(['example_branch_operator']) retrieved from /home/airflow/.local/lib/python3.7/site-packages/airflow/example_dags/example_branch_operator.py
[2023-03-29T03:29:01.657+0000] {logging_mixin.py:137} INFO - [2023-03-29T03:29:01.657+0000] {dag.py:2693} INFO - Sync 1 DAGs
[2023-03-29T03:29:01.677+0000] {logging_mixin.py:137} INFO - [2023-03-29T03:29:01.677+0000] {dag.py:3444} INFO - Setting next_dagrun for example_branch_operator to 2023-03-28T00:00:00+00:00, run_after=2023-03-29T00:00:00+00:00
[2023-03-29T03:29:01.690+0000] {processor.py:175} INFO - Processing /home/airflow/.local/lib/python3.7/site-packages/airflow/example_dags/example_branch_operator.py took 0.068 seconds
[2023-03-29T03:29:32.306+0000] {processor.py:153} INFO - Started process (PID=364) to work on /home/airflow/.local/lib/python3.7/site-packages/airflow/example_dags/example_branch_operator.py
[2023-03-29T03:29:32.307+0000] {processor.py:743} INFO - Processing file /home/airflow/.local/lib/python3.7/site-packages/airflow/example_dags/example_branch_operator.py for tasks to queue
[2023-03-29T03:29:32.308+0000] {logging_mixin.py:137} INFO - [2023-03-29T03:29:32.308+0000] {dagbag.py:532} INFO - Filling up the DagBag from /home/airflow/.local/lib/python3.7/site-packages/airflow/example_dags/example_branch_operator.py
[2023-03-29T03:29:32.322+0000] {processor.py:753} INFO - DAG(s) dict_keys(['example_branch_operator']) retrieved from /home/airflow/.local/lib/python3.7/site-packages/airflow/example_dags/example_branch_operator.py
[2023-03-29T03:29:32.342+0000] {logging_mixin.py:137} INFO - [2023-03-29T03:29:32.342+0000] {dag.py:2693} INFO - Sync 1 DAGs
[2023-03-29T03:29:32.360+0000] {logging_mixin.py:137} INFO - [2023-03-29T03:29:32.360+0000] {dag.py:3444} INFO - Setting next_dagrun for example_branch_operator to 2023-03-28T00:00:00+00:00, run_after=2023-03-29T00:00:00+00:00
[2023-03-29T03:29:32.372+0000] {processor.py:175} INFO - Processing /home/airflow/.local/lib/python3.7/site-packages/airflow/example_dags/example_branch_operator.py took 0.068 seconds
[2023-03-29T03:30:02.516+0000] {processor.py:153} INFO - Started process (PID=413) to work on /home/airflow/.local/lib/python3.7/site-packages/airflow/example_dags/example_branch_operator.py
[2023-03-29T03:30:02.519+0000] {processor.py:743} INFO - Processing file /home/airflow/.local/lib/python3.7/site-packages/airflow/example_dags/example_branch_operator.py for tasks to queue
[2023-03-29T03:30:02.520+0000] {logging_mixin.py:137} INFO - [2023-03-29T03:30:02.520+0000] {dagbag.py:532} INFO - Filling up the DagBag from /home/airflow/.local/lib/python3.7/site-packages/airflow/example_dags/example_branch_operator.py
[2023-03-29T03:30:02.532+0000] {processor.py:753} INFO - DAG(s) dict_keys(['example_branch_operator']) retrieved from /home/airflow/.local/lib/python3.7/site-packages/airflow/example_dags/example_branch_operator.py
[2023-03-29T03:30:02.554+0000] {logging_mixin.py:137} INFO - [2023-03-29T03:30:02.554+0000] {dag.py:2693} INFO - Sync 1 DAGs
[2023-03-29T03:30:02.574+0000] {logging_mixin.py:137} INFO - [2023-03-29T03:30:02.574+0000] {dag.py:3444} INFO - Setting next_dagrun for example_branch_operator to 2023-03-28T00:00:00+00:00, run_after=2023-03-29T00:00:00+00:00
[2023-03-29T03:30:02.587+0000] {processor.py:175} INFO - Processing /home/airflow/.local/lib/python3.7/site-packages/airflow/example_dags/example_branch_operator.py took 0.074 seconds
[2023-03-29T03:30:33.606+0000] {processor.py:153} INFO - Started process (PID=462) to work on /home/airflow/.local/lib/python3.7/site-packages/airflow/example_dags/example_branch_operator.py
[2023-03-29T03:30:33.608+0000] {processor.py:743} INFO - Processing file /home/airflow/.local/lib/python3.7/site-packages/airflow/example_dags/example_branch_operator.py for tasks to queue
[2023-03-29T03:30:33.609+0000] {logging_mixin.py:137} INFO - [2023-03-29T03:30:33.609+0000] {dagbag.py:532} INFO - Filling up the DagBag from /home/airflow/.local/lib/python3.7/site-packages/airflow/example_dags/example_branch_operator.py
[2023-03-29T03:30:33.624+0000] {processor.py:753} INFO - DAG(s) dict_keys(['example_branch_operator']) retrieved from /home/airflow/.local/lib/python3.7/site-packages/airflow/example_dags/example_branch_operator.py
[2023-03-29T03:30:33.647+0000] {logging_mixin.py:137} INFO - [2023-03-29T03:30:33.646+0000] {dag.py:2693} INFO - Sync 1 DAGs
[2023-03-29T03:30:33.674+0000] {logging_mixin.py:137} INFO - [2023-03-29T03:30:33.674+0000] {dag.py:3444} INFO - Setting next_dagrun for example_branch_operator to 2023-03-28T00:00:00+00:00, run_after=2023-03-29T00:00:00+00:00
[2023-03-29T03:30:33.690+0000] {processor.py:175} INFO - Processing /home/airflow/.local/lib/python3.7/site-packages/airflow/example_dags/example_branch_operator.py took 0.088 seconds
[2023-03-29T03:31:04.351+0000] {processor.py:153} INFO - Started process (PID=511) to work on /home/airflow/.local/lib/python3.7/site-packages/airflow/example_dags/example_branch_operator.py
[2023-03-29T03:31:04.354+0000] {processor.py:743} INFO - Processing file /home/airflow/.local/lib/python3.7/site-packages/airflow/example_dags/example_branch_operator.py for tasks to queue
[2023-03-29T03:31:04.356+0000] {logging_mixin.py:137} INFO - [2023-03-29T03:31:04.356+0000] {dagbag.py:532} INFO - Filling up the DagBag from /home/airflow/.local/lib/python3.7/site-packages/airflow/example_dags/example_branch_operator.py
[2023-03-29T03:31:04.379+0000] {processor.py:753} INFO - DAG(s) dict_keys(['example_branch_operator']) retrieved from /home/airflow/.local/lib/python3.7/site-packages/airflow/example_dags/example_branch_operator.py
[2023-03-29T03:31:04.415+0000] {logging_mixin.py:137} INFO - [2023-03-29T03:31:04.415+0000] {dag.py:2693} INFO - Sync 1 DAGs
[2023-03-29T03:31:04.447+0000] {logging_mixin.py:137} INFO - [2023-03-29T03:31:04.447+0000] {dag.py:3444} INFO - Setting next_dagrun for example_branch_operator to 2023-03-28T00:00:00+00:00, run_after=2023-03-29T00:00:00+00:00
[2023-03-29T03:31:04.477+0000] {processor.py:175} INFO - Processing /home/airflow/.local/lib/python3.7/site-packages/airflow/example_dags/example_branch_operator.py took 0.130 seconds
[2023-03-29T03:31:35.389+0000] {processor.py:153} INFO - Started process (PID=560) to work on /home/airflow/.local/lib/python3.7/site-packages/airflow/example_dags/example_branch_operator.py
[2023-03-29T03:31:35.392+0000] {processor.py:743} INFO - Processing file /home/airflow/.local/lib/python3.7/site-packages/airflow/example_dags/example_branch_operator.py for tasks to queue
[2023-03-29T03:31:35.393+0000] {logging_mixin.py:137} INFO - [2023-03-29T03:31:35.393+0000] {dagbag.py:532} INFO - Filling up the DagBag from /home/airflow/.local/lib/python3.7/site-packages/airflow/example_dags/example_branch_operator.py
[2023-03-29T03:31:35.417+0000] {processor.py:753} INFO - DAG(s) dict_keys(['example_branch_operator']) retrieved from /home/airflow/.local/lib/python3.7/site-packages/airflow/example_dags/example_branch_operator.py
[2023-03-29T03:31:35.454+0000] {logging_mixin.py:137} INFO - [2023-03-29T03:31:35.454+0000] {dag.py:2693} INFO - Sync 1 DAGs
[2023-03-29T03:31:35.487+0000] {logging_mixin.py:137} INFO - [2023-03-29T03:31:35.486+0000] {dag.py:3444} INFO - Setting next_dagrun for example_branch_operator to 2023-03-28T00:00:00+00:00, run_after=2023-03-29T00:00:00+00:00
[2023-03-29T03:31:35.506+0000] {processor.py:175} INFO - Processing /home/airflow/.local/lib/python3.7/site-packages/airflow/example_dags/example_branch_operator.py took 0.121 seconds
[2023-03-29T03:32:06.046+0000] {processor.py:153} INFO - Started process (PID=609) to work on /home/airflow/.local/lib/python3.7/site-packages/airflow/example_dags/example_branch_operator.py
[2023-03-29T03:32:06.049+0000] {processor.py:743} INFO - Processing file /home/airflow/.local/lib/python3.7/site-packages/airflow/example_dags/example_branch_operator.py for tasks to queue
[2023-03-29T03:32:06.051+0000] {logging_mixin.py:137} INFO - [2023-03-29T03:32:06.051+0000] {dagbag.py:532} INFO - Filling up the DagBag from /home/airflow/.local/lib/python3.7/site-packages/airflow/example_dags/example_branch_operator.py
[2023-03-29T03:32:06.068+0000] {processor.py:753} INFO - DAG(s) dict_keys(['example_branch_operator']) retrieved from /home/airflow/.local/lib/python3.7/site-packages/airflow/example_dags/example_branch_operator.py
[2023-03-29T03:32:06.113+0000] {logging_mixin.py:137} INFO - [2023-03-29T03:32:06.113+0000] {dag.py:2693} INFO - Sync 1 DAGs
[2023-03-29T03:32:06.141+0000] {logging_mixin.py:137} INFO - [2023-03-29T03:32:06.141+0000] {dag.py:3444} INFO - Setting next_dagrun for example_branch_operator to 2023-03-28T00:00:00+00:00, run_after=2023-03-29T00:00:00+00:00
[2023-03-29T03:32:06.159+0000] {processor.py:175} INFO - Processing /home/airflow/.local/lib/python3.7/site-packages/airflow/example_dags/example_branch_operator.py took 0.118 seconds
[2023-03-29T03:32:37.097+0000] {processor.py:153} INFO - Started process (PID=659) to work on /home/airflow/.local/lib/python3.7/site-packages/airflow/example_dags/example_branch_operator.py
[2023-03-29T03:32:37.100+0000] {processor.py:743} INFO - Processing file /home/airflow/.local/lib/python3.7/site-packages/airflow/example_dags/example_branch_operator.py for tasks to queue
[2023-03-29T03:32:37.102+0000] {logging_mixin.py:137} INFO - [2023-03-29T03:32:37.102+0000] {dagbag.py:532} INFO - Filling up the DagBag from /home/airflow/.local/lib/python3.7/site-packages/airflow/example_dags/example_branch_operator.py
[2023-03-29T03:32:37.125+0000] {processor.py:753} INFO - DAG(s) dict_keys(['example_branch_operator']) retrieved from /home/airflow/.local/lib/python3.7/site-packages/airflow/example_dags/example_branch_operator.py
[2023-03-29T03:32:37.181+0000] {logging_mixin.py:137} INFO - [2023-03-29T03:32:37.181+0000] {dag.py:2693} INFO - Sync 1 DAGs
[2023-03-29T03:32:37.211+0000] {logging_mixin.py:137} INFO - [2023-03-29T03:32:37.211+0000] {dag.py:3444} INFO - Setting next_dagrun for example_branch_operator to 2023-03-28T00:00:00+00:00, run_after=2023-03-29T00:00:00+00:00
[2023-03-29T03:32:37.235+0000] {processor.py:175} INFO - Processing /home/airflow/.local/lib/python3.7/site-packages/airflow/example_dags/example_branch_operator.py took 0.145 seconds
[2023-03-29T03:33:07.768+0000] {processor.py:153} INFO - Started process (PID=708) to work on /home/airflow/.local/lib/python3.7/site-packages/airflow/example_dags/example_branch_operator.py
[2023-03-29T03:33:07.772+0000] {processor.py:743} INFO - Processing file /home/airflow/.local/lib/python3.7/site-packages/airflow/example_dags/example_branch_operator.py for tasks to queue
[2023-03-29T03:33:07.773+0000] {logging_mixin.py:137} INFO - [2023-03-29T03:33:07.773+0000] {dagbag.py:532} INFO - Filling up the DagBag from /home/airflow/.local/lib/python3.7/site-packages/airflow/example_dags/example_branch_operator.py
[2023-03-29T03:33:07.807+0000] {processor.py:753} INFO - DAG(s) dict_keys(['example_branch_operator']) retrieved from /home/airflow/.local/lib/python3.7/site-packages/airflow/example_dags/example_branch_operator.py
[2023-03-29T03:33:07.868+0000] {logging_mixin.py:137} INFO - [2023-03-29T03:33:07.868+0000] {dag.py:2693} INFO - Sync 1 DAGs
[2023-03-29T03:33:07.896+0000] {logging_mixin.py:137} INFO - [2023-03-29T03:33:07.896+0000] {dag.py:3444} INFO - Setting next_dagrun for example_branch_operator to 2023-03-28T00:00:00+00:00, run_after=2023-03-29T00:00:00+00:00
[2023-03-29T03:33:07.914+0000] {processor.py:175} INFO - Processing /home/airflow/.local/lib/python3.7/site-packages/airflow/example_dags/example_branch_operator.py took 0.151 seconds
[2023-03-29T03:33:38.679+0000] {processor.py:153} INFO - Started process (PID=757) to work on /home/airflow/.local/lib/python3.7/site-packages/airflow/example_dags/example_branch_operator.py
[2023-03-29T03:33:38.682+0000] {processor.py:743} INFO - Processing file /home/airflow/.local/lib/python3.7/site-packages/airflow/example_dags/example_branch_operator.py for tasks to queue
[2023-03-29T03:33:38.684+0000] {logging_mixin.py:137} INFO - [2023-03-29T03:33:38.684+0000] {dagbag.py:532} INFO - Filling up the DagBag from /home/airflow/.local/lib/python3.7/site-packages/airflow/example_dags/example_branch_operator.py
[2023-03-29T03:33:38.703+0000] {processor.py:753} INFO - DAG(s) dict_keys(['example_branch_operator']) retrieved from /home/airflow/.local/lib/python3.7/site-packages/airflow/example_dags/example_branch_operator.py
[2023-03-29T03:33:38.737+0000] {logging_mixin.py:137} INFO - [2023-03-29T03:33:38.737+0000] {dag.py:2693} INFO - Sync 1 DAGs
[2023-03-29T03:33:38.766+0000] {logging_mixin.py:137} INFO - [2023-03-29T03:33:38.766+0000] {dag.py:3444} INFO - Setting next_dagrun for example_branch_operator to 2023-03-28T00:00:00+00:00, run_after=2023-03-29T00:00:00+00:00
[2023-03-29T03:33:38.792+0000] {processor.py:175} INFO - Processing /home/airflow/.local/lib/python3.7/site-packages/airflow/example_dags/example_branch_operator.py took 0.118 seconds
[2023-03-29T03:34:09.345+0000] {processor.py:153} INFO - Started process (PID=806) to work on /home/airflow/.local/lib/python3.7/site-packages/airflow/example_dags/example_branch_operator.py
[2023-03-29T03:34:09.347+0000] {processor.py:743} INFO - Processing file /home/airflow/.local/lib/python3.7/site-packages/airflow/example_dags/example_branch_operator.py for tasks to queue
[2023-03-29T03:34:09.348+0000] {logging_mixin.py:137} INFO - [2023-03-29T03:34:09.348+0000] {dagbag.py:532} INFO - Filling up the DagBag from /home/airflow/.local/lib/python3.7/site-packages/airflow/example_dags/example_branch_operator.py
[2023-03-29T03:34:09.362+0000] {processor.py:753} INFO - DAG(s) dict_keys(['example_branch_operator']) retrieved from /home/airflow/.local/lib/python3.7/site-packages/airflow/example_dags/example_branch_operator.py
[2023-03-29T03:34:09.403+0000] {logging_mixin.py:137} INFO - [2023-03-29T03:34:09.403+0000] {dag.py:2693} INFO - Sync 1 DAGs
[2023-03-29T03:34:09.434+0000] {logging_mixin.py:137} INFO - [2023-03-29T03:34:09.434+0000] {dag.py:3444} INFO - Setting next_dagrun for example_branch_operator to 2023-03-28T00:00:00+00:00, run_after=2023-03-29T00:00:00+00:00
[2023-03-29T03:34:09.451+0000] {processor.py:175} INFO - Processing /home/airflow/.local/lib/python3.7/site-packages/airflow/example_dags/example_branch_operator.py took 0.109 seconds
[2023-03-29T03:34:39.923+0000] {processor.py:153} INFO - Started process (PID=856) to work on /home/airflow/.local/lib/python3.7/site-packages/airflow/example_dags/example_branch_operator.py
[2023-03-29T03:34:39.926+0000] {processor.py:743} INFO - Processing file /home/airflow/.local/lib/python3.7/site-packages/airflow/example_dags/example_branch_operator.py for tasks to queue
[2023-03-29T03:34:39.930+0000] {logging_mixin.py:137} INFO - [2023-03-29T03:34:39.929+0000] {dagbag.py:532} INFO - Filling up the DagBag from /home/airflow/.local/lib/python3.7/site-packages/airflow/example_dags/example_branch_operator.py
[2023-03-29T03:34:39.956+0000] {processor.py:753} INFO - DAG(s) dict_keys(['example_branch_operator']) retrieved from /home/airflow/.local/lib/python3.7/site-packages/airflow/example_dags/example_branch_operator.py
[2023-03-29T03:34:39.984+0000] {logging_mixin.py:137} INFO - [2023-03-29T03:34:39.984+0000] {dag.py:2693} INFO - Sync 1 DAGs
[2023-03-29T03:34:40.004+0000] {logging_mixin.py:137} INFO - [2023-03-29T03:34:40.004+0000] {dag.py:3444} INFO - Setting next_dagrun for example_branch_operator to 2023-03-28T00:00:00+00:00, run_after=2023-03-29T00:00:00+00:00
[2023-03-29T03:34:40.018+0000] {processor.py:175} INFO - Processing /home/airflow/.local/lib/python3.7/site-packages/airflow/example_dags/example_branch_operator.py took 0.100 seconds
[2023-03-29T03:35:10.553+0000] {processor.py:153} INFO - Started process (PID=905) to work on /home/airflow/.local/lib/python3.7/site-packages/airflow/example_dags/example_branch_operator.py
[2023-03-29T03:35:10.555+0000] {processor.py:743} INFO - Processing file /home/airflow/.local/lib/python3.7/site-packages/airflow/example_dags/example_branch_operator.py for tasks to queue
[2023-03-29T03:35:10.559+0000] {logging_mixin.py:137} INFO - [2023-03-29T03:35:10.559+0000] {dagbag.py:532} INFO - Filling up the DagBag from /home/airflow/.local/lib/python3.7/site-packages/airflow/example_dags/example_branch_operator.py
[2023-03-29T03:35:10.579+0000] {processor.py:753} INFO - DAG(s) dict_keys(['example_branch_operator']) retrieved from /home/airflow/.local/lib/python3.7/site-packages/airflow/example_dags/example_branch_operator.py
[2023-03-29T03:35:10.602+0000] {logging_mixin.py:137} INFO - [2023-03-29T03:35:10.602+0000] {dag.py:2693} INFO - Sync 1 DAGs
[2023-03-29T03:35:10.618+0000] {logging_mixin.py:137} INFO - [2023-03-29T03:35:10.618+0000] {dag.py:3444} INFO - Setting next_dagrun for example_branch_operator to 2023-03-28T00:00:00+00:00, run_after=2023-03-29T00:00:00+00:00
[2023-03-29T03:35:10.630+0000] {processor.py:175} INFO - Processing /home/airflow/.local/lib/python3.7/site-packages/airflow/example_dags/example_branch_operator.py took 0.081 seconds
[2023-03-29T03:35:41.318+0000] {processor.py:153} INFO - Started process (PID=954) to work on /home/airflow/.local/lib/python3.7/site-packages/airflow/example_dags/example_branch_operator.py
[2023-03-29T03:35:41.320+0000] {processor.py:743} INFO - Processing file /home/airflow/.local/lib/python3.7/site-packages/airflow/example_dags/example_branch_operator.py for tasks to queue
[2023-03-29T03:35:41.322+0000] {logging_mixin.py:137} INFO - [2023-03-29T03:35:41.322+0000] {dagbag.py:532} INFO - Filling up the DagBag from /home/airflow/.local/lib/python3.7/site-packages/airflow/example_dags/example_branch_operator.py
[2023-03-29T03:35:41.339+0000] {processor.py:753} INFO - DAG(s) dict_keys(['example_branch_operator']) retrieved from /home/airflow/.local/lib/python3.7/site-packages/airflow/example_dags/example_branch_operator.py
[2023-03-29T03:35:41.364+0000] {logging_mixin.py:137} INFO - [2023-03-29T03:35:41.364+0000] {dag.py:2693} INFO - Sync 1 DAGs
[2023-03-29T03:35:41.384+0000] {logging_mixin.py:137} INFO - [2023-03-29T03:35:41.384+0000] {dag.py:3444} INFO - Setting next_dagrun for example_branch_operator to 2023-03-28T00:00:00+00:00, run_after=2023-03-29T00:00:00+00:00
[2023-03-29T03:35:41.397+0000] {processor.py:175} INFO - Processing /home/airflow/.local/lib/python3.7/site-packages/airflow/example_dags/example_branch_operator.py took 0.083 seconds
[2023-03-29T03:36:12.059+0000] {processor.py:153} INFO - Started process (PID=1003) to work on /home/airflow/.local/lib/python3.7/site-packages/airflow/example_dags/example_branch_operator.py
[2023-03-29T03:36:12.061+0000] {processor.py:743} INFO - Processing file /home/airflow/.local/lib/python3.7/site-packages/airflow/example_dags/example_branch_operator.py for tasks to queue
[2023-03-29T03:36:12.062+0000] {logging_mixin.py:137} INFO - [2023-03-29T03:36:12.062+0000] {dagbag.py:532} INFO - Filling up the DagBag from /home/airflow/.local/lib/python3.7/site-packages/airflow/example_dags/example_branch_operator.py
[2023-03-29T03:36:12.079+0000] {processor.py:753} INFO - DAG(s) dict_keys(['example_branch_operator']) retrieved from /home/airflow/.local/lib/python3.7/site-packages/airflow/example_dags/example_branch_operator.py
[2023-03-29T03:36:12.101+0000] {logging_mixin.py:137} INFO - [2023-03-29T03:36:12.101+0000] {dag.py:2693} INFO - Sync 1 DAGs
[2023-03-29T03:36:12.125+0000] {logging_mixin.py:137} INFO - [2023-03-29T03:36:12.125+0000] {dag.py:3444} INFO - Setting next_dagrun for example_branch_operator to 2023-03-28T00:00:00+00:00, run_after=2023-03-29T00:00:00+00:00
[2023-03-29T03:36:12.141+0000] {processor.py:175} INFO - Processing /home/airflow/.local/lib/python3.7/site-packages/airflow/example_dags/example_branch_operator.py took 0.085 seconds
[2023-03-29T03:36:42.716+0000] {processor.py:153} INFO - Started process (PID=1053) to work on /home/airflow/.local/lib/python3.7/site-packages/airflow/example_dags/example_branch_operator.py
[2023-03-29T03:36:42.719+0000] {processor.py:743} INFO - Processing file /home/airflow/.local/lib/python3.7/site-packages/airflow/example_dags/example_branch_operator.py for tasks to queue
[2023-03-29T03:36:42.720+0000] {logging_mixin.py:137} INFO - [2023-03-29T03:36:42.720+0000] {dagbag.py:532} INFO - Filling up the DagBag from /home/airflow/.local/lib/python3.7/site-packages/airflow/example_dags/example_branch_operator.py
[2023-03-29T03:36:42.738+0000] {processor.py:753} INFO - DAG(s) dict_keys(['example_branch_operator']) retrieved from /home/airflow/.local/lib/python3.7/site-packages/airflow/example_dags/example_branch_operator.py
[2023-03-29T03:36:42.772+0000] {logging_mixin.py:137} INFO - [2023-03-29T03:36:42.772+0000] {dag.py:2693} INFO - Sync 1 DAGs
[2023-03-29T03:36:42.812+0000] {logging_mixin.py:137} INFO - [2023-03-29T03:36:42.812+0000] {dag.py:3444} INFO - Setting next_dagrun for example_branch_operator to 2023-03-28T00:00:00+00:00, run_after=2023-03-29T00:00:00+00:00
[2023-03-29T03:36:42.833+0000] {processor.py:175} INFO - Processing /home/airflow/.local/lib/python3.7/site-packages/airflow/example_dags/example_branch_operator.py took 0.123 seconds
[2023-03-29T03:37:13.379+0000] {processor.py:153} INFO - Started process (PID=1102) to work on /home/airflow/.local/lib/python3.7/site-packages/airflow/example_dags/example_branch_operator.py
[2023-03-29T03:37:13.381+0000] {processor.py:743} INFO - Processing file /home/airflow/.local/lib/python3.7/site-packages/airflow/example_dags/example_branch_operator.py for tasks to queue
[2023-03-29T03:37:13.383+0000] {logging_mixin.py:137} INFO - [2023-03-29T03:37:13.383+0000] {dagbag.py:532} INFO - Filling up the DagBag from /home/airflow/.local/lib/python3.7/site-packages/airflow/example_dags/example_branch_operator.py
[2023-03-29T03:37:13.407+0000] {processor.py:753} INFO - DAG(s) dict_keys(['example_branch_operator']) retrieved from /home/airflow/.local/lib/python3.7/site-packages/airflow/example_dags/example_branch_operator.py
[2023-03-29T03:37:13.437+0000] {logging_mixin.py:137} INFO - [2023-03-29T03:37:13.437+0000] {dag.py:2693} INFO - Sync 1 DAGs
[2023-03-29T03:37:13.458+0000] {logging_mixin.py:137} INFO - [2023-03-29T03:37:13.458+0000] {dag.py:3444} INFO - Setting next_dagrun for example_branch_operator to 2023-03-28T00:00:00+00:00, run_after=2023-03-29T00:00:00+00:00
[2023-03-29T03:37:13.473+0000] {processor.py:175} INFO - Processing /home/airflow/.local/lib/python3.7/site-packages/airflow/example_dags/example_branch_operator.py took 0.099 seconds
[2023-03-29T03:37:43.979+0000] {processor.py:153} INFO - Started process (PID=1151) to work on /home/airflow/.local/lib/python3.7/site-packages/airflow/example_dags/example_branch_operator.py
[2023-03-29T03:37:43.981+0000] {processor.py:743} INFO - Processing file /home/airflow/.local/lib/python3.7/site-packages/airflow/example_dags/example_branch_operator.py for tasks to queue
[2023-03-29T03:37:43.982+0000] {logging_mixin.py:137} INFO - [2023-03-29T03:37:43.982+0000] {dagbag.py:532} INFO - Filling up the DagBag from /home/airflow/.local/lib/python3.7/site-packages/airflow/example_dags/example_branch_operator.py
[2023-03-29T03:37:43.997+0000] {processor.py:753} INFO - DAG(s) dict_keys(['example_branch_operator']) retrieved from /home/airflow/.local/lib/python3.7/site-packages/airflow/example_dags/example_branch_operator.py
[2023-03-29T03:37:44.019+0000] {logging_mixin.py:137} INFO - [2023-03-29T03:37:44.019+0000] {dag.py:2693} INFO - Sync 1 DAGs
[2023-03-29T03:37:44.037+0000] {logging_mixin.py:137} INFO - [2023-03-29T03:37:44.037+0000] {dag.py:3444} INFO - Setting next_dagrun for example_branch_operator to 2023-03-28T00:00:00+00:00, run_after=2023-03-29T00:00:00+00:00
[2023-03-29T03:37:44.049+0000] {processor.py:175} INFO - Processing /home/airflow/.local/lib/python3.7/site-packages/airflow/example_dags/example_branch_operator.py took 0.072 seconds
[2023-03-29T03:38:14.539+0000] {processor.py:153} INFO - Started process (PID=1200) to work on /home/airflow/.local/lib/python3.7/site-packages/airflow/example_dags/example_branch_operator.py
[2023-03-29T03:38:14.541+0000] {processor.py:743} INFO - Processing file /home/airflow/.local/lib/python3.7/site-packages/airflow/example_dags/example_branch_operator.py for tasks to queue
[2023-03-29T03:38:14.542+0000] {logging_mixin.py:137} INFO - [2023-03-29T03:38:14.542+0000] {dagbag.py:532} INFO - Filling up the DagBag from /home/airflow/.local/lib/python3.7/site-packages/airflow/example_dags/example_branch_operator.py
[2023-03-29T03:38:14.559+0000] {processor.py:753} INFO - DAG(s) dict_keys(['example_branch_operator']) retrieved from /home/airflow/.local/lib/python3.7/site-packages/airflow/example_dags/example_branch_operator.py
[2023-03-29T03:38:14.586+0000] {logging_mixin.py:137} INFO - [2023-03-29T03:38:14.586+0000] {dag.py:2693} INFO - Sync 1 DAGs
[2023-03-29T03:38:14.605+0000] {logging_mixin.py:137} INFO - [2023-03-29T03:38:14.605+0000] {dag.py:3444} INFO - Setting next_dagrun for example_branch_operator to 2023-03-28T00:00:00+00:00, run_after=2023-03-29T00:00:00+00:00
[2023-03-29T03:38:14.619+0000] {processor.py:175} INFO - Processing /home/airflow/.local/lib/python3.7/site-packages/airflow/example_dags/example_branch_operator.py took 0.084 seconds
[2023-03-29T03:38:45.252+0000] {processor.py:153} INFO - Started process (PID=1249) to work on /home/airflow/.local/lib/python3.7/site-packages/airflow/example_dags/example_branch_operator.py
[2023-03-29T03:38:45.254+0000] {processor.py:743} INFO - Processing file /home/airflow/.local/lib/python3.7/site-packages/airflow/example_dags/example_branch_operator.py for tasks to queue
[2023-03-29T03:38:45.256+0000] {logging_mixin.py:137} INFO - [2023-03-29T03:38:45.256+0000] {dagbag.py:532} INFO - Filling up the DagBag from /home/airflow/.local/lib/python3.7/site-packages/airflow/example_dags/example_branch_operator.py
[2023-03-29T03:38:45.282+0000] {processor.py:753} INFO - DAG(s) dict_keys(['example_branch_operator']) retrieved from /home/airflow/.local/lib/python3.7/site-packages/airflow/example_dags/example_branch_operator.py
[2023-03-29T03:38:45.314+0000] {logging_mixin.py:137} INFO - [2023-03-29T03:38:45.314+0000] {dag.py:2693} INFO - Sync 1 DAGs
[2023-03-29T03:38:45.339+0000] {logging_mixin.py:137} INFO - [2023-03-29T03:38:45.339+0000] {dag.py:3444} INFO - Setting next_dagrun for example_branch_operator to 2023-03-28T00:00:00+00:00, run_after=2023-03-29T00:00:00+00:00
[2023-03-29T03:38:45.355+0000] {processor.py:175} INFO - Processing /home/airflow/.local/lib/python3.7/site-packages/airflow/example_dags/example_branch_operator.py took 0.107 seconds
[2023-03-29T03:39:15.825+0000] {processor.py:153} INFO - Started process (PID=1299) to work on /home/airflow/.local/lib/python3.7/site-packages/airflow/example_dags/example_branch_operator.py
[2023-03-29T03:39:15.829+0000] {processor.py:743} INFO - Processing file /home/airflow/.local/lib/python3.7/site-packages/airflow/example_dags/example_branch_operator.py for tasks to queue
[2023-03-29T03:39:15.832+0000] {logging_mixin.py:137} INFO - [2023-03-29T03:39:15.832+0000] {dagbag.py:532} INFO - Filling up the DagBag from /home/airflow/.local/lib/python3.7/site-packages/airflow/example_dags/example_branch_operator.py
[2023-03-29T03:39:15.862+0000] {processor.py:753} INFO - DAG(s) dict_keys(['example_branch_operator']) retrieved from /home/airflow/.local/lib/python3.7/site-packages/airflow/example_dags/example_branch_operator.py
[2023-03-29T03:39:15.912+0000] {logging_mixin.py:137} INFO - [2023-03-29T03:39:15.912+0000] {dag.py:2693} INFO - Sync 1 DAGs
[2023-03-29T03:39:15.968+0000] {logging_mixin.py:137} INFO - [2023-03-29T03:39:15.968+0000] {dag.py:3444} INFO - Setting next_dagrun for example_branch_operator to 2023-03-28T00:00:00+00:00, run_after=2023-03-29T00:00:00+00:00
[2023-03-29T03:39:15.989+0000] {processor.py:175} INFO - Processing /home/airflow/.local/lib/python3.7/site-packages/airflow/example_dags/example_branch_operator.py took 0.171 seconds
[2023-03-29T03:39:46.395+0000] {processor.py:153} INFO - Started process (PID=1348) to work on /home/airflow/.local/lib/python3.7/site-packages/airflow/example_dags/example_branch_operator.py
[2023-03-29T03:39:46.397+0000] {processor.py:743} INFO - Processing file /home/airflow/.local/lib/python3.7/site-packages/airflow/example_dags/example_branch_operator.py for tasks to queue
[2023-03-29T03:39:46.398+0000] {logging_mixin.py:137} INFO - [2023-03-29T03:39:46.398+0000] {dagbag.py:532} INFO - Filling up the DagBag from /home/airflow/.local/lib/python3.7/site-packages/airflow/example_dags/example_branch_operator.py
[2023-03-29T03:39:46.425+0000] {processor.py:753} INFO - DAG(s) dict_keys(['example_branch_operator']) retrieved from /home/airflow/.local/lib/python3.7/site-packages/airflow/example_dags/example_branch_operator.py
[2023-03-29T03:39:46.459+0000] {logging_mixin.py:137} INFO - [2023-03-29T03:39:46.459+0000] {dag.py:2693} INFO - Sync 1 DAGs
[2023-03-29T03:39:46.483+0000] {logging_mixin.py:137} INFO - [2023-03-29T03:39:46.483+0000] {dag.py:3444} INFO - Setting next_dagrun for example_branch_operator to 2023-03-28T00:00:00+00:00, run_after=2023-03-29T00:00:00+00:00
[2023-03-29T03:39:46.499+0000] {processor.py:175} INFO - Processing /home/airflow/.local/lib/python3.7/site-packages/airflow/example_dags/example_branch_operator.py took 0.108 seconds
[2023-03-29T03:40:17.316+0000] {processor.py:153} INFO - Started process (PID=1397) to work on /home/airflow/.local/lib/python3.7/site-packages/airflow/example_dags/example_branch_operator.py
[2023-03-29T03:40:17.318+0000] {processor.py:743} INFO - Processing file /home/airflow/.local/lib/python3.7/site-packages/airflow/example_dags/example_branch_operator.py for tasks to queue
[2023-03-29T03:40:17.321+0000] {logging_mixin.py:137} INFO - [2023-03-29T03:40:17.320+0000] {dagbag.py:532} INFO - Filling up the DagBag from /home/airflow/.local/lib/python3.7/site-packages/airflow/example_dags/example_branch_operator.py
[2023-03-29T03:40:17.346+0000] {processor.py:753} INFO - DAG(s) dict_keys(['example_branch_operator']) retrieved from /home/airflow/.local/lib/python3.7/site-packages/airflow/example_dags/example_branch_operator.py
[2023-03-29T03:40:17.373+0000] {logging_mixin.py:137} INFO - [2023-03-29T03:40:17.373+0000] {dag.py:2693} INFO - Sync 1 DAGs
[2023-03-29T03:40:17.393+0000] {logging_mixin.py:137} INFO - [2023-03-29T03:40:17.393+0000] {dag.py:3444} INFO - Setting next_dagrun for example_branch_operator to 2023-03-28T00:00:00+00:00, run_after=2023-03-29T00:00:00+00:00
[2023-03-29T03:40:17.406+0000] {processor.py:175} INFO - Processing /home/airflow/.local/lib/python3.7/site-packages/airflow/example_dags/example_branch_operator.py took 0.095 seconds
[2023-03-29T03:40:48.049+0000] {processor.py:153} INFO - Started process (PID=1446) to work on /home/airflow/.local/lib/python3.7/site-packages/airflow/example_dags/example_branch_operator.py
[2023-03-29T03:40:48.051+0000] {processor.py:743} INFO - Processing file /home/airflow/.local/lib/python3.7/site-packages/airflow/example_dags/example_branch_operator.py for tasks to queue
[2023-03-29T03:40:48.053+0000] {logging_mixin.py:137} INFO - [2023-03-29T03:40:48.053+0000] {dagbag.py:532} INFO - Filling up the DagBag from /home/airflow/.local/lib/python3.7/site-packages/airflow/example_dags/example_branch_operator.py
[2023-03-29T03:40:48.074+0000] {processor.py:753} INFO - DAG(s) dict_keys(['example_branch_operator']) retrieved from /home/airflow/.local/lib/python3.7/site-packages/airflow/example_dags/example_branch_operator.py
[2023-03-29T03:40:48.106+0000] {logging_mixin.py:137} INFO - [2023-03-29T03:40:48.106+0000] {dag.py:2693} INFO - Sync 1 DAGs
[2023-03-29T03:40:48.131+0000] {logging_mixin.py:137} INFO - [2023-03-29T03:40:48.130+0000] {dag.py:3444} INFO - Setting next_dagrun for example_branch_operator to 2023-03-28T00:00:00+00:00, run_after=2023-03-29T00:00:00+00:00
[2023-03-29T03:40:48.147+0000] {processor.py:175} INFO - Processing /home/airflow/.local/lib/python3.7/site-packages/airflow/example_dags/example_branch_operator.py took 0.102 seconds
[2023-03-29T03:41:18.544+0000] {processor.py:153} INFO - Started process (PID=1495) to work on /home/airflow/.local/lib/python3.7/site-packages/airflow/example_dags/example_branch_operator.py
[2023-03-29T03:41:18.548+0000] {processor.py:743} INFO - Processing file /home/airflow/.local/lib/python3.7/site-packages/airflow/example_dags/example_branch_operator.py for tasks to queue
[2023-03-29T03:41:18.552+0000] {logging_mixin.py:137} INFO - [2023-03-29T03:41:18.551+0000] {dagbag.py:532} INFO - Filling up the DagBag from /home/airflow/.local/lib/python3.7/site-packages/airflow/example_dags/example_branch_operator.py
[2023-03-29T03:41:18.569+0000] {processor.py:753} INFO - DAG(s) dict_keys(['example_branch_operator']) retrieved from /home/airflow/.local/lib/python3.7/site-packages/airflow/example_dags/example_branch_operator.py
[2023-03-29T03:41:18.611+0000] {logging_mixin.py:137} INFO - [2023-03-29T03:41:18.611+0000] {dag.py:2693} INFO - Sync 1 DAGs
[2023-03-29T03:41:18.646+0000] {logging_mixin.py:137} INFO - [2023-03-29T03:41:18.646+0000] {dag.py:3444} INFO - Setting next_dagrun for example_branch_operator to 2023-03-28T00:00:00+00:00, run_after=2023-03-29T00:00:00+00:00
[2023-03-29T03:41:18.672+0000] {processor.py:175} INFO - Processing /home/airflow/.local/lib/python3.7/site-packages/airflow/example_dags/example_branch_operator.py took 0.132 seconds
[2023-03-29T03:41:49.321+0000] {processor.py:153} INFO - Started process (PID=1544) to work on /home/airflow/.local/lib/python3.7/site-packages/airflow/example_dags/example_branch_operator.py
[2023-03-29T03:41:49.323+0000] {processor.py:743} INFO - Processing file /home/airflow/.local/lib/python3.7/site-packages/airflow/example_dags/example_branch_operator.py for tasks to queue
[2023-03-29T03:41:49.324+0000] {logging_mixin.py:137} INFO - [2023-03-29T03:41:49.324+0000] {dagbag.py:532} INFO - Filling up the DagBag from /home/airflow/.local/lib/python3.7/site-packages/airflow/example_dags/example_branch_operator.py
[2023-03-29T03:41:49.342+0000] {processor.py:753} INFO - DAG(s) dict_keys(['example_branch_operator']) retrieved from /home/airflow/.local/lib/python3.7/site-packages/airflow/example_dags/example_branch_operator.py
[2023-03-29T03:41:49.366+0000] {logging_mixin.py:137} INFO - [2023-03-29T03:41:49.366+0000] {dag.py:2693} INFO - Sync 1 DAGs
[2023-03-29T03:41:49.383+0000] {logging_mixin.py:137} INFO - [2023-03-29T03:41:49.383+0000] {dag.py:3444} INFO - Setting next_dagrun for example_branch_operator to 2023-03-28T00:00:00+00:00, run_after=2023-03-29T00:00:00+00:00
[2023-03-29T03:41:49.396+0000] {processor.py:175} INFO - Processing /home/airflow/.local/lib/python3.7/site-packages/airflow/example_dags/example_branch_operator.py took 0.079 seconds
[2023-03-29T03:42:19.824+0000] {processor.py:153} INFO - Started process (PID=1595) to work on /home/airflow/.local/lib/python3.7/site-packages/airflow/example_dags/example_branch_operator.py
[2023-03-29T03:42:19.827+0000] {processor.py:743} INFO - Processing file /home/airflow/.local/lib/python3.7/site-packages/airflow/example_dags/example_branch_operator.py for tasks to queue
[2023-03-29T03:42:19.828+0000] {logging_mixin.py:137} INFO - [2023-03-29T03:42:19.828+0000] {dagbag.py:532} INFO - Filling up the DagBag from /home/airflow/.local/lib/python3.7/site-packages/airflow/example_dags/example_branch_operator.py
[2023-03-29T03:42:19.849+0000] {processor.py:753} INFO - DAG(s) dict_keys(['example_branch_operator']) retrieved from /home/airflow/.local/lib/python3.7/site-packages/airflow/example_dags/example_branch_operator.py
[2023-03-29T03:42:19.875+0000] {logging_mixin.py:137} INFO - [2023-03-29T03:42:19.875+0000] {dag.py:2693} INFO - Sync 1 DAGs
[2023-03-29T03:42:19.904+0000] {logging_mixin.py:137} INFO - [2023-03-29T03:42:19.904+0000] {dag.py:3444} INFO - Setting next_dagrun for example_branch_operator to 2023-03-28T00:00:00+00:00, run_after=2023-03-29T00:00:00+00:00
[2023-03-29T03:42:19.920+0000] {processor.py:175} INFO - Processing /home/airflow/.local/lib/python3.7/site-packages/airflow/example_dags/example_branch_operator.py took 0.100 seconds
[2023-03-29T03:42:50.424+0000] {processor.py:153} INFO - Started process (PID=1644) to work on /home/airflow/.local/lib/python3.7/site-packages/airflow/example_dags/example_branch_operator.py
[2023-03-29T03:42:50.426+0000] {processor.py:743} INFO - Processing file /home/airflow/.local/lib/python3.7/site-packages/airflow/example_dags/example_branch_operator.py for tasks to queue
[2023-03-29T03:42:50.427+0000] {logging_mixin.py:137} INFO - [2023-03-29T03:42:50.427+0000] {dagbag.py:532} INFO - Filling up the DagBag from /home/airflow/.local/lib/python3.7/site-packages/airflow/example_dags/example_branch_operator.py
[2023-03-29T03:42:50.452+0000] {processor.py:753} INFO - DAG(s) dict_keys(['example_branch_operator']) retrieved from /home/airflow/.local/lib/python3.7/site-packages/airflow/example_dags/example_branch_operator.py
[2023-03-29T03:42:50.481+0000] {logging_mixin.py:137} INFO - [2023-03-29T03:42:50.481+0000] {dag.py:2693} INFO - Sync 1 DAGs
[2023-03-29T03:42:50.503+0000] {logging_mixin.py:137} INFO - [2023-03-29T03:42:50.503+0000] {dag.py:3444} INFO - Setting next_dagrun for example_branch_operator to 2023-03-28T00:00:00+00:00, run_after=2023-03-29T00:00:00+00:00
[2023-03-29T03:42:50.517+0000] {processor.py:175} INFO - Processing /home/airflow/.local/lib/python3.7/site-packages/airflow/example_dags/example_branch_operator.py took 0.097 seconds
[2023-03-29T03:43:21.212+0000] {processor.py:153} INFO - Started process (PID=1700) to work on /home/airflow/.local/lib/python3.7/site-packages/airflow/example_dags/example_branch_operator.py
[2023-03-29T03:43:21.214+0000] {processor.py:743} INFO - Processing file /home/airflow/.local/lib/python3.7/site-packages/airflow/example_dags/example_branch_operator.py for tasks to queue
[2023-03-29T03:43:21.217+0000] {logging_mixin.py:137} INFO - [2023-03-29T03:43:21.217+0000] {dagbag.py:532} INFO - Filling up the DagBag from /home/airflow/.local/lib/python3.7/site-packages/airflow/example_dags/example_branch_operator.py
[2023-03-29T03:43:21.246+0000] {processor.py:753} INFO - DAG(s) dict_keys(['example_branch_operator']) retrieved from /home/airflow/.local/lib/python3.7/site-packages/airflow/example_dags/example_branch_operator.py
[2023-03-29T03:43:21.280+0000] {logging_mixin.py:137} INFO - [2023-03-29T03:43:21.280+0000] {dag.py:2693} INFO - Sync 1 DAGs
[2023-03-29T03:43:21.303+0000] {logging_mixin.py:137} INFO - [2023-03-29T03:43:21.303+0000] {dag.py:3444} INFO - Setting next_dagrun for example_branch_operator to 2023-03-28T00:00:00+00:00, run_after=2023-03-29T00:00:00+00:00
[2023-03-29T03:43:21.322+0000] {processor.py:175} INFO - Processing /home/airflow/.local/lib/python3.7/site-packages/airflow/example_dags/example_branch_operator.py took 0.114 seconds
[2023-03-29T03:43:51.906+0000] {processor.py:153} INFO - Started process (PID=1749) to work on /home/airflow/.local/lib/python3.7/site-packages/airflow/example_dags/example_branch_operator.py
[2023-03-29T03:43:51.910+0000] {processor.py:743} INFO - Processing file /home/airflow/.local/lib/python3.7/site-packages/airflow/example_dags/example_branch_operator.py for tasks to queue
[2023-03-29T03:43:51.912+0000] {logging_mixin.py:137} INFO - [2023-03-29T03:43:51.912+0000] {dagbag.py:532} INFO - Filling up the DagBag from /home/airflow/.local/lib/python3.7/site-packages/airflow/example_dags/example_branch_operator.py
[2023-03-29T03:43:51.935+0000] {processor.py:753} INFO - DAG(s) dict_keys(['example_branch_operator']) retrieved from /home/airflow/.local/lib/python3.7/site-packages/airflow/example_dags/example_branch_operator.py
[2023-03-29T03:43:51.962+0000] {logging_mixin.py:137} INFO - [2023-03-29T03:43:51.962+0000] {dag.py:2693} INFO - Sync 1 DAGs
[2023-03-29T03:43:51.982+0000] {logging_mixin.py:137} INFO - [2023-03-29T03:43:51.982+0000] {dag.py:3444} INFO - Setting next_dagrun for example_branch_operator to 2023-03-28T00:00:00+00:00, run_after=2023-03-29T00:00:00+00:00
[2023-03-29T03:43:51.994+0000] {processor.py:175} INFO - Processing /home/airflow/.local/lib/python3.7/site-packages/airflow/example_dags/example_branch_operator.py took 0.093 seconds
[2023-03-29T03:44:22.290+0000] {processor.py:153} INFO - Started process (PID=1798) to work on /home/airflow/.local/lib/python3.7/site-packages/airflow/example_dags/example_branch_operator.py
[2023-03-29T03:44:22.293+0000] {processor.py:743} INFO - Processing file /home/airflow/.local/lib/python3.7/site-packages/airflow/example_dags/example_branch_operator.py for tasks to queue
[2023-03-29T03:44:22.295+0000] {logging_mixin.py:137} INFO - [2023-03-29T03:44:22.295+0000] {dagbag.py:532} INFO - Filling up the DagBag from /home/airflow/.local/lib/python3.7/site-packages/airflow/example_dags/example_branch_operator.py
[2023-03-29T03:44:22.311+0000] {processor.py:753} INFO - DAG(s) dict_keys(['example_branch_operator']) retrieved from /home/airflow/.local/lib/python3.7/site-packages/airflow/example_dags/example_branch_operator.py
[2023-03-29T03:44:22.333+0000] {logging_mixin.py:137} INFO - [2023-03-29T03:44:22.333+0000] {dag.py:2693} INFO - Sync 1 DAGs
[2023-03-29T03:44:22.354+0000] {logging_mixin.py:137} INFO - [2023-03-29T03:44:22.354+0000] {dag.py:3444} INFO - Setting next_dagrun for example_branch_operator to 2023-03-28T00:00:00+00:00, run_after=2023-03-29T00:00:00+00:00
[2023-03-29T03:44:22.366+0000] {processor.py:175} INFO - Processing /home/airflow/.local/lib/python3.7/site-packages/airflow/example_dags/example_branch_operator.py took 0.079 seconds
[2023-03-29T03:44:53.255+0000] {processor.py:153} INFO - Started process (PID=1847) to work on /home/airflow/.local/lib/python3.7/site-packages/airflow/example_dags/example_branch_operator.py
[2023-03-29T03:44:53.257+0000] {processor.py:743} INFO - Processing file /home/airflow/.local/lib/python3.7/site-packages/airflow/example_dags/example_branch_operator.py for tasks to queue
[2023-03-29T03:44:53.258+0000] {logging_mixin.py:137} INFO - [2023-03-29T03:44:53.258+0000] {dagbag.py:532} INFO - Filling up the DagBag from /home/airflow/.local/lib/python3.7/site-packages/airflow/example_dags/example_branch_operator.py
[2023-03-29T03:44:53.271+0000] {processor.py:753} INFO - DAG(s) dict_keys(['example_branch_operator']) retrieved from /home/airflow/.local/lib/python3.7/site-packages/airflow/example_dags/example_branch_operator.py
[2023-03-29T03:44:53.304+0000] {logging_mixin.py:137} INFO - [2023-03-29T03:44:53.304+0000] {dag.py:2693} INFO - Sync 1 DAGs
[2023-03-29T03:44:53.327+0000] {logging_mixin.py:137} INFO - [2023-03-29T03:44:53.326+0000] {dag.py:3444} INFO - Setting next_dagrun for example_branch_operator to 2023-03-28T00:00:00+00:00, run_after=2023-03-29T00:00:00+00:00
[2023-03-29T03:44:53.343+0000] {processor.py:175} INFO - Processing /home/airflow/.local/lib/python3.7/site-packages/airflow/example_dags/example_branch_operator.py took 0.092 seconds
[2023-03-29T03:45:23.762+0000] {processor.py:153} INFO - Started process (PID=1896) to work on /home/airflow/.local/lib/python3.7/site-packages/airflow/example_dags/example_branch_operator.py
[2023-03-29T03:45:23.766+0000] {processor.py:743} INFO - Processing file /home/airflow/.local/lib/python3.7/site-packages/airflow/example_dags/example_branch_operator.py for tasks to queue
[2023-03-29T03:45:23.769+0000] {logging_mixin.py:137} INFO - [2023-03-29T03:45:23.769+0000] {dagbag.py:532} INFO - Filling up the DagBag from /home/airflow/.local/lib/python3.7/site-packages/airflow/example_dags/example_branch_operator.py
[2023-03-29T03:45:23.790+0000] {processor.py:753} INFO - DAG(s) dict_keys(['example_branch_operator']) retrieved from /home/airflow/.local/lib/python3.7/site-packages/airflow/example_dags/example_branch_operator.py
[2023-03-29T03:45:23.834+0000] {logging_mixin.py:137} INFO - [2023-03-29T03:45:23.834+0000] {dag.py:2693} INFO - Sync 1 DAGs
[2023-03-29T03:45:23.873+0000] {logging_mixin.py:137} INFO - [2023-03-29T03:45:23.873+0000] {dag.py:3444} INFO - Setting next_dagrun for example_branch_operator to 2023-03-28T00:00:00+00:00, run_after=2023-03-29T00:00:00+00:00
[2023-03-29T03:45:23.900+0000] {processor.py:175} INFO - Processing /home/airflow/.local/lib/python3.7/site-packages/airflow/example_dags/example_branch_operator.py took 0.141 seconds
[2023-03-29T03:45:54.462+0000] {processor.py:153} INFO - Started process (PID=1946) to work on /home/airflow/.local/lib/python3.7/site-packages/airflow/example_dags/example_branch_operator.py
[2023-03-29T03:45:54.463+0000] {processor.py:743} INFO - Processing file /home/airflow/.local/lib/python3.7/site-packages/airflow/example_dags/example_branch_operator.py for tasks to queue
[2023-03-29T03:45:54.464+0000] {logging_mixin.py:137} INFO - [2023-03-29T03:45:54.464+0000] {dagbag.py:532} INFO - Filling up the DagBag from /home/airflow/.local/lib/python3.7/site-packages/airflow/example_dags/example_branch_operator.py
[2023-03-29T03:45:54.476+0000] {processor.py:753} INFO - DAG(s) dict_keys(['example_branch_operator']) retrieved from /home/airflow/.local/lib/python3.7/site-packages/airflow/example_dags/example_branch_operator.py
[2023-03-29T03:45:54.495+0000] {logging_mixin.py:137} INFO - [2023-03-29T03:45:54.495+0000] {dag.py:2693} INFO - Sync 1 DAGs
[2023-03-29T03:45:54.511+0000] {logging_mixin.py:137} INFO - [2023-03-29T03:45:54.511+0000] {dag.py:3444} INFO - Setting next_dagrun for example_branch_operator to 2023-03-28T00:00:00+00:00, run_after=2023-03-29T00:00:00+00:00
[2023-03-29T03:45:54.525+0000] {processor.py:175} INFO - Processing /home/airflow/.local/lib/python3.7/site-packages/airflow/example_dags/example_branch_operator.py took 0.066 seconds
[2023-03-29T03:46:25.293+0000] {processor.py:153} INFO - Started process (PID=1995) to work on /home/airflow/.local/lib/python3.7/site-packages/airflow/example_dags/example_branch_operator.py
[2023-03-29T03:46:25.296+0000] {processor.py:743} INFO - Processing file /home/airflow/.local/lib/python3.7/site-packages/airflow/example_dags/example_branch_operator.py for tasks to queue
[2023-03-29T03:46:25.297+0000] {logging_mixin.py:137} INFO - [2023-03-29T03:46:25.297+0000] {dagbag.py:532} INFO - Filling up the DagBag from /home/airflow/.local/lib/python3.7/site-packages/airflow/example_dags/example_branch_operator.py
[2023-03-29T03:46:25.309+0000] {processor.py:753} INFO - DAG(s) dict_keys(['example_branch_operator']) retrieved from /home/airflow/.local/lib/python3.7/site-packages/airflow/example_dags/example_branch_operator.py
[2023-03-29T03:46:25.329+0000] {logging_mixin.py:137} INFO - [2023-03-29T03:46:25.329+0000] {dag.py:2693} INFO - Sync 1 DAGs
[2023-03-29T03:46:25.350+0000] {logging_mixin.py:137} INFO - [2023-03-29T03:46:25.350+0000] {dag.py:3444} INFO - Setting next_dagrun for example_branch_operator to 2023-03-28T00:00:00+00:00, run_after=2023-03-29T00:00:00+00:00
[2023-03-29T03:46:25.368+0000] {processor.py:175} INFO - Processing /home/airflow/.local/lib/python3.7/site-packages/airflow/example_dags/example_branch_operator.py took 0.077 seconds
[2023-03-29T03:46:55.763+0000] {processor.py:153} INFO - Started process (PID=2045) to work on /home/airflow/.local/lib/python3.7/site-packages/airflow/example_dags/example_branch_operator.py
[2023-03-29T03:46:55.764+0000] {processor.py:743} INFO - Processing file /home/airflow/.local/lib/python3.7/site-packages/airflow/example_dags/example_branch_operator.py for tasks to queue
[2023-03-29T03:46:55.765+0000] {logging_mixin.py:137} INFO - [2023-03-29T03:46:55.765+0000] {dagbag.py:532} INFO - Filling up the DagBag from /home/airflow/.local/lib/python3.7/site-packages/airflow/example_dags/example_branch_operator.py
[2023-03-29T03:46:55.776+0000] {processor.py:753} INFO - DAG(s) dict_keys(['example_branch_operator']) retrieved from /home/airflow/.local/lib/python3.7/site-packages/airflow/example_dags/example_branch_operator.py
[2023-03-29T03:46:55.794+0000] {logging_mixin.py:137} INFO - [2023-03-29T03:46:55.794+0000] {dag.py:2693} INFO - Sync 1 DAGs
[2023-03-29T03:46:55.811+0000] {logging_mixin.py:137} INFO - [2023-03-29T03:46:55.811+0000] {dag.py:3444} INFO - Setting next_dagrun for example_branch_operator to 2023-03-28T00:00:00+00:00, run_after=2023-03-29T00:00:00+00:00
[2023-03-29T03:46:55.824+0000] {processor.py:175} INFO - Processing /home/airflow/.local/lib/python3.7/site-packages/airflow/example_dags/example_branch_operator.py took 0.064 seconds
[2023-03-29T03:47:26.531+0000] {processor.py:153} INFO - Started process (PID=2095) to work on /home/airflow/.local/lib/python3.7/site-packages/airflow/example_dags/example_branch_operator.py
[2023-03-29T03:47:26.533+0000] {processor.py:743} INFO - Processing file /home/airflow/.local/lib/python3.7/site-packages/airflow/example_dags/example_branch_operator.py for tasks to queue
[2023-03-29T03:47:26.534+0000] {logging_mixin.py:137} INFO - [2023-03-29T03:47:26.534+0000] {dagbag.py:532} INFO - Filling up the DagBag from /home/airflow/.local/lib/python3.7/site-packages/airflow/example_dags/example_branch_operator.py
[2023-03-29T03:47:26.547+0000] {processor.py:753} INFO - DAG(s) dict_keys(['example_branch_operator']) retrieved from /home/airflow/.local/lib/python3.7/site-packages/airflow/example_dags/example_branch_operator.py
[2023-03-29T03:47:26.566+0000] {logging_mixin.py:137} INFO - [2023-03-29T03:47:26.566+0000] {dag.py:2693} INFO - Sync 1 DAGs
[2023-03-29T03:47:26.583+0000] {logging_mixin.py:137} INFO - [2023-03-29T03:47:26.583+0000] {dag.py:3444} INFO - Setting next_dagrun for example_branch_operator to 2023-03-28T00:00:00+00:00, run_after=2023-03-29T00:00:00+00:00
[2023-03-29T03:47:26.597+0000] {processor.py:175} INFO - Processing /home/airflow/.local/lib/python3.7/site-packages/airflow/example_dags/example_branch_operator.py took 0.068 seconds
