[2023-03-29T03:26:25.361+0000] {processor.py:153} INFO - Started process (PID=44) to work on /home/airflow/.local/lib/python3.7/site-packages/airflow/example_dags/tutorial_dag.py
[2023-03-29T03:26:25.373+0000] {processor.py:743} INFO - Processing file /home/airflow/.local/lib/python3.7/site-packages/airflow/example_dags/tutorial_dag.py for tasks to queue
[2023-03-29T03:26:25.374+0000] {logging_mixin.py:137} INFO - [2023-03-29T03:26:25.374+0000] {dagbag.py:532} INFO - Filling up the DagBag from /home/airflow/.local/lib/python3.7/site-packages/airflow/example_dags/tutorial_dag.py
[2023-03-29T03:26:25.432+0000] {processor.py:753} INFO - DAG(s) dict_keys(['tutorial_dag']) retrieved from /home/airflow/.local/lib/python3.7/site-packages/airflow/example_dags/tutorial_dag.py
[2023-03-29T03:26:25.464+0000] {logging_mixin.py:137} INFO - [2023-03-29T03:26:25.464+0000] {dag.py:2693} INFO - Sync 1 DAGs
[2023-03-29T03:26:25.573+0000] {logging_mixin.py:137} INFO - [2023-03-29T03:26:25.572+0000] {dag.py:3444} INFO - Setting next_dagrun for tutorial_dag to None, run_after=None
[2023-03-29T03:26:25.611+0000] {processor.py:175} INFO - Processing /home/airflow/.local/lib/python3.7/site-packages/airflow/example_dags/tutorial_dag.py took 0.257 seconds
[2023-03-29T03:26:56.015+0000] {processor.py:153} INFO - Started process (PID=93) to work on /home/airflow/.local/lib/python3.7/site-packages/airflow/example_dags/tutorial_dag.py
[2023-03-29T03:26:56.017+0000] {processor.py:743} INFO - Processing file /home/airflow/.local/lib/python3.7/site-packages/airflow/example_dags/tutorial_dag.py for tasks to queue
[2023-03-29T03:26:56.018+0000] {logging_mixin.py:137} INFO - [2023-03-29T03:26:56.018+0000] {dagbag.py:532} INFO - Filling up the DagBag from /home/airflow/.local/lib/python3.7/site-packages/airflow/example_dags/tutorial_dag.py
[2023-03-29T03:26:56.027+0000] {processor.py:753} INFO - DAG(s) dict_keys(['tutorial_dag']) retrieved from /home/airflow/.local/lib/python3.7/site-packages/airflow/example_dags/tutorial_dag.py
[2023-03-29T03:26:56.046+0000] {logging_mixin.py:137} INFO - [2023-03-29T03:26:56.045+0000] {dag.py:2693} INFO - Sync 1 DAGs
[2023-03-29T03:26:56.062+0000] {logging_mixin.py:137} INFO - [2023-03-29T03:26:56.062+0000] {dag.py:3444} INFO - Setting next_dagrun for tutorial_dag to None, run_after=None
[2023-03-29T03:26:56.074+0000] {processor.py:175} INFO - Processing /home/airflow/.local/lib/python3.7/site-packages/airflow/example_dags/tutorial_dag.py took 0.061 seconds
[2023-03-29T03:27:26.493+0000] {processor.py:153} INFO - Started process (PID=142) to work on /home/airflow/.local/lib/python3.7/site-packages/airflow/example_dags/tutorial_dag.py
[2023-03-29T03:27:26.495+0000] {processor.py:743} INFO - Processing file /home/airflow/.local/lib/python3.7/site-packages/airflow/example_dags/tutorial_dag.py for tasks to queue
[2023-03-29T03:27:26.496+0000] {logging_mixin.py:137} INFO - [2023-03-29T03:27:26.496+0000] {dagbag.py:532} INFO - Filling up the DagBag from /home/airflow/.local/lib/python3.7/site-packages/airflow/example_dags/tutorial_dag.py
[2023-03-29T03:27:26.505+0000] {processor.py:753} INFO - DAG(s) dict_keys(['tutorial_dag']) retrieved from /home/airflow/.local/lib/python3.7/site-packages/airflow/example_dags/tutorial_dag.py
[2023-03-29T03:27:26.523+0000] {logging_mixin.py:137} INFO - [2023-03-29T03:27:26.523+0000] {dag.py:2693} INFO - Sync 1 DAGs
[2023-03-29T03:27:26.540+0000] {logging_mixin.py:137} INFO - [2023-03-29T03:27:26.540+0000] {dag.py:3444} INFO - Setting next_dagrun for tutorial_dag to None, run_after=None
[2023-03-29T03:27:26.555+0000] {processor.py:175} INFO - Processing /home/airflow/.local/lib/python3.7/site-packages/airflow/example_dags/tutorial_dag.py took 0.065 seconds
[2023-03-29T03:27:57.232+0000] {processor.py:153} INFO - Started process (PID=191) to work on /home/airflow/.local/lib/python3.7/site-packages/airflow/example_dags/tutorial_dag.py
[2023-03-29T03:27:57.233+0000] {processor.py:743} INFO - Processing file /home/airflow/.local/lib/python3.7/site-packages/airflow/example_dags/tutorial_dag.py for tasks to queue
[2023-03-29T03:27:57.235+0000] {logging_mixin.py:137} INFO - [2023-03-29T03:27:57.234+0000] {dagbag.py:532} INFO - Filling up the DagBag from /home/airflow/.local/lib/python3.7/site-packages/airflow/example_dags/tutorial_dag.py
[2023-03-29T03:27:57.243+0000] {processor.py:753} INFO - DAG(s) dict_keys(['tutorial_dag']) retrieved from /home/airflow/.local/lib/python3.7/site-packages/airflow/example_dags/tutorial_dag.py
[2023-03-29T03:27:57.262+0000] {logging_mixin.py:137} INFO - [2023-03-29T03:27:57.262+0000] {dag.py:2693} INFO - Sync 1 DAGs
[2023-03-29T03:27:57.285+0000] {logging_mixin.py:137} INFO - [2023-03-29T03:27:57.285+0000] {dag.py:3444} INFO - Setting next_dagrun for tutorial_dag to None, run_after=None
[2023-03-29T03:27:57.298+0000] {processor.py:175} INFO - Processing /home/airflow/.local/lib/python3.7/site-packages/airflow/example_dags/tutorial_dag.py took 0.069 seconds
[2023-03-29T03:28:27.686+0000] {processor.py:153} INFO - Started process (PID=240) to work on /home/airflow/.local/lib/python3.7/site-packages/airflow/example_dags/tutorial_dag.py
[2023-03-29T03:28:27.687+0000] {processor.py:743} INFO - Processing file /home/airflow/.local/lib/python3.7/site-packages/airflow/example_dags/tutorial_dag.py for tasks to queue
[2023-03-29T03:28:27.689+0000] {logging_mixin.py:137} INFO - [2023-03-29T03:28:27.688+0000] {dagbag.py:532} INFO - Filling up the DagBag from /home/airflow/.local/lib/python3.7/site-packages/airflow/example_dags/tutorial_dag.py
[2023-03-29T03:28:27.698+0000] {processor.py:753} INFO - DAG(s) dict_keys(['tutorial_dag']) retrieved from /home/airflow/.local/lib/python3.7/site-packages/airflow/example_dags/tutorial_dag.py
[2023-03-29T03:28:27.718+0000] {logging_mixin.py:137} INFO - [2023-03-29T03:28:27.717+0000] {dag.py:2693} INFO - Sync 1 DAGs
[2023-03-29T03:28:27.734+0000] {logging_mixin.py:137} INFO - [2023-03-29T03:28:27.734+0000] {dag.py:3444} INFO - Setting next_dagrun for tutorial_dag to None, run_after=None
[2023-03-29T03:28:27.751+0000] {processor.py:175} INFO - Processing /home/airflow/.local/lib/python3.7/site-packages/airflow/example_dags/tutorial_dag.py took 0.067 seconds
[2023-03-29T03:28:58.366+0000] {processor.py:153} INFO - Started process (PID=289) to work on /home/airflow/.local/lib/python3.7/site-packages/airflow/example_dags/tutorial_dag.py
[2023-03-29T03:28:58.368+0000] {processor.py:743} INFO - Processing file /home/airflow/.local/lib/python3.7/site-packages/airflow/example_dags/tutorial_dag.py for tasks to queue
[2023-03-29T03:28:58.369+0000] {logging_mixin.py:137} INFO - [2023-03-29T03:28:58.369+0000] {dagbag.py:532} INFO - Filling up the DagBag from /home/airflow/.local/lib/python3.7/site-packages/airflow/example_dags/tutorial_dag.py
[2023-03-29T03:28:58.379+0000] {processor.py:753} INFO - DAG(s) dict_keys(['tutorial_dag']) retrieved from /home/airflow/.local/lib/python3.7/site-packages/airflow/example_dags/tutorial_dag.py
[2023-03-29T03:28:58.396+0000] {logging_mixin.py:137} INFO - [2023-03-29T03:28:58.396+0000] {dag.py:2693} INFO - Sync 1 DAGs
[2023-03-29T03:28:58.412+0000] {logging_mixin.py:137} INFO - [2023-03-29T03:28:58.412+0000] {dag.py:3444} INFO - Setting next_dagrun for tutorial_dag to None, run_after=None
[2023-03-29T03:28:58.424+0000] {processor.py:175} INFO - Processing /home/airflow/.local/lib/python3.7/site-packages/airflow/example_dags/tutorial_dag.py took 0.060 seconds
[2023-03-29T03:29:28.873+0000] {processor.py:153} INFO - Started process (PID=338) to work on /home/airflow/.local/lib/python3.7/site-packages/airflow/example_dags/tutorial_dag.py
[2023-03-29T03:29:28.876+0000] {processor.py:743} INFO - Processing file /home/airflow/.local/lib/python3.7/site-packages/airflow/example_dags/tutorial_dag.py for tasks to queue
[2023-03-29T03:29:28.878+0000] {logging_mixin.py:137} INFO - [2023-03-29T03:29:28.877+0000] {dagbag.py:532} INFO - Filling up the DagBag from /home/airflow/.local/lib/python3.7/site-packages/airflow/example_dags/tutorial_dag.py
[2023-03-29T03:29:28.889+0000] {processor.py:753} INFO - DAG(s) dict_keys(['tutorial_dag']) retrieved from /home/airflow/.local/lib/python3.7/site-packages/airflow/example_dags/tutorial_dag.py
[2023-03-29T03:29:28.915+0000] {logging_mixin.py:137} INFO - [2023-03-29T03:29:28.915+0000] {dag.py:2693} INFO - Sync 1 DAGs
[2023-03-29T03:29:28.939+0000] {logging_mixin.py:137} INFO - [2023-03-29T03:29:28.939+0000] {dag.py:3444} INFO - Setting next_dagrun for tutorial_dag to None, run_after=None
[2023-03-29T03:29:28.960+0000] {processor.py:175} INFO - Processing /home/airflow/.local/lib/python3.7/site-packages/airflow/example_dags/tutorial_dag.py took 0.090 seconds
[2023-03-29T03:29:59.613+0000] {processor.py:153} INFO - Started process (PID=387) to work on /home/airflow/.local/lib/python3.7/site-packages/airflow/example_dags/tutorial_dag.py
[2023-03-29T03:29:59.615+0000] {processor.py:743} INFO - Processing file /home/airflow/.local/lib/python3.7/site-packages/airflow/example_dags/tutorial_dag.py for tasks to queue
[2023-03-29T03:29:59.617+0000] {logging_mixin.py:137} INFO - [2023-03-29T03:29:59.616+0000] {dagbag.py:532} INFO - Filling up the DagBag from /home/airflow/.local/lib/python3.7/site-packages/airflow/example_dags/tutorial_dag.py
[2023-03-29T03:29:59.631+0000] {processor.py:753} INFO - DAG(s) dict_keys(['tutorial_dag']) retrieved from /home/airflow/.local/lib/python3.7/site-packages/airflow/example_dags/tutorial_dag.py
[2023-03-29T03:29:59.654+0000] {logging_mixin.py:137} INFO - [2023-03-29T03:29:59.654+0000] {dag.py:2693} INFO - Sync 1 DAGs
[2023-03-29T03:29:59.680+0000] {logging_mixin.py:137} INFO - [2023-03-29T03:29:59.680+0000] {dag.py:3444} INFO - Setting next_dagrun for tutorial_dag to None, run_after=None
[2023-03-29T03:29:59.697+0000] {processor.py:175} INFO - Processing /home/airflow/.local/lib/python3.7/site-packages/airflow/example_dags/tutorial_dag.py took 0.089 seconds
[2023-03-29T03:30:29.770+0000] {processor.py:153} INFO - Started process (PID=436) to work on /home/airflow/.local/lib/python3.7/site-packages/airflow/example_dags/tutorial_dag.py
[2023-03-29T03:30:29.771+0000] {processor.py:743} INFO - Processing file /home/airflow/.local/lib/python3.7/site-packages/airflow/example_dags/tutorial_dag.py for tasks to queue
[2023-03-29T03:30:29.774+0000] {logging_mixin.py:137} INFO - [2023-03-29T03:30:29.774+0000] {dagbag.py:532} INFO - Filling up the DagBag from /home/airflow/.local/lib/python3.7/site-packages/airflow/example_dags/tutorial_dag.py
[2023-03-29T03:30:29.782+0000] {processor.py:753} INFO - DAG(s) dict_keys(['tutorial_dag']) retrieved from /home/airflow/.local/lib/python3.7/site-packages/airflow/example_dags/tutorial_dag.py
[2023-03-29T03:30:29.804+0000] {logging_mixin.py:137} INFO - [2023-03-29T03:30:29.804+0000] {dag.py:2693} INFO - Sync 1 DAGs
[2023-03-29T03:30:29.822+0000] {logging_mixin.py:137} INFO - [2023-03-29T03:30:29.822+0000] {dag.py:3444} INFO - Setting next_dagrun for tutorial_dag to None, run_after=None
[2023-03-29T03:30:29.836+0000] {processor.py:175} INFO - Processing /home/airflow/.local/lib/python3.7/site-packages/airflow/example_dags/tutorial_dag.py took 0.068 seconds
[2023-03-29T03:31:01.173+0000] {processor.py:153} INFO - Started process (PID=485) to work on /home/airflow/.local/lib/python3.7/site-packages/airflow/example_dags/tutorial_dag.py
[2023-03-29T03:31:01.174+0000] {processor.py:743} INFO - Processing file /home/airflow/.local/lib/python3.7/site-packages/airflow/example_dags/tutorial_dag.py for tasks to queue
[2023-03-29T03:31:01.175+0000] {logging_mixin.py:137} INFO - [2023-03-29T03:31:01.175+0000] {dagbag.py:532} INFO - Filling up the DagBag from /home/airflow/.local/lib/python3.7/site-packages/airflow/example_dags/tutorial_dag.py
[2023-03-29T03:31:01.185+0000] {processor.py:753} INFO - DAG(s) dict_keys(['tutorial_dag']) retrieved from /home/airflow/.local/lib/python3.7/site-packages/airflow/example_dags/tutorial_dag.py
[2023-03-29T03:31:01.223+0000] {logging_mixin.py:137} INFO - [2023-03-29T03:31:01.223+0000] {dag.py:2693} INFO - Sync 1 DAGs
[2023-03-29T03:31:01.266+0000] {logging_mixin.py:137} INFO - [2023-03-29T03:31:01.266+0000] {dag.py:3444} INFO - Setting next_dagrun for tutorial_dag to None, run_after=None
[2023-03-29T03:31:01.300+0000] {processor.py:175} INFO - Processing /home/airflow/.local/lib/python3.7/site-packages/airflow/example_dags/tutorial_dag.py took 0.130 seconds
[2023-03-29T03:31:32.141+0000] {processor.py:153} INFO - Started process (PID=534) to work on /home/airflow/.local/lib/python3.7/site-packages/airflow/example_dags/tutorial_dag.py
[2023-03-29T03:31:32.143+0000] {processor.py:743} INFO - Processing file /home/airflow/.local/lib/python3.7/site-packages/airflow/example_dags/tutorial_dag.py for tasks to queue
[2023-03-29T03:31:32.144+0000] {logging_mixin.py:137} INFO - [2023-03-29T03:31:32.144+0000] {dagbag.py:532} INFO - Filling up the DagBag from /home/airflow/.local/lib/python3.7/site-packages/airflow/example_dags/tutorial_dag.py
[2023-03-29T03:31:32.152+0000] {processor.py:753} INFO - DAG(s) dict_keys(['tutorial_dag']) retrieved from /home/airflow/.local/lib/python3.7/site-packages/airflow/example_dags/tutorial_dag.py
[2023-03-29T03:31:32.170+0000] {logging_mixin.py:137} INFO - [2023-03-29T03:31:32.170+0000] {dag.py:2693} INFO - Sync 1 DAGs
[2023-03-29T03:31:32.185+0000] {logging_mixin.py:137} INFO - [2023-03-29T03:31:32.185+0000] {dag.py:3444} INFO - Setting next_dagrun for tutorial_dag to None, run_after=None
[2023-03-29T03:31:32.197+0000] {processor.py:175} INFO - Processing /home/airflow/.local/lib/python3.7/site-packages/airflow/example_dags/tutorial_dag.py took 0.058 seconds
[2023-03-29T03:32:02.730+0000] {processor.py:153} INFO - Started process (PID=583) to work on /home/airflow/.local/lib/python3.7/site-packages/airflow/example_dags/tutorial_dag.py
[2023-03-29T03:32:02.732+0000] {processor.py:743} INFO - Processing file /home/airflow/.local/lib/python3.7/site-packages/airflow/example_dags/tutorial_dag.py for tasks to queue
[2023-03-29T03:32:02.733+0000] {logging_mixin.py:137} INFO - [2023-03-29T03:32:02.733+0000] {dagbag.py:532} INFO - Filling up the DagBag from /home/airflow/.local/lib/python3.7/site-packages/airflow/example_dags/tutorial_dag.py
[2023-03-29T03:32:02.742+0000] {processor.py:753} INFO - DAG(s) dict_keys(['tutorial_dag']) retrieved from /home/airflow/.local/lib/python3.7/site-packages/airflow/example_dags/tutorial_dag.py
[2023-03-29T03:32:02.759+0000] {logging_mixin.py:137} INFO - [2023-03-29T03:32:02.759+0000] {dag.py:2693} INFO - Sync 1 DAGs
[2023-03-29T03:32:02.776+0000] {logging_mixin.py:137} INFO - [2023-03-29T03:32:02.776+0000] {dag.py:3444} INFO - Setting next_dagrun for tutorial_dag to None, run_after=None
[2023-03-29T03:32:02.790+0000] {processor.py:175} INFO - Processing /home/airflow/.local/lib/python3.7/site-packages/airflow/example_dags/tutorial_dag.py took 0.062 seconds
[2023-03-29T03:32:33.609+0000] {processor.py:153} INFO - Started process (PID=633) to work on /home/airflow/.local/lib/python3.7/site-packages/airflow/example_dags/tutorial_dag.py
[2023-03-29T03:32:33.610+0000] {processor.py:743} INFO - Processing file /home/airflow/.local/lib/python3.7/site-packages/airflow/example_dags/tutorial_dag.py for tasks to queue
[2023-03-29T03:32:33.611+0000] {logging_mixin.py:137} INFO - [2023-03-29T03:32:33.611+0000] {dagbag.py:532} INFO - Filling up the DagBag from /home/airflow/.local/lib/python3.7/site-packages/airflow/example_dags/tutorial_dag.py
[2023-03-29T03:32:33.626+0000] {processor.py:753} INFO - DAG(s) dict_keys(['tutorial_dag']) retrieved from /home/airflow/.local/lib/python3.7/site-packages/airflow/example_dags/tutorial_dag.py
[2023-03-29T03:32:33.652+0000] {logging_mixin.py:137} INFO - [2023-03-29T03:32:33.652+0000] {dag.py:2693} INFO - Sync 1 DAGs
[2023-03-29T03:32:33.670+0000] {logging_mixin.py:137} INFO - [2023-03-29T03:32:33.669+0000] {dag.py:3444} INFO - Setting next_dagrun for tutorial_dag to None, run_after=None
[2023-03-29T03:32:33.683+0000] {processor.py:175} INFO - Processing /home/airflow/.local/lib/python3.7/site-packages/airflow/example_dags/tutorial_dag.py took 0.078 seconds
[2023-03-29T03:33:04.420+0000] {processor.py:153} INFO - Started process (PID=682) to work on /home/airflow/.local/lib/python3.7/site-packages/airflow/example_dags/tutorial_dag.py
[2023-03-29T03:33:04.422+0000] {processor.py:743} INFO - Processing file /home/airflow/.local/lib/python3.7/site-packages/airflow/example_dags/tutorial_dag.py for tasks to queue
[2023-03-29T03:33:04.423+0000] {logging_mixin.py:137} INFO - [2023-03-29T03:33:04.423+0000] {dagbag.py:532} INFO - Filling up the DagBag from /home/airflow/.local/lib/python3.7/site-packages/airflow/example_dags/tutorial_dag.py
[2023-03-29T03:33:04.434+0000] {processor.py:753} INFO - DAG(s) dict_keys(['tutorial_dag']) retrieved from /home/airflow/.local/lib/python3.7/site-packages/airflow/example_dags/tutorial_dag.py
[2023-03-29T03:33:04.454+0000] {logging_mixin.py:137} INFO - [2023-03-29T03:33:04.454+0000] {dag.py:2693} INFO - Sync 1 DAGs
[2023-03-29T03:33:04.475+0000] {logging_mixin.py:137} INFO - [2023-03-29T03:33:04.475+0000] {dag.py:3444} INFO - Setting next_dagrun for tutorial_dag to None, run_after=None
[2023-03-29T03:33:04.488+0000] {processor.py:175} INFO - Processing /home/airflow/.local/lib/python3.7/site-packages/airflow/example_dags/tutorial_dag.py took 0.071 seconds
[2023-03-29T03:33:35.218+0000] {processor.py:153} INFO - Started process (PID=731) to work on /home/airflow/.local/lib/python3.7/site-packages/airflow/example_dags/tutorial_dag.py
[2023-03-29T03:33:35.220+0000] {processor.py:743} INFO - Processing file /home/airflow/.local/lib/python3.7/site-packages/airflow/example_dags/tutorial_dag.py for tasks to queue
[2023-03-29T03:33:35.221+0000] {logging_mixin.py:137} INFO - [2023-03-29T03:33:35.220+0000] {dagbag.py:532} INFO - Filling up the DagBag from /home/airflow/.local/lib/python3.7/site-packages/airflow/example_dags/tutorial_dag.py
[2023-03-29T03:33:35.230+0000] {processor.py:753} INFO - DAG(s) dict_keys(['tutorial_dag']) retrieved from /home/airflow/.local/lib/python3.7/site-packages/airflow/example_dags/tutorial_dag.py
[2023-03-29T03:33:35.246+0000] {logging_mixin.py:137} INFO - [2023-03-29T03:33:35.246+0000] {dag.py:2693} INFO - Sync 1 DAGs
[2023-03-29T03:33:35.261+0000] {logging_mixin.py:137} INFO - [2023-03-29T03:33:35.261+0000] {dag.py:3444} INFO - Setting next_dagrun for tutorial_dag to None, run_after=None
[2023-03-29T03:33:35.274+0000] {processor.py:175} INFO - Processing /home/airflow/.local/lib/python3.7/site-packages/airflow/example_dags/tutorial_dag.py took 0.058 seconds
[2023-03-29T03:34:06.040+0000] {processor.py:153} INFO - Started process (PID=780) to work on /home/airflow/.local/lib/python3.7/site-packages/airflow/example_dags/tutorial_dag.py
[2023-03-29T03:34:06.042+0000] {processor.py:743} INFO - Processing file /home/airflow/.local/lib/python3.7/site-packages/airflow/example_dags/tutorial_dag.py for tasks to queue
[2023-03-29T03:34:06.043+0000] {logging_mixin.py:137} INFO - [2023-03-29T03:34:06.043+0000] {dagbag.py:532} INFO - Filling up the DagBag from /home/airflow/.local/lib/python3.7/site-packages/airflow/example_dags/tutorial_dag.py
[2023-03-29T03:34:06.053+0000] {processor.py:753} INFO - DAG(s) dict_keys(['tutorial_dag']) retrieved from /home/airflow/.local/lib/python3.7/site-packages/airflow/example_dags/tutorial_dag.py
[2023-03-29T03:34:06.072+0000] {logging_mixin.py:137} INFO - [2023-03-29T03:34:06.071+0000] {dag.py:2693} INFO - Sync 1 DAGs
[2023-03-29T03:34:06.092+0000] {logging_mixin.py:137} INFO - [2023-03-29T03:34:06.092+0000] {dag.py:3444} INFO - Setting next_dagrun for tutorial_dag to None, run_after=None
[2023-03-29T03:34:06.106+0000] {processor.py:175} INFO - Processing /home/airflow/.local/lib/python3.7/site-packages/airflow/example_dags/tutorial_dag.py took 0.069 seconds
[2023-03-29T03:34:36.627+0000] {processor.py:153} INFO - Started process (PID=830) to work on /home/airflow/.local/lib/python3.7/site-packages/airflow/example_dags/tutorial_dag.py
[2023-03-29T03:34:36.628+0000] {processor.py:743} INFO - Processing file /home/airflow/.local/lib/python3.7/site-packages/airflow/example_dags/tutorial_dag.py for tasks to queue
[2023-03-29T03:34:36.629+0000] {logging_mixin.py:137} INFO - [2023-03-29T03:34:36.629+0000] {dagbag.py:532} INFO - Filling up the DagBag from /home/airflow/.local/lib/python3.7/site-packages/airflow/example_dags/tutorial_dag.py
[2023-03-29T03:34:36.639+0000] {processor.py:753} INFO - DAG(s) dict_keys(['tutorial_dag']) retrieved from /home/airflow/.local/lib/python3.7/site-packages/airflow/example_dags/tutorial_dag.py
[2023-03-29T03:34:36.658+0000] {logging_mixin.py:137} INFO - [2023-03-29T03:34:36.658+0000] {dag.py:2693} INFO - Sync 1 DAGs
[2023-03-29T03:34:36.676+0000] {logging_mixin.py:137} INFO - [2023-03-29T03:34:36.676+0000] {dag.py:3444} INFO - Setting next_dagrun for tutorial_dag to None, run_after=None
[2023-03-29T03:34:36.690+0000] {processor.py:175} INFO - Processing /home/airflow/.local/lib/python3.7/site-packages/airflow/example_dags/tutorial_dag.py took 0.066 seconds
[2023-03-29T03:35:07.214+0000] {processor.py:153} INFO - Started process (PID=879) to work on /home/airflow/.local/lib/python3.7/site-packages/airflow/example_dags/tutorial_dag.py
[2023-03-29T03:35:07.220+0000] {processor.py:743} INFO - Processing file /home/airflow/.local/lib/python3.7/site-packages/airflow/example_dags/tutorial_dag.py for tasks to queue
[2023-03-29T03:35:07.221+0000] {logging_mixin.py:137} INFO - [2023-03-29T03:35:07.221+0000] {dagbag.py:532} INFO - Filling up the DagBag from /home/airflow/.local/lib/python3.7/site-packages/airflow/example_dags/tutorial_dag.py
[2023-03-29T03:35:07.231+0000] {processor.py:753} INFO - DAG(s) dict_keys(['tutorial_dag']) retrieved from /home/airflow/.local/lib/python3.7/site-packages/airflow/example_dags/tutorial_dag.py
[2023-03-29T03:35:07.249+0000] {logging_mixin.py:137} INFO - [2023-03-29T03:35:07.249+0000] {dag.py:2693} INFO - Sync 1 DAGs
[2023-03-29T03:35:07.266+0000] {logging_mixin.py:137} INFO - [2023-03-29T03:35:07.266+0000] {dag.py:3444} INFO - Setting next_dagrun for tutorial_dag to None, run_after=None
[2023-03-29T03:35:07.280+0000] {processor.py:175} INFO - Processing /home/airflow/.local/lib/python3.7/site-packages/airflow/example_dags/tutorial_dag.py took 0.068 seconds
[2023-03-29T03:35:37.850+0000] {processor.py:153} INFO - Started process (PID=928) to work on /home/airflow/.local/lib/python3.7/site-packages/airflow/example_dags/tutorial_dag.py
[2023-03-29T03:35:37.851+0000] {processor.py:743} INFO - Processing file /home/airflow/.local/lib/python3.7/site-packages/airflow/example_dags/tutorial_dag.py for tasks to queue
[2023-03-29T03:35:37.852+0000] {logging_mixin.py:137} INFO - [2023-03-29T03:35:37.852+0000] {dagbag.py:532} INFO - Filling up the DagBag from /home/airflow/.local/lib/python3.7/site-packages/airflow/example_dags/tutorial_dag.py
[2023-03-29T03:35:37.860+0000] {processor.py:753} INFO - DAG(s) dict_keys(['tutorial_dag']) retrieved from /home/airflow/.local/lib/python3.7/site-packages/airflow/example_dags/tutorial_dag.py
[2023-03-29T03:35:37.877+0000] {logging_mixin.py:137} INFO - [2023-03-29T03:35:37.877+0000] {dag.py:2693} INFO - Sync 1 DAGs
[2023-03-29T03:35:37.893+0000] {logging_mixin.py:137} INFO - [2023-03-29T03:35:37.893+0000] {dag.py:3444} INFO - Setting next_dagrun for tutorial_dag to None, run_after=None
[2023-03-29T03:35:37.908+0000] {processor.py:175} INFO - Processing /home/airflow/.local/lib/python3.7/site-packages/airflow/example_dags/tutorial_dag.py took 0.061 seconds
[2023-03-29T03:36:08.596+0000] {processor.py:153} INFO - Started process (PID=977) to work on /home/airflow/.local/lib/python3.7/site-packages/airflow/example_dags/tutorial_dag.py
[2023-03-29T03:36:08.597+0000] {processor.py:743} INFO - Processing file /home/airflow/.local/lib/python3.7/site-packages/airflow/example_dags/tutorial_dag.py for tasks to queue
[2023-03-29T03:36:08.599+0000] {logging_mixin.py:137} INFO - [2023-03-29T03:36:08.598+0000] {dagbag.py:532} INFO - Filling up the DagBag from /home/airflow/.local/lib/python3.7/site-packages/airflow/example_dags/tutorial_dag.py
[2023-03-29T03:36:08.608+0000] {processor.py:753} INFO - DAG(s) dict_keys(['tutorial_dag']) retrieved from /home/airflow/.local/lib/python3.7/site-packages/airflow/example_dags/tutorial_dag.py
[2023-03-29T03:36:08.635+0000] {logging_mixin.py:137} INFO - [2023-03-29T03:36:08.634+0000] {dag.py:2693} INFO - Sync 1 DAGs
[2023-03-29T03:36:08.655+0000] {logging_mixin.py:137} INFO - [2023-03-29T03:36:08.655+0000] {dag.py:3444} INFO - Setting next_dagrun for tutorial_dag to None, run_after=None
[2023-03-29T03:36:08.667+0000] {processor.py:175} INFO - Processing /home/airflow/.local/lib/python3.7/site-packages/airflow/example_dags/tutorial_dag.py took 0.073 seconds
[2023-03-29T03:36:39.385+0000] {processor.py:153} INFO - Started process (PID=1027) to work on /home/airflow/.local/lib/python3.7/site-packages/airflow/example_dags/tutorial_dag.py
[2023-03-29T03:36:39.387+0000] {processor.py:743} INFO - Processing file /home/airflow/.local/lib/python3.7/site-packages/airflow/example_dags/tutorial_dag.py for tasks to queue
[2023-03-29T03:36:39.388+0000] {logging_mixin.py:137} INFO - [2023-03-29T03:36:39.388+0000] {dagbag.py:532} INFO - Filling up the DagBag from /home/airflow/.local/lib/python3.7/site-packages/airflow/example_dags/tutorial_dag.py
[2023-03-29T03:36:39.398+0000] {processor.py:753} INFO - DAG(s) dict_keys(['tutorial_dag']) retrieved from /home/airflow/.local/lib/python3.7/site-packages/airflow/example_dags/tutorial_dag.py
[2023-03-29T03:36:39.418+0000] {logging_mixin.py:137} INFO - [2023-03-29T03:36:39.417+0000] {dag.py:2693} INFO - Sync 1 DAGs
[2023-03-29T03:36:39.434+0000] {logging_mixin.py:137} INFO - [2023-03-29T03:36:39.434+0000] {dag.py:3444} INFO - Setting next_dagrun for tutorial_dag to None, run_after=None
[2023-03-29T03:36:39.455+0000] {processor.py:175} INFO - Processing /home/airflow/.local/lib/python3.7/site-packages/airflow/example_dags/tutorial_dag.py took 0.073 seconds
[2023-03-29T03:37:10.055+0000] {processor.py:153} INFO - Started process (PID=1076) to work on /home/airflow/.local/lib/python3.7/site-packages/airflow/example_dags/tutorial_dag.py
[2023-03-29T03:37:10.058+0000] {processor.py:743} INFO - Processing file /home/airflow/.local/lib/python3.7/site-packages/airflow/example_dags/tutorial_dag.py for tasks to queue
[2023-03-29T03:37:10.059+0000] {logging_mixin.py:137} INFO - [2023-03-29T03:37:10.059+0000] {dagbag.py:532} INFO - Filling up the DagBag from /home/airflow/.local/lib/python3.7/site-packages/airflow/example_dags/tutorial_dag.py
[2023-03-29T03:37:10.068+0000] {processor.py:753} INFO - DAG(s) dict_keys(['tutorial_dag']) retrieved from /home/airflow/.local/lib/python3.7/site-packages/airflow/example_dags/tutorial_dag.py
[2023-03-29T03:37:10.088+0000] {logging_mixin.py:137} INFO - [2023-03-29T03:37:10.088+0000] {dag.py:2693} INFO - Sync 1 DAGs
[2023-03-29T03:37:10.106+0000] {logging_mixin.py:137} INFO - [2023-03-29T03:37:10.106+0000] {dag.py:3444} INFO - Setting next_dagrun for tutorial_dag to None, run_after=None
[2023-03-29T03:37:10.119+0000] {processor.py:175} INFO - Processing /home/airflow/.local/lib/python3.7/site-packages/airflow/example_dags/tutorial_dag.py took 0.067 seconds
[2023-03-29T03:37:40.745+0000] {processor.py:153} INFO - Started process (PID=1125) to work on /home/airflow/.local/lib/python3.7/site-packages/airflow/example_dags/tutorial_dag.py
[2023-03-29T03:37:40.747+0000] {processor.py:743} INFO - Processing file /home/airflow/.local/lib/python3.7/site-packages/airflow/example_dags/tutorial_dag.py for tasks to queue
[2023-03-29T03:37:40.748+0000] {logging_mixin.py:137} INFO - [2023-03-29T03:37:40.748+0000] {dagbag.py:532} INFO - Filling up the DagBag from /home/airflow/.local/lib/python3.7/site-packages/airflow/example_dags/tutorial_dag.py
[2023-03-29T03:37:40.757+0000] {processor.py:753} INFO - DAG(s) dict_keys(['tutorial_dag']) retrieved from /home/airflow/.local/lib/python3.7/site-packages/airflow/example_dags/tutorial_dag.py
[2023-03-29T03:37:40.779+0000] {logging_mixin.py:137} INFO - [2023-03-29T03:37:40.778+0000] {dag.py:2693} INFO - Sync 1 DAGs
[2023-03-29T03:37:40.798+0000] {logging_mixin.py:137} INFO - [2023-03-29T03:37:40.798+0000] {dag.py:3444} INFO - Setting next_dagrun for tutorial_dag to None, run_after=None
[2023-03-29T03:37:40.815+0000] {processor.py:175} INFO - Processing /home/airflow/.local/lib/python3.7/site-packages/airflow/example_dags/tutorial_dag.py took 0.073 seconds
[2023-03-29T03:38:11.303+0000] {processor.py:153} INFO - Started process (PID=1174) to work on /home/airflow/.local/lib/python3.7/site-packages/airflow/example_dags/tutorial_dag.py
[2023-03-29T03:38:11.305+0000] {processor.py:743} INFO - Processing file /home/airflow/.local/lib/python3.7/site-packages/airflow/example_dags/tutorial_dag.py for tasks to queue
[2023-03-29T03:38:11.306+0000] {logging_mixin.py:137} INFO - [2023-03-29T03:38:11.305+0000] {dagbag.py:532} INFO - Filling up the DagBag from /home/airflow/.local/lib/python3.7/site-packages/airflow/example_dags/tutorial_dag.py
[2023-03-29T03:38:11.315+0000] {processor.py:753} INFO - DAG(s) dict_keys(['tutorial_dag']) retrieved from /home/airflow/.local/lib/python3.7/site-packages/airflow/example_dags/tutorial_dag.py
[2023-03-29T03:38:11.333+0000] {logging_mixin.py:137} INFO - [2023-03-29T03:38:11.333+0000] {dag.py:2693} INFO - Sync 1 DAGs
[2023-03-29T03:38:11.350+0000] {logging_mixin.py:137} INFO - [2023-03-29T03:38:11.350+0000] {dag.py:3444} INFO - Setting next_dagrun for tutorial_dag to None, run_after=None
[2023-03-29T03:38:11.366+0000] {processor.py:175} INFO - Processing /home/airflow/.local/lib/python3.7/site-packages/airflow/example_dags/tutorial_dag.py took 0.066 seconds
[2023-03-29T03:38:41.871+0000] {processor.py:153} INFO - Started process (PID=1223) to work on /home/airflow/.local/lib/python3.7/site-packages/airflow/example_dags/tutorial_dag.py
[2023-03-29T03:38:41.873+0000] {processor.py:743} INFO - Processing file /home/airflow/.local/lib/python3.7/site-packages/airflow/example_dags/tutorial_dag.py for tasks to queue
[2023-03-29T03:38:41.875+0000] {logging_mixin.py:137} INFO - [2023-03-29T03:38:41.875+0000] {dagbag.py:532} INFO - Filling up the DagBag from /home/airflow/.local/lib/python3.7/site-packages/airflow/example_dags/tutorial_dag.py
[2023-03-29T03:38:41.884+0000] {processor.py:753} INFO - DAG(s) dict_keys(['tutorial_dag']) retrieved from /home/airflow/.local/lib/python3.7/site-packages/airflow/example_dags/tutorial_dag.py
[2023-03-29T03:38:41.915+0000] {logging_mixin.py:137} INFO - [2023-03-29T03:38:41.915+0000] {dag.py:2693} INFO - Sync 1 DAGs
[2023-03-29T03:38:41.933+0000] {logging_mixin.py:137} INFO - [2023-03-29T03:38:41.933+0000] {dag.py:3444} INFO - Setting next_dagrun for tutorial_dag to None, run_after=None
[2023-03-29T03:38:41.945+0000] {processor.py:175} INFO - Processing /home/airflow/.local/lib/python3.7/site-packages/airflow/example_dags/tutorial_dag.py took 0.076 seconds
[2023-03-29T03:39:12.514+0000] {processor.py:153} INFO - Started process (PID=1273) to work on /home/airflow/.local/lib/python3.7/site-packages/airflow/example_dags/tutorial_dag.py
[2023-03-29T03:39:12.515+0000] {processor.py:743} INFO - Processing file /home/airflow/.local/lib/python3.7/site-packages/airflow/example_dags/tutorial_dag.py for tasks to queue
[2023-03-29T03:39:12.516+0000] {logging_mixin.py:137} INFO - [2023-03-29T03:39:12.516+0000] {dagbag.py:532} INFO - Filling up the DagBag from /home/airflow/.local/lib/python3.7/site-packages/airflow/example_dags/tutorial_dag.py
[2023-03-29T03:39:12.525+0000] {processor.py:753} INFO - DAG(s) dict_keys(['tutorial_dag']) retrieved from /home/airflow/.local/lib/python3.7/site-packages/airflow/example_dags/tutorial_dag.py
[2023-03-29T03:39:12.543+0000] {logging_mixin.py:137} INFO - [2023-03-29T03:39:12.543+0000] {dag.py:2693} INFO - Sync 1 DAGs
[2023-03-29T03:39:12.561+0000] {logging_mixin.py:137} INFO - [2023-03-29T03:39:12.561+0000] {dag.py:3444} INFO - Setting next_dagrun for tutorial_dag to None, run_after=None
[2023-03-29T03:39:12.574+0000] {processor.py:175} INFO - Processing /home/airflow/.local/lib/python3.7/site-packages/airflow/example_dags/tutorial_dag.py took 0.062 seconds
[2023-03-29T03:39:43.119+0000] {processor.py:153} INFO - Started process (PID=1322) to work on /home/airflow/.local/lib/python3.7/site-packages/airflow/example_dags/tutorial_dag.py
[2023-03-29T03:39:43.121+0000] {processor.py:743} INFO - Processing file /home/airflow/.local/lib/python3.7/site-packages/airflow/example_dags/tutorial_dag.py for tasks to queue
[2023-03-29T03:39:43.123+0000] {logging_mixin.py:137} INFO - [2023-03-29T03:39:43.123+0000] {dagbag.py:532} INFO - Filling up the DagBag from /home/airflow/.local/lib/python3.7/site-packages/airflow/example_dags/tutorial_dag.py
[2023-03-29T03:39:43.132+0000] {processor.py:753} INFO - DAG(s) dict_keys(['tutorial_dag']) retrieved from /home/airflow/.local/lib/python3.7/site-packages/airflow/example_dags/tutorial_dag.py
[2023-03-29T03:39:43.151+0000] {logging_mixin.py:137} INFO - [2023-03-29T03:39:43.151+0000] {dag.py:2693} INFO - Sync 1 DAGs
[2023-03-29T03:39:43.168+0000] {logging_mixin.py:137} INFO - [2023-03-29T03:39:43.168+0000] {dag.py:3444} INFO - Setting next_dagrun for tutorial_dag to None, run_after=None
[2023-03-29T03:39:43.181+0000] {processor.py:175} INFO - Processing /home/airflow/.local/lib/python3.7/site-packages/airflow/example_dags/tutorial_dag.py took 0.065 seconds
[2023-03-29T03:40:13.855+0000] {processor.py:153} INFO - Started process (PID=1371) to work on /home/airflow/.local/lib/python3.7/site-packages/airflow/example_dags/tutorial_dag.py
[2023-03-29T03:40:13.857+0000] {processor.py:743} INFO - Processing file /home/airflow/.local/lib/python3.7/site-packages/airflow/example_dags/tutorial_dag.py for tasks to queue
[2023-03-29T03:40:13.859+0000] {logging_mixin.py:137} INFO - [2023-03-29T03:40:13.859+0000] {dagbag.py:532} INFO - Filling up the DagBag from /home/airflow/.local/lib/python3.7/site-packages/airflow/example_dags/tutorial_dag.py
[2023-03-29T03:40:13.867+0000] {processor.py:753} INFO - DAG(s) dict_keys(['tutorial_dag']) retrieved from /home/airflow/.local/lib/python3.7/site-packages/airflow/example_dags/tutorial_dag.py
[2023-03-29T03:40:13.886+0000] {logging_mixin.py:137} INFO - [2023-03-29T03:40:13.886+0000] {dag.py:2693} INFO - Sync 1 DAGs
[2023-03-29T03:40:13.903+0000] {logging_mixin.py:137} INFO - [2023-03-29T03:40:13.903+0000] {dag.py:3444} INFO - Setting next_dagrun for tutorial_dag to None, run_after=None
[2023-03-29T03:40:13.916+0000] {processor.py:175} INFO - Processing /home/airflow/.local/lib/python3.7/site-packages/airflow/example_dags/tutorial_dag.py took 0.064 seconds
[2023-03-29T03:40:44.528+0000] {processor.py:153} INFO - Started process (PID=1420) to work on /home/airflow/.local/lib/python3.7/site-packages/airflow/example_dags/tutorial_dag.py
[2023-03-29T03:40:44.530+0000] {processor.py:743} INFO - Processing file /home/airflow/.local/lib/python3.7/site-packages/airflow/example_dags/tutorial_dag.py for tasks to queue
[2023-03-29T03:40:44.531+0000] {logging_mixin.py:137} INFO - [2023-03-29T03:40:44.531+0000] {dagbag.py:532} INFO - Filling up the DagBag from /home/airflow/.local/lib/python3.7/site-packages/airflow/example_dags/tutorial_dag.py
[2023-03-29T03:40:44.539+0000] {processor.py:753} INFO - DAG(s) dict_keys(['tutorial_dag']) retrieved from /home/airflow/.local/lib/python3.7/site-packages/airflow/example_dags/tutorial_dag.py
[2023-03-29T03:40:44.557+0000] {logging_mixin.py:137} INFO - [2023-03-29T03:40:44.557+0000] {dag.py:2693} INFO - Sync 1 DAGs
[2023-03-29T03:40:44.574+0000] {logging_mixin.py:137} INFO - [2023-03-29T03:40:44.574+0000] {dag.py:3444} INFO - Setting next_dagrun for tutorial_dag to None, run_after=None
[2023-03-29T03:40:44.588+0000] {processor.py:175} INFO - Processing /home/airflow/.local/lib/python3.7/site-packages/airflow/example_dags/tutorial_dag.py took 0.063 seconds
[2023-03-29T03:41:15.210+0000] {processor.py:153} INFO - Started process (PID=1469) to work on /home/airflow/.local/lib/python3.7/site-packages/airflow/example_dags/tutorial_dag.py
[2023-03-29T03:41:15.211+0000] {processor.py:743} INFO - Processing file /home/airflow/.local/lib/python3.7/site-packages/airflow/example_dags/tutorial_dag.py for tasks to queue
[2023-03-29T03:41:15.212+0000] {logging_mixin.py:137} INFO - [2023-03-29T03:41:15.212+0000] {dagbag.py:532} INFO - Filling up the DagBag from /home/airflow/.local/lib/python3.7/site-packages/airflow/example_dags/tutorial_dag.py
[2023-03-29T03:41:15.222+0000] {processor.py:753} INFO - DAG(s) dict_keys(['tutorial_dag']) retrieved from /home/airflow/.local/lib/python3.7/site-packages/airflow/example_dags/tutorial_dag.py
[2023-03-29T03:41:15.247+0000] {logging_mixin.py:137} INFO - [2023-03-29T03:41:15.247+0000] {dag.py:2693} INFO - Sync 1 DAGs
[2023-03-29T03:41:15.265+0000] {logging_mixin.py:137} INFO - [2023-03-29T03:41:15.265+0000] {dag.py:3444} INFO - Setting next_dagrun for tutorial_dag to None, run_after=None
[2023-03-29T03:41:15.278+0000] {processor.py:175} INFO - Processing /home/airflow/.local/lib/python3.7/site-packages/airflow/example_dags/tutorial_dag.py took 0.070 seconds
[2023-03-29T03:41:45.974+0000] {processor.py:153} INFO - Started process (PID=1518) to work on /home/airflow/.local/lib/python3.7/site-packages/airflow/example_dags/tutorial_dag.py
[2023-03-29T03:41:45.977+0000] {processor.py:743} INFO - Processing file /home/airflow/.local/lib/python3.7/site-packages/airflow/example_dags/tutorial_dag.py for tasks to queue
[2023-03-29T03:41:45.978+0000] {logging_mixin.py:137} INFO - [2023-03-29T03:41:45.978+0000] {dagbag.py:532} INFO - Filling up the DagBag from /home/airflow/.local/lib/python3.7/site-packages/airflow/example_dags/tutorial_dag.py
[2023-03-29T03:41:45.987+0000] {processor.py:753} INFO - DAG(s) dict_keys(['tutorial_dag']) retrieved from /home/airflow/.local/lib/python3.7/site-packages/airflow/example_dags/tutorial_dag.py
[2023-03-29T03:41:46.005+0000] {logging_mixin.py:137} INFO - [2023-03-29T03:41:46.005+0000] {dag.py:2693} INFO - Sync 1 DAGs
[2023-03-29T03:41:46.023+0000] {logging_mixin.py:137} INFO - [2023-03-29T03:41:46.023+0000] {dag.py:3444} INFO - Setting next_dagrun for tutorial_dag to None, run_after=None
[2023-03-29T03:41:46.041+0000] {processor.py:175} INFO - Processing /home/airflow/.local/lib/python3.7/site-packages/airflow/example_dags/tutorial_dag.py took 0.069 seconds
[2023-03-29T03:42:16.458+0000] {processor.py:153} INFO - Started process (PID=1569) to work on /home/airflow/.local/lib/python3.7/site-packages/airflow/example_dags/tutorial_dag.py
[2023-03-29T03:42:16.459+0000] {processor.py:743} INFO - Processing file /home/airflow/.local/lib/python3.7/site-packages/airflow/example_dags/tutorial_dag.py for tasks to queue
[2023-03-29T03:42:16.460+0000] {logging_mixin.py:137} INFO - [2023-03-29T03:42:16.460+0000] {dagbag.py:532} INFO - Filling up the DagBag from /home/airflow/.local/lib/python3.7/site-packages/airflow/example_dags/tutorial_dag.py
[2023-03-29T03:42:16.469+0000] {processor.py:753} INFO - DAG(s) dict_keys(['tutorial_dag']) retrieved from /home/airflow/.local/lib/python3.7/site-packages/airflow/example_dags/tutorial_dag.py
[2023-03-29T03:42:16.488+0000] {logging_mixin.py:137} INFO - [2023-03-29T03:42:16.487+0000] {dag.py:2693} INFO - Sync 1 DAGs
[2023-03-29T03:42:16.504+0000] {logging_mixin.py:137} INFO - [2023-03-29T03:42:16.503+0000] {dag.py:3444} INFO - Setting next_dagrun for tutorial_dag to None, run_after=None
[2023-03-29T03:42:16.518+0000] {processor.py:175} INFO - Processing /home/airflow/.local/lib/python3.7/site-packages/airflow/example_dags/tutorial_dag.py took 0.064 seconds
[2023-03-29T03:42:47.177+0000] {processor.py:153} INFO - Started process (PID=1618) to work on /home/airflow/.local/lib/python3.7/site-packages/airflow/example_dags/tutorial_dag.py
[2023-03-29T03:42:47.179+0000] {processor.py:743} INFO - Processing file /home/airflow/.local/lib/python3.7/site-packages/airflow/example_dags/tutorial_dag.py for tasks to queue
[2023-03-29T03:42:47.180+0000] {logging_mixin.py:137} INFO - [2023-03-29T03:42:47.180+0000] {dagbag.py:532} INFO - Filling up the DagBag from /home/airflow/.local/lib/python3.7/site-packages/airflow/example_dags/tutorial_dag.py
[2023-03-29T03:42:47.189+0000] {processor.py:753} INFO - DAG(s) dict_keys(['tutorial_dag']) retrieved from /home/airflow/.local/lib/python3.7/site-packages/airflow/example_dags/tutorial_dag.py
[2023-03-29T03:42:47.211+0000] {logging_mixin.py:137} INFO - [2023-03-29T03:42:47.211+0000] {dag.py:2693} INFO - Sync 1 DAGs
[2023-03-29T03:42:47.227+0000] {logging_mixin.py:137} INFO - [2023-03-29T03:42:47.227+0000] {dag.py:3444} INFO - Setting next_dagrun for tutorial_dag to None, run_after=None
[2023-03-29T03:42:47.243+0000] {processor.py:175} INFO - Processing /home/airflow/.local/lib/python3.7/site-packages/airflow/example_dags/tutorial_dag.py took 0.068 seconds
[2023-03-29T03:43:17.606+0000] {processor.py:153} INFO - Started process (PID=1667) to work on /home/airflow/.local/lib/python3.7/site-packages/airflow/example_dags/tutorial_dag.py
[2023-03-29T03:43:17.607+0000] {processor.py:743} INFO - Processing file /home/airflow/.local/lib/python3.7/site-packages/airflow/example_dags/tutorial_dag.py for tasks to queue
[2023-03-29T03:43:17.608+0000] {logging_mixin.py:137} INFO - [2023-03-29T03:43:17.608+0000] {dagbag.py:532} INFO - Filling up the DagBag from /home/airflow/.local/lib/python3.7/site-packages/airflow/example_dags/tutorial_dag.py
[2023-03-29T03:43:17.617+0000] {processor.py:753} INFO - DAG(s) dict_keys(['tutorial_dag']) retrieved from /home/airflow/.local/lib/python3.7/site-packages/airflow/example_dags/tutorial_dag.py
[2023-03-29T03:43:17.637+0000] {logging_mixin.py:137} INFO - [2023-03-29T03:43:17.637+0000] {dag.py:2693} INFO - Sync 1 DAGs
[2023-03-29T03:43:17.656+0000] {logging_mixin.py:137} INFO - [2023-03-29T03:43:17.656+0000] {dag.py:3444} INFO - Setting next_dagrun for tutorial_dag to None, run_after=None
[2023-03-29T03:43:17.670+0000] {processor.py:175} INFO - Processing /home/airflow/.local/lib/python3.7/site-packages/airflow/example_dags/tutorial_dag.py took 0.067 seconds
[2023-03-29T03:43:48.544+0000] {processor.py:153} INFO - Started process (PID=1716) to work on /home/airflow/.local/lib/python3.7/site-packages/airflow/example_dags/tutorial_dag.py
[2023-03-29T03:43:48.545+0000] {processor.py:743} INFO - Processing file /home/airflow/.local/lib/python3.7/site-packages/airflow/example_dags/tutorial_dag.py for tasks to queue
[2023-03-29T03:43:48.547+0000] {logging_mixin.py:137} INFO - [2023-03-29T03:43:48.547+0000] {dagbag.py:532} INFO - Filling up the DagBag from /home/airflow/.local/lib/python3.7/site-packages/airflow/example_dags/tutorial_dag.py
[2023-03-29T03:43:48.556+0000] {processor.py:753} INFO - DAG(s) dict_keys(['tutorial_dag']) retrieved from /home/airflow/.local/lib/python3.7/site-packages/airflow/example_dags/tutorial_dag.py
[2023-03-29T03:43:48.575+0000] {logging_mixin.py:137} INFO - [2023-03-29T03:43:48.575+0000] {dag.py:2693} INFO - Sync 1 DAGs
[2023-03-29T03:43:48.595+0000] {logging_mixin.py:137} INFO - [2023-03-29T03:43:48.595+0000] {dag.py:3444} INFO - Setting next_dagrun for tutorial_dag to None, run_after=None
[2023-03-29T03:43:48.609+0000] {processor.py:175} INFO - Processing /home/airflow/.local/lib/python3.7/site-packages/airflow/example_dags/tutorial_dag.py took 0.068 seconds
[2023-03-29T03:44:19.288+0000] {processor.py:153} INFO - Started process (PID=1765) to work on /home/airflow/.local/lib/python3.7/site-packages/airflow/example_dags/tutorial_dag.py
[2023-03-29T03:44:19.291+0000] {processor.py:743} INFO - Processing file /home/airflow/.local/lib/python3.7/site-packages/airflow/example_dags/tutorial_dag.py for tasks to queue
[2023-03-29T03:44:19.292+0000] {logging_mixin.py:137} INFO - [2023-03-29T03:44:19.292+0000] {dagbag.py:532} INFO - Filling up the DagBag from /home/airflow/.local/lib/python3.7/site-packages/airflow/example_dags/tutorial_dag.py
[2023-03-29T03:44:19.306+0000] {processor.py:753} INFO - DAG(s) dict_keys(['tutorial_dag']) retrieved from /home/airflow/.local/lib/python3.7/site-packages/airflow/example_dags/tutorial_dag.py
[2023-03-29T03:44:19.351+0000] {logging_mixin.py:137} INFO - [2023-03-29T03:44:19.351+0000] {dag.py:2693} INFO - Sync 1 DAGs
[2023-03-29T03:44:19.414+0000] {logging_mixin.py:137} INFO - [2023-03-29T03:44:19.414+0000] {dag.py:3444} INFO - Setting next_dagrun for tutorial_dag to None, run_after=None
[2023-03-29T03:44:19.489+0000] {processor.py:175} INFO - Processing /home/airflow/.local/lib/python3.7/site-packages/airflow/example_dags/tutorial_dag.py took 0.204 seconds
[2023-03-29T03:44:49.639+0000] {processor.py:153} INFO - Started process (PID=1814) to work on /home/airflow/.local/lib/python3.7/site-packages/airflow/example_dags/tutorial_dag.py
[2023-03-29T03:44:49.641+0000] {processor.py:743} INFO - Processing file /home/airflow/.local/lib/python3.7/site-packages/airflow/example_dags/tutorial_dag.py for tasks to queue
[2023-03-29T03:44:49.642+0000] {logging_mixin.py:137} INFO - [2023-03-29T03:44:49.642+0000] {dagbag.py:532} INFO - Filling up the DagBag from /home/airflow/.local/lib/python3.7/site-packages/airflow/example_dags/tutorial_dag.py
[2023-03-29T03:44:49.651+0000] {processor.py:753} INFO - DAG(s) dict_keys(['tutorial_dag']) retrieved from /home/airflow/.local/lib/python3.7/site-packages/airflow/example_dags/tutorial_dag.py
[2023-03-29T03:44:49.668+0000] {logging_mixin.py:137} INFO - [2023-03-29T03:44:49.668+0000] {dag.py:2693} INFO - Sync 1 DAGs
[2023-03-29T03:44:49.683+0000] {logging_mixin.py:137} INFO - [2023-03-29T03:44:49.683+0000] {dag.py:3444} INFO - Setting next_dagrun for tutorial_dag to None, run_after=None
[2023-03-29T03:44:49.695+0000] {processor.py:175} INFO - Processing /home/airflow/.local/lib/python3.7/site-packages/airflow/example_dags/tutorial_dag.py took 0.059 seconds
[2023-03-29T03:45:20.614+0000] {processor.py:153} INFO - Started process (PID=1863) to work on /home/airflow/.local/lib/python3.7/site-packages/airflow/example_dags/tutorial_dag.py
[2023-03-29T03:45:20.616+0000] {processor.py:743} INFO - Processing file /home/airflow/.local/lib/python3.7/site-packages/airflow/example_dags/tutorial_dag.py for tasks to queue
[2023-03-29T03:45:20.618+0000] {logging_mixin.py:137} INFO - [2023-03-29T03:45:20.617+0000] {dagbag.py:532} INFO - Filling up the DagBag from /home/airflow/.local/lib/python3.7/site-packages/airflow/example_dags/tutorial_dag.py
[2023-03-29T03:45:20.629+0000] {processor.py:753} INFO - DAG(s) dict_keys(['tutorial_dag']) retrieved from /home/airflow/.local/lib/python3.7/site-packages/airflow/example_dags/tutorial_dag.py
[2023-03-29T03:45:20.648+0000] {logging_mixin.py:137} INFO - [2023-03-29T03:45:20.648+0000] {dag.py:2693} INFO - Sync 1 DAGs
[2023-03-29T03:45:20.670+0000] {logging_mixin.py:137} INFO - [2023-03-29T03:45:20.669+0000] {dag.py:3444} INFO - Setting next_dagrun for tutorial_dag to None, run_after=None
[2023-03-29T03:45:20.686+0000] {processor.py:175} INFO - Processing /home/airflow/.local/lib/python3.7/site-packages/airflow/example_dags/tutorial_dag.py took 0.074 seconds
[2023-03-29T03:45:51.134+0000] {processor.py:153} INFO - Started process (PID=1912) to work on /home/airflow/.local/lib/python3.7/site-packages/airflow/example_dags/tutorial_dag.py
[2023-03-29T03:45:51.135+0000] {processor.py:743} INFO - Processing file /home/airflow/.local/lib/python3.7/site-packages/airflow/example_dags/tutorial_dag.py for tasks to queue
[2023-03-29T03:45:51.136+0000] {logging_mixin.py:137} INFO - [2023-03-29T03:45:51.136+0000] {dagbag.py:532} INFO - Filling up the DagBag from /home/airflow/.local/lib/python3.7/site-packages/airflow/example_dags/tutorial_dag.py
[2023-03-29T03:45:51.146+0000] {processor.py:753} INFO - DAG(s) dict_keys(['tutorial_dag']) retrieved from /home/airflow/.local/lib/python3.7/site-packages/airflow/example_dags/tutorial_dag.py
[2023-03-29T03:45:51.164+0000] {logging_mixin.py:137} INFO - [2023-03-29T03:45:51.164+0000] {dag.py:2693} INFO - Sync 1 DAGs
[2023-03-29T03:45:51.180+0000] {logging_mixin.py:137} INFO - [2023-03-29T03:45:51.180+0000] {dag.py:3444} INFO - Setting next_dagrun for tutorial_dag to None, run_after=None
[2023-03-29T03:45:51.193+0000] {processor.py:175} INFO - Processing /home/airflow/.local/lib/python3.7/site-packages/airflow/example_dags/tutorial_dag.py took 0.061 seconds
[2023-03-29T03:46:21.808+0000] {processor.py:153} INFO - Started process (PID=1969) to work on /home/airflow/.local/lib/python3.7/site-packages/airflow/example_dags/tutorial_dag.py
[2023-03-29T03:46:21.812+0000] {processor.py:743} INFO - Processing file /home/airflow/.local/lib/python3.7/site-packages/airflow/example_dags/tutorial_dag.py for tasks to queue
[2023-03-29T03:46:21.814+0000] {logging_mixin.py:137} INFO - [2023-03-29T03:46:21.814+0000] {dagbag.py:532} INFO - Filling up the DagBag from /home/airflow/.local/lib/python3.7/site-packages/airflow/example_dags/tutorial_dag.py
[2023-03-29T03:46:21.824+0000] {processor.py:753} INFO - DAG(s) dict_keys(['tutorial_dag']) retrieved from /home/airflow/.local/lib/python3.7/site-packages/airflow/example_dags/tutorial_dag.py
[2023-03-29T03:46:21.842+0000] {logging_mixin.py:137} INFO - [2023-03-29T03:46:21.842+0000] {dag.py:2693} INFO - Sync 1 DAGs
[2023-03-29T03:46:21.865+0000] {logging_mixin.py:137} INFO - [2023-03-29T03:46:21.865+0000] {dag.py:3444} INFO - Setting next_dagrun for tutorial_dag to None, run_after=None
[2023-03-29T03:46:21.899+0000] {processor.py:175} INFO - Processing /home/airflow/.local/lib/python3.7/site-packages/airflow/example_dags/tutorial_dag.py took 0.095 seconds
[2023-03-29T03:46:52.494+0000] {processor.py:153} INFO - Started process (PID=2019) to work on /home/airflow/.local/lib/python3.7/site-packages/airflow/example_dags/tutorial_dag.py
[2023-03-29T03:46:52.497+0000] {processor.py:743} INFO - Processing file /home/airflow/.local/lib/python3.7/site-packages/airflow/example_dags/tutorial_dag.py for tasks to queue
[2023-03-29T03:46:52.498+0000] {logging_mixin.py:137} INFO - [2023-03-29T03:46:52.498+0000] {dagbag.py:532} INFO - Filling up the DagBag from /home/airflow/.local/lib/python3.7/site-packages/airflow/example_dags/tutorial_dag.py
[2023-03-29T03:46:52.512+0000] {processor.py:753} INFO - DAG(s) dict_keys(['tutorial_dag']) retrieved from /home/airflow/.local/lib/python3.7/site-packages/airflow/example_dags/tutorial_dag.py
[2023-03-29T03:46:52.533+0000] {logging_mixin.py:137} INFO - [2023-03-29T03:46:52.533+0000] {dag.py:2693} INFO - Sync 1 DAGs
[2023-03-29T03:46:52.551+0000] {logging_mixin.py:137} INFO - [2023-03-29T03:46:52.551+0000] {dag.py:3444} INFO - Setting next_dagrun for tutorial_dag to None, run_after=None
[2023-03-29T03:46:52.561+0000] {processor.py:175} INFO - Processing /home/airflow/.local/lib/python3.7/site-packages/airflow/example_dags/tutorial_dag.py took 0.070 seconds
[2023-03-29T03:47:23.045+0000] {processor.py:153} INFO - Started process (PID=2069) to work on /home/airflow/.local/lib/python3.7/site-packages/airflow/example_dags/tutorial_dag.py
[2023-03-29T03:47:23.046+0000] {processor.py:743} INFO - Processing file /home/airflow/.local/lib/python3.7/site-packages/airflow/example_dags/tutorial_dag.py for tasks to queue
[2023-03-29T03:47:23.048+0000] {logging_mixin.py:137} INFO - [2023-03-29T03:47:23.047+0000] {dagbag.py:532} INFO - Filling up the DagBag from /home/airflow/.local/lib/python3.7/site-packages/airflow/example_dags/tutorial_dag.py
[2023-03-29T03:47:23.058+0000] {processor.py:753} INFO - DAG(s) dict_keys(['tutorial_dag']) retrieved from /home/airflow/.local/lib/python3.7/site-packages/airflow/example_dags/tutorial_dag.py
[2023-03-29T03:47:23.078+0000] {logging_mixin.py:137} INFO - [2023-03-29T03:47:23.078+0000] {dag.py:2693} INFO - Sync 1 DAGs
[2023-03-29T03:47:23.095+0000] {logging_mixin.py:137} INFO - [2023-03-29T03:47:23.095+0000] {dag.py:3444} INFO - Setting next_dagrun for tutorial_dag to None, run_after=None
[2023-03-29T03:47:23.110+0000] {processor.py:175} INFO - Processing /home/airflow/.local/lib/python3.7/site-packages/airflow/example_dags/tutorial_dag.py took 0.068 seconds
